[2024-04-16T21:32:11.217+0000] {processor.py:161} INFO - Started process (PID=34) to work on /opt/airflow/dags/pipeline.py
[2024-04-16T21:32:11.218+0000] {processor.py:830} INFO - Processing file /opt/airflow/dags/pipeline.py for tasks to queue
[2024-04-16T21:32:11.220+0000] {logging_mixin.py:188} INFO - [2024-04-16T21:32:11.220+0000] {dagbag.py:540} INFO - Filling up the DagBag from /opt/airflow/dags/pipeline.py
[2024-04-16T21:32:11.514+0000] {processor.py:840} INFO - DAG(s) 'data_pipeline' retrieved from /opt/airflow/dags/pipeline.py
[2024-04-16T21:32:11.613+0000] {logging_mixin.py:188} INFO - [2024-04-16T21:32:11.612+0000] {dag.py:3047} INFO - Sync 1 DAGs
[2024-04-16T21:32:11.622+0000] {logging_mixin.py:188} INFO - [2024-04-16T21:32:11.622+0000] {dag.py:3834} INFO - Setting next_dagrun for data_pipeline to None, run_after=None
[2024-04-16T21:32:11.645+0000] {processor.py:183} INFO - Processing /opt/airflow/dags/pipeline.py took 0.432 seconds
[2024-04-16T21:32:42.085+0000] {processor.py:161} INFO - Started process (PID=91) to work on /opt/airflow/dags/pipeline.py
[2024-04-16T21:32:42.086+0000] {processor.py:830} INFO - Processing file /opt/airflow/dags/pipeline.py for tasks to queue
[2024-04-16T21:32:42.088+0000] {logging_mixin.py:188} INFO - [2024-04-16T21:32:42.088+0000] {dagbag.py:540} INFO - Filling up the DagBag from /opt/airflow/dags/pipeline.py
[2024-04-16T21:32:42.356+0000] {processor.py:840} INFO - DAG(s) 'data_pipeline' retrieved from /opt/airflow/dags/pipeline.py
[2024-04-16T21:32:42.374+0000] {logging_mixin.py:188} INFO - [2024-04-16T21:32:42.374+0000] {dag.py:3047} INFO - Sync 1 DAGs
[2024-04-16T21:32:42.386+0000] {logging_mixin.py:188} INFO - [2024-04-16T21:32:42.386+0000] {dag.py:3834} INFO - Setting next_dagrun for data_pipeline to None, run_after=None
[2024-04-16T21:32:42.404+0000] {processor.py:183} INFO - Processing /opt/airflow/dags/pipeline.py took 0.321 seconds
[2024-04-16T21:33:49.203+0000] {processor.py:161} INFO - Started process (PID=34) to work on /opt/airflow/dags/pipeline.py
[2024-04-16T21:33:49.205+0000] {processor.py:830} INFO - Processing file /opt/airflow/dags/pipeline.py for tasks to queue
[2024-04-16T21:33:49.206+0000] {logging_mixin.py:188} INFO - [2024-04-16T21:33:49.206+0000] {dagbag.py:540} INFO - Filling up the DagBag from /opt/airflow/dags/pipeline.py
[2024-04-16T21:33:50.232+0000] {processor.py:840} INFO - DAG(s) 'data_pipeline' retrieved from /opt/airflow/dags/pipeline.py
[2024-04-16T21:33:50.538+0000] {logging_mixin.py:188} INFO - [2024-04-16T21:33:50.538+0000] {dag.py:3047} INFO - Sync 1 DAGs
[2024-04-16T21:33:50.547+0000] {logging_mixin.py:188} INFO - [2024-04-16T21:33:50.546+0000] {dag.py:3834} INFO - Setting next_dagrun for data_pipeline to None, run_after=None
[2024-04-16T21:33:50.566+0000] {processor.py:183} INFO - Processing /opt/airflow/dags/pipeline.py took 1.366 seconds
[2024-04-16T21:34:20.657+0000] {processor.py:161} INFO - Started process (PID=94) to work on /opt/airflow/dags/pipeline.py
[2024-04-16T21:34:20.658+0000] {processor.py:830} INFO - Processing file /opt/airflow/dags/pipeline.py for tasks to queue
[2024-04-16T21:34:20.659+0000] {logging_mixin.py:188} INFO - [2024-04-16T21:34:20.659+0000] {dagbag.py:540} INFO - Filling up the DagBag from /opt/airflow/dags/pipeline.py
[2024-04-16T21:34:20.899+0000] {processor.py:840} INFO - DAG(s) 'data_pipeline' retrieved from /opt/airflow/dags/pipeline.py
[2024-04-16T21:34:20.914+0000] {logging_mixin.py:188} INFO - [2024-04-16T21:34:20.913+0000] {dag.py:3047} INFO - Sync 1 DAGs
[2024-04-16T21:34:20.925+0000] {logging_mixin.py:188} INFO - [2024-04-16T21:34:20.925+0000] {dag.py:3834} INFO - Setting next_dagrun for data_pipeline to None, run_after=None
[2024-04-16T21:34:20.942+0000] {processor.py:183} INFO - Processing /opt/airflow/dags/pipeline.py took 0.288 seconds
[2024-04-16T21:34:50.976+0000] {processor.py:161} INFO - Started process (PID=151) to work on /opt/airflow/dags/pipeline.py
[2024-04-16T21:34:50.977+0000] {processor.py:830} INFO - Processing file /opt/airflow/dags/pipeline.py for tasks to queue
[2024-04-16T21:34:50.979+0000] {logging_mixin.py:188} INFO - [2024-04-16T21:34:50.978+0000] {dagbag.py:540} INFO - Filling up the DagBag from /opt/airflow/dags/pipeline.py
[2024-04-16T21:34:51.292+0000] {processor.py:840} INFO - DAG(s) 'data_pipeline' retrieved from /opt/airflow/dags/pipeline.py
[2024-04-16T21:34:51.308+0000] {logging_mixin.py:188} INFO - [2024-04-16T21:34:51.307+0000] {dag.py:3047} INFO - Sync 1 DAGs
[2024-04-16T21:34:51.319+0000] {logging_mixin.py:188} INFO - [2024-04-16T21:34:51.319+0000] {dag.py:3834} INFO - Setting next_dagrun for data_pipeline to None, run_after=None
[2024-04-16T21:34:51.339+0000] {processor.py:183} INFO - Processing /opt/airflow/dags/pipeline.py took 0.366 seconds
[2024-04-16T21:35:21.545+0000] {processor.py:161} INFO - Started process (PID=209) to work on /opt/airflow/dags/pipeline.py
[2024-04-16T21:35:21.546+0000] {processor.py:830} INFO - Processing file /opt/airflow/dags/pipeline.py for tasks to queue
[2024-04-16T21:35:21.547+0000] {logging_mixin.py:188} INFO - [2024-04-16T21:35:21.547+0000] {dagbag.py:540} INFO - Filling up the DagBag from /opt/airflow/dags/pipeline.py
[2024-04-16T21:35:21.782+0000] {processor.py:840} INFO - DAG(s) 'data_pipeline' retrieved from /opt/airflow/dags/pipeline.py
[2024-04-16T21:35:21.797+0000] {logging_mixin.py:188} INFO - [2024-04-16T21:35:21.796+0000] {dag.py:3047} INFO - Sync 1 DAGs
[2024-04-16T21:35:21.808+0000] {logging_mixin.py:188} INFO - [2024-04-16T21:35:21.808+0000] {dag.py:3834} INFO - Setting next_dagrun for data_pipeline to None, run_after=None
[2024-04-16T21:35:21.825+0000] {processor.py:183} INFO - Processing /opt/airflow/dags/pipeline.py took 0.283 seconds
[2024-04-16T21:35:52.395+0000] {processor.py:161} INFO - Started process (PID=265) to work on /opt/airflow/dags/pipeline.py
[2024-04-16T21:35:52.396+0000] {processor.py:830} INFO - Processing file /opt/airflow/dags/pipeline.py for tasks to queue
[2024-04-16T21:35:52.398+0000] {logging_mixin.py:188} INFO - [2024-04-16T21:35:52.398+0000] {dagbag.py:540} INFO - Filling up the DagBag from /opt/airflow/dags/pipeline.py
[2024-04-16T21:35:52.644+0000] {processor.py:840} INFO - DAG(s) 'data_pipeline' retrieved from /opt/airflow/dags/pipeline.py
[2024-04-16T21:35:52.661+0000] {logging_mixin.py:188} INFO - [2024-04-16T21:35:52.660+0000] {dag.py:3047} INFO - Sync 1 DAGs
[2024-04-16T21:35:52.671+0000] {logging_mixin.py:188} INFO - [2024-04-16T21:35:52.671+0000] {dag.py:3834} INFO - Setting next_dagrun for data_pipeline to None, run_after=None
[2024-04-16T21:35:52.687+0000] {processor.py:183} INFO - Processing /opt/airflow/dags/pipeline.py took 0.295 seconds
[2024-04-16T21:36:22.992+0000] {processor.py:161} INFO - Started process (PID=322) to work on /opt/airflow/dags/pipeline.py
[2024-04-16T21:36:22.993+0000] {processor.py:830} INFO - Processing file /opt/airflow/dags/pipeline.py for tasks to queue
[2024-04-16T21:36:22.996+0000] {logging_mixin.py:188} INFO - [2024-04-16T21:36:22.995+0000] {dagbag.py:540} INFO - Filling up the DagBag from /opt/airflow/dags/pipeline.py
[2024-04-16T21:36:23.249+0000] {processor.py:840} INFO - DAG(s) 'data_pipeline' retrieved from /opt/airflow/dags/pipeline.py
[2024-04-16T21:36:23.264+0000] {logging_mixin.py:188} INFO - [2024-04-16T21:36:23.264+0000] {dag.py:3047} INFO - Sync 1 DAGs
[2024-04-16T21:36:23.275+0000] {logging_mixin.py:188} INFO - [2024-04-16T21:36:23.274+0000] {dag.py:3834} INFO - Setting next_dagrun for data_pipeline to None, run_after=None
[2024-04-16T21:36:23.291+0000] {processor.py:183} INFO - Processing /opt/airflow/dags/pipeline.py took 0.303 seconds
[2024-04-16T21:36:53.531+0000] {processor.py:161} INFO - Started process (PID=379) to work on /opt/airflow/dags/pipeline.py
[2024-04-16T21:36:53.532+0000] {processor.py:830} INFO - Processing file /opt/airflow/dags/pipeline.py for tasks to queue
[2024-04-16T21:36:53.534+0000] {logging_mixin.py:188} INFO - [2024-04-16T21:36:53.534+0000] {dagbag.py:540} INFO - Filling up the DagBag from /opt/airflow/dags/pipeline.py
[2024-04-16T21:36:53.792+0000] {processor.py:840} INFO - DAG(s) 'data_pipeline' retrieved from /opt/airflow/dags/pipeline.py
[2024-04-16T21:36:53.913+0000] {logging_mixin.py:188} INFO - [2024-04-16T21:36:53.912+0000] {dag.py:3047} INFO - Sync 1 DAGs
[2024-04-16T21:36:53.925+0000] {logging_mixin.py:188} INFO - [2024-04-16T21:36:53.924+0000] {dag.py:3834} INFO - Setting next_dagrun for data_pipeline to None, run_after=None
[2024-04-16T21:36:53.944+0000] {processor.py:183} INFO - Processing /opt/airflow/dags/pipeline.py took 0.416 seconds
[2024-04-16T21:37:24.168+0000] {processor.py:161} INFO - Started process (PID=436) to work on /opt/airflow/dags/pipeline.py
[2024-04-16T21:37:24.169+0000] {processor.py:830} INFO - Processing file /opt/airflow/dags/pipeline.py for tasks to queue
[2024-04-16T21:37:24.170+0000] {logging_mixin.py:188} INFO - [2024-04-16T21:37:24.170+0000] {dagbag.py:540} INFO - Filling up the DagBag from /opt/airflow/dags/pipeline.py
[2024-04-16T21:37:24.412+0000] {processor.py:840} INFO - DAG(s) 'data_pipeline' retrieved from /opt/airflow/dags/pipeline.py
[2024-04-16T21:37:24.431+0000] {logging_mixin.py:188} INFO - [2024-04-16T21:37:24.431+0000] {dag.py:3047} INFO - Sync 1 DAGs
[2024-04-16T21:37:24.566+0000] {logging_mixin.py:188} INFO - [2024-04-16T21:37:24.566+0000] {dag.py:3834} INFO - Setting next_dagrun for data_pipeline to None, run_after=None
[2024-04-16T21:37:24.583+0000] {processor.py:183} INFO - Processing /opt/airflow/dags/pipeline.py took 0.418 seconds
[2024-04-16T21:37:54.723+0000] {processor.py:161} INFO - Started process (PID=493) to work on /opt/airflow/dags/pipeline.py
[2024-04-16T21:37:54.724+0000] {processor.py:830} INFO - Processing file /opt/airflow/dags/pipeline.py for tasks to queue
[2024-04-16T21:37:54.726+0000] {logging_mixin.py:188} INFO - [2024-04-16T21:37:54.726+0000] {dagbag.py:540} INFO - Filling up the DagBag from /opt/airflow/dags/pipeline.py
[2024-04-16T21:37:54.973+0000] {processor.py:840} INFO - DAG(s) 'data_pipeline' retrieved from /opt/airflow/dags/pipeline.py
[2024-04-16T21:37:54.989+0000] {logging_mixin.py:188} INFO - [2024-04-16T21:37:54.989+0000] {dag.py:3047} INFO - Sync 1 DAGs
[2024-04-16T21:37:55.109+0000] {logging_mixin.py:188} INFO - [2024-04-16T21:37:55.108+0000] {dag.py:3834} INFO - Setting next_dagrun for data_pipeline to None, run_after=None
[2024-04-16T21:37:55.132+0000] {processor.py:183} INFO - Processing /opt/airflow/dags/pipeline.py took 0.411 seconds
