[2024-05-16T05:53:18.200+0000] {taskinstance.py:1979} INFO - Dependencies all met for dep_context=non-requeueable deps ti=<TaskInstance: data_pipeline.clean_data manual__2024-05-16T05:52:51.196470+00:00 [queued]>
[2024-05-16T05:53:18.213+0000] {taskinstance.py:1979} INFO - Dependencies all met for dep_context=requeueable deps ti=<TaskInstance: data_pipeline.clean_data manual__2024-05-16T05:52:51.196470+00:00 [queued]>
[2024-05-16T05:53:18.214+0000] {taskinstance.py:2193} INFO - Starting attempt 1 of 1
[2024-05-16T05:53:18.234+0000] {taskinstance.py:2217} INFO - Executing <Task(PythonOperator): clean_data> on 2024-05-16 05:52:51.196470+00:00
[2024-05-16T05:53:18.245+0000] {standard_task_runner.py:60} INFO - Started process 260 to run task
[2024-05-16T05:53:18.249+0000] {standard_task_runner.py:87} INFO - Running: ['***', 'tasks', 'run', 'data_pipeline', 'clean_data', 'manual__2024-05-16T05:52:51.196470+00:00', '--job-id', '28', '--raw', '--subdir', 'DAGS_FOLDER/pipeline.py', '--cfg-path', '/tmp/tmpmczmbxts']
[2024-05-16T05:53:18.251+0000] {standard_task_runner.py:88} INFO - Job 28: Subtask clean_data
[2024-05-16T05:53:18.313+0000] {task_command.py:423} INFO - Running <TaskInstance: data_pipeline.clean_data manual__2024-05-16T05:52:51.196470+00:00 [running]> on host 07f30c3fd53d
[2024-05-16T05:53:18.407+0000] {taskinstance.py:2513} INFO - Exporting env vars: AIRFLOW_CTX_DAG_OWNER='***' AIRFLOW_CTX_DAG_ID='data_pipeline' AIRFLOW_CTX_TASK_ID='clean_data' AIRFLOW_CTX_EXECUTION_DATE='2024-05-16T05:52:51.196470+00:00' AIRFLOW_CTX_TRY_NUMBER='1' AIRFLOW_CTX_DAG_RUN_ID='manual__2024-05-16T05:52:51.196470+00:00'
[2024-05-16T05:53:18.577+0000] {logging_mixin.py:188} INFO - Rows with duplicated addresses:
[2024-05-16T05:53:18.655+0000] {logging_mixin.py:188} INFO -                                            property_url  ...                                         alt_photos
334   https://www.realtor.com/realestateandhomes-det...  ...  http://ap.rdcpix.com/eae3c6180971f37894318566f...
420   https://www.realtor.com/realestateandhomes-det...  ...  http://ap.rdcpix.com/16a0ea479bccff7c1ecb8432d...
484   https://www.realtor.com/realestateandhomes-det...  ...  http://ap.rdcpix.com/051dcb366049bff15b5fa8006...
524   https://www.realtor.com/realestateandhomes-det...  ...  http://ap.rdcpix.com/d42093ab37398617ca26ee1f6...
595   https://www.realtor.com/realestateandhomes-det...  ...  http://ap.rdcpix.com/b434bf748bfc9599b5a0a2d5e...
616   https://www.realtor.com/realestateandhomes-det...  ...  http://ap.rdcpix.com/a35d7997c423ee58da1437c68...
704   https://www.realtor.com/realestateandhomes-det...  ...  http://ap.rdcpix.com/e0a93b076b162c25340347c3f...
720   https://www.realtor.com/realestateandhomes-det...  ...  http://ap.rdcpix.com/2089b2872765d9c93f6de0d12...
838   https://www.realtor.com/realestateandhomes-det...  ...  http://ap.rdcpix.com/fd781752852250f796b45259c...
851   https://www.realtor.com/realestateandhomes-det...  ...  http://ap.rdcpix.com/0106d98ea3761d0f5c24d55cc...
862   https://www.realtor.com/realestateandhomes-det...  ...  http://ap.rdcpix.com/70847d63db9185991f40e0de5...
867   https://www.realtor.com/realestateandhomes-det...  ...  http://ap.rdcpix.com/73c654ecd9cb904e28d9180db...
875   https://www.realtor.com/realestateandhomes-det...  ...  http://ap.rdcpix.com/d9f0b987e6f8d6b8fdf176dc4...
908   https://www.realtor.com/realestateandhomes-det...  ...  http://ap.rdcpix.com/e2aae597b9a908668522b7bff...
940   https://www.realtor.com/realestateandhomes-det...  ...  http://ap.rdcpix.com/061ba09ab624783ebd95e52b2...
950   https://www.realtor.com/realestateandhomes-det...  ...  http://ap.rdcpix.com/028c08d71028838bb5da8657d...
962   https://www.realtor.com/realestateandhomes-det...  ...  http://ap.rdcpix.com/a2a3cce66c7cd27bd36ccd2f8...
1027  https://www.realtor.com/realestateandhomes-det...  ...  http://ap.rdcpix.com/bf2276a9bfea2dc00d43bffcf...
1041  https://www.realtor.com/realestateandhomes-det...  ...  http://ap.rdcpix.com/de7af49f86420ba34668acabc...
1067  https://www.realtor.com/realestateandhomes-det...  ...  http://ap.rdcpix.com/1f0b2b89f10a87608d6386d39...
1119  https://www.realtor.com/realestateandhomes-det...  ...  http://ap.rdcpix.com/7fdab30bab7bf3b9d44fe324f...
1122  https://www.realtor.com/realestateandhomes-det...  ...  http://ap.rdcpix.com/3a522a2289c72dca412d5c5fa...
1125  https://www.realtor.com/realestateandhomes-det...  ...  http://ap.rdcpix.com/2f527027b4a0f7d46e796d099...
1150  https://www.realtor.com/realestateandhomes-det...  ...  http://ap.rdcpix.com/85c86968f7001e99403c9f700...
1167  https://www.realtor.com/realestateandhomes-det...  ...  http://ap.rdcpix.com/1684966fad1be30287cf59223...
1199  https://www.realtor.com/realestateandhomes-det...  ...  http://ap.rdcpix.com/baa40c3d9f24e5beae5da17ce...
1241  https://www.realtor.com/realestateandhomes-det...  ...                                               None
1243  https://www.realtor.com/realestateandhomes-det...  ...  http://ap.rdcpix.com/9833b7e73558345c53069011a...
1254  https://www.realtor.com/realestateandhomes-det...  ...  http://ap.rdcpix.com/26f04f1210c2338f74d26b0e2...
1289  https://www.realtor.com/realestateandhomes-det...  ...  http://ap.rdcpix.com/1a3e01e08c01259bcd1610677...
1313  https://www.realtor.com/realestateandhomes-det...  ...  http://ap.rdcpix.com/e2c91f65161c67b356211a737...
1335  https://www.realtor.com/realestateandhomes-det...  ...  http://ap.rdcpix.com/00b11b373c2dc555c9fdefc98...
1354  https://www.realtor.com/realestateandhomes-det...  ...  http://ap.rdcpix.com/a6e5bff7026449ad8f461dbac...
1457  https://www.realtor.com/realestateandhomes-det...  ...  http://ap.rdcpix.com/e885c5da67503e58c778988ad...
1486  https://www.realtor.com/realestateandhomes-det...  ...  http://ap.rdcpix.com/56f81272dd06bac7219f6e555...
1498  https://www.realtor.com/realestateandhomes-det...  ...  http://ap.rdcpix.com/9dadbb175de736ad1acce1a6b...
1526  https://www.realtor.com/realestateandhomes-det...  ...  http://ap.rdcpix.com/fe7b744ba4874cccc979bc3a5...
1527  https://www.realtor.com/realestateandhomes-det...  ...  http://ap.rdcpix.com/cf5a37efb92fbd9f5a51cbf66...
1560  https://www.realtor.com/realestateandhomes-det...  ...  http://ap.rdcpix.com/4c2cb88eb659c9f21752460a2...
1564  https://www.realtor.com/realestateandhomes-det...  ...  http://ap.rdcpix.com/526b34f932cd236f8ebd0a519...
1577  https://www.realtor.com/realestateandhomes-det...  ...  http://ap.rdcpix.com/bc9579f35f901a0611a0bee5a...
1605  https://www.realtor.com/realestateandhomes-det...  ...  http://ap.rdcpix.com/b86f35480897d8456bafd2f6d...
1607  https://www.realtor.com/realestateandhomes-det...  ...  http://ap.rdcpix.com/56baaa595b358803fd2bb6ea8...

[43 rows x 43 columns]
[2024-05-16T05:53:18.659+0000] {logging_mixin.py:188} INFO - Cleaning data completed
[2024-05-16T05:53:19.033+0000] {python.py:202} INFO - Done. Returned value was:                                            property_url  ...                                         alt_photos
0     https://www.realtor.com/realestateandhomes-det...  ...  http://ap.rdcpix.com/8f8ce42e7c943c94bc755b5ba...
1     https://www.realtor.com/realestateandhomes-det...  ...  http://ap.rdcpix.com/cf949a59651d6a72ea781b17c...
2     https://www.realtor.com/realestateandhomes-det...  ...  http://ap.rdcpix.com/67ecd2a7dd7067291ae8a8793...
3     https://www.realtor.com/realestateandhomes-det...  ...  http://ap.rdcpix.com/7c503573607ef82ac0c91a69b...
4     https://www.realtor.com/realestateandhomes-det...  ...  http://ap.rdcpix.com/5323b3f737dcfe579c705b769...
...                                                 ...  ...                                                ...
1608  https://www.realtor.com/realestateandhomes-det...  ...  http://ap.rdcpix.com/856237c5db8bd39276457a577...
1609  https://www.realtor.com/realestateandhomes-det...  ...  http://ap.rdcpix.com/413f79c90a410d2279b631392...
1610  https://www.realtor.com/realestateandhomes-det...  ...  http://ap.rdcpix.com/0d1ab34ec845f064c39c11e07...
1611  https://www.realtor.com/realestateandhomes-det...  ...  http://ap.rdcpix.com/b038b72708577d9811cadce88...
1612  https://www.realtor.com/realestateandhomes-det...  ...  http://ap.rdcpix.com/724d4e1302144b8e0605ab2a2...

[1570 rows x 43 columns]
[2024-05-16T05:53:19.371+0000] {taskinstance.py:1149} INFO - Marking task as SUCCESS. dag_id=data_pipeline, task_id=clean_data, execution_date=20240516T055251, start_date=20240516T055318, end_date=20240516T055319
[2024-05-16T05:53:19.429+0000] {local_task_job_runner.py:234} INFO - Task exited with return code 0
[2024-05-16T05:53:19.458+0000] {taskinstance.py:3312} INFO - 1 downstream tasks scheduled from follow-on schedule check
