[2024-04-16T21:34:54.756+0000] {taskinstance.py:1979} INFO - Dependencies all met for dep_context=non-requeueable deps ti=<TaskInstance: data_pipeline.clean_data manual__2024-04-16T21:34:44.705139+00:00 [queued]>
[2024-04-16T21:34:54.764+0000] {taskinstance.py:1979} INFO - Dependencies all met for dep_context=requeueable deps ti=<TaskInstance: data_pipeline.clean_data manual__2024-04-16T21:34:44.705139+00:00 [queued]>
[2024-04-16T21:34:54.765+0000] {taskinstance.py:2193} INFO - Starting attempt 1 of 1
[2024-04-16T21:34:54.776+0000] {taskinstance.py:2217} INFO - Executing <Task(PythonOperator): clean_data> on 2024-04-16 21:34:44.705139+00:00
[2024-04-16T21:34:54.781+0000] {standard_task_runner.py:60} INFO - Started process 79 to run task
[2024-04-16T21:34:54.784+0000] {standard_task_runner.py:87} INFO - Running: ['***', 'tasks', 'run', 'data_pipeline', 'clean_data', 'manual__2024-04-16T21:34:44.705139+00:00', '--job-id', '192', '--raw', '--subdir', 'DAGS_FOLDER/pipeline.py', '--cfg-path', '/tmp/tmp9naxa9z0']
[2024-04-16T21:34:54.785+0000] {standard_task_runner.py:88} INFO - Job 192: Subtask clean_data
[2024-04-16T21:34:54.824+0000] {task_command.py:423} INFO - Running <TaskInstance: data_pipeline.clean_data manual__2024-04-16T21:34:44.705139+00:00 [running]> on host 4167884b51ff
[2024-04-16T21:34:54.888+0000] {taskinstance.py:2513} INFO - Exporting env vars: AIRFLOW_CTX_DAG_OWNER='***' AIRFLOW_CTX_DAG_ID='data_pipeline' AIRFLOW_CTX_TASK_ID='clean_data' AIRFLOW_CTX_EXECUTION_DATE='2024-04-16T21:34:44.705139+00:00' AIRFLOW_CTX_TRY_NUMBER='1' AIRFLOW_CTX_DAG_RUN_ID='manual__2024-04-16T21:34:44.705139+00:00'
[2024-04-16T21:34:54.962+0000] {logging_mixin.py:188} INFO - Rows with duplicated addresses:
[2024-04-16T21:34:55.001+0000] {logging_mixin.py:188} INFO -                                            property_url  ...                                         alt_photos
68    https://www.realtor.com/realestateandhomes-det...  ...  http://ap.rdcpix.com/055fb1c057093b87b611d8a0c...
165   https://www.realtor.com/realestateandhomes-det...  ...  http://ap.rdcpix.com/0e73edd00f8377f9e74507b98...
260   https://www.realtor.com/realestateandhomes-det...  ...  http://ap.rdcpix.com/6b94bbc3cea6b06a20298777e...
323   https://www.realtor.com/realestateandhomes-det...  ...  http://ap.rdcpix.com/10005da2f17ec1df2f82d9366...
343   https://www.realtor.com/realestateandhomes-det...  ...                                                   
391   https://www.realtor.com/realestateandhomes-det...  ...  http://ap.rdcpix.com/e4c9cc7e1990ab3260f92895f...
452   https://www.realtor.com/realestateandhomes-det...  ...  http://ap.rdcpix.com/a3a1479111d2fcbbe1836a421...
503   https://www.realtor.com/realestateandhomes-det...  ...  http://ap.rdcpix.com/3ea2b93e08d20d938f387fc67...
507   https://www.realtor.com/realestateandhomes-det...  ...  http://ap.rdcpix.com/bae37d469414a59bafa8b932d...
652   https://www.realtor.com/realestateandhomes-det...  ...  http://ap.rdcpix.com/a42958cceef1f69f5fec2ff95...
659   https://www.realtor.com/realestateandhomes-det...  ...  http://ap.rdcpix.com/5fd8edcdbcd972257135d88ee...
667   https://www.realtor.com/realestateandhomes-det...  ...  http://ap.rdcpix.com/d37ca72262e5e7032bae9a43f...
712   https://www.realtor.com/realestateandhomes-det...  ...  http://ap.rdcpix.com/fdcdb0ad8f08a68efaff1ab13...
714   https://www.realtor.com/realestateandhomes-det...  ...  http://ap.rdcpix.com/78b35b214bcf00b9d953de913...
757   https://www.realtor.com/realestateandhomes-det...  ...  http://ap.rdcpix.com/9995c601cf384b28019e5f0da...
788   https://www.realtor.com/realestateandhomes-det...  ...  http://ap.rdcpix.com/c3b40e657062aadaf2e9a7516...
793   https://www.realtor.com/realestateandhomes-det...  ...  http://ap.rdcpix.com/1b3aebe844c453062c8e56266...
811   https://www.realtor.com/realestateandhomes-det...  ...  http://ap.rdcpix.com/1e7d38b5fb13a7680e53d96e0...
899   https://www.realtor.com/realestateandhomes-det...  ...  http://ap.rdcpix.com/aed80163b00816a94a7a484ab...
970   https://www.realtor.com/realestateandhomes-det...  ...  http://ap.rdcpix.com/3e0480791207a4d6a6982b291...
1003  https://www.realtor.com/realestateandhomes-det...  ...  http://ap.rdcpix.com/d6b2ef205dfacd7985b911c59...
1025  https://www.realtor.com/realestateandhomes-det...  ...  http://ap.rdcpix.com/bdba3ff3bd5f2fafc5207bba0...
1047  https://www.realtor.com/realestateandhomes-det...  ...  http://ap.rdcpix.com/c731c8a74bdad3b5e4c8ff74e...
1162  https://www.realtor.com/realestateandhomes-det...  ...  http://ap.rdcpix.com/d1220d811f395a9fe1a7a7249...
1189  https://www.realtor.com/realestateandhomes-det...  ...  http://ap.rdcpix.com/c02f77753dad9d4c43eb29d5f...
1219  https://www.realtor.com/realestateandhomes-det...  ...  http://ap.rdcpix.com/aea2f6ff3fdd87bb9810abafb...
1238  https://www.realtor.com/realestateandhomes-det...  ...  http://ap.rdcpix.com/4d803fe1254342d802b9a2f2d...
1248  https://www.realtor.com/realestateandhomes-det...  ...  http://ap.rdcpix.com/fb4462a42d5d675ed99fca608...
1307  https://www.realtor.com/realestateandhomes-det...  ...  http://ap.rdcpix.com/79f92f60ea126875f37dff03a...
1310  https://www.realtor.com/realestateandhomes-det...  ...  http://ap.rdcpix.com/5d0a0e397d1ef6ee17286f36e...
1370  https://www.realtor.com/realestateandhomes-det...  ...  http://ap.rdcpix.com/8e50fa586f89302945ceb7de1...
1382  https://www.realtor.com/realestateandhomes-det...  ...  http://ap.rdcpix.com/e0d07219583508c53740517cc...
1407  https://www.realtor.com/realestateandhomes-det...  ...  http://ap.rdcpix.com/f2a4d38c4348af90b748b13e4...
1414  https://www.realtor.com/realestateandhomes-det...  ...  http://ap.rdcpix.com/8cfcf238a4ae00f7e19009675...
1427  https://www.realtor.com/realestateandhomes-det...  ...  http://ap.rdcpix.com/8e354a55638248e063ca8e5bf...
1443  https://www.realtor.com/realestateandhomes-det...  ...  http://ap.rdcpix.com/5e3d853f77be1722646563843...
1513  https://www.realtor.com/realestateandhomes-det...  ...  http://ap.rdcpix.com/2aeca8c9393d26a94cde5c208...
1516  https://www.realtor.com/realestateandhomes-det...  ...  http://ap.rdcpix.com/ba3c1b31ab280778ebed8b62e...
1534  https://www.realtor.com/realestateandhomes-det...  ...  http://ap.rdcpix.com/380238150b11ab859f38fa11f...
1543  https://www.realtor.com/realestateandhomes-det...  ...  http://ap.rdcpix.com/fd3b333465a8366dfda924c7f...
1560  https://www.realtor.com/realestateandhomes-det...  ...  http://ap.rdcpix.com/896b018068d152c7cf88d7c9a...

[41 rows x 29 columns]
[2024-04-16T21:34:55.003+0000] {logging_mixin.py:188} INFO - Cleaning data completed
[2024-04-16T21:34:55.089+0000] {python.py:202} INFO - Done. Returned value was:                                            property_url  ...                                         alt_photos
0     https://www.realtor.com/realestateandhomes-det...  ...  http://ap.rdcpix.com/a0a5d98b916ac1be47740ca4a...
1     https://www.realtor.com/realestateandhomes-det...  ...  http://ap.rdcpix.com/aca59076a03d32b7fe8413a0b...
2     https://www.realtor.com/realestateandhomes-det...  ...  http://ap.rdcpix.com/cc9695b2a8d1c5ae5558f378f...
3     https://www.realtor.com/realestateandhomes-det...  ...  http://ap.rdcpix.com/f8d2015b3ca99fac4eaeefdc7...
4     https://www.realtor.com/realestateandhomes-det...  ...  http://ap.rdcpix.com/1bc239c03bfb443dd6b591d50...
...                                                 ...  ...                                                ...
1599  https://www.realtor.com/realestateandhomes-det...  ...  http://ap.rdcpix.com/08379acddfa6d763d0cfe44ab...
1600  https://www.realtor.com/realestateandhomes-det...  ...  http://ap.rdcpix.com/54f3549a2640de61791dde94d...
1601  https://www.realtor.com/realestateandhomes-det...  ...  http://ap.rdcpix.com/a54924ae3646c660398a32354...
1602  https://www.realtor.com/realestateandhomes-det...  ...  http://ap.rdcpix.com/668579fcd74a40302748583d6...
1603  https://www.realtor.com/realestateandhomes-det...  ...  http://ap.rdcpix.com/6eca211a7731fdcc0978d3abf...

[1563 rows x 29 columns]
[2024-04-16T21:34:55.200+0000] {taskinstance.py:1149} INFO - Marking task as SUCCESS. dag_id=data_pipeline, task_id=clean_data, execution_date=20240416T213444, start_date=20240416T213454, end_date=20240416T213455
[2024-04-16T21:34:55.237+0000] {local_task_job_runner.py:234} INFO - Task exited with return code 0
[2024-04-16T21:34:55.256+0000] {taskinstance.py:3312} INFO - 1 downstream tasks scheduled from follow-on schedule check
