[2024-04-16T21:34:47.520+0000] {taskinstance.py:1979} INFO - Dependencies all met for dep_context=non-requeueable deps ti=<TaskInstance: data_pipeline.acquire_data manual__2024-04-16T21:34:44.705139+00:00 [queued]>
[2024-04-16T21:34:47.525+0000] {taskinstance.py:1979} INFO - Dependencies all met for dep_context=requeueable deps ti=<TaskInstance: data_pipeline.acquire_data manual__2024-04-16T21:34:44.705139+00:00 [queued]>
[2024-04-16T21:34:47.526+0000] {taskinstance.py:2193} INFO - Starting attempt 1 of 1
[2024-04-16T21:34:47.536+0000] {taskinstance.py:2217} INFO - Executing <Task(PythonOperator): acquire_data> on 2024-04-16 21:34:44.705139+00:00
[2024-04-16T21:34:47.541+0000] {standard_task_runner.py:60} INFO - Started process 68 to run task
[2024-04-16T21:34:47.544+0000] {standard_task_runner.py:87} INFO - Running: ['***', 'tasks', 'run', 'data_pipeline', 'acquire_data', 'manual__2024-04-16T21:34:44.705139+00:00', '--job-id', '191', '--raw', '--subdir', 'DAGS_FOLDER/pipeline.py', '--cfg-path', '/tmp/tmpjdjwr8c4']
[2024-04-16T21:34:47.546+0000] {standard_task_runner.py:88} INFO - Job 191: Subtask acquire_data
[2024-04-16T21:34:47.591+0000] {task_command.py:423} INFO - Running <TaskInstance: data_pipeline.acquire_data manual__2024-04-16T21:34:44.705139+00:00 [running]> on host 4167884b51ff
[2024-04-16T21:34:47.654+0000] {taskinstance.py:2513} INFO - Exporting env vars: AIRFLOW_CTX_DAG_OWNER='***' AIRFLOW_CTX_DAG_ID='data_pipeline' AIRFLOW_CTX_TASK_ID='acquire_data' AIRFLOW_CTX_EXECUTION_DATE='2024-04-16T21:34:44.705139+00:00' AIRFLOW_CTX_TRY_NUMBER='1' AIRFLOW_CTX_DAG_RUN_ID='manual__2024-04-16T21:34:44.705139+00:00'
[2024-04-16T21:34:52.837+0000] {python.py:202} INFO - Done. Returned value was:                                            property_url  ...                                         alt_photos
0     https://www.realtor.com/realestateandhomes-det...  ...  http://ap.rdcpix.com/a0a5d98b916ac1be47740ca4a...
1     https://www.realtor.com/realestateandhomes-det...  ...  http://ap.rdcpix.com/aca59076a03d32b7fe8413a0b...
2     https://www.realtor.com/realestateandhomes-det...  ...  http://ap.rdcpix.com/cc9695b2a8d1c5ae5558f378f...
3     https://www.realtor.com/realestateandhomes-det...  ...  http://ap.rdcpix.com/f8d2015b3ca99fac4eaeefdc7...
4     https://www.realtor.com/realestateandhomes-det...  ...  http://ap.rdcpix.com/1bc239c03bfb443dd6b591d50...
...                                                 ...  ...                                                ...
1599  https://www.realtor.com/realestateandhomes-det...  ...  http://ap.rdcpix.com/08379acddfa6d763d0cfe44ab...
1600  https://www.realtor.com/realestateandhomes-det...  ...  http://ap.rdcpix.com/54f3549a2640de61791dde94d...
1601  https://www.realtor.com/realestateandhomes-det...  ...  http://ap.rdcpix.com/a54924ae3646c660398a32354...
1602  https://www.realtor.com/realestateandhomes-det...  ...  http://ap.rdcpix.com/668579fcd74a40302748583d6...
1603  https://www.realtor.com/realestateandhomes-det...  ...  http://ap.rdcpix.com/6eca211a7731fdcc0978d3abf...

[1604 rows x 29 columns]
[2024-04-16T21:34:53.012+0000] {taskinstance.py:1149} INFO - Marking task as SUCCESS. dag_id=data_pipeline, task_id=acquire_data, execution_date=20240416T213444, start_date=20240416T213447, end_date=20240416T213453
[2024-04-16T21:34:53.050+0000] {local_task_job_runner.py:234} INFO - Task exited with return code 0
[2024-04-16T21:34:53.068+0000] {taskinstance.py:3312} INFO - 1 downstream tasks scheduled from follow-on schedule check
