[2024-05-16T05:38:07.585+0000] {taskinstance.py:1979} INFO - Dependencies all met for dep_context=non-requeueable deps ti=<TaskInstance: data_pipeline.acquire_data manual__2024-05-16T05:38:05.794996+00:00 [queued]>
[2024-05-16T05:38:07.599+0000] {taskinstance.py:1979} INFO - Dependencies all met for dep_context=requeueable deps ti=<TaskInstance: data_pipeline.acquire_data manual__2024-05-16T05:38:05.794996+00:00 [queued]>
[2024-05-16T05:38:07.601+0000] {taskinstance.py:2193} INFO - Starting attempt 1 of 1
[2024-05-16T05:38:07.622+0000] {taskinstance.py:2217} INFO - Executing <Task(PythonOperator): acquire_data> on 2024-05-16 05:38:05.794996+00:00
[2024-05-16T05:38:07.639+0000] {standard_task_runner.py:87} INFO - Running: ['***', 'tasks', 'run', 'data_pipeline', 'acquire_data', 'manual__2024-05-16T05:38:05.794996+00:00', '--job-id', '15', '--raw', '--subdir', 'DAGS_FOLDER/pipeline.py', '--cfg-path', '/tmp/tmpblojfg1n']
[2024-05-16T05:38:07.641+0000] {standard_task_runner.py:88} INFO - Job 15: Subtask acquire_data
[2024-05-16T05:38:07.630+0000] {standard_task_runner.py:60} INFO - Started process 7573 to run task
[2024-05-16T05:38:07.725+0000] {task_command.py:423} INFO - Running <TaskInstance: data_pipeline.acquire_data manual__2024-05-16T05:38:05.794996+00:00 [running]> on host e7ad39e8aa43
[2024-05-16T05:38:07.851+0000] {taskinstance.py:2513} INFO - Exporting env vars: AIRFLOW_CTX_DAG_OWNER='***' AIRFLOW_CTX_DAG_ID='data_pipeline' AIRFLOW_CTX_TASK_ID='acquire_data' AIRFLOW_CTX_EXECUTION_DATE='2024-05-16T05:38:05.794996+00:00' AIRFLOW_CTX_TRY_NUMBER='1' AIRFLOW_CTX_DAG_RUN_ID='manual__2024-05-16T05:38:05.794996+00:00'
[2024-05-16T05:38:12.225+0000] {connectionpool.py:331} WARNING - Connection pool is full, discarding connection: graph.realtor.com. Connection pool size: 10
[2024-05-16T05:38:12.249+0000] {connectionpool.py:331} WARNING - Connection pool is full, discarding connection: graph.realtor.com. Connection pool size: 10
[2024-05-16T05:38:12.257+0000] {connectionpool.py:331} WARNING - Connection pool is full, discarding connection: graph.realtor.com. Connection pool size: 10
[2024-05-16T05:38:12.259+0000] {connectionpool.py:331} WARNING - Connection pool is full, discarding connection: graph.realtor.com. Connection pool size: 10
[2024-05-16T05:38:12.263+0000] {connectionpool.py:331} WARNING - Connection pool is full, discarding connection: graph.realtor.com. Connection pool size: 10
[2024-05-16T05:38:12.268+0000] {connectionpool.py:331} WARNING - Connection pool is full, discarding connection: graph.realtor.com. Connection pool size: 10
[2024-05-16T05:38:12.301+0000] {connectionpool.py:331} WARNING - Connection pool is full, discarding connection: graph.realtor.com. Connection pool size: 10
[2024-05-16T05:38:12.308+0000] {connectionpool.py:331} WARNING - Connection pool is full, discarding connection: graph.realtor.com. Connection pool size: 10
[2024-05-16T05:38:12.324+0000] {connectionpool.py:331} WARNING - Connection pool is full, discarding connection: graph.realtor.com. Connection pool size: 10
[2024-05-16T05:38:12.390+0000] {connectionpool.py:331} WARNING - Connection pool is full, discarding connection: graph.realtor.com. Connection pool size: 10
[2024-05-16T05:38:14.552+0000] {connectionpool.py:331} WARNING - Connection pool is full, discarding connection: graph.realtor.com. Connection pool size: 10
[2024-05-16T05:38:14.555+0000] {connectionpool.py:331} WARNING - Connection pool is full, discarding connection: graph.realtor.com. Connection pool size: 10
[2024-05-16T05:38:14.577+0000] {connectionpool.py:331} WARNING - Connection pool is full, discarding connection: graph.realtor.com. Connection pool size: 9
[2024-05-16T05:38:14.580+0000] {connectionpool.py:331} WARNING - Connection pool is full, discarding connection: graph.realtor.com. Connection pool size: 9
[2024-05-16T05:38:14.590+0000] {connectionpool.py:331} WARNING - Connection pool is full, discarding connection: graph.realtor.com. Connection pool size: 10
[2024-05-16T05:38:14.593+0000] {connectionpool.py:331} WARNING - Connection pool is full, discarding connection: graph.realtor.com. Connection pool size: 10
[2024-05-16T05:38:14.595+0000] {connectionpool.py:331} WARNING - Connection pool is full, discarding connection: graph.realtor.com. Connection pool size: 10
[2024-05-16T05:38:14.564+0000] {connectionpool.py:331} WARNING - Connection pool is full, discarding connection: graph.realtor.com. Connection pool size: 10
[2024-05-16T05:38:14.614+0000] {connectionpool.py:331} WARNING - Connection pool is full, discarding connection: graph.realtor.com. Connection pool size: 6
[2024-05-16T05:38:14.685+0000] {connectionpool.py:331} WARNING - Connection pool is full, discarding connection: graph.realtor.com. Connection pool size: 10
[2024-05-16T05:38:14.718+0000] {connectionpool.py:331} WARNING - Connection pool is full, discarding connection: graph.realtor.com. Connection pool size: 10
[2024-05-16T05:38:14.721+0000] {connectionpool.py:331} WARNING - Connection pool is full, discarding connection: graph.realtor.com. Connection pool size: 10
[2024-05-16T05:38:14.724+0000] {connectionpool.py:331} WARNING - Connection pool is full, discarding connection: graph.realtor.com. Connection pool size: 10
[2024-05-16T05:38:14.993+0000] {connectionpool.py:331} WARNING - Connection pool is full, discarding connection: graph.realtor.com. Connection pool size: 10
[2024-05-16T05:38:15.001+0000] {connectionpool.py:331} WARNING - Connection pool is full, discarding connection: graph.realtor.com. Connection pool size: 10
[2024-05-16T05:38:15.003+0000] {connectionpool.py:331} WARNING - Connection pool is full, discarding connection: graph.realtor.com. Connection pool size: 10
[2024-05-16T05:38:15.035+0000] {connectionpool.py:331} WARNING - Connection pool is full, discarding connection: graph.realtor.com. Connection pool size: 10
[2024-05-16T05:38:15.047+0000] {connectionpool.py:331} WARNING - Connection pool is full, discarding connection: graph.realtor.com. Connection pool size: 10
[2024-05-16T05:38:15.057+0000] {connectionpool.py:331} WARNING - Connection pool is full, discarding connection: graph.realtor.com. Connection pool size: 10
[2024-05-16T05:38:15.066+0000] {connectionpool.py:331} WARNING - Connection pool is full, discarding connection: graph.realtor.com. Connection pool size: 9
[2024-05-16T05:38:15.054+0000] {connectionpool.py:331} WARNING - Connection pool is full, discarding connection: graph.realtor.com. Connection pool size: 10
[2024-05-16T05:38:15.076+0000] {connectionpool.py:331} WARNING - Connection pool is full, discarding connection: graph.realtor.com. Connection pool size: 9
[2024-05-16T05:38:15.083+0000] {connectionpool.py:331} WARNING - Connection pool is full, discarding connection: graph.realtor.com. Connection pool size: 8
[2024-05-16T05:38:15.093+0000] {connectionpool.py:331} WARNING - Connection pool is full, discarding connection: graph.realtor.com. Connection pool size: 10
[2024-05-16T05:38:15.098+0000] {connectionpool.py:331} WARNING - Connection pool is full, discarding connection: graph.realtor.com. Connection pool size: 10
[2024-05-16T05:38:15.123+0000] {connectionpool.py:331} WARNING - Connection pool is full, discarding connection: graph.realtor.com. Connection pool size: 10
[2024-05-16T05:38:15.053+0000] {connectionpool.py:331} WARNING - Connection pool is full, discarding connection: graph.realtor.com. Connection pool size: 10
[2024-05-16T05:38:15.151+0000] {connectionpool.py:331} WARNING - Connection pool is full, discarding connection: graph.realtor.com. Connection pool size: 9
[2024-05-16T05:38:15.135+0000] {connectionpool.py:331} WARNING - Connection pool is full, discarding connection: graph.realtor.com. Connection pool size: 10
[2024-05-16T05:38:15.156+0000] {connectionpool.py:331} WARNING - Connection pool is full, discarding connection: graph.realtor.com. Connection pool size: 9
[2024-05-16T05:38:15.162+0000] {connectionpool.py:331} WARNING - Connection pool is full, discarding connection: graph.realtor.com. Connection pool size: 10
[2024-05-16T05:38:15.126+0000] {connectionpool.py:331} WARNING - Connection pool is full, discarding connection: graph.realtor.com. Connection pool size: 10
[2024-05-16T05:38:15.188+0000] {connectionpool.py:331} WARNING - Connection pool is full, discarding connection: graph.realtor.com. Connection pool size: 9
[2024-05-16T05:38:15.183+0000] {connectionpool.py:331} WARNING - Connection pool is full, discarding connection: graph.realtor.com. Connection pool size: 10
[2024-05-16T05:38:16.014+0000] {connectionpool.py:331} WARNING - Connection pool is full, discarding connection: graph.realtor.com. Connection pool size: 10
[2024-05-16T05:38:15.985+0000] {connectionpool.py:331} WARNING - Connection pool is full, discarding connection: graph.realtor.com. Connection pool size: 10
[2024-05-16T05:38:16.016+0000] {connectionpool.py:331} WARNING - Connection pool is full, discarding connection: graph.realtor.com. Connection pool size: 10
[2024-05-16T05:38:16.048+0000] {connectionpool.py:331} WARNING - Connection pool is full, discarding connection: graph.realtor.com. Connection pool size: 7
[2024-05-16T05:38:16.025+0000] {connectionpool.py:331} WARNING - Connection pool is full, discarding connection: graph.realtor.com. Connection pool size: 10
[2024-05-16T05:38:16.317+0000] {connectionpool.py:331} WARNING - Connection pool is full, discarding connection: graph.realtor.com. Connection pool size: 10
[2024-05-16T05:38:16.322+0000] {connectionpool.py:331} WARNING - Connection pool is full, discarding connection: graph.realtor.com. Connection pool size: 10
[2024-05-16T05:38:16.334+0000] {connectionpool.py:331} WARNING - Connection pool is full, discarding connection: graph.realtor.com. Connection pool size: 10
[2024-05-16T05:38:16.337+0000] {connectionpool.py:331} WARNING - Connection pool is full, discarding connection: graph.realtor.com. Connection pool size: 10
[2024-05-16T05:38:16.341+0000] {connectionpool.py:331} WARNING - Connection pool is full, discarding connection: graph.realtor.com. Connection pool size: 10
[2024-05-16T05:38:16.345+0000] {connectionpool.py:331} WARNING - Connection pool is full, discarding connection: graph.realtor.com. Connection pool size: 10
[2024-05-16T05:38:16.355+0000] {connectionpool.py:331} WARNING - Connection pool is full, discarding connection: graph.realtor.com. Connection pool size: 10
[2024-05-16T05:38:16.357+0000] {connectionpool.py:331} WARNING - Connection pool is full, discarding connection: graph.realtor.com. Connection pool size: 10
[2024-05-16T05:38:16.463+0000] {connectionpool.py:331} WARNING - Connection pool is full, discarding connection: graph.realtor.com. Connection pool size: 10
[2024-05-16T05:38:16.469+0000] {connectionpool.py:331} WARNING - Connection pool is full, discarding connection: graph.realtor.com. Connection pool size: 9
[2024-05-16T05:38:16.477+0000] {connectionpool.py:331} WARNING - Connection pool is full, discarding connection: graph.realtor.com. Connection pool size: 7
[2024-05-16T05:38:16.460+0000] {connectionpool.py:331} WARNING - Connection pool is full, discarding connection: graph.realtor.com. Connection pool size: 10
[2024-05-16T05:38:16.704+0000] {connectionpool.py:331} WARNING - Connection pool is full, discarding connection: graph.realtor.com. Connection pool size: 9
[2024-05-16T05:38:16.932+0000] {connectionpool.py:331} WARNING - Connection pool is full, discarding connection: graph.realtor.com. Connection pool size: 10
[2024-05-16T05:38:16.959+0000] {connectionpool.py:331} WARNING - Connection pool is full, discarding connection: graph.realtor.com. Connection pool size: 10
[2024-05-16T05:38:16.964+0000] {connectionpool.py:331} WARNING - Connection pool is full, discarding connection: graph.realtor.com. Connection pool size: 10
[2024-05-16T05:38:16.968+0000] {connectionpool.py:331} WARNING - Connection pool is full, discarding connection: graph.realtor.com. Connection pool size: 10
[2024-05-16T05:38:16.975+0000] {connectionpool.py:331} WARNING - Connection pool is full, discarding connection: graph.realtor.com. Connection pool size: 10
[2024-05-16T05:38:17.000+0000] {connectionpool.py:331} WARNING - Connection pool is full, discarding connection: graph.realtor.com. Connection pool size: 10
[2024-05-16T05:38:17.003+0000] {connectionpool.py:331} WARNING - Connection pool is full, discarding connection: graph.realtor.com. Connection pool size: 10
[2024-05-16T05:38:16.962+0000] {connectionpool.py:331} WARNING - Connection pool is full, discarding connection: graph.realtor.com. Connection pool size: 10
[2024-05-16T05:38:17.018+0000] {connectionpool.py:331} WARNING - Connection pool is full, discarding connection: graph.realtor.com. Connection pool size: 9
[2024-05-16T05:38:17.031+0000] {connectionpool.py:331} WARNING - Connection pool is full, discarding connection: graph.realtor.com. Connection pool size: 10
[2024-05-16T05:38:17.033+0000] {connectionpool.py:331} WARNING - Connection pool is full, discarding connection: graph.realtor.com. Connection pool size: 10
[2024-05-16T05:38:17.051+0000] {connectionpool.py:331} WARNING - Connection pool is full, discarding connection: graph.realtor.com. Connection pool size: 10
[2024-05-16T05:38:17.058+0000] {connectionpool.py:331} WARNING - Connection pool is full, discarding connection: graph.realtor.com. Connection pool size: 10
[2024-05-16T05:38:17.066+0000] {connectionpool.py:331} WARNING - Connection pool is full, discarding connection: graph.realtor.com. Connection pool size: 10
[2024-05-16T05:38:17.075+0000] {connectionpool.py:331} WARNING - Connection pool is full, discarding connection: graph.realtor.com. Connection pool size: 10
[2024-05-16T05:38:17.079+0000] {connectionpool.py:331} WARNING - Connection pool is full, discarding connection: graph.realtor.com. Connection pool size: 10
[2024-05-16T05:38:17.081+0000] {connectionpool.py:331} WARNING - Connection pool is full, discarding connection: graph.realtor.com. Connection pool size: 10
[2024-05-16T05:38:17.098+0000] {connectionpool.py:331} WARNING - Connection pool is full, discarding connection: graph.realtor.com. Connection pool size: 9
[2024-05-16T05:38:17.101+0000] {connectionpool.py:331} WARNING - Connection pool is full, discarding connection: graph.realtor.com. Connection pool size: 8
[2024-05-16T05:38:17.037+0000] {connectionpool.py:331} WARNING - Connection pool is full, discarding connection: graph.realtor.com. Connection pool size: 7
[2024-05-16T05:38:17.062+0000] {connectionpool.py:331} WARNING - Connection pool is full, discarding connection: graph.realtor.com. Connection pool size: 10
[2024-05-16T05:38:17.119+0000] {connectionpool.py:331} WARNING - Connection pool is full, discarding connection: graph.realtor.com. Connection pool size: 9
[2024-05-16T05:38:17.144+0000] {connectionpool.py:331} WARNING - Connection pool is full, discarding connection: graph.realtor.com. Connection pool size: 6
[2024-05-16T05:38:17.059+0000] {connectionpool.py:331} WARNING - Connection pool is full, discarding connection: graph.realtor.com. Connection pool size: 10
[2024-05-16T05:38:17.575+0000] {connectionpool.py:331} WARNING - Connection pool is full, discarding connection: graph.realtor.com. Connection pool size: 9
[2024-05-16T05:38:17.582+0000] {connectionpool.py:331} WARNING - Connection pool is full, discarding connection: graph.realtor.com. Connection pool size: 9
[2024-05-16T05:38:17.599+0000] {connectionpool.py:331} WARNING - Connection pool is full, discarding connection: graph.realtor.com. Connection pool size: 8
[2024-05-16T05:38:17.636+0000] {connectionpool.py:331} WARNING - Connection pool is full, discarding connection: graph.realtor.com. Connection pool size: 1
[2024-05-16T05:38:17.640+0000] {connectionpool.py:331} WARNING - Connection pool is full, discarding connection: graph.realtor.com. Connection pool size: 1
[2024-05-16T05:38:18.283+0000] {connectionpool.py:331} WARNING - Connection pool is full, discarding connection: graph.realtor.com. Connection pool size: 10
[2024-05-16T05:38:18.293+0000] {connectionpool.py:331} WARNING - Connection pool is full, discarding connection: graph.realtor.com. Connection pool size: 8
[2024-05-16T05:38:18.305+0000] {connectionpool.py:331} WARNING - Connection pool is full, discarding connection: graph.realtor.com. Connection pool size: 10
[2024-05-16T05:38:18.325+0000] {connectionpool.py:331} WARNING - Connection pool is full, discarding connection: graph.realtor.com. Connection pool size: 10
[2024-05-16T05:38:18.343+0000] {connectionpool.py:331} WARNING - Connection pool is full, discarding connection: graph.realtor.com. Connection pool size: 8
[2024-05-16T05:38:18.360+0000] {connectionpool.py:331} WARNING - Connection pool is full, discarding connection: graph.realtor.com. Connection pool size: 5
[2024-05-16T05:38:18.285+0000] {connectionpool.py:331} WARNING - Connection pool is full, discarding connection: graph.realtor.com. Connection pool size: 10
[2024-05-16T05:38:18.624+0000] {connectionpool.py:331} WARNING - Connection pool is full, discarding connection: graph.realtor.com. Connection pool size: 10
[2024-05-16T05:38:18.627+0000] {connectionpool.py:331} WARNING - Connection pool is full, discarding connection: graph.realtor.com. Connection pool size: 10
[2024-05-16T05:38:18.632+0000] {connectionpool.py:331} WARNING - Connection pool is full, discarding connection: graph.realtor.com. Connection pool size: 10
[2024-05-16T05:38:18.647+0000] {connectionpool.py:331} WARNING - Connection pool is full, discarding connection: graph.realtor.com. Connection pool size: 10
[2024-05-16T05:38:18.682+0000] {connectionpool.py:331} WARNING - Connection pool is full, discarding connection: graph.realtor.com. Connection pool size: 10
[2024-05-16T05:38:18.683+0000] {connectionpool.py:331} WARNING - Connection pool is full, discarding connection: graph.realtor.com. Connection pool size: 10
[2024-05-16T05:38:18.685+0000] {connectionpool.py:331} WARNING - Connection pool is full, discarding connection: graph.realtor.com. Connection pool size: 10
[2024-05-16T05:38:18.701+0000] {connectionpool.py:331} WARNING - Connection pool is full, discarding connection: graph.realtor.com. Connection pool size: 10
[2024-05-16T05:38:18.708+0000] {connectionpool.py:331} WARNING - Connection pool is full, discarding connection: graph.realtor.com. Connection pool size: 10
[2024-05-16T05:38:18.709+0000] {connectionpool.py:331} WARNING - Connection pool is full, discarding connection: graph.realtor.com. Connection pool size: 10
[2024-05-16T05:38:18.710+0000] {connectionpool.py:331} WARNING - Connection pool is full, discarding connection: graph.realtor.com. Connection pool size: 10
[2024-05-16T05:38:18.722+0000] {connectionpool.py:331} WARNING - Connection pool is full, discarding connection: graph.realtor.com. Connection pool size: 10
[2024-05-16T05:38:18.723+0000] {connectionpool.py:331} WARNING - Connection pool is full, discarding connection: graph.realtor.com. Connection pool size: 10
[2024-05-16T05:38:18.728+0000] {connectionpool.py:331} WARNING - Connection pool is full, discarding connection: graph.realtor.com. Connection pool size: 10
[2024-05-16T05:38:18.730+0000] {connectionpool.py:331} WARNING - Connection pool is full, discarding connection: graph.realtor.com. Connection pool size: 10
[2024-05-16T05:38:18.733+0000] {connectionpool.py:331} WARNING - Connection pool is full, discarding connection: graph.realtor.com. Connection pool size: 10
[2024-05-16T05:38:18.746+0000] {connectionpool.py:331} WARNING - Connection pool is full, discarding connection: graph.realtor.com. Connection pool size: 10
[2024-05-16T05:38:18.750+0000] {connectionpool.py:331} WARNING - Connection pool is full, discarding connection: graph.realtor.com. Connection pool size: 9
[2024-05-16T05:38:18.754+0000] {connectionpool.py:331} WARNING - Connection pool is full, discarding connection: graph.realtor.com. Connection pool size: 9
[2024-05-16T05:38:18.761+0000] {connectionpool.py:331} WARNING - Connection pool is full, discarding connection: graph.realtor.com. Connection pool size: 7
[2024-05-16T05:38:18.736+0000] {connectionpool.py:331} WARNING - Connection pool is full, discarding connection: graph.realtor.com. Connection pool size: 10
[2024-05-16T05:38:18.753+0000] {connectionpool.py:331} WARNING - Connection pool is full, discarding connection: graph.realtor.com. Connection pool size: 9
[2024-05-16T05:38:18.789+0000] {connectionpool.py:331} WARNING - Connection pool is full, discarding connection: graph.realtor.com. Connection pool size: 10
[2024-05-16T05:38:18.791+0000] {connectionpool.py:331} WARNING - Connection pool is full, discarding connection: graph.realtor.com. Connection pool size: 10
[2024-05-16T05:38:18.847+0000] {connectionpool.py:331} WARNING - Connection pool is full, discarding connection: graph.realtor.com. Connection pool size: 5
[2024-05-16T05:38:18.851+0000] {connectionpool.py:331} WARNING - Connection pool is full, discarding connection: graph.realtor.com. Connection pool size: 4
[2024-05-16T05:38:19.133+0000] {connectionpool.py:331} WARNING - Connection pool is full, discarding connection: graph.realtor.com. Connection pool size: 10
[2024-05-16T05:38:19.544+0000] {connectionpool.py:331} WARNING - Connection pool is full, discarding connection: graph.realtor.com. Connection pool size: 10
[2024-05-16T05:38:19.559+0000] {connectionpool.py:331} WARNING - Connection pool is full, discarding connection: graph.realtor.com. Connection pool size: 10
[2024-05-16T05:38:19.560+0000] {connectionpool.py:331} WARNING - Connection pool is full, discarding connection: graph.realtor.com. Connection pool size: 10
[2024-05-16T05:38:19.569+0000] {connectionpool.py:331} WARNING - Connection pool is full, discarding connection: graph.realtor.com. Connection pool size: 9
[2024-05-16T05:38:19.586+0000] {connectionpool.py:331} WARNING - Connection pool is full, discarding connection: graph.realtor.com. Connection pool size: 10
[2024-05-16T05:38:19.580+0000] {connectionpool.py:331} WARNING - Connection pool is full, discarding connection: graph.realtor.com. Connection pool size: 10
[2024-05-16T05:38:19.638+0000] {connectionpool.py:331} WARNING - Connection pool is full, discarding connection: graph.realtor.com. Connection pool size: 4
[2024-05-16T05:38:19.715+0000] {connectionpool.py:331} WARNING - Connection pool is full, discarding connection: graph.realtor.com. Connection pool size: 9
[2024-05-16T05:38:19.603+0000] {connectionpool.py:331} WARNING - Connection pool is full, discarding connection: graph.realtor.com. Connection pool size: 7
[2024-05-16T05:38:20.079+0000] {connectionpool.py:331} WARNING - Connection pool is full, discarding connection: graph.realtor.com. Connection pool size: 8
[2024-05-16T05:38:20.090+0000] {connectionpool.py:331} WARNING - Connection pool is full, discarding connection: graph.realtor.com. Connection pool size: 9
[2024-05-16T05:38:20.096+0000] {connectionpool.py:331} WARNING - Connection pool is full, discarding connection: graph.realtor.com. Connection pool size: 9
[2024-05-16T05:38:20.126+0000] {connectionpool.py:331} WARNING - Connection pool is full, discarding connection: graph.realtor.com. Connection pool size: 7
[2024-05-16T05:38:20.188+0000] {connectionpool.py:331} WARNING - Connection pool is full, discarding connection: graph.realtor.com. Connection pool size: 10
[2024-05-16T05:38:20.191+0000] {connectionpool.py:331} WARNING - Connection pool is full, discarding connection: graph.realtor.com. Connection pool size: 10
[2024-05-16T05:38:20.203+0000] {connectionpool.py:331} WARNING - Connection pool is full, discarding connection: graph.realtor.com. Connection pool size: 10
[2024-05-16T05:38:20.206+0000] {connectionpool.py:331} WARNING - Connection pool is full, discarding connection: graph.realtor.com. Connection pool size: 10
[2024-05-16T05:38:20.214+0000] {connectionpool.py:331} WARNING - Connection pool is full, discarding connection: graph.realtor.com. Connection pool size: 10
[2024-05-16T05:38:20.220+0000] {connectionpool.py:331} WARNING - Connection pool is full, discarding connection: graph.realtor.com. Connection pool size: 10
[2024-05-16T05:38:20.222+0000] {connectionpool.py:331} WARNING - Connection pool is full, discarding connection: graph.realtor.com. Connection pool size: 10
[2024-05-16T05:38:20.241+0000] {connectionpool.py:331} WARNING - Connection pool is full, discarding connection: graph.realtor.com. Connection pool size: 10
[2024-05-16T05:38:20.253+0000] {connectionpool.py:331} WARNING - Connection pool is full, discarding connection: graph.realtor.com. Connection pool size: 9
[2024-05-16T05:38:20.250+0000] {connectionpool.py:331} WARNING - Connection pool is full, discarding connection: graph.realtor.com. Connection pool size: 8
[2024-05-16T05:38:20.237+0000] {connectionpool.py:331} WARNING - Connection pool is full, discarding connection: graph.realtor.com. Connection pool size: 9
[2024-05-16T05:38:20.236+0000] {connectionpool.py:331} WARNING - Connection pool is full, discarding connection: graph.realtor.com. Connection pool size: 9
[2024-05-16T05:38:20.194+0000] {connectionpool.py:331} WARNING - Connection pool is full, discarding connection: graph.realtor.com. Connection pool size: 10
[2024-05-16T05:38:20.534+0000] {connectionpool.py:331} WARNING - Connection pool is full, discarding connection: graph.realtor.com. Connection pool size: 9
[2024-05-16T05:38:20.741+0000] {connectionpool.py:331} WARNING - Connection pool is full, discarding connection: graph.realtor.com. Connection pool size: 10
[2024-05-16T05:38:20.751+0000] {connectionpool.py:331} WARNING - Connection pool is full, discarding connection: graph.realtor.com. Connection pool size: 9
[2024-05-16T05:38:20.754+0000] {connectionpool.py:331} WARNING - Connection pool is full, discarding connection: graph.realtor.com. Connection pool size: 10
[2024-05-16T05:38:20.755+0000] {connectionpool.py:331} WARNING - Connection pool is full, discarding connection: graph.realtor.com. Connection pool size: 10
[2024-05-16T05:38:20.772+0000] {connectionpool.py:331} WARNING - Connection pool is full, discarding connection: graph.realtor.com. Connection pool size: 7
[2024-05-16T05:38:20.773+0000] {connectionpool.py:331} WARNING - Connection pool is full, discarding connection: graph.realtor.com. Connection pool size: 7
[2024-05-16T05:38:20.781+0000] {connectionpool.py:331} WARNING - Connection pool is full, discarding connection: graph.realtor.com. Connection pool size: 8
[2024-05-16T05:38:20.801+0000] {connectionpool.py:331} WARNING - Connection pool is full, discarding connection: graph.realtor.com. Connection pool size: 8
[2024-05-16T05:38:21.050+0000] {connectionpool.py:331} WARNING - Connection pool is full, discarding connection: graph.realtor.com. Connection pool size: 10
[2024-05-16T05:38:21.081+0000] {connectionpool.py:331} WARNING - Connection pool is full, discarding connection: graph.realtor.com. Connection pool size: 10
[2024-05-16T05:38:21.088+0000] {connectionpool.py:331} WARNING - Connection pool is full, discarding connection: graph.realtor.com. Connection pool size: 9
[2024-05-16T05:38:21.093+0000] {connectionpool.py:331} WARNING - Connection pool is full, discarding connection: graph.realtor.com. Connection pool size: 10
[2024-05-16T05:38:21.095+0000] {connectionpool.py:331} WARNING - Connection pool is full, discarding connection: graph.realtor.com. Connection pool size: 10
[2024-05-16T05:38:21.097+0000] {connectionpool.py:331} WARNING - Connection pool is full, discarding connection: graph.realtor.com. Connection pool size: 10
[2024-05-16T05:38:21.098+0000] {connectionpool.py:331} WARNING - Connection pool is full, discarding connection: graph.realtor.com. Connection pool size: 10
[2024-05-16T05:38:21.102+0000] {connectionpool.py:331} WARNING - Connection pool is full, discarding connection: graph.realtor.com. Connection pool size: 10
[2024-05-16T05:38:21.101+0000] {connectionpool.py:331} WARNING - Connection pool is full, discarding connection: graph.realtor.com. Connection pool size: 10
[2024-05-16T05:38:21.108+0000] {connectionpool.py:331} WARNING - Connection pool is full, discarding connection: graph.realtor.com. Connection pool size: 10
[2024-05-16T05:38:21.116+0000] {connectionpool.py:331} WARNING - Connection pool is full, discarding connection: graph.realtor.com. Connection pool size: 10
[2024-05-16T05:38:21.120+0000] {connectionpool.py:331} WARNING - Connection pool is full, discarding connection: graph.realtor.com. Connection pool size: 10
[2024-05-16T05:38:21.123+0000] {connectionpool.py:331} WARNING - Connection pool is full, discarding connection: graph.realtor.com. Connection pool size: 10
[2024-05-16T05:38:21.122+0000] {connectionpool.py:331} WARNING - Connection pool is full, discarding connection: graph.realtor.com. Connection pool size: 10
[2024-05-16T05:38:21.134+0000] {connectionpool.py:331} WARNING - Connection pool is full, discarding connection: graph.realtor.com. Connection pool size: 10
[2024-05-16T05:38:21.141+0000] {connectionpool.py:331} WARNING - Connection pool is full, discarding connection: graph.realtor.com. Connection pool size: 8
[2024-05-16T05:38:21.144+0000] {connectionpool.py:331} WARNING - Connection pool is full, discarding connection: graph.realtor.com. Connection pool size: 7
[2024-05-16T05:38:21.142+0000] {connectionpool.py:331} WARNING - Connection pool is full, discarding connection: graph.realtor.com. Connection pool size: 8
[2024-05-16T05:38:21.138+0000] {connectionpool.py:331} WARNING - Connection pool is full, discarding connection: graph.realtor.com. Connection pool size: 9
[2024-05-16T05:38:21.148+0000] {connectionpool.py:331} WARNING - Connection pool is full, discarding connection: graph.realtor.com. Connection pool size: 8
[2024-05-16T05:38:21.147+0000] {connectionpool.py:331} WARNING - Connection pool is full, discarding connection: graph.realtor.com. Connection pool size: 8
[2024-05-16T05:38:21.351+0000] {connectionpool.py:331} WARNING - Connection pool is full, discarding connection: graph.realtor.com. Connection pool size: 10
[2024-05-16T05:38:21.371+0000] {connectionpool.py:331} WARNING - Connection pool is full, discarding connection: graph.realtor.com. Connection pool size: 10
[2024-05-16T05:38:21.373+0000] {connectionpool.py:331} WARNING - Connection pool is full, discarding connection: graph.realtor.com. Connection pool size: 10
[2024-05-16T05:38:21.374+0000] {connectionpool.py:331} WARNING - Connection pool is full, discarding connection: graph.realtor.com. Connection pool size: 10
[2024-05-16T05:38:21.376+0000] {connectionpool.py:331} WARNING - Connection pool is full, discarding connection: graph.realtor.com. Connection pool size: 10
[2024-05-16T05:38:21.375+0000] {connectionpool.py:331} WARNING - Connection pool is full, discarding connection: graph.realtor.com. Connection pool size: 10
[2024-05-16T05:38:21.380+0000] {connectionpool.py:331} WARNING - Connection pool is full, discarding connection: graph.realtor.com. Connection pool size: 10
[2024-05-16T05:38:21.385+0000] {connectionpool.py:331} WARNING - Connection pool is full, discarding connection: graph.realtor.com. Connection pool size: 10
[2024-05-16T05:38:21.387+0000] {connectionpool.py:331} WARNING - Connection pool is full, discarding connection: graph.realtor.com. Connection pool size: 10
[2024-05-16T05:38:21.392+0000] {connectionpool.py:331} WARNING - Connection pool is full, discarding connection: graph.realtor.com. Connection pool size: 10
[2024-05-16T05:38:21.382+0000] {connectionpool.py:331} WARNING - Connection pool is full, discarding connection: graph.realtor.com. Connection pool size: 10
[2024-05-16T05:38:21.391+0000] {connectionpool.py:331} WARNING - Connection pool is full, discarding connection: graph.realtor.com. Connection pool size: 10
[2024-05-16T05:38:21.395+0000] {connectionpool.py:331} WARNING - Connection pool is full, discarding connection: graph.realtor.com. Connection pool size: 10
[2024-05-16T05:38:21.406+0000] {connectionpool.py:331} WARNING - Connection pool is full, discarding connection: graph.realtor.com. Connection pool size: 10
[2024-05-16T05:38:21.407+0000] {connectionpool.py:331} WARNING - Connection pool is full, discarding connection: graph.realtor.com. Connection pool size: 10
[2024-05-16T05:38:21.409+0000] {connectionpool.py:331} WARNING - Connection pool is full, discarding connection: graph.realtor.com. Connection pool size: 10
[2024-05-16T05:38:21.417+0000] {connectionpool.py:331} WARNING - Connection pool is full, discarding connection: graph.realtor.com. Connection pool size: 10
[2024-05-16T05:38:21.433+0000] {connectionpool.py:331} WARNING - Connection pool is full, discarding connection: graph.realtor.com. Connection pool size: 10
[2024-05-16T05:38:21.434+0000] {connectionpool.py:331} WARNING - Connection pool is full, discarding connection: graph.realtor.com. Connection pool size: 10
[2024-05-16T05:38:21.452+0000] {connectionpool.py:331} WARNING - Connection pool is full, discarding connection: graph.realtor.com. Connection pool size: 10
[2024-05-16T05:38:21.454+0000] {connectionpool.py:331} WARNING - Connection pool is full, discarding connection: graph.realtor.com. Connection pool size: 10
[2024-05-16T05:38:21.455+0000] {connectionpool.py:331} WARNING - Connection pool is full, discarding connection: graph.realtor.com. Connection pool size: 10
[2024-05-16T05:38:21.456+0000] {connectionpool.py:331} WARNING - Connection pool is full, discarding connection: graph.realtor.com. Connection pool size: 10
[2024-05-16T05:38:21.463+0000] {connectionpool.py:331} WARNING - Connection pool is full, discarding connection: graph.realtor.com. Connection pool size: 10
[2024-05-16T05:38:21.465+0000] {connectionpool.py:331} WARNING - Connection pool is full, discarding connection: graph.realtor.com. Connection pool size: 10
[2024-05-16T05:38:21.470+0000] {connectionpool.py:331} WARNING - Connection pool is full, discarding connection: graph.realtor.com. Connection pool size: 10
[2024-05-16T05:38:21.473+0000] {connectionpool.py:331} WARNING - Connection pool is full, discarding connection: graph.realtor.com. Connection pool size: 10
[2024-05-16T05:38:21.476+0000] {connectionpool.py:331} WARNING - Connection pool is full, discarding connection: graph.realtor.com. Connection pool size: 10
[2024-05-16T05:38:21.480+0000] {connectionpool.py:331} WARNING - Connection pool is full, discarding connection: graph.realtor.com. Connection pool size: 10
[2024-05-16T05:38:21.530+0000] {connectionpool.py:331} WARNING - Connection pool is full, discarding connection: graph.realtor.com. Connection pool size: 10
[2024-05-16T05:38:26.944+0000] {python.py:202} INFO - Done. Returned value was:                                            property_url  ...                                         alt_photos
0     https://www.realtor.com/realestateandhomes-det...  ...  http://ap.rdcpix.com/ff34ede5c54f72f874af503d3...
1     https://www.realtor.com/realestateandhomes-det...  ...  http://ap.rdcpix.com/8f8ce42e7c943c94bc755b5ba...
2     https://www.realtor.com/realestateandhomes-det...  ...  http://ap.rdcpix.com/fe8b11a055343a227e0c76332...
3     https://www.realtor.com/realestateandhomes-det...  ...  http://ap.rdcpix.com/264bfe191500190f6bc39a677...
4     https://www.realtor.com/realestateandhomes-det...  ...  http://ap.rdcpix.com/a1b70e9adb185c2023d2ab106...
...                                                 ...  ...                                                ...
1608  https://www.realtor.com/realestateandhomes-det...  ...  http://ap.rdcpix.com/df75f89dc90e685a02bcac3a8...
1609  https://www.realtor.com/realestateandhomes-det...  ...  http://ap.rdcpix.com/b7ef5da3e7d6ef2968094b4a2...
1610  https://www.realtor.com/realestateandhomes-det...  ...  http://ap.rdcpix.com/edcbbcbf82072e0431d362e02...
1611  https://www.realtor.com/realestateandhomes-det...  ...  http://ap.rdcpix.com/32dd60a53dfcfcb1ba84d09cb...
1612  https://www.realtor.com/realestateandhomes-det...  ...  http://ap.rdcpix.com/a363948acfb0bd74d871dac7f...

[1613 rows x 43 columns]
[2024-05-16T05:38:27.598+0000] {taskinstance.py:1149} INFO - Marking task as SUCCESS. dag_id=data_pipeline, task_id=acquire_data, execution_date=20240516T053805, start_date=20240516T053807, end_date=20240516T053827
[2024-05-16T05:38:27.654+0000] {local_task_job_runner.py:234} INFO - Task exited with return code 0
[2024-05-16T05:38:27.689+0000] {taskinstance.py:3312} INFO - 1 downstream tasks scheduled from follow-on schedule check
