[2024-05-16T06:55:58.117+0000] {taskinstance.py:1979} INFO - Dependencies all met for dep_context=non-requeueable deps ti=<TaskInstance: data_pipeline.analyze_data manual__2024-05-16T06:55:10.764341+00:00 [queued]>
[2024-05-16T06:55:58.131+0000] {taskinstance.py:1979} INFO - Dependencies all met for dep_context=requeueable deps ti=<TaskInstance: data_pipeline.analyze_data manual__2024-05-16T06:55:10.764341+00:00 [queued]>
[2024-05-16T06:55:58.133+0000] {taskinstance.py:2193} INFO - Starting attempt 1 of 1
[2024-05-16T06:55:58.158+0000] {taskinstance.py:2217} INFO - Executing <Task(PythonOperator): analyze_data> on 2024-05-16 06:55:10.764341+00:00
[2024-05-16T06:55:58.169+0000] {standard_task_runner.py:60} INFO - Started process 549 to run task
[2024-05-16T06:55:58.173+0000] {standard_task_runner.py:87} INFO - Running: ['***', 'tasks', 'run', 'data_pipeline', 'analyze_data', 'manual__2024-05-16T06:55:10.764341+00:00', '--job-id', '51', '--raw', '--subdir', 'DAGS_FOLDER/pipeline.py', '--cfg-path', '/tmp/tmpeoryscvj']
[2024-05-16T06:55:58.175+0000] {standard_task_runner.py:88} INFO - Job 51: Subtask analyze_data
[2024-05-16T06:55:58.245+0000] {task_command.py:423} INFO - Running <TaskInstance: data_pipeline.analyze_data manual__2024-05-16T06:55:10.764341+00:00 [running]> on host 7f10f1c98368
[2024-05-16T06:55:58.363+0000] {taskinstance.py:2513} INFO - Exporting env vars: AIRFLOW_CTX_DAG_OWNER='***' AIRFLOW_CTX_DAG_ID='data_pipeline' AIRFLOW_CTX_TASK_ID='analyze_data' AIRFLOW_CTX_EXECUTION_DATE='2024-05-16T06:55:10.764341+00:00' AIRFLOW_CTX_TRY_NUMBER='1' AIRFLOW_CTX_DAG_RUN_ID='manual__2024-05-16T06:55:10.764341+00:00'
[2024-05-16T06:55:58.650+0000] {logging_mixin.py:188} INFO - Summary Statistics:
count    1.564000e+03
mean     1.523270e+06
std      1.920549e+06
min      5.500000e+04
25%      7.415000e+05
50%      1.055000e+06
75%      1.620250e+06
max      2.400000e+07
Name: sold_price, dtype: float64
[2024-05-16T06:55:58.651+0000] {logging_mixin.py:188} INFO - Min Price: 55000
[2024-05-16T06:55:58.652+0000] {logging_mixin.py:188} INFO - Max Price: 24000000
[2024-05-16T06:55:58.653+0000] {logging_mixin.py:188} INFO - Median Price: 1055000.0
[2024-05-16T06:55:58.654+0000] {logging_mixin.py:188} INFO - Mean Price: 1523269.5613810741
[2024-05-16T06:55:58.654+0000] {logging_mixin.py:188} INFO - Standard Deviation: 1920548.5501602173
[2024-05-16T06:56:00.045+0000] {logging_mixin.py:188} INFO - Root Mean Squared Error (RMSE): 810979.5999905159
[2024-05-16T06:56:00.070+0000] {python.py:202} INFO - Done. Returned value was: {'RMSE': 810979.5999905159, 'model_name': 'RandomForestRegressor', 'model_params': {'n_estimators': 100, 'random_state': 42}}
[2024-05-16T06:56:00.100+0000] {taskinstance.py:1149} INFO - Marking task as SUCCESS. dag_id=data_pipeline, task_id=analyze_data, execution_date=20240516T065510, start_date=20240516T065558, end_date=20240516T065600
[2024-05-16T06:56:00.158+0000] {local_task_job_runner.py:234} INFO - Task exited with return code 0
[2024-05-16T06:56:00.184+0000] {taskinstance.py:3312} INFO - 0 downstream tasks scheduled from follow-on schedule check
