[2024-05-16T06:24:01.198+0000] {taskinstance.py:1979} INFO - Dependencies all met for dep_context=non-requeueable deps ti=<TaskInstance: data_pipeline.acquire_data manual__2024-05-16T06:23:55.646278+00:00 [queued]>
[2024-05-16T06:24:01.210+0000] {taskinstance.py:1979} INFO - Dependencies all met for dep_context=requeueable deps ti=<TaskInstance: data_pipeline.acquire_data manual__2024-05-16T06:23:55.646278+00:00 [queued]>
[2024-05-16T06:24:01.211+0000] {taskinstance.py:2193} INFO - Starting attempt 1 of 1
[2024-05-16T06:24:01.227+0000] {taskinstance.py:2217} INFO - Executing <Task(PythonOperator): acquire_data> on 2024-05-16 06:23:55.646278+00:00
[2024-05-16T06:24:01.235+0000] {standard_task_runner.py:60} INFO - Started process 705 to run task
[2024-05-16T06:24:01.239+0000] {standard_task_runner.py:87} INFO - Running: ['***', 'tasks', 'run', 'data_pipeline', 'acquire_data', 'manual__2024-05-16T06:23:55.646278+00:00', '--job-id', '31', '--raw', '--subdir', 'DAGS_FOLDER/pipeline.py', '--cfg-path', '/tmp/tmpaojmk_dv']
[2024-05-16T06:24:01.240+0000] {standard_task_runner.py:88} INFO - Job 31: Subtask acquire_data
[2024-05-16T06:24:01.302+0000] {task_command.py:423} INFO - Running <TaskInstance: data_pipeline.acquire_data manual__2024-05-16T06:23:55.646278+00:00 [running]> on host 07f30c3fd53d
[2024-05-16T06:24:01.411+0000] {taskinstance.py:2513} INFO - Exporting env vars: AIRFLOW_CTX_DAG_OWNER='***' AIRFLOW_CTX_DAG_ID='data_pipeline' AIRFLOW_CTX_TASK_ID='acquire_data' AIRFLOW_CTX_EXECUTION_DATE='2024-05-16T06:23:55.646278+00:00' AIRFLOW_CTX_TRY_NUMBER='1' AIRFLOW_CTX_DAG_RUN_ID='manual__2024-05-16T06:23:55.646278+00:00'
[2024-05-16T06:24:06.514+0000] {connectionpool.py:331} WARNING - Connection pool is full, discarding connection: graph.realtor.com. Connection pool size: 10
[2024-05-16T06:24:06.515+0000] {connectionpool.py:331} WARNING - Connection pool is full, discarding connection: graph.realtor.com. Connection pool size: 10
[2024-05-16T06:24:06.520+0000] {connectionpool.py:331} WARNING - Connection pool is full, discarding connection: graph.realtor.com. Connection pool size: 10
[2024-05-16T06:24:06.544+0000] {connectionpool.py:331} WARNING - Connection pool is full, discarding connection: graph.realtor.com. Connection pool size: 10
[2024-05-16T06:24:06.543+0000] {connectionpool.py:331} WARNING - Connection pool is full, discarding connection: graph.realtor.com. Connection pool size: 10
[2024-05-16T06:24:06.547+0000] {connectionpool.py:331} WARNING - Connection pool is full, discarding connection: graph.realtor.com. Connection pool size: 10
[2024-05-16T06:24:06.550+0000] {connectionpool.py:331} WARNING - Connection pool is full, discarding connection: graph.realtor.com. Connection pool size: 10
[2024-05-16T06:24:06.552+0000] {connectionpool.py:331} WARNING - Connection pool is full, discarding connection: graph.realtor.com. Connection pool size: 10
[2024-05-16T06:24:06.572+0000] {connectionpool.py:331} WARNING - Connection pool is full, discarding connection: graph.realtor.com. Connection pool size: 10
[2024-05-16T06:24:06.603+0000] {connectionpool.py:331} WARNING - Connection pool is full, discarding connection: graph.realtor.com. Connection pool size: 10
[2024-05-16T06:24:08.323+0000] {connectionpool.py:331} WARNING - Connection pool is full, discarding connection: graph.realtor.com. Connection pool size: 9
[2024-05-16T06:24:08.355+0000] {connectionpool.py:331} WARNING - Connection pool is full, discarding connection: graph.realtor.com. Connection pool size: 7
[2024-05-16T06:24:08.768+0000] {connectionpool.py:331} WARNING - Connection pool is full, discarding connection: graph.realtor.com. Connection pool size: 10
[2024-05-16T06:24:08.784+0000] {connectionpool.py:331} WARNING - Connection pool is full, discarding connection: graph.realtor.com. Connection pool size: 10
[2024-05-16T06:24:08.774+0000] {connectionpool.py:331} WARNING - Connection pool is full, discarding connection: graph.realtor.com. Connection pool size: 9
[2024-05-16T06:24:08.809+0000] {connectionpool.py:331} WARNING - Connection pool is full, discarding connection: graph.realtor.com. Connection pool size: 9
[2024-05-16T06:24:08.811+0000] {connectionpool.py:331} WARNING - Connection pool is full, discarding connection: graph.realtor.com. Connection pool size: 9
[2024-05-16T06:24:08.827+0000] {connectionpool.py:331} WARNING - Connection pool is full, discarding connection: graph.realtor.com. Connection pool size: 6
[2024-05-16T06:24:09.214+0000] {connectionpool.py:331} WARNING - Connection pool is full, discarding connection: graph.realtor.com. Connection pool size: 9
[2024-05-16T06:24:09.224+0000] {connectionpool.py:331} WARNING - Connection pool is full, discarding connection: graph.realtor.com. Connection pool size: 9
[2024-05-16T06:24:09.243+0000] {connectionpool.py:331} WARNING - Connection pool is full, discarding connection: graph.realtor.com. Connection pool size: 8
[2024-05-16T06:24:09.235+0000] {connectionpool.py:331} WARNING - Connection pool is full, discarding connection: graph.realtor.com. Connection pool size: 10
[2024-05-16T06:24:09.284+0000] {connectionpool.py:331} WARNING - Connection pool is full, discarding connection: graph.realtor.com. Connection pool size: 10
[2024-05-16T06:24:09.913+0000] {connectionpool.py:331} WARNING - Connection pool is full, discarding connection: graph.realtor.com. Connection pool size: 10
[2024-05-16T06:24:09.916+0000] {connectionpool.py:331} WARNING - Connection pool is full, discarding connection: graph.realtor.com. Connection pool size: 10
[2024-05-16T06:24:09.921+0000] {connectionpool.py:331} WARNING - Connection pool is full, discarding connection: graph.realtor.com. Connection pool size: 10
[2024-05-16T06:24:09.939+0000] {connectionpool.py:331} WARNING - Connection pool is full, discarding connection: graph.realtor.com. Connection pool size: 10
[2024-05-16T06:24:09.930+0000] {connectionpool.py:331} WARNING - Connection pool is full, discarding connection: graph.realtor.com. Connection pool size: 10
[2024-05-16T06:24:09.942+0000] {connectionpool.py:331} WARNING - Connection pool is full, discarding connection: graph.realtor.com. Connection pool size: 10
[2024-05-16T06:24:09.948+0000] {connectionpool.py:331} WARNING - Connection pool is full, discarding connection: graph.realtor.com. Connection pool size: 10
[2024-05-16T06:24:09.996+0000] {connectionpool.py:331} WARNING - Connection pool is full, discarding connection: graph.realtor.com. Connection pool size: 10
[2024-05-16T06:24:09.997+0000] {connectionpool.py:331} WARNING - Connection pool is full, discarding connection: graph.realtor.com. Connection pool size: 10
[2024-05-16T06:24:10.012+0000] {connectionpool.py:331} WARNING - Connection pool is full, discarding connection: graph.realtor.com. Connection pool size: 10
[2024-05-16T06:24:10.016+0000] {connectionpool.py:331} WARNING - Connection pool is full, discarding connection: graph.realtor.com. Connection pool size: 10
[2024-05-16T06:24:09.999+0000] {connectionpool.py:331} WARNING - Connection pool is full, discarding connection: graph.realtor.com. Connection pool size: 10
[2024-05-16T06:24:10.044+0000] {connectionpool.py:331} WARNING - Connection pool is full, discarding connection: graph.realtor.com. Connection pool size: 4
[2024-05-16T06:24:10.014+0000] {connectionpool.py:331} WARNING - Connection pool is full, discarding connection: graph.realtor.com. Connection pool size: 10
[2024-05-16T06:24:10.069+0000] {connectionpool.py:331} WARNING - Connection pool is full, discarding connection: graph.realtor.com. Connection pool size: 2
[2024-05-16T06:24:10.087+0000] {connectionpool.py:331} WARNING - Connection pool is full, discarding connection: graph.realtor.com. Connection pool size: 2
[2024-05-16T06:24:10.438+0000] {connectionpool.py:331} WARNING - Connection pool is full, discarding connection: graph.realtor.com. Connection pool size: 10
[2024-05-16T06:24:10.512+0000] {connectionpool.py:331} WARNING - Connection pool is full, discarding connection: graph.realtor.com. Connection pool size: 10
[2024-05-16T06:24:10.530+0000] {connectionpool.py:331} WARNING - Connection pool is full, discarding connection: graph.realtor.com. Connection pool size: 8
[2024-05-16T06:24:10.429+0000] {connectionpool.py:331} WARNING - Connection pool is full, discarding connection: graph.realtor.com. Connection pool size: 10
[2024-05-16T06:24:10.561+0000] {connectionpool.py:331} WARNING - Connection pool is full, discarding connection: graph.realtor.com. Connection pool size: 10
[2024-05-16T06:24:10.566+0000] {connectionpool.py:331} WARNING - Connection pool is full, discarding connection: graph.realtor.com. Connection pool size: 7
[2024-05-16T06:24:10.523+0000] {connectionpool.py:331} WARNING - Connection pool is full, discarding connection: graph.realtor.com. Connection pool size: 9
[2024-05-16T06:24:10.611+0000] {connectionpool.py:331} WARNING - Connection pool is full, discarding connection: graph.realtor.com. Connection pool size: 4
[2024-05-16T06:24:10.614+0000] {connectionpool.py:331} WARNING - Connection pool is full, discarding connection: graph.realtor.com. Connection pool size: 5
[2024-05-16T06:24:10.927+0000] {connectionpool.py:331} WARNING - Connection pool is full, discarding connection: graph.realtor.com. Connection pool size: 8
[2024-05-16T06:24:10.941+0000] {connectionpool.py:331} WARNING - Connection pool is full, discarding connection: graph.realtor.com. Connection pool size: 10
[2024-05-16T06:24:10.950+0000] {connectionpool.py:331} WARNING - Connection pool is full, discarding connection: graph.realtor.com. Connection pool size: 10
[2024-05-16T06:24:10.959+0000] {connectionpool.py:331} WARNING - Connection pool is full, discarding connection: graph.realtor.com. Connection pool size: 10
[2024-05-16T06:24:10.976+0000] {connectionpool.py:331} WARNING - Connection pool is full, discarding connection: graph.realtor.com. Connection pool size: 10
[2024-05-16T06:24:10.836+0000] {connectionpool.py:331} WARNING - Connection pool is full, discarding connection: graph.realtor.com. Connection pool size: 10
[2024-05-16T06:24:10.953+0000] {connectionpool.py:331} WARNING - Connection pool is full, discarding connection: graph.realtor.com. Connection pool size: 10
[2024-05-16T06:24:10.993+0000] {connectionpool.py:331} WARNING - Connection pool is full, discarding connection: graph.realtor.com. Connection pool size: 8
[2024-05-16T06:24:11.051+0000] {connectionpool.py:331} WARNING - Connection pool is full, discarding connection: graph.realtor.com. Connection pool size: 2
[2024-05-16T06:24:11.312+0000] {connectionpool.py:331} WARNING - Connection pool is full, discarding connection: graph.realtor.com. Connection pool size: 10
[2024-05-16T06:24:11.324+0000] {connectionpool.py:331} WARNING - Connection pool is full, discarding connection: graph.realtor.com. Connection pool size: 10
[2024-05-16T06:24:11.344+0000] {connectionpool.py:331} WARNING - Connection pool is full, discarding connection: graph.realtor.com. Connection pool size: 10
[2024-05-16T06:24:11.350+0000] {connectionpool.py:331} WARNING - Connection pool is full, discarding connection: graph.realtor.com. Connection pool size: 10
[2024-05-16T06:24:11.358+0000] {connectionpool.py:331} WARNING - Connection pool is full, discarding connection: graph.realtor.com. Connection pool size: 10
[2024-05-16T06:24:11.369+0000] {connectionpool.py:331} WARNING - Connection pool is full, discarding connection: graph.realtor.com. Connection pool size: 10
[2024-05-16T06:24:11.356+0000] {connectionpool.py:331} WARNING - Connection pool is full, discarding connection: graph.realtor.com. Connection pool size: 10
[2024-05-16T06:24:11.389+0000] {connectionpool.py:331} WARNING - Connection pool is full, discarding connection: graph.realtor.com. Connection pool size: 10
[2024-05-16T06:24:11.404+0000] {connectionpool.py:331} WARNING - Connection pool is full, discarding connection: graph.realtor.com. Connection pool size: 10
[2024-05-16T06:24:11.412+0000] {connectionpool.py:331} WARNING - Connection pool is full, discarding connection: graph.realtor.com. Connection pool size: 10
[2024-05-16T06:24:11.413+0000] {connectionpool.py:331} WARNING - Connection pool is full, discarding connection: graph.realtor.com. Connection pool size: 10
[2024-05-16T06:24:11.333+0000] {connectionpool.py:331} WARNING - Connection pool is full, discarding connection: graph.realtor.com. Connection pool size: 10
[2024-05-16T06:24:11.335+0000] {connectionpool.py:331} WARNING - Connection pool is full, discarding connection: graph.realtor.com. Connection pool size: 10
[2024-05-16T06:24:11.435+0000] {connectionpool.py:331} WARNING - Connection pool is full, discarding connection: graph.realtor.com. Connection pool size: 10
[2024-05-16T06:24:11.443+0000] {connectionpool.py:331} WARNING - Connection pool is full, discarding connection: graph.realtor.com. Connection pool size: 9
[2024-05-16T06:24:11.401+0000] {connectionpool.py:331} WARNING - Connection pool is full, discarding connection: graph.realtor.com. Connection pool size: 10
[2024-05-16T06:24:11.407+0000] {connectionpool.py:331} WARNING - Connection pool is full, discarding connection: graph.realtor.com. Connection pool size: 10
[2024-05-16T06:24:11.440+0000] {connectionpool.py:331} WARNING - Connection pool is full, discarding connection: graph.realtor.com. Connection pool size: 10
[2024-05-16T06:24:11.502+0000] {connectionpool.py:331} WARNING - Connection pool is full, discarding connection: graph.realtor.com. Connection pool size: 8
[2024-05-16T06:24:11.445+0000] {connectionpool.py:331} WARNING - Connection pool is full, discarding connection: graph.realtor.com. Connection pool size: 9
[2024-05-16T06:24:11.504+0000] {connectionpool.py:331} WARNING - Connection pool is full, discarding connection: graph.realtor.com. Connection pool size: 8
[2024-05-16T06:24:11.576+0000] {connectionpool.py:331} WARNING - Connection pool is full, discarding connection: graph.realtor.com. Connection pool size: 9
[2024-05-16T06:24:12.925+0000] {connectionpool.py:331} WARNING - Connection pool is full, discarding connection: graph.realtor.com. Connection pool size: 6
[2024-05-16T06:24:12.919+0000] {connectionpool.py:331} WARNING - Connection pool is full, discarding connection: graph.realtor.com. Connection pool size: 8
[2024-05-16T06:24:12.997+0000] {connectionpool.py:331} WARNING - Connection pool is full, discarding connection: graph.realtor.com. Connection pool size: 0
[2024-05-16T06:24:13.002+0000] {connectionpool.py:331} WARNING - Connection pool is full, discarding connection: graph.realtor.com. Connection pool size: 0
[2024-05-16T06:24:13.346+0000] {connectionpool.py:331} WARNING - Connection pool is full, discarding connection: graph.realtor.com. Connection pool size: 10
[2024-05-16T06:24:13.360+0000] {connectionpool.py:331} WARNING - Connection pool is full, discarding connection: graph.realtor.com. Connection pool size: 10
[2024-05-16T06:24:13.365+0000] {connectionpool.py:331} WARNING - Connection pool is full, discarding connection: graph.realtor.com. Connection pool size: 10
[2024-05-16T06:24:13.380+0000] {connectionpool.py:331} WARNING - Connection pool is full, discarding connection: graph.realtor.com. Connection pool size: 10
[2024-05-16T06:24:13.421+0000] {connectionpool.py:331} WARNING - Connection pool is full, discarding connection: graph.realtor.com. Connection pool size: 10
[2024-05-16T06:24:13.423+0000] {connectionpool.py:331} WARNING - Connection pool is full, discarding connection: graph.realtor.com. Connection pool size: 10
[2024-05-16T06:24:13.434+0000] {connectionpool.py:331} WARNING - Connection pool is full, discarding connection: graph.realtor.com. Connection pool size: 8
[2024-05-16T06:24:13.404+0000] {connectionpool.py:331} WARNING - Connection pool is full, discarding connection: graph.realtor.com. Connection pool size: 10
[2024-05-16T06:24:13.407+0000] {connectionpool.py:331} WARNING - Connection pool is full, discarding connection: graph.realtor.com. Connection pool size: 10
[2024-05-16T06:24:13.518+0000] {connectionpool.py:331} WARNING - Connection pool is full, discarding connection: graph.realtor.com. Connection pool size: 10
[2024-05-16T06:24:13.525+0000] {connectionpool.py:331} WARNING - Connection pool is full, discarding connection: graph.realtor.com. Connection pool size: 9
[2024-05-16T06:24:13.502+0000] {connectionpool.py:331} WARNING - Connection pool is full, discarding connection: graph.realtor.com. Connection pool size: 8
[2024-05-16T06:24:13.541+0000] {connectionpool.py:331} WARNING - Connection pool is full, discarding connection: graph.realtor.com. Connection pool size: 9
[2024-05-16T06:24:13.578+0000] {connectionpool.py:331} WARNING - Connection pool is full, discarding connection: graph.realtor.com. Connection pool size: 10
[2024-05-16T06:24:13.437+0000] {connectionpool.py:331} WARNING - Connection pool is full, discarding connection: graph.realtor.com. Connection pool size: 8
[2024-05-16T06:24:13.633+0000] {connectionpool.py:331} WARNING - Connection pool is full, discarding connection: graph.realtor.com. Connection pool size: 0
[2024-05-16T06:24:13.873+0000] {connectionpool.py:331} WARNING - Connection pool is full, discarding connection: graph.realtor.com. Connection pool size: 10
[2024-05-16T06:24:13.882+0000] {connectionpool.py:331} WARNING - Connection pool is full, discarding connection: graph.realtor.com. Connection pool size: 10
[2024-05-16T06:24:13.903+0000] {connectionpool.py:331} WARNING - Connection pool is full, discarding connection: graph.realtor.com. Connection pool size: 9
[2024-05-16T06:24:13.940+0000] {connectionpool.py:331} WARNING - Connection pool is full, discarding connection: graph.realtor.com. Connection pool size: 6
[2024-05-16T06:24:13.959+0000] {connectionpool.py:331} WARNING - Connection pool is full, discarding connection: graph.realtor.com. Connection pool size: 4
[2024-05-16T06:24:14.238+0000] {connectionpool.py:331} WARNING - Connection pool is full, discarding connection: graph.realtor.com. Connection pool size: 10
[2024-05-16T06:24:14.247+0000] {connectionpool.py:331} WARNING - Connection pool is full, discarding connection: graph.realtor.com. Connection pool size: 10
[2024-05-16T06:24:14.253+0000] {connectionpool.py:331} WARNING - Connection pool is full, discarding connection: graph.realtor.com. Connection pool size: 10
[2024-05-16T06:24:14.283+0000] {connectionpool.py:331} WARNING - Connection pool is full, discarding connection: graph.realtor.com. Connection pool size: 10
[2024-05-16T06:24:14.249+0000] {connectionpool.py:331} WARNING - Connection pool is full, discarding connection: graph.realtor.com. Connection pool size: 10
[2024-05-16T06:24:14.288+0000] {connectionpool.py:331} WARNING - Connection pool is full, discarding connection: graph.realtor.com. Connection pool size: 10
[2024-05-16T06:24:14.313+0000] {connectionpool.py:331} WARNING - Connection pool is full, discarding connection: graph.realtor.com. Connection pool size: 9
[2024-05-16T06:24:14.326+0000] {connectionpool.py:331} WARNING - Connection pool is full, discarding connection: graph.realtor.com. Connection pool size: 10
[2024-05-16T06:24:14.323+0000] {connectionpool.py:331} WARNING - Connection pool is full, discarding connection: graph.realtor.com. Connection pool size: 10
[2024-05-16T06:24:14.365+0000] {connectionpool.py:331} WARNING - Connection pool is full, discarding connection: graph.realtor.com. Connection pool size: 8
[2024-05-16T06:24:14.319+0000] {connectionpool.py:331} WARNING - Connection pool is full, discarding connection: graph.realtor.com. Connection pool size: 10
[2024-05-16T06:24:14.429+0000] {connectionpool.py:331} WARNING - Connection pool is full, discarding connection: graph.realtor.com. Connection pool size: 5
[2024-05-16T06:24:14.840+0000] {connectionpool.py:331} WARNING - Connection pool is full, discarding connection: graph.realtor.com. Connection pool size: 10
[2024-05-16T06:24:14.848+0000] {connectionpool.py:331} WARNING - Connection pool is full, discarding connection: graph.realtor.com. Connection pool size: 10
[2024-05-16T06:24:14.908+0000] {connectionpool.py:331} WARNING - Connection pool is full, discarding connection: graph.realtor.com. Connection pool size: 5
[2024-05-16T06:24:14.903+0000] {connectionpool.py:331} WARNING - Connection pool is full, discarding connection: graph.realtor.com. Connection pool size: 6
[2024-05-16T06:24:14.914+0000] {connectionpool.py:331} WARNING - Connection pool is full, discarding connection: graph.realtor.com. Connection pool size: 4
[2024-05-16T06:24:14.939+0000] {connectionpool.py:331} WARNING - Connection pool is full, discarding connection: graph.realtor.com. Connection pool size: 1
[2024-05-16T06:24:15.079+0000] {connectionpool.py:331} WARNING - Connection pool is full, discarding connection: graph.realtor.com. Connection pool size: 1
[2024-05-16T06:24:15.171+0000] {connectionpool.py:331} WARNING - Connection pool is full, discarding connection: graph.realtor.com. Connection pool size: 10
[2024-05-16T06:24:15.348+0000] {connectionpool.py:331} WARNING - Connection pool is full, discarding connection: graph.realtor.com. Connection pool size: 5
[2024-05-16T06:24:15.178+0000] {connectionpool.py:331} WARNING - Connection pool is full, discarding connection: graph.realtor.com. Connection pool size: 10
[2024-05-16T06:24:15.858+0000] {connectionpool.py:331} WARNING - Connection pool is full, discarding connection: graph.realtor.com. Connection pool size: 10
[2024-05-16T06:24:15.861+0000] {connectionpool.py:331} WARNING - Connection pool is full, discarding connection: graph.realtor.com. Connection pool size: 10
[2024-05-16T06:24:15.864+0000] {connectionpool.py:331} WARNING - Connection pool is full, discarding connection: graph.realtor.com. Connection pool size: 10
[2024-05-16T06:24:15.897+0000] {connectionpool.py:331} WARNING - Connection pool is full, discarding connection: graph.realtor.com. Connection pool size: 8
[2024-05-16T06:24:15.944+0000] {connectionpool.py:331} WARNING - Connection pool is full, discarding connection: graph.realtor.com. Connection pool size: 10
[2024-05-16T06:24:15.961+0000] {connectionpool.py:331} WARNING - Connection pool is full, discarding connection: graph.realtor.com. Connection pool size: 10
[2024-05-16T06:24:15.969+0000] {connectionpool.py:331} WARNING - Connection pool is full, discarding connection: graph.realtor.com. Connection pool size: 10
[2024-05-16T06:24:15.972+0000] {connectionpool.py:331} WARNING - Connection pool is full, discarding connection: graph.realtor.com. Connection pool size: 10
[2024-05-16T06:24:15.987+0000] {connectionpool.py:331} WARNING - Connection pool is full, discarding connection: graph.realtor.com. Connection pool size: 7
[2024-05-16T06:24:16.022+0000] {connectionpool.py:331} WARNING - Connection pool is full, discarding connection: graph.realtor.com. Connection pool size: 5
[2024-05-16T06:24:15.977+0000] {connectionpool.py:331} WARNING - Connection pool is full, discarding connection: graph.realtor.com. Connection pool size: 10
[2024-05-16T06:24:16.103+0000] {connectionpool.py:331} WARNING - Connection pool is full, discarding connection: graph.realtor.com. Connection pool size: 10
[2024-05-16T06:24:16.211+0000] {connectionpool.py:331} WARNING - Connection pool is full, discarding connection: graph.realtor.com. Connection pool size: 10
[2024-05-16T06:24:16.212+0000] {connectionpool.py:331} WARNING - Connection pool is full, discarding connection: graph.realtor.com. Connection pool size: 10
[2024-05-16T06:24:16.177+0000] {connectionpool.py:331} WARNING - Connection pool is full, discarding connection: graph.realtor.com. Connection pool size: 10
[2024-05-16T06:24:16.215+0000] {connectionpool.py:331} WARNING - Connection pool is full, discarding connection: graph.realtor.com. Connection pool size: 10
[2024-05-16T06:24:16.250+0000] {connectionpool.py:331} WARNING - Connection pool is full, discarding connection: graph.realtor.com. Connection pool size: 9
[2024-05-16T06:24:16.245+0000] {connectionpool.py:331} WARNING - Connection pool is full, discarding connection: graph.realtor.com. Connection pool size: 8
[2024-05-16T06:24:16.199+0000] {connectionpool.py:331} WARNING - Connection pool is full, discarding connection: graph.realtor.com. Connection pool size: 10
[2024-05-16T06:24:16.296+0000] {connectionpool.py:331} WARNING - Connection pool is full, discarding connection: graph.realtor.com. Connection pool size: 3
[2024-05-16T06:24:16.491+0000] {connectionpool.py:331} WARNING - Connection pool is full, discarding connection: graph.realtor.com. Connection pool size: 10
[2024-05-16T06:24:16.512+0000] {connectionpool.py:331} WARNING - Connection pool is full, discarding connection: graph.realtor.com. Connection pool size: 10
[2024-05-16T06:24:16.514+0000] {connectionpool.py:331} WARNING - Connection pool is full, discarding connection: graph.realtor.com. Connection pool size: 10
[2024-05-16T06:24:16.468+0000] {connectionpool.py:331} WARNING - Connection pool is full, discarding connection: graph.realtor.com. Connection pool size: 10
[2024-05-16T06:24:16.523+0000] {connectionpool.py:331} WARNING - Connection pool is full, discarding connection: graph.realtor.com. Connection pool size: 9
[2024-05-16T06:24:16.510+0000] {connectionpool.py:331} WARNING - Connection pool is full, discarding connection: graph.realtor.com. Connection pool size: 10
[2024-05-16T06:24:16.550+0000] {connectionpool.py:331} WARNING - Connection pool is full, discarding connection: graph.realtor.com. Connection pool size: 10
[2024-05-16T06:24:16.559+0000] {connectionpool.py:331} WARNING - Connection pool is full, discarding connection: graph.realtor.com. Connection pool size: 9
[2024-05-16T06:24:16.567+0000] {connectionpool.py:331} WARNING - Connection pool is full, discarding connection: graph.realtor.com. Connection pool size: 10
[2024-05-16T06:24:16.571+0000] {connectionpool.py:331} WARNING - Connection pool is full, discarding connection: graph.realtor.com. Connection pool size: 10
[2024-05-16T06:24:16.574+0000] {connectionpool.py:331} WARNING - Connection pool is full, discarding connection: graph.realtor.com. Connection pool size: 10
[2024-05-16T06:24:16.576+0000] {connectionpool.py:331} WARNING - Connection pool is full, discarding connection: graph.realtor.com. Connection pool size: 10
[2024-05-16T06:24:16.578+0000] {connectionpool.py:331} WARNING - Connection pool is full, discarding connection: graph.realtor.com. Connection pool size: 10
[2024-05-16T06:24:16.585+0000] {connectionpool.py:331} WARNING - Connection pool is full, discarding connection: graph.realtor.com. Connection pool size: 10
[2024-05-16T06:24:16.586+0000] {connectionpool.py:331} WARNING - Connection pool is full, discarding connection: graph.realtor.com. Connection pool size: 10
[2024-05-16T06:24:16.590+0000] {connectionpool.py:331} WARNING - Connection pool is full, discarding connection: graph.realtor.com. Connection pool size: 9
[2024-05-16T06:24:16.596+0000] {connectionpool.py:331} WARNING - Connection pool is full, discarding connection: graph.realtor.com. Connection pool size: 9
[2024-05-16T06:24:16.604+0000] {connectionpool.py:331} WARNING - Connection pool is full, discarding connection: graph.realtor.com. Connection pool size: 9
[2024-05-16T06:24:16.603+0000] {connectionpool.py:331} WARNING - Connection pool is full, discarding connection: graph.realtor.com. Connection pool size: 9
[2024-05-16T06:24:16.929+0000] {connectionpool.py:331} WARNING - Connection pool is full, discarding connection: graph.realtor.com. Connection pool size: 7
[2024-05-16T06:24:16.938+0000] {connectionpool.py:331} WARNING - Connection pool is full, discarding connection: graph.realtor.com. Connection pool size: 5
[2024-05-16T06:24:16.954+0000] {connectionpool.py:331} WARNING - Connection pool is full, discarding connection: graph.realtor.com. Connection pool size: 4
[2024-05-16T06:24:16.919+0000] {connectionpool.py:331} WARNING - Connection pool is full, discarding connection: graph.realtor.com. Connection pool size: 9
[2024-05-16T06:24:17.482+0000] {connectionpool.py:331} WARNING - Connection pool is full, discarding connection: graph.realtor.com. Connection pool size: 10
[2024-05-16T06:24:17.495+0000] {connectionpool.py:331} WARNING - Connection pool is full, discarding connection: graph.realtor.com. Connection pool size: 10
[2024-05-16T06:24:17.496+0000] {connectionpool.py:331} WARNING - Connection pool is full, discarding connection: graph.realtor.com. Connection pool size: 10
[2024-05-16T06:24:17.503+0000] {connectionpool.py:331} WARNING - Connection pool is full, discarding connection: graph.realtor.com. Connection pool size: 10
[2024-05-16T06:24:17.507+0000] {connectionpool.py:331} WARNING - Connection pool is full, discarding connection: graph.realtor.com. Connection pool size: 9
[2024-05-16T06:24:17.524+0000] {connectionpool.py:331} WARNING - Connection pool is full, discarding connection: graph.realtor.com. Connection pool size: 10
[2024-05-16T06:24:17.532+0000] {connectionpool.py:331} WARNING - Connection pool is full, discarding connection: graph.realtor.com. Connection pool size: 10
[2024-05-16T06:24:17.528+0000] {connectionpool.py:331} WARNING - Connection pool is full, discarding connection: graph.realtor.com. Connection pool size: 10
[2024-05-16T06:24:17.535+0000] {connectionpool.py:331} WARNING - Connection pool is full, discarding connection: graph.realtor.com. Connection pool size: 10
[2024-05-16T06:24:17.539+0000] {connectionpool.py:331} WARNING - Connection pool is full, discarding connection: graph.realtor.com. Connection pool size: 10
[2024-05-16T06:24:17.540+0000] {connectionpool.py:331} WARNING - Connection pool is full, discarding connection: graph.realtor.com. Connection pool size: 10
[2024-05-16T06:24:17.554+0000] {connectionpool.py:331} WARNING - Connection pool is full, discarding connection: graph.realtor.com. Connection pool size: 10
[2024-05-16T06:24:17.576+0000] {connectionpool.py:331} WARNING - Connection pool is full, discarding connection: graph.realtor.com. Connection pool size: 10
[2024-05-16T06:24:17.583+0000] {connectionpool.py:331} WARNING - Connection pool is full, discarding connection: graph.realtor.com. Connection pool size: 10
[2024-05-16T06:24:17.589+0000] {connectionpool.py:331} WARNING - Connection pool is full, discarding connection: graph.realtor.com. Connection pool size: 10
[2024-05-16T06:24:17.588+0000] {connectionpool.py:331} WARNING - Connection pool is full, discarding connection: graph.realtor.com. Connection pool size: 10
[2024-05-16T06:24:17.592+0000] {connectionpool.py:331} WARNING - Connection pool is full, discarding connection: graph.realtor.com. Connection pool size: 10
[2024-05-16T06:24:17.597+0000] {connectionpool.py:331} WARNING - Connection pool is full, discarding connection: graph.realtor.com. Connection pool size: 10
[2024-05-16T06:24:17.600+0000] {connectionpool.py:331} WARNING - Connection pool is full, discarding connection: graph.realtor.com. Connection pool size: 10
[2024-05-16T06:24:17.602+0000] {connectionpool.py:331} WARNING - Connection pool is full, discarding connection: graph.realtor.com. Connection pool size: 10
[2024-05-16T06:24:17.620+0000] {connectionpool.py:331} WARNING - Connection pool is full, discarding connection: graph.realtor.com. Connection pool size: 10
[2024-05-16T06:24:17.631+0000] {connectionpool.py:331} WARNING - Connection pool is full, discarding connection: graph.realtor.com. Connection pool size: 9
[2024-05-16T06:24:17.657+0000] {connectionpool.py:331} WARNING - Connection pool is full, discarding connection: graph.realtor.com. Connection pool size: 9
[2024-05-16T06:24:17.758+0000] {connectionpool.py:331} WARNING - Connection pool is full, discarding connection: graph.realtor.com. Connection pool size: 10
[2024-05-16T06:24:17.762+0000] {connectionpool.py:331} WARNING - Connection pool is full, discarding connection: graph.realtor.com. Connection pool size: 10
[2024-05-16T06:24:17.785+0000] {connectionpool.py:331} WARNING - Connection pool is full, discarding connection: graph.realtor.com. Connection pool size: 10
[2024-05-16T06:24:17.797+0000] {connectionpool.py:331} WARNING - Connection pool is full, discarding connection: graph.realtor.com. Connection pool size: 10
[2024-05-16T06:24:17.827+0000] {connectionpool.py:331} WARNING - Connection pool is full, discarding connection: graph.realtor.com. Connection pool size: 10
[2024-05-16T06:24:17.835+0000] {connectionpool.py:331} WARNING - Connection pool is full, discarding connection: graph.realtor.com. Connection pool size: 10
[2024-05-16T06:24:17.837+0000] {connectionpool.py:331} WARNING - Connection pool is full, discarding connection: graph.realtor.com. Connection pool size: 10
[2024-05-16T06:24:17.831+0000] {connectionpool.py:331} WARNING - Connection pool is full, discarding connection: graph.realtor.com. Connection pool size: 10
[2024-05-16T06:24:17.846+0000] {connectionpool.py:331} WARNING - Connection pool is full, discarding connection: graph.realtor.com. Connection pool size: 10
[2024-05-16T06:24:17.851+0000] {connectionpool.py:331} WARNING - Connection pool is full, discarding connection: graph.realtor.com. Connection pool size: 10
[2024-05-16T06:24:17.853+0000] {connectionpool.py:331} WARNING - Connection pool is full, discarding connection: graph.realtor.com. Connection pool size: 10
[2024-05-16T06:24:17.825+0000] {connectionpool.py:331} WARNING - Connection pool is full, discarding connection: graph.realtor.com. Connection pool size: 10
[2024-05-16T06:24:17.849+0000] {connectionpool.py:331} WARNING - Connection pool is full, discarding connection: graph.realtor.com. Connection pool size: 10
[2024-05-16T06:24:22.861+0000] {python.py:202} INFO - Done. Returned value was:                                            property_url  ...                                         alt_photos
0     https://www.realtor.com/realestateandhomes-det...  ...  http://ap.rdcpix.com/fe8b11a055343a227e0c76332...
1     https://www.realtor.com/realestateandhomes-det...  ...  http://ap.rdcpix.com/e5423bbcf851b8c184dedf4d9...
2     https://www.realtor.com/realestateandhomes-det...  ...  http://ap.rdcpix.com/264bfe191500190f6bc39a677...
3     https://www.realtor.com/realestateandhomes-det...  ...  http://ap.rdcpix.com/8f8ce42e7c943c94bc755b5ba...
4     https://www.realtor.com/realestateandhomes-det...  ...  http://ap.rdcpix.com/ff34ede5c54f72f874af503d3...
...                                                 ...  ...                                                ...
1608  https://www.realtor.com/realestateandhomes-det...  ...  http://ap.rdcpix.com/b02654333163fa08f1195c830...
1609  https://www.realtor.com/realestateandhomes-det...  ...  http://ap.rdcpix.com/9e47037d2da96cf6bf860c584...
1610  https://www.realtor.com/realestateandhomes-det...  ...  http://ap.rdcpix.com/3d74acff68e06687c8cc93906...
1611  https://www.realtor.com/realestateandhomes-det...  ...  http://ap.rdcpix.com/4bf7d959de61fce02b69b5453...
1612  https://www.realtor.com/realestateandhomes-det...  ...  http://ap.rdcpix.com/a9f3aa3254791ba99a755cbc0...

[1613 rows x 43 columns]
[2024-05-16T06:24:23.360+0000] {taskinstance.py:1149} INFO - Marking task as SUCCESS. dag_id=data_pipeline, task_id=acquire_data, execution_date=20240516T062355, start_date=20240516T062401, end_date=20240516T062423
[2024-05-16T06:24:23.402+0000] {local_task_job_runner.py:234} INFO - Task exited with return code 0
[2024-05-16T06:24:23.431+0000] {taskinstance.py:3312} INFO - 1 downstream tasks scheduled from follow-on schedule check
