[2024-04-16T21:29:12.183+0000] {processor.py:161} INFO - Started process (PID=63) to work on /home/airflow/.local/lib/python3.10/site-packages/airflow/example_dags/example_latest_only_with_trigger.py
[2024-04-16T21:29:12.184+0000] {processor.py:830} INFO - Processing file /home/airflow/.local/lib/python3.10/site-packages/airflow/example_dags/example_latest_only_with_trigger.py for tasks to queue
[2024-04-16T21:29:12.186+0000] {logging_mixin.py:188} INFO - [2024-04-16T21:29:12.186+0000] {dagbag.py:540} INFO - Filling up the DagBag from /home/airflow/.local/lib/python3.10/site-packages/airflow/example_dags/example_latest_only_with_trigger.py
[2024-04-16T21:29:12.192+0000] {processor.py:840} INFO - DAG(s) 'latest_only_with_trigger' retrieved from /home/airflow/.local/lib/python3.10/site-packages/airflow/example_dags/example_latest_only_with_trigger.py
[2024-04-16T21:29:12.204+0000] {logging_mixin.py:188} INFO - [2024-04-16T21:29:12.204+0000] {dag.py:3047} INFO - Sync 1 DAGs
[2024-04-16T21:29:12.228+0000] {logging_mixin.py:188} INFO - [2024-04-16T21:29:12.228+0000] {dag.py:3834} INFO - Setting next_dagrun for latest_only_with_trigger to 2024-04-16 16:00:00+00:00, run_after=2024-04-16 20:00:00+00:00
[2024-04-16T21:29:12.248+0000] {processor.py:183} INFO - Processing /home/airflow/.local/lib/python3.10/site-packages/airflow/example_dags/example_latest_only_with_trigger.py took 0.068 seconds
[2024-04-16T21:29:43.839+0000] {processor.py:161} INFO - Started process (PID=118) to work on /home/airflow/.local/lib/python3.10/site-packages/airflow/example_dags/example_latest_only_with_trigger.py
[2024-04-16T21:29:43.840+0000] {processor.py:830} INFO - Processing file /home/airflow/.local/lib/python3.10/site-packages/airflow/example_dags/example_latest_only_with_trigger.py for tasks to queue
[2024-04-16T21:29:43.842+0000] {logging_mixin.py:188} INFO - [2024-04-16T21:29:43.842+0000] {dagbag.py:540} INFO - Filling up the DagBag from /home/airflow/.local/lib/python3.10/site-packages/airflow/example_dags/example_latest_only_with_trigger.py
[2024-04-16T21:29:43.847+0000] {processor.py:840} INFO - DAG(s) 'latest_only_with_trigger' retrieved from /home/airflow/.local/lib/python3.10/site-packages/airflow/example_dags/example_latest_only_with_trigger.py
[2024-04-16T21:29:43.937+0000] {logging_mixin.py:188} INFO - [2024-04-16T21:29:43.937+0000] {dag.py:3047} INFO - Sync 1 DAGs
[2024-04-16T21:29:43.955+0000] {logging_mixin.py:188} INFO - [2024-04-16T21:29:43.955+0000] {dag.py:3834} INFO - Setting next_dagrun for latest_only_with_trigger to 2024-04-16 16:00:00+00:00, run_after=2024-04-16 20:00:00+00:00
[2024-04-16T21:29:43.971+0000] {processor.py:183} INFO - Processing /home/airflow/.local/lib/python3.10/site-packages/airflow/example_dags/example_latest_only_with_trigger.py took 0.135 seconds
[2024-04-16T21:30:14.092+0000] {processor.py:161} INFO - Started process (PID=173) to work on /home/airflow/.local/lib/python3.10/site-packages/airflow/example_dags/example_latest_only_with_trigger.py
[2024-04-16T21:30:14.093+0000] {processor.py:830} INFO - Processing file /home/airflow/.local/lib/python3.10/site-packages/airflow/example_dags/example_latest_only_with_trigger.py for tasks to queue
[2024-04-16T21:30:14.094+0000] {logging_mixin.py:188} INFO - [2024-04-16T21:30:14.094+0000] {dagbag.py:540} INFO - Filling up the DagBag from /home/airflow/.local/lib/python3.10/site-packages/airflow/example_dags/example_latest_only_with_trigger.py
[2024-04-16T21:30:14.100+0000] {processor.py:840} INFO - DAG(s) 'latest_only_with_trigger' retrieved from /home/airflow/.local/lib/python3.10/site-packages/airflow/example_dags/example_latest_only_with_trigger.py
[2024-04-16T21:30:14.118+0000] {logging_mixin.py:188} INFO - [2024-04-16T21:30:14.118+0000] {dag.py:3047} INFO - Sync 1 DAGs
[2024-04-16T21:30:14.136+0000] {logging_mixin.py:188} INFO - [2024-04-16T21:30:14.136+0000] {dag.py:3834} INFO - Setting next_dagrun for latest_only_with_trigger to 2024-04-16 16:00:00+00:00, run_after=2024-04-16 20:00:00+00:00
[2024-04-16T21:30:14.151+0000] {processor.py:183} INFO - Processing /home/airflow/.local/lib/python3.10/site-packages/airflow/example_dags/example_latest_only_with_trigger.py took 0.062 seconds
[2024-04-16T21:30:44.429+0000] {processor.py:161} INFO - Started process (PID=228) to work on /home/airflow/.local/lib/python3.10/site-packages/airflow/example_dags/example_latest_only_with_trigger.py
[2024-04-16T21:30:44.430+0000] {processor.py:830} INFO - Processing file /home/airflow/.local/lib/python3.10/site-packages/airflow/example_dags/example_latest_only_with_trigger.py for tasks to queue
[2024-04-16T21:30:44.431+0000] {logging_mixin.py:188} INFO - [2024-04-16T21:30:44.431+0000] {dagbag.py:540} INFO - Filling up the DagBag from /home/airflow/.local/lib/python3.10/site-packages/airflow/example_dags/example_latest_only_with_trigger.py
[2024-04-16T21:30:44.436+0000] {processor.py:840} INFO - DAG(s) 'latest_only_with_trigger' retrieved from /home/airflow/.local/lib/python3.10/site-packages/airflow/example_dags/example_latest_only_with_trigger.py
[2024-04-16T21:30:44.457+0000] {logging_mixin.py:188} INFO - [2024-04-16T21:30:44.457+0000] {dag.py:3047} INFO - Sync 1 DAGs
[2024-04-16T21:30:44.482+0000] {logging_mixin.py:188} INFO - [2024-04-16T21:30:44.482+0000] {dag.py:3834} INFO - Setting next_dagrun for latest_only_with_trigger to 2024-04-16 16:00:00+00:00, run_after=2024-04-16 20:00:00+00:00
[2024-04-16T21:30:44.505+0000] {processor.py:183} INFO - Processing /home/airflow/.local/lib/python3.10/site-packages/airflow/example_dags/example_latest_only_with_trigger.py took 0.079 seconds
[2024-04-16T21:31:15.409+0000] {processor.py:161} INFO - Started process (PID=283) to work on /home/airflow/.local/lib/python3.10/site-packages/airflow/example_dags/example_latest_only_with_trigger.py
[2024-04-16T21:31:15.410+0000] {processor.py:830} INFO - Processing file /home/airflow/.local/lib/python3.10/site-packages/airflow/example_dags/example_latest_only_with_trigger.py for tasks to queue
[2024-04-16T21:31:15.412+0000] {logging_mixin.py:188} INFO - [2024-04-16T21:31:15.411+0000] {dagbag.py:540} INFO - Filling up the DagBag from /home/airflow/.local/lib/python3.10/site-packages/airflow/example_dags/example_latest_only_with_trigger.py
[2024-04-16T21:31:15.418+0000] {processor.py:840} INFO - DAG(s) 'latest_only_with_trigger' retrieved from /home/airflow/.local/lib/python3.10/site-packages/airflow/example_dags/example_latest_only_with_trigger.py
[2024-04-16T21:31:15.437+0000] {logging_mixin.py:188} INFO - [2024-04-16T21:31:15.437+0000] {dag.py:3047} INFO - Sync 1 DAGs
[2024-04-16T21:31:15.457+0000] {logging_mixin.py:188} INFO - [2024-04-16T21:31:15.457+0000] {dag.py:3834} INFO - Setting next_dagrun for latest_only_with_trigger to 2024-04-16 16:00:00+00:00, run_after=2024-04-16 20:00:00+00:00
[2024-04-16T21:31:15.476+0000] {processor.py:183} INFO - Processing /home/airflow/.local/lib/python3.10/site-packages/airflow/example_dags/example_latest_only_with_trigger.py took 0.071 seconds
[2024-04-16T21:32:13.138+0000] {processor.py:161} INFO - Started process (PID=65) to work on /home/airflow/.local/lib/python3.10/site-packages/airflow/example_dags/example_latest_only_with_trigger.py
[2024-04-16T21:32:13.140+0000] {processor.py:830} INFO - Processing file /home/airflow/.local/lib/python3.10/site-packages/airflow/example_dags/example_latest_only_with_trigger.py for tasks to queue
[2024-04-16T21:32:13.141+0000] {logging_mixin.py:188} INFO - [2024-04-16T21:32:13.141+0000] {dagbag.py:540} INFO - Filling up the DagBag from /home/airflow/.local/lib/python3.10/site-packages/airflow/example_dags/example_latest_only_with_trigger.py
[2024-04-16T21:32:13.147+0000] {processor.py:840} INFO - DAG(s) 'latest_only_with_trigger' retrieved from /home/airflow/.local/lib/python3.10/site-packages/airflow/example_dags/example_latest_only_with_trigger.py
[2024-04-16T21:32:13.158+0000] {logging_mixin.py:188} INFO - [2024-04-16T21:32:13.158+0000] {dag.py:3047} INFO - Sync 1 DAGs
[2024-04-16T21:32:13.180+0000] {logging_mixin.py:188} INFO - [2024-04-16T21:32:13.179+0000] {dag.py:3834} INFO - Setting next_dagrun for latest_only_with_trigger to 2024-04-16 16:00:00+00:00, run_after=2024-04-16 20:00:00+00:00
[2024-04-16T21:32:13.196+0000] {processor.py:183} INFO - Processing /home/airflow/.local/lib/python3.10/site-packages/airflow/example_dags/example_latest_only_with_trigger.py took 0.061 seconds
[2024-04-16T21:32:44.806+0000] {processor.py:161} INFO - Started process (PID=122) to work on /home/airflow/.local/lib/python3.10/site-packages/airflow/example_dags/example_latest_only_with_trigger.py
[2024-04-16T21:32:44.807+0000] {processor.py:830} INFO - Processing file /home/airflow/.local/lib/python3.10/site-packages/airflow/example_dags/example_latest_only_with_trigger.py for tasks to queue
[2024-04-16T21:32:44.809+0000] {logging_mixin.py:188} INFO - [2024-04-16T21:32:44.809+0000] {dagbag.py:540} INFO - Filling up the DagBag from /home/airflow/.local/lib/python3.10/site-packages/airflow/example_dags/example_latest_only_with_trigger.py
[2024-04-16T21:32:44.814+0000] {processor.py:840} INFO - DAG(s) 'latest_only_with_trigger' retrieved from /home/airflow/.local/lib/python3.10/site-packages/airflow/example_dags/example_latest_only_with_trigger.py
[2024-04-16T21:32:44.903+0000] {logging_mixin.py:188} INFO - [2024-04-16T21:32:44.903+0000] {dag.py:3047} INFO - Sync 1 DAGs
[2024-04-16T21:32:44.925+0000] {logging_mixin.py:188} INFO - [2024-04-16T21:32:44.925+0000] {dag.py:3834} INFO - Setting next_dagrun for latest_only_with_trigger to 2024-04-16 16:00:00+00:00, run_after=2024-04-16 20:00:00+00:00
[2024-04-16T21:32:44.946+0000] {processor.py:183} INFO - Processing /home/airflow/.local/lib/python3.10/site-packages/airflow/example_dags/example_latest_only_with_trigger.py took 0.142 seconds
[2024-04-16T21:33:51.346+0000] {processor.py:161} INFO - Started process (PID=65) to work on /home/airflow/.local/lib/python3.10/site-packages/airflow/example_dags/example_latest_only_with_trigger.py
[2024-04-16T21:33:51.347+0000] {processor.py:830} INFO - Processing file /home/airflow/.local/lib/python3.10/site-packages/airflow/example_dags/example_latest_only_with_trigger.py for tasks to queue
[2024-04-16T21:33:51.349+0000] {logging_mixin.py:188} INFO - [2024-04-16T21:33:51.349+0000] {dagbag.py:540} INFO - Filling up the DagBag from /home/airflow/.local/lib/python3.10/site-packages/airflow/example_dags/example_latest_only_with_trigger.py
[2024-04-16T21:33:51.356+0000] {processor.py:840} INFO - DAG(s) 'latest_only_with_trigger' retrieved from /home/airflow/.local/lib/python3.10/site-packages/airflow/example_dags/example_latest_only_with_trigger.py
[2024-04-16T21:33:51.367+0000] {logging_mixin.py:188} INFO - [2024-04-16T21:33:51.367+0000] {dag.py:3047} INFO - Sync 1 DAGs
[2024-04-16T21:33:51.389+0000] {logging_mixin.py:188} INFO - [2024-04-16T21:33:51.389+0000] {dag.py:3834} INFO - Setting next_dagrun for latest_only_with_trigger to 2024-04-16 16:00:00+00:00, run_after=2024-04-16 20:00:00+00:00
[2024-04-16T21:33:51.407+0000] {processor.py:183} INFO - Processing /home/airflow/.local/lib/python3.10/site-packages/airflow/example_dags/example_latest_only_with_trigger.py took 0.065 seconds
[2024-04-16T21:34:23.043+0000] {processor.py:161} INFO - Started process (PID=122) to work on /home/airflow/.local/lib/python3.10/site-packages/airflow/example_dags/example_latest_only_with_trigger.py
[2024-04-16T21:34:23.045+0000] {processor.py:830} INFO - Processing file /home/airflow/.local/lib/python3.10/site-packages/airflow/example_dags/example_latest_only_with_trigger.py for tasks to queue
[2024-04-16T21:34:23.048+0000] {logging_mixin.py:188} INFO - [2024-04-16T21:34:23.047+0000] {dagbag.py:540} INFO - Filling up the DagBag from /home/airflow/.local/lib/python3.10/site-packages/airflow/example_dags/example_latest_only_with_trigger.py
[2024-04-16T21:34:23.054+0000] {processor.py:840} INFO - DAG(s) 'latest_only_with_trigger' retrieved from /home/airflow/.local/lib/python3.10/site-packages/airflow/example_dags/example_latest_only_with_trigger.py
[2024-04-16T21:34:23.198+0000] {logging_mixin.py:188} INFO - [2024-04-16T21:34:23.197+0000] {dag.py:3047} INFO - Sync 1 DAGs
[2024-04-16T21:34:23.232+0000] {logging_mixin.py:188} INFO - [2024-04-16T21:34:23.232+0000] {dag.py:3834} INFO - Setting next_dagrun for latest_only_with_trigger to 2024-04-16 16:00:00+00:00, run_after=2024-04-16 20:00:00+00:00
[2024-04-16T21:34:23.271+0000] {processor.py:183} INFO - Processing /home/airflow/.local/lib/python3.10/site-packages/airflow/example_dags/example_latest_only_with_trigger.py took 0.231 seconds
[2024-04-16T21:34:53.892+0000] {processor.py:161} INFO - Started process (PID=179) to work on /home/airflow/.local/lib/python3.10/site-packages/airflow/example_dags/example_latest_only_with_trigger.py
[2024-04-16T21:34:53.893+0000] {processor.py:830} INFO - Processing file /home/airflow/.local/lib/python3.10/site-packages/airflow/example_dags/example_latest_only_with_trigger.py for tasks to queue
[2024-04-16T21:34:53.895+0000] {logging_mixin.py:188} INFO - [2024-04-16T21:34:53.895+0000] {dagbag.py:540} INFO - Filling up the DagBag from /home/airflow/.local/lib/python3.10/site-packages/airflow/example_dags/example_latest_only_with_trigger.py
[2024-04-16T21:34:53.901+0000] {processor.py:840} INFO - DAG(s) 'latest_only_with_trigger' retrieved from /home/airflow/.local/lib/python3.10/site-packages/airflow/example_dags/example_latest_only_with_trigger.py
[2024-04-16T21:34:53.922+0000] {logging_mixin.py:188} INFO - [2024-04-16T21:34:53.921+0000] {dag.py:3047} INFO - Sync 1 DAGs
[2024-04-16T21:34:53.948+0000] {logging_mixin.py:188} INFO - [2024-04-16T21:34:53.948+0000] {dag.py:3834} INFO - Setting next_dagrun for latest_only_with_trigger to 2024-04-16 16:00:00+00:00, run_after=2024-04-16 20:00:00+00:00
[2024-04-16T21:34:53.968+0000] {processor.py:183} INFO - Processing /home/airflow/.local/lib/python3.10/site-packages/airflow/example_dags/example_latest_only_with_trigger.py took 0.081 seconds
[2024-04-16T21:35:24.024+0000] {processor.py:161} INFO - Started process (PID=236) to work on /home/airflow/.local/lib/python3.10/site-packages/airflow/example_dags/example_latest_only_with_trigger.py
[2024-04-16T21:35:24.025+0000] {processor.py:830} INFO - Processing file /home/airflow/.local/lib/python3.10/site-packages/airflow/example_dags/example_latest_only_with_trigger.py for tasks to queue
[2024-04-16T21:35:24.027+0000] {logging_mixin.py:188} INFO - [2024-04-16T21:35:24.027+0000] {dagbag.py:540} INFO - Filling up the DagBag from /home/airflow/.local/lib/python3.10/site-packages/airflow/example_dags/example_latest_only_with_trigger.py
[2024-04-16T21:35:24.032+0000] {processor.py:840} INFO - DAG(s) 'latest_only_with_trigger' retrieved from /home/airflow/.local/lib/python3.10/site-packages/airflow/example_dags/example_latest_only_with_trigger.py
[2024-04-16T21:35:24.052+0000] {logging_mixin.py:188} INFO - [2024-04-16T21:35:24.052+0000] {dag.py:3047} INFO - Sync 1 DAGs
[2024-04-16T21:35:24.074+0000] {logging_mixin.py:188} INFO - [2024-04-16T21:35:24.074+0000] {dag.py:3834} INFO - Setting next_dagrun for latest_only_with_trigger to 2024-04-16 16:00:00+00:00, run_after=2024-04-16 20:00:00+00:00
[2024-04-16T21:35:24.093+0000] {processor.py:183} INFO - Processing /home/airflow/.local/lib/python3.10/site-packages/airflow/example_dags/example_latest_only_with_trigger.py took 0.072 seconds
[2024-04-16T21:35:54.938+0000] {processor.py:161} INFO - Started process (PID=293) to work on /home/airflow/.local/lib/python3.10/site-packages/airflow/example_dags/example_latest_only_with_trigger.py
[2024-04-16T21:35:54.939+0000] {processor.py:830} INFO - Processing file /home/airflow/.local/lib/python3.10/site-packages/airflow/example_dags/example_latest_only_with_trigger.py for tasks to queue
[2024-04-16T21:35:54.940+0000] {logging_mixin.py:188} INFO - [2024-04-16T21:35:54.940+0000] {dagbag.py:540} INFO - Filling up the DagBag from /home/airflow/.local/lib/python3.10/site-packages/airflow/example_dags/example_latest_only_with_trigger.py
[2024-04-16T21:35:54.945+0000] {processor.py:840} INFO - DAG(s) 'latest_only_with_trigger' retrieved from /home/airflow/.local/lib/python3.10/site-packages/airflow/example_dags/example_latest_only_with_trigger.py
[2024-04-16T21:35:54.964+0000] {logging_mixin.py:188} INFO - [2024-04-16T21:35:54.963+0000] {dag.py:3047} INFO - Sync 1 DAGs
[2024-04-16T21:35:54.982+0000] {logging_mixin.py:188} INFO - [2024-04-16T21:35:54.982+0000] {dag.py:3834} INFO - Setting next_dagrun for latest_only_with_trigger to 2024-04-16 16:00:00+00:00, run_after=2024-04-16 20:00:00+00:00
[2024-04-16T21:35:54.999+0000] {processor.py:183} INFO - Processing /home/airflow/.local/lib/python3.10/site-packages/airflow/example_dags/example_latest_only_with_trigger.py took 0.065 seconds
[2024-04-16T21:36:25.463+0000] {processor.py:161} INFO - Started process (PID=350) to work on /home/airflow/.local/lib/python3.10/site-packages/airflow/example_dags/example_latest_only_with_trigger.py
[2024-04-16T21:36:25.464+0000] {processor.py:830} INFO - Processing file /home/airflow/.local/lib/python3.10/site-packages/airflow/example_dags/example_latest_only_with_trigger.py for tasks to queue
[2024-04-16T21:36:25.466+0000] {logging_mixin.py:188} INFO - [2024-04-16T21:36:25.466+0000] {dagbag.py:540} INFO - Filling up the DagBag from /home/airflow/.local/lib/python3.10/site-packages/airflow/example_dags/example_latest_only_with_trigger.py
[2024-04-16T21:36:25.471+0000] {processor.py:840} INFO - DAG(s) 'latest_only_with_trigger' retrieved from /home/airflow/.local/lib/python3.10/site-packages/airflow/example_dags/example_latest_only_with_trigger.py
[2024-04-16T21:36:25.488+0000] {logging_mixin.py:188} INFO - [2024-04-16T21:36:25.488+0000] {dag.py:3047} INFO - Sync 1 DAGs
[2024-04-16T21:36:25.507+0000] {logging_mixin.py:188} INFO - [2024-04-16T21:36:25.507+0000] {dag.py:3834} INFO - Setting next_dagrun for latest_only_with_trigger to 2024-04-16 16:00:00+00:00, run_after=2024-04-16 20:00:00+00:00
[2024-04-16T21:36:25.527+0000] {processor.py:183} INFO - Processing /home/airflow/.local/lib/python3.10/site-packages/airflow/example_dags/example_latest_only_with_trigger.py took 0.066 seconds
[2024-04-16T21:36:56.116+0000] {processor.py:161} INFO - Started process (PID=407) to work on /home/airflow/.local/lib/python3.10/site-packages/airflow/example_dags/example_latest_only_with_trigger.py
[2024-04-16T21:36:56.117+0000] {processor.py:830} INFO - Processing file /home/airflow/.local/lib/python3.10/site-packages/airflow/example_dags/example_latest_only_with_trigger.py for tasks to queue
[2024-04-16T21:36:56.119+0000] {logging_mixin.py:188} INFO - [2024-04-16T21:36:56.118+0000] {dagbag.py:540} INFO - Filling up the DagBag from /home/airflow/.local/lib/python3.10/site-packages/airflow/example_dags/example_latest_only_with_trigger.py
[2024-04-16T21:36:56.125+0000] {processor.py:840} INFO - DAG(s) 'latest_only_with_trigger' retrieved from /home/airflow/.local/lib/python3.10/site-packages/airflow/example_dags/example_latest_only_with_trigger.py
[2024-04-16T21:36:56.143+0000] {logging_mixin.py:188} INFO - [2024-04-16T21:36:56.143+0000] {dag.py:3047} INFO - Sync 1 DAGs
[2024-04-16T21:36:56.164+0000] {logging_mixin.py:188} INFO - [2024-04-16T21:36:56.163+0000] {dag.py:3834} INFO - Setting next_dagrun for latest_only_with_trigger to 2024-04-16 16:00:00+00:00, run_after=2024-04-16 20:00:00+00:00
[2024-04-16T21:36:56.182+0000] {processor.py:183} INFO - Processing /home/airflow/.local/lib/python3.10/site-packages/airflow/example_dags/example_latest_only_with_trigger.py took 0.070 seconds
[2024-04-16T21:37:26.661+0000] {processor.py:161} INFO - Started process (PID=464) to work on /home/airflow/.local/lib/python3.10/site-packages/airflow/example_dags/example_latest_only_with_trigger.py
[2024-04-16T21:37:26.662+0000] {processor.py:830} INFO - Processing file /home/airflow/.local/lib/python3.10/site-packages/airflow/example_dags/example_latest_only_with_trigger.py for tasks to queue
[2024-04-16T21:37:26.664+0000] {logging_mixin.py:188} INFO - [2024-04-16T21:37:26.664+0000] {dagbag.py:540} INFO - Filling up the DagBag from /home/airflow/.local/lib/python3.10/site-packages/airflow/example_dags/example_latest_only_with_trigger.py
[2024-04-16T21:37:26.669+0000] {processor.py:840} INFO - DAG(s) 'latest_only_with_trigger' retrieved from /home/airflow/.local/lib/python3.10/site-packages/airflow/example_dags/example_latest_only_with_trigger.py
[2024-04-16T21:37:26.687+0000] {logging_mixin.py:188} INFO - [2024-04-16T21:37:26.687+0000] {dag.py:3047} INFO - Sync 1 DAGs
[2024-04-16T21:37:26.708+0000] {logging_mixin.py:188} INFO - [2024-04-16T21:37:26.708+0000] {dag.py:3834} INFO - Setting next_dagrun for latest_only_with_trigger to 2024-04-16 16:00:00+00:00, run_after=2024-04-16 20:00:00+00:00
[2024-04-16T21:37:26.726+0000] {processor.py:183} INFO - Processing /home/airflow/.local/lib/python3.10/site-packages/airflow/example_dags/example_latest_only_with_trigger.py took 0.068 seconds
[2024-04-16T21:37:57.317+0000] {processor.py:161} INFO - Started process (PID=521) to work on /home/airflow/.local/lib/python3.10/site-packages/airflow/example_dags/example_latest_only_with_trigger.py
[2024-04-16T21:37:57.318+0000] {processor.py:830} INFO - Processing file /home/airflow/.local/lib/python3.10/site-packages/airflow/example_dags/example_latest_only_with_trigger.py for tasks to queue
[2024-04-16T21:37:57.320+0000] {logging_mixin.py:188} INFO - [2024-04-16T21:37:57.320+0000] {dagbag.py:540} INFO - Filling up the DagBag from /home/airflow/.local/lib/python3.10/site-packages/airflow/example_dags/example_latest_only_with_trigger.py
[2024-04-16T21:37:57.326+0000] {processor.py:840} INFO - DAG(s) 'latest_only_with_trigger' retrieved from /home/airflow/.local/lib/python3.10/site-packages/airflow/example_dags/example_latest_only_with_trigger.py
[2024-04-16T21:37:57.344+0000] {logging_mixin.py:188} INFO - [2024-04-16T21:37:57.344+0000] {dag.py:3047} INFO - Sync 1 DAGs
[2024-04-16T21:37:57.363+0000] {logging_mixin.py:188} INFO - [2024-04-16T21:37:57.363+0000] {dag.py:3834} INFO - Setting next_dagrun for latest_only_with_trigger to 2024-04-16 16:00:00+00:00, run_after=2024-04-16 20:00:00+00:00
[2024-04-16T21:37:57.381+0000] {processor.py:183} INFO - Processing /home/airflow/.local/lib/python3.10/site-packages/airflow/example_dags/example_latest_only_with_trigger.py took 0.068 seconds
