[2024-04-16T21:29:12.633+0000] {processor.py:161} INFO - Started process (PID=73) to work on /home/airflow/.local/lib/python3.10/site-packages/airflow/example_dags/example_task_group.py
[2024-04-16T21:29:12.634+0000] {processor.py:830} INFO - Processing file /home/airflow/.local/lib/python3.10/site-packages/airflow/example_dags/example_task_group.py for tasks to queue
[2024-04-16T21:29:12.636+0000] {logging_mixin.py:188} INFO - [2024-04-16T21:29:12.636+0000] {dagbag.py:540} INFO - Filling up the DagBag from /home/airflow/.local/lib/python3.10/site-packages/airflow/example_dags/example_task_group.py
[2024-04-16T21:29:12.644+0000] {processor.py:840} INFO - DAG(s) 'example_task_group' retrieved from /home/airflow/.local/lib/python3.10/site-packages/airflow/example_dags/example_task_group.py
[2024-04-16T21:29:12.654+0000] {logging_mixin.py:188} INFO - [2024-04-16T21:29:12.654+0000] {dag.py:3047} INFO - Sync 1 DAGs
[2024-04-16T21:29:12.680+0000] {logging_mixin.py:188} INFO - [2024-04-16T21:29:12.679+0000] {dag.py:3834} INFO - Setting next_dagrun for example_task_group to 2024-04-15 00:00:00+00:00, run_after=2024-04-16 00:00:00+00:00
[2024-04-16T21:29:12.696+0000] {processor.py:183} INFO - Processing /home/airflow/.local/lib/python3.10/site-packages/airflow/example_dags/example_task_group.py took 0.067 seconds
[2024-04-16T21:29:44.641+0000] {processor.py:161} INFO - Started process (PID=128) to work on /home/airflow/.local/lib/python3.10/site-packages/airflow/example_dags/example_task_group.py
[2024-04-16T21:29:44.642+0000] {processor.py:830} INFO - Processing file /home/airflow/.local/lib/python3.10/site-packages/airflow/example_dags/example_task_group.py for tasks to queue
[2024-04-16T21:29:44.644+0000] {logging_mixin.py:188} INFO - [2024-04-16T21:29:44.644+0000] {dagbag.py:540} INFO - Filling up the DagBag from /home/airflow/.local/lib/python3.10/site-packages/airflow/example_dags/example_task_group.py
[2024-04-16T21:29:44.650+0000] {processor.py:840} INFO - DAG(s) 'example_task_group' retrieved from /home/airflow/.local/lib/python3.10/site-packages/airflow/example_dags/example_task_group.py
[2024-04-16T21:29:44.731+0000] {logging_mixin.py:188} INFO - [2024-04-16T21:29:44.731+0000] {dag.py:3047} INFO - Sync 1 DAGs
[2024-04-16T21:29:44.748+0000] {logging_mixin.py:188} INFO - [2024-04-16T21:29:44.748+0000] {dag.py:3834} INFO - Setting next_dagrun for example_task_group to 2024-04-15 00:00:00+00:00, run_after=2024-04-16 00:00:00+00:00
[2024-04-16T21:29:44.765+0000] {processor.py:183} INFO - Processing /home/airflow/.local/lib/python3.10/site-packages/airflow/example_dags/example_task_group.py took 0.127 seconds
[2024-04-16T21:30:15.470+0000] {processor.py:161} INFO - Started process (PID=183) to work on /home/airflow/.local/lib/python3.10/site-packages/airflow/example_dags/example_task_group.py
[2024-04-16T21:30:15.471+0000] {processor.py:830} INFO - Processing file /home/airflow/.local/lib/python3.10/site-packages/airflow/example_dags/example_task_group.py for tasks to queue
[2024-04-16T21:30:15.473+0000] {logging_mixin.py:188} INFO - [2024-04-16T21:30:15.473+0000] {dagbag.py:540} INFO - Filling up the DagBag from /home/airflow/.local/lib/python3.10/site-packages/airflow/example_dags/example_task_group.py
[2024-04-16T21:30:15.480+0000] {processor.py:840} INFO - DAG(s) 'example_task_group' retrieved from /home/airflow/.local/lib/python3.10/site-packages/airflow/example_dags/example_task_group.py
[2024-04-16T21:30:15.498+0000] {logging_mixin.py:188} INFO - [2024-04-16T21:30:15.497+0000] {dag.py:3047} INFO - Sync 1 DAGs
[2024-04-16T21:30:15.518+0000] {logging_mixin.py:188} INFO - [2024-04-16T21:30:15.518+0000] {dag.py:3834} INFO - Setting next_dagrun for example_task_group to 2024-04-15 00:00:00+00:00, run_after=2024-04-16 00:00:00+00:00
[2024-04-16T21:30:15.534+0000] {processor.py:183} INFO - Processing /home/airflow/.local/lib/python3.10/site-packages/airflow/example_dags/example_task_group.py took 0.066 seconds
[2024-04-16T21:30:45.950+0000] {processor.py:161} INFO - Started process (PID=238) to work on /home/airflow/.local/lib/python3.10/site-packages/airflow/example_dags/example_task_group.py
[2024-04-16T21:30:45.951+0000] {processor.py:830} INFO - Processing file /home/airflow/.local/lib/python3.10/site-packages/airflow/example_dags/example_task_group.py for tasks to queue
[2024-04-16T21:30:45.952+0000] {logging_mixin.py:188} INFO - [2024-04-16T21:30:45.952+0000] {dagbag.py:540} INFO - Filling up the DagBag from /home/airflow/.local/lib/python3.10/site-packages/airflow/example_dags/example_task_group.py
[2024-04-16T21:30:45.959+0000] {processor.py:840} INFO - DAG(s) 'example_task_group' retrieved from /home/airflow/.local/lib/python3.10/site-packages/airflow/example_dags/example_task_group.py
[2024-04-16T21:30:45.978+0000] {logging_mixin.py:188} INFO - [2024-04-16T21:30:45.977+0000] {dag.py:3047} INFO - Sync 1 DAGs
[2024-04-16T21:30:45.998+0000] {logging_mixin.py:188} INFO - [2024-04-16T21:30:45.998+0000] {dag.py:3834} INFO - Setting next_dagrun for example_task_group to 2024-04-15 00:00:00+00:00, run_after=2024-04-16 00:00:00+00:00
[2024-04-16T21:30:46.014+0000] {processor.py:183} INFO - Processing /home/airflow/.local/lib/python3.10/site-packages/airflow/example_dags/example_task_group.py took 0.068 seconds
[2024-04-16T21:31:16.902+0000] {processor.py:161} INFO - Started process (PID=293) to work on /home/airflow/.local/lib/python3.10/site-packages/airflow/example_dags/example_task_group.py
[2024-04-16T21:31:16.903+0000] {processor.py:830} INFO - Processing file /home/airflow/.local/lib/python3.10/site-packages/airflow/example_dags/example_task_group.py for tasks to queue
[2024-04-16T21:31:16.905+0000] {logging_mixin.py:188} INFO - [2024-04-16T21:31:16.905+0000] {dagbag.py:540} INFO - Filling up the DagBag from /home/airflow/.local/lib/python3.10/site-packages/airflow/example_dags/example_task_group.py
[2024-04-16T21:31:16.912+0000] {processor.py:840} INFO - DAG(s) 'example_task_group' retrieved from /home/airflow/.local/lib/python3.10/site-packages/airflow/example_dags/example_task_group.py
[2024-04-16T21:31:16.932+0000] {logging_mixin.py:188} INFO - [2024-04-16T21:31:16.932+0000] {dag.py:3047} INFO - Sync 1 DAGs
[2024-04-16T21:31:16.954+0000] {logging_mixin.py:188} INFO - [2024-04-16T21:31:16.954+0000] {dag.py:3834} INFO - Setting next_dagrun for example_task_group to 2024-04-15 00:00:00+00:00, run_after=2024-04-16 00:00:00+00:00
[2024-04-16T21:31:16.970+0000] {processor.py:183} INFO - Processing /home/airflow/.local/lib/python3.10/site-packages/airflow/example_dags/example_task_group.py took 0.071 seconds
[2024-04-16T21:32:13.586+0000] {processor.py:161} INFO - Started process (PID=75) to work on /home/airflow/.local/lib/python3.10/site-packages/airflow/example_dags/example_task_group.py
[2024-04-16T21:32:13.587+0000] {processor.py:830} INFO - Processing file /home/airflow/.local/lib/python3.10/site-packages/airflow/example_dags/example_task_group.py for tasks to queue
[2024-04-16T21:32:13.589+0000] {logging_mixin.py:188} INFO - [2024-04-16T21:32:13.589+0000] {dagbag.py:540} INFO - Filling up the DagBag from /home/airflow/.local/lib/python3.10/site-packages/airflow/example_dags/example_task_group.py
[2024-04-16T21:32:13.596+0000] {processor.py:840} INFO - DAG(s) 'example_task_group' retrieved from /home/airflow/.local/lib/python3.10/site-packages/airflow/example_dags/example_task_group.py
[2024-04-16T21:32:13.606+0000] {logging_mixin.py:188} INFO - [2024-04-16T21:32:13.606+0000] {dag.py:3047} INFO - Sync 1 DAGs
[2024-04-16T21:32:13.627+0000] {logging_mixin.py:188} INFO - [2024-04-16T21:32:13.627+0000] {dag.py:3834} INFO - Setting next_dagrun for example_task_group to 2024-04-15 00:00:00+00:00, run_after=2024-04-16 00:00:00+00:00
[2024-04-16T21:32:13.642+0000] {processor.py:183} INFO - Processing /home/airflow/.local/lib/python3.10/site-packages/airflow/example_dags/example_task_group.py took 0.060 seconds
[2024-04-16T21:32:45.681+0000] {processor.py:161} INFO - Started process (PID=132) to work on /home/airflow/.local/lib/python3.10/site-packages/airflow/example_dags/example_task_group.py
[2024-04-16T21:32:45.682+0000] {processor.py:830} INFO - Processing file /home/airflow/.local/lib/python3.10/site-packages/airflow/example_dags/example_task_group.py for tasks to queue
[2024-04-16T21:32:45.684+0000] {logging_mixin.py:188} INFO - [2024-04-16T21:32:45.684+0000] {dagbag.py:540} INFO - Filling up the DagBag from /home/airflow/.local/lib/python3.10/site-packages/airflow/example_dags/example_task_group.py
[2024-04-16T21:32:45.691+0000] {processor.py:840} INFO - DAG(s) 'example_task_group' retrieved from /home/airflow/.local/lib/python3.10/site-packages/airflow/example_dags/example_task_group.py
[2024-04-16T21:32:45.784+0000] {logging_mixin.py:188} INFO - [2024-04-16T21:32:45.784+0000] {dag.py:3047} INFO - Sync 1 DAGs
[2024-04-16T21:32:45.801+0000] {logging_mixin.py:188} INFO - [2024-04-16T21:32:45.801+0000] {dag.py:3834} INFO - Setting next_dagrun for example_task_group to 2024-04-15 00:00:00+00:00, run_after=2024-04-16 00:00:00+00:00
[2024-04-16T21:32:45.819+0000] {processor.py:183} INFO - Processing /home/airflow/.local/lib/python3.10/site-packages/airflow/example_dags/example_task_group.py took 0.141 seconds
[2024-04-16T21:33:51.872+0000] {processor.py:161} INFO - Started process (PID=75) to work on /home/airflow/.local/lib/python3.10/site-packages/airflow/example_dags/example_task_group.py
[2024-04-16T21:33:51.874+0000] {processor.py:830} INFO - Processing file /home/airflow/.local/lib/python3.10/site-packages/airflow/example_dags/example_task_group.py for tasks to queue
[2024-04-16T21:33:51.875+0000] {logging_mixin.py:188} INFO - [2024-04-16T21:33:51.875+0000] {dagbag.py:540} INFO - Filling up the DagBag from /home/airflow/.local/lib/python3.10/site-packages/airflow/example_dags/example_task_group.py
[2024-04-16T21:33:51.882+0000] {processor.py:840} INFO - DAG(s) 'example_task_group' retrieved from /home/airflow/.local/lib/python3.10/site-packages/airflow/example_dags/example_task_group.py
[2024-04-16T21:33:51.892+0000] {logging_mixin.py:188} INFO - [2024-04-16T21:33:51.892+0000] {dag.py:3047} INFO - Sync 1 DAGs
[2024-04-16T21:33:51.916+0000] {logging_mixin.py:188} INFO - [2024-04-16T21:33:51.915+0000] {dag.py:3834} INFO - Setting next_dagrun for example_task_group to 2024-04-15 00:00:00+00:00, run_after=2024-04-16 00:00:00+00:00
[2024-04-16T21:33:51.936+0000] {processor.py:183} INFO - Processing /home/airflow/.local/lib/python3.10/site-packages/airflow/example_dags/example_task_group.py took 0.066 seconds
[2024-04-16T21:34:24.051+0000] {processor.py:161} INFO - Started process (PID=132) to work on /home/airflow/.local/lib/python3.10/site-packages/airflow/example_dags/example_task_group.py
[2024-04-16T21:34:24.053+0000] {processor.py:830} INFO - Processing file /home/airflow/.local/lib/python3.10/site-packages/airflow/example_dags/example_task_group.py for tasks to queue
[2024-04-16T21:34:24.055+0000] {logging_mixin.py:188} INFO - [2024-04-16T21:34:24.054+0000] {dagbag.py:540} INFO - Filling up the DagBag from /home/airflow/.local/lib/python3.10/site-packages/airflow/example_dags/example_task_group.py
[2024-04-16T21:34:24.062+0000] {processor.py:840} INFO - DAG(s) 'example_task_group' retrieved from /home/airflow/.local/lib/python3.10/site-packages/airflow/example_dags/example_task_group.py
[2024-04-16T21:34:24.164+0000] {logging_mixin.py:188} INFO - [2024-04-16T21:34:24.164+0000] {dag.py:3047} INFO - Sync 1 DAGs
[2024-04-16T21:34:24.184+0000] {logging_mixin.py:188} INFO - [2024-04-16T21:34:24.183+0000] {dag.py:3834} INFO - Setting next_dagrun for example_task_group to 2024-04-15 00:00:00+00:00, run_after=2024-04-16 00:00:00+00:00
[2024-04-16T21:34:24.204+0000] {processor.py:183} INFO - Processing /home/airflow/.local/lib/python3.10/site-packages/airflow/example_dags/example_task_group.py took 0.156 seconds
[2024-04-16T21:34:54.427+0000] {processor.py:161} INFO - Started process (PID=189) to work on /home/airflow/.local/lib/python3.10/site-packages/airflow/example_dags/example_task_group.py
[2024-04-16T21:34:54.428+0000] {processor.py:830} INFO - Processing file /home/airflow/.local/lib/python3.10/site-packages/airflow/example_dags/example_task_group.py for tasks to queue
[2024-04-16T21:34:54.430+0000] {logging_mixin.py:188} INFO - [2024-04-16T21:34:54.430+0000] {dagbag.py:540} INFO - Filling up the DagBag from /home/airflow/.local/lib/python3.10/site-packages/airflow/example_dags/example_task_group.py
[2024-04-16T21:34:54.439+0000] {processor.py:840} INFO - DAG(s) 'example_task_group' retrieved from /home/airflow/.local/lib/python3.10/site-packages/airflow/example_dags/example_task_group.py
[2024-04-16T21:34:54.460+0000] {logging_mixin.py:188} INFO - [2024-04-16T21:34:54.459+0000] {dag.py:3047} INFO - Sync 1 DAGs
[2024-04-16T21:34:54.481+0000] {logging_mixin.py:188} INFO - [2024-04-16T21:34:54.481+0000] {dag.py:3834} INFO - Setting next_dagrun for example_task_group to 2024-04-15 00:00:00+00:00, run_after=2024-04-16 00:00:00+00:00
[2024-04-16T21:34:54.497+0000] {processor.py:183} INFO - Processing /home/airflow/.local/lib/python3.10/site-packages/airflow/example_dags/example_task_group.py took 0.073 seconds
[2024-04-16T21:35:24.587+0000] {processor.py:161} INFO - Started process (PID=246) to work on /home/airflow/.local/lib/python3.10/site-packages/airflow/example_dags/example_task_group.py
[2024-04-16T21:35:24.588+0000] {processor.py:830} INFO - Processing file /home/airflow/.local/lib/python3.10/site-packages/airflow/example_dags/example_task_group.py for tasks to queue
[2024-04-16T21:35:24.590+0000] {logging_mixin.py:188} INFO - [2024-04-16T21:35:24.590+0000] {dagbag.py:540} INFO - Filling up the DagBag from /home/airflow/.local/lib/python3.10/site-packages/airflow/example_dags/example_task_group.py
[2024-04-16T21:35:24.597+0000] {processor.py:840} INFO - DAG(s) 'example_task_group' retrieved from /home/airflow/.local/lib/python3.10/site-packages/airflow/example_dags/example_task_group.py
[2024-04-16T21:35:24.617+0000] {logging_mixin.py:188} INFO - [2024-04-16T21:35:24.617+0000] {dag.py:3047} INFO - Sync 1 DAGs
[2024-04-16T21:35:24.638+0000] {logging_mixin.py:188} INFO - [2024-04-16T21:35:24.637+0000] {dag.py:3834} INFO - Setting next_dagrun for example_task_group to 2024-04-15 00:00:00+00:00, run_after=2024-04-16 00:00:00+00:00
[2024-04-16T21:35:24.654+0000] {processor.py:183} INFO - Processing /home/airflow/.local/lib/python3.10/site-packages/airflow/example_dags/example_task_group.py took 0.070 seconds
[2024-04-16T21:35:55.424+0000] {processor.py:161} INFO - Started process (PID=303) to work on /home/airflow/.local/lib/python3.10/site-packages/airflow/example_dags/example_task_group.py
[2024-04-16T21:35:55.425+0000] {processor.py:830} INFO - Processing file /home/airflow/.local/lib/python3.10/site-packages/airflow/example_dags/example_task_group.py for tasks to queue
[2024-04-16T21:35:55.427+0000] {logging_mixin.py:188} INFO - [2024-04-16T21:35:55.426+0000] {dagbag.py:540} INFO - Filling up the DagBag from /home/airflow/.local/lib/python3.10/site-packages/airflow/example_dags/example_task_group.py
[2024-04-16T21:35:55.433+0000] {processor.py:840} INFO - DAG(s) 'example_task_group' retrieved from /home/airflow/.local/lib/python3.10/site-packages/airflow/example_dags/example_task_group.py
[2024-04-16T21:35:55.454+0000] {logging_mixin.py:188} INFO - [2024-04-16T21:35:55.453+0000] {dag.py:3047} INFO - Sync 1 DAGs
[2024-04-16T21:35:55.475+0000] {logging_mixin.py:188} INFO - [2024-04-16T21:35:55.475+0000] {dag.py:3834} INFO - Setting next_dagrun for example_task_group to 2024-04-15 00:00:00+00:00, run_after=2024-04-16 00:00:00+00:00
[2024-04-16T21:35:55.491+0000] {processor.py:183} INFO - Processing /home/airflow/.local/lib/python3.10/site-packages/airflow/example_dags/example_task_group.py took 0.071 seconds
[2024-04-16T21:36:25.968+0000] {processor.py:161} INFO - Started process (PID=360) to work on /home/airflow/.local/lib/python3.10/site-packages/airflow/example_dags/example_task_group.py
[2024-04-16T21:36:25.969+0000] {processor.py:830} INFO - Processing file /home/airflow/.local/lib/python3.10/site-packages/airflow/example_dags/example_task_group.py for tasks to queue
[2024-04-16T21:36:25.972+0000] {logging_mixin.py:188} INFO - [2024-04-16T21:36:25.971+0000] {dagbag.py:540} INFO - Filling up the DagBag from /home/airflow/.local/lib/python3.10/site-packages/airflow/example_dags/example_task_group.py
[2024-04-16T21:36:25.979+0000] {processor.py:840} INFO - DAG(s) 'example_task_group' retrieved from /home/airflow/.local/lib/python3.10/site-packages/airflow/example_dags/example_task_group.py
[2024-04-16T21:36:25.998+0000] {logging_mixin.py:188} INFO - [2024-04-16T21:36:25.998+0000] {dag.py:3047} INFO - Sync 1 DAGs
[2024-04-16T21:36:26.020+0000] {logging_mixin.py:188} INFO - [2024-04-16T21:36:26.019+0000] {dag.py:3834} INFO - Setting next_dagrun for example_task_group to 2024-04-15 00:00:00+00:00, run_after=2024-04-16 00:00:00+00:00
[2024-04-16T21:36:26.037+0000] {processor.py:183} INFO - Processing /home/airflow/.local/lib/python3.10/site-packages/airflow/example_dags/example_task_group.py took 0.072 seconds
[2024-04-16T21:36:56.611+0000] {processor.py:161} INFO - Started process (PID=417) to work on /home/airflow/.local/lib/python3.10/site-packages/airflow/example_dags/example_task_group.py
[2024-04-16T21:36:56.612+0000] {processor.py:830} INFO - Processing file /home/airflow/.local/lib/python3.10/site-packages/airflow/example_dags/example_task_group.py for tasks to queue
[2024-04-16T21:36:56.614+0000] {logging_mixin.py:188} INFO - [2024-04-16T21:36:56.613+0000] {dagbag.py:540} INFO - Filling up the DagBag from /home/airflow/.local/lib/python3.10/site-packages/airflow/example_dags/example_task_group.py
[2024-04-16T21:36:56.621+0000] {processor.py:840} INFO - DAG(s) 'example_task_group' retrieved from /home/airflow/.local/lib/python3.10/site-packages/airflow/example_dags/example_task_group.py
[2024-04-16T21:36:56.640+0000] {logging_mixin.py:188} INFO - [2024-04-16T21:36:56.640+0000] {dag.py:3047} INFO - Sync 1 DAGs
[2024-04-16T21:36:56.662+0000] {logging_mixin.py:188} INFO - [2024-04-16T21:36:56.662+0000] {dag.py:3834} INFO - Setting next_dagrun for example_task_group to 2024-04-15 00:00:00+00:00, run_after=2024-04-16 00:00:00+00:00
[2024-04-16T21:36:56.679+0000] {processor.py:183} INFO - Processing /home/airflow/.local/lib/python3.10/site-packages/airflow/example_dags/example_task_group.py took 0.071 seconds
[2024-04-16T21:37:27.139+0000] {processor.py:161} INFO - Started process (PID=474) to work on /home/airflow/.local/lib/python3.10/site-packages/airflow/example_dags/example_task_group.py
[2024-04-16T21:37:27.140+0000] {processor.py:830} INFO - Processing file /home/airflow/.local/lib/python3.10/site-packages/airflow/example_dags/example_task_group.py for tasks to queue
[2024-04-16T21:37:27.142+0000] {logging_mixin.py:188} INFO - [2024-04-16T21:37:27.141+0000] {dagbag.py:540} INFO - Filling up the DagBag from /home/airflow/.local/lib/python3.10/site-packages/airflow/example_dags/example_task_group.py
[2024-04-16T21:37:27.149+0000] {processor.py:840} INFO - DAG(s) 'example_task_group' retrieved from /home/airflow/.local/lib/python3.10/site-packages/airflow/example_dags/example_task_group.py
[2024-04-16T21:37:27.168+0000] {logging_mixin.py:188} INFO - [2024-04-16T21:37:27.167+0000] {dag.py:3047} INFO - Sync 1 DAGs
[2024-04-16T21:37:27.188+0000] {logging_mixin.py:188} INFO - [2024-04-16T21:37:27.188+0000] {dag.py:3834} INFO - Setting next_dagrun for example_task_group to 2024-04-15 00:00:00+00:00, run_after=2024-04-16 00:00:00+00:00
[2024-04-16T21:37:27.205+0000] {processor.py:183} INFO - Processing /home/airflow/.local/lib/python3.10/site-packages/airflow/example_dags/example_task_group.py took 0.069 seconds
[2024-04-16T21:37:57.807+0000] {processor.py:161} INFO - Started process (PID=531) to work on /home/airflow/.local/lib/python3.10/site-packages/airflow/example_dags/example_task_group.py
[2024-04-16T21:37:57.809+0000] {processor.py:830} INFO - Processing file /home/airflow/.local/lib/python3.10/site-packages/airflow/example_dags/example_task_group.py for tasks to queue
[2024-04-16T21:37:57.810+0000] {logging_mixin.py:188} INFO - [2024-04-16T21:37:57.810+0000] {dagbag.py:540} INFO - Filling up the DagBag from /home/airflow/.local/lib/python3.10/site-packages/airflow/example_dags/example_task_group.py
[2024-04-16T21:37:57.817+0000] {processor.py:840} INFO - DAG(s) 'example_task_group' retrieved from /home/airflow/.local/lib/python3.10/site-packages/airflow/example_dags/example_task_group.py
[2024-04-16T21:37:57.837+0000] {logging_mixin.py:188} INFO - [2024-04-16T21:37:57.837+0000] {dag.py:3047} INFO - Sync 1 DAGs
[2024-04-16T21:37:57.858+0000] {logging_mixin.py:188} INFO - [2024-04-16T21:37:57.857+0000] {dag.py:3834} INFO - Setting next_dagrun for example_task_group to 2024-04-15 00:00:00+00:00, run_after=2024-04-16 00:00:00+00:00
[2024-04-16T21:37:57.875+0000] {processor.py:183} INFO - Processing /home/airflow/.local/lib/python3.10/site-packages/airflow/example_dags/example_task_group.py took 0.071 seconds
[2024-04-16T21:38:28.436+0000] {processor.py:161} INFO - Started process (PID=588) to work on /home/airflow/.local/lib/python3.10/site-packages/airflow/example_dags/example_task_group.py
[2024-04-16T21:38:28.437+0000] {processor.py:830} INFO - Processing file /home/airflow/.local/lib/python3.10/site-packages/airflow/example_dags/example_task_group.py for tasks to queue
[2024-04-16T21:38:28.439+0000] {logging_mixin.py:188} INFO - [2024-04-16T21:38:28.439+0000] {dagbag.py:540} INFO - Filling up the DagBag from /home/airflow/.local/lib/python3.10/site-packages/airflow/example_dags/example_task_group.py
[2024-04-16T21:38:28.446+0000] {processor.py:840} INFO - DAG(s) 'example_task_group' retrieved from /home/airflow/.local/lib/python3.10/site-packages/airflow/example_dags/example_task_group.py
[2024-04-16T21:38:28.467+0000] {logging_mixin.py:188} INFO - [2024-04-16T21:38:28.467+0000] {dag.py:3047} INFO - Sync 1 DAGs
[2024-04-16T21:38:28.486+0000] {logging_mixin.py:188} INFO - [2024-04-16T21:38:28.486+0000] {dag.py:3834} INFO - Setting next_dagrun for example_task_group to 2024-04-15 00:00:00+00:00, run_after=2024-04-16 00:00:00+00:00
[2024-04-16T21:38:28.504+0000] {processor.py:183} INFO - Processing /home/airflow/.local/lib/python3.10/site-packages/airflow/example_dags/example_task_group.py took 0.072 seconds
[2024-04-16T21:38:59.079+0000] {processor.py:161} INFO - Started process (PID=645) to work on /home/airflow/.local/lib/python3.10/site-packages/airflow/example_dags/example_task_group.py
[2024-04-16T21:38:59.080+0000] {processor.py:830} INFO - Processing file /home/airflow/.local/lib/python3.10/site-packages/airflow/example_dags/example_task_group.py for tasks to queue
[2024-04-16T21:38:59.081+0000] {logging_mixin.py:188} INFO - [2024-04-16T21:38:59.081+0000] {dagbag.py:540} INFO - Filling up the DagBag from /home/airflow/.local/lib/python3.10/site-packages/airflow/example_dags/example_task_group.py
[2024-04-16T21:38:59.088+0000] {processor.py:840} INFO - DAG(s) 'example_task_group' retrieved from /home/airflow/.local/lib/python3.10/site-packages/airflow/example_dags/example_task_group.py
[2024-04-16T21:38:59.108+0000] {logging_mixin.py:188} INFO - [2024-04-16T21:38:59.107+0000] {dag.py:3047} INFO - Sync 1 DAGs
[2024-04-16T21:38:59.129+0000] {logging_mixin.py:188} INFO - [2024-04-16T21:38:59.129+0000] {dag.py:3834} INFO - Setting next_dagrun for example_task_group to 2024-04-15 00:00:00+00:00, run_after=2024-04-16 00:00:00+00:00
[2024-04-16T21:38:59.146+0000] {processor.py:183} INFO - Processing /home/airflow/.local/lib/python3.10/site-packages/airflow/example_dags/example_task_group.py took 0.071 seconds
[2024-04-16T21:39:29.806+0000] {processor.py:161} INFO - Started process (PID=702) to work on /home/airflow/.local/lib/python3.10/site-packages/airflow/example_dags/example_task_group.py
[2024-04-16T21:39:29.807+0000] {processor.py:830} INFO - Processing file /home/airflow/.local/lib/python3.10/site-packages/airflow/example_dags/example_task_group.py for tasks to queue
[2024-04-16T21:39:29.809+0000] {logging_mixin.py:188} INFO - [2024-04-16T21:39:29.809+0000] {dagbag.py:540} INFO - Filling up the DagBag from /home/airflow/.local/lib/python3.10/site-packages/airflow/example_dags/example_task_group.py
[2024-04-16T21:39:29.816+0000] {processor.py:840} INFO - DAG(s) 'example_task_group' retrieved from /home/airflow/.local/lib/python3.10/site-packages/airflow/example_dags/example_task_group.py
[2024-04-16T21:39:29.836+0000] {logging_mixin.py:188} INFO - [2024-04-16T21:39:29.836+0000] {dag.py:3047} INFO - Sync 1 DAGs
[2024-04-16T21:39:29.857+0000] {logging_mixin.py:188} INFO - [2024-04-16T21:39:29.857+0000] {dag.py:3834} INFO - Setting next_dagrun for example_task_group to 2024-04-15 00:00:00+00:00, run_after=2024-04-16 00:00:00+00:00
[2024-04-16T21:39:29.875+0000] {processor.py:183} INFO - Processing /home/airflow/.local/lib/python3.10/site-packages/airflow/example_dags/example_task_group.py took 0.072 seconds
[2024-04-16T21:40:00.454+0000] {processor.py:161} INFO - Started process (PID=759) to work on /home/airflow/.local/lib/python3.10/site-packages/airflow/example_dags/example_task_group.py
[2024-04-16T21:40:00.455+0000] {processor.py:830} INFO - Processing file /home/airflow/.local/lib/python3.10/site-packages/airflow/example_dags/example_task_group.py for tasks to queue
[2024-04-16T21:40:00.457+0000] {logging_mixin.py:188} INFO - [2024-04-16T21:40:00.457+0000] {dagbag.py:540} INFO - Filling up the DagBag from /home/airflow/.local/lib/python3.10/site-packages/airflow/example_dags/example_task_group.py
[2024-04-16T21:40:00.464+0000] {processor.py:840} INFO - DAG(s) 'example_task_group' retrieved from /home/airflow/.local/lib/python3.10/site-packages/airflow/example_dags/example_task_group.py
[2024-04-16T21:40:00.485+0000] {logging_mixin.py:188} INFO - [2024-04-16T21:40:00.484+0000] {dag.py:3047} INFO - Sync 1 DAGs
[2024-04-16T21:40:00.506+0000] {logging_mixin.py:188} INFO - [2024-04-16T21:40:00.506+0000] {dag.py:3834} INFO - Setting next_dagrun for example_task_group to 2024-04-15 00:00:00+00:00, run_after=2024-04-16 00:00:00+00:00
[2024-04-16T21:40:00.524+0000] {processor.py:183} INFO - Processing /home/airflow/.local/lib/python3.10/site-packages/airflow/example_dags/example_task_group.py took 0.073 seconds
[2024-04-16T21:40:31.055+0000] {processor.py:161} INFO - Started process (PID=816) to work on /home/airflow/.local/lib/python3.10/site-packages/airflow/example_dags/example_task_group.py
[2024-04-16T21:40:31.056+0000] {processor.py:830} INFO - Processing file /home/airflow/.local/lib/python3.10/site-packages/airflow/example_dags/example_task_group.py for tasks to queue
[2024-04-16T21:40:31.058+0000] {logging_mixin.py:188} INFO - [2024-04-16T21:40:31.058+0000] {dagbag.py:540} INFO - Filling up the DagBag from /home/airflow/.local/lib/python3.10/site-packages/airflow/example_dags/example_task_group.py
[2024-04-16T21:40:31.065+0000] {processor.py:840} INFO - DAG(s) 'example_task_group' retrieved from /home/airflow/.local/lib/python3.10/site-packages/airflow/example_dags/example_task_group.py
[2024-04-16T21:40:31.084+0000] {logging_mixin.py:188} INFO - [2024-04-16T21:40:31.084+0000] {dag.py:3047} INFO - Sync 1 DAGs
[2024-04-16T21:40:31.105+0000] {logging_mixin.py:188} INFO - [2024-04-16T21:40:31.105+0000] {dag.py:3834} INFO - Setting next_dagrun for example_task_group to 2024-04-15 00:00:00+00:00, run_after=2024-04-16 00:00:00+00:00
[2024-04-16T21:40:31.122+0000] {processor.py:183} INFO - Processing /home/airflow/.local/lib/python3.10/site-packages/airflow/example_dags/example_task_group.py took 0.070 seconds
[2024-04-16T21:41:01.554+0000] {processor.py:161} INFO - Started process (PID=873) to work on /home/airflow/.local/lib/python3.10/site-packages/airflow/example_dags/example_task_group.py
[2024-04-16T21:41:01.555+0000] {processor.py:830} INFO - Processing file /home/airflow/.local/lib/python3.10/site-packages/airflow/example_dags/example_task_group.py for tasks to queue
[2024-04-16T21:41:01.556+0000] {logging_mixin.py:188} INFO - [2024-04-16T21:41:01.556+0000] {dagbag.py:540} INFO - Filling up the DagBag from /home/airflow/.local/lib/python3.10/site-packages/airflow/example_dags/example_task_group.py
[2024-04-16T21:41:01.562+0000] {processor.py:840} INFO - DAG(s) 'example_task_group' retrieved from /home/airflow/.local/lib/python3.10/site-packages/airflow/example_dags/example_task_group.py
[2024-04-16T21:41:01.581+0000] {logging_mixin.py:188} INFO - [2024-04-16T21:41:01.580+0000] {dag.py:3047} INFO - Sync 1 DAGs
[2024-04-16T21:41:01.600+0000] {logging_mixin.py:188} INFO - [2024-04-16T21:41:01.600+0000] {dag.py:3834} INFO - Setting next_dagrun for example_task_group to 2024-04-15 00:00:00+00:00, run_after=2024-04-16 00:00:00+00:00
[2024-04-16T21:41:01.619+0000] {processor.py:183} INFO - Processing /home/airflow/.local/lib/python3.10/site-packages/airflow/example_dags/example_task_group.py took 0.068 seconds
[2024-04-16T21:41:32.043+0000] {processor.py:161} INFO - Started process (PID=930) to work on /home/airflow/.local/lib/python3.10/site-packages/airflow/example_dags/example_task_group.py
[2024-04-16T21:41:32.043+0000] {processor.py:830} INFO - Processing file /home/airflow/.local/lib/python3.10/site-packages/airflow/example_dags/example_task_group.py for tasks to queue
[2024-04-16T21:41:32.045+0000] {logging_mixin.py:188} INFO - [2024-04-16T21:41:32.045+0000] {dagbag.py:540} INFO - Filling up the DagBag from /home/airflow/.local/lib/python3.10/site-packages/airflow/example_dags/example_task_group.py
[2024-04-16T21:41:32.052+0000] {processor.py:840} INFO - DAG(s) 'example_task_group' retrieved from /home/airflow/.local/lib/python3.10/site-packages/airflow/example_dags/example_task_group.py
[2024-04-16T21:41:32.071+0000] {logging_mixin.py:188} INFO - [2024-04-16T21:41:32.071+0000] {dag.py:3047} INFO - Sync 1 DAGs
[2024-04-16T21:41:32.090+0000] {logging_mixin.py:188} INFO - [2024-04-16T21:41:32.090+0000] {dag.py:3834} INFO - Setting next_dagrun for example_task_group to 2024-04-15 00:00:00+00:00, run_after=2024-04-16 00:00:00+00:00
[2024-04-16T21:41:32.106+0000] {processor.py:183} INFO - Processing /home/airflow/.local/lib/python3.10/site-packages/airflow/example_dags/example_task_group.py took 0.067 seconds
[2024-04-16T21:42:02.504+0000] {processor.py:161} INFO - Started process (PID=987) to work on /home/airflow/.local/lib/python3.10/site-packages/airflow/example_dags/example_task_group.py
[2024-04-16T21:42:02.504+0000] {processor.py:830} INFO - Processing file /home/airflow/.local/lib/python3.10/site-packages/airflow/example_dags/example_task_group.py for tasks to queue
[2024-04-16T21:42:02.506+0000] {logging_mixin.py:188} INFO - [2024-04-16T21:42:02.506+0000] {dagbag.py:540} INFO - Filling up the DagBag from /home/airflow/.local/lib/python3.10/site-packages/airflow/example_dags/example_task_group.py
[2024-04-16T21:42:02.513+0000] {processor.py:840} INFO - DAG(s) 'example_task_group' retrieved from /home/airflow/.local/lib/python3.10/site-packages/airflow/example_dags/example_task_group.py
[2024-04-16T21:42:02.531+0000] {logging_mixin.py:188} INFO - [2024-04-16T21:42:02.531+0000] {dag.py:3047} INFO - Sync 1 DAGs
[2024-04-16T21:42:02.551+0000] {logging_mixin.py:188} INFO - [2024-04-16T21:42:02.550+0000] {dag.py:3834} INFO - Setting next_dagrun for example_task_group to 2024-04-15 00:00:00+00:00, run_after=2024-04-16 00:00:00+00:00
[2024-04-16T21:42:02.566+0000] {processor.py:183} INFO - Processing /home/airflow/.local/lib/python3.10/site-packages/airflow/example_dags/example_task_group.py took 0.066 seconds
[2024-04-16T21:42:32.995+0000] {processor.py:161} INFO - Started process (PID=1044) to work on /home/airflow/.local/lib/python3.10/site-packages/airflow/example_dags/example_task_group.py
[2024-04-16T21:42:32.996+0000] {processor.py:830} INFO - Processing file /home/airflow/.local/lib/python3.10/site-packages/airflow/example_dags/example_task_group.py for tasks to queue
[2024-04-16T21:42:32.998+0000] {logging_mixin.py:188} INFO - [2024-04-16T21:42:32.998+0000] {dagbag.py:540} INFO - Filling up the DagBag from /home/airflow/.local/lib/python3.10/site-packages/airflow/example_dags/example_task_group.py
[2024-04-16T21:42:33.005+0000] {processor.py:840} INFO - DAG(s) 'example_task_group' retrieved from /home/airflow/.local/lib/python3.10/site-packages/airflow/example_dags/example_task_group.py
[2024-04-16T21:42:33.023+0000] {logging_mixin.py:188} INFO - [2024-04-16T21:42:33.023+0000] {dag.py:3047} INFO - Sync 1 DAGs
[2024-04-16T21:42:33.043+0000] {logging_mixin.py:188} INFO - [2024-04-16T21:42:33.043+0000] {dag.py:3834} INFO - Setting next_dagrun for example_task_group to 2024-04-15 00:00:00+00:00, run_after=2024-04-16 00:00:00+00:00
[2024-04-16T21:42:33.059+0000] {processor.py:183} INFO - Processing /home/airflow/.local/lib/python3.10/site-packages/airflow/example_dags/example_task_group.py took 0.067 seconds
[2024-04-16T21:43:03.569+0000] {processor.py:161} INFO - Started process (PID=1101) to work on /home/airflow/.local/lib/python3.10/site-packages/airflow/example_dags/example_task_group.py
[2024-04-16T21:43:03.570+0000] {processor.py:830} INFO - Processing file /home/airflow/.local/lib/python3.10/site-packages/airflow/example_dags/example_task_group.py for tasks to queue
[2024-04-16T21:43:03.572+0000] {logging_mixin.py:188} INFO - [2024-04-16T21:43:03.572+0000] {dagbag.py:540} INFO - Filling up the DagBag from /home/airflow/.local/lib/python3.10/site-packages/airflow/example_dags/example_task_group.py
[2024-04-16T21:43:03.579+0000] {processor.py:840} INFO - DAG(s) 'example_task_group' retrieved from /home/airflow/.local/lib/python3.10/site-packages/airflow/example_dags/example_task_group.py
[2024-04-16T21:43:03.602+0000] {logging_mixin.py:188} INFO - [2024-04-16T21:43:03.602+0000] {dag.py:3047} INFO - Sync 1 DAGs
[2024-04-16T21:43:03.624+0000] {logging_mixin.py:188} INFO - [2024-04-16T21:43:03.624+0000] {dag.py:3834} INFO - Setting next_dagrun for example_task_group to 2024-04-15 00:00:00+00:00, run_after=2024-04-16 00:00:00+00:00
[2024-04-16T21:43:03.642+0000] {processor.py:183} INFO - Processing /home/airflow/.local/lib/python3.10/site-packages/airflow/example_dags/example_task_group.py took 0.076 seconds
[2024-04-16T21:43:34.144+0000] {processor.py:161} INFO - Started process (PID=1158) to work on /home/airflow/.local/lib/python3.10/site-packages/airflow/example_dags/example_task_group.py
[2024-04-16T21:43:34.146+0000] {processor.py:830} INFO - Processing file /home/airflow/.local/lib/python3.10/site-packages/airflow/example_dags/example_task_group.py for tasks to queue
[2024-04-16T21:43:34.147+0000] {logging_mixin.py:188} INFO - [2024-04-16T21:43:34.147+0000] {dagbag.py:540} INFO - Filling up the DagBag from /home/airflow/.local/lib/python3.10/site-packages/airflow/example_dags/example_task_group.py
[2024-04-16T21:43:34.154+0000] {processor.py:840} INFO - DAG(s) 'example_task_group' retrieved from /home/airflow/.local/lib/python3.10/site-packages/airflow/example_dags/example_task_group.py
[2024-04-16T21:43:34.175+0000] {logging_mixin.py:188} INFO - [2024-04-16T21:43:34.175+0000] {dag.py:3047} INFO - Sync 1 DAGs
[2024-04-16T21:43:34.195+0000] {logging_mixin.py:188} INFO - [2024-04-16T21:43:34.195+0000] {dag.py:3834} INFO - Setting next_dagrun for example_task_group to 2024-04-15 00:00:00+00:00, run_after=2024-04-16 00:00:00+00:00
[2024-04-16T21:43:34.212+0000] {processor.py:183} INFO - Processing /home/airflow/.local/lib/python3.10/site-packages/airflow/example_dags/example_task_group.py took 0.071 seconds
[2024-04-16T21:44:04.676+0000] {processor.py:161} INFO - Started process (PID=1215) to work on /home/airflow/.local/lib/python3.10/site-packages/airflow/example_dags/example_task_group.py
[2024-04-16T21:44:04.677+0000] {processor.py:830} INFO - Processing file /home/airflow/.local/lib/python3.10/site-packages/airflow/example_dags/example_task_group.py for tasks to queue
[2024-04-16T21:44:04.679+0000] {logging_mixin.py:188} INFO - [2024-04-16T21:44:04.679+0000] {dagbag.py:540} INFO - Filling up the DagBag from /home/airflow/.local/lib/python3.10/site-packages/airflow/example_dags/example_task_group.py
[2024-04-16T21:44:04.685+0000] {processor.py:840} INFO - DAG(s) 'example_task_group' retrieved from /home/airflow/.local/lib/python3.10/site-packages/airflow/example_dags/example_task_group.py
[2024-04-16T21:44:04.705+0000] {logging_mixin.py:188} INFO - [2024-04-16T21:44:04.704+0000] {dag.py:3047} INFO - Sync 1 DAGs
[2024-04-16T21:44:04.726+0000] {logging_mixin.py:188} INFO - [2024-04-16T21:44:04.725+0000] {dag.py:3834} INFO - Setting next_dagrun for example_task_group to 2024-04-15 00:00:00+00:00, run_after=2024-04-16 00:00:00+00:00
[2024-04-16T21:44:04.743+0000] {processor.py:183} INFO - Processing /home/airflow/.local/lib/python3.10/site-packages/airflow/example_dags/example_task_group.py took 0.070 seconds
[2024-04-16T21:44:35.250+0000] {processor.py:161} INFO - Started process (PID=1272) to work on /home/airflow/.local/lib/python3.10/site-packages/airflow/example_dags/example_task_group.py
[2024-04-16T21:44:35.251+0000] {processor.py:830} INFO - Processing file /home/airflow/.local/lib/python3.10/site-packages/airflow/example_dags/example_task_group.py for tasks to queue
[2024-04-16T21:44:35.254+0000] {logging_mixin.py:188} INFO - [2024-04-16T21:44:35.253+0000] {dagbag.py:540} INFO - Filling up the DagBag from /home/airflow/.local/lib/python3.10/site-packages/airflow/example_dags/example_task_group.py
[2024-04-16T21:44:35.260+0000] {processor.py:840} INFO - DAG(s) 'example_task_group' retrieved from /home/airflow/.local/lib/python3.10/site-packages/airflow/example_dags/example_task_group.py
[2024-04-16T21:44:35.280+0000] {logging_mixin.py:188} INFO - [2024-04-16T21:44:35.280+0000] {dag.py:3047} INFO - Sync 1 DAGs
[2024-04-16T21:44:35.301+0000] {logging_mixin.py:188} INFO - [2024-04-16T21:44:35.300+0000] {dag.py:3834} INFO - Setting next_dagrun for example_task_group to 2024-04-15 00:00:00+00:00, run_after=2024-04-16 00:00:00+00:00
[2024-04-16T21:44:35.318+0000] {processor.py:183} INFO - Processing /home/airflow/.local/lib/python3.10/site-packages/airflow/example_dags/example_task_group.py took 0.071 seconds
[2024-04-16T21:45:05.886+0000] {processor.py:161} INFO - Started process (PID=1329) to work on /home/airflow/.local/lib/python3.10/site-packages/airflow/example_dags/example_task_group.py
[2024-04-16T21:45:05.887+0000] {processor.py:830} INFO - Processing file /home/airflow/.local/lib/python3.10/site-packages/airflow/example_dags/example_task_group.py for tasks to queue
[2024-04-16T21:45:05.889+0000] {logging_mixin.py:188} INFO - [2024-04-16T21:45:05.889+0000] {dagbag.py:540} INFO - Filling up the DagBag from /home/airflow/.local/lib/python3.10/site-packages/airflow/example_dags/example_task_group.py
[2024-04-16T21:45:05.895+0000] {processor.py:840} INFO - DAG(s) 'example_task_group' retrieved from /home/airflow/.local/lib/python3.10/site-packages/airflow/example_dags/example_task_group.py
[2024-04-16T21:45:05.917+0000] {logging_mixin.py:188} INFO - [2024-04-16T21:45:05.916+0000] {dag.py:3047} INFO - Sync 1 DAGs
[2024-04-16T21:45:05.937+0000] {logging_mixin.py:188} INFO - [2024-04-16T21:45:05.937+0000] {dag.py:3834} INFO - Setting next_dagrun for example_task_group to 2024-04-15 00:00:00+00:00, run_after=2024-04-16 00:00:00+00:00
[2024-04-16T21:45:05.955+0000] {processor.py:183} INFO - Processing /home/airflow/.local/lib/python3.10/site-packages/airflow/example_dags/example_task_group.py took 0.072 seconds
[2024-04-16T21:45:36.433+0000] {processor.py:161} INFO - Started process (PID=1386) to work on /home/airflow/.local/lib/python3.10/site-packages/airflow/example_dags/example_task_group.py
[2024-04-16T21:45:36.434+0000] {processor.py:830} INFO - Processing file /home/airflow/.local/lib/python3.10/site-packages/airflow/example_dags/example_task_group.py for tasks to queue
[2024-04-16T21:45:36.435+0000] {logging_mixin.py:188} INFO - [2024-04-16T21:45:36.435+0000] {dagbag.py:540} INFO - Filling up the DagBag from /home/airflow/.local/lib/python3.10/site-packages/airflow/example_dags/example_task_group.py
[2024-04-16T21:45:36.443+0000] {processor.py:840} INFO - DAG(s) 'example_task_group' retrieved from /home/airflow/.local/lib/python3.10/site-packages/airflow/example_dags/example_task_group.py
[2024-04-16T21:45:36.463+0000] {logging_mixin.py:188} INFO - [2024-04-16T21:45:36.463+0000] {dag.py:3047} INFO - Sync 1 DAGs
[2024-04-16T21:45:36.486+0000] {logging_mixin.py:188} INFO - [2024-04-16T21:45:36.486+0000] {dag.py:3834} INFO - Setting next_dagrun for example_task_group to 2024-04-15 00:00:00+00:00, run_after=2024-04-16 00:00:00+00:00
[2024-04-16T21:45:36.504+0000] {processor.py:183} INFO - Processing /home/airflow/.local/lib/python3.10/site-packages/airflow/example_dags/example_task_group.py took 0.074 seconds
