[2024-04-16T21:29:12.530+0000] {processor.py:161} INFO - Started process (PID=71) to work on /home/airflow/.local/lib/python3.10/site-packages/airflow/example_dags/example_branch_operator.py
[2024-04-16T21:29:12.531+0000] {processor.py:830} INFO - Processing file /home/airflow/.local/lib/python3.10/site-packages/airflow/example_dags/example_branch_operator.py for tasks to queue
[2024-04-16T21:29:12.532+0000] {logging_mixin.py:188} INFO - [2024-04-16T21:29:12.532+0000] {dagbag.py:540} INFO - Filling up the DagBag from /home/airflow/.local/lib/python3.10/site-packages/airflow/example_dags/example_branch_operator.py
[2024-04-16T21:29:12.552+0000] {processor.py:840} INFO - DAG(s) 'example_branch_operator' retrieved from /home/airflow/.local/lib/python3.10/site-packages/airflow/example_dags/example_branch_operator.py
[2024-04-16T21:29:12.564+0000] {logging_mixin.py:188} INFO - [2024-04-16T21:29:12.564+0000] {dag.py:3047} INFO - Sync 1 DAGs
[2024-04-16T21:29:12.589+0000] {logging_mixin.py:188} INFO - [2024-04-16T21:29:12.589+0000] {dag.py:3834} INFO - Setting next_dagrun for example_branch_operator to 2024-04-15 00:00:00+00:00, run_after=2024-04-16 00:00:00+00:00
[2024-04-16T21:29:12.609+0000] {processor.py:183} INFO - Processing /home/airflow/.local/lib/python3.10/site-packages/airflow/example_dags/example_branch_operator.py took 0.083 seconds
[2024-04-16T21:29:44.474+0000] {processor.py:161} INFO - Started process (PID=126) to work on /home/airflow/.local/lib/python3.10/site-packages/airflow/example_dags/example_branch_operator.py
[2024-04-16T21:29:44.475+0000] {processor.py:830} INFO - Processing file /home/airflow/.local/lib/python3.10/site-packages/airflow/example_dags/example_branch_operator.py for tasks to queue
[2024-04-16T21:29:44.477+0000] {logging_mixin.py:188} INFO - [2024-04-16T21:29:44.477+0000] {dagbag.py:540} INFO - Filling up the DagBag from /home/airflow/.local/lib/python3.10/site-packages/airflow/example_dags/example_branch_operator.py
[2024-04-16T21:29:44.493+0000] {processor.py:840} INFO - DAG(s) 'example_branch_operator' retrieved from /home/airflow/.local/lib/python3.10/site-packages/airflow/example_dags/example_branch_operator.py
[2024-04-16T21:29:44.580+0000] {logging_mixin.py:188} INFO - [2024-04-16T21:29:44.580+0000] {dag.py:3047} INFO - Sync 1 DAGs
[2024-04-16T21:29:44.597+0000] {logging_mixin.py:188} INFO - [2024-04-16T21:29:44.597+0000] {dag.py:3834} INFO - Setting next_dagrun for example_branch_operator to 2024-04-15 00:00:00+00:00, run_after=2024-04-16 00:00:00+00:00
[2024-04-16T21:29:44.615+0000] {processor.py:183} INFO - Processing /home/airflow/.local/lib/python3.10/site-packages/airflow/example_dags/example_branch_operator.py took 0.144 seconds
[2024-04-16T21:30:15.372+0000] {processor.py:161} INFO - Started process (PID=181) to work on /home/airflow/.local/lib/python3.10/site-packages/airflow/example_dags/example_branch_operator.py
[2024-04-16T21:30:15.373+0000] {processor.py:830} INFO - Processing file /home/airflow/.local/lib/python3.10/site-packages/airflow/example_dags/example_branch_operator.py for tasks to queue
[2024-04-16T21:30:15.375+0000] {logging_mixin.py:188} INFO - [2024-04-16T21:30:15.375+0000] {dagbag.py:540} INFO - Filling up the DagBag from /home/airflow/.local/lib/python3.10/site-packages/airflow/example_dags/example_branch_operator.py
[2024-04-16T21:30:15.390+0000] {processor.py:840} INFO - DAG(s) 'example_branch_operator' retrieved from /home/airflow/.local/lib/python3.10/site-packages/airflow/example_dags/example_branch_operator.py
[2024-04-16T21:30:15.413+0000] {logging_mixin.py:188} INFO - [2024-04-16T21:30:15.413+0000] {dag.py:3047} INFO - Sync 1 DAGs
[2024-04-16T21:30:15.433+0000] {logging_mixin.py:188} INFO - [2024-04-16T21:30:15.433+0000] {dag.py:3834} INFO - Setting next_dagrun for example_branch_operator to 2024-04-15 00:00:00+00:00, run_after=2024-04-16 00:00:00+00:00
[2024-04-16T21:30:15.448+0000] {processor.py:183} INFO - Processing /home/airflow/.local/lib/python3.10/site-packages/airflow/example_dags/example_branch_operator.py took 0.079 seconds
[2024-04-16T21:30:45.843+0000] {processor.py:161} INFO - Started process (PID=236) to work on /home/airflow/.local/lib/python3.10/site-packages/airflow/example_dags/example_branch_operator.py
[2024-04-16T21:30:45.844+0000] {processor.py:830} INFO - Processing file /home/airflow/.local/lib/python3.10/site-packages/airflow/example_dags/example_branch_operator.py for tasks to queue
[2024-04-16T21:30:45.846+0000] {logging_mixin.py:188} INFO - [2024-04-16T21:30:45.846+0000] {dagbag.py:540} INFO - Filling up the DagBag from /home/airflow/.local/lib/python3.10/site-packages/airflow/example_dags/example_branch_operator.py
[2024-04-16T21:30:45.862+0000] {processor.py:840} INFO - DAG(s) 'example_branch_operator' retrieved from /home/airflow/.local/lib/python3.10/site-packages/airflow/example_dags/example_branch_operator.py
[2024-04-16T21:30:45.888+0000] {logging_mixin.py:188} INFO - [2024-04-16T21:30:45.887+0000] {dag.py:3047} INFO - Sync 1 DAGs
[2024-04-16T21:30:45.909+0000] {logging_mixin.py:188} INFO - [2024-04-16T21:30:45.909+0000] {dag.py:3834} INFO - Setting next_dagrun for example_branch_operator to 2024-04-15 00:00:00+00:00, run_after=2024-04-16 00:00:00+00:00
[2024-04-16T21:30:45.928+0000] {processor.py:183} INFO - Processing /home/airflow/.local/lib/python3.10/site-packages/airflow/example_dags/example_branch_operator.py took 0.088 seconds
[2024-04-16T21:31:16.797+0000] {processor.py:161} INFO - Started process (PID=291) to work on /home/airflow/.local/lib/python3.10/site-packages/airflow/example_dags/example_branch_operator.py
[2024-04-16T21:31:16.798+0000] {processor.py:830} INFO - Processing file /home/airflow/.local/lib/python3.10/site-packages/airflow/example_dags/example_branch_operator.py for tasks to queue
[2024-04-16T21:31:16.800+0000] {logging_mixin.py:188} INFO - [2024-04-16T21:31:16.800+0000] {dagbag.py:540} INFO - Filling up the DagBag from /home/airflow/.local/lib/python3.10/site-packages/airflow/example_dags/example_branch_operator.py
[2024-04-16T21:31:16.815+0000] {processor.py:840} INFO - DAG(s) 'example_branch_operator' retrieved from /home/airflow/.local/lib/python3.10/site-packages/airflow/example_dags/example_branch_operator.py
[2024-04-16T21:31:16.839+0000] {logging_mixin.py:188} INFO - [2024-04-16T21:31:16.839+0000] {dag.py:3047} INFO - Sync 1 DAGs
[2024-04-16T21:31:16.859+0000] {logging_mixin.py:188} INFO - [2024-04-16T21:31:16.859+0000] {dag.py:3834} INFO - Setting next_dagrun for example_branch_operator to 2024-04-15 00:00:00+00:00, run_after=2024-04-16 00:00:00+00:00
[2024-04-16T21:31:16.877+0000] {processor.py:183} INFO - Processing /home/airflow/.local/lib/python3.10/site-packages/airflow/example_dags/example_branch_operator.py took 0.083 seconds
[2024-04-16T21:32:13.467+0000] {processor.py:161} INFO - Started process (PID=73) to work on /home/airflow/.local/lib/python3.10/site-packages/airflow/example_dags/example_branch_operator.py
[2024-04-16T21:32:13.468+0000] {processor.py:830} INFO - Processing file /home/airflow/.local/lib/python3.10/site-packages/airflow/example_dags/example_branch_operator.py for tasks to queue
[2024-04-16T21:32:13.470+0000] {logging_mixin.py:188} INFO - [2024-04-16T21:32:13.470+0000] {dagbag.py:540} INFO - Filling up the DagBag from /home/airflow/.local/lib/python3.10/site-packages/airflow/example_dags/example_branch_operator.py
[2024-04-16T21:32:13.493+0000] {processor.py:840} INFO - DAG(s) 'example_branch_operator' retrieved from /home/airflow/.local/lib/python3.10/site-packages/airflow/example_dags/example_branch_operator.py
[2024-04-16T21:32:13.507+0000] {logging_mixin.py:188} INFO - [2024-04-16T21:32:13.507+0000] {dag.py:3047} INFO - Sync 1 DAGs
[2024-04-16T21:32:13.536+0000] {logging_mixin.py:188} INFO - [2024-04-16T21:32:13.535+0000] {dag.py:3834} INFO - Setting next_dagrun for example_branch_operator to 2024-04-15 00:00:00+00:00, run_after=2024-04-16 00:00:00+00:00
[2024-04-16T21:32:13.563+0000] {processor.py:183} INFO - Processing /home/airflow/.local/lib/python3.10/site-packages/airflow/example_dags/example_branch_operator.py took 0.099 seconds
[2024-04-16T21:32:45.501+0000] {processor.py:161} INFO - Started process (PID=130) to work on /home/airflow/.local/lib/python3.10/site-packages/airflow/example_dags/example_branch_operator.py
[2024-04-16T21:32:45.502+0000] {processor.py:830} INFO - Processing file /home/airflow/.local/lib/python3.10/site-packages/airflow/example_dags/example_branch_operator.py for tasks to queue
[2024-04-16T21:32:45.503+0000] {logging_mixin.py:188} INFO - [2024-04-16T21:32:45.503+0000] {dagbag.py:540} INFO - Filling up the DagBag from /home/airflow/.local/lib/python3.10/site-packages/airflow/example_dags/example_branch_operator.py
[2024-04-16T21:32:45.518+0000] {processor.py:840} INFO - DAG(s) 'example_branch_operator' retrieved from /home/airflow/.local/lib/python3.10/site-packages/airflow/example_dags/example_branch_operator.py
[2024-04-16T21:32:45.618+0000] {logging_mixin.py:188} INFO - [2024-04-16T21:32:45.618+0000] {dag.py:3047} INFO - Sync 1 DAGs
[2024-04-16T21:32:45.641+0000] {logging_mixin.py:188} INFO - [2024-04-16T21:32:45.641+0000] {dag.py:3834} INFO - Setting next_dagrun for example_branch_operator to 2024-04-15 00:00:00+00:00, run_after=2024-04-16 00:00:00+00:00
[2024-04-16T21:32:45.660+0000] {processor.py:183} INFO - Processing /home/airflow/.local/lib/python3.10/site-packages/airflow/example_dags/example_branch_operator.py took 0.162 seconds
[2024-04-16T21:33:51.772+0000] {processor.py:161} INFO - Started process (PID=73) to work on /home/airflow/.local/lib/python3.10/site-packages/airflow/example_dags/example_branch_operator.py
[2024-04-16T21:33:51.773+0000] {processor.py:830} INFO - Processing file /home/airflow/.local/lib/python3.10/site-packages/airflow/example_dags/example_branch_operator.py for tasks to queue
[2024-04-16T21:33:51.775+0000] {logging_mixin.py:188} INFO - [2024-04-16T21:33:51.775+0000] {dagbag.py:540} INFO - Filling up the DagBag from /home/airflow/.local/lib/python3.10/site-packages/airflow/example_dags/example_branch_operator.py
[2024-04-16T21:33:51.793+0000] {processor.py:840} INFO - DAG(s) 'example_branch_operator' retrieved from /home/airflow/.local/lib/python3.10/site-packages/airflow/example_dags/example_branch_operator.py
[2024-04-16T21:33:51.804+0000] {logging_mixin.py:188} INFO - [2024-04-16T21:33:51.804+0000] {dag.py:3047} INFO - Sync 1 DAGs
[2024-04-16T21:33:51.830+0000] {logging_mixin.py:188} INFO - [2024-04-16T21:33:51.830+0000] {dag.py:3834} INFO - Setting next_dagrun for example_branch_operator to 2024-04-15 00:00:00+00:00, run_after=2024-04-16 00:00:00+00:00
[2024-04-16T21:33:51.849+0000] {processor.py:183} INFO - Processing /home/airflow/.local/lib/python3.10/site-packages/airflow/example_dags/example_branch_operator.py took 0.080 seconds
[2024-04-16T21:34:23.851+0000] {processor.py:161} INFO - Started process (PID=130) to work on /home/airflow/.local/lib/python3.10/site-packages/airflow/example_dags/example_branch_operator.py
[2024-04-16T21:34:23.853+0000] {processor.py:830} INFO - Processing file /home/airflow/.local/lib/python3.10/site-packages/airflow/example_dags/example_branch_operator.py for tasks to queue
[2024-04-16T21:34:23.855+0000] {logging_mixin.py:188} INFO - [2024-04-16T21:34:23.855+0000] {dagbag.py:540} INFO - Filling up the DagBag from /home/airflow/.local/lib/python3.10/site-packages/airflow/example_dags/example_branch_operator.py
[2024-04-16T21:34:23.875+0000] {processor.py:840} INFO - DAG(s) 'example_branch_operator' retrieved from /home/airflow/.local/lib/python3.10/site-packages/airflow/example_dags/example_branch_operator.py
[2024-04-16T21:34:23.988+0000] {logging_mixin.py:188} INFO - [2024-04-16T21:34:23.988+0000] {dag.py:3047} INFO - Sync 1 DAGs
[2024-04-16T21:34:24.008+0000] {logging_mixin.py:188} INFO - [2024-04-16T21:34:24.008+0000] {dag.py:3834} INFO - Setting next_dagrun for example_branch_operator to 2024-04-15 00:00:00+00:00, run_after=2024-04-16 00:00:00+00:00
[2024-04-16T21:34:24.028+0000] {processor.py:183} INFO - Processing /home/airflow/.local/lib/python3.10/site-packages/airflow/example_dags/example_branch_operator.py took 0.180 seconds
[2024-04-16T21:34:54.303+0000] {processor.py:161} INFO - Started process (PID=187) to work on /home/airflow/.local/lib/python3.10/site-packages/airflow/example_dags/example_branch_operator.py
[2024-04-16T21:34:54.304+0000] {processor.py:830} INFO - Processing file /home/airflow/.local/lib/python3.10/site-packages/airflow/example_dags/example_branch_operator.py for tasks to queue
[2024-04-16T21:34:54.306+0000] {logging_mixin.py:188} INFO - [2024-04-16T21:34:54.305+0000] {dagbag.py:540} INFO - Filling up the DagBag from /home/airflow/.local/lib/python3.10/site-packages/airflow/example_dags/example_branch_operator.py
[2024-04-16T21:34:54.326+0000] {processor.py:840} INFO - DAG(s) 'example_branch_operator' retrieved from /home/airflow/.local/lib/python3.10/site-packages/airflow/example_dags/example_branch_operator.py
[2024-04-16T21:34:54.351+0000] {logging_mixin.py:188} INFO - [2024-04-16T21:34:54.351+0000] {dag.py:3047} INFO - Sync 1 DAGs
[2024-04-16T21:34:54.376+0000] {logging_mixin.py:188} INFO - [2024-04-16T21:34:54.376+0000] {dag.py:3834} INFO - Setting next_dagrun for example_branch_operator to 2024-04-15 00:00:00+00:00, run_after=2024-04-16 00:00:00+00:00
[2024-04-16T21:34:54.399+0000] {processor.py:183} INFO - Processing /home/airflow/.local/lib/python3.10/site-packages/airflow/example_dags/example_branch_operator.py took 0.100 seconds
[2024-04-16T21:35:24.510+0000] {processor.py:161} INFO - Started process (PID=244) to work on /home/airflow/.local/lib/python3.10/site-packages/airflow/example_dags/example_branch_operator.py
[2024-04-16T21:35:24.511+0000] {processor.py:830} INFO - Processing file /home/airflow/.local/lib/python3.10/site-packages/airflow/example_dags/example_branch_operator.py for tasks to queue
[2024-04-16T21:35:24.512+0000] {logging_mixin.py:188} INFO - [2024-04-16T21:35:24.512+0000] {dagbag.py:540} INFO - Filling up the DagBag from /home/airflow/.local/lib/python3.10/site-packages/airflow/example_dags/example_branch_operator.py
[2024-04-16T21:35:24.528+0000] {processor.py:840} INFO - DAG(s) 'example_branch_operator' retrieved from /home/airflow/.local/lib/python3.10/site-packages/airflow/example_dags/example_branch_operator.py
[2024-04-16T21:35:24.552+0000] {logging_mixin.py:188} INFO - [2024-04-16T21:35:24.552+0000] {dag.py:3047} INFO - Sync 1 DAGs
[2024-04-16T21:35:24.574+0000] {logging_mixin.py:188} INFO - [2024-04-16T21:35:24.574+0000] {dag.py:3834} INFO - Setting next_dagrun for example_branch_operator to 2024-04-15 00:00:00+00:00, run_after=2024-04-16 00:00:00+00:00
[2024-04-16T21:35:24.590+0000] {processor.py:183} INFO - Processing /home/airflow/.local/lib/python3.10/site-packages/airflow/example_dags/example_branch_operator.py took 0.083 seconds
[2024-04-16T21:35:55.319+0000] {processor.py:161} INFO - Started process (PID=301) to work on /home/airflow/.local/lib/python3.10/site-packages/airflow/example_dags/example_branch_operator.py
[2024-04-16T21:35:55.320+0000] {processor.py:830} INFO - Processing file /home/airflow/.local/lib/python3.10/site-packages/airflow/example_dags/example_branch_operator.py for tasks to queue
[2024-04-16T21:35:55.321+0000] {logging_mixin.py:188} INFO - [2024-04-16T21:35:55.321+0000] {dagbag.py:540} INFO - Filling up the DagBag from /home/airflow/.local/lib/python3.10/site-packages/airflow/example_dags/example_branch_operator.py
[2024-04-16T21:35:55.336+0000] {processor.py:840} INFO - DAG(s) 'example_branch_operator' retrieved from /home/airflow/.local/lib/python3.10/site-packages/airflow/example_dags/example_branch_operator.py
[2024-04-16T21:35:55.362+0000] {logging_mixin.py:188} INFO - [2024-04-16T21:35:55.362+0000] {dag.py:3047} INFO - Sync 1 DAGs
[2024-04-16T21:35:55.382+0000] {logging_mixin.py:188} INFO - [2024-04-16T21:35:55.382+0000] {dag.py:3834} INFO - Setting next_dagrun for example_branch_operator to 2024-04-15 00:00:00+00:00, run_after=2024-04-16 00:00:00+00:00
[2024-04-16T21:35:55.399+0000] {processor.py:183} INFO - Processing /home/airflow/.local/lib/python3.10/site-packages/airflow/example_dags/example_branch_operator.py took 0.084 seconds
[2024-04-16T21:36:25.865+0000] {processor.py:161} INFO - Started process (PID=358) to work on /home/airflow/.local/lib/python3.10/site-packages/airflow/example_dags/example_branch_operator.py
[2024-04-16T21:36:25.866+0000] {processor.py:830} INFO - Processing file /home/airflow/.local/lib/python3.10/site-packages/airflow/example_dags/example_branch_operator.py for tasks to queue
[2024-04-16T21:36:25.868+0000] {logging_mixin.py:188} INFO - [2024-04-16T21:36:25.867+0000] {dagbag.py:540} INFO - Filling up the DagBag from /home/airflow/.local/lib/python3.10/site-packages/airflow/example_dags/example_branch_operator.py
[2024-04-16T21:36:25.883+0000] {processor.py:840} INFO - DAG(s) 'example_branch_operator' retrieved from /home/airflow/.local/lib/python3.10/site-packages/airflow/example_dags/example_branch_operator.py
[2024-04-16T21:36:25.907+0000] {logging_mixin.py:188} INFO - [2024-04-16T21:36:25.906+0000] {dag.py:3047} INFO - Sync 1 DAGs
[2024-04-16T21:36:25.928+0000] {logging_mixin.py:188} INFO - [2024-04-16T21:36:25.928+0000] {dag.py:3834} INFO - Setting next_dagrun for example_branch_operator to 2024-04-15 00:00:00+00:00, run_after=2024-04-16 00:00:00+00:00
[2024-04-16T21:36:25.946+0000] {processor.py:183} INFO - Processing /home/airflow/.local/lib/python3.10/site-packages/airflow/example_dags/example_branch_operator.py took 0.085 seconds
[2024-04-16T21:36:56.500+0000] {processor.py:161} INFO - Started process (PID=415) to work on /home/airflow/.local/lib/python3.10/site-packages/airflow/example_dags/example_branch_operator.py
[2024-04-16T21:36:56.501+0000] {processor.py:830} INFO - Processing file /home/airflow/.local/lib/python3.10/site-packages/airflow/example_dags/example_branch_operator.py for tasks to queue
[2024-04-16T21:36:56.503+0000] {logging_mixin.py:188} INFO - [2024-04-16T21:36:56.503+0000] {dagbag.py:540} INFO - Filling up the DagBag from /home/airflow/.local/lib/python3.10/site-packages/airflow/example_dags/example_branch_operator.py
[2024-04-16T21:36:56.521+0000] {processor.py:840} INFO - DAG(s) 'example_branch_operator' retrieved from /home/airflow/.local/lib/python3.10/site-packages/airflow/example_dags/example_branch_operator.py
[2024-04-16T21:36:56.547+0000] {logging_mixin.py:188} INFO - [2024-04-16T21:36:56.547+0000] {dag.py:3047} INFO - Sync 1 DAGs
[2024-04-16T21:36:56.571+0000] {logging_mixin.py:188} INFO - [2024-04-16T21:36:56.571+0000] {dag.py:3834} INFO - Setting next_dagrun for example_branch_operator to 2024-04-15 00:00:00+00:00, run_after=2024-04-16 00:00:00+00:00
[2024-04-16T21:36:56.589+0000] {processor.py:183} INFO - Processing /home/airflow/.local/lib/python3.10/site-packages/airflow/example_dags/example_branch_operator.py took 0.092 seconds
[2024-04-16T21:37:27.034+0000] {processor.py:161} INFO - Started process (PID=472) to work on /home/airflow/.local/lib/python3.10/site-packages/airflow/example_dags/example_branch_operator.py
[2024-04-16T21:37:27.035+0000] {processor.py:830} INFO - Processing file /home/airflow/.local/lib/python3.10/site-packages/airflow/example_dags/example_branch_operator.py for tasks to queue
[2024-04-16T21:37:27.037+0000] {logging_mixin.py:188} INFO - [2024-04-16T21:37:27.036+0000] {dagbag.py:540} INFO - Filling up the DagBag from /home/airflow/.local/lib/python3.10/site-packages/airflow/example_dags/example_branch_operator.py
[2024-04-16T21:37:27.053+0000] {processor.py:840} INFO - DAG(s) 'example_branch_operator' retrieved from /home/airflow/.local/lib/python3.10/site-packages/airflow/example_dags/example_branch_operator.py
[2024-04-16T21:37:27.078+0000] {logging_mixin.py:188} INFO - [2024-04-16T21:37:27.078+0000] {dag.py:3047} INFO - Sync 1 DAGs
[2024-04-16T21:37:27.099+0000] {logging_mixin.py:188} INFO - [2024-04-16T21:37:27.099+0000] {dag.py:3834} INFO - Setting next_dagrun for example_branch_operator to 2024-04-15 00:00:00+00:00, run_after=2024-04-16 00:00:00+00:00
[2024-04-16T21:37:27.116+0000] {processor.py:183} INFO - Processing /home/airflow/.local/lib/python3.10/site-packages/airflow/example_dags/example_branch_operator.py took 0.085 seconds
[2024-04-16T21:37:57.696+0000] {processor.py:161} INFO - Started process (PID=529) to work on /home/airflow/.local/lib/python3.10/site-packages/airflow/example_dags/example_branch_operator.py
[2024-04-16T21:37:57.697+0000] {processor.py:830} INFO - Processing file /home/airflow/.local/lib/python3.10/site-packages/airflow/example_dags/example_branch_operator.py for tasks to queue
[2024-04-16T21:37:57.699+0000] {logging_mixin.py:188} INFO - [2024-04-16T21:37:57.698+0000] {dagbag.py:540} INFO - Filling up the DagBag from /home/airflow/.local/lib/python3.10/site-packages/airflow/example_dags/example_branch_operator.py
[2024-04-16T21:37:57.714+0000] {processor.py:840} INFO - DAG(s) 'example_branch_operator' retrieved from /home/airflow/.local/lib/python3.10/site-packages/airflow/example_dags/example_branch_operator.py
[2024-04-16T21:37:57.740+0000] {logging_mixin.py:188} INFO - [2024-04-16T21:37:57.740+0000] {dag.py:3047} INFO - Sync 1 DAGs
[2024-04-16T21:37:57.765+0000] {logging_mixin.py:188} INFO - [2024-04-16T21:37:57.764+0000] {dag.py:3834} INFO - Setting next_dagrun for example_branch_operator to 2024-04-15 00:00:00+00:00, run_after=2024-04-16 00:00:00+00:00
[2024-04-16T21:37:57.783+0000] {processor.py:183} INFO - Processing /home/airflow/.local/lib/python3.10/site-packages/airflow/example_dags/example_branch_operator.py took 0.090 seconds
