[2024-04-16T21:29:11.466+0000] {processor.py:161} INFO - Started process (PID=49) to work on /home/airflow/.local/lib/python3.10/site-packages/airflow/example_dags/example_bash_operator.py
[2024-04-16T21:29:11.467+0000] {processor.py:830} INFO - Processing file /home/airflow/.local/lib/python3.10/site-packages/airflow/example_dags/example_bash_operator.py for tasks to queue
[2024-04-16T21:29:11.469+0000] {logging_mixin.py:188} INFO - [2024-04-16T21:29:11.469+0000] {dagbag.py:540} INFO - Filling up the DagBag from /home/airflow/.local/lib/python3.10/site-packages/airflow/example_dags/example_bash_operator.py
[2024-04-16T21:29:11.484+0000] {processor.py:840} INFO - DAG(s) 'example_bash_operator' retrieved from /home/airflow/.local/lib/python3.10/site-packages/airflow/example_dags/example_bash_operator.py
[2024-04-16T21:29:11.499+0000] {logging_mixin.py:188} INFO - [2024-04-16T21:29:11.498+0000] {dag.py:3047} INFO - Sync 1 DAGs
[2024-04-16T21:29:11.526+0000] {logging_mixin.py:188} INFO - [2024-04-16T21:29:11.525+0000] {dag.py:3834} INFO - Setting next_dagrun for example_bash_operator to 2024-04-15 00:00:00+00:00, run_after=2024-04-16 00:00:00+00:00
[2024-04-16T21:29:11.545+0000] {processor.py:183} INFO - Processing /home/airflow/.local/lib/python3.10/site-packages/airflow/example_dags/example_bash_operator.py took 0.082 seconds
[2024-04-16T21:29:42.352+0000] {processor.py:161} INFO - Started process (PID=104) to work on /home/airflow/.local/lib/python3.10/site-packages/airflow/example_dags/example_bash_operator.py
[2024-04-16T21:29:42.353+0000] {processor.py:830} INFO - Processing file /home/airflow/.local/lib/python3.10/site-packages/airflow/example_dags/example_bash_operator.py for tasks to queue
[2024-04-16T21:29:42.355+0000] {logging_mixin.py:188} INFO - [2024-04-16T21:29:42.354+0000] {dagbag.py:540} INFO - Filling up the DagBag from /home/airflow/.local/lib/python3.10/site-packages/airflow/example_dags/example_bash_operator.py
[2024-04-16T21:29:42.365+0000] {processor.py:840} INFO - DAG(s) 'example_bash_operator' retrieved from /home/airflow/.local/lib/python3.10/site-packages/airflow/example_dags/example_bash_operator.py
[2024-04-16T21:29:42.462+0000] {logging_mixin.py:188} INFO - [2024-04-16T21:29:42.461+0000] {dag.py:3047} INFO - Sync 1 DAGs
[2024-04-16T21:29:42.480+0000] {logging_mixin.py:188} INFO - [2024-04-16T21:29:42.480+0000] {dag.py:3834} INFO - Setting next_dagrun for example_bash_operator to 2024-04-15 00:00:00+00:00, run_after=2024-04-16 00:00:00+00:00
[2024-04-16T21:29:42.497+0000] {processor.py:183} INFO - Processing /home/airflow/.local/lib/python3.10/site-packages/airflow/example_dags/example_bash_operator.py took 0.148 seconds
[2024-04-16T21:30:13.300+0000] {processor.py:161} INFO - Started process (PID=159) to work on /home/airflow/.local/lib/python3.10/site-packages/airflow/example_dags/example_bash_operator.py
[2024-04-16T21:30:13.301+0000] {processor.py:830} INFO - Processing file /home/airflow/.local/lib/python3.10/site-packages/airflow/example_dags/example_bash_operator.py for tasks to queue
[2024-04-16T21:30:13.302+0000] {logging_mixin.py:188} INFO - [2024-04-16T21:30:13.302+0000] {dagbag.py:540} INFO - Filling up the DagBag from /home/airflow/.local/lib/python3.10/site-packages/airflow/example_dags/example_bash_operator.py
[2024-04-16T21:30:13.313+0000] {processor.py:840} INFO - DAG(s) 'example_bash_operator' retrieved from /home/airflow/.local/lib/python3.10/site-packages/airflow/example_dags/example_bash_operator.py
[2024-04-16T21:30:13.337+0000] {logging_mixin.py:188} INFO - [2024-04-16T21:30:13.337+0000] {dag.py:3047} INFO - Sync 1 DAGs
[2024-04-16T21:30:13.358+0000] {logging_mixin.py:188} INFO - [2024-04-16T21:30:13.358+0000] {dag.py:3834} INFO - Setting next_dagrun for example_bash_operator to 2024-04-15 00:00:00+00:00, run_after=2024-04-16 00:00:00+00:00
[2024-04-16T21:30:13.374+0000] {processor.py:183} INFO - Processing /home/airflow/.local/lib/python3.10/site-packages/airflow/example_dags/example_bash_operator.py took 0.077 seconds
[2024-04-16T21:30:43.727+0000] {processor.py:161} INFO - Started process (PID=214) to work on /home/airflow/.local/lib/python3.10/site-packages/airflow/example_dags/example_bash_operator.py
[2024-04-16T21:30:43.728+0000] {processor.py:830} INFO - Processing file /home/airflow/.local/lib/python3.10/site-packages/airflow/example_dags/example_bash_operator.py for tasks to queue
[2024-04-16T21:30:43.730+0000] {logging_mixin.py:188} INFO - [2024-04-16T21:30:43.729+0000] {dagbag.py:540} INFO - Filling up the DagBag from /home/airflow/.local/lib/python3.10/site-packages/airflow/example_dags/example_bash_operator.py
[2024-04-16T21:30:43.740+0000] {processor.py:840} INFO - DAG(s) 'example_bash_operator' retrieved from /home/airflow/.local/lib/python3.10/site-packages/airflow/example_dags/example_bash_operator.py
[2024-04-16T21:30:43.766+0000] {logging_mixin.py:188} INFO - [2024-04-16T21:30:43.766+0000] {dag.py:3047} INFO - Sync 1 DAGs
[2024-04-16T21:30:43.789+0000] {logging_mixin.py:188} INFO - [2024-04-16T21:30:43.789+0000] {dag.py:3834} INFO - Setting next_dagrun for example_bash_operator to 2024-04-15 00:00:00+00:00, run_after=2024-04-16 00:00:00+00:00
[2024-04-16T21:30:43.805+0000] {processor.py:183} INFO - Processing /home/airflow/.local/lib/python3.10/site-packages/airflow/example_dags/example_bash_operator.py took 0.082 seconds
[2024-04-16T21:31:14.497+0000] {processor.py:161} INFO - Started process (PID=269) to work on /home/airflow/.local/lib/python3.10/site-packages/airflow/example_dags/example_bash_operator.py
[2024-04-16T21:31:14.500+0000] {processor.py:830} INFO - Processing file /home/airflow/.local/lib/python3.10/site-packages/airflow/example_dags/example_bash_operator.py for tasks to queue
[2024-04-16T21:31:14.505+0000] {logging_mixin.py:188} INFO - [2024-04-16T21:31:14.504+0000] {dagbag.py:540} INFO - Filling up the DagBag from /home/airflow/.local/lib/python3.10/site-packages/airflow/example_dags/example_bash_operator.py
[2024-04-16T21:31:14.529+0000] {processor.py:840} INFO - DAG(s) 'example_bash_operator' retrieved from /home/airflow/.local/lib/python3.10/site-packages/airflow/example_dags/example_bash_operator.py
[2024-04-16T21:31:14.576+0000] {logging_mixin.py:188} INFO - [2024-04-16T21:31:14.576+0000] {dag.py:3047} INFO - Sync 1 DAGs
[2024-04-16T21:31:14.610+0000] {logging_mixin.py:188} INFO - [2024-04-16T21:31:14.609+0000] {dag.py:3834} INFO - Setting next_dagrun for example_bash_operator to 2024-04-15 00:00:00+00:00, run_after=2024-04-16 00:00:00+00:00
[2024-04-16T21:31:14.637+0000] {processor.py:183} INFO - Processing /home/airflow/.local/lib/python3.10/site-packages/airflow/example_dags/example_bash_operator.py took 0.145 seconds
[2024-04-16T21:32:12.293+0000] {processor.py:161} INFO - Started process (PID=51) to work on /home/airflow/.local/lib/python3.10/site-packages/airflow/example_dags/example_bash_operator.py
[2024-04-16T21:32:12.295+0000] {processor.py:830} INFO - Processing file /home/airflow/.local/lib/python3.10/site-packages/airflow/example_dags/example_bash_operator.py for tasks to queue
[2024-04-16T21:32:12.296+0000] {logging_mixin.py:188} INFO - [2024-04-16T21:32:12.296+0000] {dagbag.py:540} INFO - Filling up the DagBag from /home/airflow/.local/lib/python3.10/site-packages/airflow/example_dags/example_bash_operator.py
[2024-04-16T21:32:12.307+0000] {processor.py:840} INFO - DAG(s) 'example_bash_operator' retrieved from /home/airflow/.local/lib/python3.10/site-packages/airflow/example_dags/example_bash_operator.py
[2024-04-16T21:32:12.328+0000] {logging_mixin.py:188} INFO - [2024-04-16T21:32:12.328+0000] {dag.py:3047} INFO - Sync 1 DAGs
[2024-04-16T21:32:12.354+0000] {logging_mixin.py:188} INFO - [2024-04-16T21:32:12.354+0000] {dag.py:3834} INFO - Setting next_dagrun for example_bash_operator to 2024-04-15 00:00:00+00:00, run_after=2024-04-16 00:00:00+00:00
[2024-04-16T21:32:12.373+0000] {processor.py:183} INFO - Processing /home/airflow/.local/lib/python3.10/site-packages/airflow/example_dags/example_bash_operator.py took 0.082 seconds
[2024-04-16T21:32:43.610+0000] {processor.py:161} INFO - Started process (PID=108) to work on /home/airflow/.local/lib/python3.10/site-packages/airflow/example_dags/example_bash_operator.py
[2024-04-16T21:32:43.611+0000] {processor.py:830} INFO - Processing file /home/airflow/.local/lib/python3.10/site-packages/airflow/example_dags/example_bash_operator.py for tasks to queue
[2024-04-16T21:32:43.614+0000] {logging_mixin.py:188} INFO - [2024-04-16T21:32:43.613+0000] {dagbag.py:540} INFO - Filling up the DagBag from /home/airflow/.local/lib/python3.10/site-packages/airflow/example_dags/example_bash_operator.py
[2024-04-16T21:32:43.626+0000] {processor.py:840} INFO - DAG(s) 'example_bash_operator' retrieved from /home/airflow/.local/lib/python3.10/site-packages/airflow/example_dags/example_bash_operator.py
[2024-04-16T21:32:43.726+0000] {logging_mixin.py:188} INFO - [2024-04-16T21:32:43.725+0000] {dag.py:3047} INFO - Sync 1 DAGs
[2024-04-16T21:32:43.748+0000] {logging_mixin.py:188} INFO - [2024-04-16T21:32:43.748+0000] {dag.py:3834} INFO - Setting next_dagrun for example_bash_operator to 2024-04-15 00:00:00+00:00, run_after=2024-04-16 00:00:00+00:00
[2024-04-16T21:32:43.768+0000] {processor.py:183} INFO - Processing /home/airflow/.local/lib/python3.10/site-packages/airflow/example_dags/example_bash_operator.py took 0.161 seconds
[2024-04-16T21:33:50.738+0000] {processor.py:161} INFO - Started process (PID=51) to work on /home/airflow/.local/lib/python3.10/site-packages/airflow/example_dags/example_bash_operator.py
[2024-04-16T21:33:50.739+0000] {processor.py:830} INFO - Processing file /home/airflow/.local/lib/python3.10/site-packages/airflow/example_dags/example_bash_operator.py for tasks to queue
[2024-04-16T21:33:50.741+0000] {logging_mixin.py:188} INFO - [2024-04-16T21:33:50.741+0000] {dagbag.py:540} INFO - Filling up the DagBag from /home/airflow/.local/lib/python3.10/site-packages/airflow/example_dags/example_bash_operator.py
[2024-04-16T21:33:50.753+0000] {processor.py:840} INFO - DAG(s) 'example_bash_operator' retrieved from /home/airflow/.local/lib/python3.10/site-packages/airflow/example_dags/example_bash_operator.py
[2024-04-16T21:33:50.766+0000] {logging_mixin.py:188} INFO - [2024-04-16T21:33:50.766+0000] {dag.py:3047} INFO - Sync 1 DAGs
[2024-04-16T21:33:50.793+0000] {logging_mixin.py:188} INFO - [2024-04-16T21:33:50.793+0000] {dag.py:3834} INFO - Setting next_dagrun for example_bash_operator to 2024-04-15 00:00:00+00:00, run_after=2024-04-16 00:00:00+00:00
[2024-04-16T21:33:50.812+0000] {processor.py:183} INFO - Processing /home/airflow/.local/lib/python3.10/site-packages/airflow/example_dags/example_bash_operator.py took 0.078 seconds
[2024-04-16T21:34:21.817+0000] {processor.py:161} INFO - Started process (PID=108) to work on /home/airflow/.local/lib/python3.10/site-packages/airflow/example_dags/example_bash_operator.py
[2024-04-16T21:34:21.818+0000] {processor.py:830} INFO - Processing file /home/airflow/.local/lib/python3.10/site-packages/airflow/example_dags/example_bash_operator.py for tasks to queue
[2024-04-16T21:34:21.819+0000] {logging_mixin.py:188} INFO - [2024-04-16T21:34:21.819+0000] {dagbag.py:540} INFO - Filling up the DagBag from /home/airflow/.local/lib/python3.10/site-packages/airflow/example_dags/example_bash_operator.py
[2024-04-16T21:34:21.831+0000] {processor.py:840} INFO - DAG(s) 'example_bash_operator' retrieved from /home/airflow/.local/lib/python3.10/site-packages/airflow/example_dags/example_bash_operator.py
[2024-04-16T21:34:21.923+0000] {logging_mixin.py:188} INFO - [2024-04-16T21:34:21.923+0000] {dag.py:3047} INFO - Sync 1 DAGs
[2024-04-16T21:34:21.941+0000] {logging_mixin.py:188} INFO - [2024-04-16T21:34:21.941+0000] {dag.py:3834} INFO - Setting next_dagrun for example_bash_operator to 2024-04-15 00:00:00+00:00, run_after=2024-04-16 00:00:00+00:00
[2024-04-16T21:34:21.958+0000] {processor.py:183} INFO - Processing /home/airflow/.local/lib/python3.10/site-packages/airflow/example_dags/example_bash_operator.py took 0.144 seconds
[2024-04-16T21:34:52.053+0000] {processor.py:161} INFO - Started process (PID=165) to work on /home/airflow/.local/lib/python3.10/site-packages/airflow/example_dags/example_bash_operator.py
[2024-04-16T21:34:52.054+0000] {processor.py:830} INFO - Processing file /home/airflow/.local/lib/python3.10/site-packages/airflow/example_dags/example_bash_operator.py for tasks to queue
[2024-04-16T21:34:52.056+0000] {logging_mixin.py:188} INFO - [2024-04-16T21:34:52.056+0000] {dagbag.py:540} INFO - Filling up the DagBag from /home/airflow/.local/lib/python3.10/site-packages/airflow/example_dags/example_bash_operator.py
[2024-04-16T21:34:52.067+0000] {processor.py:840} INFO - DAG(s) 'example_bash_operator' retrieved from /home/airflow/.local/lib/python3.10/site-packages/airflow/example_dags/example_bash_operator.py
[2024-04-16T21:34:52.093+0000] {logging_mixin.py:188} INFO - [2024-04-16T21:34:52.093+0000] {dag.py:3047} INFO - Sync 1 DAGs
[2024-04-16T21:34:52.113+0000] {logging_mixin.py:188} INFO - [2024-04-16T21:34:52.113+0000] {dag.py:3834} INFO - Setting next_dagrun for example_bash_operator to 2024-04-15 00:00:00+00:00, run_after=2024-04-16 00:00:00+00:00
[2024-04-16T21:34:52.131+0000] {processor.py:183} INFO - Processing /home/airflow/.local/lib/python3.10/site-packages/airflow/example_dags/example_bash_operator.py took 0.082 seconds
[2024-04-16T21:35:22.217+0000] {processor.py:161} INFO - Started process (PID=222) to work on /home/airflow/.local/lib/python3.10/site-packages/airflow/example_dags/example_bash_operator.py
[2024-04-16T21:35:22.218+0000] {processor.py:830} INFO - Processing file /home/airflow/.local/lib/python3.10/site-packages/airflow/example_dags/example_bash_operator.py for tasks to queue
[2024-04-16T21:35:22.220+0000] {logging_mixin.py:188} INFO - [2024-04-16T21:35:22.220+0000] {dagbag.py:540} INFO - Filling up the DagBag from /home/airflow/.local/lib/python3.10/site-packages/airflow/example_dags/example_bash_operator.py
[2024-04-16T21:35:22.232+0000] {processor.py:840} INFO - DAG(s) 'example_bash_operator' retrieved from /home/airflow/.local/lib/python3.10/site-packages/airflow/example_dags/example_bash_operator.py
[2024-04-16T21:35:22.261+0000] {logging_mixin.py:188} INFO - [2024-04-16T21:35:22.261+0000] {dag.py:3047} INFO - Sync 1 DAGs
[2024-04-16T21:35:22.285+0000] {logging_mixin.py:188} INFO - [2024-04-16T21:35:22.285+0000] {dag.py:3834} INFO - Setting next_dagrun for example_bash_operator to 2024-04-15 00:00:00+00:00, run_after=2024-04-16 00:00:00+00:00
[2024-04-16T21:35:22.306+0000] {processor.py:183} INFO - Processing /home/airflow/.local/lib/python3.10/site-packages/airflow/example_dags/example_bash_operator.py took 0.092 seconds
[2024-04-16T21:35:53.291+0000] {processor.py:161} INFO - Started process (PID=279) to work on /home/airflow/.local/lib/python3.10/site-packages/airflow/example_dags/example_bash_operator.py
[2024-04-16T21:35:53.292+0000] {processor.py:830} INFO - Processing file /home/airflow/.local/lib/python3.10/site-packages/airflow/example_dags/example_bash_operator.py for tasks to queue
[2024-04-16T21:35:53.294+0000] {logging_mixin.py:188} INFO - [2024-04-16T21:35:53.293+0000] {dagbag.py:540} INFO - Filling up the DagBag from /home/airflow/.local/lib/python3.10/site-packages/airflow/example_dags/example_bash_operator.py
[2024-04-16T21:35:53.305+0000] {processor.py:840} INFO - DAG(s) 'example_bash_operator' retrieved from /home/airflow/.local/lib/python3.10/site-packages/airflow/example_dags/example_bash_operator.py
[2024-04-16T21:35:53.329+0000] {logging_mixin.py:188} INFO - [2024-04-16T21:35:53.329+0000] {dag.py:3047} INFO - Sync 1 DAGs
[2024-04-16T21:35:53.349+0000] {logging_mixin.py:188} INFO - [2024-04-16T21:35:53.349+0000] {dag.py:3834} INFO - Setting next_dagrun for example_bash_operator to 2024-04-15 00:00:00+00:00, run_after=2024-04-16 00:00:00+00:00
[2024-04-16T21:35:53.366+0000] {processor.py:183} INFO - Processing /home/airflow/.local/lib/python3.10/site-packages/airflow/example_dags/example_bash_operator.py took 0.078 seconds
[2024-04-16T21:36:23.760+0000] {processor.py:161} INFO - Started process (PID=336) to work on /home/airflow/.local/lib/python3.10/site-packages/airflow/example_dags/example_bash_operator.py
[2024-04-16T21:36:23.761+0000] {processor.py:830} INFO - Processing file /home/airflow/.local/lib/python3.10/site-packages/airflow/example_dags/example_bash_operator.py for tasks to queue
[2024-04-16T21:36:23.763+0000] {logging_mixin.py:188} INFO - [2024-04-16T21:36:23.763+0000] {dagbag.py:540} INFO - Filling up the DagBag from /home/airflow/.local/lib/python3.10/site-packages/airflow/example_dags/example_bash_operator.py
[2024-04-16T21:36:23.778+0000] {processor.py:840} INFO - DAG(s) 'example_bash_operator' retrieved from /home/airflow/.local/lib/python3.10/site-packages/airflow/example_dags/example_bash_operator.py
[2024-04-16T21:36:23.814+0000] {logging_mixin.py:188} INFO - [2024-04-16T21:36:23.814+0000] {dag.py:3047} INFO - Sync 1 DAGs
[2024-04-16T21:36:23.841+0000] {logging_mixin.py:188} INFO - [2024-04-16T21:36:23.840+0000] {dag.py:3834} INFO - Setting next_dagrun for example_bash_operator to 2024-04-15 00:00:00+00:00, run_after=2024-04-16 00:00:00+00:00
[2024-04-16T21:36:23.856+0000] {processor.py:183} INFO - Processing /home/airflow/.local/lib/python3.10/site-packages/airflow/example_dags/example_bash_operator.py took 0.100 seconds
[2024-04-16T21:36:54.443+0000] {processor.py:161} INFO - Started process (PID=393) to work on /home/airflow/.local/lib/python3.10/site-packages/airflow/example_dags/example_bash_operator.py
[2024-04-16T21:36:54.444+0000] {processor.py:830} INFO - Processing file /home/airflow/.local/lib/python3.10/site-packages/airflow/example_dags/example_bash_operator.py for tasks to queue
[2024-04-16T21:36:54.447+0000] {logging_mixin.py:188} INFO - [2024-04-16T21:36:54.446+0000] {dagbag.py:540} INFO - Filling up the DagBag from /home/airflow/.local/lib/python3.10/site-packages/airflow/example_dags/example_bash_operator.py
[2024-04-16T21:36:54.461+0000] {processor.py:840} INFO - DAG(s) 'example_bash_operator' retrieved from /home/airflow/.local/lib/python3.10/site-packages/airflow/example_dags/example_bash_operator.py
[2024-04-16T21:36:54.500+0000] {logging_mixin.py:188} INFO - [2024-04-16T21:36:54.499+0000] {dag.py:3047} INFO - Sync 1 DAGs
[2024-04-16T21:36:54.525+0000] {logging_mixin.py:188} INFO - [2024-04-16T21:36:54.524+0000] {dag.py:3834} INFO - Setting next_dagrun for example_bash_operator to 2024-04-15 00:00:00+00:00, run_after=2024-04-16 00:00:00+00:00
[2024-04-16T21:36:54.544+0000] {processor.py:183} INFO - Processing /home/airflow/.local/lib/python3.10/site-packages/airflow/example_dags/example_bash_operator.py took 0.104 seconds
[2024-04-16T21:37:25.002+0000] {processor.py:161} INFO - Started process (PID=450) to work on /home/airflow/.local/lib/python3.10/site-packages/airflow/example_dags/example_bash_operator.py
[2024-04-16T21:37:25.003+0000] {processor.py:830} INFO - Processing file /home/airflow/.local/lib/python3.10/site-packages/airflow/example_dags/example_bash_operator.py for tasks to queue
[2024-04-16T21:37:25.005+0000] {logging_mixin.py:188} INFO - [2024-04-16T21:37:25.005+0000] {dagbag.py:540} INFO - Filling up the DagBag from /home/airflow/.local/lib/python3.10/site-packages/airflow/example_dags/example_bash_operator.py
[2024-04-16T21:37:25.017+0000] {processor.py:840} INFO - DAG(s) 'example_bash_operator' retrieved from /home/airflow/.local/lib/python3.10/site-packages/airflow/example_dags/example_bash_operator.py
[2024-04-16T21:37:25.042+0000] {logging_mixin.py:188} INFO - [2024-04-16T21:37:25.042+0000] {dag.py:3047} INFO - Sync 1 DAGs
[2024-04-16T21:37:25.063+0000] {logging_mixin.py:188} INFO - [2024-04-16T21:37:25.062+0000] {dag.py:3834} INFO - Setting next_dagrun for example_bash_operator to 2024-04-15 00:00:00+00:00, run_after=2024-04-16 00:00:00+00:00
[2024-04-16T21:37:25.083+0000] {processor.py:183} INFO - Processing /home/airflow/.local/lib/python3.10/site-packages/airflow/example_dags/example_bash_operator.py took 0.085 seconds
[2024-04-16T21:37:55.605+0000] {processor.py:161} INFO - Started process (PID=507) to work on /home/airflow/.local/lib/python3.10/site-packages/airflow/example_dags/example_bash_operator.py
[2024-04-16T21:37:55.606+0000] {processor.py:830} INFO - Processing file /home/airflow/.local/lib/python3.10/site-packages/airflow/example_dags/example_bash_operator.py for tasks to queue
[2024-04-16T21:37:55.608+0000] {logging_mixin.py:188} INFO - [2024-04-16T21:37:55.607+0000] {dagbag.py:540} INFO - Filling up the DagBag from /home/airflow/.local/lib/python3.10/site-packages/airflow/example_dags/example_bash_operator.py
[2024-04-16T21:37:55.618+0000] {processor.py:840} INFO - DAG(s) 'example_bash_operator' retrieved from /home/airflow/.local/lib/python3.10/site-packages/airflow/example_dags/example_bash_operator.py
[2024-04-16T21:37:55.645+0000] {logging_mixin.py:188} INFO - [2024-04-16T21:37:55.645+0000] {dag.py:3047} INFO - Sync 1 DAGs
[2024-04-16T21:37:55.669+0000] {logging_mixin.py:188} INFO - [2024-04-16T21:37:55.669+0000] {dag.py:3834} INFO - Setting next_dagrun for example_bash_operator to 2024-04-15 00:00:00+00:00, run_after=2024-04-16 00:00:00+00:00
[2024-04-16T21:37:55.688+0000] {processor.py:183} INFO - Processing /home/airflow/.local/lib/python3.10/site-packages/airflow/example_dags/example_bash_operator.py took 0.086 seconds
