[2024-04-16T21:29:12.451+0000] {processor.py:161} INFO - Started process (PID=69) to work on /home/airflow/.local/lib/python3.10/site-packages/airflow/example_dags/example_python_operator.py
[2024-04-16T21:29:12.452+0000] {processor.py:830} INFO - Processing file /home/airflow/.local/lib/python3.10/site-packages/airflow/example_dags/example_python_operator.py for tasks to queue
[2024-04-16T21:29:12.454+0000] {logging_mixin.py:188} INFO - [2024-04-16T21:29:12.453+0000] {dagbag.py:540} INFO - Filling up the DagBag from /home/airflow/.local/lib/python3.10/site-packages/airflow/example_dags/example_python_operator.py
[2024-04-16T21:29:12.465+0000] {processor.py:840} INFO - DAG(s) 'example_python_operator' retrieved from /home/airflow/.local/lib/python3.10/site-packages/airflow/example_dags/example_python_operator.py
[2024-04-16T21:29:12.475+0000] {logging_mixin.py:188} INFO - [2024-04-16T21:29:12.475+0000] {dag.py:3047} INFO - Sync 1 DAGs
[2024-04-16T21:29:12.488+0000] {logging_mixin.py:188} INFO - [2024-04-16T21:29:12.488+0000] {dag.py:3834} INFO - Setting next_dagrun for example_python_operator to None, run_after=None
[2024-04-16T21:29:12.506+0000] {processor.py:183} INFO - Processing /home/airflow/.local/lib/python3.10/site-packages/airflow/example_dags/example_python_operator.py took 0.059 seconds
[2024-04-16T21:29:44.322+0000] {processor.py:161} INFO - Started process (PID=124) to work on /home/airflow/.local/lib/python3.10/site-packages/airflow/example_dags/example_python_operator.py
[2024-04-16T21:29:44.323+0000] {processor.py:830} INFO - Processing file /home/airflow/.local/lib/python3.10/site-packages/airflow/example_dags/example_python_operator.py for tasks to queue
[2024-04-16T21:29:44.325+0000] {logging_mixin.py:188} INFO - [2024-04-16T21:29:44.325+0000] {dagbag.py:540} INFO - Filling up the DagBag from /home/airflow/.local/lib/python3.10/site-packages/airflow/example_dags/example_python_operator.py
[2024-04-16T21:29:44.335+0000] {processor.py:840} INFO - DAG(s) 'example_python_operator' retrieved from /home/airflow/.local/lib/python3.10/site-packages/airflow/example_dags/example_python_operator.py
[2024-04-16T21:29:44.423+0000] {logging_mixin.py:188} INFO - [2024-04-16T21:29:44.422+0000] {dag.py:3047} INFO - Sync 1 DAGs
[2024-04-16T21:29:44.432+0000] {logging_mixin.py:188} INFO - [2024-04-16T21:29:44.432+0000] {dag.py:3834} INFO - Setting next_dagrun for example_python_operator to None, run_after=None
[2024-04-16T21:29:44.450+0000] {processor.py:183} INFO - Processing /home/airflow/.local/lib/python3.10/site-packages/airflow/example_dags/example_python_operator.py took 0.130 seconds
[2024-04-16T21:30:15.292+0000] {processor.py:161} INFO - Started process (PID=179) to work on /home/airflow/.local/lib/python3.10/site-packages/airflow/example_dags/example_python_operator.py
[2024-04-16T21:30:15.293+0000] {processor.py:830} INFO - Processing file /home/airflow/.local/lib/python3.10/site-packages/airflow/example_dags/example_python_operator.py for tasks to queue
[2024-04-16T21:30:15.295+0000] {logging_mixin.py:188} INFO - [2024-04-16T21:30:15.295+0000] {dagbag.py:540} INFO - Filling up the DagBag from /home/airflow/.local/lib/python3.10/site-packages/airflow/example_dags/example_python_operator.py
[2024-04-16T21:30:15.304+0000] {processor.py:840} INFO - DAG(s) 'example_python_operator' retrieved from /home/airflow/.local/lib/python3.10/site-packages/airflow/example_dags/example_python_operator.py
[2024-04-16T21:30:15.322+0000] {logging_mixin.py:188} INFO - [2024-04-16T21:30:15.322+0000] {dag.py:3047} INFO - Sync 1 DAGs
[2024-04-16T21:30:15.333+0000] {logging_mixin.py:188} INFO - [2024-04-16T21:30:15.333+0000] {dag.py:3834} INFO - Setting next_dagrun for example_python_operator to None, run_after=None
[2024-04-16T21:30:15.348+0000] {processor.py:183} INFO - Processing /home/airflow/.local/lib/python3.10/site-packages/airflow/example_dags/example_python_operator.py took 0.059 seconds
[2024-04-16T21:30:45.750+0000] {processor.py:161} INFO - Started process (PID=234) to work on /home/airflow/.local/lib/python3.10/site-packages/airflow/example_dags/example_python_operator.py
[2024-04-16T21:30:45.751+0000] {processor.py:830} INFO - Processing file /home/airflow/.local/lib/python3.10/site-packages/airflow/example_dags/example_python_operator.py for tasks to queue
[2024-04-16T21:30:45.753+0000] {logging_mixin.py:188} INFO - [2024-04-16T21:30:45.753+0000] {dagbag.py:540} INFO - Filling up the DagBag from /home/airflow/.local/lib/python3.10/site-packages/airflow/example_dags/example_python_operator.py
[2024-04-16T21:30:45.763+0000] {processor.py:840} INFO - DAG(s) 'example_python_operator' retrieved from /home/airflow/.local/lib/python3.10/site-packages/airflow/example_dags/example_python_operator.py
[2024-04-16T21:30:45.789+0000] {logging_mixin.py:188} INFO - [2024-04-16T21:30:45.789+0000] {dag.py:3047} INFO - Sync 1 DAGs
[2024-04-16T21:30:45.801+0000] {logging_mixin.py:188} INFO - [2024-04-16T21:30:45.801+0000] {dag.py:3834} INFO - Setting next_dagrun for example_python_operator to None, run_after=None
[2024-04-16T21:30:45.818+0000] {processor.py:183} INFO - Processing /home/airflow/.local/lib/python3.10/site-packages/airflow/example_dags/example_python_operator.py took 0.072 seconds
[2024-04-16T21:31:16.716+0000] {processor.py:161} INFO - Started process (PID=289) to work on /home/airflow/.local/lib/python3.10/site-packages/airflow/example_dags/example_python_operator.py
[2024-04-16T21:31:16.717+0000] {processor.py:830} INFO - Processing file /home/airflow/.local/lib/python3.10/site-packages/airflow/example_dags/example_python_operator.py for tasks to queue
[2024-04-16T21:31:16.719+0000] {logging_mixin.py:188} INFO - [2024-04-16T21:31:16.718+0000] {dagbag.py:540} INFO - Filling up the DagBag from /home/airflow/.local/lib/python3.10/site-packages/airflow/example_dags/example_python_operator.py
[2024-04-16T21:31:16.728+0000] {processor.py:840} INFO - DAG(s) 'example_python_operator' retrieved from /home/airflow/.local/lib/python3.10/site-packages/airflow/example_dags/example_python_operator.py
[2024-04-16T21:31:16.747+0000] {logging_mixin.py:188} INFO - [2024-04-16T21:31:16.747+0000] {dag.py:3047} INFO - Sync 1 DAGs
[2024-04-16T21:31:16.758+0000] {logging_mixin.py:188} INFO - [2024-04-16T21:31:16.757+0000] {dag.py:3834} INFO - Setting next_dagrun for example_python_operator to None, run_after=None
[2024-04-16T21:31:16.774+0000] {processor.py:183} INFO - Processing /home/airflow/.local/lib/python3.10/site-packages/airflow/example_dags/example_python_operator.py took 0.061 seconds
[2024-04-16T21:32:13.390+0000] {processor.py:161} INFO - Started process (PID=71) to work on /home/airflow/.local/lib/python3.10/site-packages/airflow/example_dags/example_python_operator.py
[2024-04-16T21:32:13.391+0000] {processor.py:830} INFO - Processing file /home/airflow/.local/lib/python3.10/site-packages/airflow/example_dags/example_python_operator.py for tasks to queue
[2024-04-16T21:32:13.393+0000] {logging_mixin.py:188} INFO - [2024-04-16T21:32:13.392+0000] {dagbag.py:540} INFO - Filling up the DagBag from /home/airflow/.local/lib/python3.10/site-packages/airflow/example_dags/example_python_operator.py
[2024-04-16T21:32:13.402+0000] {processor.py:840} INFO - DAG(s) 'example_python_operator' retrieved from /home/airflow/.local/lib/python3.10/site-packages/airflow/example_dags/example_python_operator.py
[2024-04-16T21:32:13.413+0000] {logging_mixin.py:188} INFO - [2024-04-16T21:32:13.413+0000] {dag.py:3047} INFO - Sync 1 DAGs
[2024-04-16T21:32:13.425+0000] {logging_mixin.py:188} INFO - [2024-04-16T21:32:13.425+0000] {dag.py:3834} INFO - Setting next_dagrun for example_python_operator to None, run_after=None
[2024-04-16T21:32:13.443+0000] {processor.py:183} INFO - Processing /home/airflow/.local/lib/python3.10/site-packages/airflow/example_dags/example_python_operator.py took 0.057 seconds
[2024-04-16T21:32:45.340+0000] {processor.py:161} INFO - Started process (PID=128) to work on /home/airflow/.local/lib/python3.10/site-packages/airflow/example_dags/example_python_operator.py
[2024-04-16T21:32:45.341+0000] {processor.py:830} INFO - Processing file /home/airflow/.local/lib/python3.10/site-packages/airflow/example_dags/example_python_operator.py for tasks to queue
[2024-04-16T21:32:45.343+0000] {logging_mixin.py:188} INFO - [2024-04-16T21:32:45.343+0000] {dagbag.py:540} INFO - Filling up the DagBag from /home/airflow/.local/lib/python3.10/site-packages/airflow/example_dags/example_python_operator.py
[2024-04-16T21:32:45.354+0000] {processor.py:840} INFO - DAG(s) 'example_python_operator' retrieved from /home/airflow/.local/lib/python3.10/site-packages/airflow/example_dags/example_python_operator.py
[2024-04-16T21:32:45.447+0000] {logging_mixin.py:188} INFO - [2024-04-16T21:32:45.447+0000] {dag.py:3047} INFO - Sync 1 DAGs
[2024-04-16T21:32:45.458+0000] {logging_mixin.py:188} INFO - [2024-04-16T21:32:45.457+0000] {dag.py:3834} INFO - Setting next_dagrun for example_python_operator to None, run_after=None
[2024-04-16T21:32:45.476+0000] {processor.py:183} INFO - Processing /home/airflow/.local/lib/python3.10/site-packages/airflow/example_dags/example_python_operator.py took 0.139 seconds
[2024-04-16T21:33:51.689+0000] {processor.py:161} INFO - Started process (PID=71) to work on /home/airflow/.local/lib/python3.10/site-packages/airflow/example_dags/example_python_operator.py
[2024-04-16T21:33:51.691+0000] {processor.py:830} INFO - Processing file /home/airflow/.local/lib/python3.10/site-packages/airflow/example_dags/example_python_operator.py for tasks to queue
[2024-04-16T21:33:51.693+0000] {logging_mixin.py:188} INFO - [2024-04-16T21:33:51.692+0000] {dagbag.py:540} INFO - Filling up the DagBag from /home/airflow/.local/lib/python3.10/site-packages/airflow/example_dags/example_python_operator.py
[2024-04-16T21:33:51.704+0000] {processor.py:840} INFO - DAG(s) 'example_python_operator' retrieved from /home/airflow/.local/lib/python3.10/site-packages/airflow/example_dags/example_python_operator.py
[2024-04-16T21:33:51.716+0000] {logging_mixin.py:188} INFO - [2024-04-16T21:33:51.716+0000] {dag.py:3047} INFO - Sync 1 DAGs
[2024-04-16T21:33:51.729+0000] {logging_mixin.py:188} INFO - [2024-04-16T21:33:51.728+0000] {dag.py:3834} INFO - Setting next_dagrun for example_python_operator to None, run_after=None
[2024-04-16T21:33:51.748+0000] {processor.py:183} INFO - Processing /home/airflow/.local/lib/python3.10/site-packages/airflow/example_dags/example_python_operator.py took 0.062 seconds
[2024-04-16T21:34:23.676+0000] {processor.py:161} INFO - Started process (PID=128) to work on /home/airflow/.local/lib/python3.10/site-packages/airflow/example_dags/example_python_operator.py
[2024-04-16T21:34:23.678+0000] {processor.py:830} INFO - Processing file /home/airflow/.local/lib/python3.10/site-packages/airflow/example_dags/example_python_operator.py for tasks to queue
[2024-04-16T21:34:23.681+0000] {logging_mixin.py:188} INFO - [2024-04-16T21:34:23.680+0000] {dagbag.py:540} INFO - Filling up the DagBag from /home/airflow/.local/lib/python3.10/site-packages/airflow/example_dags/example_python_operator.py
[2024-04-16T21:34:23.693+0000] {processor.py:840} INFO - DAG(s) 'example_python_operator' retrieved from /home/airflow/.local/lib/python3.10/site-packages/airflow/example_dags/example_python_operator.py
[2024-04-16T21:34:23.790+0000] {logging_mixin.py:188} INFO - [2024-04-16T21:34:23.790+0000] {dag.py:3047} INFO - Sync 1 DAGs
[2024-04-16T21:34:23.802+0000] {logging_mixin.py:188} INFO - [2024-04-16T21:34:23.802+0000] {dag.py:3834} INFO - Setting next_dagrun for example_python_operator to None, run_after=None
[2024-04-16T21:34:23.822+0000] {processor.py:183} INFO - Processing /home/airflow/.local/lib/python3.10/site-packages/airflow/example_dags/example_python_operator.py took 0.149 seconds
[2024-04-16T21:34:54.210+0000] {processor.py:161} INFO - Started process (PID=185) to work on /home/airflow/.local/lib/python3.10/site-packages/airflow/example_dags/example_python_operator.py
[2024-04-16T21:34:54.211+0000] {processor.py:830} INFO - Processing file /home/airflow/.local/lib/python3.10/site-packages/airflow/example_dags/example_python_operator.py for tasks to queue
[2024-04-16T21:34:54.213+0000] {logging_mixin.py:188} INFO - [2024-04-16T21:34:54.212+0000] {dagbag.py:540} INFO - Filling up the DagBag from /home/airflow/.local/lib/python3.10/site-packages/airflow/example_dags/example_python_operator.py
[2024-04-16T21:34:54.223+0000] {processor.py:840} INFO - DAG(s) 'example_python_operator' retrieved from /home/airflow/.local/lib/python3.10/site-packages/airflow/example_dags/example_python_operator.py
[2024-04-16T21:34:54.245+0000] {logging_mixin.py:188} INFO - [2024-04-16T21:34:54.245+0000] {dag.py:3047} INFO - Sync 1 DAGs
[2024-04-16T21:34:54.258+0000] {logging_mixin.py:188} INFO - [2024-04-16T21:34:54.258+0000] {dag.py:3834} INFO - Setting next_dagrun for example_python_operator to None, run_after=None
[2024-04-16T21:34:54.277+0000] {processor.py:183} INFO - Processing /home/airflow/.local/lib/python3.10/site-packages/airflow/example_dags/example_python_operator.py took 0.070 seconds
[2024-04-16T21:35:24.318+0000] {processor.py:161} INFO - Started process (PID=242) to work on /home/airflow/.local/lib/python3.10/site-packages/airflow/example_dags/example_python_operator.py
[2024-04-16T21:35:24.319+0000] {processor.py:830} INFO - Processing file /home/airflow/.local/lib/python3.10/site-packages/airflow/example_dags/example_python_operator.py for tasks to queue
[2024-04-16T21:35:24.321+0000] {logging_mixin.py:188} INFO - [2024-04-16T21:35:24.321+0000] {dagbag.py:540} INFO - Filling up the DagBag from /home/airflow/.local/lib/python3.10/site-packages/airflow/example_dags/example_python_operator.py
[2024-04-16T21:35:24.332+0000] {processor.py:840} INFO - DAG(s) 'example_python_operator' retrieved from /home/airflow/.local/lib/python3.10/site-packages/airflow/example_dags/example_python_operator.py
[2024-04-16T21:35:24.352+0000] {logging_mixin.py:188} INFO - [2024-04-16T21:35:24.352+0000] {dag.py:3047} INFO - Sync 1 DAGs
[2024-04-16T21:35:24.363+0000] {logging_mixin.py:188} INFO - [2024-04-16T21:35:24.362+0000] {dag.py:3834} INFO - Setting next_dagrun for example_python_operator to None, run_after=None
[2024-04-16T21:35:24.380+0000] {processor.py:183} INFO - Processing /home/airflow/.local/lib/python3.10/site-packages/airflow/example_dags/example_python_operator.py took 0.064 seconds
[2024-04-16T21:35:55.232+0000] {processor.py:161} INFO - Started process (PID=299) to work on /home/airflow/.local/lib/python3.10/site-packages/airflow/example_dags/example_python_operator.py
[2024-04-16T21:35:55.233+0000] {processor.py:830} INFO - Processing file /home/airflow/.local/lib/python3.10/site-packages/airflow/example_dags/example_python_operator.py for tasks to queue
[2024-04-16T21:35:55.235+0000] {logging_mixin.py:188} INFO - [2024-04-16T21:35:55.235+0000] {dagbag.py:540} INFO - Filling up the DagBag from /home/airflow/.local/lib/python3.10/site-packages/airflow/example_dags/example_python_operator.py
[2024-04-16T21:35:55.244+0000] {processor.py:840} INFO - DAG(s) 'example_python_operator' retrieved from /home/airflow/.local/lib/python3.10/site-packages/airflow/example_dags/example_python_operator.py
[2024-04-16T21:35:55.266+0000] {logging_mixin.py:188} INFO - [2024-04-16T21:35:55.265+0000] {dag.py:3047} INFO - Sync 1 DAGs
[2024-04-16T21:35:55.277+0000] {logging_mixin.py:188} INFO - [2024-04-16T21:35:55.277+0000] {dag.py:3834} INFO - Setting next_dagrun for example_python_operator to None, run_after=None
[2024-04-16T21:35:55.295+0000] {processor.py:183} INFO - Processing /home/airflow/.local/lib/python3.10/site-packages/airflow/example_dags/example_python_operator.py took 0.066 seconds
[2024-04-16T21:36:25.774+0000] {processor.py:161} INFO - Started process (PID=356) to work on /home/airflow/.local/lib/python3.10/site-packages/airflow/example_dags/example_python_operator.py
[2024-04-16T21:36:25.776+0000] {processor.py:830} INFO - Processing file /home/airflow/.local/lib/python3.10/site-packages/airflow/example_dags/example_python_operator.py for tasks to queue
[2024-04-16T21:36:25.778+0000] {logging_mixin.py:188} INFO - [2024-04-16T21:36:25.778+0000] {dagbag.py:540} INFO - Filling up the DagBag from /home/airflow/.local/lib/python3.10/site-packages/airflow/example_dags/example_python_operator.py
[2024-04-16T21:36:25.791+0000] {processor.py:840} INFO - DAG(s) 'example_python_operator' retrieved from /home/airflow/.local/lib/python3.10/site-packages/airflow/example_dags/example_python_operator.py
[2024-04-16T21:36:25.812+0000] {logging_mixin.py:188} INFO - [2024-04-16T21:36:25.812+0000] {dag.py:3047} INFO - Sync 1 DAGs
[2024-04-16T21:36:25.824+0000] {logging_mixin.py:188} INFO - [2024-04-16T21:36:25.824+0000] {dag.py:3834} INFO - Setting next_dagrun for example_python_operator to None, run_after=None
[2024-04-16T21:36:25.840+0000] {processor.py:183} INFO - Processing /home/airflow/.local/lib/python3.10/site-packages/airflow/example_dags/example_python_operator.py took 0.070 seconds
[2024-04-16T21:36:56.414+0000] {processor.py:161} INFO - Started process (PID=413) to work on /home/airflow/.local/lib/python3.10/site-packages/airflow/example_dags/example_python_operator.py
[2024-04-16T21:36:56.416+0000] {processor.py:830} INFO - Processing file /home/airflow/.local/lib/python3.10/site-packages/airflow/example_dags/example_python_operator.py for tasks to queue
[2024-04-16T21:36:56.417+0000] {logging_mixin.py:188} INFO - [2024-04-16T21:36:56.417+0000] {dagbag.py:540} INFO - Filling up the DagBag from /home/airflow/.local/lib/python3.10/site-packages/airflow/example_dags/example_python_operator.py
[2024-04-16T21:36:56.427+0000] {processor.py:840} INFO - DAG(s) 'example_python_operator' retrieved from /home/airflow/.local/lib/python3.10/site-packages/airflow/example_dags/example_python_operator.py
[2024-04-16T21:36:56.447+0000] {logging_mixin.py:188} INFO - [2024-04-16T21:36:56.447+0000] {dag.py:3047} INFO - Sync 1 DAGs
[2024-04-16T21:36:56.458+0000] {logging_mixin.py:188} INFO - [2024-04-16T21:36:56.458+0000] {dag.py:3834} INFO - Setting next_dagrun for example_python_operator to None, run_after=None
[2024-04-16T21:36:56.476+0000] {processor.py:183} INFO - Processing /home/airflow/.local/lib/python3.10/site-packages/airflow/example_dags/example_python_operator.py took 0.065 seconds
[2024-04-16T21:37:26.950+0000] {processor.py:161} INFO - Started process (PID=470) to work on /home/airflow/.local/lib/python3.10/site-packages/airflow/example_dags/example_python_operator.py
[2024-04-16T21:37:26.951+0000] {processor.py:830} INFO - Processing file /home/airflow/.local/lib/python3.10/site-packages/airflow/example_dags/example_python_operator.py for tasks to queue
[2024-04-16T21:37:26.952+0000] {logging_mixin.py:188} INFO - [2024-04-16T21:37:26.952+0000] {dagbag.py:540} INFO - Filling up the DagBag from /home/airflow/.local/lib/python3.10/site-packages/airflow/example_dags/example_python_operator.py
[2024-04-16T21:37:26.962+0000] {processor.py:840} INFO - DAG(s) 'example_python_operator' retrieved from /home/airflow/.local/lib/python3.10/site-packages/airflow/example_dags/example_python_operator.py
[2024-04-16T21:37:26.982+0000] {logging_mixin.py:188} INFO - [2024-04-16T21:37:26.982+0000] {dag.py:3047} INFO - Sync 1 DAGs
[2024-04-16T21:37:26.994+0000] {logging_mixin.py:188} INFO - [2024-04-16T21:37:26.993+0000] {dag.py:3834} INFO - Setting next_dagrun for example_python_operator to None, run_after=None
[2024-04-16T21:37:27.011+0000] {processor.py:183} INFO - Processing /home/airflow/.local/lib/python3.10/site-packages/airflow/example_dags/example_python_operator.py took 0.064 seconds
[2024-04-16T21:37:57.610+0000] {processor.py:161} INFO - Started process (PID=527) to work on /home/airflow/.local/lib/python3.10/site-packages/airflow/example_dags/example_python_operator.py
[2024-04-16T21:37:57.611+0000] {processor.py:830} INFO - Processing file /home/airflow/.local/lib/python3.10/site-packages/airflow/example_dags/example_python_operator.py for tasks to queue
[2024-04-16T21:37:57.613+0000] {logging_mixin.py:188} INFO - [2024-04-16T21:37:57.613+0000] {dagbag.py:540} INFO - Filling up the DagBag from /home/airflow/.local/lib/python3.10/site-packages/airflow/example_dags/example_python_operator.py
[2024-04-16T21:37:57.624+0000] {processor.py:840} INFO - DAG(s) 'example_python_operator' retrieved from /home/airflow/.local/lib/python3.10/site-packages/airflow/example_dags/example_python_operator.py
[2024-04-16T21:37:57.644+0000] {logging_mixin.py:188} INFO - [2024-04-16T21:37:57.643+0000] {dag.py:3047} INFO - Sync 1 DAGs
[2024-04-16T21:37:57.655+0000] {logging_mixin.py:188} INFO - [2024-04-16T21:37:57.655+0000] {dag.py:3834} INFO - Setting next_dagrun for example_python_operator to None, run_after=None
[2024-04-16T21:37:57.672+0000] {processor.py:183} INFO - Processing /home/airflow/.local/lib/python3.10/site-packages/airflow/example_dags/example_python_operator.py took 0.065 seconds
[2024-04-16T21:38:28.235+0000] {processor.py:161} INFO - Started process (PID=584) to work on /home/airflow/.local/lib/python3.10/site-packages/airflow/example_dags/example_python_operator.py
[2024-04-16T21:38:28.236+0000] {processor.py:830} INFO - Processing file /home/airflow/.local/lib/python3.10/site-packages/airflow/example_dags/example_python_operator.py for tasks to queue
[2024-04-16T21:38:28.238+0000] {logging_mixin.py:188} INFO - [2024-04-16T21:38:28.238+0000] {dagbag.py:540} INFO - Filling up the DagBag from /home/airflow/.local/lib/python3.10/site-packages/airflow/example_dags/example_python_operator.py
[2024-04-16T21:38:28.249+0000] {processor.py:840} INFO - DAG(s) 'example_python_operator' retrieved from /home/airflow/.local/lib/python3.10/site-packages/airflow/example_dags/example_python_operator.py
[2024-04-16T21:38:28.270+0000] {logging_mixin.py:188} INFO - [2024-04-16T21:38:28.269+0000] {dag.py:3047} INFO - Sync 1 DAGs
[2024-04-16T21:38:28.282+0000] {logging_mixin.py:188} INFO - [2024-04-16T21:38:28.282+0000] {dag.py:3834} INFO - Setting next_dagrun for example_python_operator to None, run_after=None
[2024-04-16T21:38:28.300+0000] {processor.py:183} INFO - Processing /home/airflow/.local/lib/python3.10/site-packages/airflow/example_dags/example_python_operator.py took 0.068 seconds
[2024-04-16T21:38:58.887+0000] {processor.py:161} INFO - Started process (PID=641) to work on /home/airflow/.local/lib/python3.10/site-packages/airflow/example_dags/example_python_operator.py
[2024-04-16T21:38:58.888+0000] {processor.py:830} INFO - Processing file /home/airflow/.local/lib/python3.10/site-packages/airflow/example_dags/example_python_operator.py for tasks to queue
[2024-04-16T21:38:58.890+0000] {logging_mixin.py:188} INFO - [2024-04-16T21:38:58.890+0000] {dagbag.py:540} INFO - Filling up the DagBag from /home/airflow/.local/lib/python3.10/site-packages/airflow/example_dags/example_python_operator.py
[2024-04-16T21:38:58.900+0000] {processor.py:840} INFO - DAG(s) 'example_python_operator' retrieved from /home/airflow/.local/lib/python3.10/site-packages/airflow/example_dags/example_python_operator.py
[2024-04-16T21:38:58.920+0000] {logging_mixin.py:188} INFO - [2024-04-16T21:38:58.920+0000] {dag.py:3047} INFO - Sync 1 DAGs
[2024-04-16T21:38:58.932+0000] {logging_mixin.py:188} INFO - [2024-04-16T21:38:58.932+0000] {dag.py:3834} INFO - Setting next_dagrun for example_python_operator to None, run_after=None
[2024-04-16T21:38:58.949+0000] {processor.py:183} INFO - Processing /home/airflow/.local/lib/python3.10/site-packages/airflow/example_dags/example_python_operator.py took 0.065 seconds
[2024-04-16T21:39:29.607+0000] {processor.py:161} INFO - Started process (PID=698) to work on /home/airflow/.local/lib/python3.10/site-packages/airflow/example_dags/example_python_operator.py
[2024-04-16T21:39:29.608+0000] {processor.py:830} INFO - Processing file /home/airflow/.local/lib/python3.10/site-packages/airflow/example_dags/example_python_operator.py for tasks to queue
[2024-04-16T21:39:29.610+0000] {logging_mixin.py:188} INFO - [2024-04-16T21:39:29.609+0000] {dagbag.py:540} INFO - Filling up the DagBag from /home/airflow/.local/lib/python3.10/site-packages/airflow/example_dags/example_python_operator.py
[2024-04-16T21:39:29.620+0000] {processor.py:840} INFO - DAG(s) 'example_python_operator' retrieved from /home/airflow/.local/lib/python3.10/site-packages/airflow/example_dags/example_python_operator.py
[2024-04-16T21:39:29.640+0000] {logging_mixin.py:188} INFO - [2024-04-16T21:39:29.640+0000] {dag.py:3047} INFO - Sync 1 DAGs
[2024-04-16T21:39:29.652+0000] {logging_mixin.py:188} INFO - [2024-04-16T21:39:29.652+0000] {dag.py:3834} INFO - Setting next_dagrun for example_python_operator to None, run_after=None
[2024-04-16T21:39:29.671+0000] {processor.py:183} INFO - Processing /home/airflow/.local/lib/python3.10/site-packages/airflow/example_dags/example_python_operator.py took 0.068 seconds
[2024-04-16T21:40:00.260+0000] {processor.py:161} INFO - Started process (PID=755) to work on /home/airflow/.local/lib/python3.10/site-packages/airflow/example_dags/example_python_operator.py
[2024-04-16T21:40:00.261+0000] {processor.py:830} INFO - Processing file /home/airflow/.local/lib/python3.10/site-packages/airflow/example_dags/example_python_operator.py for tasks to queue
[2024-04-16T21:40:00.263+0000] {logging_mixin.py:188} INFO - [2024-04-16T21:40:00.263+0000] {dagbag.py:540} INFO - Filling up the DagBag from /home/airflow/.local/lib/python3.10/site-packages/airflow/example_dags/example_python_operator.py
[2024-04-16T21:40:00.273+0000] {processor.py:840} INFO - DAG(s) 'example_python_operator' retrieved from /home/airflow/.local/lib/python3.10/site-packages/airflow/example_dags/example_python_operator.py
[2024-04-16T21:40:00.294+0000] {logging_mixin.py:188} INFO - [2024-04-16T21:40:00.294+0000] {dag.py:3047} INFO - Sync 1 DAGs
[2024-04-16T21:40:00.308+0000] {logging_mixin.py:188} INFO - [2024-04-16T21:40:00.308+0000] {dag.py:3834} INFO - Setting next_dagrun for example_python_operator to None, run_after=None
[2024-04-16T21:40:00.325+0000] {processor.py:183} INFO - Processing /home/airflow/.local/lib/python3.10/site-packages/airflow/example_dags/example_python_operator.py took 0.068 seconds
[2024-04-16T21:40:30.851+0000] {processor.py:161} INFO - Started process (PID=812) to work on /home/airflow/.local/lib/python3.10/site-packages/airflow/example_dags/example_python_operator.py
[2024-04-16T21:40:30.852+0000] {processor.py:830} INFO - Processing file /home/airflow/.local/lib/python3.10/site-packages/airflow/example_dags/example_python_operator.py for tasks to queue
[2024-04-16T21:40:30.854+0000] {logging_mixin.py:188} INFO - [2024-04-16T21:40:30.854+0000] {dagbag.py:540} INFO - Filling up the DagBag from /home/airflow/.local/lib/python3.10/site-packages/airflow/example_dags/example_python_operator.py
[2024-04-16T21:40:30.864+0000] {processor.py:840} INFO - DAG(s) 'example_python_operator' retrieved from /home/airflow/.local/lib/python3.10/site-packages/airflow/example_dags/example_python_operator.py
[2024-04-16T21:40:30.884+0000] {logging_mixin.py:188} INFO - [2024-04-16T21:40:30.884+0000] {dag.py:3047} INFO - Sync 1 DAGs
[2024-04-16T21:40:30.897+0000] {logging_mixin.py:188} INFO - [2024-04-16T21:40:30.896+0000] {dag.py:3834} INFO - Setting next_dagrun for example_python_operator to None, run_after=None
[2024-04-16T21:40:30.920+0000] {processor.py:183} INFO - Processing /home/airflow/.local/lib/python3.10/site-packages/airflow/example_dags/example_python_operator.py took 0.072 seconds
[2024-04-16T21:41:01.360+0000] {processor.py:161} INFO - Started process (PID=869) to work on /home/airflow/.local/lib/python3.10/site-packages/airflow/example_dags/example_python_operator.py
[2024-04-16T21:41:01.361+0000] {processor.py:830} INFO - Processing file /home/airflow/.local/lib/python3.10/site-packages/airflow/example_dags/example_python_operator.py for tasks to queue
[2024-04-16T21:41:01.363+0000] {logging_mixin.py:188} INFO - [2024-04-16T21:41:01.362+0000] {dagbag.py:540} INFO - Filling up the DagBag from /home/airflow/.local/lib/python3.10/site-packages/airflow/example_dags/example_python_operator.py
[2024-04-16T21:41:01.373+0000] {processor.py:840} INFO - DAG(s) 'example_python_operator' retrieved from /home/airflow/.local/lib/python3.10/site-packages/airflow/example_dags/example_python_operator.py
[2024-04-16T21:41:01.392+0000] {logging_mixin.py:188} INFO - [2024-04-16T21:41:01.391+0000] {dag.py:3047} INFO - Sync 1 DAGs
[2024-04-16T21:41:01.402+0000] {logging_mixin.py:188} INFO - [2024-04-16T21:41:01.402+0000] {dag.py:3834} INFO - Setting next_dagrun for example_python_operator to None, run_after=None
[2024-04-16T21:41:01.420+0000] {processor.py:183} INFO - Processing /home/airflow/.local/lib/python3.10/site-packages/airflow/example_dags/example_python_operator.py took 0.063 seconds
[2024-04-16T21:41:31.856+0000] {processor.py:161} INFO - Started process (PID=926) to work on /home/airflow/.local/lib/python3.10/site-packages/airflow/example_dags/example_python_operator.py
[2024-04-16T21:41:31.857+0000] {processor.py:830} INFO - Processing file /home/airflow/.local/lib/python3.10/site-packages/airflow/example_dags/example_python_operator.py for tasks to queue
[2024-04-16T21:41:31.859+0000] {logging_mixin.py:188} INFO - [2024-04-16T21:41:31.858+0000] {dagbag.py:540} INFO - Filling up the DagBag from /home/airflow/.local/lib/python3.10/site-packages/airflow/example_dags/example_python_operator.py
[2024-04-16T21:41:31.868+0000] {processor.py:840} INFO - DAG(s) 'example_python_operator' retrieved from /home/airflow/.local/lib/python3.10/site-packages/airflow/example_dags/example_python_operator.py
[2024-04-16T21:41:31.888+0000] {logging_mixin.py:188} INFO - [2024-04-16T21:41:31.888+0000] {dag.py:3047} INFO - Sync 1 DAGs
[2024-04-16T21:41:31.899+0000] {logging_mixin.py:188} INFO - [2024-04-16T21:41:31.899+0000] {dag.py:3834} INFO - Setting next_dagrun for example_python_operator to None, run_after=None
[2024-04-16T21:41:31.916+0000] {processor.py:183} INFO - Processing /home/airflow/.local/lib/python3.10/site-packages/airflow/example_dags/example_python_operator.py took 0.063 seconds
[2024-04-16T21:42:02.319+0000] {processor.py:161} INFO - Started process (PID=983) to work on /home/airflow/.local/lib/python3.10/site-packages/airflow/example_dags/example_python_operator.py
[2024-04-16T21:42:02.320+0000] {processor.py:830} INFO - Processing file /home/airflow/.local/lib/python3.10/site-packages/airflow/example_dags/example_python_operator.py for tasks to queue
[2024-04-16T21:42:02.322+0000] {logging_mixin.py:188} INFO - [2024-04-16T21:42:02.322+0000] {dagbag.py:540} INFO - Filling up the DagBag from /home/airflow/.local/lib/python3.10/site-packages/airflow/example_dags/example_python_operator.py
[2024-04-16T21:42:02.331+0000] {processor.py:840} INFO - DAG(s) 'example_python_operator' retrieved from /home/airflow/.local/lib/python3.10/site-packages/airflow/example_dags/example_python_operator.py
[2024-04-16T21:42:02.349+0000] {logging_mixin.py:188} INFO - [2024-04-16T21:42:02.349+0000] {dag.py:3047} INFO - Sync 1 DAGs
[2024-04-16T21:42:02.360+0000] {logging_mixin.py:188} INFO - [2024-04-16T21:42:02.360+0000] {dag.py:3834} INFO - Setting next_dagrun for example_python_operator to None, run_after=None
[2024-04-16T21:42:02.378+0000] {processor.py:183} INFO - Processing /home/airflow/.local/lib/python3.10/site-packages/airflow/example_dags/example_python_operator.py took 0.062 seconds
[2024-04-16T21:42:32.807+0000] {processor.py:161} INFO - Started process (PID=1040) to work on /home/airflow/.local/lib/python3.10/site-packages/airflow/example_dags/example_python_operator.py
[2024-04-16T21:42:32.808+0000] {processor.py:830} INFO - Processing file /home/airflow/.local/lib/python3.10/site-packages/airflow/example_dags/example_python_operator.py for tasks to queue
[2024-04-16T21:42:32.810+0000] {logging_mixin.py:188} INFO - [2024-04-16T21:42:32.810+0000] {dagbag.py:540} INFO - Filling up the DagBag from /home/airflow/.local/lib/python3.10/site-packages/airflow/example_dags/example_python_operator.py
[2024-04-16T21:42:32.820+0000] {processor.py:840} INFO - DAG(s) 'example_python_operator' retrieved from /home/airflow/.local/lib/python3.10/site-packages/airflow/example_dags/example_python_operator.py
[2024-04-16T21:42:32.839+0000] {logging_mixin.py:188} INFO - [2024-04-16T21:42:32.839+0000] {dag.py:3047} INFO - Sync 1 DAGs
[2024-04-16T21:42:32.851+0000] {logging_mixin.py:188} INFO - [2024-04-16T21:42:32.851+0000] {dag.py:3834} INFO - Setting next_dagrun for example_python_operator to None, run_after=None
[2024-04-16T21:42:32.868+0000] {processor.py:183} INFO - Processing /home/airflow/.local/lib/python3.10/site-packages/airflow/example_dags/example_python_operator.py took 0.063 seconds
[2024-04-16T21:43:03.371+0000] {processor.py:161} INFO - Started process (PID=1097) to work on /home/airflow/.local/lib/python3.10/site-packages/airflow/example_dags/example_python_operator.py
[2024-04-16T21:43:03.373+0000] {processor.py:830} INFO - Processing file /home/airflow/.local/lib/python3.10/site-packages/airflow/example_dags/example_python_operator.py for tasks to queue
[2024-04-16T21:43:03.375+0000] {logging_mixin.py:188} INFO - [2024-04-16T21:43:03.374+0000] {dagbag.py:540} INFO - Filling up the DagBag from /home/airflow/.local/lib/python3.10/site-packages/airflow/example_dags/example_python_operator.py
[2024-04-16T21:43:03.385+0000] {processor.py:840} INFO - DAG(s) 'example_python_operator' retrieved from /home/airflow/.local/lib/python3.10/site-packages/airflow/example_dags/example_python_operator.py
[2024-04-16T21:43:03.404+0000] {logging_mixin.py:188} INFO - [2024-04-16T21:43:03.404+0000] {dag.py:3047} INFO - Sync 1 DAGs
[2024-04-16T21:43:03.417+0000] {logging_mixin.py:188} INFO - [2024-04-16T21:43:03.417+0000] {dag.py:3834} INFO - Setting next_dagrun for example_python_operator to None, run_after=None
[2024-04-16T21:43:03.436+0000] {processor.py:183} INFO - Processing /home/airflow/.local/lib/python3.10/site-packages/airflow/example_dags/example_python_operator.py took 0.067 seconds
[2024-04-16T21:43:33.935+0000] {processor.py:161} INFO - Started process (PID=1154) to work on /home/airflow/.local/lib/python3.10/site-packages/airflow/example_dags/example_python_operator.py
[2024-04-16T21:43:33.936+0000] {processor.py:830} INFO - Processing file /home/airflow/.local/lib/python3.10/site-packages/airflow/example_dags/example_python_operator.py for tasks to queue
[2024-04-16T21:43:33.937+0000] {logging_mixin.py:188} INFO - [2024-04-16T21:43:33.937+0000] {dagbag.py:540} INFO - Filling up the DagBag from /home/airflow/.local/lib/python3.10/site-packages/airflow/example_dags/example_python_operator.py
[2024-04-16T21:43:33.948+0000] {processor.py:840} INFO - DAG(s) 'example_python_operator' retrieved from /home/airflow/.local/lib/python3.10/site-packages/airflow/example_dags/example_python_operator.py
[2024-04-16T21:43:33.970+0000] {logging_mixin.py:188} INFO - [2024-04-16T21:43:33.969+0000] {dag.py:3047} INFO - Sync 1 DAGs
[2024-04-16T21:43:33.982+0000] {logging_mixin.py:188} INFO - [2024-04-16T21:43:33.982+0000] {dag.py:3834} INFO - Setting next_dagrun for example_python_operator to None, run_after=None
[2024-04-16T21:43:34.007+0000] {processor.py:183} INFO - Processing /home/airflow/.local/lib/python3.10/site-packages/airflow/example_dags/example_python_operator.py took 0.075 seconds
[2024-04-16T21:44:04.483+0000] {processor.py:161} INFO - Started process (PID=1211) to work on /home/airflow/.local/lib/python3.10/site-packages/airflow/example_dags/example_python_operator.py
[2024-04-16T21:44:04.484+0000] {processor.py:830} INFO - Processing file /home/airflow/.local/lib/python3.10/site-packages/airflow/example_dags/example_python_operator.py for tasks to queue
[2024-04-16T21:44:04.486+0000] {logging_mixin.py:188} INFO - [2024-04-16T21:44:04.486+0000] {dagbag.py:540} INFO - Filling up the DagBag from /home/airflow/.local/lib/python3.10/site-packages/airflow/example_dags/example_python_operator.py
[2024-04-16T21:44:04.497+0000] {processor.py:840} INFO - DAG(s) 'example_python_operator' retrieved from /home/airflow/.local/lib/python3.10/site-packages/airflow/example_dags/example_python_operator.py
[2024-04-16T21:44:04.518+0000] {logging_mixin.py:188} INFO - [2024-04-16T21:44:04.517+0000] {dag.py:3047} INFO - Sync 1 DAGs
[2024-04-16T21:44:04.529+0000] {logging_mixin.py:188} INFO - [2024-04-16T21:44:04.529+0000] {dag.py:3834} INFO - Setting next_dagrun for example_python_operator to None, run_after=None
[2024-04-16T21:44:04.548+0000] {processor.py:183} INFO - Processing /home/airflow/.local/lib/python3.10/site-packages/airflow/example_dags/example_python_operator.py took 0.068 seconds
[2024-04-16T21:44:35.054+0000] {processor.py:161} INFO - Started process (PID=1268) to work on /home/airflow/.local/lib/python3.10/site-packages/airflow/example_dags/example_python_operator.py
[2024-04-16T21:44:35.055+0000] {processor.py:830} INFO - Processing file /home/airflow/.local/lib/python3.10/site-packages/airflow/example_dags/example_python_operator.py for tasks to queue
[2024-04-16T21:44:35.057+0000] {logging_mixin.py:188} INFO - [2024-04-16T21:44:35.056+0000] {dagbag.py:540} INFO - Filling up the DagBag from /home/airflow/.local/lib/python3.10/site-packages/airflow/example_dags/example_python_operator.py
[2024-04-16T21:44:35.067+0000] {processor.py:840} INFO - DAG(s) 'example_python_operator' retrieved from /home/airflow/.local/lib/python3.10/site-packages/airflow/example_dags/example_python_operator.py
[2024-04-16T21:44:35.088+0000] {logging_mixin.py:188} INFO - [2024-04-16T21:44:35.088+0000] {dag.py:3047} INFO - Sync 1 DAGs
[2024-04-16T21:44:35.099+0000] {logging_mixin.py:188} INFO - [2024-04-16T21:44:35.099+0000] {dag.py:3834} INFO - Setting next_dagrun for example_python_operator to None, run_after=None
[2024-04-16T21:44:35.116+0000] {processor.py:183} INFO - Processing /home/airflow/.local/lib/python3.10/site-packages/airflow/example_dags/example_python_operator.py took 0.066 seconds
[2024-04-16T21:45:05.697+0000] {processor.py:161} INFO - Started process (PID=1325) to work on /home/airflow/.local/lib/python3.10/site-packages/airflow/example_dags/example_python_operator.py
[2024-04-16T21:45:05.698+0000] {processor.py:830} INFO - Processing file /home/airflow/.local/lib/python3.10/site-packages/airflow/example_dags/example_python_operator.py for tasks to queue
[2024-04-16T21:45:05.700+0000] {logging_mixin.py:188} INFO - [2024-04-16T21:45:05.700+0000] {dagbag.py:540} INFO - Filling up the DagBag from /home/airflow/.local/lib/python3.10/site-packages/airflow/example_dags/example_python_operator.py
[2024-04-16T21:45:05.710+0000] {processor.py:840} INFO - DAG(s) 'example_python_operator' retrieved from /home/airflow/.local/lib/python3.10/site-packages/airflow/example_dags/example_python_operator.py
[2024-04-16T21:45:05.731+0000] {logging_mixin.py:188} INFO - [2024-04-16T21:45:05.730+0000] {dag.py:3047} INFO - Sync 1 DAGs
[2024-04-16T21:45:05.743+0000] {logging_mixin.py:188} INFO - [2024-04-16T21:45:05.743+0000] {dag.py:3834} INFO - Setting next_dagrun for example_python_operator to None, run_after=None
[2024-04-16T21:45:05.761+0000] {processor.py:183} INFO - Processing /home/airflow/.local/lib/python3.10/site-packages/airflow/example_dags/example_python_operator.py took 0.067 seconds
[2024-04-16T21:45:36.228+0000] {processor.py:161} INFO - Started process (PID=1382) to work on /home/airflow/.local/lib/python3.10/site-packages/airflow/example_dags/example_python_operator.py
[2024-04-16T21:45:36.230+0000] {processor.py:830} INFO - Processing file /home/airflow/.local/lib/python3.10/site-packages/airflow/example_dags/example_python_operator.py for tasks to queue
[2024-04-16T21:45:36.232+0000] {logging_mixin.py:188} INFO - [2024-04-16T21:45:36.232+0000] {dagbag.py:540} INFO - Filling up the DagBag from /home/airflow/.local/lib/python3.10/site-packages/airflow/example_dags/example_python_operator.py
[2024-04-16T21:45:36.247+0000] {processor.py:840} INFO - DAG(s) 'example_python_operator' retrieved from /home/airflow/.local/lib/python3.10/site-packages/airflow/example_dags/example_python_operator.py
[2024-04-16T21:45:36.270+0000] {logging_mixin.py:188} INFO - [2024-04-16T21:45:36.270+0000] {dag.py:3047} INFO - Sync 1 DAGs
[2024-04-16T21:45:36.283+0000] {logging_mixin.py:188} INFO - [2024-04-16T21:45:36.282+0000] {dag.py:3834} INFO - Setting next_dagrun for example_python_operator to None, run_after=None
[2024-04-16T21:45:36.304+0000] {processor.py:183} INFO - Processing /home/airflow/.local/lib/python3.10/site-packages/airflow/example_dags/example_python_operator.py took 0.079 seconds
