[2024-04-16T21:29:10.620+0000] {processor.py:161} INFO - Started process (PID=38) to work on /home/airflow/.local/lib/python3.10/site-packages/airflow/example_dags/example_params_trigger_ui.py
[2024-04-16T21:29:10.621+0000] {processor.py:830} INFO - Processing file /home/airflow/.local/lib/python3.10/site-packages/airflow/example_dags/example_params_trigger_ui.py for tasks to queue
[2024-04-16T21:29:10.623+0000] {logging_mixin.py:188} INFO - [2024-04-16T21:29:10.623+0000] {dagbag.py:540} INFO - Filling up the DagBag from /home/airflow/.local/lib/python3.10/site-packages/airflow/example_dags/example_params_trigger_ui.py
[2024-04-16T21:29:10.640+0000] {processor.py:840} INFO - DAG(s) 'example_params_trigger_ui' retrieved from /home/airflow/.local/lib/python3.10/site-packages/airflow/example_dags/example_params_trigger_ui.py
[2024-04-16T21:29:10.652+0000] {logging_mixin.py:188} INFO - [2024-04-16T21:29:10.652+0000] {dag.py:3047} INFO - Sync 1 DAGs
[2024-04-16T21:29:10.666+0000] {logging_mixin.py:188} INFO - [2024-04-16T21:29:10.666+0000] {dag.py:3834} INFO - Setting next_dagrun for example_params_trigger_ui to None, run_after=None
[2024-04-16T21:29:10.684+0000] {processor.py:183} INFO - Processing /home/airflow/.local/lib/python3.10/site-packages/airflow/example_dags/example_params_trigger_ui.py took 0.067 seconds
[2024-04-16T21:29:41.397+0000] {processor.py:161} INFO - Started process (PID=93) to work on /home/airflow/.local/lib/python3.10/site-packages/airflow/example_dags/example_params_trigger_ui.py
[2024-04-16T21:29:41.398+0000] {processor.py:830} INFO - Processing file /home/airflow/.local/lib/python3.10/site-packages/airflow/example_dags/example_params_trigger_ui.py for tasks to queue
[2024-04-16T21:29:41.400+0000] {logging_mixin.py:188} INFO - [2024-04-16T21:29:41.400+0000] {dagbag.py:540} INFO - Filling up the DagBag from /home/airflow/.local/lib/python3.10/site-packages/airflow/example_dags/example_params_trigger_ui.py
[2024-04-16T21:29:41.411+0000] {processor.py:840} INFO - DAG(s) 'example_params_trigger_ui' retrieved from /home/airflow/.local/lib/python3.10/site-packages/airflow/example_dags/example_params_trigger_ui.py
[2024-04-16T21:29:41.519+0000] {logging_mixin.py:188} INFO - [2024-04-16T21:29:41.519+0000] {dag.py:3047} INFO - Sync 1 DAGs
[2024-04-16T21:29:41.529+0000] {logging_mixin.py:188} INFO - [2024-04-16T21:29:41.529+0000] {dag.py:3834} INFO - Setting next_dagrun for example_params_trigger_ui to None, run_after=None
[2024-04-16T21:29:41.543+0000] {processor.py:183} INFO - Processing /home/airflow/.local/lib/python3.10/site-packages/airflow/example_dags/example_params_trigger_ui.py took 0.149 seconds
[2024-04-16T21:30:11.683+0000] {processor.py:161} INFO - Started process (PID=148) to work on /home/airflow/.local/lib/python3.10/site-packages/airflow/example_dags/example_params_trigger_ui.py
[2024-04-16T21:30:11.685+0000] {processor.py:830} INFO - Processing file /home/airflow/.local/lib/python3.10/site-packages/airflow/example_dags/example_params_trigger_ui.py for tasks to queue
[2024-04-16T21:30:11.687+0000] {logging_mixin.py:188} INFO - [2024-04-16T21:30:11.687+0000] {dagbag.py:540} INFO - Filling up the DagBag from /home/airflow/.local/lib/python3.10/site-packages/airflow/example_dags/example_params_trigger_ui.py
[2024-04-16T21:30:11.702+0000] {processor.py:840} INFO - DAG(s) 'example_params_trigger_ui' retrieved from /home/airflow/.local/lib/python3.10/site-packages/airflow/example_dags/example_params_trigger_ui.py
[2024-04-16T21:30:11.757+0000] {logging_mixin.py:188} INFO - [2024-04-16T21:30:11.757+0000] {dag.py:3047} INFO - Sync 1 DAGs
[2024-04-16T21:30:11.770+0000] {logging_mixin.py:188} INFO - [2024-04-16T21:30:11.770+0000] {dag.py:3834} INFO - Setting next_dagrun for example_params_trigger_ui to None, run_after=None
[2024-04-16T21:30:11.786+0000] {processor.py:183} INFO - Processing /home/airflow/.local/lib/python3.10/site-packages/airflow/example_dags/example_params_trigger_ui.py took 0.107 seconds
[2024-04-16T21:30:42.091+0000] {processor.py:161} INFO - Started process (PID=203) to work on /home/airflow/.local/lib/python3.10/site-packages/airflow/example_dags/example_params_trigger_ui.py
[2024-04-16T21:30:42.092+0000] {processor.py:830} INFO - Processing file /home/airflow/.local/lib/python3.10/site-packages/airflow/example_dags/example_params_trigger_ui.py for tasks to queue
[2024-04-16T21:30:42.094+0000] {logging_mixin.py:188} INFO - [2024-04-16T21:30:42.094+0000] {dagbag.py:540} INFO - Filling up the DagBag from /home/airflow/.local/lib/python3.10/site-packages/airflow/example_dags/example_params_trigger_ui.py
[2024-04-16T21:30:42.108+0000] {processor.py:840} INFO - DAG(s) 'example_params_trigger_ui' retrieved from /home/airflow/.local/lib/python3.10/site-packages/airflow/example_dags/example_params_trigger_ui.py
[2024-04-16T21:30:42.153+0000] {logging_mixin.py:188} INFO - [2024-04-16T21:30:42.153+0000] {dag.py:3047} INFO - Sync 1 DAGs
[2024-04-16T21:30:42.165+0000] {logging_mixin.py:188} INFO - [2024-04-16T21:30:42.165+0000] {dag.py:3834} INFO - Setting next_dagrun for example_params_trigger_ui to None, run_after=None
[2024-04-16T21:30:42.183+0000] {processor.py:183} INFO - Processing /home/airflow/.local/lib/python3.10/site-packages/airflow/example_dags/example_params_trigger_ui.py took 0.096 seconds
[2024-04-16T21:31:12.856+0000] {processor.py:161} INFO - Started process (PID=258) to work on /home/airflow/.local/lib/python3.10/site-packages/airflow/example_dags/example_params_trigger_ui.py
[2024-04-16T21:31:12.857+0000] {processor.py:830} INFO - Processing file /home/airflow/.local/lib/python3.10/site-packages/airflow/example_dags/example_params_trigger_ui.py for tasks to queue
[2024-04-16T21:31:12.859+0000] {logging_mixin.py:188} INFO - [2024-04-16T21:31:12.859+0000] {dagbag.py:540} INFO - Filling up the DagBag from /home/airflow/.local/lib/python3.10/site-packages/airflow/example_dags/example_params_trigger_ui.py
[2024-04-16T21:31:12.872+0000] {processor.py:840} INFO - DAG(s) 'example_params_trigger_ui' retrieved from /home/airflow/.local/lib/python3.10/site-packages/airflow/example_dags/example_params_trigger_ui.py
[2024-04-16T21:31:12.914+0000] {logging_mixin.py:188} INFO - [2024-04-16T21:31:12.914+0000] {dag.py:3047} INFO - Sync 1 DAGs
[2024-04-16T21:31:12.925+0000] {logging_mixin.py:188} INFO - [2024-04-16T21:31:12.925+0000] {dag.py:3834} INFO - Setting next_dagrun for example_params_trigger_ui to None, run_after=None
[2024-04-16T21:31:12.944+0000] {processor.py:183} INFO - Processing /home/airflow/.local/lib/python3.10/site-packages/airflow/example_dags/example_params_trigger_ui.py took 0.091 seconds
[2024-04-16T21:32:11.672+0000] {processor.py:161} INFO - Started process (PID=40) to work on /home/airflow/.local/lib/python3.10/site-packages/airflow/example_dags/example_params_trigger_ui.py
[2024-04-16T21:32:11.674+0000] {processor.py:830} INFO - Processing file /home/airflow/.local/lib/python3.10/site-packages/airflow/example_dags/example_params_trigger_ui.py for tasks to queue
[2024-04-16T21:32:11.675+0000] {logging_mixin.py:188} INFO - [2024-04-16T21:32:11.675+0000] {dagbag.py:540} INFO - Filling up the DagBag from /home/airflow/.local/lib/python3.10/site-packages/airflow/example_dags/example_params_trigger_ui.py
[2024-04-16T21:32:11.689+0000] {processor.py:840} INFO - DAG(s) 'example_params_trigger_ui' retrieved from /home/airflow/.local/lib/python3.10/site-packages/airflow/example_dags/example_params_trigger_ui.py
[2024-04-16T21:32:11.701+0000] {logging_mixin.py:188} INFO - [2024-04-16T21:32:11.701+0000] {dag.py:3047} INFO - Sync 1 DAGs
[2024-04-16T21:32:11.718+0000] {logging_mixin.py:188} INFO - [2024-04-16T21:32:11.718+0000] {dag.py:3834} INFO - Setting next_dagrun for example_params_trigger_ui to None, run_after=None
[2024-04-16T21:32:11.744+0000] {processor.py:183} INFO - Processing /home/airflow/.local/lib/python3.10/site-packages/airflow/example_dags/example_params_trigger_ui.py took 0.075 seconds
[2024-04-16T21:32:42.598+0000] {processor.py:161} INFO - Started process (PID=97) to work on /home/airflow/.local/lib/python3.10/site-packages/airflow/example_dags/example_params_trigger_ui.py
[2024-04-16T21:32:42.600+0000] {processor.py:830} INFO - Processing file /home/airflow/.local/lib/python3.10/site-packages/airflow/example_dags/example_params_trigger_ui.py for tasks to queue
[2024-04-16T21:32:42.602+0000] {logging_mixin.py:188} INFO - [2024-04-16T21:32:42.601+0000] {dagbag.py:540} INFO - Filling up the DagBag from /home/airflow/.local/lib/python3.10/site-packages/airflow/example_dags/example_params_trigger_ui.py
[2024-04-16T21:32:42.618+0000] {processor.py:840} INFO - DAG(s) 'example_params_trigger_ui' retrieved from /home/airflow/.local/lib/python3.10/site-packages/airflow/example_dags/example_params_trigger_ui.py
[2024-04-16T21:32:42.769+0000] {logging_mixin.py:188} INFO - [2024-04-16T21:32:42.769+0000] {dag.py:3047} INFO - Sync 1 DAGs
[2024-04-16T21:32:42.778+0000] {logging_mixin.py:188} INFO - [2024-04-16T21:32:42.778+0000] {dag.py:3834} INFO - Setting next_dagrun for example_params_trigger_ui to None, run_after=None
[2024-04-16T21:32:42.795+0000] {processor.py:183} INFO - Processing /home/airflow/.local/lib/python3.10/site-packages/airflow/example_dags/example_params_trigger_ui.py took 0.200 seconds
[2024-04-16T21:33:49.818+0000] {processor.py:161} INFO - Started process (PID=40) to work on /home/airflow/.local/lib/python3.10/site-packages/airflow/example_dags/example_params_trigger_ui.py
[2024-04-16T21:33:49.819+0000] {processor.py:830} INFO - Processing file /home/airflow/.local/lib/python3.10/site-packages/airflow/example_dags/example_params_trigger_ui.py for tasks to queue
[2024-04-16T21:33:49.821+0000] {logging_mixin.py:188} INFO - [2024-04-16T21:33:49.821+0000] {dagbag.py:540} INFO - Filling up the DagBag from /home/airflow/.local/lib/python3.10/site-packages/airflow/example_dags/example_params_trigger_ui.py
[2024-04-16T21:33:49.836+0000] {processor.py:840} INFO - DAG(s) 'example_params_trigger_ui' retrieved from /home/airflow/.local/lib/python3.10/site-packages/airflow/example_dags/example_params_trigger_ui.py
[2024-04-16T21:33:49.846+0000] {logging_mixin.py:188} INFO - [2024-04-16T21:33:49.846+0000] {dag.py:3047} INFO - Sync 1 DAGs
[2024-04-16T21:33:49.858+0000] {logging_mixin.py:188} INFO - [2024-04-16T21:33:49.858+0000] {dag.py:3834} INFO - Setting next_dagrun for example_params_trigger_ui to None, run_after=None
[2024-04-16T21:33:49.876+0000] {processor.py:183} INFO - Processing /home/airflow/.local/lib/python3.10/site-packages/airflow/example_dags/example_params_trigger_ui.py took 0.061 seconds
[2024-04-16T21:34:20.881+0000] {processor.py:161} INFO - Started process (PID=97) to work on /home/airflow/.local/lib/python3.10/site-packages/airflow/example_dags/example_params_trigger_ui.py
[2024-04-16T21:34:20.882+0000] {processor.py:830} INFO - Processing file /home/airflow/.local/lib/python3.10/site-packages/airflow/example_dags/example_params_trigger_ui.py for tasks to queue
[2024-04-16T21:34:20.884+0000] {logging_mixin.py:188} INFO - [2024-04-16T21:34:20.883+0000] {dagbag.py:540} INFO - Filling up the DagBag from /home/airflow/.local/lib/python3.10/site-packages/airflow/example_dags/example_params_trigger_ui.py
[2024-04-16T21:34:20.895+0000] {processor.py:840} INFO - DAG(s) 'example_params_trigger_ui' retrieved from /home/airflow/.local/lib/python3.10/site-packages/airflow/example_dags/example_params_trigger_ui.py
[2024-04-16T21:34:21.002+0000] {logging_mixin.py:188} INFO - [2024-04-16T21:34:21.001+0000] {dag.py:3047} INFO - Sync 1 DAGs
[2024-04-16T21:34:21.011+0000] {logging_mixin.py:188} INFO - [2024-04-16T21:34:21.011+0000] {dag.py:3834} INFO - Setting next_dagrun for example_params_trigger_ui to None, run_after=None
[2024-04-16T21:34:21.029+0000] {processor.py:183} INFO - Processing /home/airflow/.local/lib/python3.10/site-packages/airflow/example_dags/example_params_trigger_ui.py took 0.151 seconds
[2024-04-16T21:34:51.277+0000] {processor.py:161} INFO - Started process (PID=154) to work on /home/airflow/.local/lib/python3.10/site-packages/airflow/example_dags/example_params_trigger_ui.py
[2024-04-16T21:34:51.278+0000] {processor.py:830} INFO - Processing file /home/airflow/.local/lib/python3.10/site-packages/airflow/example_dags/example_params_trigger_ui.py for tasks to queue
[2024-04-16T21:34:51.280+0000] {logging_mixin.py:188} INFO - [2024-04-16T21:34:51.280+0000] {dagbag.py:540} INFO - Filling up the DagBag from /home/airflow/.local/lib/python3.10/site-packages/airflow/example_dags/example_params_trigger_ui.py
[2024-04-16T21:34:51.293+0000] {processor.py:840} INFO - DAG(s) 'example_params_trigger_ui' retrieved from /home/airflow/.local/lib/python3.10/site-packages/airflow/example_dags/example_params_trigger_ui.py
[2024-04-16T21:34:51.342+0000] {logging_mixin.py:188} INFO - [2024-04-16T21:34:51.341+0000] {dag.py:3047} INFO - Sync 1 DAGs
[2024-04-16T21:34:51.360+0000] {logging_mixin.py:188} INFO - [2024-04-16T21:34:51.360+0000] {dag.py:3834} INFO - Setting next_dagrun for example_params_trigger_ui to None, run_after=None
[2024-04-16T21:34:51.381+0000] {processor.py:183} INFO - Processing /home/airflow/.local/lib/python3.10/site-packages/airflow/example_dags/example_params_trigger_ui.py took 0.107 seconds
[2024-04-16T21:35:21.551+0000] {processor.py:161} INFO - Started process (PID=210) to work on /home/airflow/.local/lib/python3.10/site-packages/airflow/example_dags/example_params_trigger_ui.py
[2024-04-16T21:35:21.552+0000] {processor.py:830} INFO - Processing file /home/airflow/.local/lib/python3.10/site-packages/airflow/example_dags/example_params_trigger_ui.py for tasks to queue
[2024-04-16T21:35:21.554+0000] {logging_mixin.py:188} INFO - [2024-04-16T21:35:21.553+0000] {dagbag.py:540} INFO - Filling up the DagBag from /home/airflow/.local/lib/python3.10/site-packages/airflow/example_dags/example_params_trigger_ui.py
[2024-04-16T21:35:21.566+0000] {processor.py:840} INFO - DAG(s) 'example_params_trigger_ui' retrieved from /home/airflow/.local/lib/python3.10/site-packages/airflow/example_dags/example_params_trigger_ui.py
[2024-04-16T21:35:21.610+0000] {logging_mixin.py:188} INFO - [2024-04-16T21:35:21.610+0000] {dag.py:3047} INFO - Sync 1 DAGs
[2024-04-16T21:35:21.620+0000] {logging_mixin.py:188} INFO - [2024-04-16T21:35:21.620+0000] {dag.py:3834} INFO - Setting next_dagrun for example_params_trigger_ui to None, run_after=None
[2024-04-16T21:35:21.639+0000] {processor.py:183} INFO - Processing /home/airflow/.local/lib/python3.10/site-packages/airflow/example_dags/example_params_trigger_ui.py took 0.091 seconds
[2024-04-16T21:35:52.638+0000] {processor.py:161} INFO - Started process (PID=268) to work on /home/airflow/.local/lib/python3.10/site-packages/airflow/example_dags/example_params_trigger_ui.py
[2024-04-16T21:35:52.639+0000] {processor.py:830} INFO - Processing file /home/airflow/.local/lib/python3.10/site-packages/airflow/example_dags/example_params_trigger_ui.py for tasks to queue
[2024-04-16T21:35:52.641+0000] {logging_mixin.py:188} INFO - [2024-04-16T21:35:52.640+0000] {dagbag.py:540} INFO - Filling up the DagBag from /home/airflow/.local/lib/python3.10/site-packages/airflow/example_dags/example_params_trigger_ui.py
[2024-04-16T21:35:52.653+0000] {processor.py:840} INFO - DAG(s) 'example_params_trigger_ui' retrieved from /home/airflow/.local/lib/python3.10/site-packages/airflow/example_dags/example_params_trigger_ui.py
[2024-04-16T21:35:52.696+0000] {logging_mixin.py:188} INFO - [2024-04-16T21:35:52.696+0000] {dag.py:3047} INFO - Sync 1 DAGs
[2024-04-16T21:35:52.708+0000] {logging_mixin.py:188} INFO - [2024-04-16T21:35:52.708+0000] {dag.py:3834} INFO - Setting next_dagrun for example_params_trigger_ui to None, run_after=None
[2024-04-16T21:35:52.725+0000] {processor.py:183} INFO - Processing /home/airflow/.local/lib/python3.10/site-packages/airflow/example_dags/example_params_trigger_ui.py took 0.090 seconds
[2024-04-16T21:36:23.170+0000] {processor.py:161} INFO - Started process (PID=325) to work on /home/airflow/.local/lib/python3.10/site-packages/airflow/example_dags/example_params_trigger_ui.py
[2024-04-16T21:36:23.171+0000] {processor.py:830} INFO - Processing file /home/airflow/.local/lib/python3.10/site-packages/airflow/example_dags/example_params_trigger_ui.py for tasks to queue
[2024-04-16T21:36:23.173+0000] {logging_mixin.py:188} INFO - [2024-04-16T21:36:23.172+0000] {dagbag.py:540} INFO - Filling up the DagBag from /home/airflow/.local/lib/python3.10/site-packages/airflow/example_dags/example_params_trigger_ui.py
[2024-04-16T21:36:23.186+0000] {processor.py:840} INFO - DAG(s) 'example_params_trigger_ui' retrieved from /home/airflow/.local/lib/python3.10/site-packages/airflow/example_dags/example_params_trigger_ui.py
[2024-04-16T21:36:23.229+0000] {logging_mixin.py:188} INFO - [2024-04-16T21:36:23.229+0000] {dag.py:3047} INFO - Sync 1 DAGs
[2024-04-16T21:36:23.240+0000] {logging_mixin.py:188} INFO - [2024-04-16T21:36:23.240+0000] {dag.py:3834} INFO - Setting next_dagrun for example_params_trigger_ui to None, run_after=None
[2024-04-16T21:36:23.258+0000] {processor.py:183} INFO - Processing /home/airflow/.local/lib/python3.10/site-packages/airflow/example_dags/example_params_trigger_ui.py took 0.091 seconds
[2024-04-16T21:36:53.704+0000] {processor.py:161} INFO - Started process (PID=382) to work on /home/airflow/.local/lib/python3.10/site-packages/airflow/example_dags/example_params_trigger_ui.py
[2024-04-16T21:36:53.706+0000] {processor.py:830} INFO - Processing file /home/airflow/.local/lib/python3.10/site-packages/airflow/example_dags/example_params_trigger_ui.py for tasks to queue
[2024-04-16T21:36:53.708+0000] {logging_mixin.py:188} INFO - [2024-04-16T21:36:53.707+0000] {dagbag.py:540} INFO - Filling up the DagBag from /home/airflow/.local/lib/python3.10/site-packages/airflow/example_dags/example_params_trigger_ui.py
[2024-04-16T21:36:53.722+0000] {processor.py:840} INFO - DAG(s) 'example_params_trigger_ui' retrieved from /home/airflow/.local/lib/python3.10/site-packages/airflow/example_dags/example_params_trigger_ui.py
[2024-04-16T21:36:53.766+0000] {logging_mixin.py:188} INFO - [2024-04-16T21:36:53.766+0000] {dag.py:3047} INFO - Sync 1 DAGs
[2024-04-16T21:36:53.778+0000] {logging_mixin.py:188} INFO - [2024-04-16T21:36:53.777+0000] {dag.py:3834} INFO - Setting next_dagrun for example_params_trigger_ui to None, run_after=None
[2024-04-16T21:36:53.798+0000] {processor.py:183} INFO - Processing /home/airflow/.local/lib/python3.10/site-packages/airflow/example_dags/example_params_trigger_ui.py took 0.097 seconds
[2024-04-16T21:37:24.344+0000] {processor.py:161} INFO - Started process (PID=439) to work on /home/airflow/.local/lib/python3.10/site-packages/airflow/example_dags/example_params_trigger_ui.py
[2024-04-16T21:37:24.345+0000] {processor.py:830} INFO - Processing file /home/airflow/.local/lib/python3.10/site-packages/airflow/example_dags/example_params_trigger_ui.py for tasks to queue
[2024-04-16T21:37:24.347+0000] {logging_mixin.py:188} INFO - [2024-04-16T21:37:24.346+0000] {dagbag.py:540} INFO - Filling up the DagBag from /home/airflow/.local/lib/python3.10/site-packages/airflow/example_dags/example_params_trigger_ui.py
[2024-04-16T21:37:24.360+0000] {processor.py:840} INFO - DAG(s) 'example_params_trigger_ui' retrieved from /home/airflow/.local/lib/python3.10/site-packages/airflow/example_dags/example_params_trigger_ui.py
[2024-04-16T21:37:24.404+0000] {logging_mixin.py:188} INFO - [2024-04-16T21:37:24.404+0000] {dag.py:3047} INFO - Sync 1 DAGs
[2024-04-16T21:37:24.416+0000] {logging_mixin.py:188} INFO - [2024-04-16T21:37:24.416+0000] {dag.py:3834} INFO - Setting next_dagrun for example_params_trigger_ui to None, run_after=None
[2024-04-16T21:37:24.433+0000] {processor.py:183} INFO - Processing /home/airflow/.local/lib/python3.10/site-packages/airflow/example_dags/example_params_trigger_ui.py took 0.092 seconds
[2024-04-16T21:37:54.955+0000] {processor.py:161} INFO - Started process (PID=496) to work on /home/airflow/.local/lib/python3.10/site-packages/airflow/example_dags/example_params_trigger_ui.py
[2024-04-16T21:37:54.956+0000] {processor.py:830} INFO - Processing file /home/airflow/.local/lib/python3.10/site-packages/airflow/example_dags/example_params_trigger_ui.py for tasks to queue
[2024-04-16T21:37:54.958+0000] {logging_mixin.py:188} INFO - [2024-04-16T21:37:54.957+0000] {dagbag.py:540} INFO - Filling up the DagBag from /home/airflow/.local/lib/python3.10/site-packages/airflow/example_dags/example_params_trigger_ui.py
[2024-04-16T21:37:54.971+0000] {processor.py:840} INFO - DAG(s) 'example_params_trigger_ui' retrieved from /home/airflow/.local/lib/python3.10/site-packages/airflow/example_dags/example_params_trigger_ui.py
[2024-04-16T21:37:55.017+0000] {logging_mixin.py:188} INFO - [2024-04-16T21:37:55.016+0000] {dag.py:3047} INFO - Sync 1 DAGs
[2024-04-16T21:37:55.028+0000] {logging_mixin.py:188} INFO - [2024-04-16T21:37:55.028+0000] {dag.py:3834} INFO - Setting next_dagrun for example_params_trigger_ui to None, run_after=None
[2024-04-16T21:37:55.046+0000] {processor.py:183} INFO - Processing /home/airflow/.local/lib/python3.10/site-packages/airflow/example_dags/example_params_trigger_ui.py took 0.094 seconds
