[2024-04-16T21:29:12.807+0000] {processor.py:161} INFO - Started process (PID=77) to work on /home/airflow/.local/lib/python3.10/site-packages/airflow/example_dags/example_sensor_decorator.py
[2024-04-16T21:29:12.808+0000] {processor.py:830} INFO - Processing file /home/airflow/.local/lib/python3.10/site-packages/airflow/example_dags/example_sensor_decorator.py for tasks to queue
[2024-04-16T21:29:12.810+0000] {logging_mixin.py:188} INFO - [2024-04-16T21:29:12.810+0000] {dagbag.py:540} INFO - Filling up the DagBag from /home/airflow/.local/lib/python3.10/site-packages/airflow/example_dags/example_sensor_decorator.py
[2024-04-16T21:29:12.816+0000] {processor.py:840} INFO - DAG(s) 'example_sensor_decorator' retrieved from /home/airflow/.local/lib/python3.10/site-packages/airflow/example_dags/example_sensor_decorator.py
[2024-04-16T21:29:12.826+0000] {logging_mixin.py:188} INFO - [2024-04-16T21:29:12.826+0000] {dag.py:3047} INFO - Sync 1 DAGs
[2024-04-16T21:29:12.840+0000] {logging_mixin.py:188} INFO - [2024-04-16T21:29:12.840+0000] {dag.py:3834} INFO - Setting next_dagrun for example_sensor_decorator to None, run_after=None
[2024-04-16T21:29:12.857+0000] {processor.py:183} INFO - Processing /home/airflow/.local/lib/python3.10/site-packages/airflow/example_dags/example_sensor_decorator.py took 0.053 seconds
[2024-04-16T21:29:44.939+0000] {processor.py:161} INFO - Started process (PID=132) to work on /home/airflow/.local/lib/python3.10/site-packages/airflow/example_dags/example_sensor_decorator.py
[2024-04-16T21:29:44.940+0000] {processor.py:830} INFO - Processing file /home/airflow/.local/lib/python3.10/site-packages/airflow/example_dags/example_sensor_decorator.py for tasks to queue
[2024-04-16T21:29:44.942+0000] {logging_mixin.py:188} INFO - [2024-04-16T21:29:44.942+0000] {dagbag.py:540} INFO - Filling up the DagBag from /home/airflow/.local/lib/python3.10/site-packages/airflow/example_dags/example_sensor_decorator.py
[2024-04-16T21:29:44.947+0000] {processor.py:840} INFO - DAG(s) 'example_sensor_decorator' retrieved from /home/airflow/.local/lib/python3.10/site-packages/airflow/example_dags/example_sensor_decorator.py
[2024-04-16T21:29:45.025+0000] {logging_mixin.py:188} INFO - [2024-04-16T21:29:45.025+0000] {dag.py:3047} INFO - Sync 1 DAGs
[2024-04-16T21:29:45.034+0000] {logging_mixin.py:188} INFO - [2024-04-16T21:29:45.034+0000] {dag.py:3834} INFO - Setting next_dagrun for example_sensor_decorator to None, run_after=None
[2024-04-16T21:29:45.049+0000] {processor.py:183} INFO - Processing /home/airflow/.local/lib/python3.10/site-packages/airflow/example_dags/example_sensor_decorator.py took 0.113 seconds
[2024-04-16T21:30:15.639+0000] {processor.py:161} INFO - Started process (PID=187) to work on /home/airflow/.local/lib/python3.10/site-packages/airflow/example_dags/example_sensor_decorator.py
[2024-04-16T21:30:15.640+0000] {processor.py:830} INFO - Processing file /home/airflow/.local/lib/python3.10/site-packages/airflow/example_dags/example_sensor_decorator.py for tasks to queue
[2024-04-16T21:30:15.642+0000] {logging_mixin.py:188} INFO - [2024-04-16T21:30:15.641+0000] {dagbag.py:540} INFO - Filling up the DagBag from /home/airflow/.local/lib/python3.10/site-packages/airflow/example_dags/example_sensor_decorator.py
[2024-04-16T21:30:15.648+0000] {processor.py:840} INFO - DAG(s) 'example_sensor_decorator' retrieved from /home/airflow/.local/lib/python3.10/site-packages/airflow/example_dags/example_sensor_decorator.py
[2024-04-16T21:30:15.665+0000] {logging_mixin.py:188} INFO - [2024-04-16T21:30:15.665+0000] {dag.py:3047} INFO - Sync 1 DAGs
[2024-04-16T21:30:15.676+0000] {logging_mixin.py:188} INFO - [2024-04-16T21:30:15.676+0000] {dag.py:3834} INFO - Setting next_dagrun for example_sensor_decorator to None, run_after=None
[2024-04-16T21:30:15.693+0000] {processor.py:183} INFO - Processing /home/airflow/.local/lib/python3.10/site-packages/airflow/example_dags/example_sensor_decorator.py took 0.057 seconds
[2024-04-16T21:30:46.175+0000] {processor.py:161} INFO - Started process (PID=242) to work on /home/airflow/.local/lib/python3.10/site-packages/airflow/example_dags/example_sensor_decorator.py
[2024-04-16T21:30:46.176+0000] {processor.py:830} INFO - Processing file /home/airflow/.local/lib/python3.10/site-packages/airflow/example_dags/example_sensor_decorator.py for tasks to queue
[2024-04-16T21:30:46.179+0000] {logging_mixin.py:188} INFO - [2024-04-16T21:30:46.178+0000] {dagbag.py:540} INFO - Filling up the DagBag from /home/airflow/.local/lib/python3.10/site-packages/airflow/example_dags/example_sensor_decorator.py
[2024-04-16T21:30:46.186+0000] {processor.py:840} INFO - DAG(s) 'example_sensor_decorator' retrieved from /home/airflow/.local/lib/python3.10/site-packages/airflow/example_dags/example_sensor_decorator.py
[2024-04-16T21:30:46.207+0000] {logging_mixin.py:188} INFO - [2024-04-16T21:30:46.206+0000] {dag.py:3047} INFO - Sync 1 DAGs
[2024-04-16T21:30:46.219+0000] {logging_mixin.py:188} INFO - [2024-04-16T21:30:46.219+0000] {dag.py:3834} INFO - Setting next_dagrun for example_sensor_decorator to None, run_after=None
[2024-04-16T21:30:46.240+0000] {processor.py:183} INFO - Processing /home/airflow/.local/lib/python3.10/site-packages/airflow/example_dags/example_sensor_decorator.py took 0.069 seconds
[2024-04-16T21:31:17.091+0000] {processor.py:161} INFO - Started process (PID=297) to work on /home/airflow/.local/lib/python3.10/site-packages/airflow/example_dags/example_sensor_decorator.py
[2024-04-16T21:31:17.092+0000] {processor.py:830} INFO - Processing file /home/airflow/.local/lib/python3.10/site-packages/airflow/example_dags/example_sensor_decorator.py for tasks to queue
[2024-04-16T21:31:17.094+0000] {logging_mixin.py:188} INFO - [2024-04-16T21:31:17.094+0000] {dagbag.py:540} INFO - Filling up the DagBag from /home/airflow/.local/lib/python3.10/site-packages/airflow/example_dags/example_sensor_decorator.py
[2024-04-16T21:31:17.100+0000] {processor.py:840} INFO - DAG(s) 'example_sensor_decorator' retrieved from /home/airflow/.local/lib/python3.10/site-packages/airflow/example_dags/example_sensor_decorator.py
[2024-04-16T21:31:17.119+0000] {logging_mixin.py:188} INFO - [2024-04-16T21:31:17.119+0000] {dag.py:3047} INFO - Sync 1 DAGs
[2024-04-16T21:31:17.133+0000] {logging_mixin.py:188} INFO - [2024-04-16T21:31:17.132+0000] {dag.py:3834} INFO - Setting next_dagrun for example_sensor_decorator to None, run_after=None
[2024-04-16T21:31:17.150+0000] {processor.py:183} INFO - Processing /home/airflow/.local/lib/python3.10/site-packages/airflow/example_dags/example_sensor_decorator.py took 0.062 seconds
[2024-04-16T21:32:13.751+0000] {processor.py:161} INFO - Started process (PID=79) to work on /home/airflow/.local/lib/python3.10/site-packages/airflow/example_dags/example_sensor_decorator.py
[2024-04-16T21:32:13.758+0000] {processor.py:830} INFO - Processing file /home/airflow/.local/lib/python3.10/site-packages/airflow/example_dags/example_sensor_decorator.py for tasks to queue
[2024-04-16T21:32:13.762+0000] {logging_mixin.py:188} INFO - [2024-04-16T21:32:13.761+0000] {dagbag.py:540} INFO - Filling up the DagBag from /home/airflow/.local/lib/python3.10/site-packages/airflow/example_dags/example_sensor_decorator.py
[2024-04-16T21:32:13.768+0000] {processor.py:840} INFO - DAG(s) 'example_sensor_decorator' retrieved from /home/airflow/.local/lib/python3.10/site-packages/airflow/example_dags/example_sensor_decorator.py
[2024-04-16T21:32:13.778+0000] {logging_mixin.py:188} INFO - [2024-04-16T21:32:13.778+0000] {dag.py:3047} INFO - Sync 1 DAGs
[2024-04-16T21:32:13.790+0000] {logging_mixin.py:188} INFO - [2024-04-16T21:32:13.790+0000] {dag.py:3834} INFO - Setting next_dagrun for example_sensor_decorator to None, run_after=None
[2024-04-16T21:32:13.808+0000] {processor.py:183} INFO - Processing /home/airflow/.local/lib/python3.10/site-packages/airflow/example_dags/example_sensor_decorator.py took 0.061 seconds
[2024-04-16T21:32:45.994+0000] {processor.py:161} INFO - Started process (PID=136) to work on /home/airflow/.local/lib/python3.10/site-packages/airflow/example_dags/example_sensor_decorator.py
[2024-04-16T21:32:45.995+0000] {processor.py:830} INFO - Processing file /home/airflow/.local/lib/python3.10/site-packages/airflow/example_dags/example_sensor_decorator.py for tasks to queue
[2024-04-16T21:32:45.997+0000] {logging_mixin.py:188} INFO - [2024-04-16T21:32:45.997+0000] {dagbag.py:540} INFO - Filling up the DagBag from /home/airflow/.local/lib/python3.10/site-packages/airflow/example_dags/example_sensor_decorator.py
[2024-04-16T21:32:46.003+0000] {processor.py:840} INFO - DAG(s) 'example_sensor_decorator' retrieved from /home/airflow/.local/lib/python3.10/site-packages/airflow/example_dags/example_sensor_decorator.py
[2024-04-16T21:32:46.088+0000] {logging_mixin.py:188} INFO - [2024-04-16T21:32:46.088+0000] {dag.py:3047} INFO - Sync 1 DAGs
[2024-04-16T21:32:46.098+0000] {logging_mixin.py:188} INFO - [2024-04-16T21:32:46.098+0000] {dag.py:3834} INFO - Setting next_dagrun for example_sensor_decorator to None, run_after=None
[2024-04-16T21:32:46.116+0000] {processor.py:183} INFO - Processing /home/airflow/.local/lib/python3.10/site-packages/airflow/example_dags/example_sensor_decorator.py took 0.125 seconds
[2024-04-16T21:33:52.061+0000] {processor.py:161} INFO - Started process (PID=79) to work on /home/airflow/.local/lib/python3.10/site-packages/airflow/example_dags/example_sensor_decorator.py
[2024-04-16T21:33:52.063+0000] {processor.py:830} INFO - Processing file /home/airflow/.local/lib/python3.10/site-packages/airflow/example_dags/example_sensor_decorator.py for tasks to queue
[2024-04-16T21:33:52.064+0000] {logging_mixin.py:188} INFO - [2024-04-16T21:33:52.064+0000] {dagbag.py:540} INFO - Filling up the DagBag from /home/airflow/.local/lib/python3.10/site-packages/airflow/example_dags/example_sensor_decorator.py
[2024-04-16T21:33:52.072+0000] {processor.py:840} INFO - DAG(s) 'example_sensor_decorator' retrieved from /home/airflow/.local/lib/python3.10/site-packages/airflow/example_dags/example_sensor_decorator.py
[2024-04-16T21:33:52.083+0000] {logging_mixin.py:188} INFO - [2024-04-16T21:33:52.082+0000] {dag.py:3047} INFO - Sync 1 DAGs
[2024-04-16T21:33:52.096+0000] {logging_mixin.py:188} INFO - [2024-04-16T21:33:52.095+0000] {dag.py:3834} INFO - Setting next_dagrun for example_sensor_decorator to None, run_after=None
[2024-04-16T21:33:52.116+0000] {processor.py:183} INFO - Processing /home/airflow/.local/lib/python3.10/site-packages/airflow/example_dags/example_sensor_decorator.py took 0.057 seconds
[2024-04-16T21:34:24.419+0000] {processor.py:161} INFO - Started process (PID=136) to work on /home/airflow/.local/lib/python3.10/site-packages/airflow/example_dags/example_sensor_decorator.py
[2024-04-16T21:34:24.420+0000] {processor.py:830} INFO - Processing file /home/airflow/.local/lib/python3.10/site-packages/airflow/example_dags/example_sensor_decorator.py for tasks to queue
[2024-04-16T21:34:24.422+0000] {logging_mixin.py:188} INFO - [2024-04-16T21:34:24.422+0000] {dagbag.py:540} INFO - Filling up the DagBag from /home/airflow/.local/lib/python3.10/site-packages/airflow/example_dags/example_sensor_decorator.py
[2024-04-16T21:34:24.429+0000] {processor.py:840} INFO - DAG(s) 'example_sensor_decorator' retrieved from /home/airflow/.local/lib/python3.10/site-packages/airflow/example_dags/example_sensor_decorator.py
[2024-04-16T21:34:24.531+0000] {logging_mixin.py:188} INFO - [2024-04-16T21:34:24.530+0000] {dag.py:3047} INFO - Sync 1 DAGs
[2024-04-16T21:34:24.541+0000] {logging_mixin.py:188} INFO - [2024-04-16T21:34:24.541+0000] {dag.py:3834} INFO - Setting next_dagrun for example_sensor_decorator to None, run_after=None
[2024-04-16T21:34:24.563+0000] {processor.py:183} INFO - Processing /home/airflow/.local/lib/python3.10/site-packages/airflow/example_dags/example_sensor_decorator.py took 0.147 seconds
[2024-04-16T21:34:54.613+0000] {processor.py:161} INFO - Started process (PID=193) to work on /home/airflow/.local/lib/python3.10/site-packages/airflow/example_dags/example_sensor_decorator.py
[2024-04-16T21:34:54.614+0000] {processor.py:830} INFO - Processing file /home/airflow/.local/lib/python3.10/site-packages/airflow/example_dags/example_sensor_decorator.py for tasks to queue
[2024-04-16T21:34:54.616+0000] {logging_mixin.py:188} INFO - [2024-04-16T21:34:54.616+0000] {dagbag.py:540} INFO - Filling up the DagBag from /home/airflow/.local/lib/python3.10/site-packages/airflow/example_dags/example_sensor_decorator.py
[2024-04-16T21:34:54.621+0000] {processor.py:840} INFO - DAG(s) 'example_sensor_decorator' retrieved from /home/airflow/.local/lib/python3.10/site-packages/airflow/example_dags/example_sensor_decorator.py
[2024-04-16T21:34:54.640+0000] {logging_mixin.py:188} INFO - [2024-04-16T21:34:54.639+0000] {dag.py:3047} INFO - Sync 1 DAGs
[2024-04-16T21:34:54.651+0000] {logging_mixin.py:188} INFO - [2024-04-16T21:34:54.651+0000] {dag.py:3834} INFO - Setting next_dagrun for example_sensor_decorator to None, run_after=None
[2024-04-16T21:34:54.670+0000] {processor.py:183} INFO - Processing /home/airflow/.local/lib/python3.10/site-packages/airflow/example_dags/example_sensor_decorator.py took 0.060 seconds
[2024-04-16T21:35:24.772+0000] {processor.py:161} INFO - Started process (PID=250) to work on /home/airflow/.local/lib/python3.10/site-packages/airflow/example_dags/example_sensor_decorator.py
[2024-04-16T21:35:24.773+0000] {processor.py:830} INFO - Processing file /home/airflow/.local/lib/python3.10/site-packages/airflow/example_dags/example_sensor_decorator.py for tasks to queue
[2024-04-16T21:35:24.775+0000] {logging_mixin.py:188} INFO - [2024-04-16T21:35:24.775+0000] {dagbag.py:540} INFO - Filling up the DagBag from /home/airflow/.local/lib/python3.10/site-packages/airflow/example_dags/example_sensor_decorator.py
[2024-04-16T21:35:24.782+0000] {processor.py:840} INFO - DAG(s) 'example_sensor_decorator' retrieved from /home/airflow/.local/lib/python3.10/site-packages/airflow/example_dags/example_sensor_decorator.py
[2024-04-16T21:35:24.803+0000] {logging_mixin.py:188} INFO - [2024-04-16T21:35:24.803+0000] {dag.py:3047} INFO - Sync 1 DAGs
[2024-04-16T21:35:24.815+0000] {logging_mixin.py:188} INFO - [2024-04-16T21:35:24.815+0000] {dag.py:3834} INFO - Setting next_dagrun for example_sensor_decorator to None, run_after=None
[2024-04-16T21:35:24.833+0000] {processor.py:183} INFO - Processing /home/airflow/.local/lib/python3.10/site-packages/airflow/example_dags/example_sensor_decorator.py took 0.065 seconds
[2024-04-16T21:35:55.608+0000] {processor.py:161} INFO - Started process (PID=307) to work on /home/airflow/.local/lib/python3.10/site-packages/airflow/example_dags/example_sensor_decorator.py
[2024-04-16T21:35:55.609+0000] {processor.py:830} INFO - Processing file /home/airflow/.local/lib/python3.10/site-packages/airflow/example_dags/example_sensor_decorator.py for tasks to queue
[2024-04-16T21:35:55.611+0000] {logging_mixin.py:188} INFO - [2024-04-16T21:35:55.610+0000] {dagbag.py:540} INFO - Filling up the DagBag from /home/airflow/.local/lib/python3.10/site-packages/airflow/example_dags/example_sensor_decorator.py
[2024-04-16T21:35:55.617+0000] {processor.py:840} INFO - DAG(s) 'example_sensor_decorator' retrieved from /home/airflow/.local/lib/python3.10/site-packages/airflow/example_dags/example_sensor_decorator.py
[2024-04-16T21:35:55.636+0000] {logging_mixin.py:188} INFO - [2024-04-16T21:35:55.636+0000] {dag.py:3047} INFO - Sync 1 DAGs
[2024-04-16T21:35:55.648+0000] {logging_mixin.py:188} INFO - [2024-04-16T21:35:55.648+0000] {dag.py:3834} INFO - Setting next_dagrun for example_sensor_decorator to None, run_after=None
[2024-04-16T21:35:55.670+0000] {processor.py:183} INFO - Processing /home/airflow/.local/lib/python3.10/site-packages/airflow/example_dags/example_sensor_decorator.py took 0.066 seconds
[2024-04-16T21:36:26.146+0000] {processor.py:161} INFO - Started process (PID=364) to work on /home/airflow/.local/lib/python3.10/site-packages/airflow/example_dags/example_sensor_decorator.py
[2024-04-16T21:36:26.147+0000] {processor.py:830} INFO - Processing file /home/airflow/.local/lib/python3.10/site-packages/airflow/example_dags/example_sensor_decorator.py for tasks to queue
[2024-04-16T21:36:26.149+0000] {logging_mixin.py:188} INFO - [2024-04-16T21:36:26.149+0000] {dagbag.py:540} INFO - Filling up the DagBag from /home/airflow/.local/lib/python3.10/site-packages/airflow/example_dags/example_sensor_decorator.py
[2024-04-16T21:36:26.154+0000] {processor.py:840} INFO - DAG(s) 'example_sensor_decorator' retrieved from /home/airflow/.local/lib/python3.10/site-packages/airflow/example_dags/example_sensor_decorator.py
[2024-04-16T21:36:26.173+0000] {logging_mixin.py:188} INFO - [2024-04-16T21:36:26.173+0000] {dag.py:3047} INFO - Sync 1 DAGs
[2024-04-16T21:36:26.185+0000] {logging_mixin.py:188} INFO - [2024-04-16T21:36:26.184+0000] {dag.py:3834} INFO - Setting next_dagrun for example_sensor_decorator to None, run_after=None
[2024-04-16T21:36:26.202+0000] {processor.py:183} INFO - Processing /home/airflow/.local/lib/python3.10/site-packages/airflow/example_dags/example_sensor_decorator.py took 0.059 seconds
[2024-04-16T21:36:56.787+0000] {processor.py:161} INFO - Started process (PID=421) to work on /home/airflow/.local/lib/python3.10/site-packages/airflow/example_dags/example_sensor_decorator.py
[2024-04-16T21:36:56.788+0000] {processor.py:830} INFO - Processing file /home/airflow/.local/lib/python3.10/site-packages/airflow/example_dags/example_sensor_decorator.py for tasks to queue
[2024-04-16T21:36:56.789+0000] {logging_mixin.py:188} INFO - [2024-04-16T21:36:56.789+0000] {dagbag.py:540} INFO - Filling up the DagBag from /home/airflow/.local/lib/python3.10/site-packages/airflow/example_dags/example_sensor_decorator.py
[2024-04-16T21:36:56.796+0000] {processor.py:840} INFO - DAG(s) 'example_sensor_decorator' retrieved from /home/airflow/.local/lib/python3.10/site-packages/airflow/example_dags/example_sensor_decorator.py
[2024-04-16T21:36:56.813+0000] {logging_mixin.py:188} INFO - [2024-04-16T21:36:56.813+0000] {dag.py:3047} INFO - Sync 1 DAGs
[2024-04-16T21:36:56.826+0000] {logging_mixin.py:188} INFO - [2024-04-16T21:36:56.825+0000] {dag.py:3834} INFO - Setting next_dagrun for example_sensor_decorator to None, run_after=None
[2024-04-16T21:36:56.844+0000] {processor.py:183} INFO - Processing /home/airflow/.local/lib/python3.10/site-packages/airflow/example_dags/example_sensor_decorator.py took 0.061 seconds
[2024-04-16T21:37:27.315+0000] {processor.py:161} INFO - Started process (PID=478) to work on /home/airflow/.local/lib/python3.10/site-packages/airflow/example_dags/example_sensor_decorator.py
[2024-04-16T21:37:27.316+0000] {processor.py:830} INFO - Processing file /home/airflow/.local/lib/python3.10/site-packages/airflow/example_dags/example_sensor_decorator.py for tasks to queue
[2024-04-16T21:37:27.318+0000] {logging_mixin.py:188} INFO - [2024-04-16T21:37:27.318+0000] {dagbag.py:540} INFO - Filling up the DagBag from /home/airflow/.local/lib/python3.10/site-packages/airflow/example_dags/example_sensor_decorator.py
[2024-04-16T21:37:27.326+0000] {processor.py:840} INFO - DAG(s) 'example_sensor_decorator' retrieved from /home/airflow/.local/lib/python3.10/site-packages/airflow/example_dags/example_sensor_decorator.py
[2024-04-16T21:37:27.345+0000] {logging_mixin.py:188} INFO - [2024-04-16T21:37:27.345+0000] {dag.py:3047} INFO - Sync 1 DAGs
[2024-04-16T21:37:27.357+0000] {logging_mixin.py:188} INFO - [2024-04-16T21:37:27.357+0000] {dag.py:3834} INFO - Setting next_dagrun for example_sensor_decorator to None, run_after=None
[2024-04-16T21:37:27.375+0000] {processor.py:183} INFO - Processing /home/airflow/.local/lib/python3.10/site-packages/airflow/example_dags/example_sensor_decorator.py took 0.063 seconds
[2024-04-16T21:37:57.987+0000] {processor.py:161} INFO - Started process (PID=535) to work on /home/airflow/.local/lib/python3.10/site-packages/airflow/example_dags/example_sensor_decorator.py
[2024-04-16T21:37:57.988+0000] {processor.py:830} INFO - Processing file /home/airflow/.local/lib/python3.10/site-packages/airflow/example_dags/example_sensor_decorator.py for tasks to queue
[2024-04-16T21:37:57.990+0000] {logging_mixin.py:188} INFO - [2024-04-16T21:37:57.990+0000] {dagbag.py:540} INFO - Filling up the DagBag from /home/airflow/.local/lib/python3.10/site-packages/airflow/example_dags/example_sensor_decorator.py
[2024-04-16T21:37:57.996+0000] {processor.py:840} INFO - DAG(s) 'example_sensor_decorator' retrieved from /home/airflow/.local/lib/python3.10/site-packages/airflow/example_dags/example_sensor_decorator.py
[2024-04-16T21:37:58.014+0000] {logging_mixin.py:188} INFO - [2024-04-16T21:37:58.014+0000] {dag.py:3047} INFO - Sync 1 DAGs
[2024-04-16T21:37:58.025+0000] {logging_mixin.py:188} INFO - [2024-04-16T21:37:58.025+0000] {dag.py:3834} INFO - Setting next_dagrun for example_sensor_decorator to None, run_after=None
[2024-04-16T21:37:58.042+0000] {processor.py:183} INFO - Processing /home/airflow/.local/lib/python3.10/site-packages/airflow/example_dags/example_sensor_decorator.py took 0.059 seconds
[2024-04-16T21:38:28.617+0000] {processor.py:161} INFO - Started process (PID=592) to work on /home/airflow/.local/lib/python3.10/site-packages/airflow/example_dags/example_sensor_decorator.py
[2024-04-16T21:38:28.618+0000] {processor.py:830} INFO - Processing file /home/airflow/.local/lib/python3.10/site-packages/airflow/example_dags/example_sensor_decorator.py for tasks to queue
[2024-04-16T21:38:28.620+0000] {logging_mixin.py:188} INFO - [2024-04-16T21:38:28.619+0000] {dagbag.py:540} INFO - Filling up the DagBag from /home/airflow/.local/lib/python3.10/site-packages/airflow/example_dags/example_sensor_decorator.py
[2024-04-16T21:38:28.626+0000] {processor.py:840} INFO - DAG(s) 'example_sensor_decorator' retrieved from /home/airflow/.local/lib/python3.10/site-packages/airflow/example_dags/example_sensor_decorator.py
[2024-04-16T21:38:28.643+0000] {logging_mixin.py:188} INFO - [2024-04-16T21:38:28.643+0000] {dag.py:3047} INFO - Sync 1 DAGs
[2024-04-16T21:38:28.654+0000] {logging_mixin.py:188} INFO - [2024-04-16T21:38:28.654+0000] {dag.py:3834} INFO - Setting next_dagrun for example_sensor_decorator to None, run_after=None
[2024-04-16T21:38:28.671+0000] {processor.py:183} INFO - Processing /home/airflow/.local/lib/python3.10/site-packages/airflow/example_dags/example_sensor_decorator.py took 0.057 seconds
[2024-04-16T21:38:59.261+0000] {processor.py:161} INFO - Started process (PID=649) to work on /home/airflow/.local/lib/python3.10/site-packages/airflow/example_dags/example_sensor_decorator.py
[2024-04-16T21:38:59.262+0000] {processor.py:830} INFO - Processing file /home/airflow/.local/lib/python3.10/site-packages/airflow/example_dags/example_sensor_decorator.py for tasks to queue
[2024-04-16T21:38:59.264+0000] {logging_mixin.py:188} INFO - [2024-04-16T21:38:59.263+0000] {dagbag.py:540} INFO - Filling up the DagBag from /home/airflow/.local/lib/python3.10/site-packages/airflow/example_dags/example_sensor_decorator.py
[2024-04-16T21:38:59.269+0000] {processor.py:840} INFO - DAG(s) 'example_sensor_decorator' retrieved from /home/airflow/.local/lib/python3.10/site-packages/airflow/example_dags/example_sensor_decorator.py
[2024-04-16T21:38:59.287+0000] {logging_mixin.py:188} INFO - [2024-04-16T21:38:59.287+0000] {dag.py:3047} INFO - Sync 1 DAGs
[2024-04-16T21:38:59.299+0000] {logging_mixin.py:188} INFO - [2024-04-16T21:38:59.298+0000] {dag.py:3834} INFO - Setting next_dagrun for example_sensor_decorator to None, run_after=None
[2024-04-16T21:38:59.317+0000] {processor.py:183} INFO - Processing /home/airflow/.local/lib/python3.10/site-packages/airflow/example_dags/example_sensor_decorator.py took 0.059 seconds
[2024-04-16T21:39:29.989+0000] {processor.py:161} INFO - Started process (PID=706) to work on /home/airflow/.local/lib/python3.10/site-packages/airflow/example_dags/example_sensor_decorator.py
[2024-04-16T21:39:29.990+0000] {processor.py:830} INFO - Processing file /home/airflow/.local/lib/python3.10/site-packages/airflow/example_dags/example_sensor_decorator.py for tasks to queue
[2024-04-16T21:39:29.994+0000] {logging_mixin.py:188} INFO - [2024-04-16T21:39:29.993+0000] {dagbag.py:540} INFO - Filling up the DagBag from /home/airflow/.local/lib/python3.10/site-packages/airflow/example_dags/example_sensor_decorator.py
[2024-04-16T21:39:30.000+0000] {processor.py:840} INFO - DAG(s) 'example_sensor_decorator' retrieved from /home/airflow/.local/lib/python3.10/site-packages/airflow/example_dags/example_sensor_decorator.py
[2024-04-16T21:39:30.019+0000] {logging_mixin.py:188} INFO - [2024-04-16T21:39:30.019+0000] {dag.py:3047} INFO - Sync 1 DAGs
[2024-04-16T21:39:30.032+0000] {logging_mixin.py:188} INFO - [2024-04-16T21:39:30.031+0000] {dag.py:3834} INFO - Setting next_dagrun for example_sensor_decorator to None, run_after=None
[2024-04-16T21:39:30.050+0000] {processor.py:183} INFO - Processing /home/airflow/.local/lib/python3.10/site-packages/airflow/example_dags/example_sensor_decorator.py took 0.063 seconds
[2024-04-16T21:40:00.635+0000] {processor.py:161} INFO - Started process (PID=763) to work on /home/airflow/.local/lib/python3.10/site-packages/airflow/example_dags/example_sensor_decorator.py
[2024-04-16T21:40:00.636+0000] {processor.py:830} INFO - Processing file /home/airflow/.local/lib/python3.10/site-packages/airflow/example_dags/example_sensor_decorator.py for tasks to queue
[2024-04-16T21:40:00.638+0000] {logging_mixin.py:188} INFO - [2024-04-16T21:40:00.638+0000] {dagbag.py:540} INFO - Filling up the DagBag from /home/airflow/.local/lib/python3.10/site-packages/airflow/example_dags/example_sensor_decorator.py
[2024-04-16T21:40:00.644+0000] {processor.py:840} INFO - DAG(s) 'example_sensor_decorator' retrieved from /home/airflow/.local/lib/python3.10/site-packages/airflow/example_dags/example_sensor_decorator.py
[2024-04-16T21:40:00.662+0000] {logging_mixin.py:188} INFO - [2024-04-16T21:40:00.662+0000] {dag.py:3047} INFO - Sync 1 DAGs
[2024-04-16T21:40:00.674+0000] {logging_mixin.py:188} INFO - [2024-04-16T21:40:00.674+0000] {dag.py:3834} INFO - Setting next_dagrun for example_sensor_decorator to None, run_after=None
[2024-04-16T21:40:00.692+0000] {processor.py:183} INFO - Processing /home/airflow/.local/lib/python3.10/site-packages/airflow/example_dags/example_sensor_decorator.py took 0.060 seconds
[2024-04-16T21:40:31.241+0000] {processor.py:161} INFO - Started process (PID=820) to work on /home/airflow/.local/lib/python3.10/site-packages/airflow/example_dags/example_sensor_decorator.py
[2024-04-16T21:40:31.242+0000] {processor.py:830} INFO - Processing file /home/airflow/.local/lib/python3.10/site-packages/airflow/example_dags/example_sensor_decorator.py for tasks to queue
[2024-04-16T21:40:31.245+0000] {logging_mixin.py:188} INFO - [2024-04-16T21:40:31.244+0000] {dagbag.py:540} INFO - Filling up the DagBag from /home/airflow/.local/lib/python3.10/site-packages/airflow/example_dags/example_sensor_decorator.py
[2024-04-16T21:40:31.252+0000] {processor.py:840} INFO - DAG(s) 'example_sensor_decorator' retrieved from /home/airflow/.local/lib/python3.10/site-packages/airflow/example_dags/example_sensor_decorator.py
[2024-04-16T21:40:31.270+0000] {logging_mixin.py:188} INFO - [2024-04-16T21:40:31.270+0000] {dag.py:3047} INFO - Sync 1 DAGs
[2024-04-16T21:40:31.281+0000] {logging_mixin.py:188} INFO - [2024-04-16T21:40:31.281+0000] {dag.py:3834} INFO - Setting next_dagrun for example_sensor_decorator to None, run_after=None
[2024-04-16T21:40:31.298+0000] {processor.py:183} INFO - Processing /home/airflow/.local/lib/python3.10/site-packages/airflow/example_dags/example_sensor_decorator.py took 0.061 seconds
[2024-04-16T21:41:01.732+0000] {processor.py:161} INFO - Started process (PID=877) to work on /home/airflow/.local/lib/python3.10/site-packages/airflow/example_dags/example_sensor_decorator.py
[2024-04-16T21:41:01.733+0000] {processor.py:830} INFO - Processing file /home/airflow/.local/lib/python3.10/site-packages/airflow/example_dags/example_sensor_decorator.py for tasks to queue
[2024-04-16T21:41:01.734+0000] {logging_mixin.py:188} INFO - [2024-04-16T21:41:01.734+0000] {dagbag.py:540} INFO - Filling up the DagBag from /home/airflow/.local/lib/python3.10/site-packages/airflow/example_dags/example_sensor_decorator.py
[2024-04-16T21:41:01.740+0000] {processor.py:840} INFO - DAG(s) 'example_sensor_decorator' retrieved from /home/airflow/.local/lib/python3.10/site-packages/airflow/example_dags/example_sensor_decorator.py
[2024-04-16T21:41:01.757+0000] {logging_mixin.py:188} INFO - [2024-04-16T21:41:01.756+0000] {dag.py:3047} INFO - Sync 1 DAGs
[2024-04-16T21:41:01.768+0000] {logging_mixin.py:188} INFO - [2024-04-16T21:41:01.768+0000] {dag.py:3834} INFO - Setting next_dagrun for example_sensor_decorator to None, run_after=None
[2024-04-16T21:41:01.785+0000] {processor.py:183} INFO - Processing /home/airflow/.local/lib/python3.10/site-packages/airflow/example_dags/example_sensor_decorator.py took 0.056 seconds
[2024-04-16T21:41:32.218+0000] {processor.py:161} INFO - Started process (PID=934) to work on /home/airflow/.local/lib/python3.10/site-packages/airflow/example_dags/example_sensor_decorator.py
[2024-04-16T21:41:32.219+0000] {processor.py:830} INFO - Processing file /home/airflow/.local/lib/python3.10/site-packages/airflow/example_dags/example_sensor_decorator.py for tasks to queue
[2024-04-16T21:41:32.221+0000] {logging_mixin.py:188} INFO - [2024-04-16T21:41:32.220+0000] {dagbag.py:540} INFO - Filling up the DagBag from /home/airflow/.local/lib/python3.10/site-packages/airflow/example_dags/example_sensor_decorator.py
[2024-04-16T21:41:32.228+0000] {processor.py:840} INFO - DAG(s) 'example_sensor_decorator' retrieved from /home/airflow/.local/lib/python3.10/site-packages/airflow/example_dags/example_sensor_decorator.py
[2024-04-16T21:41:32.245+0000] {logging_mixin.py:188} INFO - [2024-04-16T21:41:32.245+0000] {dag.py:3047} INFO - Sync 1 DAGs
[2024-04-16T21:41:32.256+0000] {logging_mixin.py:188} INFO - [2024-04-16T21:41:32.256+0000] {dag.py:3834} INFO - Setting next_dagrun for example_sensor_decorator to None, run_after=None
[2024-04-16T21:41:32.273+0000] {processor.py:183} INFO - Processing /home/airflow/.local/lib/python3.10/site-packages/airflow/example_dags/example_sensor_decorator.py took 0.057 seconds
[2024-04-16T21:42:02.672+0000] {processor.py:161} INFO - Started process (PID=991) to work on /home/airflow/.local/lib/python3.10/site-packages/airflow/example_dags/example_sensor_decorator.py
[2024-04-16T21:42:02.673+0000] {processor.py:830} INFO - Processing file /home/airflow/.local/lib/python3.10/site-packages/airflow/example_dags/example_sensor_decorator.py for tasks to queue
[2024-04-16T21:42:02.675+0000] {logging_mixin.py:188} INFO - [2024-04-16T21:42:02.675+0000] {dagbag.py:540} INFO - Filling up the DagBag from /home/airflow/.local/lib/python3.10/site-packages/airflow/example_dags/example_sensor_decorator.py
[2024-04-16T21:42:02.681+0000] {processor.py:840} INFO - DAG(s) 'example_sensor_decorator' retrieved from /home/airflow/.local/lib/python3.10/site-packages/airflow/example_dags/example_sensor_decorator.py
[2024-04-16T21:42:02.699+0000] {logging_mixin.py:188} INFO - [2024-04-16T21:42:02.699+0000] {dag.py:3047} INFO - Sync 1 DAGs
[2024-04-16T21:42:02.710+0000] {logging_mixin.py:188} INFO - [2024-04-16T21:42:02.710+0000] {dag.py:3834} INFO - Setting next_dagrun for example_sensor_decorator to None, run_after=None
[2024-04-16T21:42:02.727+0000] {processor.py:183} INFO - Processing /home/airflow/.local/lib/python3.10/site-packages/airflow/example_dags/example_sensor_decorator.py took 0.058 seconds
[2024-04-16T21:42:33.171+0000] {processor.py:161} INFO - Started process (PID=1048) to work on /home/airflow/.local/lib/python3.10/site-packages/airflow/example_dags/example_sensor_decorator.py
[2024-04-16T21:42:33.172+0000] {processor.py:830} INFO - Processing file /home/airflow/.local/lib/python3.10/site-packages/airflow/example_dags/example_sensor_decorator.py for tasks to queue
[2024-04-16T21:42:33.173+0000] {logging_mixin.py:188} INFO - [2024-04-16T21:42:33.173+0000] {dagbag.py:540} INFO - Filling up the DagBag from /home/airflow/.local/lib/python3.10/site-packages/airflow/example_dags/example_sensor_decorator.py
[2024-04-16T21:42:33.179+0000] {processor.py:840} INFO - DAG(s) 'example_sensor_decorator' retrieved from /home/airflow/.local/lib/python3.10/site-packages/airflow/example_dags/example_sensor_decorator.py
[2024-04-16T21:42:33.197+0000] {logging_mixin.py:188} INFO - [2024-04-16T21:42:33.196+0000] {dag.py:3047} INFO - Sync 1 DAGs
[2024-04-16T21:42:33.213+0000] {logging_mixin.py:188} INFO - [2024-04-16T21:42:33.213+0000] {dag.py:3834} INFO - Setting next_dagrun for example_sensor_decorator to None, run_after=None
[2024-04-16T21:42:33.237+0000] {processor.py:183} INFO - Processing /home/airflow/.local/lib/python3.10/site-packages/airflow/example_dags/example_sensor_decorator.py took 0.070 seconds
[2024-04-16T21:43:03.753+0000] {processor.py:161} INFO - Started process (PID=1105) to work on /home/airflow/.local/lib/python3.10/site-packages/airflow/example_dags/example_sensor_decorator.py
[2024-04-16T21:43:03.754+0000] {processor.py:830} INFO - Processing file /home/airflow/.local/lib/python3.10/site-packages/airflow/example_dags/example_sensor_decorator.py for tasks to queue
[2024-04-16T21:43:03.756+0000] {logging_mixin.py:188} INFO - [2024-04-16T21:43:03.756+0000] {dagbag.py:540} INFO - Filling up the DagBag from /home/airflow/.local/lib/python3.10/site-packages/airflow/example_dags/example_sensor_decorator.py
[2024-04-16T21:43:03.761+0000] {processor.py:840} INFO - DAG(s) 'example_sensor_decorator' retrieved from /home/airflow/.local/lib/python3.10/site-packages/airflow/example_dags/example_sensor_decorator.py
[2024-04-16T21:43:03.779+0000] {logging_mixin.py:188} INFO - [2024-04-16T21:43:03.779+0000] {dag.py:3047} INFO - Sync 1 DAGs
[2024-04-16T21:43:03.791+0000] {logging_mixin.py:188} INFO - [2024-04-16T21:43:03.790+0000] {dag.py:3834} INFO - Setting next_dagrun for example_sensor_decorator to None, run_after=None
[2024-04-16T21:43:03.807+0000] {processor.py:183} INFO - Processing /home/airflow/.local/lib/python3.10/site-packages/airflow/example_dags/example_sensor_decorator.py took 0.057 seconds
[2024-04-16T21:43:34.327+0000] {processor.py:161} INFO - Started process (PID=1162) to work on /home/airflow/.local/lib/python3.10/site-packages/airflow/example_dags/example_sensor_decorator.py
[2024-04-16T21:43:34.329+0000] {processor.py:830} INFO - Processing file /home/airflow/.local/lib/python3.10/site-packages/airflow/example_dags/example_sensor_decorator.py for tasks to queue
[2024-04-16T21:43:34.331+0000] {logging_mixin.py:188} INFO - [2024-04-16T21:43:34.331+0000] {dagbag.py:540} INFO - Filling up the DagBag from /home/airflow/.local/lib/python3.10/site-packages/airflow/example_dags/example_sensor_decorator.py
[2024-04-16T21:43:34.337+0000] {processor.py:840} INFO - DAG(s) 'example_sensor_decorator' retrieved from /home/airflow/.local/lib/python3.10/site-packages/airflow/example_dags/example_sensor_decorator.py
[2024-04-16T21:43:34.357+0000] {logging_mixin.py:188} INFO - [2024-04-16T21:43:34.357+0000] {dag.py:3047} INFO - Sync 1 DAGs
[2024-04-16T21:43:34.369+0000] {logging_mixin.py:188} INFO - [2024-04-16T21:43:34.369+0000] {dag.py:3834} INFO - Setting next_dagrun for example_sensor_decorator to None, run_after=None
[2024-04-16T21:43:34.388+0000] {processor.py:183} INFO - Processing /home/airflow/.local/lib/python3.10/site-packages/airflow/example_dags/example_sensor_decorator.py took 0.065 seconds
[2024-04-16T21:44:04.855+0000] {processor.py:161} INFO - Started process (PID=1219) to work on /home/airflow/.local/lib/python3.10/site-packages/airflow/example_dags/example_sensor_decorator.py
[2024-04-16T21:44:04.856+0000] {processor.py:830} INFO - Processing file /home/airflow/.local/lib/python3.10/site-packages/airflow/example_dags/example_sensor_decorator.py for tasks to queue
[2024-04-16T21:44:04.858+0000] {logging_mixin.py:188} INFO - [2024-04-16T21:44:04.857+0000] {dagbag.py:540} INFO - Filling up the DagBag from /home/airflow/.local/lib/python3.10/site-packages/airflow/example_dags/example_sensor_decorator.py
[2024-04-16T21:44:04.863+0000] {processor.py:840} INFO - DAG(s) 'example_sensor_decorator' retrieved from /home/airflow/.local/lib/python3.10/site-packages/airflow/example_dags/example_sensor_decorator.py
[2024-04-16T21:44:04.881+0000] {logging_mixin.py:188} INFO - [2024-04-16T21:44:04.881+0000] {dag.py:3047} INFO - Sync 1 DAGs
[2024-04-16T21:44:04.893+0000] {logging_mixin.py:188} INFO - [2024-04-16T21:44:04.892+0000] {dag.py:3834} INFO - Setting next_dagrun for example_sensor_decorator to None, run_after=None
[2024-04-16T21:44:04.911+0000] {processor.py:183} INFO - Processing /home/airflow/.local/lib/python3.10/site-packages/airflow/example_dags/example_sensor_decorator.py took 0.059 seconds
[2024-04-16T21:44:35.433+0000] {processor.py:161} INFO - Started process (PID=1276) to work on /home/airflow/.local/lib/python3.10/site-packages/airflow/example_dags/example_sensor_decorator.py
[2024-04-16T21:44:35.435+0000] {processor.py:830} INFO - Processing file /home/airflow/.local/lib/python3.10/site-packages/airflow/example_dags/example_sensor_decorator.py for tasks to queue
[2024-04-16T21:44:35.437+0000] {logging_mixin.py:188} INFO - [2024-04-16T21:44:35.437+0000] {dagbag.py:540} INFO - Filling up the DagBag from /home/airflow/.local/lib/python3.10/site-packages/airflow/example_dags/example_sensor_decorator.py
[2024-04-16T21:44:35.443+0000] {processor.py:840} INFO - DAG(s) 'example_sensor_decorator' retrieved from /home/airflow/.local/lib/python3.10/site-packages/airflow/example_dags/example_sensor_decorator.py
[2024-04-16T21:44:35.461+0000] {logging_mixin.py:188} INFO - [2024-04-16T21:44:35.461+0000] {dag.py:3047} INFO - Sync 1 DAGs
[2024-04-16T21:44:35.472+0000] {logging_mixin.py:188} INFO - [2024-04-16T21:44:35.472+0000] {dag.py:3834} INFO - Setting next_dagrun for example_sensor_decorator to None, run_after=None
[2024-04-16T21:44:35.489+0000] {processor.py:183} INFO - Processing /home/airflow/.local/lib/python3.10/site-packages/airflow/example_dags/example_sensor_decorator.py took 0.061 seconds
[2024-04-16T21:45:06.063+0000] {processor.py:161} INFO - Started process (PID=1333) to work on /home/airflow/.local/lib/python3.10/site-packages/airflow/example_dags/example_sensor_decorator.py
[2024-04-16T21:45:06.064+0000] {processor.py:830} INFO - Processing file /home/airflow/.local/lib/python3.10/site-packages/airflow/example_dags/example_sensor_decorator.py for tasks to queue
[2024-04-16T21:45:06.066+0000] {logging_mixin.py:188} INFO - [2024-04-16T21:45:06.066+0000] {dagbag.py:540} INFO - Filling up the DagBag from /home/airflow/.local/lib/python3.10/site-packages/airflow/example_dags/example_sensor_decorator.py
[2024-04-16T21:45:06.071+0000] {processor.py:840} INFO - DAG(s) 'example_sensor_decorator' retrieved from /home/airflow/.local/lib/python3.10/site-packages/airflow/example_dags/example_sensor_decorator.py
[2024-04-16T21:45:06.088+0000] {logging_mixin.py:188} INFO - [2024-04-16T21:45:06.088+0000] {dag.py:3047} INFO - Sync 1 DAGs
[2024-04-16T21:45:06.099+0000] {logging_mixin.py:188} INFO - [2024-04-16T21:45:06.099+0000] {dag.py:3834} INFO - Setting next_dagrun for example_sensor_decorator to None, run_after=None
[2024-04-16T21:45:06.120+0000] {processor.py:183} INFO - Processing /home/airflow/.local/lib/python3.10/site-packages/airflow/example_dags/example_sensor_decorator.py took 0.060 seconds
[2024-04-16T21:45:36.619+0000] {processor.py:161} INFO - Started process (PID=1390) to work on /home/airflow/.local/lib/python3.10/site-packages/airflow/example_dags/example_sensor_decorator.py
[2024-04-16T21:45:36.620+0000] {processor.py:830} INFO - Processing file /home/airflow/.local/lib/python3.10/site-packages/airflow/example_dags/example_sensor_decorator.py for tasks to queue
[2024-04-16T21:45:36.621+0000] {logging_mixin.py:188} INFO - [2024-04-16T21:45:36.621+0000] {dagbag.py:540} INFO - Filling up the DagBag from /home/airflow/.local/lib/python3.10/site-packages/airflow/example_dags/example_sensor_decorator.py
[2024-04-16T21:45:36.627+0000] {processor.py:840} INFO - DAG(s) 'example_sensor_decorator' retrieved from /home/airflow/.local/lib/python3.10/site-packages/airflow/example_dags/example_sensor_decorator.py
[2024-04-16T21:45:36.644+0000] {logging_mixin.py:188} INFO - [2024-04-16T21:45:36.644+0000] {dag.py:3047} INFO - Sync 1 DAGs
[2024-04-16T21:45:36.657+0000] {logging_mixin.py:188} INFO - [2024-04-16T21:45:36.657+0000] {dag.py:3834} INFO - Setting next_dagrun for example_sensor_decorator to None, run_after=None
[2024-04-16T21:45:36.676+0000] {processor.py:183} INFO - Processing /home/airflow/.local/lib/python3.10/site-packages/airflow/example_dags/example_sensor_decorator.py took 0.060 seconds
