[2024-04-16T21:29:10.941+0000] {processor.py:161} INFO - Started process (PID=42) to work on /home/airflow/.local/lib/python3.10/site-packages/airflow/example_dags/example_dynamic_task_mapping.py
[2024-04-16T21:29:10.942+0000] {processor.py:830} INFO - Processing file /home/airflow/.local/lib/python3.10/site-packages/airflow/example_dags/example_dynamic_task_mapping.py for tasks to queue
[2024-04-16T21:29:10.944+0000] {logging_mixin.py:188} INFO - [2024-04-16T21:29:10.943+0000] {dagbag.py:540} INFO - Filling up the DagBag from /home/airflow/.local/lib/python3.10/site-packages/airflow/example_dags/example_dynamic_task_mapping.py
[2024-04-16T21:29:10.952+0000] {processor.py:840} INFO - DAG(s) 'example_dynamic_task_mapping' retrieved from /home/airflow/.local/lib/python3.10/site-packages/airflow/example_dags/example_dynamic_task_mapping.py
[2024-04-16T21:29:10.964+0000] {logging_mixin.py:188} INFO - [2024-04-16T21:29:10.964+0000] {dag.py:3047} INFO - Sync 1 DAGs
[2024-04-16T21:29:10.985+0000] {logging_mixin.py:188} INFO - [2024-04-16T21:29:10.985+0000] {dag.py:3834} INFO - Setting next_dagrun for example_dynamic_task_mapping to 2022-03-04 00:00:00+00:00, run_after=2022-03-05 00:00:00+00:00
[2024-04-16T21:29:11.003+0000] {processor.py:183} INFO - Processing /home/airflow/.local/lib/python3.10/site-packages/airflow/example_dags/example_dynamic_task_mapping.py took 0.066 seconds
[2024-04-16T21:29:41.723+0000] {processor.py:161} INFO - Started process (PID=97) to work on /home/airflow/.local/lib/python3.10/site-packages/airflow/example_dags/example_dynamic_task_mapping.py
[2024-04-16T21:29:41.724+0000] {processor.py:830} INFO - Processing file /home/airflow/.local/lib/python3.10/site-packages/airflow/example_dags/example_dynamic_task_mapping.py for tasks to queue
[2024-04-16T21:29:41.726+0000] {logging_mixin.py:188} INFO - [2024-04-16T21:29:41.725+0000] {dagbag.py:540} INFO - Filling up the DagBag from /home/airflow/.local/lib/python3.10/site-packages/airflow/example_dags/example_dynamic_task_mapping.py
[2024-04-16T21:29:41.732+0000] {processor.py:840} INFO - DAG(s) 'example_dynamic_task_mapping' retrieved from /home/airflow/.local/lib/python3.10/site-packages/airflow/example_dags/example_dynamic_task_mapping.py
[2024-04-16T21:29:41.817+0000] {logging_mixin.py:188} INFO - [2024-04-16T21:29:41.816+0000] {dag.py:3047} INFO - Sync 1 DAGs
[2024-04-16T21:29:41.835+0000] {logging_mixin.py:188} INFO - [2024-04-16T21:29:41.835+0000] {dag.py:3834} INFO - Setting next_dagrun for example_dynamic_task_mapping to 2022-03-04 00:00:00+00:00, run_after=2022-03-05 00:00:00+00:00
[2024-04-16T21:29:41.852+0000] {processor.py:183} INFO - Processing /home/airflow/.local/lib/python3.10/site-packages/airflow/example_dags/example_dynamic_task_mapping.py took 0.132 seconds
[2024-04-16T21:30:11.989+0000] {processor.py:161} INFO - Started process (PID=152) to work on /home/airflow/.local/lib/python3.10/site-packages/airflow/example_dags/example_dynamic_task_mapping.py
[2024-04-16T21:30:11.990+0000] {processor.py:830} INFO - Processing file /home/airflow/.local/lib/python3.10/site-packages/airflow/example_dags/example_dynamic_task_mapping.py for tasks to queue
[2024-04-16T21:30:11.992+0000] {logging_mixin.py:188} INFO - [2024-04-16T21:30:11.992+0000] {dagbag.py:540} INFO - Filling up the DagBag from /home/airflow/.local/lib/python3.10/site-packages/airflow/example_dags/example_dynamic_task_mapping.py
[2024-04-16T21:30:11.999+0000] {processor.py:840} INFO - DAG(s) 'example_dynamic_task_mapping' retrieved from /home/airflow/.local/lib/python3.10/site-packages/airflow/example_dags/example_dynamic_task_mapping.py
[2024-04-16T21:30:12.017+0000] {logging_mixin.py:188} INFO - [2024-04-16T21:30:12.017+0000] {dag.py:3047} INFO - Sync 1 DAGs
[2024-04-16T21:30:12.037+0000] {logging_mixin.py:188} INFO - [2024-04-16T21:30:12.037+0000] {dag.py:3834} INFO - Setting next_dagrun for example_dynamic_task_mapping to 2022-03-04 00:00:00+00:00, run_after=2022-03-05 00:00:00+00:00
[2024-04-16T21:30:12.054+0000] {processor.py:183} INFO - Processing /home/airflow/.local/lib/python3.10/site-packages/airflow/example_dags/example_dynamic_task_mapping.py took 0.069 seconds
[2024-04-16T21:30:42.419+0000] {processor.py:161} INFO - Started process (PID=207) to work on /home/airflow/.local/lib/python3.10/site-packages/airflow/example_dags/example_dynamic_task_mapping.py
[2024-04-16T21:30:42.420+0000] {processor.py:830} INFO - Processing file /home/airflow/.local/lib/python3.10/site-packages/airflow/example_dags/example_dynamic_task_mapping.py for tasks to queue
[2024-04-16T21:30:42.422+0000] {logging_mixin.py:188} INFO - [2024-04-16T21:30:42.422+0000] {dagbag.py:540} INFO - Filling up the DagBag from /home/airflow/.local/lib/python3.10/site-packages/airflow/example_dags/example_dynamic_task_mapping.py
[2024-04-16T21:30:42.428+0000] {processor.py:840} INFO - DAG(s) 'example_dynamic_task_mapping' retrieved from /home/airflow/.local/lib/python3.10/site-packages/airflow/example_dags/example_dynamic_task_mapping.py
[2024-04-16T21:30:42.445+0000] {logging_mixin.py:188} INFO - [2024-04-16T21:30:42.444+0000] {dag.py:3047} INFO - Sync 1 DAGs
[2024-04-16T21:30:42.464+0000] {logging_mixin.py:188} INFO - [2024-04-16T21:30:42.463+0000] {dag.py:3834} INFO - Setting next_dagrun for example_dynamic_task_mapping to 2022-03-04 00:00:00+00:00, run_after=2022-03-05 00:00:00+00:00
[2024-04-16T21:30:42.486+0000] {processor.py:183} INFO - Processing /home/airflow/.local/lib/python3.10/site-packages/airflow/example_dags/example_dynamic_task_mapping.py took 0.070 seconds
[2024-04-16T21:31:13.184+0000] {processor.py:161} INFO - Started process (PID=262) to work on /home/airflow/.local/lib/python3.10/site-packages/airflow/example_dags/example_dynamic_task_mapping.py
[2024-04-16T21:31:13.185+0000] {processor.py:830} INFO - Processing file /home/airflow/.local/lib/python3.10/site-packages/airflow/example_dags/example_dynamic_task_mapping.py for tasks to queue
[2024-04-16T21:31:13.187+0000] {logging_mixin.py:188} INFO - [2024-04-16T21:31:13.187+0000] {dagbag.py:540} INFO - Filling up the DagBag from /home/airflow/.local/lib/python3.10/site-packages/airflow/example_dags/example_dynamic_task_mapping.py
[2024-04-16T21:31:13.192+0000] {processor.py:840} INFO - DAG(s) 'example_dynamic_task_mapping' retrieved from /home/airflow/.local/lib/python3.10/site-packages/airflow/example_dags/example_dynamic_task_mapping.py
[2024-04-16T21:31:13.211+0000] {logging_mixin.py:188} INFO - [2024-04-16T21:31:13.211+0000] {dag.py:3047} INFO - Sync 1 DAGs
[2024-04-16T21:31:13.229+0000] {logging_mixin.py:188} INFO - [2024-04-16T21:31:13.229+0000] {dag.py:3834} INFO - Setting next_dagrun for example_dynamic_task_mapping to 2022-03-04 00:00:00+00:00, run_after=2022-03-05 00:00:00+00:00
[2024-04-16T21:31:13.244+0000] {processor.py:183} INFO - Processing /home/airflow/.local/lib/python3.10/site-packages/airflow/example_dags/example_dynamic_task_mapping.py took 0.063 seconds
[2024-04-16T21:32:11.889+0000] {processor.py:161} INFO - Started process (PID=44) to work on /home/airflow/.local/lib/python3.10/site-packages/airflow/example_dags/example_dynamic_task_mapping.py
[2024-04-16T21:32:11.890+0000] {processor.py:830} INFO - Processing file /home/airflow/.local/lib/python3.10/site-packages/airflow/example_dags/example_dynamic_task_mapping.py for tasks to queue
[2024-04-16T21:32:11.892+0000] {logging_mixin.py:188} INFO - [2024-04-16T21:32:11.892+0000] {dagbag.py:540} INFO - Filling up the DagBag from /home/airflow/.local/lib/python3.10/site-packages/airflow/example_dags/example_dynamic_task_mapping.py
[2024-04-16T21:32:11.898+0000] {processor.py:840} INFO - DAG(s) 'example_dynamic_task_mapping' retrieved from /home/airflow/.local/lib/python3.10/site-packages/airflow/example_dags/example_dynamic_task_mapping.py
[2024-04-16T21:32:11.910+0000] {logging_mixin.py:188} INFO - [2024-04-16T21:32:11.909+0000] {dag.py:3047} INFO - Sync 1 DAGs
[2024-04-16T21:32:11.940+0000] {logging_mixin.py:188} INFO - [2024-04-16T21:32:11.940+0000] {dag.py:3834} INFO - Setting next_dagrun for example_dynamic_task_mapping to 2022-03-04 00:00:00+00:00, run_after=2022-03-05 00:00:00+00:00
[2024-04-16T21:32:11.965+0000] {processor.py:183} INFO - Processing /home/airflow/.local/lib/python3.10/site-packages/airflow/example_dags/example_dynamic_task_mapping.py took 0.080 seconds
[2024-04-16T21:32:42.974+0000] {processor.py:161} INFO - Started process (PID=101) to work on /home/airflow/.local/lib/python3.10/site-packages/airflow/example_dags/example_dynamic_task_mapping.py
[2024-04-16T21:32:42.975+0000] {processor.py:830} INFO - Processing file /home/airflow/.local/lib/python3.10/site-packages/airflow/example_dags/example_dynamic_task_mapping.py for tasks to queue
[2024-04-16T21:32:42.977+0000] {logging_mixin.py:188} INFO - [2024-04-16T21:32:42.977+0000] {dagbag.py:540} INFO - Filling up the DagBag from /home/airflow/.local/lib/python3.10/site-packages/airflow/example_dags/example_dynamic_task_mapping.py
[2024-04-16T21:32:42.983+0000] {processor.py:840} INFO - DAG(s) 'example_dynamic_task_mapping' retrieved from /home/airflow/.local/lib/python3.10/site-packages/airflow/example_dags/example_dynamic_task_mapping.py
[2024-04-16T21:32:43.084+0000] {logging_mixin.py:188} INFO - [2024-04-16T21:32:43.083+0000] {dag.py:3047} INFO - Sync 1 DAGs
[2024-04-16T21:32:43.104+0000] {logging_mixin.py:188} INFO - [2024-04-16T21:32:43.104+0000] {dag.py:3834} INFO - Setting next_dagrun for example_dynamic_task_mapping to 2022-03-04 00:00:00+00:00, run_after=2022-03-05 00:00:00+00:00
[2024-04-16T21:32:43.131+0000] {processor.py:183} INFO - Processing /home/airflow/.local/lib/python3.10/site-packages/airflow/example_dags/example_dynamic_task_mapping.py took 0.160 seconds
[2024-04-16T21:33:50.210+0000] {processor.py:161} INFO - Started process (PID=44) to work on /home/airflow/.local/lib/python3.10/site-packages/airflow/example_dags/example_dynamic_task_mapping.py
[2024-04-16T21:33:50.211+0000] {processor.py:830} INFO - Processing file /home/airflow/.local/lib/python3.10/site-packages/airflow/example_dags/example_dynamic_task_mapping.py for tasks to queue
[2024-04-16T21:33:50.213+0000] {logging_mixin.py:188} INFO - [2024-04-16T21:33:50.213+0000] {dagbag.py:540} INFO - Filling up the DagBag from /home/airflow/.local/lib/python3.10/site-packages/airflow/example_dags/example_dynamic_task_mapping.py
[2024-04-16T21:33:50.221+0000] {processor.py:840} INFO - DAG(s) 'example_dynamic_task_mapping' retrieved from /home/airflow/.local/lib/python3.10/site-packages/airflow/example_dags/example_dynamic_task_mapping.py
[2024-04-16T21:33:50.233+0000] {logging_mixin.py:188} INFO - [2024-04-16T21:33:50.233+0000] {dag.py:3047} INFO - Sync 1 DAGs
[2024-04-16T21:33:50.259+0000] {logging_mixin.py:188} INFO - [2024-04-16T21:33:50.258+0000] {dag.py:3834} INFO - Setting next_dagrun for example_dynamic_task_mapping to 2022-03-04 00:00:00+00:00, run_after=2022-03-05 00:00:00+00:00
[2024-04-16T21:33:50.279+0000] {processor.py:183} INFO - Processing /home/airflow/.local/lib/python3.10/site-packages/airflow/example_dags/example_dynamic_task_mapping.py took 0.073 seconds
[2024-04-16T21:34:21.202+0000] {processor.py:161} INFO - Started process (PID=101) to work on /home/airflow/.local/lib/python3.10/site-packages/airflow/example_dags/example_dynamic_task_mapping.py
[2024-04-16T21:34:21.203+0000] {processor.py:830} INFO - Processing file /home/airflow/.local/lib/python3.10/site-packages/airflow/example_dags/example_dynamic_task_mapping.py for tasks to queue
[2024-04-16T21:34:21.205+0000] {logging_mixin.py:188} INFO - [2024-04-16T21:34:21.204+0000] {dagbag.py:540} INFO - Filling up the DagBag from /home/airflow/.local/lib/python3.10/site-packages/airflow/example_dags/example_dynamic_task_mapping.py
[2024-04-16T21:34:21.210+0000] {processor.py:840} INFO - DAG(s) 'example_dynamic_task_mapping' retrieved from /home/airflow/.local/lib/python3.10/site-packages/airflow/example_dags/example_dynamic_task_mapping.py
[2024-04-16T21:34:21.301+0000] {logging_mixin.py:188} INFO - [2024-04-16T21:34:21.301+0000] {dag.py:3047} INFO - Sync 1 DAGs
[2024-04-16T21:34:21.320+0000] {logging_mixin.py:188} INFO - [2024-04-16T21:34:21.320+0000] {dag.py:3834} INFO - Setting next_dagrun for example_dynamic_task_mapping to 2022-03-04 00:00:00+00:00, run_after=2022-03-05 00:00:00+00:00
[2024-04-16T21:34:21.338+0000] {processor.py:183} INFO - Processing /home/airflow/.local/lib/python3.10/site-packages/airflow/example_dags/example_dynamic_task_mapping.py took 0.139 seconds
[2024-04-16T21:34:51.589+0000] {processor.py:161} INFO - Started process (PID=158) to work on /home/airflow/.local/lib/python3.10/site-packages/airflow/example_dags/example_dynamic_task_mapping.py
[2024-04-16T21:34:51.590+0000] {processor.py:830} INFO - Processing file /home/airflow/.local/lib/python3.10/site-packages/airflow/example_dags/example_dynamic_task_mapping.py for tasks to queue
[2024-04-16T21:34:51.591+0000] {logging_mixin.py:188} INFO - [2024-04-16T21:34:51.591+0000] {dagbag.py:540} INFO - Filling up the DagBag from /home/airflow/.local/lib/python3.10/site-packages/airflow/example_dags/example_dynamic_task_mapping.py
[2024-04-16T21:34:51.598+0000] {processor.py:840} INFO - DAG(s) 'example_dynamic_task_mapping' retrieved from /home/airflow/.local/lib/python3.10/site-packages/airflow/example_dags/example_dynamic_task_mapping.py
[2024-04-16T21:34:51.614+0000] {logging_mixin.py:188} INFO - [2024-04-16T21:34:51.614+0000] {dag.py:3047} INFO - Sync 1 DAGs
[2024-04-16T21:34:51.635+0000] {logging_mixin.py:188} INFO - [2024-04-16T21:34:51.635+0000] {dag.py:3834} INFO - Setting next_dagrun for example_dynamic_task_mapping to 2022-03-04 00:00:00+00:00, run_after=2022-03-05 00:00:00+00:00
[2024-04-16T21:34:51.653+0000] {processor.py:183} INFO - Processing /home/airflow/.local/lib/python3.10/site-packages/airflow/example_dags/example_dynamic_task_mapping.py took 0.067 seconds
[2024-04-16T21:35:21.873+0000] {processor.py:161} INFO - Started process (PID=215) to work on /home/airflow/.local/lib/python3.10/site-packages/airflow/example_dags/example_dynamic_task_mapping.py
[2024-04-16T21:35:21.874+0000] {processor.py:830} INFO - Processing file /home/airflow/.local/lib/python3.10/site-packages/airflow/example_dags/example_dynamic_task_mapping.py for tasks to queue
[2024-04-16T21:35:21.876+0000] {logging_mixin.py:188} INFO - [2024-04-16T21:35:21.875+0000] {dagbag.py:540} INFO - Filling up the DagBag from /home/airflow/.local/lib/python3.10/site-packages/airflow/example_dags/example_dynamic_task_mapping.py
[2024-04-16T21:35:21.882+0000] {processor.py:840} INFO - DAG(s) 'example_dynamic_task_mapping' retrieved from /home/airflow/.local/lib/python3.10/site-packages/airflow/example_dags/example_dynamic_task_mapping.py
[2024-04-16T21:35:21.898+0000] {logging_mixin.py:188} INFO - [2024-04-16T21:35:21.898+0000] {dag.py:3047} INFO - Sync 1 DAGs
[2024-04-16T21:35:21.916+0000] {logging_mixin.py:188} INFO - [2024-04-16T21:35:21.916+0000] {dag.py:3834} INFO - Setting next_dagrun for example_dynamic_task_mapping to 2022-03-04 00:00:00+00:00, run_after=2022-03-05 00:00:00+00:00
[2024-04-16T21:35:21.934+0000] {processor.py:183} INFO - Processing /home/airflow/.local/lib/python3.10/site-packages/airflow/example_dags/example_dynamic_task_mapping.py took 0.064 seconds
[2024-04-16T21:35:52.927+0000] {processor.py:161} INFO - Started process (PID=272) to work on /home/airflow/.local/lib/python3.10/site-packages/airflow/example_dags/example_dynamic_task_mapping.py
[2024-04-16T21:35:52.928+0000] {processor.py:830} INFO - Processing file /home/airflow/.local/lib/python3.10/site-packages/airflow/example_dags/example_dynamic_task_mapping.py for tasks to queue
[2024-04-16T21:35:52.930+0000] {logging_mixin.py:188} INFO - [2024-04-16T21:35:52.930+0000] {dagbag.py:540} INFO - Filling up the DagBag from /home/airflow/.local/lib/python3.10/site-packages/airflow/example_dags/example_dynamic_task_mapping.py
[2024-04-16T21:35:52.937+0000] {processor.py:840} INFO - DAG(s) 'example_dynamic_task_mapping' retrieved from /home/airflow/.local/lib/python3.10/site-packages/airflow/example_dags/example_dynamic_task_mapping.py
[2024-04-16T21:35:52.958+0000] {logging_mixin.py:188} INFO - [2024-04-16T21:35:52.957+0000] {dag.py:3047} INFO - Sync 1 DAGs
[2024-04-16T21:35:52.981+0000] {logging_mixin.py:188} INFO - [2024-04-16T21:35:52.981+0000] {dag.py:3834} INFO - Setting next_dagrun for example_dynamic_task_mapping to 2022-03-04 00:00:00+00:00, run_after=2022-03-05 00:00:00+00:00
[2024-04-16T21:35:53.004+0000] {processor.py:183} INFO - Processing /home/airflow/.local/lib/python3.10/site-packages/airflow/example_dags/example_dynamic_task_mapping.py took 0.080 seconds
[2024-04-16T21:36:23.413+0000] {processor.py:161} INFO - Started process (PID=329) to work on /home/airflow/.local/lib/python3.10/site-packages/airflow/example_dags/example_dynamic_task_mapping.py
[2024-04-16T21:36:23.414+0000] {processor.py:830} INFO - Processing file /home/airflow/.local/lib/python3.10/site-packages/airflow/example_dags/example_dynamic_task_mapping.py for tasks to queue
[2024-04-16T21:36:23.415+0000] {logging_mixin.py:188} INFO - [2024-04-16T21:36:23.415+0000] {dagbag.py:540} INFO - Filling up the DagBag from /home/airflow/.local/lib/python3.10/site-packages/airflow/example_dags/example_dynamic_task_mapping.py
[2024-04-16T21:36:23.422+0000] {processor.py:840} INFO - DAG(s) 'example_dynamic_task_mapping' retrieved from /home/airflow/.local/lib/python3.10/site-packages/airflow/example_dags/example_dynamic_task_mapping.py
[2024-04-16T21:36:23.438+0000] {logging_mixin.py:188} INFO - [2024-04-16T21:36:23.438+0000] {dag.py:3047} INFO - Sync 1 DAGs
[2024-04-16T21:36:23.458+0000] {logging_mixin.py:188} INFO - [2024-04-16T21:36:23.458+0000] {dag.py:3834} INFO - Setting next_dagrun for example_dynamic_task_mapping to 2022-03-04 00:00:00+00:00, run_after=2022-03-05 00:00:00+00:00
[2024-04-16T21:36:23.475+0000] {processor.py:183} INFO - Processing /home/airflow/.local/lib/python3.10/site-packages/airflow/example_dags/example_dynamic_task_mapping.py took 0.065 seconds
[2024-04-16T21:36:54.098+0000] {processor.py:161} INFO - Started process (PID=386) to work on /home/airflow/.local/lib/python3.10/site-packages/airflow/example_dags/example_dynamic_task_mapping.py
[2024-04-16T21:36:54.099+0000] {processor.py:830} INFO - Processing file /home/airflow/.local/lib/python3.10/site-packages/airflow/example_dags/example_dynamic_task_mapping.py for tasks to queue
[2024-04-16T21:36:54.101+0000] {logging_mixin.py:188} INFO - [2024-04-16T21:36:54.101+0000] {dagbag.py:540} INFO - Filling up the DagBag from /home/airflow/.local/lib/python3.10/site-packages/airflow/example_dags/example_dynamic_task_mapping.py
[2024-04-16T21:36:54.108+0000] {processor.py:840} INFO - DAG(s) 'example_dynamic_task_mapping' retrieved from /home/airflow/.local/lib/python3.10/site-packages/airflow/example_dags/example_dynamic_task_mapping.py
[2024-04-16T21:36:54.126+0000] {logging_mixin.py:188} INFO - [2024-04-16T21:36:54.126+0000] {dag.py:3047} INFO - Sync 1 DAGs
[2024-04-16T21:36:54.146+0000] {logging_mixin.py:188} INFO - [2024-04-16T21:36:54.146+0000] {dag.py:3834} INFO - Setting next_dagrun for example_dynamic_task_mapping to 2022-03-04 00:00:00+00:00, run_after=2022-03-05 00:00:00+00:00
[2024-04-16T21:36:54.165+0000] {processor.py:183} INFO - Processing /home/airflow/.local/lib/python3.10/site-packages/airflow/example_dags/example_dynamic_task_mapping.py took 0.071 seconds
[2024-04-16T21:37:24.681+0000] {processor.py:161} INFO - Started process (PID=443) to work on /home/airflow/.local/lib/python3.10/site-packages/airflow/example_dags/example_dynamic_task_mapping.py
[2024-04-16T21:37:24.682+0000] {processor.py:830} INFO - Processing file /home/airflow/.local/lib/python3.10/site-packages/airflow/example_dags/example_dynamic_task_mapping.py for tasks to queue
[2024-04-16T21:37:24.684+0000] {logging_mixin.py:188} INFO - [2024-04-16T21:37:24.684+0000] {dagbag.py:540} INFO - Filling up the DagBag from /home/airflow/.local/lib/python3.10/site-packages/airflow/example_dags/example_dynamic_task_mapping.py
[2024-04-16T21:37:24.691+0000] {processor.py:840} INFO - DAG(s) 'example_dynamic_task_mapping' retrieved from /home/airflow/.local/lib/python3.10/site-packages/airflow/example_dags/example_dynamic_task_mapping.py
[2024-04-16T21:37:24.708+0000] {logging_mixin.py:188} INFO - [2024-04-16T21:37:24.708+0000] {dag.py:3047} INFO - Sync 1 DAGs
[2024-04-16T21:37:24.730+0000] {logging_mixin.py:188} INFO - [2024-04-16T21:37:24.730+0000] {dag.py:3834} INFO - Setting next_dagrun for example_dynamic_task_mapping to 2022-03-04 00:00:00+00:00, run_after=2022-03-05 00:00:00+00:00
[2024-04-16T21:37:24.748+0000] {processor.py:183} INFO - Processing /home/airflow/.local/lib/python3.10/site-packages/airflow/example_dags/example_dynamic_task_mapping.py took 0.069 seconds
[2024-04-16T21:37:55.252+0000] {processor.py:161} INFO - Started process (PID=500) to work on /home/airflow/.local/lib/python3.10/site-packages/airflow/example_dags/example_dynamic_task_mapping.py
[2024-04-16T21:37:55.253+0000] {processor.py:830} INFO - Processing file /home/airflow/.local/lib/python3.10/site-packages/airflow/example_dags/example_dynamic_task_mapping.py for tasks to queue
[2024-04-16T21:37:55.255+0000] {logging_mixin.py:188} INFO - [2024-04-16T21:37:55.255+0000] {dagbag.py:540} INFO - Filling up the DagBag from /home/airflow/.local/lib/python3.10/site-packages/airflow/example_dags/example_dynamic_task_mapping.py
[2024-04-16T21:37:55.261+0000] {processor.py:840} INFO - DAG(s) 'example_dynamic_task_mapping' retrieved from /home/airflow/.local/lib/python3.10/site-packages/airflow/example_dags/example_dynamic_task_mapping.py
[2024-04-16T21:37:55.278+0000] {logging_mixin.py:188} INFO - [2024-04-16T21:37:55.277+0000] {dag.py:3047} INFO - Sync 1 DAGs
[2024-04-16T21:37:55.300+0000] {logging_mixin.py:188} INFO - [2024-04-16T21:37:55.300+0000] {dag.py:3834} INFO - Setting next_dagrun for example_dynamic_task_mapping to 2022-03-04 00:00:00+00:00, run_after=2022-03-05 00:00:00+00:00
[2024-04-16T21:37:55.318+0000] {processor.py:183} INFO - Processing /home/airflow/.local/lib/python3.10/site-packages/airflow/example_dags/example_dynamic_task_mapping.py took 0.069 seconds
