[2024-04-16T21:29:11.376+0000] {processor.py:161} INFO - Started process (PID=48) to work on /home/airflow/.local/lib/python3.10/site-packages/airflow/example_dags/example_latest_only.py
[2024-04-16T21:29:11.378+0000] {processor.py:830} INFO - Processing file /home/airflow/.local/lib/python3.10/site-packages/airflow/example_dags/example_latest_only.py for tasks to queue
[2024-04-16T21:29:11.379+0000] {logging_mixin.py:188} INFO - [2024-04-16T21:29:11.379+0000] {dagbag.py:540} INFO - Filling up the DagBag from /home/airflow/.local/lib/python3.10/site-packages/airflow/example_dags/example_latest_only.py
[2024-04-16T21:29:11.384+0000] {processor.py:840} INFO - DAG(s) 'latest_only' retrieved from /home/airflow/.local/lib/python3.10/site-packages/airflow/example_dags/example_latest_only.py
[2024-04-16T21:29:11.395+0000] {logging_mixin.py:188} INFO - [2024-04-16T21:29:11.395+0000] {dag.py:3047} INFO - Sync 1 DAGs
[2024-04-16T21:29:11.420+0000] {logging_mixin.py:188} INFO - [2024-04-16T21:29:11.420+0000] {dag.py:3834} INFO - Setting next_dagrun for latest_only to 2024-04-16 16:00:00+00:00, run_after=2024-04-16 20:00:00+00:00
[2024-04-16T21:29:11.438+0000] {processor.py:183} INFO - Processing /home/airflow/.local/lib/python3.10/site-packages/airflow/example_dags/example_latest_only.py took 0.065 seconds
[2024-04-16T21:29:42.325+0000] {processor.py:161} INFO - Started process (PID=103) to work on /home/airflow/.local/lib/python3.10/site-packages/airflow/example_dags/example_latest_only.py
[2024-04-16T21:29:42.326+0000] {processor.py:830} INFO - Processing file /home/airflow/.local/lib/python3.10/site-packages/airflow/example_dags/example_latest_only.py for tasks to queue
[2024-04-16T21:29:42.329+0000] {logging_mixin.py:188} INFO - [2024-04-16T21:29:42.328+0000] {dagbag.py:540} INFO - Filling up the DagBag from /home/airflow/.local/lib/python3.10/site-packages/airflow/example_dags/example_latest_only.py
[2024-04-16T21:29:42.333+0000] {processor.py:840} INFO - DAG(s) 'latest_only' retrieved from /home/airflow/.local/lib/python3.10/site-packages/airflow/example_dags/example_latest_only.py
[2024-04-16T21:29:42.424+0000] {logging_mixin.py:188} INFO - [2024-04-16T21:29:42.424+0000] {dag.py:3047} INFO - Sync 1 DAGs
[2024-04-16T21:29:42.442+0000] {logging_mixin.py:188} INFO - [2024-04-16T21:29:42.441+0000] {dag.py:3834} INFO - Setting next_dagrun for latest_only to 2024-04-16 16:00:00+00:00, run_after=2024-04-16 20:00:00+00:00
[2024-04-16T21:29:42.459+0000] {processor.py:183} INFO - Processing /home/airflow/.local/lib/python3.10/site-packages/airflow/example_dags/example_latest_only.py took 0.137 seconds
[2024-04-16T21:30:13.268+0000] {processor.py:161} INFO - Started process (PID=158) to work on /home/airflow/.local/lib/python3.10/site-packages/airflow/example_dags/example_latest_only.py
[2024-04-16T21:30:13.269+0000] {processor.py:830} INFO - Processing file /home/airflow/.local/lib/python3.10/site-packages/airflow/example_dags/example_latest_only.py for tasks to queue
[2024-04-16T21:30:13.271+0000] {logging_mixin.py:188} INFO - [2024-04-16T21:30:13.270+0000] {dagbag.py:540} INFO - Filling up the DagBag from /home/airflow/.local/lib/python3.10/site-packages/airflow/example_dags/example_latest_only.py
[2024-04-16T21:30:13.275+0000] {processor.py:840} INFO - DAG(s) 'latest_only' retrieved from /home/airflow/.local/lib/python3.10/site-packages/airflow/example_dags/example_latest_only.py
[2024-04-16T21:30:13.295+0000] {logging_mixin.py:188} INFO - [2024-04-16T21:30:13.295+0000] {dag.py:3047} INFO - Sync 1 DAGs
[2024-04-16T21:30:13.314+0000] {logging_mixin.py:188} INFO - [2024-04-16T21:30:13.314+0000] {dag.py:3834} INFO - Setting next_dagrun for latest_only to 2024-04-16 16:00:00+00:00, run_after=2024-04-16 20:00:00+00:00
[2024-04-16T21:30:13.329+0000] {processor.py:183} INFO - Processing /home/airflow/.local/lib/python3.10/site-packages/airflow/example_dags/example_latest_only.py took 0.065 seconds
[2024-04-16T21:30:43.692+0000] {processor.py:161} INFO - Started process (PID=213) to work on /home/airflow/.local/lib/python3.10/site-packages/airflow/example_dags/example_latest_only.py
[2024-04-16T21:30:43.694+0000] {processor.py:830} INFO - Processing file /home/airflow/.local/lib/python3.10/site-packages/airflow/example_dags/example_latest_only.py for tasks to queue
[2024-04-16T21:30:43.695+0000] {logging_mixin.py:188} INFO - [2024-04-16T21:30:43.695+0000] {dagbag.py:540} INFO - Filling up the DagBag from /home/airflow/.local/lib/python3.10/site-packages/airflow/example_dags/example_latest_only.py
[2024-04-16T21:30:43.700+0000] {processor.py:840} INFO - DAG(s) 'latest_only' retrieved from /home/airflow/.local/lib/python3.10/site-packages/airflow/example_dags/example_latest_only.py
[2024-04-16T21:30:43.718+0000] {logging_mixin.py:188} INFO - [2024-04-16T21:30:43.718+0000] {dag.py:3047} INFO - Sync 1 DAGs
[2024-04-16T21:30:43.738+0000] {logging_mixin.py:188} INFO - [2024-04-16T21:30:43.738+0000] {dag.py:3834} INFO - Setting next_dagrun for latest_only to 2024-04-16 16:00:00+00:00, run_after=2024-04-16 20:00:00+00:00
[2024-04-16T21:30:43.756+0000] {processor.py:183} INFO - Processing /home/airflow/.local/lib/python3.10/site-packages/airflow/example_dags/example_latest_only.py took 0.066 seconds
[2024-04-16T21:31:14.453+0000] {processor.py:161} INFO - Started process (PID=268) to work on /home/airflow/.local/lib/python3.10/site-packages/airflow/example_dags/example_latest_only.py
[2024-04-16T21:31:14.454+0000] {processor.py:830} INFO - Processing file /home/airflow/.local/lib/python3.10/site-packages/airflow/example_dags/example_latest_only.py for tasks to queue
[2024-04-16T21:31:14.455+0000] {logging_mixin.py:188} INFO - [2024-04-16T21:31:14.455+0000] {dagbag.py:540} INFO - Filling up the DagBag from /home/airflow/.local/lib/python3.10/site-packages/airflow/example_dags/example_latest_only.py
[2024-04-16T21:31:14.461+0000] {processor.py:840} INFO - DAG(s) 'latest_only' retrieved from /home/airflow/.local/lib/python3.10/site-packages/airflow/example_dags/example_latest_only.py
[2024-04-16T21:31:14.483+0000] {logging_mixin.py:188} INFO - [2024-04-16T21:31:14.483+0000] {dag.py:3047} INFO - Sync 1 DAGs
[2024-04-16T21:31:14.515+0000] {logging_mixin.py:188} INFO - [2024-04-16T21:31:14.515+0000] {dag.py:3834} INFO - Setting next_dagrun for latest_only to 2024-04-16 16:00:00+00:00, run_after=2024-04-16 20:00:00+00:00
[2024-04-16T21:31:14.549+0000] {processor.py:183} INFO - Processing /home/airflow/.local/lib/python3.10/site-packages/airflow/example_dags/example_latest_only.py took 0.100 seconds
[2024-04-16T21:32:12.282+0000] {processor.py:161} INFO - Started process (PID=50) to work on /home/airflow/.local/lib/python3.10/site-packages/airflow/example_dags/example_latest_only.py
[2024-04-16T21:32:12.283+0000] {processor.py:830} INFO - Processing file /home/airflow/.local/lib/python3.10/site-packages/airflow/example_dags/example_latest_only.py for tasks to queue
[2024-04-16T21:32:12.285+0000] {logging_mixin.py:188} INFO - [2024-04-16T21:32:12.285+0000] {dagbag.py:540} INFO - Filling up the DagBag from /home/airflow/.local/lib/python3.10/site-packages/airflow/example_dags/example_latest_only.py
[2024-04-16T21:32:12.290+0000] {processor.py:840} INFO - DAG(s) 'latest_only' retrieved from /home/airflow/.local/lib/python3.10/site-packages/airflow/example_dags/example_latest_only.py
[2024-04-16T21:32:12.302+0000] {logging_mixin.py:188} INFO - [2024-04-16T21:32:12.301+0000] {dag.py:3047} INFO - Sync 1 DAGs
[2024-04-16T21:32:12.334+0000] {logging_mixin.py:188} INFO - [2024-04-16T21:32:12.333+0000] {dag.py:3834} INFO - Setting next_dagrun for latest_only to 2024-04-16 16:00:00+00:00, run_after=2024-04-16 20:00:00+00:00
[2024-04-16T21:32:12.354+0000] {processor.py:183} INFO - Processing /home/airflow/.local/lib/python3.10/site-packages/airflow/example_dags/example_latest_only.py took 0.074 seconds
[2024-04-16T21:32:43.471+0000] {processor.py:161} INFO - Started process (PID=107) to work on /home/airflow/.local/lib/python3.10/site-packages/airflow/example_dags/example_latest_only.py
[2024-04-16T21:32:43.472+0000] {processor.py:830} INFO - Processing file /home/airflow/.local/lib/python3.10/site-packages/airflow/example_dags/example_latest_only.py for tasks to queue
[2024-04-16T21:32:43.474+0000] {logging_mixin.py:188} INFO - [2024-04-16T21:32:43.474+0000] {dagbag.py:540} INFO - Filling up the DagBag from /home/airflow/.local/lib/python3.10/site-packages/airflow/example_dags/example_latest_only.py
[2024-04-16T21:32:43.479+0000] {processor.py:840} INFO - DAG(s) 'latest_only' retrieved from /home/airflow/.local/lib/python3.10/site-packages/airflow/example_dags/example_latest_only.py
[2024-04-16T21:32:43.572+0000] {logging_mixin.py:188} INFO - [2024-04-16T21:32:43.572+0000] {dag.py:3047} INFO - Sync 1 DAGs
[2024-04-16T21:32:43.588+0000] {logging_mixin.py:188} INFO - [2024-04-16T21:32:43.588+0000] {dag.py:3834} INFO - Setting next_dagrun for latest_only to 2024-04-16 16:00:00+00:00, run_after=2024-04-16 20:00:00+00:00
[2024-04-16T21:32:43.607+0000] {processor.py:183} INFO - Processing /home/airflow/.local/lib/python3.10/site-packages/airflow/example_dags/example_latest_only.py took 0.139 seconds
[2024-04-16T21:33:50.689+0000] {processor.py:161} INFO - Started process (PID=50) to work on /home/airflow/.local/lib/python3.10/site-packages/airflow/example_dags/example_latest_only.py
[2024-04-16T21:33:50.691+0000] {processor.py:830} INFO - Processing file /home/airflow/.local/lib/python3.10/site-packages/airflow/example_dags/example_latest_only.py for tasks to queue
[2024-04-16T21:33:50.693+0000] {logging_mixin.py:188} INFO - [2024-04-16T21:33:50.693+0000] {dagbag.py:540} INFO - Filling up the DagBag from /home/airflow/.local/lib/python3.10/site-packages/airflow/example_dags/example_latest_only.py
[2024-04-16T21:33:50.700+0000] {processor.py:840} INFO - DAG(s) 'latest_only' retrieved from /home/airflow/.local/lib/python3.10/site-packages/airflow/example_dags/example_latest_only.py
[2024-04-16T21:33:50.712+0000] {logging_mixin.py:188} INFO - [2024-04-16T21:33:50.712+0000] {dag.py:3047} INFO - Sync 1 DAGs
[2024-04-16T21:33:50.734+0000] {logging_mixin.py:188} INFO - [2024-04-16T21:33:50.734+0000] {dag.py:3834} INFO - Setting next_dagrun for latest_only to 2024-04-16 16:00:00+00:00, run_after=2024-04-16 20:00:00+00:00
[2024-04-16T21:33:50.753+0000] {processor.py:183} INFO - Processing /home/airflow/.local/lib/python3.10/site-packages/airflow/example_dags/example_latest_only.py took 0.068 seconds
[2024-04-16T21:34:21.672+0000] {processor.py:161} INFO - Started process (PID=107) to work on /home/airflow/.local/lib/python3.10/site-packages/airflow/example_dags/example_latest_only.py
[2024-04-16T21:34:21.673+0000] {processor.py:830} INFO - Processing file /home/airflow/.local/lib/python3.10/site-packages/airflow/example_dags/example_latest_only.py for tasks to queue
[2024-04-16T21:34:21.675+0000] {logging_mixin.py:188} INFO - [2024-04-16T21:34:21.675+0000] {dagbag.py:540} INFO - Filling up the DagBag from /home/airflow/.local/lib/python3.10/site-packages/airflow/example_dags/example_latest_only.py
[2024-04-16T21:34:21.680+0000] {processor.py:840} INFO - DAG(s) 'latest_only' retrieved from /home/airflow/.local/lib/python3.10/site-packages/airflow/example_dags/example_latest_only.py
[2024-04-16T21:34:21.761+0000] {logging_mixin.py:188} INFO - [2024-04-16T21:34:21.761+0000] {dag.py:3047} INFO - Sync 1 DAGs
[2024-04-16T21:34:21.778+0000] {logging_mixin.py:188} INFO - [2024-04-16T21:34:21.778+0000] {dag.py:3834} INFO - Setting next_dagrun for latest_only to 2024-04-16 16:00:00+00:00, run_after=2024-04-16 20:00:00+00:00
[2024-04-16T21:34:21.795+0000] {processor.py:183} INFO - Processing /home/airflow/.local/lib/python3.10/site-packages/airflow/example_dags/example_latest_only.py took 0.126 seconds
[2024-04-16T21:34:51.960+0000] {processor.py:161} INFO - Started process (PID=164) to work on /home/airflow/.local/lib/python3.10/site-packages/airflow/example_dags/example_latest_only.py
[2024-04-16T21:34:51.961+0000] {processor.py:830} INFO - Processing file /home/airflow/.local/lib/python3.10/site-packages/airflow/example_dags/example_latest_only.py for tasks to queue
[2024-04-16T21:34:51.963+0000] {logging_mixin.py:188} INFO - [2024-04-16T21:34:51.962+0000] {dagbag.py:540} INFO - Filling up the DagBag from /home/airflow/.local/lib/python3.10/site-packages/airflow/example_dags/example_latest_only.py
[2024-04-16T21:34:51.967+0000] {processor.py:840} INFO - DAG(s) 'latest_only' retrieved from /home/airflow/.local/lib/python3.10/site-packages/airflow/example_dags/example_latest_only.py
[2024-04-16T21:34:51.987+0000] {logging_mixin.py:188} INFO - [2024-04-16T21:34:51.987+0000] {dag.py:3047} INFO - Sync 1 DAGs
[2024-04-16T21:34:52.008+0000] {logging_mixin.py:188} INFO - [2024-04-16T21:34:52.008+0000] {dag.py:3834} INFO - Setting next_dagrun for latest_only to 2024-04-16 16:00:00+00:00, run_after=2024-04-16 20:00:00+00:00
[2024-04-16T21:34:52.027+0000] {processor.py:183} INFO - Processing /home/airflow/.local/lib/python3.10/site-packages/airflow/example_dags/example_latest_only.py took 0.070 seconds
[2024-04-16T21:35:22.128+0000] {processor.py:161} INFO - Started process (PID=221) to work on /home/airflow/.local/lib/python3.10/site-packages/airflow/example_dags/example_latest_only.py
[2024-04-16T21:35:22.129+0000] {processor.py:830} INFO - Processing file /home/airflow/.local/lib/python3.10/site-packages/airflow/example_dags/example_latest_only.py for tasks to queue
[2024-04-16T21:35:22.131+0000] {logging_mixin.py:188} INFO - [2024-04-16T21:35:22.131+0000] {dagbag.py:540} INFO - Filling up the DagBag from /home/airflow/.local/lib/python3.10/site-packages/airflow/example_dags/example_latest_only.py
[2024-04-16T21:35:22.136+0000] {processor.py:840} INFO - DAG(s) 'latest_only' retrieved from /home/airflow/.local/lib/python3.10/site-packages/airflow/example_dags/example_latest_only.py
[2024-04-16T21:35:22.153+0000] {logging_mixin.py:188} INFO - [2024-04-16T21:35:22.153+0000] {dag.py:3047} INFO - Sync 1 DAGs
[2024-04-16T21:35:22.172+0000] {logging_mixin.py:188} INFO - [2024-04-16T21:35:22.172+0000] {dag.py:3834} INFO - Setting next_dagrun for latest_only to 2024-04-16 16:00:00+00:00, run_after=2024-04-16 20:00:00+00:00
[2024-04-16T21:35:22.188+0000] {processor.py:183} INFO - Processing /home/airflow/.local/lib/python3.10/site-packages/airflow/example_dags/example_latest_only.py took 0.064 seconds
[2024-04-16T21:35:53.206+0000] {processor.py:161} INFO - Started process (PID=278) to work on /home/airflow/.local/lib/python3.10/site-packages/airflow/example_dags/example_latest_only.py
[2024-04-16T21:35:53.207+0000] {processor.py:830} INFO - Processing file /home/airflow/.local/lib/python3.10/site-packages/airflow/example_dags/example_latest_only.py for tasks to queue
[2024-04-16T21:35:53.209+0000] {logging_mixin.py:188} INFO - [2024-04-16T21:35:53.208+0000] {dagbag.py:540} INFO - Filling up the DagBag from /home/airflow/.local/lib/python3.10/site-packages/airflow/example_dags/example_latest_only.py
[2024-04-16T21:35:53.213+0000] {processor.py:840} INFO - DAG(s) 'latest_only' retrieved from /home/airflow/.local/lib/python3.10/site-packages/airflow/example_dags/example_latest_only.py
[2024-04-16T21:35:53.230+0000] {logging_mixin.py:188} INFO - [2024-04-16T21:35:53.230+0000] {dag.py:3047} INFO - Sync 1 DAGs
[2024-04-16T21:35:53.249+0000] {logging_mixin.py:188} INFO - [2024-04-16T21:35:53.248+0000] {dag.py:3834} INFO - Setting next_dagrun for latest_only to 2024-04-16 16:00:00+00:00, run_after=2024-04-16 20:00:00+00:00
[2024-04-16T21:35:53.267+0000] {processor.py:183} INFO - Processing /home/airflow/.local/lib/python3.10/site-packages/airflow/example_dags/example_latest_only.py took 0.064 seconds
[2024-04-16T21:36:23.675+0000] {processor.py:161} INFO - Started process (PID=335) to work on /home/airflow/.local/lib/python3.10/site-packages/airflow/example_dags/example_latest_only.py
[2024-04-16T21:36:23.676+0000] {processor.py:830} INFO - Processing file /home/airflow/.local/lib/python3.10/site-packages/airflow/example_dags/example_latest_only.py for tasks to queue
[2024-04-16T21:36:23.678+0000] {logging_mixin.py:188} INFO - [2024-04-16T21:36:23.678+0000] {dagbag.py:540} INFO - Filling up the DagBag from /home/airflow/.local/lib/python3.10/site-packages/airflow/example_dags/example_latest_only.py
[2024-04-16T21:36:23.682+0000] {processor.py:840} INFO - DAG(s) 'latest_only' retrieved from /home/airflow/.local/lib/python3.10/site-packages/airflow/example_dags/example_latest_only.py
[2024-04-16T21:36:23.701+0000] {logging_mixin.py:188} INFO - [2024-04-16T21:36:23.700+0000] {dag.py:3047} INFO - Sync 1 DAGs
[2024-04-16T21:36:23.720+0000] {logging_mixin.py:188} INFO - [2024-04-16T21:36:23.719+0000] {dag.py:3834} INFO - Setting next_dagrun for latest_only to 2024-04-16 16:00:00+00:00, run_after=2024-04-16 20:00:00+00:00
[2024-04-16T21:36:23.735+0000] {processor.py:183} INFO - Processing /home/airflow/.local/lib/python3.10/site-packages/airflow/example_dags/example_latest_only.py took 0.063 seconds
[2024-04-16T21:36:54.387+0000] {processor.py:161} INFO - Started process (PID=392) to work on /home/airflow/.local/lib/python3.10/site-packages/airflow/example_dags/example_latest_only.py
[2024-04-16T21:36:54.388+0000] {processor.py:830} INFO - Processing file /home/airflow/.local/lib/python3.10/site-packages/airflow/example_dags/example_latest_only.py for tasks to queue
[2024-04-16T21:36:54.391+0000] {logging_mixin.py:188} INFO - [2024-04-16T21:36:54.390+0000] {dagbag.py:540} INFO - Filling up the DagBag from /home/airflow/.local/lib/python3.10/site-packages/airflow/example_dags/example_latest_only.py
[2024-04-16T21:36:54.397+0000] {processor.py:840} INFO - DAG(s) 'latest_only' retrieved from /home/airflow/.local/lib/python3.10/site-packages/airflow/example_dags/example_latest_only.py
[2024-04-16T21:36:54.421+0000] {logging_mixin.py:188} INFO - [2024-04-16T21:36:54.421+0000] {dag.py:3047} INFO - Sync 1 DAGs
[2024-04-16T21:36:54.448+0000] {logging_mixin.py:188} INFO - [2024-04-16T21:36:54.448+0000] {dag.py:3834} INFO - Setting next_dagrun for latest_only to 2024-04-16 16:00:00+00:00, run_after=2024-04-16 20:00:00+00:00
[2024-04-16T21:36:54.472+0000] {processor.py:183} INFO - Processing /home/airflow/.local/lib/python3.10/site-packages/airflow/example_dags/example_latest_only.py took 0.088 seconds
[2024-04-16T21:37:24.944+0000] {processor.py:161} INFO - Started process (PID=449) to work on /home/airflow/.local/lib/python3.10/site-packages/airflow/example_dags/example_latest_only.py
[2024-04-16T21:37:24.945+0000] {processor.py:830} INFO - Processing file /home/airflow/.local/lib/python3.10/site-packages/airflow/example_dags/example_latest_only.py for tasks to queue
[2024-04-16T21:37:24.947+0000] {logging_mixin.py:188} INFO - [2024-04-16T21:37:24.947+0000] {dagbag.py:540} INFO - Filling up the DagBag from /home/airflow/.local/lib/python3.10/site-packages/airflow/example_dags/example_latest_only.py
[2024-04-16T21:37:24.952+0000] {processor.py:840} INFO - DAG(s) 'latest_only' retrieved from /home/airflow/.local/lib/python3.10/site-packages/airflow/example_dags/example_latest_only.py
[2024-04-16T21:37:24.969+0000] {logging_mixin.py:188} INFO - [2024-04-16T21:37:24.969+0000] {dag.py:3047} INFO - Sync 1 DAGs
[2024-04-16T21:37:24.991+0000] {logging_mixin.py:188} INFO - [2024-04-16T21:37:24.991+0000] {dag.py:3834} INFO - Setting next_dagrun for latest_only to 2024-04-16 16:00:00+00:00, run_after=2024-04-16 20:00:00+00:00
[2024-04-16T21:37:25.009+0000] {processor.py:183} INFO - Processing /home/airflow/.local/lib/python3.10/site-packages/airflow/example_dags/example_latest_only.py took 0.068 seconds
[2024-04-16T21:37:55.518+0000] {processor.py:161} INFO - Started process (PID=506) to work on /home/airflow/.local/lib/python3.10/site-packages/airflow/example_dags/example_latest_only.py
[2024-04-16T21:37:55.519+0000] {processor.py:830} INFO - Processing file /home/airflow/.local/lib/python3.10/site-packages/airflow/example_dags/example_latest_only.py for tasks to queue
[2024-04-16T21:37:55.520+0000] {logging_mixin.py:188} INFO - [2024-04-16T21:37:55.520+0000] {dagbag.py:540} INFO - Filling up the DagBag from /home/airflow/.local/lib/python3.10/site-packages/airflow/example_dags/example_latest_only.py
[2024-04-16T21:37:55.525+0000] {processor.py:840} INFO - DAG(s) 'latest_only' retrieved from /home/airflow/.local/lib/python3.10/site-packages/airflow/example_dags/example_latest_only.py
[2024-04-16T21:37:55.543+0000] {logging_mixin.py:188} INFO - [2024-04-16T21:37:55.543+0000] {dag.py:3047} INFO - Sync 1 DAGs
[2024-04-16T21:37:55.562+0000] {logging_mixin.py:188} INFO - [2024-04-16T21:37:55.562+0000] {dag.py:3834} INFO - Setting next_dagrun for latest_only to 2024-04-16 16:00:00+00:00, run_after=2024-04-16 20:00:00+00:00
[2024-04-16T21:37:55.580+0000] {processor.py:183} INFO - Processing /home/airflow/.local/lib/python3.10/site-packages/airflow/example_dags/example_latest_only.py took 0.066 seconds
[2024-04-16T21:38:26.222+0000] {processor.py:161} INFO - Started process (PID=563) to work on /home/airflow/.local/lib/python3.10/site-packages/airflow/example_dags/example_latest_only.py
[2024-04-16T21:38:26.223+0000] {processor.py:830} INFO - Processing file /home/airflow/.local/lib/python3.10/site-packages/airflow/example_dags/example_latest_only.py for tasks to queue
[2024-04-16T21:38:26.225+0000] {logging_mixin.py:188} INFO - [2024-04-16T21:38:26.224+0000] {dagbag.py:540} INFO - Filling up the DagBag from /home/airflow/.local/lib/python3.10/site-packages/airflow/example_dags/example_latest_only.py
[2024-04-16T21:38:26.229+0000] {processor.py:840} INFO - DAG(s) 'latest_only' retrieved from /home/airflow/.local/lib/python3.10/site-packages/airflow/example_dags/example_latest_only.py
[2024-04-16T21:38:26.247+0000] {logging_mixin.py:188} INFO - [2024-04-16T21:38:26.247+0000] {dag.py:3047} INFO - Sync 1 DAGs
[2024-04-16T21:38:26.267+0000] {logging_mixin.py:188} INFO - [2024-04-16T21:38:26.266+0000] {dag.py:3834} INFO - Setting next_dagrun for latest_only to 2024-04-16 16:00:00+00:00, run_after=2024-04-16 20:00:00+00:00
[2024-04-16T21:38:26.284+0000] {processor.py:183} INFO - Processing /home/airflow/.local/lib/python3.10/site-packages/airflow/example_dags/example_latest_only.py took 0.065 seconds
[2024-04-16T21:38:56.822+0000] {processor.py:161} INFO - Started process (PID=620) to work on /home/airflow/.local/lib/python3.10/site-packages/airflow/example_dags/example_latest_only.py
[2024-04-16T21:38:56.824+0000] {processor.py:830} INFO - Processing file /home/airflow/.local/lib/python3.10/site-packages/airflow/example_dags/example_latest_only.py for tasks to queue
[2024-04-16T21:38:56.825+0000] {logging_mixin.py:188} INFO - [2024-04-16T21:38:56.825+0000] {dagbag.py:540} INFO - Filling up the DagBag from /home/airflow/.local/lib/python3.10/site-packages/airflow/example_dags/example_latest_only.py
[2024-04-16T21:38:56.831+0000] {processor.py:840} INFO - DAG(s) 'latest_only' retrieved from /home/airflow/.local/lib/python3.10/site-packages/airflow/example_dags/example_latest_only.py
[2024-04-16T21:38:56.849+0000] {logging_mixin.py:188} INFO - [2024-04-16T21:38:56.849+0000] {dag.py:3047} INFO - Sync 1 DAGs
[2024-04-16T21:38:56.870+0000] {logging_mixin.py:188} INFO - [2024-04-16T21:38:56.869+0000] {dag.py:3834} INFO - Setting next_dagrun for latest_only to 2024-04-16 16:00:00+00:00, run_after=2024-04-16 20:00:00+00:00
[2024-04-16T21:38:56.888+0000] {processor.py:183} INFO - Processing /home/airflow/.local/lib/python3.10/site-packages/airflow/example_dags/example_latest_only.py took 0.069 seconds
[2024-04-16T21:39:27.551+0000] {processor.py:161} INFO - Started process (PID=677) to work on /home/airflow/.local/lib/python3.10/site-packages/airflow/example_dags/example_latest_only.py
[2024-04-16T21:39:27.552+0000] {processor.py:830} INFO - Processing file /home/airflow/.local/lib/python3.10/site-packages/airflow/example_dags/example_latest_only.py for tasks to queue
[2024-04-16T21:39:27.555+0000] {logging_mixin.py:188} INFO - [2024-04-16T21:39:27.555+0000] {dagbag.py:540} INFO - Filling up the DagBag from /home/airflow/.local/lib/python3.10/site-packages/airflow/example_dags/example_latest_only.py
[2024-04-16T21:39:27.561+0000] {processor.py:840} INFO - DAG(s) 'latest_only' retrieved from /home/airflow/.local/lib/python3.10/site-packages/airflow/example_dags/example_latest_only.py
[2024-04-16T21:39:27.581+0000] {logging_mixin.py:188} INFO - [2024-04-16T21:39:27.581+0000] {dag.py:3047} INFO - Sync 1 DAGs
[2024-04-16T21:39:27.605+0000] {logging_mixin.py:188} INFO - [2024-04-16T21:39:27.605+0000] {dag.py:3834} INFO - Setting next_dagrun for latest_only to 2024-04-16 16:00:00+00:00, run_after=2024-04-16 20:00:00+00:00
[2024-04-16T21:39:27.626+0000] {processor.py:183} INFO - Processing /home/airflow/.local/lib/python3.10/site-packages/airflow/example_dags/example_latest_only.py took 0.079 seconds
[2024-04-16T21:39:58.206+0000] {processor.py:161} INFO - Started process (PID=734) to work on /home/airflow/.local/lib/python3.10/site-packages/airflow/example_dags/example_latest_only.py
[2024-04-16T21:39:58.207+0000] {processor.py:830} INFO - Processing file /home/airflow/.local/lib/python3.10/site-packages/airflow/example_dags/example_latest_only.py for tasks to queue
[2024-04-16T21:39:58.209+0000] {logging_mixin.py:188} INFO - [2024-04-16T21:39:58.209+0000] {dagbag.py:540} INFO - Filling up the DagBag from /home/airflow/.local/lib/python3.10/site-packages/airflow/example_dags/example_latest_only.py
[2024-04-16T21:39:58.214+0000] {processor.py:840} INFO - DAG(s) 'latest_only' retrieved from /home/airflow/.local/lib/python3.10/site-packages/airflow/example_dags/example_latest_only.py
[2024-04-16T21:39:58.233+0000] {logging_mixin.py:188} INFO - [2024-04-16T21:39:58.233+0000] {dag.py:3047} INFO - Sync 1 DAGs
[2024-04-16T21:39:58.254+0000] {logging_mixin.py:188} INFO - [2024-04-16T21:39:58.254+0000] {dag.py:3834} INFO - Setting next_dagrun for latest_only to 2024-04-16 16:00:00+00:00, run_after=2024-04-16 20:00:00+00:00
[2024-04-16T21:39:58.273+0000] {processor.py:183} INFO - Processing /home/airflow/.local/lib/python3.10/site-packages/airflow/example_dags/example_latest_only.py took 0.071 seconds
[2024-04-16T21:40:28.836+0000] {processor.py:161} INFO - Started process (PID=791) to work on /home/airflow/.local/lib/python3.10/site-packages/airflow/example_dags/example_latest_only.py
[2024-04-16T21:40:28.837+0000] {processor.py:830} INFO - Processing file /home/airflow/.local/lib/python3.10/site-packages/airflow/example_dags/example_latest_only.py for tasks to queue
[2024-04-16T21:40:28.839+0000] {logging_mixin.py:188} INFO - [2024-04-16T21:40:28.839+0000] {dagbag.py:540} INFO - Filling up the DagBag from /home/airflow/.local/lib/python3.10/site-packages/airflow/example_dags/example_latest_only.py
[2024-04-16T21:40:28.843+0000] {processor.py:840} INFO - DAG(s) 'latest_only' retrieved from /home/airflow/.local/lib/python3.10/site-packages/airflow/example_dags/example_latest_only.py
[2024-04-16T21:40:28.861+0000] {logging_mixin.py:188} INFO - [2024-04-16T21:40:28.861+0000] {dag.py:3047} INFO - Sync 1 DAGs
[2024-04-16T21:40:28.882+0000] {logging_mixin.py:188} INFO - [2024-04-16T21:40:28.882+0000] {dag.py:3834} INFO - Setting next_dagrun for latest_only to 2024-04-16 16:00:00+00:00, run_after=2024-04-16 20:00:00+00:00
[2024-04-16T21:40:28.899+0000] {processor.py:183} INFO - Processing /home/airflow/.local/lib/python3.10/site-packages/airflow/example_dags/example_latest_only.py took 0.066 seconds
[2024-04-16T21:40:59.397+0000] {processor.py:161} INFO - Started process (PID=848) to work on /home/airflow/.local/lib/python3.10/site-packages/airflow/example_dags/example_latest_only.py
[2024-04-16T21:40:59.398+0000] {processor.py:830} INFO - Processing file /home/airflow/.local/lib/python3.10/site-packages/airflow/example_dags/example_latest_only.py for tasks to queue
[2024-04-16T21:40:59.399+0000] {logging_mixin.py:188} INFO - [2024-04-16T21:40:59.399+0000] {dagbag.py:540} INFO - Filling up the DagBag from /home/airflow/.local/lib/python3.10/site-packages/airflow/example_dags/example_latest_only.py
[2024-04-16T21:40:59.404+0000] {processor.py:840} INFO - DAG(s) 'latest_only' retrieved from /home/airflow/.local/lib/python3.10/site-packages/airflow/example_dags/example_latest_only.py
[2024-04-16T21:40:59.421+0000] {logging_mixin.py:188} INFO - [2024-04-16T21:40:59.421+0000] {dag.py:3047} INFO - Sync 1 DAGs
[2024-04-16T21:40:59.441+0000] {logging_mixin.py:188} INFO - [2024-04-16T21:40:59.441+0000] {dag.py:3834} INFO - Setting next_dagrun for latest_only to 2024-04-16 16:00:00+00:00, run_after=2024-04-16 20:00:00+00:00
[2024-04-16T21:40:59.457+0000] {processor.py:183} INFO - Processing /home/airflow/.local/lib/python3.10/site-packages/airflow/example_dags/example_latest_only.py took 0.063 seconds
[2024-04-16T21:41:29.865+0000] {processor.py:161} INFO - Started process (PID=905) to work on /home/airflow/.local/lib/python3.10/site-packages/airflow/example_dags/example_latest_only.py
[2024-04-16T21:41:29.866+0000] {processor.py:830} INFO - Processing file /home/airflow/.local/lib/python3.10/site-packages/airflow/example_dags/example_latest_only.py for tasks to queue
[2024-04-16T21:41:29.868+0000] {logging_mixin.py:188} INFO - [2024-04-16T21:41:29.868+0000] {dagbag.py:540} INFO - Filling up the DagBag from /home/airflow/.local/lib/python3.10/site-packages/airflow/example_dags/example_latest_only.py
[2024-04-16T21:41:29.872+0000] {processor.py:840} INFO - DAG(s) 'latest_only' retrieved from /home/airflow/.local/lib/python3.10/site-packages/airflow/example_dags/example_latest_only.py
[2024-04-16T21:41:29.889+0000] {logging_mixin.py:188} INFO - [2024-04-16T21:41:29.889+0000] {dag.py:3047} INFO - Sync 1 DAGs
[2024-04-16T21:41:29.909+0000] {logging_mixin.py:188} INFO - [2024-04-16T21:41:29.909+0000] {dag.py:3834} INFO - Setting next_dagrun for latest_only to 2024-04-16 16:00:00+00:00, run_after=2024-04-16 20:00:00+00:00
[2024-04-16T21:41:29.927+0000] {processor.py:183} INFO - Processing /home/airflow/.local/lib/python3.10/site-packages/airflow/example_dags/example_latest_only.py took 0.064 seconds
[2024-04-16T21:42:00.362+0000] {processor.py:161} INFO - Started process (PID=962) to work on /home/airflow/.local/lib/python3.10/site-packages/airflow/example_dags/example_latest_only.py
[2024-04-16T21:42:00.363+0000] {processor.py:830} INFO - Processing file /home/airflow/.local/lib/python3.10/site-packages/airflow/example_dags/example_latest_only.py for tasks to queue
[2024-04-16T21:42:00.365+0000] {logging_mixin.py:188} INFO - [2024-04-16T21:42:00.364+0000] {dagbag.py:540} INFO - Filling up the DagBag from /home/airflow/.local/lib/python3.10/site-packages/airflow/example_dags/example_latest_only.py
[2024-04-16T21:42:00.369+0000] {processor.py:840} INFO - DAG(s) 'latest_only' retrieved from /home/airflow/.local/lib/python3.10/site-packages/airflow/example_dags/example_latest_only.py
[2024-04-16T21:42:00.387+0000] {logging_mixin.py:188} INFO - [2024-04-16T21:42:00.387+0000] {dag.py:3047} INFO - Sync 1 DAGs
[2024-04-16T21:42:00.406+0000] {logging_mixin.py:188} INFO - [2024-04-16T21:42:00.406+0000] {dag.py:3834} INFO - Setting next_dagrun for latest_only to 2024-04-16 16:00:00+00:00, run_after=2024-04-16 20:00:00+00:00
[2024-04-16T21:42:00.424+0000] {processor.py:183} INFO - Processing /home/airflow/.local/lib/python3.10/site-packages/airflow/example_dags/example_latest_only.py took 0.065 seconds
[2024-04-16T21:42:30.779+0000] {processor.py:161} INFO - Started process (PID=1019) to work on /home/airflow/.local/lib/python3.10/site-packages/airflow/example_dags/example_latest_only.py
[2024-04-16T21:42:30.780+0000] {processor.py:830} INFO - Processing file /home/airflow/.local/lib/python3.10/site-packages/airflow/example_dags/example_latest_only.py for tasks to queue
[2024-04-16T21:42:30.782+0000] {logging_mixin.py:188} INFO - [2024-04-16T21:42:30.782+0000] {dagbag.py:540} INFO - Filling up the DagBag from /home/airflow/.local/lib/python3.10/site-packages/airflow/example_dags/example_latest_only.py
[2024-04-16T21:42:30.786+0000] {processor.py:840} INFO - DAG(s) 'latest_only' retrieved from /home/airflow/.local/lib/python3.10/site-packages/airflow/example_dags/example_latest_only.py
[2024-04-16T21:42:30.803+0000] {logging_mixin.py:188} INFO - [2024-04-16T21:42:30.803+0000] {dag.py:3047} INFO - Sync 1 DAGs
[2024-04-16T21:42:30.822+0000] {logging_mixin.py:188} INFO - [2024-04-16T21:42:30.822+0000] {dag.py:3834} INFO - Setting next_dagrun for latest_only to 2024-04-16 16:00:00+00:00, run_after=2024-04-16 20:00:00+00:00
[2024-04-16T21:42:30.840+0000] {processor.py:183} INFO - Processing /home/airflow/.local/lib/python3.10/site-packages/airflow/example_dags/example_latest_only.py took 0.064 seconds
[2024-04-16T21:43:01.329+0000] {processor.py:161} INFO - Started process (PID=1076) to work on /home/airflow/.local/lib/python3.10/site-packages/airflow/example_dags/example_latest_only.py
[2024-04-16T21:43:01.330+0000] {processor.py:830} INFO - Processing file /home/airflow/.local/lib/python3.10/site-packages/airflow/example_dags/example_latest_only.py for tasks to queue
[2024-04-16T21:43:01.332+0000] {logging_mixin.py:188} INFO - [2024-04-16T21:43:01.332+0000] {dagbag.py:540} INFO - Filling up the DagBag from /home/airflow/.local/lib/python3.10/site-packages/airflow/example_dags/example_latest_only.py
[2024-04-16T21:43:01.336+0000] {processor.py:840} INFO - DAG(s) 'latest_only' retrieved from /home/airflow/.local/lib/python3.10/site-packages/airflow/example_dags/example_latest_only.py
[2024-04-16T21:43:01.353+0000] {logging_mixin.py:188} INFO - [2024-04-16T21:43:01.352+0000] {dag.py:3047} INFO - Sync 1 DAGs
[2024-04-16T21:43:01.371+0000] {logging_mixin.py:188} INFO - [2024-04-16T21:43:01.371+0000] {dag.py:3834} INFO - Setting next_dagrun for latest_only to 2024-04-16 16:00:00+00:00, run_after=2024-04-16 20:00:00+00:00
[2024-04-16T21:43:01.388+0000] {processor.py:183} INFO - Processing /home/airflow/.local/lib/python3.10/site-packages/airflow/example_dags/example_latest_only.py took 0.061 seconds
[2024-04-16T21:43:31.901+0000] {processor.py:161} INFO - Started process (PID=1133) to work on /home/airflow/.local/lib/python3.10/site-packages/airflow/example_dags/example_latest_only.py
[2024-04-16T21:43:31.902+0000] {processor.py:830} INFO - Processing file /home/airflow/.local/lib/python3.10/site-packages/airflow/example_dags/example_latest_only.py for tasks to queue
[2024-04-16T21:43:31.904+0000] {logging_mixin.py:188} INFO - [2024-04-16T21:43:31.904+0000] {dagbag.py:540} INFO - Filling up the DagBag from /home/airflow/.local/lib/python3.10/site-packages/airflow/example_dags/example_latest_only.py
[2024-04-16T21:43:31.909+0000] {processor.py:840} INFO - DAG(s) 'latest_only' retrieved from /home/airflow/.local/lib/python3.10/site-packages/airflow/example_dags/example_latest_only.py
[2024-04-16T21:43:31.926+0000] {logging_mixin.py:188} INFO - [2024-04-16T21:43:31.926+0000] {dag.py:3047} INFO - Sync 1 DAGs
[2024-04-16T21:43:31.945+0000] {logging_mixin.py:188} INFO - [2024-04-16T21:43:31.945+0000] {dag.py:3834} INFO - Setting next_dagrun for latest_only to 2024-04-16 16:00:00+00:00, run_after=2024-04-16 20:00:00+00:00
[2024-04-16T21:43:31.962+0000] {processor.py:183} INFO - Processing /home/airflow/.local/lib/python3.10/site-packages/airflow/example_dags/example_latest_only.py took 0.064 seconds
[2024-04-16T21:44:02.511+0000] {processor.py:161} INFO - Started process (PID=1190) to work on /home/airflow/.local/lib/python3.10/site-packages/airflow/example_dags/example_latest_only.py
[2024-04-16T21:44:02.511+0000] {processor.py:830} INFO - Processing file /home/airflow/.local/lib/python3.10/site-packages/airflow/example_dags/example_latest_only.py for tasks to queue
[2024-04-16T21:44:02.513+0000] {logging_mixin.py:188} INFO - [2024-04-16T21:44:02.513+0000] {dagbag.py:540} INFO - Filling up the DagBag from /home/airflow/.local/lib/python3.10/site-packages/airflow/example_dags/example_latest_only.py
[2024-04-16T21:44:02.518+0000] {processor.py:840} INFO - DAG(s) 'latest_only' retrieved from /home/airflow/.local/lib/python3.10/site-packages/airflow/example_dags/example_latest_only.py
[2024-04-16T21:44:02.536+0000] {logging_mixin.py:188} INFO - [2024-04-16T21:44:02.536+0000] {dag.py:3047} INFO - Sync 1 DAGs
[2024-04-16T21:44:02.557+0000] {logging_mixin.py:188} INFO - [2024-04-16T21:44:02.557+0000] {dag.py:3834} INFO - Setting next_dagrun for latest_only to 2024-04-16 16:00:00+00:00, run_after=2024-04-16 20:00:00+00:00
[2024-04-16T21:44:02.574+0000] {processor.py:183} INFO - Processing /home/airflow/.local/lib/python3.10/site-packages/airflow/example_dags/example_latest_only.py took 0.067 seconds
[2024-04-16T21:44:33.003+0000] {processor.py:161} INFO - Started process (PID=1247) to work on /home/airflow/.local/lib/python3.10/site-packages/airflow/example_dags/example_latest_only.py
[2024-04-16T21:44:33.005+0000] {processor.py:830} INFO - Processing file /home/airflow/.local/lib/python3.10/site-packages/airflow/example_dags/example_latest_only.py for tasks to queue
[2024-04-16T21:44:33.006+0000] {logging_mixin.py:188} INFO - [2024-04-16T21:44:33.006+0000] {dagbag.py:540} INFO - Filling up the DagBag from /home/airflow/.local/lib/python3.10/site-packages/airflow/example_dags/example_latest_only.py
[2024-04-16T21:44:33.011+0000] {processor.py:840} INFO - DAG(s) 'latest_only' retrieved from /home/airflow/.local/lib/python3.10/site-packages/airflow/example_dags/example_latest_only.py
[2024-04-16T21:44:33.028+0000] {logging_mixin.py:188} INFO - [2024-04-16T21:44:33.028+0000] {dag.py:3047} INFO - Sync 1 DAGs
[2024-04-16T21:44:33.048+0000] {logging_mixin.py:188} INFO - [2024-04-16T21:44:33.048+0000] {dag.py:3834} INFO - Setting next_dagrun for latest_only to 2024-04-16 16:00:00+00:00, run_after=2024-04-16 20:00:00+00:00
[2024-04-16T21:44:33.065+0000] {processor.py:183} INFO - Processing /home/airflow/.local/lib/python3.10/site-packages/airflow/example_dags/example_latest_only.py took 0.065 seconds
[2024-04-16T21:45:03.684+0000] {processor.py:161} INFO - Started process (PID=1304) to work on /home/airflow/.local/lib/python3.10/site-packages/airflow/example_dags/example_latest_only.py
[2024-04-16T21:45:03.685+0000] {processor.py:830} INFO - Processing file /home/airflow/.local/lib/python3.10/site-packages/airflow/example_dags/example_latest_only.py for tasks to queue
[2024-04-16T21:45:03.687+0000] {logging_mixin.py:188} INFO - [2024-04-16T21:45:03.686+0000] {dagbag.py:540} INFO - Filling up the DagBag from /home/airflow/.local/lib/python3.10/site-packages/airflow/example_dags/example_latest_only.py
[2024-04-16T21:45:03.691+0000] {processor.py:840} INFO - DAG(s) 'latest_only' retrieved from /home/airflow/.local/lib/python3.10/site-packages/airflow/example_dags/example_latest_only.py
[2024-04-16T21:45:03.710+0000] {logging_mixin.py:188} INFO - [2024-04-16T21:45:03.709+0000] {dag.py:3047} INFO - Sync 1 DAGs
[2024-04-16T21:45:03.730+0000] {logging_mixin.py:188} INFO - [2024-04-16T21:45:03.729+0000] {dag.py:3834} INFO - Setting next_dagrun for latest_only to 2024-04-16 16:00:00+00:00, run_after=2024-04-16 20:00:00+00:00
[2024-04-16T21:45:03.746+0000] {processor.py:183} INFO - Processing /home/airflow/.local/lib/python3.10/site-packages/airflow/example_dags/example_latest_only.py took 0.065 seconds
[2024-04-16T21:45:34.212+0000] {processor.py:161} INFO - Started process (PID=1361) to work on /home/airflow/.local/lib/python3.10/site-packages/airflow/example_dags/example_latest_only.py
[2024-04-16T21:45:34.214+0000] {processor.py:830} INFO - Processing file /home/airflow/.local/lib/python3.10/site-packages/airflow/example_dags/example_latest_only.py for tasks to queue
[2024-04-16T21:45:34.216+0000] {logging_mixin.py:188} INFO - [2024-04-16T21:45:34.216+0000] {dagbag.py:540} INFO - Filling up the DagBag from /home/airflow/.local/lib/python3.10/site-packages/airflow/example_dags/example_latest_only.py
[2024-04-16T21:45:34.222+0000] {processor.py:840} INFO - DAG(s) 'latest_only' retrieved from /home/airflow/.local/lib/python3.10/site-packages/airflow/example_dags/example_latest_only.py
[2024-04-16T21:45:34.244+0000] {logging_mixin.py:188} INFO - [2024-04-16T21:45:34.243+0000] {dag.py:3047} INFO - Sync 1 DAGs
[2024-04-16T21:45:34.273+0000] {logging_mixin.py:188} INFO - [2024-04-16T21:45:34.272+0000] {dag.py:3834} INFO - Setting next_dagrun for latest_only to 2024-04-16 16:00:00+00:00, run_after=2024-04-16 20:00:00+00:00
[2024-04-16T21:45:34.290+0000] {processor.py:183} INFO - Processing /home/airflow/.local/lib/python3.10/site-packages/airflow/example_dags/example_latest_only.py took 0.082 seconds
