[2024-04-16T21:29:10.375+0000] {processor.py:161} INFO - Started process (PID=35) to work on /home/airflow/.local/lib/python3.10/site-packages/airflow/example_dags/example_subdag_operator.py
[2024-04-16T21:29:10.376+0000] {processor.py:830} INFO - Processing file /home/airflow/.local/lib/python3.10/site-packages/airflow/example_dags/example_subdag_operator.py for tasks to queue
[2024-04-16T21:29:10.378+0000] {logging_mixin.py:188} INFO - [2024-04-16T21:29:10.377+0000] {dagbag.py:540} INFO - Filling up the DagBag from /home/airflow/.local/lib/python3.10/site-packages/airflow/example_dags/example_subdag_operator.py
[2024-04-16T21:29:10.411+0000] {processor.py:840} INFO - DAG(s) 'example_subdag_operator.section-1', 'example_subdag_operator.section-2', 'example_subdag_operator' retrieved from /home/airflow/.local/lib/python3.10/site-packages/airflow/example_dags/example_subdag_operator.py
[2024-04-16T21:29:10.436+0000] {logging_mixin.py:188} INFO - [2024-04-16T21:29:10.436+0000] {dag.py:3047} INFO - Sync 3 DAGs
[2024-04-16T21:29:10.477+0000] {logging_mixin.py:188} INFO - [2024-04-16T21:29:10.477+0000] {dag.py:3834} INFO - Setting next_dagrun for example_subdag_operator to 2022-01-01 00:00:00+00:00, run_after=2022-01-01 00:00:00+00:00
[2024-04-16T21:29:10.481+0000] {logging_mixin.py:188} INFO - [2024-04-16T21:29:10.481+0000] {dag.py:3834} INFO - Setting next_dagrun for example_subdag_operator.section-1 to None, run_after=None
[2024-04-16T21:29:10.483+0000] {logging_mixin.py:188} INFO - [2024-04-16T21:29:10.483+0000] {dag.py:3834} INFO - Setting next_dagrun for example_subdag_operator.section-2 to None, run_after=None
[2024-04-16T21:29:10.490+0000] {logging_mixin.py:188} INFO - [2024-04-16T21:29:10.490+0000] {dag.py:3047} INFO - Sync 2 DAGs
[2024-04-16T21:29:10.495+0000] {logging_mixin.py:188} INFO - [2024-04-16T21:29:10.495+0000] {dag.py:3834} INFO - Setting next_dagrun for example_subdag_operator.section-1 to None, run_after=None
[2024-04-16T21:29:10.496+0000] {logging_mixin.py:188} INFO - [2024-04-16T21:29:10.496+0000] {dag.py:3834} INFO - Setting next_dagrun for example_subdag_operator.section-2 to None, run_after=None
[2024-04-16T21:29:10.508+0000] {processor.py:183} INFO - Processing /home/airflow/.local/lib/python3.10/site-packages/airflow/example_dags/example_subdag_operator.py took 0.136 seconds
[2024-04-16T21:29:41.024+0000] {processor.py:161} INFO - Started process (PID=90) to work on /home/airflow/.local/lib/python3.10/site-packages/airflow/example_dags/example_subdag_operator.py
[2024-04-16T21:29:41.025+0000] {processor.py:830} INFO - Processing file /home/airflow/.local/lib/python3.10/site-packages/airflow/example_dags/example_subdag_operator.py for tasks to queue
[2024-04-16T21:29:41.027+0000] {logging_mixin.py:188} INFO - [2024-04-16T21:29:41.026+0000] {dagbag.py:540} INFO - Filling up the DagBag from /home/airflow/.local/lib/python3.10/site-packages/airflow/example_dags/example_subdag_operator.py
[2024-04-16T21:29:41.048+0000] {processor.py:840} INFO - DAG(s) 'example_subdag_operator.section-1', 'example_subdag_operator.section-2', 'example_subdag_operator' retrieved from /home/airflow/.local/lib/python3.10/site-packages/airflow/example_dags/example_subdag_operator.py
[2024-04-16T21:29:41.198+0000] {logging_mixin.py:188} INFO - [2024-04-16T21:29:41.198+0000] {dag.py:3047} INFO - Sync 3 DAGs
[2024-04-16T21:29:41.218+0000] {logging_mixin.py:188} INFO - [2024-04-16T21:29:41.217+0000] {dag.py:3834} INFO - Setting next_dagrun for example_subdag_operator to 2022-01-01 00:00:00+00:00, run_after=2022-01-01 00:00:00+00:00
[2024-04-16T21:29:41.220+0000] {logging_mixin.py:188} INFO - [2024-04-16T21:29:41.220+0000] {dag.py:3834} INFO - Setting next_dagrun for example_subdag_operator.section-1 to None, run_after=None
[2024-04-16T21:29:41.222+0000] {logging_mixin.py:188} INFO - [2024-04-16T21:29:41.221+0000] {dag.py:3834} INFO - Setting next_dagrun for example_subdag_operator.section-2 to None, run_after=None
[2024-04-16T21:29:41.229+0000] {logging_mixin.py:188} INFO - [2024-04-16T21:29:41.228+0000] {dag.py:3047} INFO - Sync 2 DAGs
[2024-04-16T21:29:41.233+0000] {logging_mixin.py:188} INFO - [2024-04-16T21:29:41.233+0000] {dag.py:3834} INFO - Setting next_dagrun for example_subdag_operator.section-1 to None, run_after=None
[2024-04-16T21:29:41.234+0000] {logging_mixin.py:188} INFO - [2024-04-16T21:29:41.234+0000] {dag.py:3834} INFO - Setting next_dagrun for example_subdag_operator.section-2 to None, run_after=None
[2024-04-16T21:29:41.244+0000] {processor.py:183} INFO - Processing /home/airflow/.local/lib/python3.10/site-packages/airflow/example_dags/example_subdag_operator.py took 0.223 seconds
[2024-04-16T21:30:11.482+0000] {processor.py:161} INFO - Started process (PID=145) to work on /home/airflow/.local/lib/python3.10/site-packages/airflow/example_dags/example_subdag_operator.py
[2024-04-16T21:30:11.483+0000] {processor.py:830} INFO - Processing file /home/airflow/.local/lib/python3.10/site-packages/airflow/example_dags/example_subdag_operator.py for tasks to queue
[2024-04-16T21:30:11.485+0000] {logging_mixin.py:188} INFO - [2024-04-16T21:30:11.485+0000] {dagbag.py:540} INFO - Filling up the DagBag from /home/airflow/.local/lib/python3.10/site-packages/airflow/example_dags/example_subdag_operator.py
[2024-04-16T21:30:11.512+0000] {processor.py:840} INFO - DAG(s) 'example_subdag_operator.section-1', 'example_subdag_operator.section-2', 'example_subdag_operator' retrieved from /home/airflow/.local/lib/python3.10/site-packages/airflow/example_dags/example_subdag_operator.py
[2024-04-16T21:30:11.527+0000] {logging_mixin.py:188} INFO - [2024-04-16T21:30:11.526+0000] {dag.py:3047} INFO - Sync 3 DAGs
[2024-04-16T21:30:11.551+0000] {logging_mixin.py:188} INFO - [2024-04-16T21:30:11.551+0000] {dag.py:3834} INFO - Setting next_dagrun for example_subdag_operator to 2022-01-01 00:00:00+00:00, run_after=2022-01-01 00:00:00+00:00
[2024-04-16T21:30:11.555+0000] {logging_mixin.py:188} INFO - [2024-04-16T21:30:11.555+0000] {dag.py:3834} INFO - Setting next_dagrun for example_subdag_operator.section-1 to None, run_after=None
[2024-04-16T21:30:11.557+0000] {logging_mixin.py:188} INFO - [2024-04-16T21:30:11.556+0000] {dag.py:3834} INFO - Setting next_dagrun for example_subdag_operator.section-2 to None, run_after=None
[2024-04-16T21:30:11.565+0000] {logging_mixin.py:188} INFO - [2024-04-16T21:30:11.564+0000] {dag.py:3047} INFO - Sync 2 DAGs
[2024-04-16T21:30:11.570+0000] {logging_mixin.py:188} INFO - [2024-04-16T21:30:11.570+0000] {dag.py:3834} INFO - Setting next_dagrun for example_subdag_operator.section-1 to None, run_after=None
[2024-04-16T21:30:11.570+0000] {logging_mixin.py:188} INFO - [2024-04-16T21:30:11.570+0000] {dag.py:3834} INFO - Setting next_dagrun for example_subdag_operator.section-2 to None, run_after=None
[2024-04-16T21:30:11.581+0000] {processor.py:183} INFO - Processing /home/airflow/.local/lib/python3.10/site-packages/airflow/example_dags/example_subdag_operator.py took 0.103 seconds
[2024-04-16T21:30:41.924+0000] {processor.py:161} INFO - Started process (PID=200) to work on /home/airflow/.local/lib/python3.10/site-packages/airflow/example_dags/example_subdag_operator.py
[2024-04-16T21:30:41.925+0000] {processor.py:830} INFO - Processing file /home/airflow/.local/lib/python3.10/site-packages/airflow/example_dags/example_subdag_operator.py for tasks to queue
[2024-04-16T21:30:41.926+0000] {logging_mixin.py:188} INFO - [2024-04-16T21:30:41.926+0000] {dagbag.py:540} INFO - Filling up the DagBag from /home/airflow/.local/lib/python3.10/site-packages/airflow/example_dags/example_subdag_operator.py
[2024-04-16T21:30:41.947+0000] {processor.py:840} INFO - DAG(s) 'example_subdag_operator.section-1', 'example_subdag_operator.section-2', 'example_subdag_operator' retrieved from /home/airflow/.local/lib/python3.10/site-packages/airflow/example_dags/example_subdag_operator.py
[2024-04-16T21:30:41.962+0000] {logging_mixin.py:188} INFO - [2024-04-16T21:30:41.961+0000] {dag.py:3047} INFO - Sync 3 DAGs
[2024-04-16T21:30:41.980+0000] {logging_mixin.py:188} INFO - [2024-04-16T21:30:41.980+0000] {dag.py:3834} INFO - Setting next_dagrun for example_subdag_operator to 2022-01-01 00:00:00+00:00, run_after=2022-01-01 00:00:00+00:00
[2024-04-16T21:30:41.985+0000] {logging_mixin.py:188} INFO - [2024-04-16T21:30:41.984+0000] {dag.py:3834} INFO - Setting next_dagrun for example_subdag_operator.section-1 to None, run_after=None
[2024-04-16T21:30:41.987+0000] {logging_mixin.py:188} INFO - [2024-04-16T21:30:41.986+0000] {dag.py:3834} INFO - Setting next_dagrun for example_subdag_operator.section-2 to None, run_after=None
[2024-04-16T21:30:41.993+0000] {logging_mixin.py:188} INFO - [2024-04-16T21:30:41.993+0000] {dag.py:3047} INFO - Sync 2 DAGs
[2024-04-16T21:30:41.998+0000] {logging_mixin.py:188} INFO - [2024-04-16T21:30:41.998+0000] {dag.py:3834} INFO - Setting next_dagrun for example_subdag_operator.section-1 to None, run_after=None
[2024-04-16T21:30:41.999+0000] {logging_mixin.py:188} INFO - [2024-04-16T21:30:41.999+0000] {dag.py:3834} INFO - Setting next_dagrun for example_subdag_operator.section-2 to None, run_after=None
[2024-04-16T21:30:42.009+0000] {processor.py:183} INFO - Processing /home/airflow/.local/lib/python3.10/site-packages/airflow/example_dags/example_subdag_operator.py took 0.088 seconds
[2024-04-16T21:31:12.690+0000] {processor.py:161} INFO - Started process (PID=255) to work on /home/airflow/.local/lib/python3.10/site-packages/airflow/example_dags/example_subdag_operator.py
[2024-04-16T21:31:12.691+0000] {processor.py:830} INFO - Processing file /home/airflow/.local/lib/python3.10/site-packages/airflow/example_dags/example_subdag_operator.py for tasks to queue
[2024-04-16T21:31:12.692+0000] {logging_mixin.py:188} INFO - [2024-04-16T21:31:12.692+0000] {dagbag.py:540} INFO - Filling up the DagBag from /home/airflow/.local/lib/python3.10/site-packages/airflow/example_dags/example_subdag_operator.py
[2024-04-16T21:31:12.713+0000] {processor.py:840} INFO - DAG(s) 'example_subdag_operator.section-1', 'example_subdag_operator.section-2', 'example_subdag_operator' retrieved from /home/airflow/.local/lib/python3.10/site-packages/airflow/example_dags/example_subdag_operator.py
[2024-04-16T21:31:12.727+0000] {logging_mixin.py:188} INFO - [2024-04-16T21:31:12.727+0000] {dag.py:3047} INFO - Sync 3 DAGs
[2024-04-16T21:31:12.746+0000] {logging_mixin.py:188} INFO - [2024-04-16T21:31:12.746+0000] {dag.py:3834} INFO - Setting next_dagrun for example_subdag_operator to 2022-01-01 00:00:00+00:00, run_after=2022-01-01 00:00:00+00:00
[2024-04-16T21:31:12.750+0000] {logging_mixin.py:188} INFO - [2024-04-16T21:31:12.750+0000] {dag.py:3834} INFO - Setting next_dagrun for example_subdag_operator.section-1 to None, run_after=None
[2024-04-16T21:31:12.752+0000] {logging_mixin.py:188} INFO - [2024-04-16T21:31:12.752+0000] {dag.py:3834} INFO - Setting next_dagrun for example_subdag_operator.section-2 to None, run_after=None
[2024-04-16T21:31:12.758+0000] {logging_mixin.py:188} INFO - [2024-04-16T21:31:12.758+0000] {dag.py:3047} INFO - Sync 2 DAGs
[2024-04-16T21:31:12.763+0000] {logging_mixin.py:188} INFO - [2024-04-16T21:31:12.763+0000] {dag.py:3834} INFO - Setting next_dagrun for example_subdag_operator.section-1 to None, run_after=None
[2024-04-16T21:31:12.764+0000] {logging_mixin.py:188} INFO - [2024-04-16T21:31:12.764+0000] {dag.py:3834} INFO - Setting next_dagrun for example_subdag_operator.section-2 to None, run_after=None
[2024-04-16T21:31:12.774+0000] {processor.py:183} INFO - Processing /home/airflow/.local/lib/python3.10/site-packages/airflow/example_dags/example_subdag_operator.py took 0.088 seconds
[2024-04-16T21:32:11.350+0000] {processor.py:161} INFO - Started process (PID=37) to work on /home/airflow/.local/lib/python3.10/site-packages/airflow/example_dags/example_subdag_operator.py
[2024-04-16T21:32:11.351+0000] {processor.py:830} INFO - Processing file /home/airflow/.local/lib/python3.10/site-packages/airflow/example_dags/example_subdag_operator.py for tasks to queue
[2024-04-16T21:32:11.353+0000] {logging_mixin.py:188} INFO - [2024-04-16T21:32:11.353+0000] {dagbag.py:540} INFO - Filling up the DagBag from /home/airflow/.local/lib/python3.10/site-packages/airflow/example_dags/example_subdag_operator.py
[2024-04-16T21:32:11.380+0000] {processor.py:840} INFO - DAG(s) 'example_subdag_operator.section-1', 'example_subdag_operator.section-2', 'example_subdag_operator' retrieved from /home/airflow/.local/lib/python3.10/site-packages/airflow/example_dags/example_subdag_operator.py
[2024-04-16T21:32:11.383+0000] {logging_mixin.py:188} INFO - [2024-04-16T21:32:11.383+0000] {dag.py:3047} INFO - Sync 3 DAGs
[2024-04-16T21:32:11.406+0000] {logging_mixin.py:188} INFO - [2024-04-16T21:32:11.405+0000] {dag.py:3834} INFO - Setting next_dagrun for example_subdag_operator to 2022-01-01 00:00:00+00:00, run_after=2022-01-01 00:00:00+00:00
[2024-04-16T21:32:11.409+0000] {logging_mixin.py:188} INFO - [2024-04-16T21:32:11.409+0000] {dag.py:3834} INFO - Setting next_dagrun for example_subdag_operator.section-1 to None, run_after=None
[2024-04-16T21:32:11.410+0000] {logging_mixin.py:188} INFO - [2024-04-16T21:32:11.410+0000] {dag.py:3834} INFO - Setting next_dagrun for example_subdag_operator.section-2 to None, run_after=None
[2024-04-16T21:32:11.416+0000] {logging_mixin.py:188} INFO - [2024-04-16T21:32:11.416+0000] {dag.py:3047} INFO - Sync 2 DAGs
[2024-04-16T21:32:11.423+0000] {logging_mixin.py:188} INFO - [2024-04-16T21:32:11.423+0000] {dag.py:3834} INFO - Setting next_dagrun for example_subdag_operator.section-1 to None, run_after=None
[2024-04-16T21:32:11.424+0000] {logging_mixin.py:188} INFO - [2024-04-16T21:32:11.423+0000] {dag.py:3834} INFO - Setting next_dagrun for example_subdag_operator.section-2 to None, run_after=None
[2024-04-16T21:32:11.437+0000] {processor.py:183} INFO - Processing /home/airflow/.local/lib/python3.10/site-packages/airflow/example_dags/example_subdag_operator.py took 0.091 seconds
[2024-04-16T21:32:42.260+0000] {processor.py:161} INFO - Started process (PID=94) to work on /home/airflow/.local/lib/python3.10/site-packages/airflow/example_dags/example_subdag_operator.py
[2024-04-16T21:32:42.261+0000] {processor.py:830} INFO - Processing file /home/airflow/.local/lib/python3.10/site-packages/airflow/example_dags/example_subdag_operator.py for tasks to queue
[2024-04-16T21:32:42.264+0000] {logging_mixin.py:188} INFO - [2024-04-16T21:32:42.263+0000] {dagbag.py:540} INFO - Filling up the DagBag from /home/airflow/.local/lib/python3.10/site-packages/airflow/example_dags/example_subdag_operator.py
[2024-04-16T21:32:42.284+0000] {processor.py:840} INFO - DAG(s) 'example_subdag_operator.section-1', 'example_subdag_operator.section-2', 'example_subdag_operator' retrieved from /home/airflow/.local/lib/python3.10/site-packages/airflow/example_dags/example_subdag_operator.py
[2024-04-16T21:32:42.380+0000] {logging_mixin.py:188} INFO - [2024-04-16T21:32:42.380+0000] {dag.py:3047} INFO - Sync 3 DAGs
[2024-04-16T21:32:42.398+0000] {logging_mixin.py:188} INFO - [2024-04-16T21:32:42.398+0000] {dag.py:3834} INFO - Setting next_dagrun for example_subdag_operator to 2022-01-01 00:00:00+00:00, run_after=2022-01-01 00:00:00+00:00
[2024-04-16T21:32:42.401+0000] {logging_mixin.py:188} INFO - [2024-04-16T21:32:42.401+0000] {dag.py:3834} INFO - Setting next_dagrun for example_subdag_operator.section-1 to None, run_after=None
[2024-04-16T21:32:42.403+0000] {logging_mixin.py:188} INFO - [2024-04-16T21:32:42.403+0000] {dag.py:3834} INFO - Setting next_dagrun for example_subdag_operator.section-2 to None, run_after=None
[2024-04-16T21:32:42.411+0000] {logging_mixin.py:188} INFO - [2024-04-16T21:32:42.411+0000] {dag.py:3047} INFO - Sync 2 DAGs
[2024-04-16T21:32:42.415+0000] {logging_mixin.py:188} INFO - [2024-04-16T21:32:42.415+0000] {dag.py:3834} INFO - Setting next_dagrun for example_subdag_operator.section-1 to None, run_after=None
[2024-04-16T21:32:42.416+0000] {logging_mixin.py:188} INFO - [2024-04-16T21:32:42.416+0000] {dag.py:3834} INFO - Setting next_dagrun for example_subdag_operator.section-2 to None, run_after=None
[2024-04-16T21:32:42.426+0000] {processor.py:183} INFO - Processing /home/airflow/.local/lib/python3.10/site-packages/airflow/example_dags/example_subdag_operator.py took 0.170 seconds
[2024-04-16T21:33:49.353+0000] {processor.py:161} INFO - Started process (PID=37) to work on /home/airflow/.local/lib/python3.10/site-packages/airflow/example_dags/example_subdag_operator.py
[2024-04-16T21:33:49.354+0000] {processor.py:830} INFO - Processing file /home/airflow/.local/lib/python3.10/site-packages/airflow/example_dags/example_subdag_operator.py for tasks to queue
[2024-04-16T21:33:49.356+0000] {logging_mixin.py:188} INFO - [2024-04-16T21:33:49.356+0000] {dagbag.py:540} INFO - Filling up the DagBag from /home/airflow/.local/lib/python3.10/site-packages/airflow/example_dags/example_subdag_operator.py
[2024-04-16T21:33:49.380+0000] {processor.py:840} INFO - DAG(s) 'example_subdag_operator.section-1', 'example_subdag_operator.section-2', 'example_subdag_operator' retrieved from /home/airflow/.local/lib/python3.10/site-packages/airflow/example_dags/example_subdag_operator.py
[2024-04-16T21:33:49.386+0000] {logging_mixin.py:188} INFO - [2024-04-16T21:33:49.386+0000] {dag.py:3047} INFO - Sync 3 DAGs
[2024-04-16T21:33:49.407+0000] {logging_mixin.py:188} INFO - [2024-04-16T21:33:49.407+0000] {dag.py:3834} INFO - Setting next_dagrun for example_subdag_operator to 2022-01-01 00:00:00+00:00, run_after=2022-01-01 00:00:00+00:00
[2024-04-16T21:33:49.411+0000] {logging_mixin.py:188} INFO - [2024-04-16T21:33:49.411+0000] {dag.py:3834} INFO - Setting next_dagrun for example_subdag_operator.section-1 to None, run_after=None
[2024-04-16T21:33:49.413+0000] {logging_mixin.py:188} INFO - [2024-04-16T21:33:49.412+0000] {dag.py:3834} INFO - Setting next_dagrun for example_subdag_operator.section-2 to None, run_after=None
[2024-04-16T21:33:49.420+0000] {logging_mixin.py:188} INFO - [2024-04-16T21:33:49.420+0000] {dag.py:3047} INFO - Sync 2 DAGs
[2024-04-16T21:33:49.425+0000] {logging_mixin.py:188} INFO - [2024-04-16T21:33:49.425+0000] {dag.py:3834} INFO - Setting next_dagrun for example_subdag_operator.section-1 to None, run_after=None
[2024-04-16T21:33:49.426+0000] {logging_mixin.py:188} INFO - [2024-04-16T21:33:49.426+0000] {dag.py:3834} INFO - Setting next_dagrun for example_subdag_operator.section-2 to None, run_after=None
[2024-04-16T21:33:49.438+0000] {processor.py:183} INFO - Processing /home/airflow/.local/lib/python3.10/site-packages/airflow/example_dags/example_subdag_operator.py took 0.089 seconds
[2024-04-16T21:34:19.475+0000] {processor.py:161} INFO - Started process (PID=92) to work on /home/airflow/.local/lib/python3.10/site-packages/airflow/example_dags/example_subdag_operator.py
[2024-04-16T21:34:19.476+0000] {processor.py:830} INFO - Processing file /home/airflow/.local/lib/python3.10/site-packages/airflow/example_dags/example_subdag_operator.py for tasks to queue
[2024-04-16T21:34:19.478+0000] {logging_mixin.py:188} INFO - [2024-04-16T21:34:19.477+0000] {dagbag.py:540} INFO - Filling up the DagBag from /home/airflow/.local/lib/python3.10/site-packages/airflow/example_dags/example_subdag_operator.py
[2024-04-16T21:34:19.500+0000] {processor.py:840} INFO - DAG(s) 'example_subdag_operator.section-1', 'example_subdag_operator.section-2', 'example_subdag_operator' retrieved from /home/airflow/.local/lib/python3.10/site-packages/airflow/example_dags/example_subdag_operator.py
[2024-04-16T21:34:19.579+0000] {logging_mixin.py:188} INFO - [2024-04-16T21:34:19.579+0000] {dag.py:3047} INFO - Sync 3 DAGs
[2024-04-16T21:34:19.596+0000] {logging_mixin.py:188} INFO - [2024-04-16T21:34:19.596+0000] {dag.py:3834} INFO - Setting next_dagrun for example_subdag_operator to 2022-01-01 00:00:00+00:00, run_after=2022-01-01 00:00:00+00:00
[2024-04-16T21:34:19.598+0000] {logging_mixin.py:188} INFO - [2024-04-16T21:34:19.598+0000] {dag.py:3834} INFO - Setting next_dagrun for example_subdag_operator.section-1 to None, run_after=None
[2024-04-16T21:34:19.599+0000] {logging_mixin.py:188} INFO - [2024-04-16T21:34:19.599+0000] {dag.py:3834} INFO - Setting next_dagrun for example_subdag_operator.section-2 to None, run_after=None
[2024-04-16T21:34:19.606+0000] {logging_mixin.py:188} INFO - [2024-04-16T21:34:19.606+0000] {dag.py:3047} INFO - Sync 2 DAGs
[2024-04-16T21:34:19.610+0000] {logging_mixin.py:188} INFO - [2024-04-16T21:34:19.610+0000] {dag.py:3834} INFO - Setting next_dagrun for example_subdag_operator.section-1 to None, run_after=None
[2024-04-16T21:34:19.611+0000] {logging_mixin.py:188} INFO - [2024-04-16T21:34:19.611+0000] {dag.py:3834} INFO - Setting next_dagrun for example_subdag_operator.section-2 to None, run_after=None
[2024-04-16T21:34:19.621+0000] {processor.py:183} INFO - Processing /home/airflow/.local/lib/python3.10/site-packages/airflow/example_dags/example_subdag_operator.py took 0.149 seconds
[2024-04-16T21:34:49.843+0000] {processor.py:161} INFO - Started process (PID=149) to work on /home/airflow/.local/lib/python3.10/site-packages/airflow/example_dags/example_subdag_operator.py
[2024-04-16T21:34:49.844+0000] {processor.py:830} INFO - Processing file /home/airflow/.local/lib/python3.10/site-packages/airflow/example_dags/example_subdag_operator.py for tasks to queue
[2024-04-16T21:34:49.846+0000] {logging_mixin.py:188} INFO - [2024-04-16T21:34:49.845+0000] {dagbag.py:540} INFO - Filling up the DagBag from /home/airflow/.local/lib/python3.10/site-packages/airflow/example_dags/example_subdag_operator.py
[2024-04-16T21:34:49.871+0000] {processor.py:840} INFO - DAG(s) 'example_subdag_operator.section-1', 'example_subdag_operator.section-2', 'example_subdag_operator' retrieved from /home/airflow/.local/lib/python3.10/site-packages/airflow/example_dags/example_subdag_operator.py
[2024-04-16T21:34:49.886+0000] {logging_mixin.py:188} INFO - [2024-04-16T21:34:49.886+0000] {dag.py:3047} INFO - Sync 3 DAGs
[2024-04-16T21:34:49.907+0000] {logging_mixin.py:188} INFO - [2024-04-16T21:34:49.907+0000] {dag.py:3834} INFO - Setting next_dagrun for example_subdag_operator to 2022-01-01 00:00:00+00:00, run_after=2022-01-01 00:00:00+00:00
[2024-04-16T21:34:49.911+0000] {logging_mixin.py:188} INFO - [2024-04-16T21:34:49.911+0000] {dag.py:3834} INFO - Setting next_dagrun for example_subdag_operator.section-1 to None, run_after=None
[2024-04-16T21:34:49.912+0000] {logging_mixin.py:188} INFO - [2024-04-16T21:34:49.912+0000] {dag.py:3834} INFO - Setting next_dagrun for example_subdag_operator.section-2 to None, run_after=None
[2024-04-16T21:34:49.920+0000] {logging_mixin.py:188} INFO - [2024-04-16T21:34:49.920+0000] {dag.py:3047} INFO - Sync 2 DAGs
[2024-04-16T21:34:49.924+0000] {logging_mixin.py:188} INFO - [2024-04-16T21:34:49.924+0000] {dag.py:3834} INFO - Setting next_dagrun for example_subdag_operator.section-1 to None, run_after=None
[2024-04-16T21:34:49.925+0000] {logging_mixin.py:188} INFO - [2024-04-16T21:34:49.925+0000] {dag.py:3834} INFO - Setting next_dagrun for example_subdag_operator.section-2 to None, run_after=None
[2024-04-16T21:34:49.936+0000] {processor.py:183} INFO - Processing /home/airflow/.local/lib/python3.10/site-packages/airflow/example_dags/example_subdag_operator.py took 0.097 seconds
[2024-04-16T21:35:20.132+0000] {processor.py:161} INFO - Started process (PID=206) to work on /home/airflow/.local/lib/python3.10/site-packages/airflow/example_dags/example_subdag_operator.py
[2024-04-16T21:35:20.133+0000] {processor.py:830} INFO - Processing file /home/airflow/.local/lib/python3.10/site-packages/airflow/example_dags/example_subdag_operator.py for tasks to queue
[2024-04-16T21:35:20.134+0000] {logging_mixin.py:188} INFO - [2024-04-16T21:35:20.134+0000] {dagbag.py:540} INFO - Filling up the DagBag from /home/airflow/.local/lib/python3.10/site-packages/airflow/example_dags/example_subdag_operator.py
[2024-04-16T21:35:20.158+0000] {processor.py:840} INFO - DAG(s) 'example_subdag_operator.section-1', 'example_subdag_operator.section-2', 'example_subdag_operator' retrieved from /home/airflow/.local/lib/python3.10/site-packages/airflow/example_dags/example_subdag_operator.py
[2024-04-16T21:35:20.174+0000] {logging_mixin.py:188} INFO - [2024-04-16T21:35:20.174+0000] {dag.py:3047} INFO - Sync 3 DAGs
[2024-04-16T21:35:20.195+0000] {logging_mixin.py:188} INFO - [2024-04-16T21:35:20.195+0000] {dag.py:3834} INFO - Setting next_dagrun for example_subdag_operator to 2022-01-01 00:00:00+00:00, run_after=2022-01-01 00:00:00+00:00
[2024-04-16T21:35:20.199+0000] {logging_mixin.py:188} INFO - [2024-04-16T21:35:20.199+0000] {dag.py:3834} INFO - Setting next_dagrun for example_subdag_operator.section-1 to None, run_after=None
[2024-04-16T21:35:20.201+0000] {logging_mixin.py:188} INFO - [2024-04-16T21:35:20.201+0000] {dag.py:3834} INFO - Setting next_dagrun for example_subdag_operator.section-2 to None, run_after=None
[2024-04-16T21:35:20.209+0000] {logging_mixin.py:188} INFO - [2024-04-16T21:35:20.209+0000] {dag.py:3047} INFO - Sync 2 DAGs
[2024-04-16T21:35:20.215+0000] {logging_mixin.py:188} INFO - [2024-04-16T21:35:20.215+0000] {dag.py:3834} INFO - Setting next_dagrun for example_subdag_operator.section-1 to None, run_after=None
[2024-04-16T21:35:20.216+0000] {logging_mixin.py:188} INFO - [2024-04-16T21:35:20.216+0000] {dag.py:3834} INFO - Setting next_dagrun for example_subdag_operator.section-2 to None, run_after=None
[2024-04-16T21:35:20.227+0000] {processor.py:183} INFO - Processing /home/airflow/.local/lib/python3.10/site-packages/airflow/example_dags/example_subdag_operator.py took 0.098 seconds
[2024-04-16T21:35:50.274+0000] {processor.py:161} INFO - Started process (PID=263) to work on /home/airflow/.local/lib/python3.10/site-packages/airflow/example_dags/example_subdag_operator.py
[2024-04-16T21:35:50.275+0000] {processor.py:830} INFO - Processing file /home/airflow/.local/lib/python3.10/site-packages/airflow/example_dags/example_subdag_operator.py for tasks to queue
[2024-04-16T21:35:50.277+0000] {logging_mixin.py:188} INFO - [2024-04-16T21:35:50.277+0000] {dagbag.py:540} INFO - Filling up the DagBag from /home/airflow/.local/lib/python3.10/site-packages/airflow/example_dags/example_subdag_operator.py
[2024-04-16T21:35:50.298+0000] {processor.py:840} INFO - DAG(s) 'example_subdag_operator.section-1', 'example_subdag_operator.section-2', 'example_subdag_operator' retrieved from /home/airflow/.local/lib/python3.10/site-packages/airflow/example_dags/example_subdag_operator.py
[2024-04-16T21:35:50.313+0000] {logging_mixin.py:188} INFO - [2024-04-16T21:35:50.312+0000] {dag.py:3047} INFO - Sync 3 DAGs
[2024-04-16T21:35:50.333+0000] {logging_mixin.py:188} INFO - [2024-04-16T21:35:50.333+0000] {dag.py:3834} INFO - Setting next_dagrun for example_subdag_operator to 2022-01-01 00:00:00+00:00, run_after=2022-01-01 00:00:00+00:00
[2024-04-16T21:35:50.337+0000] {logging_mixin.py:188} INFO - [2024-04-16T21:35:50.337+0000] {dag.py:3834} INFO - Setting next_dagrun for example_subdag_operator.section-1 to None, run_after=None
[2024-04-16T21:35:50.339+0000] {logging_mixin.py:188} INFO - [2024-04-16T21:35:50.338+0000] {dag.py:3834} INFO - Setting next_dagrun for example_subdag_operator.section-2 to None, run_after=None
[2024-04-16T21:35:50.345+0000] {logging_mixin.py:188} INFO - [2024-04-16T21:35:50.345+0000] {dag.py:3047} INFO - Sync 2 DAGs
[2024-04-16T21:35:50.350+0000] {logging_mixin.py:188} INFO - [2024-04-16T21:35:50.350+0000] {dag.py:3834} INFO - Setting next_dagrun for example_subdag_operator.section-1 to None, run_after=None
[2024-04-16T21:35:50.350+0000] {logging_mixin.py:188} INFO - [2024-04-16T21:35:50.350+0000] {dag.py:3834} INFO - Setting next_dagrun for example_subdag_operator.section-2 to None, run_after=None
[2024-04-16T21:35:50.360+0000] {processor.py:183} INFO - Processing /home/airflow/.local/lib/python3.10/site-packages/airflow/example_dags/example_subdag_operator.py took 0.089 seconds
[2024-04-16T21:36:20.870+0000] {processor.py:161} INFO - Started process (PID=320) to work on /home/airflow/.local/lib/python3.10/site-packages/airflow/example_dags/example_subdag_operator.py
[2024-04-16T21:36:20.871+0000] {processor.py:830} INFO - Processing file /home/airflow/.local/lib/python3.10/site-packages/airflow/example_dags/example_subdag_operator.py for tasks to queue
[2024-04-16T21:36:20.873+0000] {logging_mixin.py:188} INFO - [2024-04-16T21:36:20.873+0000] {dagbag.py:540} INFO - Filling up the DagBag from /home/airflow/.local/lib/python3.10/site-packages/airflow/example_dags/example_subdag_operator.py
[2024-04-16T21:36:20.894+0000] {processor.py:840} INFO - DAG(s) 'example_subdag_operator.section-1', 'example_subdag_operator.section-2', 'example_subdag_operator' retrieved from /home/airflow/.local/lib/python3.10/site-packages/airflow/example_dags/example_subdag_operator.py
[2024-04-16T21:36:20.906+0000] {logging_mixin.py:188} INFO - [2024-04-16T21:36:20.906+0000] {dag.py:3047} INFO - Sync 3 DAGs
[2024-04-16T21:36:20.925+0000] {logging_mixin.py:188} INFO - [2024-04-16T21:36:20.925+0000] {dag.py:3834} INFO - Setting next_dagrun for example_subdag_operator to 2022-01-01 00:00:00+00:00, run_after=2022-01-01 00:00:00+00:00
[2024-04-16T21:36:20.928+0000] {logging_mixin.py:188} INFO - [2024-04-16T21:36:20.928+0000] {dag.py:3834} INFO - Setting next_dagrun for example_subdag_operator.section-1 to None, run_after=None
[2024-04-16T21:36:20.930+0000] {logging_mixin.py:188} INFO - [2024-04-16T21:36:20.930+0000] {dag.py:3834} INFO - Setting next_dagrun for example_subdag_operator.section-2 to None, run_after=None
[2024-04-16T21:36:20.937+0000] {logging_mixin.py:188} INFO - [2024-04-16T21:36:20.937+0000] {dag.py:3047} INFO - Sync 2 DAGs
[2024-04-16T21:36:20.941+0000] {logging_mixin.py:188} INFO - [2024-04-16T21:36:20.941+0000] {dag.py:3834} INFO - Setting next_dagrun for example_subdag_operator.section-1 to None, run_after=None
[2024-04-16T21:36:20.942+0000] {logging_mixin.py:188} INFO - [2024-04-16T21:36:20.942+0000] {dag.py:3834} INFO - Setting next_dagrun for example_subdag_operator.section-2 to None, run_after=None
[2024-04-16T21:36:20.952+0000] {processor.py:183} INFO - Processing /home/airflow/.local/lib/python3.10/site-packages/airflow/example_dags/example_subdag_operator.py took 0.084 seconds
[2024-04-16T21:36:51.408+0000] {processor.py:161} INFO - Started process (PID=377) to work on /home/airflow/.local/lib/python3.10/site-packages/airflow/example_dags/example_subdag_operator.py
[2024-04-16T21:36:51.409+0000] {processor.py:830} INFO - Processing file /home/airflow/.local/lib/python3.10/site-packages/airflow/example_dags/example_subdag_operator.py for tasks to queue
[2024-04-16T21:36:51.411+0000] {logging_mixin.py:188} INFO - [2024-04-16T21:36:51.411+0000] {dagbag.py:540} INFO - Filling up the DagBag from /home/airflow/.local/lib/python3.10/site-packages/airflow/example_dags/example_subdag_operator.py
[2024-04-16T21:36:51.432+0000] {processor.py:840} INFO - DAG(s) 'example_subdag_operator.section-1', 'example_subdag_operator.section-2', 'example_subdag_operator' retrieved from /home/airflow/.local/lib/python3.10/site-packages/airflow/example_dags/example_subdag_operator.py
[2024-04-16T21:36:51.447+0000] {logging_mixin.py:188} INFO - [2024-04-16T21:36:51.447+0000] {dag.py:3047} INFO - Sync 3 DAGs
[2024-04-16T21:36:51.467+0000] {logging_mixin.py:188} INFO - [2024-04-16T21:36:51.466+0000] {dag.py:3834} INFO - Setting next_dagrun for example_subdag_operator to 2022-01-01 00:00:00+00:00, run_after=2022-01-01 00:00:00+00:00
[2024-04-16T21:36:51.470+0000] {logging_mixin.py:188} INFO - [2024-04-16T21:36:51.470+0000] {dag.py:3834} INFO - Setting next_dagrun for example_subdag_operator.section-1 to None, run_after=None
[2024-04-16T21:36:51.472+0000] {logging_mixin.py:188} INFO - [2024-04-16T21:36:51.472+0000] {dag.py:3834} INFO - Setting next_dagrun for example_subdag_operator.section-2 to None, run_after=None
[2024-04-16T21:36:51.478+0000] {logging_mixin.py:188} INFO - [2024-04-16T21:36:51.478+0000] {dag.py:3047} INFO - Sync 2 DAGs
[2024-04-16T21:36:51.483+0000] {logging_mixin.py:188} INFO - [2024-04-16T21:36:51.483+0000] {dag.py:3834} INFO - Setting next_dagrun for example_subdag_operator.section-1 to None, run_after=None
[2024-04-16T21:36:51.484+0000] {logging_mixin.py:188} INFO - [2024-04-16T21:36:51.484+0000] {dag.py:3834} INFO - Setting next_dagrun for example_subdag_operator.section-2 to None, run_after=None
[2024-04-16T21:36:51.495+0000] {processor.py:183} INFO - Processing /home/airflow/.local/lib/python3.10/site-packages/airflow/example_dags/example_subdag_operator.py took 0.089 seconds
[2024-04-16T21:37:22.047+0000] {processor.py:161} INFO - Started process (PID=434) to work on /home/airflow/.local/lib/python3.10/site-packages/airflow/example_dags/example_subdag_operator.py
[2024-04-16T21:37:22.048+0000] {processor.py:830} INFO - Processing file /home/airflow/.local/lib/python3.10/site-packages/airflow/example_dags/example_subdag_operator.py for tasks to queue
[2024-04-16T21:37:22.050+0000] {logging_mixin.py:188} INFO - [2024-04-16T21:37:22.049+0000] {dagbag.py:540} INFO - Filling up the DagBag from /home/airflow/.local/lib/python3.10/site-packages/airflow/example_dags/example_subdag_operator.py
[2024-04-16T21:37:22.071+0000] {processor.py:840} INFO - DAG(s) 'example_subdag_operator.section-1', 'example_subdag_operator.section-2', 'example_subdag_operator' retrieved from /home/airflow/.local/lib/python3.10/site-packages/airflow/example_dags/example_subdag_operator.py
[2024-04-16T21:37:22.086+0000] {logging_mixin.py:188} INFO - [2024-04-16T21:37:22.085+0000] {dag.py:3047} INFO - Sync 3 DAGs
[2024-04-16T21:37:22.105+0000] {logging_mixin.py:188} INFO - [2024-04-16T21:37:22.104+0000] {dag.py:3834} INFO - Setting next_dagrun for example_subdag_operator to 2022-01-01 00:00:00+00:00, run_after=2022-01-01 00:00:00+00:00
[2024-04-16T21:37:22.108+0000] {logging_mixin.py:188} INFO - [2024-04-16T21:37:22.108+0000] {dag.py:3834} INFO - Setting next_dagrun for example_subdag_operator.section-1 to None, run_after=None
[2024-04-16T21:37:22.110+0000] {logging_mixin.py:188} INFO - [2024-04-16T21:37:22.110+0000] {dag.py:3834} INFO - Setting next_dagrun for example_subdag_operator.section-2 to None, run_after=None
[2024-04-16T21:37:22.116+0000] {logging_mixin.py:188} INFO - [2024-04-16T21:37:22.116+0000] {dag.py:3047} INFO - Sync 2 DAGs
[2024-04-16T21:37:22.121+0000] {logging_mixin.py:188} INFO - [2024-04-16T21:37:22.121+0000] {dag.py:3834} INFO - Setting next_dagrun for example_subdag_operator.section-1 to None, run_after=None
[2024-04-16T21:37:22.122+0000] {logging_mixin.py:188} INFO - [2024-04-16T21:37:22.122+0000] {dag.py:3834} INFO - Setting next_dagrun for example_subdag_operator.section-2 to None, run_after=None
[2024-04-16T21:37:22.132+0000] {processor.py:183} INFO - Processing /home/airflow/.local/lib/python3.10/site-packages/airflow/example_dags/example_subdag_operator.py took 0.089 seconds
[2024-04-16T21:37:52.594+0000] {processor.py:161} INFO - Started process (PID=491) to work on /home/airflow/.local/lib/python3.10/site-packages/airflow/example_dags/example_subdag_operator.py
[2024-04-16T21:37:52.595+0000] {processor.py:830} INFO - Processing file /home/airflow/.local/lib/python3.10/site-packages/airflow/example_dags/example_subdag_operator.py for tasks to queue
[2024-04-16T21:37:52.598+0000] {logging_mixin.py:188} INFO - [2024-04-16T21:37:52.597+0000] {dagbag.py:540} INFO - Filling up the DagBag from /home/airflow/.local/lib/python3.10/site-packages/airflow/example_dags/example_subdag_operator.py
[2024-04-16T21:37:52.619+0000] {processor.py:840} INFO - DAG(s) 'example_subdag_operator.section-1', 'example_subdag_operator.section-2', 'example_subdag_operator' retrieved from /home/airflow/.local/lib/python3.10/site-packages/airflow/example_dags/example_subdag_operator.py
[2024-04-16T21:37:52.634+0000] {logging_mixin.py:188} INFO - [2024-04-16T21:37:52.634+0000] {dag.py:3047} INFO - Sync 3 DAGs
[2024-04-16T21:37:52.654+0000] {logging_mixin.py:188} INFO - [2024-04-16T21:37:52.653+0000] {dag.py:3834} INFO - Setting next_dagrun for example_subdag_operator to 2022-01-01 00:00:00+00:00, run_after=2022-01-01 00:00:00+00:00
[2024-04-16T21:37:52.658+0000] {logging_mixin.py:188} INFO - [2024-04-16T21:37:52.657+0000] {dag.py:3834} INFO - Setting next_dagrun for example_subdag_operator.section-1 to None, run_after=None
[2024-04-16T21:37:52.659+0000] {logging_mixin.py:188} INFO - [2024-04-16T21:37:52.659+0000] {dag.py:3834} INFO - Setting next_dagrun for example_subdag_operator.section-2 to None, run_after=None
[2024-04-16T21:37:52.666+0000] {logging_mixin.py:188} INFO - [2024-04-16T21:37:52.666+0000] {dag.py:3047} INFO - Sync 2 DAGs
[2024-04-16T21:37:52.671+0000] {logging_mixin.py:188} INFO - [2024-04-16T21:37:52.671+0000] {dag.py:3834} INFO - Setting next_dagrun for example_subdag_operator.section-1 to None, run_after=None
[2024-04-16T21:37:52.672+0000] {logging_mixin.py:188} INFO - [2024-04-16T21:37:52.672+0000] {dag.py:3834} INFO - Setting next_dagrun for example_subdag_operator.section-2 to None, run_after=None
[2024-04-16T21:37:52.684+0000] {processor.py:183} INFO - Processing /home/airflow/.local/lib/python3.10/site-packages/airflow/example_dags/example_subdag_operator.py took 0.092 seconds
[2024-04-16T21:38:23.283+0000] {processor.py:161} INFO - Started process (PID=548) to work on /home/airflow/.local/lib/python3.10/site-packages/airflow/example_dags/example_subdag_operator.py
[2024-04-16T21:38:23.284+0000] {processor.py:830} INFO - Processing file /home/airflow/.local/lib/python3.10/site-packages/airflow/example_dags/example_subdag_operator.py for tasks to queue
[2024-04-16T21:38:23.287+0000] {logging_mixin.py:188} INFO - [2024-04-16T21:38:23.286+0000] {dagbag.py:540} INFO - Filling up the DagBag from /home/airflow/.local/lib/python3.10/site-packages/airflow/example_dags/example_subdag_operator.py
[2024-04-16T21:38:23.309+0000] {processor.py:840} INFO - DAG(s) 'example_subdag_operator.section-1', 'example_subdag_operator.section-2', 'example_subdag_operator' retrieved from /home/airflow/.local/lib/python3.10/site-packages/airflow/example_dags/example_subdag_operator.py
[2024-04-16T21:38:23.326+0000] {logging_mixin.py:188} INFO - [2024-04-16T21:38:23.326+0000] {dag.py:3047} INFO - Sync 3 DAGs
[2024-04-16T21:38:23.349+0000] {logging_mixin.py:188} INFO - [2024-04-16T21:38:23.349+0000] {dag.py:3834} INFO - Setting next_dagrun for example_subdag_operator to 2022-01-01 00:00:00+00:00, run_after=2022-01-01 00:00:00+00:00
[2024-04-16T21:38:23.355+0000] {logging_mixin.py:188} INFO - [2024-04-16T21:38:23.354+0000] {dag.py:3834} INFO - Setting next_dagrun for example_subdag_operator.section-1 to None, run_after=None
[2024-04-16T21:38:23.357+0000] {logging_mixin.py:188} INFO - [2024-04-16T21:38:23.357+0000] {dag.py:3834} INFO - Setting next_dagrun for example_subdag_operator.section-2 to None, run_after=None
[2024-04-16T21:38:23.366+0000] {logging_mixin.py:188} INFO - [2024-04-16T21:38:23.366+0000] {dag.py:3047} INFO - Sync 2 DAGs
[2024-04-16T21:38:23.373+0000] {logging_mixin.py:188} INFO - [2024-04-16T21:38:23.373+0000] {dag.py:3834} INFO - Setting next_dagrun for example_subdag_operator.section-1 to None, run_after=None
[2024-04-16T21:38:23.374+0000] {logging_mixin.py:188} INFO - [2024-04-16T21:38:23.374+0000] {dag.py:3834} INFO - Setting next_dagrun for example_subdag_operator.section-2 to None, run_after=None
[2024-04-16T21:38:23.388+0000] {processor.py:183} INFO - Processing /home/airflow/.local/lib/python3.10/site-packages/airflow/example_dags/example_subdag_operator.py took 0.108 seconds
[2024-04-16T21:38:53.880+0000] {processor.py:161} INFO - Started process (PID=605) to work on /home/airflow/.local/lib/python3.10/site-packages/airflow/example_dags/example_subdag_operator.py
[2024-04-16T21:38:53.881+0000] {processor.py:830} INFO - Processing file /home/airflow/.local/lib/python3.10/site-packages/airflow/example_dags/example_subdag_operator.py for tasks to queue
[2024-04-16T21:38:53.882+0000] {logging_mixin.py:188} INFO - [2024-04-16T21:38:53.882+0000] {dagbag.py:540} INFO - Filling up the DagBag from /home/airflow/.local/lib/python3.10/site-packages/airflow/example_dags/example_subdag_operator.py
[2024-04-16T21:38:53.904+0000] {processor.py:840} INFO - DAG(s) 'example_subdag_operator.section-1', 'example_subdag_operator.section-2', 'example_subdag_operator' retrieved from /home/airflow/.local/lib/python3.10/site-packages/airflow/example_dags/example_subdag_operator.py
[2024-04-16T21:38:53.918+0000] {logging_mixin.py:188} INFO - [2024-04-16T21:38:53.918+0000] {dag.py:3047} INFO - Sync 3 DAGs
[2024-04-16T21:38:53.940+0000] {logging_mixin.py:188} INFO - [2024-04-16T21:38:53.940+0000] {dag.py:3834} INFO - Setting next_dagrun for example_subdag_operator to 2022-01-01 00:00:00+00:00, run_after=2022-01-01 00:00:00+00:00
[2024-04-16T21:38:53.944+0000] {logging_mixin.py:188} INFO - [2024-04-16T21:38:53.943+0000] {dag.py:3834} INFO - Setting next_dagrun for example_subdag_operator.section-1 to None, run_after=None
[2024-04-16T21:38:53.946+0000] {logging_mixin.py:188} INFO - [2024-04-16T21:38:53.945+0000] {dag.py:3834} INFO - Setting next_dagrun for example_subdag_operator.section-2 to None, run_after=None
[2024-04-16T21:38:53.953+0000] {logging_mixin.py:188} INFO - [2024-04-16T21:38:53.953+0000] {dag.py:3047} INFO - Sync 2 DAGs
[2024-04-16T21:38:53.959+0000] {logging_mixin.py:188} INFO - [2024-04-16T21:38:53.959+0000] {dag.py:3834} INFO - Setting next_dagrun for example_subdag_operator.section-1 to None, run_after=None
[2024-04-16T21:38:53.960+0000] {logging_mixin.py:188} INFO - [2024-04-16T21:38:53.960+0000] {dag.py:3834} INFO - Setting next_dagrun for example_subdag_operator.section-2 to None, run_after=None
[2024-04-16T21:38:53.970+0000] {processor.py:183} INFO - Processing /home/airflow/.local/lib/python3.10/site-packages/airflow/example_dags/example_subdag_operator.py took 0.094 seconds
[2024-04-16T21:39:24.528+0000] {processor.py:161} INFO - Started process (PID=662) to work on /home/airflow/.local/lib/python3.10/site-packages/airflow/example_dags/example_subdag_operator.py
[2024-04-16T21:39:24.529+0000] {processor.py:830} INFO - Processing file /home/airflow/.local/lib/python3.10/site-packages/airflow/example_dags/example_subdag_operator.py for tasks to queue
[2024-04-16T21:39:24.531+0000] {logging_mixin.py:188} INFO - [2024-04-16T21:39:24.531+0000] {dagbag.py:540} INFO - Filling up the DagBag from /home/airflow/.local/lib/python3.10/site-packages/airflow/example_dags/example_subdag_operator.py
[2024-04-16T21:39:24.552+0000] {processor.py:840} INFO - DAG(s) 'example_subdag_operator.section-1', 'example_subdag_operator.section-2', 'example_subdag_operator' retrieved from /home/airflow/.local/lib/python3.10/site-packages/airflow/example_dags/example_subdag_operator.py
[2024-04-16T21:39:24.566+0000] {logging_mixin.py:188} INFO - [2024-04-16T21:39:24.566+0000] {dag.py:3047} INFO - Sync 3 DAGs
[2024-04-16T21:39:24.588+0000] {logging_mixin.py:188} INFO - [2024-04-16T21:39:24.587+0000] {dag.py:3834} INFO - Setting next_dagrun for example_subdag_operator to 2022-01-01 00:00:00+00:00, run_after=2022-01-01 00:00:00+00:00
[2024-04-16T21:39:24.592+0000] {logging_mixin.py:188} INFO - [2024-04-16T21:39:24.591+0000] {dag.py:3834} INFO - Setting next_dagrun for example_subdag_operator.section-1 to None, run_after=None
[2024-04-16T21:39:24.593+0000] {logging_mixin.py:188} INFO - [2024-04-16T21:39:24.593+0000] {dag.py:3834} INFO - Setting next_dagrun for example_subdag_operator.section-2 to None, run_after=None
[2024-04-16T21:39:24.601+0000] {logging_mixin.py:188} INFO - [2024-04-16T21:39:24.601+0000] {dag.py:3047} INFO - Sync 2 DAGs
[2024-04-16T21:39:24.606+0000] {logging_mixin.py:188} INFO - [2024-04-16T21:39:24.606+0000] {dag.py:3834} INFO - Setting next_dagrun for example_subdag_operator.section-1 to None, run_after=None
[2024-04-16T21:39:24.607+0000] {logging_mixin.py:188} INFO - [2024-04-16T21:39:24.607+0000] {dag.py:3834} INFO - Setting next_dagrun for example_subdag_operator.section-2 to None, run_after=None
[2024-04-16T21:39:24.622+0000] {processor.py:183} INFO - Processing /home/airflow/.local/lib/python3.10/site-packages/airflow/example_dags/example_subdag_operator.py took 0.097 seconds
[2024-04-16T21:39:55.279+0000] {processor.py:161} INFO - Started process (PID=719) to work on /home/airflow/.local/lib/python3.10/site-packages/airflow/example_dags/example_subdag_operator.py
[2024-04-16T21:39:55.280+0000] {processor.py:830} INFO - Processing file /home/airflow/.local/lib/python3.10/site-packages/airflow/example_dags/example_subdag_operator.py for tasks to queue
[2024-04-16T21:39:55.282+0000] {logging_mixin.py:188} INFO - [2024-04-16T21:39:55.282+0000] {dagbag.py:540} INFO - Filling up the DagBag from /home/airflow/.local/lib/python3.10/site-packages/airflow/example_dags/example_subdag_operator.py
[2024-04-16T21:39:55.304+0000] {processor.py:840} INFO - DAG(s) 'example_subdag_operator.section-1', 'example_subdag_operator.section-2', 'example_subdag_operator' retrieved from /home/airflow/.local/lib/python3.10/site-packages/airflow/example_dags/example_subdag_operator.py
[2024-04-16T21:39:55.319+0000] {logging_mixin.py:188} INFO - [2024-04-16T21:39:55.319+0000] {dag.py:3047} INFO - Sync 3 DAGs
[2024-04-16T21:39:55.338+0000] {logging_mixin.py:188} INFO - [2024-04-16T21:39:55.338+0000] {dag.py:3834} INFO - Setting next_dagrun for example_subdag_operator to 2022-01-01 00:00:00+00:00, run_after=2022-01-01 00:00:00+00:00
[2024-04-16T21:39:55.342+0000] {logging_mixin.py:188} INFO - [2024-04-16T21:39:55.342+0000] {dag.py:3834} INFO - Setting next_dagrun for example_subdag_operator.section-1 to None, run_after=None
[2024-04-16T21:39:55.344+0000] {logging_mixin.py:188} INFO - [2024-04-16T21:39:55.343+0000] {dag.py:3834} INFO - Setting next_dagrun for example_subdag_operator.section-2 to None, run_after=None
[2024-04-16T21:39:55.351+0000] {logging_mixin.py:188} INFO - [2024-04-16T21:39:55.350+0000] {dag.py:3047} INFO - Sync 2 DAGs
[2024-04-16T21:39:55.356+0000] {logging_mixin.py:188} INFO - [2024-04-16T21:39:55.355+0000] {dag.py:3834} INFO - Setting next_dagrun for example_subdag_operator.section-1 to None, run_after=None
[2024-04-16T21:39:55.356+0000] {logging_mixin.py:188} INFO - [2024-04-16T21:39:55.356+0000] {dag.py:3834} INFO - Setting next_dagrun for example_subdag_operator.section-2 to None, run_after=None
[2024-04-16T21:39:55.368+0000] {processor.py:183} INFO - Processing /home/airflow/.local/lib/python3.10/site-packages/airflow/example_dags/example_subdag_operator.py took 0.091 seconds
[2024-04-16T21:40:25.917+0000] {processor.py:161} INFO - Started process (PID=776) to work on /home/airflow/.local/lib/python3.10/site-packages/airflow/example_dags/example_subdag_operator.py
[2024-04-16T21:40:25.918+0000] {processor.py:830} INFO - Processing file /home/airflow/.local/lib/python3.10/site-packages/airflow/example_dags/example_subdag_operator.py for tasks to queue
[2024-04-16T21:40:25.921+0000] {logging_mixin.py:188} INFO - [2024-04-16T21:40:25.921+0000] {dagbag.py:540} INFO - Filling up the DagBag from /home/airflow/.local/lib/python3.10/site-packages/airflow/example_dags/example_subdag_operator.py
[2024-04-16T21:40:25.946+0000] {processor.py:840} INFO - DAG(s) 'example_subdag_operator.section-1', 'example_subdag_operator.section-2', 'example_subdag_operator' retrieved from /home/airflow/.local/lib/python3.10/site-packages/airflow/example_dags/example_subdag_operator.py
[2024-04-16T21:40:25.960+0000] {logging_mixin.py:188} INFO - [2024-04-16T21:40:25.960+0000] {dag.py:3047} INFO - Sync 3 DAGs
[2024-04-16T21:40:25.982+0000] {logging_mixin.py:188} INFO - [2024-04-16T21:40:25.982+0000] {dag.py:3834} INFO - Setting next_dagrun for example_subdag_operator to 2022-01-01 00:00:00+00:00, run_after=2022-01-01 00:00:00+00:00
[2024-04-16T21:40:25.987+0000] {logging_mixin.py:188} INFO - [2024-04-16T21:40:25.987+0000] {dag.py:3834} INFO - Setting next_dagrun for example_subdag_operator.section-1 to None, run_after=None
[2024-04-16T21:40:25.989+0000] {logging_mixin.py:188} INFO - [2024-04-16T21:40:25.988+0000] {dag.py:3834} INFO - Setting next_dagrun for example_subdag_operator.section-2 to None, run_after=None
[2024-04-16T21:40:25.996+0000] {logging_mixin.py:188} INFO - [2024-04-16T21:40:25.996+0000] {dag.py:3047} INFO - Sync 2 DAGs
[2024-04-16T21:40:26.001+0000] {logging_mixin.py:188} INFO - [2024-04-16T21:40:26.001+0000] {dag.py:3834} INFO - Setting next_dagrun for example_subdag_operator.section-1 to None, run_after=None
[2024-04-16T21:40:26.002+0000] {logging_mixin.py:188} INFO - [2024-04-16T21:40:26.002+0000] {dag.py:3834} INFO - Setting next_dagrun for example_subdag_operator.section-2 to None, run_after=None
[2024-04-16T21:40:26.014+0000] {processor.py:183} INFO - Processing /home/airflow/.local/lib/python3.10/site-packages/airflow/example_dags/example_subdag_operator.py took 0.101 seconds
[2024-04-16T21:40:56.509+0000] {processor.py:161} INFO - Started process (PID=833) to work on /home/airflow/.local/lib/python3.10/site-packages/airflow/example_dags/example_subdag_operator.py
[2024-04-16T21:40:56.510+0000] {processor.py:830} INFO - Processing file /home/airflow/.local/lib/python3.10/site-packages/airflow/example_dags/example_subdag_operator.py for tasks to queue
[2024-04-16T21:40:56.512+0000] {logging_mixin.py:188} INFO - [2024-04-16T21:40:56.512+0000] {dagbag.py:540} INFO - Filling up the DagBag from /home/airflow/.local/lib/python3.10/site-packages/airflow/example_dags/example_subdag_operator.py
[2024-04-16T21:40:56.532+0000] {processor.py:840} INFO - DAG(s) 'example_subdag_operator.section-1', 'example_subdag_operator.section-2', 'example_subdag_operator' retrieved from /home/airflow/.local/lib/python3.10/site-packages/airflow/example_dags/example_subdag_operator.py
[2024-04-16T21:40:56.545+0000] {logging_mixin.py:188} INFO - [2024-04-16T21:40:56.544+0000] {dag.py:3047} INFO - Sync 3 DAGs
[2024-04-16T21:40:56.562+0000] {logging_mixin.py:188} INFO - [2024-04-16T21:40:56.562+0000] {dag.py:3834} INFO - Setting next_dagrun for example_subdag_operator to 2022-01-01 00:00:00+00:00, run_after=2022-01-01 00:00:00+00:00
[2024-04-16T21:40:56.566+0000] {logging_mixin.py:188} INFO - [2024-04-16T21:40:56.565+0000] {dag.py:3834} INFO - Setting next_dagrun for example_subdag_operator.section-1 to None, run_after=None
[2024-04-16T21:40:56.567+0000] {logging_mixin.py:188} INFO - [2024-04-16T21:40:56.567+0000] {dag.py:3834} INFO - Setting next_dagrun for example_subdag_operator.section-2 to None, run_after=None
[2024-04-16T21:40:56.574+0000] {logging_mixin.py:188} INFO - [2024-04-16T21:40:56.574+0000] {dag.py:3047} INFO - Sync 2 DAGs
[2024-04-16T21:40:56.579+0000] {logging_mixin.py:188} INFO - [2024-04-16T21:40:56.579+0000] {dag.py:3834} INFO - Setting next_dagrun for example_subdag_operator.section-1 to None, run_after=None
[2024-04-16T21:40:56.580+0000] {logging_mixin.py:188} INFO - [2024-04-16T21:40:56.580+0000] {dag.py:3834} INFO - Setting next_dagrun for example_subdag_operator.section-2 to None, run_after=None
[2024-04-16T21:40:56.591+0000] {processor.py:183} INFO - Processing /home/airflow/.local/lib/python3.10/site-packages/airflow/example_dags/example_subdag_operator.py took 0.085 seconds
[2024-04-16T21:41:26.982+0000] {processor.py:161} INFO - Started process (PID=890) to work on /home/airflow/.local/lib/python3.10/site-packages/airflow/example_dags/example_subdag_operator.py
[2024-04-16T21:41:26.983+0000] {processor.py:830} INFO - Processing file /home/airflow/.local/lib/python3.10/site-packages/airflow/example_dags/example_subdag_operator.py for tasks to queue
[2024-04-16T21:41:26.985+0000] {logging_mixin.py:188} INFO - [2024-04-16T21:41:26.984+0000] {dagbag.py:540} INFO - Filling up the DagBag from /home/airflow/.local/lib/python3.10/site-packages/airflow/example_dags/example_subdag_operator.py
[2024-04-16T21:41:27.005+0000] {processor.py:840} INFO - DAG(s) 'example_subdag_operator.section-1', 'example_subdag_operator.section-2', 'example_subdag_operator' retrieved from /home/airflow/.local/lib/python3.10/site-packages/airflow/example_dags/example_subdag_operator.py
[2024-04-16T21:41:27.018+0000] {logging_mixin.py:188} INFO - [2024-04-16T21:41:27.018+0000] {dag.py:3047} INFO - Sync 3 DAGs
[2024-04-16T21:41:27.038+0000] {logging_mixin.py:188} INFO - [2024-04-16T21:41:27.037+0000] {dag.py:3834} INFO - Setting next_dagrun for example_subdag_operator to 2022-01-01 00:00:00+00:00, run_after=2022-01-01 00:00:00+00:00
[2024-04-16T21:41:27.041+0000] {logging_mixin.py:188} INFO - [2024-04-16T21:41:27.041+0000] {dag.py:3834} INFO - Setting next_dagrun for example_subdag_operator.section-1 to None, run_after=None
[2024-04-16T21:41:27.043+0000] {logging_mixin.py:188} INFO - [2024-04-16T21:41:27.043+0000] {dag.py:3834} INFO - Setting next_dagrun for example_subdag_operator.section-2 to None, run_after=None
[2024-04-16T21:41:27.050+0000] {logging_mixin.py:188} INFO - [2024-04-16T21:41:27.050+0000] {dag.py:3047} INFO - Sync 2 DAGs
[2024-04-16T21:41:27.055+0000] {logging_mixin.py:188} INFO - [2024-04-16T21:41:27.055+0000] {dag.py:3834} INFO - Setting next_dagrun for example_subdag_operator.section-1 to None, run_after=None
[2024-04-16T21:41:27.056+0000] {logging_mixin.py:188} INFO - [2024-04-16T21:41:27.055+0000] {dag.py:3834} INFO - Setting next_dagrun for example_subdag_operator.section-2 to None, run_after=None
[2024-04-16T21:41:27.067+0000] {processor.py:183} INFO - Processing /home/airflow/.local/lib/python3.10/site-packages/airflow/example_dags/example_subdag_operator.py took 0.088 seconds
[2024-04-16T21:41:57.478+0000] {processor.py:161} INFO - Started process (PID=947) to work on /home/airflow/.local/lib/python3.10/site-packages/airflow/example_dags/example_subdag_operator.py
[2024-04-16T21:41:57.479+0000] {processor.py:830} INFO - Processing file /home/airflow/.local/lib/python3.10/site-packages/airflow/example_dags/example_subdag_operator.py for tasks to queue
[2024-04-16T21:41:57.482+0000] {logging_mixin.py:188} INFO - [2024-04-16T21:41:57.481+0000] {dagbag.py:540} INFO - Filling up the DagBag from /home/airflow/.local/lib/python3.10/site-packages/airflow/example_dags/example_subdag_operator.py
[2024-04-16T21:41:57.503+0000] {processor.py:840} INFO - DAG(s) 'example_subdag_operator.section-1', 'example_subdag_operator.section-2', 'example_subdag_operator' retrieved from /home/airflow/.local/lib/python3.10/site-packages/airflow/example_dags/example_subdag_operator.py
[2024-04-16T21:41:57.517+0000] {logging_mixin.py:188} INFO - [2024-04-16T21:41:57.517+0000] {dag.py:3047} INFO - Sync 3 DAGs
[2024-04-16T21:41:57.537+0000] {logging_mixin.py:188} INFO - [2024-04-16T21:41:57.537+0000] {dag.py:3834} INFO - Setting next_dagrun for example_subdag_operator to 2022-01-01 00:00:00+00:00, run_after=2022-01-01 00:00:00+00:00
[2024-04-16T21:41:57.540+0000] {logging_mixin.py:188} INFO - [2024-04-16T21:41:57.540+0000] {dag.py:3834} INFO - Setting next_dagrun for example_subdag_operator.section-1 to None, run_after=None
[2024-04-16T21:41:57.542+0000] {logging_mixin.py:188} INFO - [2024-04-16T21:41:57.542+0000] {dag.py:3834} INFO - Setting next_dagrun for example_subdag_operator.section-2 to None, run_after=None
[2024-04-16T21:41:57.549+0000] {logging_mixin.py:188} INFO - [2024-04-16T21:41:57.548+0000] {dag.py:3047} INFO - Sync 2 DAGs
[2024-04-16T21:41:57.553+0000] {logging_mixin.py:188} INFO - [2024-04-16T21:41:57.553+0000] {dag.py:3834} INFO - Setting next_dagrun for example_subdag_operator.section-1 to None, run_after=None
[2024-04-16T21:41:57.554+0000] {logging_mixin.py:188} INFO - [2024-04-16T21:41:57.554+0000] {dag.py:3834} INFO - Setting next_dagrun for example_subdag_operator.section-2 to None, run_after=None
[2024-04-16T21:41:57.567+0000] {processor.py:183} INFO - Processing /home/airflow/.local/lib/python3.10/site-packages/airflow/example_dags/example_subdag_operator.py took 0.091 seconds
[2024-04-16T21:42:27.920+0000] {processor.py:161} INFO - Started process (PID=1004) to work on /home/airflow/.local/lib/python3.10/site-packages/airflow/example_dags/example_subdag_operator.py
[2024-04-16T21:42:27.921+0000] {processor.py:830} INFO - Processing file /home/airflow/.local/lib/python3.10/site-packages/airflow/example_dags/example_subdag_operator.py for tasks to queue
[2024-04-16T21:42:27.923+0000] {logging_mixin.py:188} INFO - [2024-04-16T21:42:27.923+0000] {dagbag.py:540} INFO - Filling up the DagBag from /home/airflow/.local/lib/python3.10/site-packages/airflow/example_dags/example_subdag_operator.py
[2024-04-16T21:42:27.944+0000] {processor.py:840} INFO - DAG(s) 'example_subdag_operator.section-1', 'example_subdag_operator.section-2', 'example_subdag_operator' retrieved from /home/airflow/.local/lib/python3.10/site-packages/airflow/example_dags/example_subdag_operator.py
[2024-04-16T21:42:27.957+0000] {logging_mixin.py:188} INFO - [2024-04-16T21:42:27.956+0000] {dag.py:3047} INFO - Sync 3 DAGs
[2024-04-16T21:42:27.976+0000] {logging_mixin.py:188} INFO - [2024-04-16T21:42:27.976+0000] {dag.py:3834} INFO - Setting next_dagrun for example_subdag_operator to 2022-01-01 00:00:00+00:00, run_after=2022-01-01 00:00:00+00:00
[2024-04-16T21:42:27.980+0000] {logging_mixin.py:188} INFO - [2024-04-16T21:42:27.980+0000] {dag.py:3834} INFO - Setting next_dagrun for example_subdag_operator.section-1 to None, run_after=None
[2024-04-16T21:42:27.981+0000] {logging_mixin.py:188} INFO - [2024-04-16T21:42:27.981+0000] {dag.py:3834} INFO - Setting next_dagrun for example_subdag_operator.section-2 to None, run_after=None
[2024-04-16T21:42:27.988+0000] {logging_mixin.py:188} INFO - [2024-04-16T21:42:27.988+0000] {dag.py:3047} INFO - Sync 2 DAGs
[2024-04-16T21:42:27.993+0000] {logging_mixin.py:188} INFO - [2024-04-16T21:42:27.992+0000] {dag.py:3834} INFO - Setting next_dagrun for example_subdag_operator.section-1 to None, run_after=None
[2024-04-16T21:42:27.993+0000] {logging_mixin.py:188} INFO - [2024-04-16T21:42:27.993+0000] {dag.py:3834} INFO - Setting next_dagrun for example_subdag_operator.section-2 to None, run_after=None
[2024-04-16T21:42:28.004+0000] {processor.py:183} INFO - Processing /home/airflow/.local/lib/python3.10/site-packages/airflow/example_dags/example_subdag_operator.py took 0.087 seconds
[2024-04-16T21:42:58.453+0000] {processor.py:161} INFO - Started process (PID=1061) to work on /home/airflow/.local/lib/python3.10/site-packages/airflow/example_dags/example_subdag_operator.py
[2024-04-16T21:42:58.454+0000] {processor.py:830} INFO - Processing file /home/airflow/.local/lib/python3.10/site-packages/airflow/example_dags/example_subdag_operator.py for tasks to queue
[2024-04-16T21:42:58.456+0000] {logging_mixin.py:188} INFO - [2024-04-16T21:42:58.456+0000] {dagbag.py:540} INFO - Filling up the DagBag from /home/airflow/.local/lib/python3.10/site-packages/airflow/example_dags/example_subdag_operator.py
[2024-04-16T21:42:58.477+0000] {processor.py:840} INFO - DAG(s) 'example_subdag_operator.section-1', 'example_subdag_operator.section-2', 'example_subdag_operator' retrieved from /home/airflow/.local/lib/python3.10/site-packages/airflow/example_dags/example_subdag_operator.py
[2024-04-16T21:42:58.491+0000] {logging_mixin.py:188} INFO - [2024-04-16T21:42:58.491+0000] {dag.py:3047} INFO - Sync 3 DAGs
[2024-04-16T21:42:58.510+0000] {logging_mixin.py:188} INFO - [2024-04-16T21:42:58.509+0000] {dag.py:3834} INFO - Setting next_dagrun for example_subdag_operator to 2022-01-01 00:00:00+00:00, run_after=2022-01-01 00:00:00+00:00
[2024-04-16T21:42:58.514+0000] {logging_mixin.py:188} INFO - [2024-04-16T21:42:58.514+0000] {dag.py:3834} INFO - Setting next_dagrun for example_subdag_operator.section-1 to None, run_after=None
[2024-04-16T21:42:58.515+0000] {logging_mixin.py:188} INFO - [2024-04-16T21:42:58.515+0000] {dag.py:3834} INFO - Setting next_dagrun for example_subdag_operator.section-2 to None, run_after=None
[2024-04-16T21:42:58.522+0000] {logging_mixin.py:188} INFO - [2024-04-16T21:42:58.522+0000] {dag.py:3047} INFO - Sync 2 DAGs
[2024-04-16T21:42:58.527+0000] {logging_mixin.py:188} INFO - [2024-04-16T21:42:58.527+0000] {dag.py:3834} INFO - Setting next_dagrun for example_subdag_operator.section-1 to None, run_after=None
[2024-04-16T21:42:58.528+0000] {logging_mixin.py:188} INFO - [2024-04-16T21:42:58.528+0000] {dag.py:3834} INFO - Setting next_dagrun for example_subdag_operator.section-2 to None, run_after=None
[2024-04-16T21:42:58.539+0000] {processor.py:183} INFO - Processing /home/airflow/.local/lib/python3.10/site-packages/airflow/example_dags/example_subdag_operator.py took 0.089 seconds
[2024-04-16T21:43:29.031+0000] {processor.py:161} INFO - Started process (PID=1118) to work on /home/airflow/.local/lib/python3.10/site-packages/airflow/example_dags/example_subdag_operator.py
[2024-04-16T21:43:29.032+0000] {processor.py:830} INFO - Processing file /home/airflow/.local/lib/python3.10/site-packages/airflow/example_dags/example_subdag_operator.py for tasks to queue
[2024-04-16T21:43:29.034+0000] {logging_mixin.py:188} INFO - [2024-04-16T21:43:29.034+0000] {dagbag.py:540} INFO - Filling up the DagBag from /home/airflow/.local/lib/python3.10/site-packages/airflow/example_dags/example_subdag_operator.py
[2024-04-16T21:43:29.055+0000] {processor.py:840} INFO - DAG(s) 'example_subdag_operator.section-1', 'example_subdag_operator.section-2', 'example_subdag_operator' retrieved from /home/airflow/.local/lib/python3.10/site-packages/airflow/example_dags/example_subdag_operator.py
[2024-04-16T21:43:29.070+0000] {logging_mixin.py:188} INFO - [2024-04-16T21:43:29.069+0000] {dag.py:3047} INFO - Sync 3 DAGs
[2024-04-16T21:43:29.090+0000] {logging_mixin.py:188} INFO - [2024-04-16T21:43:29.090+0000] {dag.py:3834} INFO - Setting next_dagrun for example_subdag_operator to 2022-01-01 00:00:00+00:00, run_after=2022-01-01 00:00:00+00:00
[2024-04-16T21:43:29.094+0000] {logging_mixin.py:188} INFO - [2024-04-16T21:43:29.094+0000] {dag.py:3834} INFO - Setting next_dagrun for example_subdag_operator.section-1 to None, run_after=None
[2024-04-16T21:43:29.096+0000] {logging_mixin.py:188} INFO - [2024-04-16T21:43:29.096+0000] {dag.py:3834} INFO - Setting next_dagrun for example_subdag_operator.section-2 to None, run_after=None
[2024-04-16T21:43:29.103+0000] {logging_mixin.py:188} INFO - [2024-04-16T21:43:29.103+0000] {dag.py:3047} INFO - Sync 2 DAGs
[2024-04-16T21:43:29.109+0000] {logging_mixin.py:188} INFO - [2024-04-16T21:43:29.109+0000] {dag.py:3834} INFO - Setting next_dagrun for example_subdag_operator.section-1 to None, run_after=None
[2024-04-16T21:43:29.109+0000] {logging_mixin.py:188} INFO - [2024-04-16T21:43:29.109+0000] {dag.py:3834} INFO - Setting next_dagrun for example_subdag_operator.section-2 to None, run_after=None
[2024-04-16T21:43:29.121+0000] {processor.py:183} INFO - Processing /home/airflow/.local/lib/python3.10/site-packages/airflow/example_dags/example_subdag_operator.py took 0.093 seconds
[2024-04-16T21:43:59.621+0000] {processor.py:161} INFO - Started process (PID=1175) to work on /home/airflow/.local/lib/python3.10/site-packages/airflow/example_dags/example_subdag_operator.py
[2024-04-16T21:43:59.621+0000] {processor.py:830} INFO - Processing file /home/airflow/.local/lib/python3.10/site-packages/airflow/example_dags/example_subdag_operator.py for tasks to queue
[2024-04-16T21:43:59.623+0000] {logging_mixin.py:188} INFO - [2024-04-16T21:43:59.623+0000] {dagbag.py:540} INFO - Filling up the DagBag from /home/airflow/.local/lib/python3.10/site-packages/airflow/example_dags/example_subdag_operator.py
[2024-04-16T21:43:59.643+0000] {processor.py:840} INFO - DAG(s) 'example_subdag_operator.section-1', 'example_subdag_operator.section-2', 'example_subdag_operator' retrieved from /home/airflow/.local/lib/python3.10/site-packages/airflow/example_dags/example_subdag_operator.py
[2024-04-16T21:43:59.658+0000] {logging_mixin.py:188} INFO - [2024-04-16T21:43:59.658+0000] {dag.py:3047} INFO - Sync 3 DAGs
[2024-04-16T21:43:59.680+0000] {logging_mixin.py:188} INFO - [2024-04-16T21:43:59.679+0000] {dag.py:3834} INFO - Setting next_dagrun for example_subdag_operator to 2022-01-01 00:00:00+00:00, run_after=2022-01-01 00:00:00+00:00
[2024-04-16T21:43:59.683+0000] {logging_mixin.py:188} INFO - [2024-04-16T21:43:59.683+0000] {dag.py:3834} INFO - Setting next_dagrun for example_subdag_operator.section-1 to None, run_after=None
[2024-04-16T21:43:59.684+0000] {logging_mixin.py:188} INFO - [2024-04-16T21:43:59.684+0000] {dag.py:3834} INFO - Setting next_dagrun for example_subdag_operator.section-2 to None, run_after=None
[2024-04-16T21:43:59.691+0000] {logging_mixin.py:188} INFO - [2024-04-16T21:43:59.691+0000] {dag.py:3047} INFO - Sync 2 DAGs
[2024-04-16T21:43:59.696+0000] {logging_mixin.py:188} INFO - [2024-04-16T21:43:59.696+0000] {dag.py:3834} INFO - Setting next_dagrun for example_subdag_operator.section-1 to None, run_after=None
[2024-04-16T21:43:59.696+0000] {logging_mixin.py:188} INFO - [2024-04-16T21:43:59.696+0000] {dag.py:3834} INFO - Setting next_dagrun for example_subdag_operator.section-2 to None, run_after=None
[2024-04-16T21:43:59.707+0000] {processor.py:183} INFO - Processing /home/airflow/.local/lib/python3.10/site-packages/airflow/example_dags/example_subdag_operator.py took 0.089 seconds
[2024-04-16T21:44:30.119+0000] {processor.py:161} INFO - Started process (PID=1232) to work on /home/airflow/.local/lib/python3.10/site-packages/airflow/example_dags/example_subdag_operator.py
[2024-04-16T21:44:30.120+0000] {processor.py:830} INFO - Processing file /home/airflow/.local/lib/python3.10/site-packages/airflow/example_dags/example_subdag_operator.py for tasks to queue
[2024-04-16T21:44:30.122+0000] {logging_mixin.py:188} INFO - [2024-04-16T21:44:30.121+0000] {dagbag.py:540} INFO - Filling up the DagBag from /home/airflow/.local/lib/python3.10/site-packages/airflow/example_dags/example_subdag_operator.py
[2024-04-16T21:44:30.142+0000] {processor.py:840} INFO - DAG(s) 'example_subdag_operator.section-1', 'example_subdag_operator.section-2', 'example_subdag_operator' retrieved from /home/airflow/.local/lib/python3.10/site-packages/airflow/example_dags/example_subdag_operator.py
[2024-04-16T21:44:30.156+0000] {logging_mixin.py:188} INFO - [2024-04-16T21:44:30.156+0000] {dag.py:3047} INFO - Sync 3 DAGs
[2024-04-16T21:44:30.178+0000] {logging_mixin.py:188} INFO - [2024-04-16T21:44:30.177+0000] {dag.py:3834} INFO - Setting next_dagrun for example_subdag_operator to 2022-01-01 00:00:00+00:00, run_after=2022-01-01 00:00:00+00:00
[2024-04-16T21:44:30.182+0000] {logging_mixin.py:188} INFO - [2024-04-16T21:44:30.182+0000] {dag.py:3834} INFO - Setting next_dagrun for example_subdag_operator.section-1 to None, run_after=None
[2024-04-16T21:44:30.183+0000] {logging_mixin.py:188} INFO - [2024-04-16T21:44:30.183+0000] {dag.py:3834} INFO - Setting next_dagrun for example_subdag_operator.section-2 to None, run_after=None
[2024-04-16T21:44:30.190+0000] {logging_mixin.py:188} INFO - [2024-04-16T21:44:30.190+0000] {dag.py:3047} INFO - Sync 2 DAGs
[2024-04-16T21:44:30.197+0000] {logging_mixin.py:188} INFO - [2024-04-16T21:44:30.197+0000] {dag.py:3834} INFO - Setting next_dagrun for example_subdag_operator.section-1 to None, run_after=None
[2024-04-16T21:44:30.198+0000] {logging_mixin.py:188} INFO - [2024-04-16T21:44:30.198+0000] {dag.py:3834} INFO - Setting next_dagrun for example_subdag_operator.section-2 to None, run_after=None
[2024-04-16T21:44:30.209+0000] {processor.py:183} INFO - Processing /home/airflow/.local/lib/python3.10/site-packages/airflow/example_dags/example_subdag_operator.py took 0.093 seconds
[2024-04-16T21:45:00.717+0000] {processor.py:161} INFO - Started process (PID=1289) to work on /home/airflow/.local/lib/python3.10/site-packages/airflow/example_dags/example_subdag_operator.py
[2024-04-16T21:45:00.718+0000] {processor.py:830} INFO - Processing file /home/airflow/.local/lib/python3.10/site-packages/airflow/example_dags/example_subdag_operator.py for tasks to queue
[2024-04-16T21:45:00.720+0000] {logging_mixin.py:188} INFO - [2024-04-16T21:45:00.719+0000] {dagbag.py:540} INFO - Filling up the DagBag from /home/airflow/.local/lib/python3.10/site-packages/airflow/example_dags/example_subdag_operator.py
[2024-04-16T21:45:00.740+0000] {processor.py:840} INFO - DAG(s) 'example_subdag_operator.section-1', 'example_subdag_operator.section-2', 'example_subdag_operator' retrieved from /home/airflow/.local/lib/python3.10/site-packages/airflow/example_dags/example_subdag_operator.py
[2024-04-16T21:45:00.754+0000] {logging_mixin.py:188} INFO - [2024-04-16T21:45:00.754+0000] {dag.py:3047} INFO - Sync 3 DAGs
[2024-04-16T21:45:00.775+0000] {logging_mixin.py:188} INFO - [2024-04-16T21:45:00.774+0000] {dag.py:3834} INFO - Setting next_dagrun for example_subdag_operator to 2022-01-01 00:00:00+00:00, run_after=2022-01-01 00:00:00+00:00
[2024-04-16T21:45:00.779+0000] {logging_mixin.py:188} INFO - [2024-04-16T21:45:00.779+0000] {dag.py:3834} INFO - Setting next_dagrun for example_subdag_operator.section-1 to None, run_after=None
[2024-04-16T21:45:00.780+0000] {logging_mixin.py:188} INFO - [2024-04-16T21:45:00.780+0000] {dag.py:3834} INFO - Setting next_dagrun for example_subdag_operator.section-2 to None, run_after=None
[2024-04-16T21:45:00.787+0000] {logging_mixin.py:188} INFO - [2024-04-16T21:45:00.787+0000] {dag.py:3047} INFO - Sync 2 DAGs
[2024-04-16T21:45:00.792+0000] {logging_mixin.py:188} INFO - [2024-04-16T21:45:00.791+0000] {dag.py:3834} INFO - Setting next_dagrun for example_subdag_operator.section-1 to None, run_after=None
[2024-04-16T21:45:00.792+0000] {logging_mixin.py:188} INFO - [2024-04-16T21:45:00.792+0000] {dag.py:3834} INFO - Setting next_dagrun for example_subdag_operator.section-2 to None, run_after=None
[2024-04-16T21:45:00.802+0000] {processor.py:183} INFO - Processing /home/airflow/.local/lib/python3.10/site-packages/airflow/example_dags/example_subdag_operator.py took 0.089 seconds
[2024-04-16T21:45:31.327+0000] {processor.py:161} INFO - Started process (PID=1346) to work on /home/airflow/.local/lib/python3.10/site-packages/airflow/example_dags/example_subdag_operator.py
[2024-04-16T21:45:31.328+0000] {processor.py:830} INFO - Processing file /home/airflow/.local/lib/python3.10/site-packages/airflow/example_dags/example_subdag_operator.py for tasks to queue
[2024-04-16T21:45:31.330+0000] {logging_mixin.py:188} INFO - [2024-04-16T21:45:31.330+0000] {dagbag.py:540} INFO - Filling up the DagBag from /home/airflow/.local/lib/python3.10/site-packages/airflow/example_dags/example_subdag_operator.py
[2024-04-16T21:45:31.350+0000] {processor.py:840} INFO - DAG(s) 'example_subdag_operator.section-1', 'example_subdag_operator.section-2', 'example_subdag_operator' retrieved from /home/airflow/.local/lib/python3.10/site-packages/airflow/example_dags/example_subdag_operator.py
[2024-04-16T21:45:31.362+0000] {logging_mixin.py:188} INFO - [2024-04-16T21:45:31.362+0000] {dag.py:3047} INFO - Sync 3 DAGs
[2024-04-16T21:45:31.382+0000] {logging_mixin.py:188} INFO - [2024-04-16T21:45:31.381+0000] {dag.py:3834} INFO - Setting next_dagrun for example_subdag_operator to 2022-01-01 00:00:00+00:00, run_after=2022-01-01 00:00:00+00:00
[2024-04-16T21:45:31.387+0000] {logging_mixin.py:188} INFO - [2024-04-16T21:45:31.386+0000] {dag.py:3834} INFO - Setting next_dagrun for example_subdag_operator.section-1 to None, run_after=None
[2024-04-16T21:45:31.388+0000] {logging_mixin.py:188} INFO - [2024-04-16T21:45:31.388+0000] {dag.py:3834} INFO - Setting next_dagrun for example_subdag_operator.section-2 to None, run_after=None
[2024-04-16T21:45:31.394+0000] {logging_mixin.py:188} INFO - [2024-04-16T21:45:31.394+0000] {dag.py:3047} INFO - Sync 2 DAGs
[2024-04-16T21:45:31.400+0000] {logging_mixin.py:188} INFO - [2024-04-16T21:45:31.400+0000] {dag.py:3834} INFO - Setting next_dagrun for example_subdag_operator.section-1 to None, run_after=None
[2024-04-16T21:45:31.400+0000] {logging_mixin.py:188} INFO - [2024-04-16T21:45:31.400+0000] {dag.py:3834} INFO - Setting next_dagrun for example_subdag_operator.section-2 to None, run_after=None
[2024-04-16T21:45:31.411+0000] {processor.py:183} INFO - Processing /home/airflow/.local/lib/python3.10/site-packages/airflow/example_dags/example_subdag_operator.py took 0.087 seconds
