[2024-04-16T21:29:11.882+0000] {processor.py:161} INFO - Started process (PID=58) to work on /home/airflow/.local/lib/python3.10/site-packages/airflow/example_dags/example_branch_python_dop_operator_3.py
[2024-04-16T21:29:11.883+0000] {processor.py:830} INFO - Processing file /home/airflow/.local/lib/python3.10/site-packages/airflow/example_dags/example_branch_python_dop_operator_3.py for tasks to queue
[2024-04-16T21:29:11.885+0000] {logging_mixin.py:188} INFO - [2024-04-16T21:29:11.885+0000] {dagbag.py:540} INFO - Filling up the DagBag from /home/airflow/.local/lib/python3.10/site-packages/airflow/example_dags/example_branch_python_dop_operator_3.py
[2024-04-16T21:29:11.895+0000] {processor.py:840} INFO - DAG(s) 'example_branch_dop_operator_v3' retrieved from /home/airflow/.local/lib/python3.10/site-packages/airflow/example_dags/example_branch_python_dop_operator_3.py
[2024-04-16T21:29:11.906+0000] {logging_mixin.py:188} INFO - [2024-04-16T21:29:11.905+0000] {dag.py:3047} INFO - Sync 1 DAGs
[2024-04-16T21:29:11.933+0000] {logging_mixin.py:188} INFO - [2024-04-16T21:29:11.933+0000] {dag.py:3834} INFO - Setting next_dagrun for example_branch_dop_operator_v3 to 2024-04-16 21:28:00+00:00, run_after=2024-04-16 21:29:00+00:00
[2024-04-16T21:29:11.952+0000] {processor.py:183} INFO - Processing /home/airflow/.local/lib/python3.10/site-packages/airflow/example_dags/example_branch_python_dop_operator_3.py took 0.074 seconds
[2024-04-16T21:29:43.334+0000] {processor.py:161} INFO - Started process (PID=113) to work on /home/airflow/.local/lib/python3.10/site-packages/airflow/example_dags/example_branch_python_dop_operator_3.py
[2024-04-16T21:29:43.335+0000] {processor.py:830} INFO - Processing file /home/airflow/.local/lib/python3.10/site-packages/airflow/example_dags/example_branch_python_dop_operator_3.py for tasks to queue
[2024-04-16T21:29:43.337+0000] {logging_mixin.py:188} INFO - [2024-04-16T21:29:43.336+0000] {dagbag.py:540} INFO - Filling up the DagBag from /home/airflow/.local/lib/python3.10/site-packages/airflow/example_dags/example_branch_python_dop_operator_3.py
[2024-04-16T21:29:43.350+0000] {processor.py:840} INFO - DAG(s) 'example_branch_dop_operator_v3' retrieved from /home/airflow/.local/lib/python3.10/site-packages/airflow/example_dags/example_branch_python_dop_operator_3.py
[2024-04-16T21:29:43.451+0000] {logging_mixin.py:188} INFO - [2024-04-16T21:29:43.451+0000] {dag.py:3047} INFO - Sync 1 DAGs
[2024-04-16T21:29:43.472+0000] {logging_mixin.py:188} INFO - [2024-04-16T21:29:43.472+0000] {dag.py:3834} INFO - Setting next_dagrun for example_branch_dop_operator_v3 to 2024-04-16 21:28:00+00:00, run_after=2024-04-16 21:29:00+00:00
[2024-04-16T21:29:43.488+0000] {processor.py:183} INFO - Processing /home/airflow/.local/lib/python3.10/site-packages/airflow/example_dags/example_branch_python_dop_operator_3.py took 0.158 seconds
[2024-04-16T21:30:13.731+0000] {processor.py:161} INFO - Started process (PID=168) to work on /home/airflow/.local/lib/python3.10/site-packages/airflow/example_dags/example_branch_python_dop_operator_3.py
[2024-04-16T21:30:13.732+0000] {processor.py:830} INFO - Processing file /home/airflow/.local/lib/python3.10/site-packages/airflow/example_dags/example_branch_python_dop_operator_3.py for tasks to queue
[2024-04-16T21:30:13.734+0000] {logging_mixin.py:188} INFO - [2024-04-16T21:30:13.733+0000] {dagbag.py:540} INFO - Filling up the DagBag from /home/airflow/.local/lib/python3.10/site-packages/airflow/example_dags/example_branch_python_dop_operator_3.py
[2024-04-16T21:30:13.742+0000] {processor.py:840} INFO - DAG(s) 'example_branch_dop_operator_v3' retrieved from /home/airflow/.local/lib/python3.10/site-packages/airflow/example_dags/example_branch_python_dop_operator_3.py
[2024-04-16T21:30:13.760+0000] {logging_mixin.py:188} INFO - [2024-04-16T21:30:13.760+0000] {dag.py:3047} INFO - Sync 1 DAGs
[2024-04-16T21:30:13.785+0000] {logging_mixin.py:188} INFO - [2024-04-16T21:30:13.785+0000] {dag.py:3834} INFO - Setting next_dagrun for example_branch_dop_operator_v3 to 2024-04-16 21:29:00+00:00, run_after=2024-04-16 21:30:00+00:00
[2024-04-16T21:30:13.802+0000] {processor.py:183} INFO - Processing /home/airflow/.local/lib/python3.10/site-packages/airflow/example_dags/example_branch_python_dop_operator_3.py took 0.074 seconds
[2024-04-16T21:30:44.168+0000] {processor.py:161} INFO - Started process (PID=223) to work on /home/airflow/.local/lib/python3.10/site-packages/airflow/example_dags/example_branch_python_dop_operator_3.py
[2024-04-16T21:30:44.169+0000] {processor.py:830} INFO - Processing file /home/airflow/.local/lib/python3.10/site-packages/airflow/example_dags/example_branch_python_dop_operator_3.py for tasks to queue
[2024-04-16T21:30:44.170+0000] {logging_mixin.py:188} INFO - [2024-04-16T21:30:44.170+0000] {dagbag.py:540} INFO - Filling up the DagBag from /home/airflow/.local/lib/python3.10/site-packages/airflow/example_dags/example_branch_python_dop_operator_3.py
[2024-04-16T21:30:44.178+0000] {processor.py:840} INFO - DAG(s) 'example_branch_dop_operator_v3' retrieved from /home/airflow/.local/lib/python3.10/site-packages/airflow/example_dags/example_branch_python_dop_operator_3.py
[2024-04-16T21:30:44.197+0000] {logging_mixin.py:188} INFO - [2024-04-16T21:30:44.196+0000] {dag.py:3047} INFO - Sync 1 DAGs
[2024-04-16T21:30:44.219+0000] {logging_mixin.py:188} INFO - [2024-04-16T21:30:44.219+0000] {dag.py:3834} INFO - Setting next_dagrun for example_branch_dop_operator_v3 to 2024-04-16 21:29:00+00:00, run_after=2024-04-16 21:30:00+00:00
[2024-04-16T21:30:44.234+0000] {processor.py:183} INFO - Processing /home/airflow/.local/lib/python3.10/site-packages/airflow/example_dags/example_branch_python_dop_operator_3.py took 0.069 seconds
[2024-04-16T21:31:15.020+0000] {processor.py:161} INFO - Started process (PID=278) to work on /home/airflow/.local/lib/python3.10/site-packages/airflow/example_dags/example_branch_python_dop_operator_3.py
[2024-04-16T21:31:15.021+0000] {processor.py:830} INFO - Processing file /home/airflow/.local/lib/python3.10/site-packages/airflow/example_dags/example_branch_python_dop_operator_3.py for tasks to queue
[2024-04-16T21:31:15.023+0000] {logging_mixin.py:188} INFO - [2024-04-16T21:31:15.023+0000] {dagbag.py:540} INFO - Filling up the DagBag from /home/airflow/.local/lib/python3.10/site-packages/airflow/example_dags/example_branch_python_dop_operator_3.py
[2024-04-16T21:31:15.032+0000] {processor.py:840} INFO - DAG(s) 'example_branch_dop_operator_v3' retrieved from /home/airflow/.local/lib/python3.10/site-packages/airflow/example_dags/example_branch_python_dop_operator_3.py
[2024-04-16T21:31:15.050+0000] {logging_mixin.py:188} INFO - [2024-04-16T21:31:15.050+0000] {dag.py:3047} INFO - Sync 1 DAGs
[2024-04-16T21:31:15.075+0000] {logging_mixin.py:188} INFO - [2024-04-16T21:31:15.075+0000] {dag.py:3834} INFO - Setting next_dagrun for example_branch_dop_operator_v3 to 2024-04-16 21:30:00+00:00, run_after=2024-04-16 21:31:00+00:00
[2024-04-16T21:31:15.095+0000] {processor.py:183} INFO - Processing /home/airflow/.local/lib/python3.10/site-packages/airflow/example_dags/example_branch_python_dop_operator_3.py took 0.077 seconds
[2024-04-16T21:32:12.866+0000] {processor.py:161} INFO - Started process (PID=60) to work on /home/airflow/.local/lib/python3.10/site-packages/airflow/example_dags/example_branch_python_dop_operator_3.py
[2024-04-16T21:32:12.867+0000] {processor.py:830} INFO - Processing file /home/airflow/.local/lib/python3.10/site-packages/airflow/example_dags/example_branch_python_dop_operator_3.py for tasks to queue
[2024-04-16T21:32:12.868+0000] {logging_mixin.py:188} INFO - [2024-04-16T21:32:12.868+0000] {dagbag.py:540} INFO - Filling up the DagBag from /home/airflow/.local/lib/python3.10/site-packages/airflow/example_dags/example_branch_python_dop_operator_3.py
[2024-04-16T21:32:12.876+0000] {processor.py:840} INFO - DAG(s) 'example_branch_dop_operator_v3' retrieved from /home/airflow/.local/lib/python3.10/site-packages/airflow/example_dags/example_branch_python_dop_operator_3.py
[2024-04-16T21:32:12.888+0000] {logging_mixin.py:188} INFO - [2024-04-16T21:32:12.888+0000] {dag.py:3047} INFO - Sync 1 DAGs
[2024-04-16T21:32:12.921+0000] {logging_mixin.py:188} INFO - [2024-04-16T21:32:12.921+0000] {dag.py:3834} INFO - Setting next_dagrun for example_branch_dop_operator_v3 to 2024-04-16 21:31:00+00:00, run_after=2024-04-16 21:32:00+00:00
[2024-04-16T21:32:12.946+0000] {processor.py:183} INFO - Processing /home/airflow/.local/lib/python3.10/site-packages/airflow/example_dags/example_branch_python_dop_operator_3.py took 0.084 seconds
[2024-04-16T21:32:44.380+0000] {processor.py:161} INFO - Started process (PID=117) to work on /home/airflow/.local/lib/python3.10/site-packages/airflow/example_dags/example_branch_python_dop_operator_3.py
[2024-04-16T21:32:44.381+0000] {processor.py:830} INFO - Processing file /home/airflow/.local/lib/python3.10/site-packages/airflow/example_dags/example_branch_python_dop_operator_3.py for tasks to queue
[2024-04-16T21:32:44.384+0000] {logging_mixin.py:188} INFO - [2024-04-16T21:32:44.383+0000] {dagbag.py:540} INFO - Filling up the DagBag from /home/airflow/.local/lib/python3.10/site-packages/airflow/example_dags/example_branch_python_dop_operator_3.py
[2024-04-16T21:32:44.393+0000] {processor.py:840} INFO - DAG(s) 'example_branch_dop_operator_v3' retrieved from /home/airflow/.local/lib/python3.10/site-packages/airflow/example_dags/example_branch_python_dop_operator_3.py
[2024-04-16T21:32:44.495+0000] {logging_mixin.py:188} INFO - [2024-04-16T21:32:44.495+0000] {dag.py:3047} INFO - Sync 1 DAGs
[2024-04-16T21:32:44.518+0000] {logging_mixin.py:188} INFO - [2024-04-16T21:32:44.518+0000] {dag.py:3834} INFO - Setting next_dagrun for example_branch_dop_operator_v3 to 2024-04-16 21:31:00+00:00, run_after=2024-04-16 21:32:00+00:00
[2024-04-16T21:32:44.534+0000] {processor.py:183} INFO - Processing /home/airflow/.local/lib/python3.10/site-packages/airflow/example_dags/example_branch_python_dop_operator_3.py took 0.158 seconds
[2024-04-16T21:33:51.153+0000] {processor.py:161} INFO - Started process (PID=60) to work on /home/airflow/.local/lib/python3.10/site-packages/airflow/example_dags/example_branch_python_dop_operator_3.py
[2024-04-16T21:33:51.154+0000] {processor.py:830} INFO - Processing file /home/airflow/.local/lib/python3.10/site-packages/airflow/example_dags/example_branch_python_dop_operator_3.py for tasks to queue
[2024-04-16T21:33:51.156+0000] {logging_mixin.py:188} INFO - [2024-04-16T21:33:51.155+0000] {dagbag.py:540} INFO - Filling up the DagBag from /home/airflow/.local/lib/python3.10/site-packages/airflow/example_dags/example_branch_python_dop_operator_3.py
[2024-04-16T21:33:51.164+0000] {processor.py:840} INFO - DAG(s) 'example_branch_dop_operator_v3' retrieved from /home/airflow/.local/lib/python3.10/site-packages/airflow/example_dags/example_branch_python_dop_operator_3.py
[2024-04-16T21:33:51.175+0000] {logging_mixin.py:188} INFO - [2024-04-16T21:33:51.175+0000] {dag.py:3047} INFO - Sync 1 DAGs
[2024-04-16T21:33:51.200+0000] {logging_mixin.py:188} INFO - [2024-04-16T21:33:51.200+0000] {dag.py:3834} INFO - Setting next_dagrun for example_branch_dop_operator_v3 to 2024-04-16 21:32:00+00:00, run_after=2024-04-16 21:33:00+00:00
[2024-04-16T21:33:51.220+0000] {processor.py:183} INFO - Processing /home/airflow/.local/lib/python3.10/site-packages/airflow/example_dags/example_branch_python_dop_operator_3.py took 0.069 seconds
[2024-04-16T21:34:22.484+0000] {processor.py:161} INFO - Started process (PID=117) to work on /home/airflow/.local/lib/python3.10/site-packages/airflow/example_dags/example_branch_python_dop_operator_3.py
[2024-04-16T21:34:22.485+0000] {processor.py:830} INFO - Processing file /home/airflow/.local/lib/python3.10/site-packages/airflow/example_dags/example_branch_python_dop_operator_3.py for tasks to queue
[2024-04-16T21:34:22.487+0000] {logging_mixin.py:188} INFO - [2024-04-16T21:34:22.487+0000] {dagbag.py:540} INFO - Filling up the DagBag from /home/airflow/.local/lib/python3.10/site-packages/airflow/example_dags/example_branch_python_dop_operator_3.py
[2024-04-16T21:34:22.497+0000] {processor.py:840} INFO - DAG(s) 'example_branch_dop_operator_v3' retrieved from /home/airflow/.local/lib/python3.10/site-packages/airflow/example_dags/example_branch_python_dop_operator_3.py
[2024-04-16T21:34:22.589+0000] {logging_mixin.py:188} INFO - [2024-04-16T21:34:22.588+0000] {dag.py:3047} INFO - Sync 1 DAGs
[2024-04-16T21:34:22.613+0000] {logging_mixin.py:188} INFO - [2024-04-16T21:34:22.613+0000] {dag.py:3834} INFO - Setting next_dagrun for example_branch_dop_operator_v3 to 2024-04-16 21:33:00+00:00, run_after=2024-04-16 21:34:00+00:00
[2024-04-16T21:34:22.680+0000] {processor.py:183} INFO - Processing /home/airflow/.local/lib/python3.10/site-packages/airflow/example_dags/example_branch_python_dop_operator_3.py took 0.200 seconds
[2024-04-16T21:34:53.592+0000] {processor.py:161} INFO - Started process (PID=174) to work on /home/airflow/.local/lib/python3.10/site-packages/airflow/example_dags/example_branch_python_dop_operator_3.py
[2024-04-16T21:34:53.593+0000] {processor.py:830} INFO - Processing file /home/airflow/.local/lib/python3.10/site-packages/airflow/example_dags/example_branch_python_dop_operator_3.py for tasks to queue
[2024-04-16T21:34:53.595+0000] {logging_mixin.py:188} INFO - [2024-04-16T21:34:53.594+0000] {dagbag.py:540} INFO - Filling up the DagBag from /home/airflow/.local/lib/python3.10/site-packages/airflow/example_dags/example_branch_python_dop_operator_3.py
[2024-04-16T21:34:53.605+0000] {processor.py:840} INFO - DAG(s) 'example_branch_dop_operator_v3' retrieved from /home/airflow/.local/lib/python3.10/site-packages/airflow/example_dags/example_branch_python_dop_operator_3.py
[2024-04-16T21:34:53.624+0000] {logging_mixin.py:188} INFO - [2024-04-16T21:34:53.624+0000] {dag.py:3047} INFO - Sync 1 DAGs
[2024-04-16T21:34:53.647+0000] {logging_mixin.py:188} INFO - [2024-04-16T21:34:53.647+0000] {dag.py:3834} INFO - Setting next_dagrun for example_branch_dop_operator_v3 to 2024-04-16 21:33:00+00:00, run_after=2024-04-16 21:34:00+00:00
[2024-04-16T21:34:53.665+0000] {processor.py:183} INFO - Processing /home/airflow/.local/lib/python3.10/site-packages/airflow/example_dags/example_branch_python_dop_operator_3.py took 0.076 seconds
[2024-04-16T21:35:23.728+0000] {processor.py:161} INFO - Started process (PID=231) to work on /home/airflow/.local/lib/python3.10/site-packages/airflow/example_dags/example_branch_python_dop_operator_3.py
[2024-04-16T21:35:23.728+0000] {processor.py:830} INFO - Processing file /home/airflow/.local/lib/python3.10/site-packages/airflow/example_dags/example_branch_python_dop_operator_3.py for tasks to queue
[2024-04-16T21:35:23.730+0000] {logging_mixin.py:188} INFO - [2024-04-16T21:35:23.730+0000] {dagbag.py:540} INFO - Filling up the DagBag from /home/airflow/.local/lib/python3.10/site-packages/airflow/example_dags/example_branch_python_dop_operator_3.py
[2024-04-16T21:35:23.737+0000] {processor.py:840} INFO - DAG(s) 'example_branch_dop_operator_v3' retrieved from /home/airflow/.local/lib/python3.10/site-packages/airflow/example_dags/example_branch_python_dop_operator_3.py
[2024-04-16T21:35:23.757+0000] {logging_mixin.py:188} INFO - [2024-04-16T21:35:23.757+0000] {dag.py:3047} INFO - Sync 1 DAGs
[2024-04-16T21:35:23.779+0000] {logging_mixin.py:188} INFO - [2024-04-16T21:35:23.779+0000] {dag.py:3834} INFO - Setting next_dagrun for example_branch_dop_operator_v3 to 2024-04-16 21:34:00+00:00, run_after=2024-04-16 21:35:00+00:00
[2024-04-16T21:35:23.796+0000] {processor.py:183} INFO - Processing /home/airflow/.local/lib/python3.10/site-packages/airflow/example_dags/example_branch_python_dop_operator_3.py took 0.071 seconds
[2024-04-16T21:35:54.658+0000] {processor.py:161} INFO - Started process (PID=288) to work on /home/airflow/.local/lib/python3.10/site-packages/airflow/example_dags/example_branch_python_dop_operator_3.py
[2024-04-16T21:35:54.659+0000] {processor.py:830} INFO - Processing file /home/airflow/.local/lib/python3.10/site-packages/airflow/example_dags/example_branch_python_dop_operator_3.py for tasks to queue
[2024-04-16T21:35:54.660+0000] {logging_mixin.py:188} INFO - [2024-04-16T21:35:54.660+0000] {dagbag.py:540} INFO - Filling up the DagBag from /home/airflow/.local/lib/python3.10/site-packages/airflow/example_dags/example_branch_python_dop_operator_3.py
[2024-04-16T21:35:54.668+0000] {processor.py:840} INFO - DAG(s) 'example_branch_dop_operator_v3' retrieved from /home/airflow/.local/lib/python3.10/site-packages/airflow/example_dags/example_branch_python_dop_operator_3.py
[2024-04-16T21:35:54.687+0000] {logging_mixin.py:188} INFO - [2024-04-16T21:35:54.686+0000] {dag.py:3047} INFO - Sync 1 DAGs
[2024-04-16T21:35:54.711+0000] {logging_mixin.py:188} INFO - [2024-04-16T21:35:54.711+0000] {dag.py:3834} INFO - Setting next_dagrun for example_branch_dop_operator_v3 to 2024-04-16 21:34:00+00:00, run_after=2024-04-16 21:35:00+00:00
[2024-04-16T21:35:54.729+0000] {processor.py:183} INFO - Processing /home/airflow/.local/lib/python3.10/site-packages/airflow/example_dags/example_branch_python_dop_operator_3.py took 0.074 seconds
[2024-04-16T21:36:25.187+0000] {processor.py:161} INFO - Started process (PID=345) to work on /home/airflow/.local/lib/python3.10/site-packages/airflow/example_dags/example_branch_python_dop_operator_3.py
[2024-04-16T21:36:25.188+0000] {processor.py:830} INFO - Processing file /home/airflow/.local/lib/python3.10/site-packages/airflow/example_dags/example_branch_python_dop_operator_3.py for tasks to queue
[2024-04-16T21:36:25.189+0000] {logging_mixin.py:188} INFO - [2024-04-16T21:36:25.189+0000] {dagbag.py:540} INFO - Filling up the DagBag from /home/airflow/.local/lib/python3.10/site-packages/airflow/example_dags/example_branch_python_dop_operator_3.py
[2024-04-16T21:36:25.197+0000] {processor.py:840} INFO - DAG(s) 'example_branch_dop_operator_v3' retrieved from /home/airflow/.local/lib/python3.10/site-packages/airflow/example_dags/example_branch_python_dop_operator_3.py
[2024-04-16T21:36:25.215+0000] {logging_mixin.py:188} INFO - [2024-04-16T21:36:25.215+0000] {dag.py:3047} INFO - Sync 1 DAGs
[2024-04-16T21:36:25.240+0000] {logging_mixin.py:188} INFO - [2024-04-16T21:36:25.239+0000] {dag.py:3834} INFO - Setting next_dagrun for example_branch_dop_operator_v3 to 2024-04-16 21:35:00+00:00, run_after=2024-04-16 21:36:00+00:00
[2024-04-16T21:36:25.258+0000] {processor.py:183} INFO - Processing /home/airflow/.local/lib/python3.10/site-packages/airflow/example_dags/example_branch_python_dop_operator_3.py took 0.074 seconds
[2024-04-16T21:36:55.831+0000] {processor.py:161} INFO - Started process (PID=402) to work on /home/airflow/.local/lib/python3.10/site-packages/airflow/example_dags/example_branch_python_dop_operator_3.py
[2024-04-16T21:36:55.832+0000] {processor.py:830} INFO - Processing file /home/airflow/.local/lib/python3.10/site-packages/airflow/example_dags/example_branch_python_dop_operator_3.py for tasks to queue
[2024-04-16T21:36:55.833+0000] {logging_mixin.py:188} INFO - [2024-04-16T21:36:55.833+0000] {dagbag.py:540} INFO - Filling up the DagBag from /home/airflow/.local/lib/python3.10/site-packages/airflow/example_dags/example_branch_python_dop_operator_3.py
[2024-04-16T21:36:55.841+0000] {processor.py:840} INFO - DAG(s) 'example_branch_dop_operator_v3' retrieved from /home/airflow/.local/lib/python3.10/site-packages/airflow/example_dags/example_branch_python_dop_operator_3.py
[2024-04-16T21:36:55.859+0000] {logging_mixin.py:188} INFO - [2024-04-16T21:36:55.859+0000] {dag.py:3047} INFO - Sync 1 DAGs
[2024-04-16T21:36:55.884+0000] {logging_mixin.py:188} INFO - [2024-04-16T21:36:55.883+0000] {dag.py:3834} INFO - Setting next_dagrun for example_branch_dop_operator_v3 to 2024-04-16 21:35:00+00:00, run_after=2024-04-16 21:36:00+00:00
[2024-04-16T21:36:55.903+0000] {processor.py:183} INFO - Processing /home/airflow/.local/lib/python3.10/site-packages/airflow/example_dags/example_branch_python_dop_operator_3.py took 0.075 seconds
[2024-04-16T21:37:26.371+0000] {processor.py:161} INFO - Started process (PID=459) to work on /home/airflow/.local/lib/python3.10/site-packages/airflow/example_dags/example_branch_python_dop_operator_3.py
[2024-04-16T21:37:26.372+0000] {processor.py:830} INFO - Processing file /home/airflow/.local/lib/python3.10/site-packages/airflow/example_dags/example_branch_python_dop_operator_3.py for tasks to queue
[2024-04-16T21:37:26.374+0000] {logging_mixin.py:188} INFO - [2024-04-16T21:37:26.374+0000] {dagbag.py:540} INFO - Filling up the DagBag from /home/airflow/.local/lib/python3.10/site-packages/airflow/example_dags/example_branch_python_dop_operator_3.py
[2024-04-16T21:37:26.382+0000] {processor.py:840} INFO - DAG(s) 'example_branch_dop_operator_v3' retrieved from /home/airflow/.local/lib/python3.10/site-packages/airflow/example_dags/example_branch_python_dop_operator_3.py
[2024-04-16T21:37:26.403+0000] {logging_mixin.py:188} INFO - [2024-04-16T21:37:26.403+0000] {dag.py:3047} INFO - Sync 1 DAGs
[2024-04-16T21:37:26.426+0000] {logging_mixin.py:188} INFO - [2024-04-16T21:37:26.426+0000] {dag.py:3834} INFO - Setting next_dagrun for example_branch_dop_operator_v3 to 2024-04-16 21:36:00+00:00, run_after=2024-04-16 21:37:00+00:00
[2024-04-16T21:37:26.449+0000] {processor.py:183} INFO - Processing /home/airflow/.local/lib/python3.10/site-packages/airflow/example_dags/example_branch_python_dop_operator_3.py took 0.081 seconds
[2024-04-16T21:37:57.040+0000] {processor.py:161} INFO - Started process (PID=516) to work on /home/airflow/.local/lib/python3.10/site-packages/airflow/example_dags/example_branch_python_dop_operator_3.py
[2024-04-16T21:37:57.041+0000] {processor.py:830} INFO - Processing file /home/airflow/.local/lib/python3.10/site-packages/airflow/example_dags/example_branch_python_dop_operator_3.py for tasks to queue
[2024-04-16T21:37:57.043+0000] {logging_mixin.py:188} INFO - [2024-04-16T21:37:57.042+0000] {dagbag.py:540} INFO - Filling up the DagBag from /home/airflow/.local/lib/python3.10/site-packages/airflow/example_dags/example_branch_python_dop_operator_3.py
[2024-04-16T21:37:57.051+0000] {processor.py:840} INFO - DAG(s) 'example_branch_dop_operator_v3' retrieved from /home/airflow/.local/lib/python3.10/site-packages/airflow/example_dags/example_branch_python_dop_operator_3.py
[2024-04-16T21:37:57.069+0000] {logging_mixin.py:188} INFO - [2024-04-16T21:37:57.068+0000] {dag.py:3047} INFO - Sync 1 DAGs
[2024-04-16T21:37:57.093+0000] {logging_mixin.py:188} INFO - [2024-04-16T21:37:57.092+0000] {dag.py:3834} INFO - Setting next_dagrun for example_branch_dop_operator_v3 to 2024-04-16 21:36:00+00:00, run_after=2024-04-16 21:37:00+00:00
[2024-04-16T21:37:57.110+0000] {processor.py:183} INFO - Processing /home/airflow/.local/lib/python3.10/site-packages/airflow/example_dags/example_branch_python_dop_operator_3.py took 0.072 seconds
