[2024-04-16T21:29:12.280+0000] {processor.py:161} INFO - Started process (PID=65) to work on /home/airflow/.local/lib/python3.10/site-packages/airflow/example_dags/example_local_kubernetes_executor.py
[2024-04-16T21:29:12.280+0000] {processor.py:830} INFO - Processing file /home/airflow/.local/lib/python3.10/site-packages/airflow/example_dags/example_local_kubernetes_executor.py for tasks to queue
[2024-04-16T21:29:12.282+0000] {logging_mixin.py:188} INFO - [2024-04-16T21:29:12.282+0000] {dagbag.py:540} INFO - Filling up the DagBag from /home/airflow/.local/lib/python3.10/site-packages/airflow/example_dags/example_local_kubernetes_executor.py
[2024-04-16T21:29:12.290+0000] {processor.py:840} INFO - DAG(s) 'example_local_kubernetes_executor' retrieved from /home/airflow/.local/lib/python3.10/site-packages/airflow/example_dags/example_local_kubernetes_executor.py
[2024-04-16T21:29:12.300+0000] {logging_mixin.py:188} INFO - [2024-04-16T21:29:12.300+0000] {dag.py:3047} INFO - Sync 1 DAGs
[2024-04-16T21:29:12.314+0000] {logging_mixin.py:188} INFO - [2024-04-16T21:29:12.313+0000] {dag.py:3834} INFO - Setting next_dagrun for example_local_kubernetes_executor to None, run_after=None
[2024-04-16T21:29:12.332+0000] {processor.py:183} INFO - Processing /home/airflow/.local/lib/python3.10/site-packages/airflow/example_dags/example_local_kubernetes_executor.py took 0.055 seconds
[2024-04-16T21:29:43.994+0000] {processor.py:161} INFO - Started process (PID=120) to work on /home/airflow/.local/lib/python3.10/site-packages/airflow/example_dags/example_local_kubernetes_executor.py
[2024-04-16T21:29:43.995+0000] {processor.py:830} INFO - Processing file /home/airflow/.local/lib/python3.10/site-packages/airflow/example_dags/example_local_kubernetes_executor.py for tasks to queue
[2024-04-16T21:29:43.997+0000] {logging_mixin.py:188} INFO - [2024-04-16T21:29:43.997+0000] {dagbag.py:540} INFO - Filling up the DagBag from /home/airflow/.local/lib/python3.10/site-packages/airflow/example_dags/example_local_kubernetes_executor.py
[2024-04-16T21:29:44.005+0000] {processor.py:840} INFO - DAG(s) 'example_local_kubernetes_executor' retrieved from /home/airflow/.local/lib/python3.10/site-packages/airflow/example_dags/example_local_kubernetes_executor.py
[2024-04-16T21:29:44.104+0000] {logging_mixin.py:188} INFO - [2024-04-16T21:29:44.103+0000] {dag.py:3047} INFO - Sync 1 DAGs
[2024-04-16T21:29:44.114+0000] {logging_mixin.py:188} INFO - [2024-04-16T21:29:44.114+0000] {dag.py:3834} INFO - Setting next_dagrun for example_local_kubernetes_executor to None, run_after=None
[2024-04-16T21:29:44.132+0000] {processor.py:183} INFO - Processing /home/airflow/.local/lib/python3.10/site-packages/airflow/example_dags/example_local_kubernetes_executor.py took 0.141 seconds
[2024-04-16T21:30:14.176+0000] {processor.py:161} INFO - Started process (PID=175) to work on /home/airflow/.local/lib/python3.10/site-packages/airflow/example_dags/example_local_kubernetes_executor.py
[2024-04-16T21:30:14.177+0000] {processor.py:830} INFO - Processing file /home/airflow/.local/lib/python3.10/site-packages/airflow/example_dags/example_local_kubernetes_executor.py for tasks to queue
[2024-04-16T21:30:14.179+0000] {logging_mixin.py:188} INFO - [2024-04-16T21:30:14.178+0000] {dagbag.py:540} INFO - Filling up the DagBag from /home/airflow/.local/lib/python3.10/site-packages/airflow/example_dags/example_local_kubernetes_executor.py
[2024-04-16T21:30:14.185+0000] {processor.py:840} INFO - DAG(s) 'example_local_kubernetes_executor' retrieved from /home/airflow/.local/lib/python3.10/site-packages/airflow/example_dags/example_local_kubernetes_executor.py
[2024-04-16T21:30:14.214+0000] {logging_mixin.py:188} INFO - [2024-04-16T21:30:14.214+0000] {dag.py:3047} INFO - Sync 1 DAGs
[2024-04-16T21:30:14.225+0000] {logging_mixin.py:188} INFO - [2024-04-16T21:30:14.225+0000] {dag.py:3834} INFO - Setting next_dagrun for example_local_kubernetes_executor to None, run_after=None
[2024-04-16T21:30:14.242+0000] {processor.py:183} INFO - Processing /home/airflow/.local/lib/python3.10/site-packages/airflow/example_dags/example_local_kubernetes_executor.py took 0.069 seconds
[2024-04-16T21:30:44.543+0000] {processor.py:161} INFO - Started process (PID=230) to work on /home/airflow/.local/lib/python3.10/site-packages/airflow/example_dags/example_local_kubernetes_executor.py
[2024-04-16T21:30:44.544+0000] {processor.py:830} INFO - Processing file /home/airflow/.local/lib/python3.10/site-packages/airflow/example_dags/example_local_kubernetes_executor.py for tasks to queue
[2024-04-16T21:30:44.546+0000] {logging_mixin.py:188} INFO - [2024-04-16T21:30:44.546+0000] {dagbag.py:540} INFO - Filling up the DagBag from /home/airflow/.local/lib/python3.10/site-packages/airflow/example_dags/example_local_kubernetes_executor.py
[2024-04-16T21:30:44.555+0000] {processor.py:840} INFO - DAG(s) 'example_local_kubernetes_executor' retrieved from /home/airflow/.local/lib/python3.10/site-packages/airflow/example_dags/example_local_kubernetes_executor.py
[2024-04-16T21:30:44.594+0000] {logging_mixin.py:188} INFO - [2024-04-16T21:30:44.594+0000] {dag.py:3047} INFO - Sync 1 DAGs
[2024-04-16T21:30:44.608+0000] {logging_mixin.py:188} INFO - [2024-04-16T21:30:44.608+0000] {dag.py:3834} INFO - Setting next_dagrun for example_local_kubernetes_executor to None, run_after=None
[2024-04-16T21:30:44.628+0000] {processor.py:183} INFO - Processing /home/airflow/.local/lib/python3.10/site-packages/airflow/example_dags/example_local_kubernetes_executor.py took 0.088 seconds
[2024-04-16T21:31:15.504+0000] {processor.py:161} INFO - Started process (PID=285) to work on /home/airflow/.local/lib/python3.10/site-packages/airflow/example_dags/example_local_kubernetes_executor.py
[2024-04-16T21:31:15.505+0000] {processor.py:830} INFO - Processing file /home/airflow/.local/lib/python3.10/site-packages/airflow/example_dags/example_local_kubernetes_executor.py for tasks to queue
[2024-04-16T21:31:15.507+0000] {logging_mixin.py:188} INFO - [2024-04-16T21:31:15.507+0000] {dagbag.py:540} INFO - Filling up the DagBag from /home/airflow/.local/lib/python3.10/site-packages/airflow/example_dags/example_local_kubernetes_executor.py
[2024-04-16T21:31:15.516+0000] {processor.py:840} INFO - DAG(s) 'example_local_kubernetes_executor' retrieved from /home/airflow/.local/lib/python3.10/site-packages/airflow/example_dags/example_local_kubernetes_executor.py
[2024-04-16T21:31:15.552+0000] {logging_mixin.py:188} INFO - [2024-04-16T21:31:15.551+0000] {dag.py:3047} INFO - Sync 1 DAGs
[2024-04-16T21:31:15.564+0000] {logging_mixin.py:188} INFO - [2024-04-16T21:31:15.564+0000] {dag.py:3834} INFO - Setting next_dagrun for example_local_kubernetes_executor to None, run_after=None
[2024-04-16T21:31:15.585+0000] {processor.py:183} INFO - Processing /home/airflow/.local/lib/python3.10/site-packages/airflow/example_dags/example_local_kubernetes_executor.py took 0.084 seconds
[2024-04-16T21:32:13.219+0000] {processor.py:161} INFO - Started process (PID=67) to work on /home/airflow/.local/lib/python3.10/site-packages/airflow/example_dags/example_local_kubernetes_executor.py
[2024-04-16T21:32:13.220+0000] {processor.py:830} INFO - Processing file /home/airflow/.local/lib/python3.10/site-packages/airflow/example_dags/example_local_kubernetes_executor.py for tasks to queue
[2024-04-16T21:32:13.223+0000] {logging_mixin.py:188} INFO - [2024-04-16T21:32:13.222+0000] {dagbag.py:540} INFO - Filling up the DagBag from /home/airflow/.local/lib/python3.10/site-packages/airflow/example_dags/example_local_kubernetes_executor.py
[2024-04-16T21:32:13.229+0000] {processor.py:840} INFO - DAG(s) 'example_local_kubernetes_executor' retrieved from /home/airflow/.local/lib/python3.10/site-packages/airflow/example_dags/example_local_kubernetes_executor.py
[2024-04-16T21:32:13.240+0000] {logging_mixin.py:188} INFO - [2024-04-16T21:32:13.240+0000] {dag.py:3047} INFO - Sync 1 DAGs
[2024-04-16T21:32:13.259+0000] {logging_mixin.py:188} INFO - [2024-04-16T21:32:13.258+0000] {dag.py:3834} INFO - Setting next_dagrun for example_local_kubernetes_executor to None, run_after=None
[2024-04-16T21:32:13.276+0000] {processor.py:183} INFO - Processing /home/airflow/.local/lib/python3.10/site-packages/airflow/example_dags/example_local_kubernetes_executor.py took 0.060 seconds
[2024-04-16T21:32:44.969+0000] {processor.py:161} INFO - Started process (PID=124) to work on /home/airflow/.local/lib/python3.10/site-packages/airflow/example_dags/example_local_kubernetes_executor.py
[2024-04-16T21:32:44.970+0000] {processor.py:830} INFO - Processing file /home/airflow/.local/lib/python3.10/site-packages/airflow/example_dags/example_local_kubernetes_executor.py for tasks to queue
[2024-04-16T21:32:44.972+0000] {logging_mixin.py:188} INFO - [2024-04-16T21:32:44.972+0000] {dagbag.py:540} INFO - Filling up the DagBag from /home/airflow/.local/lib/python3.10/site-packages/airflow/example_dags/example_local_kubernetes_executor.py
[2024-04-16T21:32:44.979+0000] {processor.py:840} INFO - DAG(s) 'example_local_kubernetes_executor' retrieved from /home/airflow/.local/lib/python3.10/site-packages/airflow/example_dags/example_local_kubernetes_executor.py
[2024-04-16T21:32:45.076+0000] {logging_mixin.py:188} INFO - [2024-04-16T21:32:45.076+0000] {dag.py:3047} INFO - Sync 1 DAGs
[2024-04-16T21:32:45.085+0000] {logging_mixin.py:188} INFO - [2024-04-16T21:32:45.085+0000] {dag.py:3834} INFO - Setting next_dagrun for example_local_kubernetes_executor to None, run_after=None
[2024-04-16T21:32:45.101+0000] {processor.py:183} INFO - Processing /home/airflow/.local/lib/python3.10/site-packages/airflow/example_dags/example_local_kubernetes_executor.py took 0.136 seconds
[2024-04-16T21:33:51.521+0000] {processor.py:161} INFO - Started process (PID=67) to work on /home/airflow/.local/lib/python3.10/site-packages/airflow/example_dags/example_local_kubernetes_executor.py
[2024-04-16T21:33:51.522+0000] {processor.py:830} INFO - Processing file /home/airflow/.local/lib/python3.10/site-packages/airflow/example_dags/example_local_kubernetes_executor.py for tasks to queue
[2024-04-16T21:33:51.524+0000] {logging_mixin.py:188} INFO - [2024-04-16T21:33:51.524+0000] {dagbag.py:540} INFO - Filling up the DagBag from /home/airflow/.local/lib/python3.10/site-packages/airflow/example_dags/example_local_kubernetes_executor.py
[2024-04-16T21:33:51.531+0000] {processor.py:840} INFO - DAG(s) 'example_local_kubernetes_executor' retrieved from /home/airflow/.local/lib/python3.10/site-packages/airflow/example_dags/example_local_kubernetes_executor.py
[2024-04-16T21:33:51.541+0000] {logging_mixin.py:188} INFO - [2024-04-16T21:33:51.541+0000] {dag.py:3047} INFO - Sync 1 DAGs
[2024-04-16T21:33:51.554+0000] {logging_mixin.py:188} INFO - [2024-04-16T21:33:51.554+0000] {dag.py:3834} INFO - Setting next_dagrun for example_local_kubernetes_executor to None, run_after=None
[2024-04-16T21:33:51.574+0000] {processor.py:183} INFO - Processing /home/airflow/.local/lib/python3.10/site-packages/airflow/example_dags/example_local_kubernetes_executor.py took 0.056 seconds
[2024-04-16T21:34:23.304+0000] {processor.py:161} INFO - Started process (PID=124) to work on /home/airflow/.local/lib/python3.10/site-packages/airflow/example_dags/example_local_kubernetes_executor.py
[2024-04-16T21:34:23.305+0000] {processor.py:830} INFO - Processing file /home/airflow/.local/lib/python3.10/site-packages/airflow/example_dags/example_local_kubernetes_executor.py for tasks to queue
[2024-04-16T21:34:23.307+0000] {logging_mixin.py:188} INFO - [2024-04-16T21:34:23.307+0000] {dagbag.py:540} INFO - Filling up the DagBag from /home/airflow/.local/lib/python3.10/site-packages/airflow/example_dags/example_local_kubernetes_executor.py
[2024-04-16T21:34:23.314+0000] {processor.py:840} INFO - DAG(s) 'example_local_kubernetes_executor' retrieved from /home/airflow/.local/lib/python3.10/site-packages/airflow/example_dags/example_local_kubernetes_executor.py
[2024-04-16T21:34:23.433+0000] {logging_mixin.py:188} INFO - [2024-04-16T21:34:23.433+0000] {dag.py:3047} INFO - Sync 1 DAGs
[2024-04-16T21:34:23.445+0000] {logging_mixin.py:188} INFO - [2024-04-16T21:34:23.445+0000] {dag.py:3834} INFO - Setting next_dagrun for example_local_kubernetes_executor to None, run_after=None
[2024-04-16T21:34:23.463+0000] {processor.py:183} INFO - Processing /home/airflow/.local/lib/python3.10/site-packages/airflow/example_dags/example_local_kubernetes_executor.py took 0.162 seconds
[2024-04-16T21:34:53.992+0000] {processor.py:161} INFO - Started process (PID=181) to work on /home/airflow/.local/lib/python3.10/site-packages/airflow/example_dags/example_local_kubernetes_executor.py
[2024-04-16T21:34:53.993+0000] {processor.py:830} INFO - Processing file /home/airflow/.local/lib/python3.10/site-packages/airflow/example_dags/example_local_kubernetes_executor.py for tasks to queue
[2024-04-16T21:34:53.995+0000] {logging_mixin.py:188} INFO - [2024-04-16T21:34:53.995+0000] {dagbag.py:540} INFO - Filling up the DagBag from /home/airflow/.local/lib/python3.10/site-packages/airflow/example_dags/example_local_kubernetes_executor.py
[2024-04-16T21:34:54.004+0000] {processor.py:840} INFO - DAG(s) 'example_local_kubernetes_executor' retrieved from /home/airflow/.local/lib/python3.10/site-packages/airflow/example_dags/example_local_kubernetes_executor.py
[2024-04-16T21:34:54.036+0000] {logging_mixin.py:188} INFO - [2024-04-16T21:34:54.035+0000] {dag.py:3047} INFO - Sync 1 DAGs
[2024-04-16T21:34:54.048+0000] {logging_mixin.py:188} INFO - [2024-04-16T21:34:54.048+0000] {dag.py:3834} INFO - Setting next_dagrun for example_local_kubernetes_executor to None, run_after=None
[2024-04-16T21:34:54.067+0000] {processor.py:183} INFO - Processing /home/airflow/.local/lib/python3.10/site-packages/airflow/example_dags/example_local_kubernetes_executor.py took 0.078 seconds
[2024-04-16T21:35:24.116+0000] {processor.py:161} INFO - Started process (PID=238) to work on /home/airflow/.local/lib/python3.10/site-packages/airflow/example_dags/example_local_kubernetes_executor.py
[2024-04-16T21:35:24.117+0000] {processor.py:830} INFO - Processing file /home/airflow/.local/lib/python3.10/site-packages/airflow/example_dags/example_local_kubernetes_executor.py for tasks to queue
[2024-04-16T21:35:24.119+0000] {logging_mixin.py:188} INFO - [2024-04-16T21:35:24.119+0000] {dagbag.py:540} INFO - Filling up the DagBag from /home/airflow/.local/lib/python3.10/site-packages/airflow/example_dags/example_local_kubernetes_executor.py
[2024-04-16T21:35:24.126+0000] {processor.py:840} INFO - DAG(s) 'example_local_kubernetes_executor' retrieved from /home/airflow/.local/lib/python3.10/site-packages/airflow/example_dags/example_local_kubernetes_executor.py
[2024-04-16T21:35:24.158+0000] {logging_mixin.py:188} INFO - [2024-04-16T21:35:24.158+0000] {dag.py:3047} INFO - Sync 1 DAGs
[2024-04-16T21:35:24.170+0000] {logging_mixin.py:188} INFO - [2024-04-16T21:35:24.169+0000] {dag.py:3834} INFO - Setting next_dagrun for example_local_kubernetes_executor to None, run_after=None
[2024-04-16T21:35:24.187+0000] {processor.py:183} INFO - Processing /home/airflow/.local/lib/python3.10/site-packages/airflow/example_dags/example_local_kubernetes_executor.py took 0.074 seconds
[2024-04-16T21:35:55.029+0000] {processor.py:161} INFO - Started process (PID=295) to work on /home/airflow/.local/lib/python3.10/site-packages/airflow/example_dags/example_local_kubernetes_executor.py
[2024-04-16T21:35:55.030+0000] {processor.py:830} INFO - Processing file /home/airflow/.local/lib/python3.10/site-packages/airflow/example_dags/example_local_kubernetes_executor.py for tasks to queue
[2024-04-16T21:35:55.032+0000] {logging_mixin.py:188} INFO - [2024-04-16T21:35:55.032+0000] {dagbag.py:540} INFO - Filling up the DagBag from /home/airflow/.local/lib/python3.10/site-packages/airflow/example_dags/example_local_kubernetes_executor.py
[2024-04-16T21:35:55.039+0000] {processor.py:840} INFO - DAG(s) 'example_local_kubernetes_executor' retrieved from /home/airflow/.local/lib/python3.10/site-packages/airflow/example_dags/example_local_kubernetes_executor.py
[2024-04-16T21:35:55.069+0000] {logging_mixin.py:188} INFO - [2024-04-16T21:35:55.068+0000] {dag.py:3047} INFO - Sync 1 DAGs
[2024-04-16T21:35:55.080+0000] {logging_mixin.py:188} INFO - [2024-04-16T21:35:55.079+0000] {dag.py:3834} INFO - Setting next_dagrun for example_local_kubernetes_executor to None, run_after=None
[2024-04-16T21:35:55.099+0000] {processor.py:183} INFO - Processing /home/airflow/.local/lib/python3.10/site-packages/airflow/example_dags/example_local_kubernetes_executor.py took 0.075 seconds
[2024-04-16T21:36:25.551+0000] {processor.py:161} INFO - Started process (PID=352) to work on /home/airflow/.local/lib/python3.10/site-packages/airflow/example_dags/example_local_kubernetes_executor.py
[2024-04-16T21:36:25.552+0000] {processor.py:830} INFO - Processing file /home/airflow/.local/lib/python3.10/site-packages/airflow/example_dags/example_local_kubernetes_executor.py for tasks to queue
[2024-04-16T21:36:25.554+0000] {logging_mixin.py:188} INFO - [2024-04-16T21:36:25.554+0000] {dagbag.py:540} INFO - Filling up the DagBag from /home/airflow/.local/lib/python3.10/site-packages/airflow/example_dags/example_local_kubernetes_executor.py
[2024-04-16T21:36:25.562+0000] {processor.py:840} INFO - DAG(s) 'example_local_kubernetes_executor' retrieved from /home/airflow/.local/lib/python3.10/site-packages/airflow/example_dags/example_local_kubernetes_executor.py
[2024-04-16T21:36:25.595+0000] {logging_mixin.py:188} INFO - [2024-04-16T21:36:25.595+0000] {dag.py:3047} INFO - Sync 1 DAGs
[2024-04-16T21:36:25.609+0000] {logging_mixin.py:188} INFO - [2024-04-16T21:36:25.609+0000] {dag.py:3834} INFO - Setting next_dagrun for example_local_kubernetes_executor to None, run_after=None
[2024-04-16T21:36:25.627+0000] {processor.py:183} INFO - Processing /home/airflow/.local/lib/python3.10/site-packages/airflow/example_dags/example_local_kubernetes_executor.py took 0.079 seconds
[2024-04-16T21:36:56.205+0000] {processor.py:161} INFO - Started process (PID=409) to work on /home/airflow/.local/lib/python3.10/site-packages/airflow/example_dags/example_local_kubernetes_executor.py
[2024-04-16T21:36:56.206+0000] {processor.py:830} INFO - Processing file /home/airflow/.local/lib/python3.10/site-packages/airflow/example_dags/example_local_kubernetes_executor.py for tasks to queue
[2024-04-16T21:36:56.208+0000] {logging_mixin.py:188} INFO - [2024-04-16T21:36:56.208+0000] {dagbag.py:540} INFO - Filling up the DagBag from /home/airflow/.local/lib/python3.10/site-packages/airflow/example_dags/example_local_kubernetes_executor.py
[2024-04-16T21:36:56.215+0000] {processor.py:840} INFO - DAG(s) 'example_local_kubernetes_executor' retrieved from /home/airflow/.local/lib/python3.10/site-packages/airflow/example_dags/example_local_kubernetes_executor.py
[2024-04-16T21:36:56.251+0000] {logging_mixin.py:188} INFO - [2024-04-16T21:36:56.251+0000] {dag.py:3047} INFO - Sync 1 DAGs
[2024-04-16T21:36:56.263+0000] {logging_mixin.py:188} INFO - [2024-04-16T21:36:56.263+0000] {dag.py:3834} INFO - Setting next_dagrun for example_local_kubernetes_executor to None, run_after=None
[2024-04-16T21:36:56.283+0000] {processor.py:183} INFO - Processing /home/airflow/.local/lib/python3.10/site-packages/airflow/example_dags/example_local_kubernetes_executor.py took 0.081 seconds
[2024-04-16T21:37:26.750+0000] {processor.py:161} INFO - Started process (PID=466) to work on /home/airflow/.local/lib/python3.10/site-packages/airflow/example_dags/example_local_kubernetes_executor.py
[2024-04-16T21:37:26.751+0000] {processor.py:830} INFO - Processing file /home/airflow/.local/lib/python3.10/site-packages/airflow/example_dags/example_local_kubernetes_executor.py for tasks to queue
[2024-04-16T21:37:26.753+0000] {logging_mixin.py:188} INFO - [2024-04-16T21:37:26.752+0000] {dagbag.py:540} INFO - Filling up the DagBag from /home/airflow/.local/lib/python3.10/site-packages/airflow/example_dags/example_local_kubernetes_executor.py
[2024-04-16T21:37:26.760+0000] {processor.py:840} INFO - DAG(s) 'example_local_kubernetes_executor' retrieved from /home/airflow/.local/lib/python3.10/site-packages/airflow/example_dags/example_local_kubernetes_executor.py
[2024-04-16T21:37:26.791+0000] {logging_mixin.py:188} INFO - [2024-04-16T21:37:26.790+0000] {dag.py:3047} INFO - Sync 1 DAGs
[2024-04-16T21:37:26.802+0000] {logging_mixin.py:188} INFO - [2024-04-16T21:37:26.801+0000] {dag.py:3834} INFO - Setting next_dagrun for example_local_kubernetes_executor to None, run_after=None
[2024-04-16T21:37:26.819+0000] {processor.py:183} INFO - Processing /home/airflow/.local/lib/python3.10/site-packages/airflow/example_dags/example_local_kubernetes_executor.py took 0.072 seconds
[2024-04-16T21:37:57.406+0000] {processor.py:161} INFO - Started process (PID=523) to work on /home/airflow/.local/lib/python3.10/site-packages/airflow/example_dags/example_local_kubernetes_executor.py
[2024-04-16T21:37:57.407+0000] {processor.py:830} INFO - Processing file /home/airflow/.local/lib/python3.10/site-packages/airflow/example_dags/example_local_kubernetes_executor.py for tasks to queue
[2024-04-16T21:37:57.409+0000] {logging_mixin.py:188} INFO - [2024-04-16T21:37:57.409+0000] {dagbag.py:540} INFO - Filling up the DagBag from /home/airflow/.local/lib/python3.10/site-packages/airflow/example_dags/example_local_kubernetes_executor.py
[2024-04-16T21:37:57.416+0000] {processor.py:840} INFO - DAG(s) 'example_local_kubernetes_executor' retrieved from /home/airflow/.local/lib/python3.10/site-packages/airflow/example_dags/example_local_kubernetes_executor.py
[2024-04-16T21:37:57.446+0000] {logging_mixin.py:188} INFO - [2024-04-16T21:37:57.446+0000] {dag.py:3047} INFO - Sync 1 DAGs
[2024-04-16T21:37:57.457+0000] {logging_mixin.py:188} INFO - [2024-04-16T21:37:57.457+0000] {dag.py:3834} INFO - Setting next_dagrun for example_local_kubernetes_executor to None, run_after=None
[2024-04-16T21:37:57.478+0000] {processor.py:183} INFO - Processing /home/airflow/.local/lib/python3.10/site-packages/airflow/example_dags/example_local_kubernetes_executor.py took 0.075 seconds
[2024-04-16T21:38:28.031+0000] {processor.py:161} INFO - Started process (PID=580) to work on /home/airflow/.local/lib/python3.10/site-packages/airflow/example_dags/example_local_kubernetes_executor.py
[2024-04-16T21:38:28.032+0000] {processor.py:830} INFO - Processing file /home/airflow/.local/lib/python3.10/site-packages/airflow/example_dags/example_local_kubernetes_executor.py for tasks to queue
[2024-04-16T21:38:28.033+0000] {logging_mixin.py:188} INFO - [2024-04-16T21:38:28.033+0000] {dagbag.py:540} INFO - Filling up the DagBag from /home/airflow/.local/lib/python3.10/site-packages/airflow/example_dags/example_local_kubernetes_executor.py
[2024-04-16T21:38:28.041+0000] {processor.py:840} INFO - DAG(s) 'example_local_kubernetes_executor' retrieved from /home/airflow/.local/lib/python3.10/site-packages/airflow/example_dags/example_local_kubernetes_executor.py
[2024-04-16T21:38:28.072+0000] {logging_mixin.py:188} INFO - [2024-04-16T21:38:28.072+0000] {dag.py:3047} INFO - Sync 1 DAGs
[2024-04-16T21:38:28.083+0000] {logging_mixin.py:188} INFO - [2024-04-16T21:38:28.083+0000] {dag.py:3834} INFO - Setting next_dagrun for example_local_kubernetes_executor to None, run_after=None
[2024-04-16T21:38:28.100+0000] {processor.py:183} INFO - Processing /home/airflow/.local/lib/python3.10/site-packages/airflow/example_dags/example_local_kubernetes_executor.py took 0.073 seconds
[2024-04-16T21:38:58.685+0000] {processor.py:161} INFO - Started process (PID=637) to work on /home/airflow/.local/lib/python3.10/site-packages/airflow/example_dags/example_local_kubernetes_executor.py
[2024-04-16T21:38:58.686+0000] {processor.py:830} INFO - Processing file /home/airflow/.local/lib/python3.10/site-packages/airflow/example_dags/example_local_kubernetes_executor.py for tasks to queue
[2024-04-16T21:38:58.688+0000] {logging_mixin.py:188} INFO - [2024-04-16T21:38:58.688+0000] {dagbag.py:540} INFO - Filling up the DagBag from /home/airflow/.local/lib/python3.10/site-packages/airflow/example_dags/example_local_kubernetes_executor.py
[2024-04-16T21:38:58.695+0000] {processor.py:840} INFO - DAG(s) 'example_local_kubernetes_executor' retrieved from /home/airflow/.local/lib/python3.10/site-packages/airflow/example_dags/example_local_kubernetes_executor.py
[2024-04-16T21:38:58.728+0000] {logging_mixin.py:188} INFO - [2024-04-16T21:38:58.728+0000] {dag.py:3047} INFO - Sync 1 DAGs
[2024-04-16T21:38:58.740+0000] {logging_mixin.py:188} INFO - [2024-04-16T21:38:58.740+0000] {dag.py:3834} INFO - Setting next_dagrun for example_local_kubernetes_executor to None, run_after=None
[2024-04-16T21:38:58.758+0000] {processor.py:183} INFO - Processing /home/airflow/.local/lib/python3.10/site-packages/airflow/example_dags/example_local_kubernetes_executor.py took 0.076 seconds
[2024-04-16T21:39:29.404+0000] {processor.py:161} INFO - Started process (PID=694) to work on /home/airflow/.local/lib/python3.10/site-packages/airflow/example_dags/example_local_kubernetes_executor.py
[2024-04-16T21:39:29.405+0000] {processor.py:830} INFO - Processing file /home/airflow/.local/lib/python3.10/site-packages/airflow/example_dags/example_local_kubernetes_executor.py for tasks to queue
[2024-04-16T21:39:29.407+0000] {logging_mixin.py:188} INFO - [2024-04-16T21:39:29.406+0000] {dagbag.py:540} INFO - Filling up the DagBag from /home/airflow/.local/lib/python3.10/site-packages/airflow/example_dags/example_local_kubernetes_executor.py
[2024-04-16T21:39:29.413+0000] {processor.py:840} INFO - DAG(s) 'example_local_kubernetes_executor' retrieved from /home/airflow/.local/lib/python3.10/site-packages/airflow/example_dags/example_local_kubernetes_executor.py
[2024-04-16T21:39:29.445+0000] {logging_mixin.py:188} INFO - [2024-04-16T21:39:29.445+0000] {dag.py:3047} INFO - Sync 1 DAGs
[2024-04-16T21:39:29.458+0000] {logging_mixin.py:188} INFO - [2024-04-16T21:39:29.458+0000] {dag.py:3834} INFO - Setting next_dagrun for example_local_kubernetes_executor to None, run_after=None
[2024-04-16T21:39:29.476+0000] {processor.py:183} INFO - Processing /home/airflow/.local/lib/python3.10/site-packages/airflow/example_dags/example_local_kubernetes_executor.py took 0.076 seconds
[2024-04-16T21:40:00.054+0000] {processor.py:161} INFO - Started process (PID=751) to work on /home/airflow/.local/lib/python3.10/site-packages/airflow/example_dags/example_local_kubernetes_executor.py
[2024-04-16T21:40:00.055+0000] {processor.py:830} INFO - Processing file /home/airflow/.local/lib/python3.10/site-packages/airflow/example_dags/example_local_kubernetes_executor.py for tasks to queue
[2024-04-16T21:40:00.057+0000] {logging_mixin.py:188} INFO - [2024-04-16T21:40:00.057+0000] {dagbag.py:540} INFO - Filling up the DagBag from /home/airflow/.local/lib/python3.10/site-packages/airflow/example_dags/example_local_kubernetes_executor.py
[2024-04-16T21:40:00.065+0000] {processor.py:840} INFO - DAG(s) 'example_local_kubernetes_executor' retrieved from /home/airflow/.local/lib/python3.10/site-packages/airflow/example_dags/example_local_kubernetes_executor.py
[2024-04-16T21:40:00.097+0000] {logging_mixin.py:188} INFO - [2024-04-16T21:40:00.097+0000] {dag.py:3047} INFO - Sync 1 DAGs
[2024-04-16T21:40:00.109+0000] {logging_mixin.py:188} INFO - [2024-04-16T21:40:00.109+0000] {dag.py:3834} INFO - Setting next_dagrun for example_local_kubernetes_executor to None, run_after=None
[2024-04-16T21:40:00.128+0000] {processor.py:183} INFO - Processing /home/airflow/.local/lib/python3.10/site-packages/airflow/example_dags/example_local_kubernetes_executor.py took 0.077 seconds
[2024-04-16T21:40:30.647+0000] {processor.py:161} INFO - Started process (PID=808) to work on /home/airflow/.local/lib/python3.10/site-packages/airflow/example_dags/example_local_kubernetes_executor.py
[2024-04-16T21:40:30.648+0000] {processor.py:830} INFO - Processing file /home/airflow/.local/lib/python3.10/site-packages/airflow/example_dags/example_local_kubernetes_executor.py for tasks to queue
[2024-04-16T21:40:30.650+0000] {logging_mixin.py:188} INFO - [2024-04-16T21:40:30.650+0000] {dagbag.py:540} INFO - Filling up the DagBag from /home/airflow/.local/lib/python3.10/site-packages/airflow/example_dags/example_local_kubernetes_executor.py
[2024-04-16T21:40:30.657+0000] {processor.py:840} INFO - DAG(s) 'example_local_kubernetes_executor' retrieved from /home/airflow/.local/lib/python3.10/site-packages/airflow/example_dags/example_local_kubernetes_executor.py
[2024-04-16T21:40:30.691+0000] {logging_mixin.py:188} INFO - [2024-04-16T21:40:30.691+0000] {dag.py:3047} INFO - Sync 1 DAGs
[2024-04-16T21:40:30.702+0000] {logging_mixin.py:188} INFO - [2024-04-16T21:40:30.702+0000] {dag.py:3834} INFO - Setting next_dagrun for example_local_kubernetes_executor to None, run_after=None
[2024-04-16T21:40:30.721+0000] {processor.py:183} INFO - Processing /home/airflow/.local/lib/python3.10/site-packages/airflow/example_dags/example_local_kubernetes_executor.py took 0.077 seconds
[2024-04-16T21:41:01.153+0000] {processor.py:161} INFO - Started process (PID=865) to work on /home/airflow/.local/lib/python3.10/site-packages/airflow/example_dags/example_local_kubernetes_executor.py
[2024-04-16T21:41:01.154+0000] {processor.py:830} INFO - Processing file /home/airflow/.local/lib/python3.10/site-packages/airflow/example_dags/example_local_kubernetes_executor.py for tasks to queue
[2024-04-16T21:41:01.156+0000] {logging_mixin.py:188} INFO - [2024-04-16T21:41:01.155+0000] {dagbag.py:540} INFO - Filling up the DagBag from /home/airflow/.local/lib/python3.10/site-packages/airflow/example_dags/example_local_kubernetes_executor.py
[2024-04-16T21:41:01.163+0000] {processor.py:840} INFO - DAG(s) 'example_local_kubernetes_executor' retrieved from /home/airflow/.local/lib/python3.10/site-packages/airflow/example_dags/example_local_kubernetes_executor.py
[2024-04-16T21:41:01.196+0000] {logging_mixin.py:188} INFO - [2024-04-16T21:41:01.196+0000] {dag.py:3047} INFO - Sync 1 DAGs
[2024-04-16T21:41:01.207+0000] {logging_mixin.py:188} INFO - [2024-04-16T21:41:01.207+0000] {dag.py:3834} INFO - Setting next_dagrun for example_local_kubernetes_executor to None, run_after=None
[2024-04-16T21:41:01.228+0000] {processor.py:183} INFO - Processing /home/airflow/.local/lib/python3.10/site-packages/airflow/example_dags/example_local_kubernetes_executor.py took 0.078 seconds
[2024-04-16T21:41:31.655+0000] {processor.py:161} INFO - Started process (PID=922) to work on /home/airflow/.local/lib/python3.10/site-packages/airflow/example_dags/example_local_kubernetes_executor.py
[2024-04-16T21:41:31.656+0000] {processor.py:830} INFO - Processing file /home/airflow/.local/lib/python3.10/site-packages/airflow/example_dags/example_local_kubernetes_executor.py for tasks to queue
[2024-04-16T21:41:31.658+0000] {logging_mixin.py:188} INFO - [2024-04-16T21:41:31.657+0000] {dagbag.py:540} INFO - Filling up the DagBag from /home/airflow/.local/lib/python3.10/site-packages/airflow/example_dags/example_local_kubernetes_executor.py
[2024-04-16T21:41:31.665+0000] {processor.py:840} INFO - DAG(s) 'example_local_kubernetes_executor' retrieved from /home/airflow/.local/lib/python3.10/site-packages/airflow/example_dags/example_local_kubernetes_executor.py
[2024-04-16T21:41:31.696+0000] {logging_mixin.py:188} INFO - [2024-04-16T21:41:31.695+0000] {dag.py:3047} INFO - Sync 1 DAGs
[2024-04-16T21:41:31.706+0000] {logging_mixin.py:188} INFO - [2024-04-16T21:41:31.706+0000] {dag.py:3834} INFO - Setting next_dagrun for example_local_kubernetes_executor to None, run_after=None
[2024-04-16T21:41:31.723+0000] {processor.py:183} INFO - Processing /home/airflow/.local/lib/python3.10/site-packages/airflow/example_dags/example_local_kubernetes_executor.py took 0.071 seconds
[2024-04-16T21:42:02.123+0000] {processor.py:161} INFO - Started process (PID=979) to work on /home/airflow/.local/lib/python3.10/site-packages/airflow/example_dags/example_local_kubernetes_executor.py
[2024-04-16T21:42:02.124+0000] {processor.py:830} INFO - Processing file /home/airflow/.local/lib/python3.10/site-packages/airflow/example_dags/example_local_kubernetes_executor.py for tasks to queue
[2024-04-16T21:42:02.126+0000] {logging_mixin.py:188} INFO - [2024-04-16T21:42:02.126+0000] {dagbag.py:540} INFO - Filling up the DagBag from /home/airflow/.local/lib/python3.10/site-packages/airflow/example_dags/example_local_kubernetes_executor.py
[2024-04-16T21:42:02.133+0000] {processor.py:840} INFO - DAG(s) 'example_local_kubernetes_executor' retrieved from /home/airflow/.local/lib/python3.10/site-packages/airflow/example_dags/example_local_kubernetes_executor.py
[2024-04-16T21:42:02.165+0000] {logging_mixin.py:188} INFO - [2024-04-16T21:42:02.165+0000] {dag.py:3047} INFO - Sync 1 DAGs
[2024-04-16T21:42:02.177+0000] {logging_mixin.py:188} INFO - [2024-04-16T21:42:02.176+0000] {dag.py:3834} INFO - Setting next_dagrun for example_local_kubernetes_executor to None, run_after=None
[2024-04-16T21:42:02.196+0000] {processor.py:183} INFO - Processing /home/airflow/.local/lib/python3.10/site-packages/airflow/example_dags/example_local_kubernetes_executor.py took 0.076 seconds
[2024-04-16T21:42:32.604+0000] {processor.py:161} INFO - Started process (PID=1036) to work on /home/airflow/.local/lib/python3.10/site-packages/airflow/example_dags/example_local_kubernetes_executor.py
[2024-04-16T21:42:32.605+0000] {processor.py:830} INFO - Processing file /home/airflow/.local/lib/python3.10/site-packages/airflow/example_dags/example_local_kubernetes_executor.py for tasks to queue
[2024-04-16T21:42:32.607+0000] {logging_mixin.py:188} INFO - [2024-04-16T21:42:32.606+0000] {dagbag.py:540} INFO - Filling up the DagBag from /home/airflow/.local/lib/python3.10/site-packages/airflow/example_dags/example_local_kubernetes_executor.py
[2024-04-16T21:42:32.614+0000] {processor.py:840} INFO - DAG(s) 'example_local_kubernetes_executor' retrieved from /home/airflow/.local/lib/python3.10/site-packages/airflow/example_dags/example_local_kubernetes_executor.py
[2024-04-16T21:42:32.644+0000] {logging_mixin.py:188} INFO - [2024-04-16T21:42:32.644+0000] {dag.py:3047} INFO - Sync 1 DAGs
[2024-04-16T21:42:32.655+0000] {logging_mixin.py:188} INFO - [2024-04-16T21:42:32.655+0000] {dag.py:3834} INFO - Setting next_dagrun for example_local_kubernetes_executor to None, run_after=None
[2024-04-16T21:42:32.673+0000] {processor.py:183} INFO - Processing /home/airflow/.local/lib/python3.10/site-packages/airflow/example_dags/example_local_kubernetes_executor.py took 0.072 seconds
[2024-04-16T21:43:03.142+0000] {processor.py:161} INFO - Started process (PID=1093) to work on /home/airflow/.local/lib/python3.10/site-packages/airflow/example_dags/example_local_kubernetes_executor.py
[2024-04-16T21:43:03.143+0000] {processor.py:830} INFO - Processing file /home/airflow/.local/lib/python3.10/site-packages/airflow/example_dags/example_local_kubernetes_executor.py for tasks to queue
[2024-04-16T21:43:03.145+0000] {logging_mixin.py:188} INFO - [2024-04-16T21:43:03.145+0000] {dagbag.py:540} INFO - Filling up the DagBag from /home/airflow/.local/lib/python3.10/site-packages/airflow/example_dags/example_local_kubernetes_executor.py
[2024-04-16T21:43:03.152+0000] {processor.py:840} INFO - DAG(s) 'example_local_kubernetes_executor' retrieved from /home/airflow/.local/lib/python3.10/site-packages/airflow/example_dags/example_local_kubernetes_executor.py
[2024-04-16T21:43:03.183+0000] {logging_mixin.py:188} INFO - [2024-04-16T21:43:03.183+0000] {dag.py:3047} INFO - Sync 1 DAGs
[2024-04-16T21:43:03.197+0000] {logging_mixin.py:188} INFO - [2024-04-16T21:43:03.197+0000] {dag.py:3834} INFO - Setting next_dagrun for example_local_kubernetes_executor to None, run_after=None
[2024-04-16T21:43:03.214+0000] {processor.py:183} INFO - Processing /home/airflow/.local/lib/python3.10/site-packages/airflow/example_dags/example_local_kubernetes_executor.py took 0.075 seconds
[2024-04-16T21:43:33.724+0000] {processor.py:161} INFO - Started process (PID=1150) to work on /home/airflow/.local/lib/python3.10/site-packages/airflow/example_dags/example_local_kubernetes_executor.py
[2024-04-16T21:43:33.725+0000] {processor.py:830} INFO - Processing file /home/airflow/.local/lib/python3.10/site-packages/airflow/example_dags/example_local_kubernetes_executor.py for tasks to queue
[2024-04-16T21:43:33.726+0000] {logging_mixin.py:188} INFO - [2024-04-16T21:43:33.726+0000] {dagbag.py:540} INFO - Filling up the DagBag from /home/airflow/.local/lib/python3.10/site-packages/airflow/example_dags/example_local_kubernetes_executor.py
[2024-04-16T21:43:33.734+0000] {processor.py:840} INFO - DAG(s) 'example_local_kubernetes_executor' retrieved from /home/airflow/.local/lib/python3.10/site-packages/airflow/example_dags/example_local_kubernetes_executor.py
[2024-04-16T21:43:33.766+0000] {logging_mixin.py:188} INFO - [2024-04-16T21:43:33.766+0000] {dag.py:3047} INFO - Sync 1 DAGs
[2024-04-16T21:43:33.778+0000] {logging_mixin.py:188} INFO - [2024-04-16T21:43:33.777+0000] {dag.py:3834} INFO - Setting next_dagrun for example_local_kubernetes_executor to None, run_after=None
[2024-04-16T21:43:33.797+0000] {processor.py:183} INFO - Processing /home/airflow/.local/lib/python3.10/site-packages/airflow/example_dags/example_local_kubernetes_executor.py took 0.077 seconds
[2024-04-16T21:44:04.278+0000] {processor.py:161} INFO - Started process (PID=1207) to work on /home/airflow/.local/lib/python3.10/site-packages/airflow/example_dags/example_local_kubernetes_executor.py
[2024-04-16T21:44:04.279+0000] {processor.py:830} INFO - Processing file /home/airflow/.local/lib/python3.10/site-packages/airflow/example_dags/example_local_kubernetes_executor.py for tasks to queue
[2024-04-16T21:44:04.281+0000] {logging_mixin.py:188} INFO - [2024-04-16T21:44:04.281+0000] {dagbag.py:540} INFO - Filling up the DagBag from /home/airflow/.local/lib/python3.10/site-packages/airflow/example_dags/example_local_kubernetes_executor.py
[2024-04-16T21:44:04.288+0000] {processor.py:840} INFO - DAG(s) 'example_local_kubernetes_executor' retrieved from /home/airflow/.local/lib/python3.10/site-packages/airflow/example_dags/example_local_kubernetes_executor.py
[2024-04-16T21:44:04.319+0000] {logging_mixin.py:188} INFO - [2024-04-16T21:44:04.319+0000] {dag.py:3047} INFO - Sync 1 DAGs
[2024-04-16T21:44:04.331+0000] {logging_mixin.py:188} INFO - [2024-04-16T21:44:04.331+0000] {dag.py:3834} INFO - Setting next_dagrun for example_local_kubernetes_executor to None, run_after=None
[2024-04-16T21:44:04.349+0000] {processor.py:183} INFO - Processing /home/airflow/.local/lib/python3.10/site-packages/airflow/example_dags/example_local_kubernetes_executor.py took 0.074 seconds
[2024-04-16T21:44:34.842+0000] {processor.py:161} INFO - Started process (PID=1264) to work on /home/airflow/.local/lib/python3.10/site-packages/airflow/example_dags/example_local_kubernetes_executor.py
[2024-04-16T21:44:34.843+0000] {processor.py:830} INFO - Processing file /home/airflow/.local/lib/python3.10/site-packages/airflow/example_dags/example_local_kubernetes_executor.py for tasks to queue
[2024-04-16T21:44:34.846+0000] {logging_mixin.py:188} INFO - [2024-04-16T21:44:34.846+0000] {dagbag.py:540} INFO - Filling up the DagBag from /home/airflow/.local/lib/python3.10/site-packages/airflow/example_dags/example_local_kubernetes_executor.py
[2024-04-16T21:44:34.856+0000] {processor.py:840} INFO - DAG(s) 'example_local_kubernetes_executor' retrieved from /home/airflow/.local/lib/python3.10/site-packages/airflow/example_dags/example_local_kubernetes_executor.py
[2024-04-16T21:44:34.891+0000] {logging_mixin.py:188} INFO - [2024-04-16T21:44:34.891+0000] {dag.py:3047} INFO - Sync 1 DAGs
[2024-04-16T21:44:34.902+0000] {logging_mixin.py:188} INFO - [2024-04-16T21:44:34.902+0000] {dag.py:3834} INFO - Setting next_dagrun for example_local_kubernetes_executor to None, run_after=None
[2024-04-16T21:44:34.921+0000] {processor.py:183} INFO - Processing /home/airflow/.local/lib/python3.10/site-packages/airflow/example_dags/example_local_kubernetes_executor.py took 0.083 seconds
[2024-04-16T21:45:05.503+0000] {processor.py:161} INFO - Started process (PID=1321) to work on /home/airflow/.local/lib/python3.10/site-packages/airflow/example_dags/example_local_kubernetes_executor.py
[2024-04-16T21:45:05.504+0000] {processor.py:830} INFO - Processing file /home/airflow/.local/lib/python3.10/site-packages/airflow/example_dags/example_local_kubernetes_executor.py for tasks to queue
[2024-04-16T21:45:05.506+0000] {logging_mixin.py:188} INFO - [2024-04-16T21:45:05.505+0000] {dagbag.py:540} INFO - Filling up the DagBag from /home/airflow/.local/lib/python3.10/site-packages/airflow/example_dags/example_local_kubernetes_executor.py
[2024-04-16T21:45:05.513+0000] {processor.py:840} INFO - DAG(s) 'example_local_kubernetes_executor' retrieved from /home/airflow/.local/lib/python3.10/site-packages/airflow/example_dags/example_local_kubernetes_executor.py
[2024-04-16T21:45:05.543+0000] {logging_mixin.py:188} INFO - [2024-04-16T21:45:05.543+0000] {dag.py:3047} INFO - Sync 1 DAGs
[2024-04-16T21:45:05.554+0000] {logging_mixin.py:188} INFO - [2024-04-16T21:45:05.554+0000] {dag.py:3834} INFO - Setting next_dagrun for example_local_kubernetes_executor to None, run_after=None
[2024-04-16T21:45:05.571+0000] {processor.py:183} INFO - Processing /home/airflow/.local/lib/python3.10/site-packages/airflow/example_dags/example_local_kubernetes_executor.py took 0.071 seconds
[2024-04-16T21:45:36.024+0000] {processor.py:161} INFO - Started process (PID=1378) to work on /home/airflow/.local/lib/python3.10/site-packages/airflow/example_dags/example_local_kubernetes_executor.py
[2024-04-16T21:45:36.025+0000] {processor.py:830} INFO - Processing file /home/airflow/.local/lib/python3.10/site-packages/airflow/example_dags/example_local_kubernetes_executor.py for tasks to queue
[2024-04-16T21:45:36.027+0000] {logging_mixin.py:188} INFO - [2024-04-16T21:45:36.027+0000] {dagbag.py:540} INFO - Filling up the DagBag from /home/airflow/.local/lib/python3.10/site-packages/airflow/example_dags/example_local_kubernetes_executor.py
[2024-04-16T21:45:36.034+0000] {processor.py:840} INFO - DAG(s) 'example_local_kubernetes_executor' retrieved from /home/airflow/.local/lib/python3.10/site-packages/airflow/example_dags/example_local_kubernetes_executor.py
[2024-04-16T21:45:36.065+0000] {logging_mixin.py:188} INFO - [2024-04-16T21:45:36.065+0000] {dag.py:3047} INFO - Sync 1 DAGs
[2024-04-16T21:45:36.077+0000] {logging_mixin.py:188} INFO - [2024-04-16T21:45:36.077+0000] {dag.py:3834} INFO - Setting next_dagrun for example_local_kubernetes_executor to None, run_after=None
[2024-04-16T21:45:36.097+0000] {processor.py:183} INFO - Processing /home/airflow/.local/lib/python3.10/site-packages/airflow/example_dags/example_local_kubernetes_executor.py took 0.076 seconds
