[2024-04-16T21:29:11.831+0000] {processor.py:161} INFO - Started process (PID=57) to work on /home/airflow/.local/lib/python3.10/site-packages/airflow/example_dags/example_complex.py
[2024-04-16T21:29:11.832+0000] {processor.py:830} INFO - Processing file /home/airflow/.local/lib/python3.10/site-packages/airflow/example_dags/example_complex.py for tasks to queue
[2024-04-16T21:29:11.834+0000] {logging_mixin.py:188} INFO - [2024-04-16T21:29:11.834+0000] {dagbag.py:540} INFO - Filling up the DagBag from /home/airflow/.local/lib/python3.10/site-packages/airflow/example_dags/example_complex.py
[2024-04-16T21:29:11.846+0000] {processor.py:840} INFO - DAG(s) 'example_complex' retrieved from /home/airflow/.local/lib/python3.10/site-packages/airflow/example_dags/example_complex.py
[2024-04-16T21:29:11.858+0000] {logging_mixin.py:188} INFO - [2024-04-16T21:29:11.858+0000] {dag.py:3047} INFO - Sync 1 DAGs
[2024-04-16T21:29:11.873+0000] {logging_mixin.py:188} INFO - [2024-04-16T21:29:11.873+0000] {dag.py:3834} INFO - Setting next_dagrun for example_complex to None, run_after=None
[2024-04-16T21:29:11.891+0000] {processor.py:183} INFO - Processing /home/airflow/.local/lib/python3.10/site-packages/airflow/example_dags/example_complex.py took 0.064 seconds
[2024-04-16T21:29:43.324+0000] {processor.py:161} INFO - Started process (PID=112) to work on /home/airflow/.local/lib/python3.10/site-packages/airflow/example_dags/example_complex.py
[2024-04-16T21:29:43.326+0000] {processor.py:830} INFO - Processing file /home/airflow/.local/lib/python3.10/site-packages/airflow/example_dags/example_complex.py for tasks to queue
[2024-04-16T21:29:43.329+0000] {logging_mixin.py:188} INFO - [2024-04-16T21:29:43.329+0000] {dagbag.py:540} INFO - Filling up the DagBag from /home/airflow/.local/lib/python3.10/site-packages/airflow/example_dags/example_complex.py
[2024-04-16T21:29:43.343+0000] {processor.py:840} INFO - DAG(s) 'example_complex' retrieved from /home/airflow/.local/lib/python3.10/site-packages/airflow/example_dags/example_complex.py
[2024-04-16T21:29:43.459+0000] {logging_mixin.py:188} INFO - [2024-04-16T21:29:43.459+0000] {dag.py:3047} INFO - Sync 1 DAGs
[2024-04-16T21:29:43.469+0000] {logging_mixin.py:188} INFO - [2024-04-16T21:29:43.469+0000] {dag.py:3834} INFO - Setting next_dagrun for example_complex to None, run_after=None
[2024-04-16T21:29:43.486+0000] {processor.py:183} INFO - Processing /home/airflow/.local/lib/python3.10/site-packages/airflow/example_dags/example_complex.py took 0.166 seconds
[2024-04-16T21:30:13.730+0000] {processor.py:161} INFO - Started process (PID=167) to work on /home/airflow/.local/lib/python3.10/site-packages/airflow/example_dags/example_complex.py
[2024-04-16T21:30:13.731+0000] {processor.py:830} INFO - Processing file /home/airflow/.local/lib/python3.10/site-packages/airflow/example_dags/example_complex.py for tasks to queue
[2024-04-16T21:30:13.733+0000] {logging_mixin.py:188} INFO - [2024-04-16T21:30:13.733+0000] {dagbag.py:540} INFO - Filling up the DagBag from /home/airflow/.local/lib/python3.10/site-packages/airflow/example_dags/example_complex.py
[2024-04-16T21:30:13.743+0000] {processor.py:840} INFO - DAG(s) 'example_complex' retrieved from /home/airflow/.local/lib/python3.10/site-packages/airflow/example_dags/example_complex.py
[2024-04-16T21:30:13.771+0000] {logging_mixin.py:188} INFO - [2024-04-16T21:30:13.771+0000] {dag.py:3047} INFO - Sync 1 DAGs
[2024-04-16T21:30:13.782+0000] {logging_mixin.py:188} INFO - [2024-04-16T21:30:13.782+0000] {dag.py:3834} INFO - Setting next_dagrun for example_complex to None, run_after=None
[2024-04-16T21:30:13.799+0000] {processor.py:183} INFO - Processing /home/airflow/.local/lib/python3.10/site-packages/airflow/example_dags/example_complex.py took 0.072 seconds
[2024-04-16T21:30:44.167+0000] {processor.py:161} INFO - Started process (PID=222) to work on /home/airflow/.local/lib/python3.10/site-packages/airflow/example_dags/example_complex.py
[2024-04-16T21:30:44.168+0000] {processor.py:830} INFO - Processing file /home/airflow/.local/lib/python3.10/site-packages/airflow/example_dags/example_complex.py for tasks to queue
[2024-04-16T21:30:44.170+0000] {logging_mixin.py:188} INFO - [2024-04-16T21:30:44.170+0000] {dagbag.py:540} INFO - Filling up the DagBag from /home/airflow/.local/lib/python3.10/site-packages/airflow/example_dags/example_complex.py
[2024-04-16T21:30:44.180+0000] {processor.py:840} INFO - DAG(s) 'example_complex' retrieved from /home/airflow/.local/lib/python3.10/site-packages/airflow/example_dags/example_complex.py
[2024-04-16T21:30:44.206+0000] {logging_mixin.py:188} INFO - [2024-04-16T21:30:44.206+0000] {dag.py:3047} INFO - Sync 1 DAGs
[2024-04-16T21:30:44.217+0000] {logging_mixin.py:188} INFO - [2024-04-16T21:30:44.217+0000] {dag.py:3834} INFO - Setting next_dagrun for example_complex to None, run_after=None
[2024-04-16T21:30:44.234+0000] {processor.py:183} INFO - Processing /home/airflow/.local/lib/python3.10/site-packages/airflow/example_dags/example_complex.py took 0.070 seconds
[2024-04-16T21:31:15.019+0000] {processor.py:161} INFO - Started process (PID=277) to work on /home/airflow/.local/lib/python3.10/site-packages/airflow/example_dags/example_complex.py
[2024-04-16T21:31:15.020+0000] {processor.py:830} INFO - Processing file /home/airflow/.local/lib/python3.10/site-packages/airflow/example_dags/example_complex.py for tasks to queue
[2024-04-16T21:31:15.022+0000] {logging_mixin.py:188} INFO - [2024-04-16T21:31:15.022+0000] {dagbag.py:540} INFO - Filling up the DagBag from /home/airflow/.local/lib/python3.10/site-packages/airflow/example_dags/example_complex.py
[2024-04-16T21:31:15.033+0000] {processor.py:840} INFO - DAG(s) 'example_complex' retrieved from /home/airflow/.local/lib/python3.10/site-packages/airflow/example_dags/example_complex.py
[2024-04-16T21:31:15.063+0000] {logging_mixin.py:188} INFO - [2024-04-16T21:31:15.062+0000] {dag.py:3047} INFO - Sync 1 DAGs
[2024-04-16T21:31:15.075+0000] {logging_mixin.py:188} INFO - [2024-04-16T21:31:15.075+0000] {dag.py:3834} INFO - Setting next_dagrun for example_complex to None, run_after=None
[2024-04-16T21:31:15.095+0000] {processor.py:183} INFO - Processing /home/airflow/.local/lib/python3.10/site-packages/airflow/example_dags/example_complex.py took 0.079 seconds
[2024-04-16T21:32:12.780+0000] {processor.py:161} INFO - Started process (PID=59) to work on /home/airflow/.local/lib/python3.10/site-packages/airflow/example_dags/example_complex.py
[2024-04-16T21:32:12.781+0000] {processor.py:830} INFO - Processing file /home/airflow/.local/lib/python3.10/site-packages/airflow/example_dags/example_complex.py for tasks to queue
[2024-04-16T21:32:12.783+0000] {logging_mixin.py:188} INFO - [2024-04-16T21:32:12.783+0000] {dagbag.py:540} INFO - Filling up the DagBag from /home/airflow/.local/lib/python3.10/site-packages/airflow/example_dags/example_complex.py
[2024-04-16T21:32:12.796+0000] {processor.py:840} INFO - DAG(s) 'example_complex' retrieved from /home/airflow/.local/lib/python3.10/site-packages/airflow/example_dags/example_complex.py
[2024-04-16T21:32:12.808+0000] {logging_mixin.py:188} INFO - [2024-04-16T21:32:12.807+0000] {dag.py:3047} INFO - Sync 1 DAGs
[2024-04-16T21:32:12.822+0000] {logging_mixin.py:188} INFO - [2024-04-16T21:32:12.822+0000] {dag.py:3834} INFO - Setting next_dagrun for example_complex to None, run_after=None
[2024-04-16T21:32:12.841+0000] {processor.py:183} INFO - Processing /home/airflow/.local/lib/python3.10/site-packages/airflow/example_dags/example_complex.py took 0.065 seconds
[2024-04-16T21:32:44.330+0000] {processor.py:161} INFO - Started process (PID=116) to work on /home/airflow/.local/lib/python3.10/site-packages/airflow/example_dags/example_complex.py
[2024-04-16T21:32:44.331+0000] {processor.py:830} INFO - Processing file /home/airflow/.local/lib/python3.10/site-packages/airflow/example_dags/example_complex.py for tasks to queue
[2024-04-16T21:32:44.333+0000] {logging_mixin.py:188} INFO - [2024-04-16T21:32:44.333+0000] {dagbag.py:540} INFO - Filling up the DagBag from /home/airflow/.local/lib/python3.10/site-packages/airflow/example_dags/example_complex.py
[2024-04-16T21:32:44.343+0000] {processor.py:840} INFO - DAG(s) 'example_complex' retrieved from /home/airflow/.local/lib/python3.10/site-packages/airflow/example_dags/example_complex.py
[2024-04-16T21:32:44.454+0000] {logging_mixin.py:188} INFO - [2024-04-16T21:32:44.454+0000] {dag.py:3047} INFO - Sync 1 DAGs
[2024-04-16T21:32:44.467+0000] {logging_mixin.py:188} INFO - [2024-04-16T21:32:44.467+0000] {dag.py:3834} INFO - Setting next_dagrun for example_complex to None, run_after=None
[2024-04-16T21:32:44.491+0000] {processor.py:183} INFO - Processing /home/airflow/.local/lib/python3.10/site-packages/airflow/example_dags/example_complex.py took 0.164 seconds
[2024-04-16T21:33:51.081+0000] {processor.py:161} INFO - Started process (PID=59) to work on /home/airflow/.local/lib/python3.10/site-packages/airflow/example_dags/example_complex.py
[2024-04-16T21:33:51.082+0000] {processor.py:830} INFO - Processing file /home/airflow/.local/lib/python3.10/site-packages/airflow/example_dags/example_complex.py for tasks to queue
[2024-04-16T21:33:51.084+0000] {logging_mixin.py:188} INFO - [2024-04-16T21:33:51.084+0000] {dagbag.py:540} INFO - Filling up the DagBag from /home/airflow/.local/lib/python3.10/site-packages/airflow/example_dags/example_complex.py
[2024-04-16T21:33:51.096+0000] {processor.py:840} INFO - DAG(s) 'example_complex' retrieved from /home/airflow/.local/lib/python3.10/site-packages/airflow/example_dags/example_complex.py
[2024-04-16T21:33:51.108+0000] {logging_mixin.py:188} INFO - [2024-04-16T21:33:51.108+0000] {dag.py:3047} INFO - Sync 1 DAGs
[2024-04-16T21:33:51.120+0000] {logging_mixin.py:188} INFO - [2024-04-16T21:33:51.120+0000] {dag.py:3834} INFO - Setting next_dagrun for example_complex to None, run_after=None
[2024-04-16T21:33:51.141+0000] {processor.py:183} INFO - Processing /home/airflow/.local/lib/python3.10/site-packages/airflow/example_dags/example_complex.py took 0.064 seconds
[2024-04-16T21:34:22.434+0000] {processor.py:161} INFO - Started process (PID=116) to work on /home/airflow/.local/lib/python3.10/site-packages/airflow/example_dags/example_complex.py
[2024-04-16T21:34:22.435+0000] {processor.py:830} INFO - Processing file /home/airflow/.local/lib/python3.10/site-packages/airflow/example_dags/example_complex.py for tasks to queue
[2024-04-16T21:34:22.438+0000] {logging_mixin.py:188} INFO - [2024-04-16T21:34:22.437+0000] {dagbag.py:540} INFO - Filling up the DagBag from /home/airflow/.local/lib/python3.10/site-packages/airflow/example_dags/example_complex.py
[2024-04-16T21:34:22.448+0000] {processor.py:840} INFO - DAG(s) 'example_complex' retrieved from /home/airflow/.local/lib/python3.10/site-packages/airflow/example_dags/example_complex.py
[2024-04-16T21:34:22.554+0000] {logging_mixin.py:188} INFO - [2024-04-16T21:34:22.554+0000] {dag.py:3047} INFO - Sync 1 DAGs
[2024-04-16T21:34:22.565+0000] {logging_mixin.py:188} INFO - [2024-04-16T21:34:22.565+0000] {dag.py:3834} INFO - Setting next_dagrun for example_complex to None, run_after=None
[2024-04-16T21:34:22.617+0000] {processor.py:183} INFO - Processing /home/airflow/.local/lib/python3.10/site-packages/airflow/example_dags/example_complex.py took 0.187 seconds
[2024-04-16T21:34:53.592+0000] {processor.py:161} INFO - Started process (PID=173) to work on /home/airflow/.local/lib/python3.10/site-packages/airflow/example_dags/example_complex.py
[2024-04-16T21:34:53.593+0000] {processor.py:830} INFO - Processing file /home/airflow/.local/lib/python3.10/site-packages/airflow/example_dags/example_complex.py for tasks to queue
[2024-04-16T21:34:53.595+0000] {logging_mixin.py:188} INFO - [2024-04-16T21:34:53.594+0000] {dagbag.py:540} INFO - Filling up the DagBag from /home/airflow/.local/lib/python3.10/site-packages/airflow/example_dags/example_complex.py
[2024-04-16T21:34:53.608+0000] {processor.py:840} INFO - DAG(s) 'example_complex' retrieved from /home/airflow/.local/lib/python3.10/site-packages/airflow/example_dags/example_complex.py
[2024-04-16T21:34:53.634+0000] {logging_mixin.py:188} INFO - [2024-04-16T21:34:53.634+0000] {dag.py:3047} INFO - Sync 1 DAGs
[2024-04-16T21:34:53.645+0000] {logging_mixin.py:188} INFO - [2024-04-16T21:34:53.645+0000] {dag.py:3834} INFO - Setting next_dagrun for example_complex to None, run_after=None
[2024-04-16T21:34:53.663+0000] {processor.py:183} INFO - Processing /home/airflow/.local/lib/python3.10/site-packages/airflow/example_dags/example_complex.py took 0.074 seconds
[2024-04-16T21:35:23.727+0000] {processor.py:161} INFO - Started process (PID=230) to work on /home/airflow/.local/lib/python3.10/site-packages/airflow/example_dags/example_complex.py
[2024-04-16T21:35:23.728+0000] {processor.py:830} INFO - Processing file /home/airflow/.local/lib/python3.10/site-packages/airflow/example_dags/example_complex.py for tasks to queue
[2024-04-16T21:35:23.730+0000] {logging_mixin.py:188} INFO - [2024-04-16T21:35:23.730+0000] {dagbag.py:540} INFO - Filling up the DagBag from /home/airflow/.local/lib/python3.10/site-packages/airflow/example_dags/example_complex.py
[2024-04-16T21:35:23.739+0000] {processor.py:840} INFO - DAG(s) 'example_complex' retrieved from /home/airflow/.local/lib/python3.10/site-packages/airflow/example_dags/example_complex.py
[2024-04-16T21:35:23.767+0000] {logging_mixin.py:188} INFO - [2024-04-16T21:35:23.767+0000] {dag.py:3047} INFO - Sync 1 DAGs
[2024-04-16T21:35:23.778+0000] {logging_mixin.py:188} INFO - [2024-04-16T21:35:23.777+0000] {dag.py:3834} INFO - Setting next_dagrun for example_complex to None, run_after=None
[2024-04-16T21:35:23.795+0000] {processor.py:183} INFO - Processing /home/airflow/.local/lib/python3.10/site-packages/airflow/example_dags/example_complex.py took 0.070 seconds
[2024-04-16T21:35:54.657+0000] {processor.py:161} INFO - Started process (PID=287) to work on /home/airflow/.local/lib/python3.10/site-packages/airflow/example_dags/example_complex.py
[2024-04-16T21:35:54.658+0000] {processor.py:830} INFO - Processing file /home/airflow/.local/lib/python3.10/site-packages/airflow/example_dags/example_complex.py for tasks to queue
[2024-04-16T21:35:54.660+0000] {logging_mixin.py:188} INFO - [2024-04-16T21:35:54.659+0000] {dagbag.py:540} INFO - Filling up the DagBag from /home/airflow/.local/lib/python3.10/site-packages/airflow/example_dags/example_complex.py
[2024-04-16T21:35:54.669+0000] {processor.py:840} INFO - DAG(s) 'example_complex' retrieved from /home/airflow/.local/lib/python3.10/site-packages/airflow/example_dags/example_complex.py
[2024-04-16T21:35:54.695+0000] {logging_mixin.py:188} INFO - [2024-04-16T21:35:54.695+0000] {dag.py:3047} INFO - Sync 1 DAGs
[2024-04-16T21:35:54.708+0000] {logging_mixin.py:188} INFO - [2024-04-16T21:35:54.707+0000] {dag.py:3834} INFO - Setting next_dagrun for example_complex to None, run_after=None
[2024-04-16T21:35:54.727+0000] {processor.py:183} INFO - Processing /home/airflow/.local/lib/python3.10/site-packages/airflow/example_dags/example_complex.py took 0.073 seconds
[2024-04-16T21:36:25.186+0000] {processor.py:161} INFO - Started process (PID=344) to work on /home/airflow/.local/lib/python3.10/site-packages/airflow/example_dags/example_complex.py
[2024-04-16T21:36:25.187+0000] {processor.py:830} INFO - Processing file /home/airflow/.local/lib/python3.10/site-packages/airflow/example_dags/example_complex.py for tasks to queue
[2024-04-16T21:36:25.188+0000] {logging_mixin.py:188} INFO - [2024-04-16T21:36:25.188+0000] {dagbag.py:540} INFO - Filling up the DagBag from /home/airflow/.local/lib/python3.10/site-packages/airflow/example_dags/example_complex.py
[2024-04-16T21:36:25.198+0000] {processor.py:840} INFO - DAG(s) 'example_complex' retrieved from /home/airflow/.local/lib/python3.10/site-packages/airflow/example_dags/example_complex.py
[2024-04-16T21:36:25.225+0000] {logging_mixin.py:188} INFO - [2024-04-16T21:36:25.225+0000] {dag.py:3047} INFO - Sync 1 DAGs
[2024-04-16T21:36:25.237+0000] {logging_mixin.py:188} INFO - [2024-04-16T21:36:25.237+0000] {dag.py:3834} INFO - Setting next_dagrun for example_complex to None, run_after=None
[2024-04-16T21:36:25.255+0000] {processor.py:183} INFO - Processing /home/airflow/.local/lib/python3.10/site-packages/airflow/example_dags/example_complex.py took 0.073 seconds
[2024-04-16T21:36:55.830+0000] {processor.py:161} INFO - Started process (PID=401) to work on /home/airflow/.local/lib/python3.10/site-packages/airflow/example_dags/example_complex.py
[2024-04-16T21:36:55.831+0000] {processor.py:830} INFO - Processing file /home/airflow/.local/lib/python3.10/site-packages/airflow/example_dags/example_complex.py for tasks to queue
[2024-04-16T21:36:55.833+0000] {logging_mixin.py:188} INFO - [2024-04-16T21:36:55.833+0000] {dagbag.py:540} INFO - Filling up the DagBag from /home/airflow/.local/lib/python3.10/site-packages/airflow/example_dags/example_complex.py
[2024-04-16T21:36:55.843+0000] {processor.py:840} INFO - DAG(s) 'example_complex' retrieved from /home/airflow/.local/lib/python3.10/site-packages/airflow/example_dags/example_complex.py
[2024-04-16T21:36:55.870+0000] {logging_mixin.py:188} INFO - [2024-04-16T21:36:55.870+0000] {dag.py:3047} INFO - Sync 1 DAGs
[2024-04-16T21:36:55.881+0000] {logging_mixin.py:188} INFO - [2024-04-16T21:36:55.880+0000] {dag.py:3834} INFO - Setting next_dagrun for example_complex to None, run_after=None
[2024-04-16T21:36:55.901+0000] {processor.py:183} INFO - Processing /home/airflow/.local/lib/python3.10/site-packages/airflow/example_dags/example_complex.py took 0.074 seconds
[2024-04-16T21:37:26.370+0000] {processor.py:161} INFO - Started process (PID=458) to work on /home/airflow/.local/lib/python3.10/site-packages/airflow/example_dags/example_complex.py
[2024-04-16T21:37:26.371+0000] {processor.py:830} INFO - Processing file /home/airflow/.local/lib/python3.10/site-packages/airflow/example_dags/example_complex.py for tasks to queue
[2024-04-16T21:37:26.373+0000] {logging_mixin.py:188} INFO - [2024-04-16T21:37:26.373+0000] {dagbag.py:540} INFO - Filling up the DagBag from /home/airflow/.local/lib/python3.10/site-packages/airflow/example_dags/example_complex.py
[2024-04-16T21:37:26.383+0000] {processor.py:840} INFO - DAG(s) 'example_complex' retrieved from /home/airflow/.local/lib/python3.10/site-packages/airflow/example_dags/example_complex.py
[2024-04-16T21:37:26.413+0000] {logging_mixin.py:188} INFO - [2024-04-16T21:37:26.413+0000] {dag.py:3047} INFO - Sync 1 DAGs
[2024-04-16T21:37:26.423+0000] {logging_mixin.py:188} INFO - [2024-04-16T21:37:26.423+0000] {dag.py:3834} INFO - Setting next_dagrun for example_complex to None, run_after=None
[2024-04-16T21:37:26.448+0000] {processor.py:183} INFO - Processing /home/airflow/.local/lib/python3.10/site-packages/airflow/example_dags/example_complex.py took 0.081 seconds
[2024-04-16T21:37:57.038+0000] {processor.py:161} INFO - Started process (PID=515) to work on /home/airflow/.local/lib/python3.10/site-packages/airflow/example_dags/example_complex.py
[2024-04-16T21:37:57.039+0000] {processor.py:830} INFO - Processing file /home/airflow/.local/lib/python3.10/site-packages/airflow/example_dags/example_complex.py for tasks to queue
[2024-04-16T21:37:57.041+0000] {logging_mixin.py:188} INFO - [2024-04-16T21:37:57.040+0000] {dagbag.py:540} INFO - Filling up the DagBag from /home/airflow/.local/lib/python3.10/site-packages/airflow/example_dags/example_complex.py
[2024-04-16T21:37:57.051+0000] {processor.py:840} INFO - DAG(s) 'example_complex' retrieved from /home/airflow/.local/lib/python3.10/site-packages/airflow/example_dags/example_complex.py
[2024-04-16T21:37:57.078+0000] {logging_mixin.py:188} INFO - [2024-04-16T21:37:57.078+0000] {dag.py:3047} INFO - Sync 1 DAGs
[2024-04-16T21:37:57.090+0000] {logging_mixin.py:188} INFO - [2024-04-16T21:37:57.090+0000] {dag.py:3834} INFO - Setting next_dagrun for example_complex to None, run_after=None
[2024-04-16T21:37:57.109+0000] {processor.py:183} INFO - Processing /home/airflow/.local/lib/python3.10/site-packages/airflow/example_dags/example_complex.py took 0.074 seconds
