[2024-04-16T21:29:10.978+0000] {processor.py:161} INFO - Started process (PID=43) to work on /home/airflow/.local/lib/python3.10/site-packages/airflow/example_dags/example_xcomargs.py
[2024-04-16T21:29:10.979+0000] {processor.py:830} INFO - Processing file /home/airflow/.local/lib/python3.10/site-packages/airflow/example_dags/example_xcomargs.py for tasks to queue
[2024-04-16T21:29:10.982+0000] {logging_mixin.py:188} INFO - [2024-04-16T21:29:10.982+0000] {dagbag.py:540} INFO - Filling up the DagBag from /home/airflow/.local/lib/python3.10/site-packages/airflow/example_dags/example_xcomargs.py
[2024-04-16T21:29:10.993+0000] {processor.py:840} INFO - DAG(s) 'example_xcom_args_with_operators', 'example_xcom_args' retrieved from /home/airflow/.local/lib/python3.10/site-packages/airflow/example_dags/example_xcomargs.py
[2024-04-16T21:29:11.006+0000] {logging_mixin.py:188} INFO - [2024-04-16T21:29:11.005+0000] {dag.py:3047} INFO - Sync 2 DAGs
[2024-04-16T21:29:11.019+0000] {logging_mixin.py:188} INFO - [2024-04-16T21:29:11.019+0000] {dag.py:3834} INFO - Setting next_dagrun for example_xcom_args to None, run_after=None
[2024-04-16T21:29:11.023+0000] {logging_mixin.py:188} INFO - [2024-04-16T21:29:11.023+0000] {dag.py:3834} INFO - Setting next_dagrun for example_xcom_args_with_operators to None, run_after=None
[2024-04-16T21:29:11.038+0000] {processor.py:183} INFO - Processing /home/airflow/.local/lib/python3.10/site-packages/airflow/example_dags/example_xcomargs.py took 0.063 seconds
[2024-04-16T21:29:41.862+0000] {processor.py:161} INFO - Started process (PID=98) to work on /home/airflow/.local/lib/python3.10/site-packages/airflow/example_dags/example_xcomargs.py
[2024-04-16T21:29:41.863+0000] {processor.py:830} INFO - Processing file /home/airflow/.local/lib/python3.10/site-packages/airflow/example_dags/example_xcomargs.py for tasks to queue
[2024-04-16T21:29:41.865+0000] {logging_mixin.py:188} INFO - [2024-04-16T21:29:41.864+0000] {dagbag.py:540} INFO - Filling up the DagBag from /home/airflow/.local/lib/python3.10/site-packages/airflow/example_dags/example_xcomargs.py
[2024-04-16T21:29:41.872+0000] {processor.py:840} INFO - DAG(s) 'example_xcom_args_with_operators', 'example_xcom_args' retrieved from /home/airflow/.local/lib/python3.10/site-packages/airflow/example_dags/example_xcomargs.py
[2024-04-16T21:29:41.968+0000] {logging_mixin.py:188} INFO - [2024-04-16T21:29:41.967+0000] {dag.py:3047} INFO - Sync 2 DAGs
[2024-04-16T21:29:41.979+0000] {logging_mixin.py:188} INFO - [2024-04-16T21:29:41.979+0000] {dag.py:3834} INFO - Setting next_dagrun for example_xcom_args to None, run_after=None
[2024-04-16T21:29:41.982+0000] {logging_mixin.py:188} INFO - [2024-04-16T21:29:41.982+0000] {dag.py:3834} INFO - Setting next_dagrun for example_xcom_args_with_operators to None, run_after=None
[2024-04-16T21:29:41.998+0000] {processor.py:183} INFO - Processing /home/airflow/.local/lib/python3.10/site-packages/airflow/example_dags/example_xcomargs.py took 0.139 seconds
[2024-04-16T21:30:12.068+0000] {processor.py:161} INFO - Started process (PID=153) to work on /home/airflow/.local/lib/python3.10/site-packages/airflow/example_dags/example_xcomargs.py
[2024-04-16T21:30:12.069+0000] {processor.py:830} INFO - Processing file /home/airflow/.local/lib/python3.10/site-packages/airflow/example_dags/example_xcomargs.py for tasks to queue
[2024-04-16T21:30:12.071+0000] {logging_mixin.py:188} INFO - [2024-04-16T21:30:12.071+0000] {dagbag.py:540} INFO - Filling up the DagBag from /home/airflow/.local/lib/python3.10/site-packages/airflow/example_dags/example_xcomargs.py
[2024-04-16T21:30:12.079+0000] {processor.py:840} INFO - DAG(s) 'example_xcom_args', 'example_xcom_args_with_operators' retrieved from /home/airflow/.local/lib/python3.10/site-packages/airflow/example_dags/example_xcomargs.py
[2024-04-16T21:30:12.101+0000] {logging_mixin.py:188} INFO - [2024-04-16T21:30:12.101+0000] {dag.py:3047} INFO - Sync 2 DAGs
[2024-04-16T21:30:12.114+0000] {logging_mixin.py:188} INFO - [2024-04-16T21:30:12.114+0000] {dag.py:3834} INFO - Setting next_dagrun for example_xcom_args to None, run_after=None
[2024-04-16T21:30:12.118+0000] {logging_mixin.py:188} INFO - [2024-04-16T21:30:12.118+0000] {dag.py:3834} INFO - Setting next_dagrun for example_xcom_args_with_operators to None, run_after=None
[2024-04-16T21:30:12.138+0000] {processor.py:183} INFO - Processing /home/airflow/.local/lib/python3.10/site-packages/airflow/example_dags/example_xcomargs.py took 0.073 seconds
[2024-04-16T21:30:42.420+0000] {processor.py:161} INFO - Started process (PID=208) to work on /home/airflow/.local/lib/python3.10/site-packages/airflow/example_dags/example_xcomargs.py
[2024-04-16T21:30:42.421+0000] {processor.py:830} INFO - Processing file /home/airflow/.local/lib/python3.10/site-packages/airflow/example_dags/example_xcomargs.py for tasks to queue
[2024-04-16T21:30:42.422+0000] {logging_mixin.py:188} INFO - [2024-04-16T21:30:42.422+0000] {dagbag.py:540} INFO - Filling up the DagBag from /home/airflow/.local/lib/python3.10/site-packages/airflow/example_dags/example_xcomargs.py
[2024-04-16T21:30:42.430+0000] {processor.py:840} INFO - DAG(s) 'example_xcom_args_with_operators', 'example_xcom_args' retrieved from /home/airflow/.local/lib/python3.10/site-packages/airflow/example_dags/example_xcomargs.py
[2024-04-16T21:30:42.449+0000] {logging_mixin.py:188} INFO - [2024-04-16T21:30:42.449+0000] {dag.py:3047} INFO - Sync 2 DAGs
[2024-04-16T21:30:42.460+0000] {logging_mixin.py:188} INFO - [2024-04-16T21:30:42.460+0000] {dag.py:3834} INFO - Setting next_dagrun for example_xcom_args to None, run_after=None
[2024-04-16T21:30:42.463+0000] {logging_mixin.py:188} INFO - [2024-04-16T21:30:42.463+0000] {dag.py:3834} INFO - Setting next_dagrun for example_xcom_args_with_operators to None, run_after=None
[2024-04-16T21:30:42.481+0000] {processor.py:183} INFO - Processing /home/airflow/.local/lib/python3.10/site-packages/airflow/example_dags/example_xcomargs.py took 0.065 seconds
[2024-04-16T21:31:13.185+0000] {processor.py:161} INFO - Started process (PID=263) to work on /home/airflow/.local/lib/python3.10/site-packages/airflow/example_dags/example_xcomargs.py
[2024-04-16T21:31:13.186+0000] {processor.py:830} INFO - Processing file /home/airflow/.local/lib/python3.10/site-packages/airflow/example_dags/example_xcomargs.py for tasks to queue
[2024-04-16T21:31:13.187+0000] {logging_mixin.py:188} INFO - [2024-04-16T21:31:13.187+0000] {dagbag.py:540} INFO - Filling up the DagBag from /home/airflow/.local/lib/python3.10/site-packages/airflow/example_dags/example_xcomargs.py
[2024-04-16T21:31:13.195+0000] {processor.py:840} INFO - DAG(s) 'example_xcom_args_with_operators', 'example_xcom_args' retrieved from /home/airflow/.local/lib/python3.10/site-packages/airflow/example_dags/example_xcomargs.py
[2024-04-16T21:31:13.216+0000] {logging_mixin.py:188} INFO - [2024-04-16T21:31:13.216+0000] {dag.py:3047} INFO - Sync 2 DAGs
[2024-04-16T21:31:13.227+0000] {logging_mixin.py:188} INFO - [2024-04-16T21:31:13.227+0000] {dag.py:3834} INFO - Setting next_dagrun for example_xcom_args to None, run_after=None
[2024-04-16T21:31:13.231+0000] {logging_mixin.py:188} INFO - [2024-04-16T21:31:13.231+0000] {dag.py:3834} INFO - Setting next_dagrun for example_xcom_args_with_operators to None, run_after=None
[2024-04-16T21:31:13.246+0000] {processor.py:183} INFO - Processing /home/airflow/.local/lib/python3.10/site-packages/airflow/example_dags/example_xcomargs.py took 0.065 seconds
[2024-04-16T21:32:11.945+0000] {processor.py:161} INFO - Started process (PID=45) to work on /home/airflow/.local/lib/python3.10/site-packages/airflow/example_dags/example_xcomargs.py
[2024-04-16T21:32:11.946+0000] {processor.py:830} INFO - Processing file /home/airflow/.local/lib/python3.10/site-packages/airflow/example_dags/example_xcomargs.py for tasks to queue
[2024-04-16T21:32:11.949+0000] {logging_mixin.py:188} INFO - [2024-04-16T21:32:11.948+0000] {dagbag.py:540} INFO - Filling up the DagBag from /home/airflow/.local/lib/python3.10/site-packages/airflow/example_dags/example_xcomargs.py
[2024-04-16T21:32:11.959+0000] {processor.py:840} INFO - DAG(s) 'example_xcom_args_with_operators', 'example_xcom_args' retrieved from /home/airflow/.local/lib/python3.10/site-packages/airflow/example_dags/example_xcomargs.py
[2024-04-16T21:32:11.974+0000] {logging_mixin.py:188} INFO - [2024-04-16T21:32:11.974+0000] {dag.py:3047} INFO - Sync 2 DAGs
[2024-04-16T21:32:11.989+0000] {logging_mixin.py:188} INFO - [2024-04-16T21:32:11.989+0000] {dag.py:3834} INFO - Setting next_dagrun for example_xcom_args to None, run_after=None
[2024-04-16T21:32:11.993+0000] {logging_mixin.py:188} INFO - [2024-04-16T21:32:11.993+0000] {dag.py:3834} INFO - Setting next_dagrun for example_xcom_args_with_operators to None, run_after=None
[2024-04-16T21:32:12.012+0000] {processor.py:183} INFO - Processing /home/airflow/.local/lib/python3.10/site-packages/airflow/example_dags/example_xcomargs.py took 0.071 seconds
[2024-04-16T21:32:43.097+0000] {processor.py:161} INFO - Started process (PID=102) to work on /home/airflow/.local/lib/python3.10/site-packages/airflow/example_dags/example_xcomargs.py
[2024-04-16T21:32:43.098+0000] {processor.py:830} INFO - Processing file /home/airflow/.local/lib/python3.10/site-packages/airflow/example_dags/example_xcomargs.py for tasks to queue
[2024-04-16T21:32:43.100+0000] {logging_mixin.py:188} INFO - [2024-04-16T21:32:43.099+0000] {dagbag.py:540} INFO - Filling up the DagBag from /home/airflow/.local/lib/python3.10/site-packages/airflow/example_dags/example_xcomargs.py
[2024-04-16T21:32:43.112+0000] {processor.py:840} INFO - DAG(s) 'example_xcom_args', 'example_xcom_args_with_operators' retrieved from /home/airflow/.local/lib/python3.10/site-packages/airflow/example_dags/example_xcomargs.py
[2024-04-16T21:32:43.216+0000] {logging_mixin.py:188} INFO - [2024-04-16T21:32:43.215+0000] {dag.py:3047} INFO - Sync 2 DAGs
[2024-04-16T21:32:43.225+0000] {logging_mixin.py:188} INFO - [2024-04-16T21:32:43.225+0000] {dag.py:3834} INFO - Setting next_dagrun for example_xcom_args to None, run_after=None
[2024-04-16T21:32:43.228+0000] {logging_mixin.py:188} INFO - [2024-04-16T21:32:43.228+0000] {dag.py:3834} INFO - Setting next_dagrun for example_xcom_args_with_operators to None, run_after=None
[2024-04-16T21:32:43.244+0000] {processor.py:183} INFO - Processing /home/airflow/.local/lib/python3.10/site-packages/airflow/example_dags/example_xcomargs.py took 0.151 seconds
[2024-04-16T21:33:50.306+0000] {processor.py:161} INFO - Started process (PID=45) to work on /home/airflow/.local/lib/python3.10/site-packages/airflow/example_dags/example_xcomargs.py
[2024-04-16T21:33:50.307+0000] {processor.py:830} INFO - Processing file /home/airflow/.local/lib/python3.10/site-packages/airflow/example_dags/example_xcomargs.py for tasks to queue
[2024-04-16T21:33:50.309+0000] {logging_mixin.py:188} INFO - [2024-04-16T21:33:50.308+0000] {dagbag.py:540} INFO - Filling up the DagBag from /home/airflow/.local/lib/python3.10/site-packages/airflow/example_dags/example_xcomargs.py
[2024-04-16T21:33:50.317+0000] {processor.py:840} INFO - DAG(s) 'example_xcom_args_with_operators', 'example_xcom_args' retrieved from /home/airflow/.local/lib/python3.10/site-packages/airflow/example_dags/example_xcomargs.py
[2024-04-16T21:33:50.329+0000] {logging_mixin.py:188} INFO - [2024-04-16T21:33:50.329+0000] {dag.py:3047} INFO - Sync 2 DAGs
[2024-04-16T21:33:50.342+0000] {logging_mixin.py:188} INFO - [2024-04-16T21:33:50.342+0000] {dag.py:3834} INFO - Setting next_dagrun for example_xcom_args to None, run_after=None
[2024-04-16T21:33:50.346+0000] {logging_mixin.py:188} INFO - [2024-04-16T21:33:50.346+0000] {dag.py:3834} INFO - Setting next_dagrun for example_xcom_args_with_operators to None, run_after=None
[2024-04-16T21:33:50.363+0000] {processor.py:183} INFO - Processing /home/airflow/.local/lib/python3.10/site-packages/airflow/example_dags/example_xcomargs.py took 0.060 seconds
[2024-04-16T21:34:21.346+0000] {processor.py:161} INFO - Started process (PID=102) to work on /home/airflow/.local/lib/python3.10/site-packages/airflow/example_dags/example_xcomargs.py
[2024-04-16T21:34:21.347+0000] {processor.py:830} INFO - Processing file /home/airflow/.local/lib/python3.10/site-packages/airflow/example_dags/example_xcomargs.py for tasks to queue
[2024-04-16T21:34:21.349+0000] {logging_mixin.py:188} INFO - [2024-04-16T21:34:21.349+0000] {dagbag.py:540} INFO - Filling up the DagBag from /home/airflow/.local/lib/python3.10/site-packages/airflow/example_dags/example_xcomargs.py
[2024-04-16T21:34:21.356+0000] {processor.py:840} INFO - DAG(s) 'example_xcom_args_with_operators', 'example_xcom_args' retrieved from /home/airflow/.local/lib/python3.10/site-packages/airflow/example_dags/example_xcomargs.py
[2024-04-16T21:34:21.459+0000] {logging_mixin.py:188} INFO - [2024-04-16T21:34:21.459+0000] {dag.py:3047} INFO - Sync 2 DAGs
[2024-04-16T21:34:21.469+0000] {logging_mixin.py:188} INFO - [2024-04-16T21:34:21.469+0000] {dag.py:3834} INFO - Setting next_dagrun for example_xcom_args to None, run_after=None
[2024-04-16T21:34:21.472+0000] {logging_mixin.py:188} INFO - [2024-04-16T21:34:21.472+0000] {dag.py:3834} INFO - Setting next_dagrun for example_xcom_args_with_operators to None, run_after=None
[2024-04-16T21:34:21.489+0000] {processor.py:183} INFO - Processing /home/airflow/.local/lib/python3.10/site-packages/airflow/example_dags/example_xcomargs.py took 0.146 seconds
[2024-04-16T21:34:51.681+0000] {processor.py:161} INFO - Started process (PID=159) to work on /home/airflow/.local/lib/python3.10/site-packages/airflow/example_dags/example_xcomargs.py
[2024-04-16T21:34:51.682+0000] {processor.py:830} INFO - Processing file /home/airflow/.local/lib/python3.10/site-packages/airflow/example_dags/example_xcomargs.py for tasks to queue
[2024-04-16T21:34:51.684+0000] {logging_mixin.py:188} INFO - [2024-04-16T21:34:51.684+0000] {dagbag.py:540} INFO - Filling up the DagBag from /home/airflow/.local/lib/python3.10/site-packages/airflow/example_dags/example_xcomargs.py
[2024-04-16T21:34:51.692+0000] {processor.py:840} INFO - DAG(s) 'example_xcom_args_with_operators', 'example_xcom_args' retrieved from /home/airflow/.local/lib/python3.10/site-packages/airflow/example_dags/example_xcomargs.py
[2024-04-16T21:34:51.712+0000] {logging_mixin.py:188} INFO - [2024-04-16T21:34:51.712+0000] {dag.py:3047} INFO - Sync 2 DAGs
[2024-04-16T21:34:51.725+0000] {logging_mixin.py:188} INFO - [2024-04-16T21:34:51.724+0000] {dag.py:3834} INFO - Setting next_dagrun for example_xcom_args to None, run_after=None
[2024-04-16T21:34:51.729+0000] {logging_mixin.py:188} INFO - [2024-04-16T21:34:51.728+0000] {dag.py:3834} INFO - Setting next_dagrun for example_xcom_args_with_operators to None, run_after=None
[2024-04-16T21:34:51.746+0000] {processor.py:183} INFO - Processing /home/airflow/.local/lib/python3.10/site-packages/airflow/example_dags/example_xcomargs.py took 0.067 seconds
[2024-04-16T21:35:21.935+0000] {processor.py:161} INFO - Started process (PID=216) to work on /home/airflow/.local/lib/python3.10/site-packages/airflow/example_dags/example_xcomargs.py
[2024-04-16T21:35:21.936+0000] {processor.py:830} INFO - Processing file /home/airflow/.local/lib/python3.10/site-packages/airflow/example_dags/example_xcomargs.py for tasks to queue
[2024-04-16T21:35:21.938+0000] {logging_mixin.py:188} INFO - [2024-04-16T21:35:21.938+0000] {dagbag.py:540} INFO - Filling up the DagBag from /home/airflow/.local/lib/python3.10/site-packages/airflow/example_dags/example_xcomargs.py
[2024-04-16T21:35:21.946+0000] {processor.py:840} INFO - DAG(s) 'example_xcom_args', 'example_xcom_args_with_operators' retrieved from /home/airflow/.local/lib/python3.10/site-packages/airflow/example_dags/example_xcomargs.py
[2024-04-16T21:35:21.966+0000] {logging_mixin.py:188} INFO - [2024-04-16T21:35:21.965+0000] {dag.py:3047} INFO - Sync 2 DAGs
[2024-04-16T21:35:21.978+0000] {logging_mixin.py:188} INFO - [2024-04-16T21:35:21.978+0000] {dag.py:3834} INFO - Setting next_dagrun for example_xcom_args to None, run_after=None
[2024-04-16T21:35:21.981+0000] {logging_mixin.py:188} INFO - [2024-04-16T21:35:21.981+0000] {dag.py:3834} INFO - Setting next_dagrun for example_xcom_args_with_operators to None, run_after=None
[2024-04-16T21:35:21.996+0000] {processor.py:183} INFO - Processing /home/airflow/.local/lib/python3.10/site-packages/airflow/example_dags/example_xcomargs.py took 0.064 seconds
[2024-04-16T21:35:52.929+0000] {processor.py:161} INFO - Started process (PID=273) to work on /home/airflow/.local/lib/python3.10/site-packages/airflow/example_dags/example_xcomargs.py
[2024-04-16T21:35:52.930+0000] {processor.py:830} INFO - Processing file /home/airflow/.local/lib/python3.10/site-packages/airflow/example_dags/example_xcomargs.py for tasks to queue
[2024-04-16T21:35:52.932+0000] {logging_mixin.py:188} INFO - [2024-04-16T21:35:52.932+0000] {dagbag.py:540} INFO - Filling up the DagBag from /home/airflow/.local/lib/python3.10/site-packages/airflow/example_dags/example_xcomargs.py
[2024-04-16T21:35:52.940+0000] {processor.py:840} INFO - DAG(s) 'example_xcom_args', 'example_xcom_args_with_operators' retrieved from /home/airflow/.local/lib/python3.10/site-packages/airflow/example_dags/example_xcomargs.py
[2024-04-16T21:35:52.968+0000] {logging_mixin.py:188} INFO - [2024-04-16T21:35:52.967+0000] {dag.py:3047} INFO - Sync 2 DAGs
[2024-04-16T21:35:52.981+0000] {logging_mixin.py:188} INFO - [2024-04-16T21:35:52.981+0000] {dag.py:3834} INFO - Setting next_dagrun for example_xcom_args to None, run_after=None
[2024-04-16T21:35:52.986+0000] {logging_mixin.py:188} INFO - [2024-04-16T21:35:52.986+0000] {dag.py:3834} INFO - Setting next_dagrun for example_xcom_args_with_operators to None, run_after=None
[2024-04-16T21:35:53.007+0000] {processor.py:183} INFO - Processing /home/airflow/.local/lib/python3.10/site-packages/airflow/example_dags/example_xcomargs.py took 0.082 seconds
[2024-04-16T21:36:23.480+0000] {processor.py:161} INFO - Started process (PID=330) to work on /home/airflow/.local/lib/python3.10/site-packages/airflow/example_dags/example_xcomargs.py
[2024-04-16T21:36:23.481+0000] {processor.py:830} INFO - Processing file /home/airflow/.local/lib/python3.10/site-packages/airflow/example_dags/example_xcomargs.py for tasks to queue
[2024-04-16T21:36:23.483+0000] {logging_mixin.py:188} INFO - [2024-04-16T21:36:23.482+0000] {dagbag.py:540} INFO - Filling up the DagBag from /home/airflow/.local/lib/python3.10/site-packages/airflow/example_dags/example_xcomargs.py
[2024-04-16T21:36:23.490+0000] {processor.py:840} INFO - DAG(s) 'example_xcom_args_with_operators', 'example_xcom_args' retrieved from /home/airflow/.local/lib/python3.10/site-packages/airflow/example_dags/example_xcomargs.py
[2024-04-16T21:36:23.511+0000] {logging_mixin.py:188} INFO - [2024-04-16T21:36:23.510+0000] {dag.py:3047} INFO - Sync 2 DAGs
[2024-04-16T21:36:23.525+0000] {logging_mixin.py:188} INFO - [2024-04-16T21:36:23.524+0000] {dag.py:3834} INFO - Setting next_dagrun for example_xcom_args to None, run_after=None
[2024-04-16T21:36:23.529+0000] {logging_mixin.py:188} INFO - [2024-04-16T21:36:23.529+0000] {dag.py:3834} INFO - Setting next_dagrun for example_xcom_args_with_operators to None, run_after=None
[2024-04-16T21:36:23.545+0000] {processor.py:183} INFO - Processing /home/airflow/.local/lib/python3.10/site-packages/airflow/example_dags/example_xcomargs.py took 0.069 seconds
[2024-04-16T21:36:54.123+0000] {processor.py:161} INFO - Started process (PID=387) to work on /home/airflow/.local/lib/python3.10/site-packages/airflow/example_dags/example_xcomargs.py
[2024-04-16T21:36:54.124+0000] {processor.py:830} INFO - Processing file /home/airflow/.local/lib/python3.10/site-packages/airflow/example_dags/example_xcomargs.py for tasks to queue
[2024-04-16T21:36:54.126+0000] {logging_mixin.py:188} INFO - [2024-04-16T21:36:54.126+0000] {dagbag.py:540} INFO - Filling up the DagBag from /home/airflow/.local/lib/python3.10/site-packages/airflow/example_dags/example_xcomargs.py
[2024-04-16T21:36:54.134+0000] {processor.py:840} INFO - DAG(s) 'example_xcom_args', 'example_xcom_args_with_operators' retrieved from /home/airflow/.local/lib/python3.10/site-packages/airflow/example_dags/example_xcomargs.py
[2024-04-16T21:36:54.155+0000] {logging_mixin.py:188} INFO - [2024-04-16T21:36:54.155+0000] {dag.py:3047} INFO - Sync 2 DAGs
[2024-04-16T21:36:54.167+0000] {logging_mixin.py:188} INFO - [2024-04-16T21:36:54.167+0000] {dag.py:3834} INFO - Setting next_dagrun for example_xcom_args to None, run_after=None
[2024-04-16T21:36:54.171+0000] {logging_mixin.py:188} INFO - [2024-04-16T21:36:54.171+0000] {dag.py:3834} INFO - Setting next_dagrun for example_xcom_args_with_operators to None, run_after=None
[2024-04-16T21:36:54.189+0000] {processor.py:183} INFO - Processing /home/airflow/.local/lib/python3.10/site-packages/airflow/example_dags/example_xcomargs.py took 0.069 seconds
[2024-04-16T21:37:24.704+0000] {processor.py:161} INFO - Started process (PID=444) to work on /home/airflow/.local/lib/python3.10/site-packages/airflow/example_dags/example_xcomargs.py
[2024-04-16T21:37:24.705+0000] {processor.py:830} INFO - Processing file /home/airflow/.local/lib/python3.10/site-packages/airflow/example_dags/example_xcomargs.py for tasks to queue
[2024-04-16T21:37:24.707+0000] {logging_mixin.py:188} INFO - [2024-04-16T21:37:24.707+0000] {dagbag.py:540} INFO - Filling up the DagBag from /home/airflow/.local/lib/python3.10/site-packages/airflow/example_dags/example_xcomargs.py
[2024-04-16T21:37:24.715+0000] {processor.py:840} INFO - DAG(s) 'example_xcom_args', 'example_xcom_args_with_operators' retrieved from /home/airflow/.local/lib/python3.10/site-packages/airflow/example_dags/example_xcomargs.py
[2024-04-16T21:37:24.738+0000] {logging_mixin.py:188} INFO - [2024-04-16T21:37:24.738+0000] {dag.py:3047} INFO - Sync 2 DAGs
[2024-04-16T21:37:24.750+0000] {logging_mixin.py:188} INFO - [2024-04-16T21:37:24.750+0000] {dag.py:3834} INFO - Setting next_dagrun for example_xcom_args to None, run_after=None
[2024-04-16T21:37:24.754+0000] {logging_mixin.py:188} INFO - [2024-04-16T21:37:24.754+0000] {dag.py:3834} INFO - Setting next_dagrun for example_xcom_args_with_operators to None, run_after=None
[2024-04-16T21:37:24.771+0000] {processor.py:183} INFO - Processing /home/airflow/.local/lib/python3.10/site-packages/airflow/example_dags/example_xcomargs.py took 0.070 seconds
[2024-04-16T21:37:55.317+0000] {processor.py:161} INFO - Started process (PID=501) to work on /home/airflow/.local/lib/python3.10/site-packages/airflow/example_dags/example_xcomargs.py
[2024-04-16T21:37:55.318+0000] {processor.py:830} INFO - Processing file /home/airflow/.local/lib/python3.10/site-packages/airflow/example_dags/example_xcomargs.py for tasks to queue
[2024-04-16T21:37:55.319+0000] {logging_mixin.py:188} INFO - [2024-04-16T21:37:55.319+0000] {dagbag.py:540} INFO - Filling up the DagBag from /home/airflow/.local/lib/python3.10/site-packages/airflow/example_dags/example_xcomargs.py
[2024-04-16T21:37:55.328+0000] {processor.py:840} INFO - DAG(s) 'example_xcom_args_with_operators', 'example_xcom_args' retrieved from /home/airflow/.local/lib/python3.10/site-packages/airflow/example_dags/example_xcomargs.py
[2024-04-16T21:37:55.349+0000] {logging_mixin.py:188} INFO - [2024-04-16T21:37:55.349+0000] {dag.py:3047} INFO - Sync 2 DAGs
[2024-04-16T21:37:55.362+0000] {logging_mixin.py:188} INFO - [2024-04-16T21:37:55.362+0000] {dag.py:3834} INFO - Setting next_dagrun for example_xcom_args to None, run_after=None
[2024-04-16T21:37:55.365+0000] {logging_mixin.py:188} INFO - [2024-04-16T21:37:55.365+0000] {dag.py:3834} INFO - Setting next_dagrun for example_xcom_args_with_operators to None, run_after=None
[2024-04-16T21:37:55.380+0000] {processor.py:183} INFO - Processing /home/airflow/.local/lib/python3.10/site-packages/airflow/example_dags/example_xcomargs.py took 0.067 seconds
