[2024-04-16T21:29:11.686+0000] {processor.py:161} INFO - Started process (PID=54) to work on /home/airflow/.local/lib/python3.10/site-packages/airflow/example_dags/example_skip_dag.py
[2024-04-16T21:29:11.687+0000] {processor.py:830} INFO - Processing file /home/airflow/.local/lib/python3.10/site-packages/airflow/example_dags/example_skip_dag.py for tasks to queue
[2024-04-16T21:29:11.689+0000] {logging_mixin.py:188} INFO - [2024-04-16T21:29:11.689+0000] {dagbag.py:540} INFO - Filling up the DagBag from /home/airflow/.local/lib/python3.10/site-packages/airflow/example_dags/example_skip_dag.py
[2024-04-16T21:29:11.698+0000] {processor.py:840} INFO - DAG(s) 'example_skip_dag' retrieved from /home/airflow/.local/lib/python3.10/site-packages/airflow/example_dags/example_skip_dag.py
[2024-04-16T21:29:11.710+0000] {logging_mixin.py:188} INFO - [2024-04-16T21:29:11.709+0000] {dag.py:3047} INFO - Sync 1 DAGs
[2024-04-16T21:29:11.736+0000] {logging_mixin.py:188} INFO - [2024-04-16T21:29:11.735+0000] {dag.py:3834} INFO - Setting next_dagrun for example_skip_dag to 2024-04-15 00:00:00+00:00, run_after=2024-04-16 00:00:00+00:00
[2024-04-16T21:29:11.757+0000] {processor.py:183} INFO - Processing /home/airflow/.local/lib/python3.10/site-packages/airflow/example_dags/example_skip_dag.py took 0.074 seconds
[2024-04-16T21:29:42.829+0000] {processor.py:161} INFO - Started process (PID=109) to work on /home/airflow/.local/lib/python3.10/site-packages/airflow/example_dags/example_skip_dag.py
[2024-04-16T21:29:42.830+0000] {processor.py:830} INFO - Processing file /home/airflow/.local/lib/python3.10/site-packages/airflow/example_dags/example_skip_dag.py for tasks to queue
[2024-04-16T21:29:42.832+0000] {logging_mixin.py:188} INFO - [2024-04-16T21:29:42.831+0000] {dagbag.py:540} INFO - Filling up the DagBag from /home/airflow/.local/lib/python3.10/site-packages/airflow/example_dags/example_skip_dag.py
[2024-04-16T21:29:42.838+0000] {processor.py:840} INFO - DAG(s) 'example_skip_dag' retrieved from /home/airflow/.local/lib/python3.10/site-packages/airflow/example_dags/example_skip_dag.py
[2024-04-16T21:29:42.940+0000] {logging_mixin.py:188} INFO - [2024-04-16T21:29:42.940+0000] {dag.py:3047} INFO - Sync 1 DAGs
[2024-04-16T21:29:42.961+0000] {logging_mixin.py:188} INFO - [2024-04-16T21:29:42.961+0000] {dag.py:3834} INFO - Setting next_dagrun for example_skip_dag to 2024-04-15 00:00:00+00:00, run_after=2024-04-16 00:00:00+00:00
[2024-04-16T21:29:43.088+0000] {processor.py:183} INFO - Processing /home/airflow/.local/lib/python3.10/site-packages/airflow/example_dags/example_skip_dag.py took 0.262 seconds
[2024-04-16T21:30:13.552+0000] {processor.py:161} INFO - Started process (PID=164) to work on /home/airflow/.local/lib/python3.10/site-packages/airflow/example_dags/example_skip_dag.py
[2024-04-16T21:30:13.553+0000] {processor.py:830} INFO - Processing file /home/airflow/.local/lib/python3.10/site-packages/airflow/example_dags/example_skip_dag.py for tasks to queue
[2024-04-16T21:30:13.555+0000] {logging_mixin.py:188} INFO - [2024-04-16T21:30:13.555+0000] {dagbag.py:540} INFO - Filling up the DagBag from /home/airflow/.local/lib/python3.10/site-packages/airflow/example_dags/example_skip_dag.py
[2024-04-16T21:30:13.561+0000] {processor.py:840} INFO - DAG(s) 'example_skip_dag' retrieved from /home/airflow/.local/lib/python3.10/site-packages/airflow/example_dags/example_skip_dag.py
[2024-04-16T21:30:13.578+0000] {logging_mixin.py:188} INFO - [2024-04-16T21:30:13.578+0000] {dag.py:3047} INFO - Sync 1 DAGs
[2024-04-16T21:30:13.598+0000] {logging_mixin.py:188} INFO - [2024-04-16T21:30:13.598+0000] {dag.py:3834} INFO - Setting next_dagrun for example_skip_dag to 2024-04-15 00:00:00+00:00, run_after=2024-04-16 00:00:00+00:00
[2024-04-16T21:30:13.615+0000] {processor.py:183} INFO - Processing /home/airflow/.local/lib/python3.10/site-packages/airflow/example_dags/example_skip_dag.py took 0.065 seconds
[2024-04-16T21:30:43.986+0000] {processor.py:161} INFO - Started process (PID=219) to work on /home/airflow/.local/lib/python3.10/site-packages/airflow/example_dags/example_skip_dag.py
[2024-04-16T21:30:43.987+0000] {processor.py:830} INFO - Processing file /home/airflow/.local/lib/python3.10/site-packages/airflow/example_dags/example_skip_dag.py for tasks to queue
[2024-04-16T21:30:43.989+0000] {logging_mixin.py:188} INFO - [2024-04-16T21:30:43.989+0000] {dagbag.py:540} INFO - Filling up the DagBag from /home/airflow/.local/lib/python3.10/site-packages/airflow/example_dags/example_skip_dag.py
[2024-04-16T21:30:43.995+0000] {processor.py:840} INFO - DAG(s) 'example_skip_dag' retrieved from /home/airflow/.local/lib/python3.10/site-packages/airflow/example_dags/example_skip_dag.py
[2024-04-16T21:30:44.014+0000] {logging_mixin.py:188} INFO - [2024-04-16T21:30:44.014+0000] {dag.py:3047} INFO - Sync 1 DAGs
[2024-04-16T21:30:44.035+0000] {logging_mixin.py:188} INFO - [2024-04-16T21:30:44.035+0000] {dag.py:3834} INFO - Setting next_dagrun for example_skip_dag to 2024-04-15 00:00:00+00:00, run_after=2024-04-16 00:00:00+00:00
[2024-04-16T21:30:44.054+0000] {processor.py:183} INFO - Processing /home/airflow/.local/lib/python3.10/site-packages/airflow/example_dags/example_skip_dag.py took 0.071 seconds
[2024-04-16T21:31:14.823+0000] {processor.py:161} INFO - Started process (PID=274) to work on /home/airflow/.local/lib/python3.10/site-packages/airflow/example_dags/example_skip_dag.py
[2024-04-16T21:31:14.824+0000] {processor.py:830} INFO - Processing file /home/airflow/.local/lib/python3.10/site-packages/airflow/example_dags/example_skip_dag.py for tasks to queue
[2024-04-16T21:31:14.827+0000] {logging_mixin.py:188} INFO - [2024-04-16T21:31:14.826+0000] {dagbag.py:540} INFO - Filling up the DagBag from /home/airflow/.local/lib/python3.10/site-packages/airflow/example_dags/example_skip_dag.py
[2024-04-16T21:31:14.833+0000] {processor.py:840} INFO - DAG(s) 'example_skip_dag' retrieved from /home/airflow/.local/lib/python3.10/site-packages/airflow/example_dags/example_skip_dag.py
[2024-04-16T21:31:14.853+0000] {logging_mixin.py:188} INFO - [2024-04-16T21:31:14.853+0000] {dag.py:3047} INFO - Sync 1 DAGs
[2024-04-16T21:31:14.876+0000] {logging_mixin.py:188} INFO - [2024-04-16T21:31:14.876+0000] {dag.py:3834} INFO - Setting next_dagrun for example_skip_dag to 2024-04-15 00:00:00+00:00, run_after=2024-04-16 00:00:00+00:00
[2024-04-16T21:31:14.895+0000] {processor.py:183} INFO - Processing /home/airflow/.local/lib/python3.10/site-packages/airflow/example_dags/example_skip_dag.py took 0.076 seconds
[2024-04-16T21:32:12.594+0000] {processor.py:161} INFO - Started process (PID=56) to work on /home/airflow/.local/lib/python3.10/site-packages/airflow/example_dags/example_skip_dag.py
[2024-04-16T21:32:12.595+0000] {processor.py:830} INFO - Processing file /home/airflow/.local/lib/python3.10/site-packages/airflow/example_dags/example_skip_dag.py for tasks to queue
[2024-04-16T21:32:12.596+0000] {logging_mixin.py:188} INFO - [2024-04-16T21:32:12.596+0000] {dagbag.py:540} INFO - Filling up the DagBag from /home/airflow/.local/lib/python3.10/site-packages/airflow/example_dags/example_skip_dag.py
[2024-04-16T21:32:12.603+0000] {processor.py:840} INFO - DAG(s) 'example_skip_dag' retrieved from /home/airflow/.local/lib/python3.10/site-packages/airflow/example_dags/example_skip_dag.py
[2024-04-16T21:32:12.615+0000] {logging_mixin.py:188} INFO - [2024-04-16T21:32:12.614+0000] {dag.py:3047} INFO - Sync 1 DAGs
[2024-04-16T21:32:12.636+0000] {logging_mixin.py:188} INFO - [2024-04-16T21:32:12.636+0000] {dag.py:3834} INFO - Setting next_dagrun for example_skip_dag to 2024-04-15 00:00:00+00:00, run_after=2024-04-16 00:00:00+00:00
[2024-04-16T21:32:12.656+0000] {processor.py:183} INFO - Processing /home/airflow/.local/lib/python3.10/site-packages/airflow/example_dags/example_skip_dag.py took 0.066 seconds
[2024-04-16T21:32:43.995+0000] {processor.py:161} INFO - Started process (PID=113) to work on /home/airflow/.local/lib/python3.10/site-packages/airflow/example_dags/example_skip_dag.py
[2024-04-16T21:32:43.998+0000] {processor.py:830} INFO - Processing file /home/airflow/.local/lib/python3.10/site-packages/airflow/example_dags/example_skip_dag.py for tasks to queue
[2024-04-16T21:32:44.007+0000] {logging_mixin.py:188} INFO - [2024-04-16T21:32:44.007+0000] {dagbag.py:540} INFO - Filling up the DagBag from /home/airflow/.local/lib/python3.10/site-packages/airflow/example_dags/example_skip_dag.py
[2024-04-16T21:32:44.026+0000] {processor.py:840} INFO - DAG(s) 'example_skip_dag' retrieved from /home/airflow/.local/lib/python3.10/site-packages/airflow/example_dags/example_skip_dag.py
[2024-04-16T21:32:44.159+0000] {logging_mixin.py:188} INFO - [2024-04-16T21:32:44.159+0000] {dag.py:3047} INFO - Sync 1 DAGs
[2024-04-16T21:32:44.180+0000] {logging_mixin.py:188} INFO - [2024-04-16T21:32:44.180+0000] {dag.py:3834} INFO - Setting next_dagrun for example_skip_dag to 2024-04-15 00:00:00+00:00, run_after=2024-04-16 00:00:00+00:00
[2024-04-16T21:32:44.197+0000] {processor.py:183} INFO - Processing /home/airflow/.local/lib/python3.10/site-packages/airflow/example_dags/example_skip_dag.py took 0.206 seconds
[2024-04-16T21:33:50.966+0000] {processor.py:161} INFO - Started process (PID=56) to work on /home/airflow/.local/lib/python3.10/site-packages/airflow/example_dags/example_skip_dag.py
[2024-04-16T21:33:50.968+0000] {processor.py:830} INFO - Processing file /home/airflow/.local/lib/python3.10/site-packages/airflow/example_dags/example_skip_dag.py for tasks to queue
[2024-04-16T21:33:50.970+0000] {logging_mixin.py:188} INFO - [2024-04-16T21:33:50.969+0000] {dagbag.py:540} INFO - Filling up the DagBag from /home/airflow/.local/lib/python3.10/site-packages/airflow/example_dags/example_skip_dag.py
[2024-04-16T21:33:50.978+0000] {processor.py:840} INFO - DAG(s) 'example_skip_dag' retrieved from /home/airflow/.local/lib/python3.10/site-packages/airflow/example_dags/example_skip_dag.py
[2024-04-16T21:33:50.990+0000] {logging_mixin.py:188} INFO - [2024-04-16T21:33:50.990+0000] {dag.py:3047} INFO - Sync 1 DAGs
[2024-04-16T21:33:51.015+0000] {logging_mixin.py:188} INFO - [2024-04-16T21:33:51.015+0000] {dag.py:3834} INFO - Setting next_dagrun for example_skip_dag to 2024-04-15 00:00:00+00:00, run_after=2024-04-16 00:00:00+00:00
[2024-04-16T21:33:51.033+0000] {processor.py:183} INFO - Processing /home/airflow/.local/lib/python3.10/site-packages/airflow/example_dags/example_skip_dag.py took 0.070 seconds
[2024-04-16T21:34:22.174+0000] {processor.py:161} INFO - Started process (PID=113) to work on /home/airflow/.local/lib/python3.10/site-packages/airflow/example_dags/example_skip_dag.py
[2024-04-16T21:34:22.175+0000] {processor.py:830} INFO - Processing file /home/airflow/.local/lib/python3.10/site-packages/airflow/example_dags/example_skip_dag.py for tasks to queue
[2024-04-16T21:34:22.177+0000] {logging_mixin.py:188} INFO - [2024-04-16T21:34:22.176+0000] {dagbag.py:540} INFO - Filling up the DagBag from /home/airflow/.local/lib/python3.10/site-packages/airflow/example_dags/example_skip_dag.py
[2024-04-16T21:34:22.182+0000] {processor.py:840} INFO - DAG(s) 'example_skip_dag' retrieved from /home/airflow/.local/lib/python3.10/site-packages/airflow/example_dags/example_skip_dag.py
[2024-04-16T21:34:22.266+0000] {logging_mixin.py:188} INFO - [2024-04-16T21:34:22.266+0000] {dag.py:3047} INFO - Sync 1 DAGs
[2024-04-16T21:34:22.283+0000] {logging_mixin.py:188} INFO - [2024-04-16T21:34:22.283+0000] {dag.py:3834} INFO - Setting next_dagrun for example_skip_dag to 2024-04-15 00:00:00+00:00, run_after=2024-04-16 00:00:00+00:00
[2024-04-16T21:34:22.300+0000] {processor.py:183} INFO - Processing /home/airflow/.local/lib/python3.10/site-packages/airflow/example_dags/example_skip_dag.py took 0.129 seconds
[2024-04-16T21:34:52.392+0000] {processor.py:161} INFO - Started process (PID=170) to work on /home/airflow/.local/lib/python3.10/site-packages/airflow/example_dags/example_skip_dag.py
[2024-04-16T21:34:52.392+0000] {processor.py:830} INFO - Processing file /home/airflow/.local/lib/python3.10/site-packages/airflow/example_dags/example_skip_dag.py for tasks to queue
[2024-04-16T21:34:52.394+0000] {logging_mixin.py:188} INFO - [2024-04-16T21:34:52.394+0000] {dagbag.py:540} INFO - Filling up the DagBag from /home/airflow/.local/lib/python3.10/site-packages/airflow/example_dags/example_skip_dag.py
[2024-04-16T21:34:52.400+0000] {processor.py:840} INFO - DAG(s) 'example_skip_dag' retrieved from /home/airflow/.local/lib/python3.10/site-packages/airflow/example_dags/example_skip_dag.py
[2024-04-16T21:34:52.421+0000] {logging_mixin.py:188} INFO - [2024-04-16T21:34:52.421+0000] {dag.py:3047} INFO - Sync 1 DAGs
[2024-04-16T21:34:52.444+0000] {logging_mixin.py:188} INFO - [2024-04-16T21:34:52.444+0000] {dag.py:3834} INFO - Setting next_dagrun for example_skip_dag to 2024-04-15 00:00:00+00:00, run_after=2024-04-16 00:00:00+00:00
[2024-04-16T21:34:52.465+0000] {processor.py:183} INFO - Processing /home/airflow/.local/lib/python3.10/site-packages/airflow/example_dags/example_skip_dag.py took 0.077 seconds
[2024-04-16T21:35:22.560+0000] {processor.py:161} INFO - Started process (PID=227) to work on /home/airflow/.local/lib/python3.10/site-packages/airflow/example_dags/example_skip_dag.py
[2024-04-16T21:35:22.561+0000] {processor.py:830} INFO - Processing file /home/airflow/.local/lib/python3.10/site-packages/airflow/example_dags/example_skip_dag.py for tasks to queue
[2024-04-16T21:35:22.563+0000] {logging_mixin.py:188} INFO - [2024-04-16T21:35:22.563+0000] {dagbag.py:540} INFO - Filling up the DagBag from /home/airflow/.local/lib/python3.10/site-packages/airflow/example_dags/example_skip_dag.py
[2024-04-16T21:35:22.569+0000] {processor.py:840} INFO - DAG(s) 'example_skip_dag' retrieved from /home/airflow/.local/lib/python3.10/site-packages/airflow/example_dags/example_skip_dag.py
[2024-04-16T21:35:22.590+0000] {logging_mixin.py:188} INFO - [2024-04-16T21:35:22.590+0000] {dag.py:3047} INFO - Sync 1 DAGs
[2024-04-16T21:35:22.611+0000] {logging_mixin.py:188} INFO - [2024-04-16T21:35:22.611+0000] {dag.py:3834} INFO - Setting next_dagrun for example_skip_dag to 2024-04-15 00:00:00+00:00, run_after=2024-04-16 00:00:00+00:00
[2024-04-16T21:35:22.634+0000] {processor.py:183} INFO - Processing /home/airflow/.local/lib/python3.10/site-packages/airflow/example_dags/example_skip_dag.py took 0.077 seconds
[2024-04-16T21:35:53.526+0000] {processor.py:161} INFO - Started process (PID=284) to work on /home/airflow/.local/lib/python3.10/site-packages/airflow/example_dags/example_skip_dag.py
[2024-04-16T21:35:53.527+0000] {processor.py:830} INFO - Processing file /home/airflow/.local/lib/python3.10/site-packages/airflow/example_dags/example_skip_dag.py for tasks to queue
[2024-04-16T21:35:53.529+0000] {logging_mixin.py:188} INFO - [2024-04-16T21:35:53.528+0000] {dagbag.py:540} INFO - Filling up the DagBag from /home/airflow/.local/lib/python3.10/site-packages/airflow/example_dags/example_skip_dag.py
[2024-04-16T21:35:53.534+0000] {processor.py:840} INFO - DAG(s) 'example_skip_dag' retrieved from /home/airflow/.local/lib/python3.10/site-packages/airflow/example_dags/example_skip_dag.py
[2024-04-16T21:35:53.553+0000] {logging_mixin.py:188} INFO - [2024-04-16T21:35:53.553+0000] {dag.py:3047} INFO - Sync 1 DAGs
[2024-04-16T21:35:53.576+0000] {logging_mixin.py:188} INFO - [2024-04-16T21:35:53.576+0000] {dag.py:3834} INFO - Setting next_dagrun for example_skip_dag to 2024-04-15 00:00:00+00:00, run_after=2024-04-16 00:00:00+00:00
[2024-04-16T21:35:53.594+0000] {processor.py:183} INFO - Processing /home/airflow/.local/lib/python3.10/site-packages/airflow/example_dags/example_skip_dag.py took 0.071 seconds
[2024-04-16T21:36:24.066+0000] {processor.py:161} INFO - Started process (PID=341) to work on /home/airflow/.local/lib/python3.10/site-packages/airflow/example_dags/example_skip_dag.py
[2024-04-16T21:36:24.067+0000] {processor.py:830} INFO - Processing file /home/airflow/.local/lib/python3.10/site-packages/airflow/example_dags/example_skip_dag.py for tasks to queue
[2024-04-16T21:36:24.069+0000] {logging_mixin.py:188} INFO - [2024-04-16T21:36:24.068+0000] {dagbag.py:540} INFO - Filling up the DagBag from /home/airflow/.local/lib/python3.10/site-packages/airflow/example_dags/example_skip_dag.py
[2024-04-16T21:36:24.077+0000] {processor.py:840} INFO - DAG(s) 'example_skip_dag' retrieved from /home/airflow/.local/lib/python3.10/site-packages/airflow/example_dags/example_skip_dag.py
[2024-04-16T21:36:24.099+0000] {logging_mixin.py:188} INFO - [2024-04-16T21:36:24.099+0000] {dag.py:3047} INFO - Sync 1 DAGs
[2024-04-16T21:36:24.121+0000] {logging_mixin.py:188} INFO - [2024-04-16T21:36:24.121+0000] {dag.py:3834} INFO - Setting next_dagrun for example_skip_dag to 2024-04-15 00:00:00+00:00, run_after=2024-04-16 00:00:00+00:00
[2024-04-16T21:36:24.139+0000] {processor.py:183} INFO - Processing /home/airflow/.local/lib/python3.10/site-packages/airflow/example_dags/example_skip_dag.py took 0.077 seconds
[2024-04-16T21:36:54.717+0000] {processor.py:161} INFO - Started process (PID=398) to work on /home/airflow/.local/lib/python3.10/site-packages/airflow/example_dags/example_skip_dag.py
[2024-04-16T21:36:54.718+0000] {processor.py:830} INFO - Processing file /home/airflow/.local/lib/python3.10/site-packages/airflow/example_dags/example_skip_dag.py for tasks to queue
[2024-04-16T21:36:54.720+0000] {logging_mixin.py:188} INFO - [2024-04-16T21:36:54.720+0000] {dagbag.py:540} INFO - Filling up the DagBag from /home/airflow/.local/lib/python3.10/site-packages/airflow/example_dags/example_skip_dag.py
[2024-04-16T21:36:54.727+0000] {processor.py:840} INFO - DAG(s) 'example_skip_dag' retrieved from /home/airflow/.local/lib/python3.10/site-packages/airflow/example_dags/example_skip_dag.py
[2024-04-16T21:36:54.746+0000] {logging_mixin.py:188} INFO - [2024-04-16T21:36:54.746+0000] {dag.py:3047} INFO - Sync 1 DAGs
[2024-04-16T21:36:54.766+0000] {logging_mixin.py:188} INFO - [2024-04-16T21:36:54.766+0000] {dag.py:3834} INFO - Setting next_dagrun for example_skip_dag to 2024-04-15 00:00:00+00:00, run_after=2024-04-16 00:00:00+00:00
[2024-04-16T21:36:54.785+0000] {processor.py:183} INFO - Processing /home/airflow/.local/lib/python3.10/site-packages/airflow/example_dags/example_skip_dag.py took 0.071 seconds
[2024-04-16T21:37:25.249+0000] {processor.py:161} INFO - Started process (PID=455) to work on /home/airflow/.local/lib/python3.10/site-packages/airflow/example_dags/example_skip_dag.py
[2024-04-16T21:37:25.250+0000] {processor.py:830} INFO - Processing file /home/airflow/.local/lib/python3.10/site-packages/airflow/example_dags/example_skip_dag.py for tasks to queue
[2024-04-16T21:37:25.252+0000] {logging_mixin.py:188} INFO - [2024-04-16T21:37:25.251+0000] {dagbag.py:540} INFO - Filling up the DagBag from /home/airflow/.local/lib/python3.10/site-packages/airflow/example_dags/example_skip_dag.py
[2024-04-16T21:37:25.258+0000] {processor.py:840} INFO - DAG(s) 'example_skip_dag' retrieved from /home/airflow/.local/lib/python3.10/site-packages/airflow/example_dags/example_skip_dag.py
[2024-04-16T21:37:25.278+0000] {logging_mixin.py:188} INFO - [2024-04-16T21:37:25.278+0000] {dag.py:3047} INFO - Sync 1 DAGs
[2024-04-16T21:37:25.299+0000] {logging_mixin.py:188} INFO - [2024-04-16T21:37:25.299+0000] {dag.py:3834} INFO - Setting next_dagrun for example_skip_dag to 2024-04-15 00:00:00+00:00, run_after=2024-04-16 00:00:00+00:00
[2024-04-16T21:37:25.316+0000] {processor.py:183} INFO - Processing /home/airflow/.local/lib/python3.10/site-packages/airflow/example_dags/example_skip_dag.py took 0.070 seconds
[2024-04-16T21:37:55.921+0000] {processor.py:161} INFO - Started process (PID=512) to work on /home/airflow/.local/lib/python3.10/site-packages/airflow/example_dags/example_skip_dag.py
[2024-04-16T21:37:55.922+0000] {processor.py:830} INFO - Processing file /home/airflow/.local/lib/python3.10/site-packages/airflow/example_dags/example_skip_dag.py for tasks to queue
[2024-04-16T21:37:55.924+0000] {logging_mixin.py:188} INFO - [2024-04-16T21:37:55.924+0000] {dagbag.py:540} INFO - Filling up the DagBag from /home/airflow/.local/lib/python3.10/site-packages/airflow/example_dags/example_skip_dag.py
[2024-04-16T21:37:55.931+0000] {processor.py:840} INFO - DAG(s) 'example_skip_dag' retrieved from /home/airflow/.local/lib/python3.10/site-packages/airflow/example_dags/example_skip_dag.py
[2024-04-16T21:37:55.951+0000] {logging_mixin.py:188} INFO - [2024-04-16T21:37:55.950+0000] {dag.py:3047} INFO - Sync 1 DAGs
[2024-04-16T21:37:55.971+0000] {logging_mixin.py:188} INFO - [2024-04-16T21:37:55.971+0000] {dag.py:3834} INFO - Setting next_dagrun for example_skip_dag to 2024-04-15 00:00:00+00:00, run_after=2024-04-16 00:00:00+00:00
[2024-04-16T21:37:55.989+0000] {processor.py:183} INFO - Processing /home/airflow/.local/lib/python3.10/site-packages/airflow/example_dags/example_skip_dag.py took 0.071 seconds
[2024-04-16T21:38:26.512+0000] {processor.py:161} INFO - Started process (PID=569) to work on /home/airflow/.local/lib/python3.10/site-packages/airflow/example_dags/example_skip_dag.py
[2024-04-16T21:38:26.514+0000] {processor.py:830} INFO - Processing file /home/airflow/.local/lib/python3.10/site-packages/airflow/example_dags/example_skip_dag.py for tasks to queue
[2024-04-16T21:38:26.515+0000] {logging_mixin.py:188} INFO - [2024-04-16T21:38:26.515+0000] {dagbag.py:540} INFO - Filling up the DagBag from /home/airflow/.local/lib/python3.10/site-packages/airflow/example_dags/example_skip_dag.py
[2024-04-16T21:38:26.521+0000] {processor.py:840} INFO - DAG(s) 'example_skip_dag' retrieved from /home/airflow/.local/lib/python3.10/site-packages/airflow/example_dags/example_skip_dag.py
[2024-04-16T21:38:26.540+0000] {logging_mixin.py:188} INFO - [2024-04-16T21:38:26.540+0000] {dag.py:3047} INFO - Sync 1 DAGs
[2024-04-16T21:38:26.560+0000] {logging_mixin.py:188} INFO - [2024-04-16T21:38:26.560+0000] {dag.py:3834} INFO - Setting next_dagrun for example_skip_dag to 2024-04-15 00:00:00+00:00, run_after=2024-04-16 00:00:00+00:00
[2024-04-16T21:38:26.578+0000] {processor.py:183} INFO - Processing /home/airflow/.local/lib/python3.10/site-packages/airflow/example_dags/example_skip_dag.py took 0.069 seconds
[2024-04-16T21:38:57.197+0000] {processor.py:161} INFO - Started process (PID=626) to work on /home/airflow/.local/lib/python3.10/site-packages/airflow/example_dags/example_skip_dag.py
[2024-04-16T21:38:57.198+0000] {processor.py:830} INFO - Processing file /home/airflow/.local/lib/python3.10/site-packages/airflow/example_dags/example_skip_dag.py for tasks to queue
[2024-04-16T21:38:57.200+0000] {logging_mixin.py:188} INFO - [2024-04-16T21:38:57.200+0000] {dagbag.py:540} INFO - Filling up the DagBag from /home/airflow/.local/lib/python3.10/site-packages/airflow/example_dags/example_skip_dag.py
[2024-04-16T21:38:57.207+0000] {processor.py:840} INFO - DAG(s) 'example_skip_dag' retrieved from /home/airflow/.local/lib/python3.10/site-packages/airflow/example_dags/example_skip_dag.py
[2024-04-16T21:38:57.225+0000] {logging_mixin.py:188} INFO - [2024-04-16T21:38:57.225+0000] {dag.py:3047} INFO - Sync 1 DAGs
[2024-04-16T21:38:57.246+0000] {logging_mixin.py:188} INFO - [2024-04-16T21:38:57.245+0000] {dag.py:3834} INFO - Setting next_dagrun for example_skip_dag to 2024-04-15 00:00:00+00:00, run_after=2024-04-16 00:00:00+00:00
[2024-04-16T21:38:57.263+0000] {processor.py:183} INFO - Processing /home/airflow/.local/lib/python3.10/site-packages/airflow/example_dags/example_skip_dag.py took 0.069 seconds
[2024-04-16T21:39:27.892+0000] {processor.py:161} INFO - Started process (PID=683) to work on /home/airflow/.local/lib/python3.10/site-packages/airflow/example_dags/example_skip_dag.py
[2024-04-16T21:39:27.893+0000] {processor.py:830} INFO - Processing file /home/airflow/.local/lib/python3.10/site-packages/airflow/example_dags/example_skip_dag.py for tasks to queue
[2024-04-16T21:39:27.896+0000] {logging_mixin.py:188} INFO - [2024-04-16T21:39:27.896+0000] {dagbag.py:540} INFO - Filling up the DagBag from /home/airflow/.local/lib/python3.10/site-packages/airflow/example_dags/example_skip_dag.py
[2024-04-16T21:39:27.903+0000] {processor.py:840} INFO - DAG(s) 'example_skip_dag' retrieved from /home/airflow/.local/lib/python3.10/site-packages/airflow/example_dags/example_skip_dag.py
[2024-04-16T21:39:27.925+0000] {logging_mixin.py:188} INFO - [2024-04-16T21:39:27.924+0000] {dag.py:3047} INFO - Sync 1 DAGs
[2024-04-16T21:39:27.949+0000] {logging_mixin.py:188} INFO - [2024-04-16T21:39:27.949+0000] {dag.py:3834} INFO - Setting next_dagrun for example_skip_dag to 2024-04-15 00:00:00+00:00, run_after=2024-04-16 00:00:00+00:00
[2024-04-16T21:39:27.970+0000] {processor.py:183} INFO - Processing /home/airflow/.local/lib/python3.10/site-packages/airflow/example_dags/example_skip_dag.py took 0.082 seconds
[2024-04-16T21:39:58.510+0000] {processor.py:161} INFO - Started process (PID=740) to work on /home/airflow/.local/lib/python3.10/site-packages/airflow/example_dags/example_skip_dag.py
[2024-04-16T21:39:58.511+0000] {processor.py:830} INFO - Processing file /home/airflow/.local/lib/python3.10/site-packages/airflow/example_dags/example_skip_dag.py for tasks to queue
[2024-04-16T21:39:58.513+0000] {logging_mixin.py:188} INFO - [2024-04-16T21:39:58.512+0000] {dagbag.py:540} INFO - Filling up the DagBag from /home/airflow/.local/lib/python3.10/site-packages/airflow/example_dags/example_skip_dag.py
[2024-04-16T21:39:58.519+0000] {processor.py:840} INFO - DAG(s) 'example_skip_dag' retrieved from /home/airflow/.local/lib/python3.10/site-packages/airflow/example_dags/example_skip_dag.py
[2024-04-16T21:39:58.539+0000] {logging_mixin.py:188} INFO - [2024-04-16T21:39:58.538+0000] {dag.py:3047} INFO - Sync 1 DAGs
[2024-04-16T21:39:58.559+0000] {logging_mixin.py:188} INFO - [2024-04-16T21:39:58.559+0000] {dag.py:3834} INFO - Setting next_dagrun for example_skip_dag to 2024-04-15 00:00:00+00:00, run_after=2024-04-16 00:00:00+00:00
[2024-04-16T21:39:58.578+0000] {processor.py:183} INFO - Processing /home/airflow/.local/lib/python3.10/site-packages/airflow/example_dags/example_skip_dag.py took 0.071 seconds
[2024-04-16T21:40:29.127+0000] {processor.py:161} INFO - Started process (PID=797) to work on /home/airflow/.local/lib/python3.10/site-packages/airflow/example_dags/example_skip_dag.py
[2024-04-16T21:40:29.128+0000] {processor.py:830} INFO - Processing file /home/airflow/.local/lib/python3.10/site-packages/airflow/example_dags/example_skip_dag.py for tasks to queue
[2024-04-16T21:40:29.129+0000] {logging_mixin.py:188} INFO - [2024-04-16T21:40:29.129+0000] {dagbag.py:540} INFO - Filling up the DagBag from /home/airflow/.local/lib/python3.10/site-packages/airflow/example_dags/example_skip_dag.py
[2024-04-16T21:40:29.135+0000] {processor.py:840} INFO - DAG(s) 'example_skip_dag' retrieved from /home/airflow/.local/lib/python3.10/site-packages/airflow/example_dags/example_skip_dag.py
[2024-04-16T21:40:29.157+0000] {logging_mixin.py:188} INFO - [2024-04-16T21:40:29.156+0000] {dag.py:3047} INFO - Sync 1 DAGs
[2024-04-16T21:40:29.178+0000] {logging_mixin.py:188} INFO - [2024-04-16T21:40:29.178+0000] {dag.py:3834} INFO - Setting next_dagrun for example_skip_dag to 2024-04-15 00:00:00+00:00, run_after=2024-04-16 00:00:00+00:00
[2024-04-16T21:40:29.195+0000] {processor.py:183} INFO - Processing /home/airflow/.local/lib/python3.10/site-packages/airflow/example_dags/example_skip_dag.py took 0.071 seconds
[2024-04-16T21:40:59.686+0000] {processor.py:161} INFO - Started process (PID=854) to work on /home/airflow/.local/lib/python3.10/site-packages/airflow/example_dags/example_skip_dag.py
[2024-04-16T21:40:59.687+0000] {processor.py:830} INFO - Processing file /home/airflow/.local/lib/python3.10/site-packages/airflow/example_dags/example_skip_dag.py for tasks to queue
[2024-04-16T21:40:59.689+0000] {logging_mixin.py:188} INFO - [2024-04-16T21:40:59.689+0000] {dagbag.py:540} INFO - Filling up the DagBag from /home/airflow/.local/lib/python3.10/site-packages/airflow/example_dags/example_skip_dag.py
[2024-04-16T21:40:59.695+0000] {processor.py:840} INFO - DAG(s) 'example_skip_dag' retrieved from /home/airflow/.local/lib/python3.10/site-packages/airflow/example_dags/example_skip_dag.py
[2024-04-16T21:40:59.715+0000] {logging_mixin.py:188} INFO - [2024-04-16T21:40:59.714+0000] {dag.py:3047} INFO - Sync 1 DAGs
[2024-04-16T21:40:59.734+0000] {logging_mixin.py:188} INFO - [2024-04-16T21:40:59.734+0000] {dag.py:3834} INFO - Setting next_dagrun for example_skip_dag to 2024-04-15 00:00:00+00:00, run_after=2024-04-16 00:00:00+00:00
[2024-04-16T21:40:59.751+0000] {processor.py:183} INFO - Processing /home/airflow/.local/lib/python3.10/site-packages/airflow/example_dags/example_skip_dag.py took 0.068 seconds
[2024-04-16T21:41:30.155+0000] {processor.py:161} INFO - Started process (PID=911) to work on /home/airflow/.local/lib/python3.10/site-packages/airflow/example_dags/example_skip_dag.py
[2024-04-16T21:41:30.156+0000] {processor.py:830} INFO - Processing file /home/airflow/.local/lib/python3.10/site-packages/airflow/example_dags/example_skip_dag.py for tasks to queue
[2024-04-16T21:41:30.158+0000] {logging_mixin.py:188} INFO - [2024-04-16T21:41:30.157+0000] {dagbag.py:540} INFO - Filling up the DagBag from /home/airflow/.local/lib/python3.10/site-packages/airflow/example_dags/example_skip_dag.py
[2024-04-16T21:41:30.164+0000] {processor.py:840} INFO - DAG(s) 'example_skip_dag' retrieved from /home/airflow/.local/lib/python3.10/site-packages/airflow/example_dags/example_skip_dag.py
[2024-04-16T21:41:30.183+0000] {logging_mixin.py:188} INFO - [2024-04-16T21:41:30.182+0000] {dag.py:3047} INFO - Sync 1 DAGs
[2024-04-16T21:41:30.204+0000] {logging_mixin.py:188} INFO - [2024-04-16T21:41:30.204+0000] {dag.py:3834} INFO - Setting next_dagrun for example_skip_dag to 2024-04-15 00:00:00+00:00, run_after=2024-04-16 00:00:00+00:00
[2024-04-16T21:41:30.221+0000] {processor.py:183} INFO - Processing /home/airflow/.local/lib/python3.10/site-packages/airflow/example_dags/example_skip_dag.py took 0.070 seconds
[2024-04-16T21:42:00.654+0000] {processor.py:161} INFO - Started process (PID=968) to work on /home/airflow/.local/lib/python3.10/site-packages/airflow/example_dags/example_skip_dag.py
[2024-04-16T21:42:00.655+0000] {processor.py:830} INFO - Processing file /home/airflow/.local/lib/python3.10/site-packages/airflow/example_dags/example_skip_dag.py for tasks to queue
[2024-04-16T21:42:00.657+0000] {logging_mixin.py:188} INFO - [2024-04-16T21:42:00.656+0000] {dagbag.py:540} INFO - Filling up the DagBag from /home/airflow/.local/lib/python3.10/site-packages/airflow/example_dags/example_skip_dag.py
[2024-04-16T21:42:00.662+0000] {processor.py:840} INFO - DAG(s) 'example_skip_dag' retrieved from /home/airflow/.local/lib/python3.10/site-packages/airflow/example_dags/example_skip_dag.py
[2024-04-16T21:42:00.681+0000] {logging_mixin.py:188} INFO - [2024-04-16T21:42:00.680+0000] {dag.py:3047} INFO - Sync 1 DAGs
[2024-04-16T21:42:00.700+0000] {logging_mixin.py:188} INFO - [2024-04-16T21:42:00.700+0000] {dag.py:3834} INFO - Setting next_dagrun for example_skip_dag to 2024-04-15 00:00:00+00:00, run_after=2024-04-16 00:00:00+00:00
[2024-04-16T21:42:00.718+0000] {processor.py:183} INFO - Processing /home/airflow/.local/lib/python3.10/site-packages/airflow/example_dags/example_skip_dag.py took 0.067 seconds
[2024-04-16T21:42:31.132+0000] {processor.py:161} INFO - Started process (PID=1025) to work on /home/airflow/.local/lib/python3.10/site-packages/airflow/example_dags/example_skip_dag.py
[2024-04-16T21:42:31.134+0000] {processor.py:830} INFO - Processing file /home/airflow/.local/lib/python3.10/site-packages/airflow/example_dags/example_skip_dag.py for tasks to queue
[2024-04-16T21:42:31.136+0000] {logging_mixin.py:188} INFO - [2024-04-16T21:42:31.136+0000] {dagbag.py:540} INFO - Filling up the DagBag from /home/airflow/.local/lib/python3.10/site-packages/airflow/example_dags/example_skip_dag.py
[2024-04-16T21:42:31.144+0000] {processor.py:840} INFO - DAG(s) 'example_skip_dag' retrieved from /home/airflow/.local/lib/python3.10/site-packages/airflow/example_dags/example_skip_dag.py
[2024-04-16T21:42:31.165+0000] {logging_mixin.py:188} INFO - [2024-04-16T21:42:31.165+0000] {dag.py:3047} INFO - Sync 1 DAGs
[2024-04-16T21:42:31.186+0000] {logging_mixin.py:188} INFO - [2024-04-16T21:42:31.186+0000] {dag.py:3834} INFO - Setting next_dagrun for example_skip_dag to 2024-04-15 00:00:00+00:00, run_after=2024-04-16 00:00:00+00:00
[2024-04-16T21:42:31.205+0000] {processor.py:183} INFO - Processing /home/airflow/.local/lib/python3.10/site-packages/airflow/example_dags/example_skip_dag.py took 0.077 seconds
[2024-04-16T21:43:01.687+0000] {processor.py:161} INFO - Started process (PID=1082) to work on /home/airflow/.local/lib/python3.10/site-packages/airflow/example_dags/example_skip_dag.py
[2024-04-16T21:43:01.688+0000] {processor.py:830} INFO - Processing file /home/airflow/.local/lib/python3.10/site-packages/airflow/example_dags/example_skip_dag.py for tasks to queue
[2024-04-16T21:43:01.689+0000] {logging_mixin.py:188} INFO - [2024-04-16T21:43:01.689+0000] {dagbag.py:540} INFO - Filling up the DagBag from /home/airflow/.local/lib/python3.10/site-packages/airflow/example_dags/example_skip_dag.py
[2024-04-16T21:43:01.695+0000] {processor.py:840} INFO - DAG(s) 'example_skip_dag' retrieved from /home/airflow/.local/lib/python3.10/site-packages/airflow/example_dags/example_skip_dag.py
[2024-04-16T21:43:01.713+0000] {logging_mixin.py:188} INFO - [2024-04-16T21:43:01.713+0000] {dag.py:3047} INFO - Sync 1 DAGs
[2024-04-16T21:43:01.731+0000] {logging_mixin.py:188} INFO - [2024-04-16T21:43:01.731+0000] {dag.py:3834} INFO - Setting next_dagrun for example_skip_dag to 2024-04-15 00:00:00+00:00, run_after=2024-04-16 00:00:00+00:00
[2024-04-16T21:43:01.748+0000] {processor.py:183} INFO - Processing /home/airflow/.local/lib/python3.10/site-packages/airflow/example_dags/example_skip_dag.py took 0.064 seconds
[2024-04-16T21:43:32.189+0000] {processor.py:161} INFO - Started process (PID=1139) to work on /home/airflow/.local/lib/python3.10/site-packages/airflow/example_dags/example_skip_dag.py
[2024-04-16T21:43:32.190+0000] {processor.py:830} INFO - Processing file /home/airflow/.local/lib/python3.10/site-packages/airflow/example_dags/example_skip_dag.py for tasks to queue
[2024-04-16T21:43:32.192+0000] {logging_mixin.py:188} INFO - [2024-04-16T21:43:32.192+0000] {dagbag.py:540} INFO - Filling up the DagBag from /home/airflow/.local/lib/python3.10/site-packages/airflow/example_dags/example_skip_dag.py
[2024-04-16T21:43:32.198+0000] {processor.py:840} INFO - DAG(s) 'example_skip_dag' retrieved from /home/airflow/.local/lib/python3.10/site-packages/airflow/example_dags/example_skip_dag.py
[2024-04-16T21:43:32.218+0000] {logging_mixin.py:188} INFO - [2024-04-16T21:43:32.218+0000] {dag.py:3047} INFO - Sync 1 DAGs
[2024-04-16T21:43:32.237+0000] {logging_mixin.py:188} INFO - [2024-04-16T21:43:32.237+0000] {dag.py:3834} INFO - Setting next_dagrun for example_skip_dag to 2024-04-15 00:00:00+00:00, run_after=2024-04-16 00:00:00+00:00
[2024-04-16T21:43:32.254+0000] {processor.py:183} INFO - Processing /home/airflow/.local/lib/python3.10/site-packages/airflow/example_dags/example_skip_dag.py took 0.068 seconds
[2024-04-16T21:44:02.794+0000] {processor.py:161} INFO - Started process (PID=1196) to work on /home/airflow/.local/lib/python3.10/site-packages/airflow/example_dags/example_skip_dag.py
[2024-04-16T21:44:02.795+0000] {processor.py:830} INFO - Processing file /home/airflow/.local/lib/python3.10/site-packages/airflow/example_dags/example_skip_dag.py for tasks to queue
[2024-04-16T21:44:02.797+0000] {logging_mixin.py:188} INFO - [2024-04-16T21:44:02.796+0000] {dagbag.py:540} INFO - Filling up the DagBag from /home/airflow/.local/lib/python3.10/site-packages/airflow/example_dags/example_skip_dag.py
[2024-04-16T21:44:02.803+0000] {processor.py:840} INFO - DAG(s) 'example_skip_dag' retrieved from /home/airflow/.local/lib/python3.10/site-packages/airflow/example_dags/example_skip_dag.py
[2024-04-16T21:44:02.822+0000] {logging_mixin.py:188} INFO - [2024-04-16T21:44:02.821+0000] {dag.py:3047} INFO - Sync 1 DAGs
[2024-04-16T21:44:02.842+0000] {logging_mixin.py:188} INFO - [2024-04-16T21:44:02.842+0000] {dag.py:3834} INFO - Setting next_dagrun for example_skip_dag to 2024-04-15 00:00:00+00:00, run_after=2024-04-16 00:00:00+00:00
[2024-04-16T21:44:02.858+0000] {processor.py:183} INFO - Processing /home/airflow/.local/lib/python3.10/site-packages/airflow/example_dags/example_skip_dag.py took 0.068 seconds
[2024-04-16T21:44:33.305+0000] {processor.py:161} INFO - Started process (PID=1253) to work on /home/airflow/.local/lib/python3.10/site-packages/airflow/example_dags/example_skip_dag.py
[2024-04-16T21:44:33.306+0000] {processor.py:830} INFO - Processing file /home/airflow/.local/lib/python3.10/site-packages/airflow/example_dags/example_skip_dag.py for tasks to queue
[2024-04-16T21:44:33.309+0000] {logging_mixin.py:188} INFO - [2024-04-16T21:44:33.309+0000] {dagbag.py:540} INFO - Filling up the DagBag from /home/airflow/.local/lib/python3.10/site-packages/airflow/example_dags/example_skip_dag.py
[2024-04-16T21:44:33.319+0000] {processor.py:840} INFO - DAG(s) 'example_skip_dag' retrieved from /home/airflow/.local/lib/python3.10/site-packages/airflow/example_dags/example_skip_dag.py
[2024-04-16T21:44:33.352+0000] {logging_mixin.py:188} INFO - [2024-04-16T21:44:33.351+0000] {dag.py:3047} INFO - Sync 1 DAGs
[2024-04-16T21:44:33.380+0000] {logging_mixin.py:188} INFO - [2024-04-16T21:44:33.380+0000] {dag.py:3834} INFO - Setting next_dagrun for example_skip_dag to 2024-04-15 00:00:00+00:00, run_after=2024-04-16 00:00:00+00:00
[2024-04-16T21:44:33.402+0000] {processor.py:183} INFO - Processing /home/airflow/.local/lib/python3.10/site-packages/airflow/example_dags/example_skip_dag.py took 0.102 seconds
[2024-04-16T21:45:04.006+0000] {processor.py:161} INFO - Started process (PID=1310) to work on /home/airflow/.local/lib/python3.10/site-packages/airflow/example_dags/example_skip_dag.py
[2024-04-16T21:45:04.008+0000] {processor.py:830} INFO - Processing file /home/airflow/.local/lib/python3.10/site-packages/airflow/example_dags/example_skip_dag.py for tasks to queue
[2024-04-16T21:45:04.009+0000] {logging_mixin.py:188} INFO - [2024-04-16T21:45:04.009+0000] {dagbag.py:540} INFO - Filling up the DagBag from /home/airflow/.local/lib/python3.10/site-packages/airflow/example_dags/example_skip_dag.py
[2024-04-16T21:45:04.017+0000] {processor.py:840} INFO - DAG(s) 'example_skip_dag' retrieved from /home/airflow/.local/lib/python3.10/site-packages/airflow/example_dags/example_skip_dag.py
[2024-04-16T21:45:04.036+0000] {logging_mixin.py:188} INFO - [2024-04-16T21:45:04.036+0000] {dag.py:3047} INFO - Sync 1 DAGs
[2024-04-16T21:45:04.058+0000] {logging_mixin.py:188} INFO - [2024-04-16T21:45:04.058+0000] {dag.py:3834} INFO - Setting next_dagrun for example_skip_dag to 2024-04-15 00:00:00+00:00, run_after=2024-04-16 00:00:00+00:00
[2024-04-16T21:45:04.075+0000] {processor.py:183} INFO - Processing /home/airflow/.local/lib/python3.10/site-packages/airflow/example_dags/example_skip_dag.py took 0.072 seconds
[2024-04-16T21:45:34.533+0000] {processor.py:161} INFO - Started process (PID=1367) to work on /home/airflow/.local/lib/python3.10/site-packages/airflow/example_dags/example_skip_dag.py
[2024-04-16T21:45:34.534+0000] {processor.py:830} INFO - Processing file /home/airflow/.local/lib/python3.10/site-packages/airflow/example_dags/example_skip_dag.py for tasks to queue
[2024-04-16T21:45:34.536+0000] {logging_mixin.py:188} INFO - [2024-04-16T21:45:34.536+0000] {dagbag.py:540} INFO - Filling up the DagBag from /home/airflow/.local/lib/python3.10/site-packages/airflow/example_dags/example_skip_dag.py
[2024-04-16T21:45:34.542+0000] {processor.py:840} INFO - DAG(s) 'example_skip_dag' retrieved from /home/airflow/.local/lib/python3.10/site-packages/airflow/example_dags/example_skip_dag.py
[2024-04-16T21:45:34.562+0000] {logging_mixin.py:188} INFO - [2024-04-16T21:45:34.561+0000] {dag.py:3047} INFO - Sync 1 DAGs
[2024-04-16T21:45:34.582+0000] {logging_mixin.py:188} INFO - [2024-04-16T21:45:34.582+0000] {dag.py:3834} INFO - Setting next_dagrun for example_skip_dag to 2024-04-15 00:00:00+00:00, run_after=2024-04-16 00:00:00+00:00
[2024-04-16T21:45:34.603+0000] {processor.py:183} INFO - Processing /home/airflow/.local/lib/python3.10/site-packages/airflow/example_dags/example_skip_dag.py took 0.073 seconds
