[2024-04-16T21:29:12.657+0000] {processor.py:161} INFO - Started process (PID=74) to work on /home/airflow/.local/lib/python3.10/site-packages/airflow/example_dags/example_short_circuit_operator.py
[2024-04-16T21:29:12.658+0000] {processor.py:830} INFO - Processing file /home/airflow/.local/lib/python3.10/site-packages/airflow/example_dags/example_short_circuit_operator.py for tasks to queue
[2024-04-16T21:29:12.660+0000] {logging_mixin.py:188} INFO - [2024-04-16T21:29:12.660+0000] {dagbag.py:540} INFO - Filling up the DagBag from /home/airflow/.local/lib/python3.10/site-packages/airflow/example_dags/example_short_circuit_operator.py
[2024-04-16T21:29:12.669+0000] {processor.py:840} INFO - DAG(s) 'example_short_circuit_operator' retrieved from /home/airflow/.local/lib/python3.10/site-packages/airflow/example_dags/example_short_circuit_operator.py
[2024-04-16T21:29:12.683+0000] {logging_mixin.py:188} INFO - [2024-04-16T21:29:12.682+0000] {dag.py:3047} INFO - Sync 1 DAGs
[2024-04-16T21:29:12.705+0000] {logging_mixin.py:188} INFO - [2024-04-16T21:29:12.705+0000] {dag.py:3834} INFO - Setting next_dagrun for example_short_circuit_operator to 2024-04-15 00:00:00+00:00, run_after=2024-04-16 00:00:00+00:00
[2024-04-16T21:29:12.721+0000] {processor.py:183} INFO - Processing /home/airflow/.local/lib/python3.10/site-packages/airflow/example_dags/example_short_circuit_operator.py took 0.068 seconds
[2024-04-16T21:29:44.768+0000] {processor.py:161} INFO - Started process (PID=129) to work on /home/airflow/.local/lib/python3.10/site-packages/airflow/example_dags/example_short_circuit_operator.py
[2024-04-16T21:29:44.769+0000] {processor.py:830} INFO - Processing file /home/airflow/.local/lib/python3.10/site-packages/airflow/example_dags/example_short_circuit_operator.py for tasks to queue
[2024-04-16T21:29:44.772+0000] {logging_mixin.py:188} INFO - [2024-04-16T21:29:44.772+0000] {dagbag.py:540} INFO - Filling up the DagBag from /home/airflow/.local/lib/python3.10/site-packages/airflow/example_dags/example_short_circuit_operator.py
[2024-04-16T21:29:44.781+0000] {processor.py:840} INFO - DAG(s) 'example_short_circuit_operator' retrieved from /home/airflow/.local/lib/python3.10/site-packages/airflow/example_dags/example_short_circuit_operator.py
[2024-04-16T21:29:44.870+0000] {logging_mixin.py:188} INFO - [2024-04-16T21:29:44.870+0000] {dag.py:3047} INFO - Sync 1 DAGs
[2024-04-16T21:29:44.887+0000] {logging_mixin.py:188} INFO - [2024-04-16T21:29:44.887+0000] {dag.py:3834} INFO - Setting next_dagrun for example_short_circuit_operator to 2024-04-15 00:00:00+00:00, run_after=2024-04-16 00:00:00+00:00
[2024-04-16T21:29:44.902+0000] {processor.py:183} INFO - Processing /home/airflow/.local/lib/python3.10/site-packages/airflow/example_dags/example_short_circuit_operator.py took 0.139 seconds
[2024-04-16T21:30:15.529+0000] {processor.py:161} INFO - Started process (PID=184) to work on /home/airflow/.local/lib/python3.10/site-packages/airflow/example_dags/example_short_circuit_operator.py
[2024-04-16T21:30:15.530+0000] {processor.py:830} INFO - Processing file /home/airflow/.local/lib/python3.10/site-packages/airflow/example_dags/example_short_circuit_operator.py for tasks to queue
[2024-04-16T21:30:15.532+0000] {logging_mixin.py:188} INFO - [2024-04-16T21:30:15.532+0000] {dagbag.py:540} INFO - Filling up the DagBag from /home/airflow/.local/lib/python3.10/site-packages/airflow/example_dags/example_short_circuit_operator.py
[2024-04-16T21:30:15.539+0000] {processor.py:840} INFO - DAG(s) 'example_short_circuit_operator' retrieved from /home/airflow/.local/lib/python3.10/site-packages/airflow/example_dags/example_short_circuit_operator.py
[2024-04-16T21:30:15.560+0000] {logging_mixin.py:188} INFO - [2024-04-16T21:30:15.560+0000] {dag.py:3047} INFO - Sync 1 DAGs
[2024-04-16T21:30:15.579+0000] {logging_mixin.py:188} INFO - [2024-04-16T21:30:15.579+0000] {dag.py:3834} INFO - Setting next_dagrun for example_short_circuit_operator to 2024-04-15 00:00:00+00:00, run_after=2024-04-16 00:00:00+00:00
[2024-04-16T21:30:15.594+0000] {processor.py:183} INFO - Processing /home/airflow/.local/lib/python3.10/site-packages/airflow/example_dags/example_short_circuit_operator.py took 0.068 seconds
[2024-04-16T21:30:46.006+0000] {processor.py:161} INFO - Started process (PID=239) to work on /home/airflow/.local/lib/python3.10/site-packages/airflow/example_dags/example_short_circuit_operator.py
[2024-04-16T21:30:46.007+0000] {processor.py:830} INFO - Processing file /home/airflow/.local/lib/python3.10/site-packages/airflow/example_dags/example_short_circuit_operator.py for tasks to queue
[2024-04-16T21:30:46.009+0000] {logging_mixin.py:188} INFO - [2024-04-16T21:30:46.009+0000] {dagbag.py:540} INFO - Filling up the DagBag from /home/airflow/.local/lib/python3.10/site-packages/airflow/example_dags/example_short_circuit_operator.py
[2024-04-16T21:30:46.016+0000] {processor.py:840} INFO - DAG(s) 'example_short_circuit_operator' retrieved from /home/airflow/.local/lib/python3.10/site-packages/airflow/example_dags/example_short_circuit_operator.py
[2024-04-16T21:30:46.038+0000] {logging_mixin.py:188} INFO - [2024-04-16T21:30:46.038+0000] {dag.py:3047} INFO - Sync 1 DAGs
[2024-04-16T21:30:46.058+0000] {logging_mixin.py:188} INFO - [2024-04-16T21:30:46.058+0000] {dag.py:3834} INFO - Setting next_dagrun for example_short_circuit_operator to 2024-04-15 00:00:00+00:00, run_after=2024-04-16 00:00:00+00:00
[2024-04-16T21:30:46.075+0000] {processor.py:183} INFO - Processing /home/airflow/.local/lib/python3.10/site-packages/airflow/example_dags/example_short_circuit_operator.py took 0.072 seconds
[2024-04-16T21:31:16.963+0000] {processor.py:161} INFO - Started process (PID=294) to work on /home/airflow/.local/lib/python3.10/site-packages/airflow/example_dags/example_short_circuit_operator.py
[2024-04-16T21:31:16.964+0000] {processor.py:830} INFO - Processing file /home/airflow/.local/lib/python3.10/site-packages/airflow/example_dags/example_short_circuit_operator.py for tasks to queue
[2024-04-16T21:31:16.966+0000] {logging_mixin.py:188} INFO - [2024-04-16T21:31:16.966+0000] {dagbag.py:540} INFO - Filling up the DagBag from /home/airflow/.local/lib/python3.10/site-packages/airflow/example_dags/example_short_circuit_operator.py
[2024-04-16T21:31:16.973+0000] {processor.py:840} INFO - DAG(s) 'example_short_circuit_operator' retrieved from /home/airflow/.local/lib/python3.10/site-packages/airflow/example_dags/example_short_circuit_operator.py
[2024-04-16T21:31:16.994+0000] {logging_mixin.py:188} INFO - [2024-04-16T21:31:16.993+0000] {dag.py:3047} INFO - Sync 1 DAGs
[2024-04-16T21:31:17.014+0000] {logging_mixin.py:188} INFO - [2024-04-16T21:31:17.014+0000] {dag.py:3834} INFO - Setting next_dagrun for example_short_circuit_operator to 2024-04-15 00:00:00+00:00, run_after=2024-04-16 00:00:00+00:00
[2024-04-16T21:31:17.037+0000] {processor.py:183} INFO - Processing /home/airflow/.local/lib/python3.10/site-packages/airflow/example_dags/example_short_circuit_operator.py took 0.077 seconds
[2024-04-16T21:32:13.629+0000] {processor.py:161} INFO - Started process (PID=76) to work on /home/airflow/.local/lib/python3.10/site-packages/airflow/example_dags/example_short_circuit_operator.py
[2024-04-16T21:32:13.630+0000] {processor.py:830} INFO - Processing file /home/airflow/.local/lib/python3.10/site-packages/airflow/example_dags/example_short_circuit_operator.py for tasks to queue
[2024-04-16T21:32:13.632+0000] {logging_mixin.py:188} INFO - [2024-04-16T21:32:13.631+0000] {dagbag.py:540} INFO - Filling up the DagBag from /home/airflow/.local/lib/python3.10/site-packages/airflow/example_dags/example_short_circuit_operator.py
[2024-04-16T21:32:13.639+0000] {processor.py:840} INFO - DAG(s) 'example_short_circuit_operator' retrieved from /home/airflow/.local/lib/python3.10/site-packages/airflow/example_dags/example_short_circuit_operator.py
[2024-04-16T21:32:13.649+0000] {logging_mixin.py:188} INFO - [2024-04-16T21:32:13.648+0000] {dag.py:3047} INFO - Sync 1 DAGs
[2024-04-16T21:32:13.676+0000] {logging_mixin.py:188} INFO - [2024-04-16T21:32:13.676+0000] {dag.py:3834} INFO - Setting next_dagrun for example_short_circuit_operator to 2024-04-15 00:00:00+00:00, run_after=2024-04-16 00:00:00+00:00
[2024-04-16T21:32:13.697+0000] {processor.py:183} INFO - Processing /home/airflow/.local/lib/python3.10/site-packages/airflow/example_dags/example_short_circuit_operator.py took 0.071 seconds
[2024-04-16T21:32:45.738+0000] {processor.py:161} INFO - Started process (PID=133) to work on /home/airflow/.local/lib/python3.10/site-packages/airflow/example_dags/example_short_circuit_operator.py
[2024-04-16T21:32:45.739+0000] {processor.py:830} INFO - Processing file /home/airflow/.local/lib/python3.10/site-packages/airflow/example_dags/example_short_circuit_operator.py for tasks to queue
[2024-04-16T21:32:45.741+0000] {logging_mixin.py:188} INFO - [2024-04-16T21:32:45.741+0000] {dagbag.py:540} INFO - Filling up the DagBag from /home/airflow/.local/lib/python3.10/site-packages/airflow/example_dags/example_short_circuit_operator.py
[2024-04-16T21:32:45.748+0000] {processor.py:840} INFO - DAG(s) 'example_short_circuit_operator' retrieved from /home/airflow/.local/lib/python3.10/site-packages/airflow/example_dags/example_short_circuit_operator.py
[2024-04-16T21:32:45.840+0000] {logging_mixin.py:188} INFO - [2024-04-16T21:32:45.839+0000] {dag.py:3047} INFO - Sync 1 DAGs
[2024-04-16T21:32:45.857+0000] {logging_mixin.py:188} INFO - [2024-04-16T21:32:45.857+0000] {dag.py:3834} INFO - Setting next_dagrun for example_short_circuit_operator to 2024-04-15 00:00:00+00:00, run_after=2024-04-16 00:00:00+00:00
[2024-04-16T21:32:45.874+0000] {processor.py:183} INFO - Processing /home/airflow/.local/lib/python3.10/site-packages/airflow/example_dags/example_short_circuit_operator.py took 0.139 seconds
[2024-04-16T21:33:51.887+0000] {processor.py:161} INFO - Started process (PID=76) to work on /home/airflow/.local/lib/python3.10/site-packages/airflow/example_dags/example_short_circuit_operator.py
[2024-04-16T21:33:51.888+0000] {processor.py:830} INFO - Processing file /home/airflow/.local/lib/python3.10/site-packages/airflow/example_dags/example_short_circuit_operator.py for tasks to queue
[2024-04-16T21:33:51.890+0000] {logging_mixin.py:188} INFO - [2024-04-16T21:33:51.890+0000] {dagbag.py:540} INFO - Filling up the DagBag from /home/airflow/.local/lib/python3.10/site-packages/airflow/example_dags/example_short_circuit_operator.py
[2024-04-16T21:33:51.899+0000] {processor.py:840} INFO - DAG(s) 'example_short_circuit_operator' retrieved from /home/airflow/.local/lib/python3.10/site-packages/airflow/example_dags/example_short_circuit_operator.py
[2024-04-16T21:33:51.912+0000] {logging_mixin.py:188} INFO - [2024-04-16T21:33:51.912+0000] {dag.py:3047} INFO - Sync 1 DAGs
[2024-04-16T21:33:51.934+0000] {logging_mixin.py:188} INFO - [2024-04-16T21:33:51.934+0000] {dag.py:3834} INFO - Setting next_dagrun for example_short_circuit_operator to 2024-04-15 00:00:00+00:00, run_after=2024-04-16 00:00:00+00:00
[2024-04-16T21:33:51.959+0000] {processor.py:183} INFO - Processing /home/airflow/.local/lib/python3.10/site-packages/airflow/example_dags/example_short_circuit_operator.py took 0.076 seconds
[2024-04-16T21:34:24.121+0000] {processor.py:161} INFO - Started process (PID=133) to work on /home/airflow/.local/lib/python3.10/site-packages/airflow/example_dags/example_short_circuit_operator.py
[2024-04-16T21:34:24.122+0000] {processor.py:830} INFO - Processing file /home/airflow/.local/lib/python3.10/site-packages/airflow/example_dags/example_short_circuit_operator.py for tasks to queue
[2024-04-16T21:34:24.124+0000] {logging_mixin.py:188} INFO - [2024-04-16T21:34:24.124+0000] {dagbag.py:540} INFO - Filling up the DagBag from /home/airflow/.local/lib/python3.10/site-packages/airflow/example_dags/example_short_circuit_operator.py
[2024-04-16T21:34:24.132+0000] {processor.py:840} INFO - DAG(s) 'example_short_circuit_operator' retrieved from /home/airflow/.local/lib/python3.10/site-packages/airflow/example_dags/example_short_circuit_operator.py
[2024-04-16T21:34:24.233+0000] {logging_mixin.py:188} INFO - [2024-04-16T21:34:24.233+0000] {dag.py:3047} INFO - Sync 1 DAGs
[2024-04-16T21:34:24.255+0000] {logging_mixin.py:188} INFO - [2024-04-16T21:34:24.255+0000] {dag.py:3834} INFO - Setting next_dagrun for example_short_circuit_operator to 2024-04-15 00:00:00+00:00, run_after=2024-04-16 00:00:00+00:00
[2024-04-16T21:34:24.274+0000] {processor.py:183} INFO - Processing /home/airflow/.local/lib/python3.10/site-packages/airflow/example_dags/example_short_circuit_operator.py took 0.157 seconds
[2024-04-16T21:34:54.474+0000] {processor.py:161} INFO - Started process (PID=190) to work on /home/airflow/.local/lib/python3.10/site-packages/airflow/example_dags/example_short_circuit_operator.py
[2024-04-16T21:34:54.475+0000] {processor.py:830} INFO - Processing file /home/airflow/.local/lib/python3.10/site-packages/airflow/example_dags/example_short_circuit_operator.py for tasks to queue
[2024-04-16T21:34:54.477+0000] {logging_mixin.py:188} INFO - [2024-04-16T21:34:54.476+0000] {dagbag.py:540} INFO - Filling up the DagBag from /home/airflow/.local/lib/python3.10/site-packages/airflow/example_dags/example_short_circuit_operator.py
[2024-04-16T21:34:54.484+0000] {processor.py:840} INFO - DAG(s) 'example_short_circuit_operator' retrieved from /home/airflow/.local/lib/python3.10/site-packages/airflow/example_dags/example_short_circuit_operator.py
[2024-04-16T21:34:54.506+0000] {logging_mixin.py:188} INFO - [2024-04-16T21:34:54.505+0000] {dag.py:3047} INFO - Sync 1 DAGs
[2024-04-16T21:34:54.526+0000] {logging_mixin.py:188} INFO - [2024-04-16T21:34:54.526+0000] {dag.py:3834} INFO - Setting next_dagrun for example_short_circuit_operator to 2024-04-15 00:00:00+00:00, run_after=2024-04-16 00:00:00+00:00
[2024-04-16T21:34:54.546+0000] {processor.py:183} INFO - Processing /home/airflow/.local/lib/python3.10/site-packages/airflow/example_dags/example_short_circuit_operator.py took 0.076 seconds
[2024-04-16T21:35:24.613+0000] {processor.py:161} INFO - Started process (PID=247) to work on /home/airflow/.local/lib/python3.10/site-packages/airflow/example_dags/example_short_circuit_operator.py
[2024-04-16T21:35:24.614+0000] {processor.py:830} INFO - Processing file /home/airflow/.local/lib/python3.10/site-packages/airflow/example_dags/example_short_circuit_operator.py for tasks to queue
[2024-04-16T21:35:24.616+0000] {logging_mixin.py:188} INFO - [2024-04-16T21:35:24.616+0000] {dagbag.py:540} INFO - Filling up the DagBag from /home/airflow/.local/lib/python3.10/site-packages/airflow/example_dags/example_short_circuit_operator.py
[2024-04-16T21:35:24.623+0000] {processor.py:840} INFO - DAG(s) 'example_short_circuit_operator' retrieved from /home/airflow/.local/lib/python3.10/site-packages/airflow/example_dags/example_short_circuit_operator.py
[2024-04-16T21:35:24.645+0000] {logging_mixin.py:188} INFO - [2024-04-16T21:35:24.645+0000] {dag.py:3047} INFO - Sync 1 DAGs
[2024-04-16T21:35:24.665+0000] {logging_mixin.py:188} INFO - [2024-04-16T21:35:24.664+0000] {dag.py:3834} INFO - Setting next_dagrun for example_short_circuit_operator to 2024-04-15 00:00:00+00:00, run_after=2024-04-16 00:00:00+00:00
[2024-04-16T21:35:24.682+0000] {processor.py:183} INFO - Processing /home/airflow/.local/lib/python3.10/site-packages/airflow/example_dags/example_short_circuit_operator.py took 0.072 seconds
[2024-04-16T21:35:55.469+0000] {processor.py:161} INFO - Started process (PID=304) to work on /home/airflow/.local/lib/python3.10/site-packages/airflow/example_dags/example_short_circuit_operator.py
[2024-04-16T21:35:55.470+0000] {processor.py:830} INFO - Processing file /home/airflow/.local/lib/python3.10/site-packages/airflow/example_dags/example_short_circuit_operator.py for tasks to queue
[2024-04-16T21:35:55.472+0000] {logging_mixin.py:188} INFO - [2024-04-16T21:35:55.471+0000] {dagbag.py:540} INFO - Filling up the DagBag from /home/airflow/.local/lib/python3.10/site-packages/airflow/example_dags/example_short_circuit_operator.py
[2024-04-16T21:35:55.479+0000] {processor.py:840} INFO - DAG(s) 'example_short_circuit_operator' retrieved from /home/airflow/.local/lib/python3.10/site-packages/airflow/example_dags/example_short_circuit_operator.py
[2024-04-16T21:35:55.500+0000] {logging_mixin.py:188} INFO - [2024-04-16T21:35:55.500+0000] {dag.py:3047} INFO - Sync 1 DAGs
[2024-04-16T21:35:55.520+0000] {logging_mixin.py:188} INFO - [2024-04-16T21:35:55.519+0000] {dag.py:3834} INFO - Setting next_dagrun for example_short_circuit_operator to 2024-04-15 00:00:00+00:00, run_after=2024-04-16 00:00:00+00:00
[2024-04-16T21:35:55.536+0000] {processor.py:183} INFO - Processing /home/airflow/.local/lib/python3.10/site-packages/airflow/example_dags/example_short_circuit_operator.py took 0.071 seconds
[2024-04-16T21:36:26.010+0000] {processor.py:161} INFO - Started process (PID=361) to work on /home/airflow/.local/lib/python3.10/site-packages/airflow/example_dags/example_short_circuit_operator.py
[2024-04-16T21:36:26.011+0000] {processor.py:830} INFO - Processing file /home/airflow/.local/lib/python3.10/site-packages/airflow/example_dags/example_short_circuit_operator.py for tasks to queue
[2024-04-16T21:36:26.013+0000] {logging_mixin.py:188} INFO - [2024-04-16T21:36:26.013+0000] {dagbag.py:540} INFO - Filling up the DagBag from /home/airflow/.local/lib/python3.10/site-packages/airflow/example_dags/example_short_circuit_operator.py
[2024-04-16T21:36:26.020+0000] {processor.py:840} INFO - DAG(s) 'example_short_circuit_operator' retrieved from /home/airflow/.local/lib/python3.10/site-packages/airflow/example_dags/example_short_circuit_operator.py
[2024-04-16T21:36:26.042+0000] {logging_mixin.py:188} INFO - [2024-04-16T21:36:26.041+0000] {dag.py:3047} INFO - Sync 1 DAGs
[2024-04-16T21:36:26.063+0000] {logging_mixin.py:188} INFO - [2024-04-16T21:36:26.063+0000] {dag.py:3834} INFO - Setting next_dagrun for example_short_circuit_operator to 2024-04-15 00:00:00+00:00, run_after=2024-04-16 00:00:00+00:00
[2024-04-16T21:36:26.081+0000] {processor.py:183} INFO - Processing /home/airflow/.local/lib/python3.10/site-packages/airflow/example_dags/example_short_circuit_operator.py took 0.075 seconds
[2024-04-16T21:36:56.654+0000] {processor.py:161} INFO - Started process (PID=418) to work on /home/airflow/.local/lib/python3.10/site-packages/airflow/example_dags/example_short_circuit_operator.py
[2024-04-16T21:36:56.656+0000] {processor.py:830} INFO - Processing file /home/airflow/.local/lib/python3.10/site-packages/airflow/example_dags/example_short_circuit_operator.py for tasks to queue
[2024-04-16T21:36:56.658+0000] {logging_mixin.py:188} INFO - [2024-04-16T21:36:56.657+0000] {dagbag.py:540} INFO - Filling up the DagBag from /home/airflow/.local/lib/python3.10/site-packages/airflow/example_dags/example_short_circuit_operator.py
[2024-04-16T21:36:56.665+0000] {processor.py:840} INFO - DAG(s) 'example_short_circuit_operator' retrieved from /home/airflow/.local/lib/python3.10/site-packages/airflow/example_dags/example_short_circuit_operator.py
[2024-04-16T21:36:56.686+0000] {logging_mixin.py:188} INFO - [2024-04-16T21:36:56.686+0000] {dag.py:3047} INFO - Sync 1 DAGs
[2024-04-16T21:36:56.707+0000] {logging_mixin.py:188} INFO - [2024-04-16T21:36:56.707+0000] {dag.py:3834} INFO - Setting next_dagrun for example_short_circuit_operator to 2024-04-15 00:00:00+00:00, run_after=2024-04-16 00:00:00+00:00
[2024-04-16T21:36:56.724+0000] {processor.py:183} INFO - Processing /home/airflow/.local/lib/python3.10/site-packages/airflow/example_dags/example_short_circuit_operator.py took 0.073 seconds
[2024-04-16T21:37:27.188+0000] {processor.py:161} INFO - Started process (PID=475) to work on /home/airflow/.local/lib/python3.10/site-packages/airflow/example_dags/example_short_circuit_operator.py
[2024-04-16T21:37:27.189+0000] {processor.py:830} INFO - Processing file /home/airflow/.local/lib/python3.10/site-packages/airflow/example_dags/example_short_circuit_operator.py for tasks to queue
[2024-04-16T21:37:27.190+0000] {logging_mixin.py:188} INFO - [2024-04-16T21:37:27.190+0000] {dagbag.py:540} INFO - Filling up the DagBag from /home/airflow/.local/lib/python3.10/site-packages/airflow/example_dags/example_short_circuit_operator.py
[2024-04-16T21:37:27.197+0000] {processor.py:840} INFO - DAG(s) 'example_short_circuit_operator' retrieved from /home/airflow/.local/lib/python3.10/site-packages/airflow/example_dags/example_short_circuit_operator.py
[2024-04-16T21:37:27.219+0000] {logging_mixin.py:188} INFO - [2024-04-16T21:37:27.219+0000] {dag.py:3047} INFO - Sync 1 DAGs
[2024-04-16T21:37:27.240+0000] {logging_mixin.py:188} INFO - [2024-04-16T21:37:27.240+0000] {dag.py:3834} INFO - Setting next_dagrun for example_short_circuit_operator to 2024-04-15 00:00:00+00:00, run_after=2024-04-16 00:00:00+00:00
[2024-04-16T21:37:27.259+0000] {processor.py:183} INFO - Processing /home/airflow/.local/lib/python3.10/site-packages/airflow/example_dags/example_short_circuit_operator.py took 0.074 seconds
[2024-04-16T21:37:57.850+0000] {processor.py:161} INFO - Started process (PID=532) to work on /home/airflow/.local/lib/python3.10/site-packages/airflow/example_dags/example_short_circuit_operator.py
[2024-04-16T21:37:57.851+0000] {processor.py:830} INFO - Processing file /home/airflow/.local/lib/python3.10/site-packages/airflow/example_dags/example_short_circuit_operator.py for tasks to queue
[2024-04-16T21:37:57.853+0000] {logging_mixin.py:188} INFO - [2024-04-16T21:37:57.853+0000] {dagbag.py:540} INFO - Filling up the DagBag from /home/airflow/.local/lib/python3.10/site-packages/airflow/example_dags/example_short_circuit_operator.py
[2024-04-16T21:37:57.860+0000] {processor.py:840} INFO - DAG(s) 'example_short_circuit_operator' retrieved from /home/airflow/.local/lib/python3.10/site-packages/airflow/example_dags/example_short_circuit_operator.py
[2024-04-16T21:37:57.881+0000] {logging_mixin.py:188} INFO - [2024-04-16T21:37:57.880+0000] {dag.py:3047} INFO - Sync 1 DAGs
[2024-04-16T21:37:57.900+0000] {logging_mixin.py:188} INFO - [2024-04-16T21:37:57.900+0000] {dag.py:3834} INFO - Setting next_dagrun for example_short_circuit_operator to 2024-04-15 00:00:00+00:00, run_after=2024-04-16 00:00:00+00:00
[2024-04-16T21:37:57.919+0000] {processor.py:183} INFO - Processing /home/airflow/.local/lib/python3.10/site-packages/airflow/example_dags/example_short_circuit_operator.py took 0.071 seconds
