[2024-04-16T21:29:11.746+0000] {processor.py:161} INFO - Started process (PID=55) to work on /home/airflow/.local/lib/python3.10/site-packages/airflow/example_dags/example_trigger_target_dag.py
[2024-04-16T21:29:11.747+0000] {processor.py:830} INFO - Processing file /home/airflow/.local/lib/python3.10/site-packages/airflow/example_dags/example_trigger_target_dag.py for tasks to queue
[2024-04-16T21:29:11.749+0000] {logging_mixin.py:188} INFO - [2024-04-16T21:29:11.749+0000] {dagbag.py:540} INFO - Filling up the DagBag from /home/airflow/.local/lib/python3.10/site-packages/airflow/example_dags/example_trigger_target_dag.py
[2024-04-16T21:29:11.757+0000] {processor.py:840} INFO - DAG(s) 'example_trigger_target_dag' retrieved from /home/airflow/.local/lib/python3.10/site-packages/airflow/example_dags/example_trigger_target_dag.py
[2024-04-16T21:29:11.770+0000] {logging_mixin.py:188} INFO - [2024-04-16T21:29:11.769+0000] {dag.py:3047} INFO - Sync 1 DAGs
[2024-04-16T21:29:11.784+0000] {logging_mixin.py:188} INFO - [2024-04-16T21:29:11.784+0000] {dag.py:3834} INFO - Setting next_dagrun for example_trigger_target_dag to None, run_after=None
[2024-04-16T21:29:11.802+0000] {processor.py:183} INFO - Processing /home/airflow/.local/lib/python3.10/site-packages/airflow/example_dags/example_trigger_target_dag.py took 0.060 seconds
[2024-04-16T21:29:42.835+0000] {processor.py:161} INFO - Started process (PID=110) to work on /home/airflow/.local/lib/python3.10/site-packages/airflow/example_dags/example_trigger_target_dag.py
[2024-04-16T21:29:42.836+0000] {processor.py:830} INFO - Processing file /home/airflow/.local/lib/python3.10/site-packages/airflow/example_dags/example_trigger_target_dag.py for tasks to queue
[2024-04-16T21:29:42.838+0000] {logging_mixin.py:188} INFO - [2024-04-16T21:29:42.837+0000] {dagbag.py:540} INFO - Filling up the DagBag from /home/airflow/.local/lib/python3.10/site-packages/airflow/example_dags/example_trigger_target_dag.py
[2024-04-16T21:29:42.844+0000] {processor.py:840} INFO - DAG(s) 'example_trigger_target_dag' retrieved from /home/airflow/.local/lib/python3.10/site-packages/airflow/example_dags/example_trigger_target_dag.py
[2024-04-16T21:29:42.953+0000] {logging_mixin.py:188} INFO - [2024-04-16T21:29:42.953+0000] {dag.py:3047} INFO - Sync 1 DAGs
[2024-04-16T21:29:42.964+0000] {logging_mixin.py:188} INFO - [2024-04-16T21:29:42.964+0000] {dag.py:3834} INFO - Setting next_dagrun for example_trigger_target_dag to None, run_after=None
[2024-04-16T21:29:43.089+0000] {processor.py:183} INFO - Processing /home/airflow/.local/lib/python3.10/site-packages/airflow/example_dags/example_trigger_target_dag.py took 0.258 seconds
[2024-04-16T21:30:13.565+0000] {processor.py:161} INFO - Started process (PID=165) to work on /home/airflow/.local/lib/python3.10/site-packages/airflow/example_dags/example_trigger_target_dag.py
[2024-04-16T21:30:13.566+0000] {processor.py:830} INFO - Processing file /home/airflow/.local/lib/python3.10/site-packages/airflow/example_dags/example_trigger_target_dag.py for tasks to queue
[2024-04-16T21:30:13.568+0000] {logging_mixin.py:188} INFO - [2024-04-16T21:30:13.567+0000] {dagbag.py:540} INFO - Filling up the DagBag from /home/airflow/.local/lib/python3.10/site-packages/airflow/example_dags/example_trigger_target_dag.py
[2024-04-16T21:30:13.573+0000] {processor.py:840} INFO - DAG(s) 'example_trigger_target_dag' retrieved from /home/airflow/.local/lib/python3.10/site-packages/airflow/example_dags/example_trigger_target_dag.py
[2024-04-16T21:30:13.591+0000] {logging_mixin.py:188} INFO - [2024-04-16T21:30:13.591+0000] {dag.py:3047} INFO - Sync 1 DAGs
[2024-04-16T21:30:13.603+0000] {logging_mixin.py:188} INFO - [2024-04-16T21:30:13.603+0000] {dag.py:3834} INFO - Setting next_dagrun for example_trigger_target_dag to None, run_after=None
[2024-04-16T21:30:13.619+0000] {processor.py:183} INFO - Processing /home/airflow/.local/lib/python3.10/site-packages/airflow/example_dags/example_trigger_target_dag.py took 0.057 seconds
[2024-04-16T21:30:44.001+0000] {processor.py:161} INFO - Started process (PID=220) to work on /home/airflow/.local/lib/python3.10/site-packages/airflow/example_dags/example_trigger_target_dag.py
[2024-04-16T21:30:44.002+0000] {processor.py:830} INFO - Processing file /home/airflow/.local/lib/python3.10/site-packages/airflow/example_dags/example_trigger_target_dag.py for tasks to queue
[2024-04-16T21:30:44.004+0000] {logging_mixin.py:188} INFO - [2024-04-16T21:30:44.004+0000] {dagbag.py:540} INFO - Filling up the DagBag from /home/airflow/.local/lib/python3.10/site-packages/airflow/example_dags/example_trigger_target_dag.py
[2024-04-16T21:30:44.010+0000] {processor.py:840} INFO - DAG(s) 'example_trigger_target_dag' retrieved from /home/airflow/.local/lib/python3.10/site-packages/airflow/example_dags/example_trigger_target_dag.py
[2024-04-16T21:30:44.027+0000] {logging_mixin.py:188} INFO - [2024-04-16T21:30:44.027+0000] {dag.py:3047} INFO - Sync 1 DAGs
[2024-04-16T21:30:44.039+0000] {logging_mixin.py:188} INFO - [2024-04-16T21:30:44.038+0000] {dag.py:3834} INFO - Setting next_dagrun for example_trigger_target_dag to None, run_after=None
[2024-04-16T21:30:44.057+0000] {processor.py:183} INFO - Processing /home/airflow/.local/lib/python3.10/site-packages/airflow/example_dags/example_trigger_target_dag.py took 0.060 seconds
[2024-04-16T21:31:14.846+0000] {processor.py:161} INFO - Started process (PID=275) to work on /home/airflow/.local/lib/python3.10/site-packages/airflow/example_dags/example_trigger_target_dag.py
[2024-04-16T21:31:14.847+0000] {processor.py:830} INFO - Processing file /home/airflow/.local/lib/python3.10/site-packages/airflow/example_dags/example_trigger_target_dag.py for tasks to queue
[2024-04-16T21:31:14.849+0000] {logging_mixin.py:188} INFO - [2024-04-16T21:31:14.849+0000] {dagbag.py:540} INFO - Filling up the DagBag from /home/airflow/.local/lib/python3.10/site-packages/airflow/example_dags/example_trigger_target_dag.py
[2024-04-16T21:31:14.856+0000] {processor.py:840} INFO - DAG(s) 'example_trigger_target_dag' retrieved from /home/airflow/.local/lib/python3.10/site-packages/airflow/example_dags/example_trigger_target_dag.py
[2024-04-16T21:31:14.873+0000] {logging_mixin.py:188} INFO - [2024-04-16T21:31:14.873+0000] {dag.py:3047} INFO - Sync 1 DAGs
[2024-04-16T21:31:14.884+0000] {logging_mixin.py:188} INFO - [2024-04-16T21:31:14.884+0000] {dag.py:3834} INFO - Setting next_dagrun for example_trigger_target_dag to None, run_after=None
[2024-04-16T21:31:14.903+0000] {processor.py:183} INFO - Processing /home/airflow/.local/lib/python3.10/site-packages/airflow/example_dags/example_trigger_target_dag.py took 0.060 seconds
[2024-04-16T21:32:12.684+0000] {processor.py:161} INFO - Started process (PID=57) to work on /home/airflow/.local/lib/python3.10/site-packages/airflow/example_dags/example_trigger_target_dag.py
[2024-04-16T21:32:12.685+0000] {processor.py:830} INFO - Processing file /home/airflow/.local/lib/python3.10/site-packages/airflow/example_dags/example_trigger_target_dag.py for tasks to queue
[2024-04-16T21:32:12.687+0000] {logging_mixin.py:188} INFO - [2024-04-16T21:32:12.687+0000] {dagbag.py:540} INFO - Filling up the DagBag from /home/airflow/.local/lib/python3.10/site-packages/airflow/example_dags/example_trigger_target_dag.py
[2024-04-16T21:32:12.696+0000] {processor.py:840} INFO - DAG(s) 'example_trigger_target_dag' retrieved from /home/airflow/.local/lib/python3.10/site-packages/airflow/example_dags/example_trigger_target_dag.py
[2024-04-16T21:32:12.713+0000] {logging_mixin.py:188} INFO - [2024-04-16T21:32:12.713+0000] {dag.py:3047} INFO - Sync 1 DAGs
[2024-04-16T21:32:12.728+0000] {logging_mixin.py:188} INFO - [2024-04-16T21:32:12.728+0000] {dag.py:3834} INFO - Setting next_dagrun for example_trigger_target_dag to None, run_after=None
[2024-04-16T21:32:12.748+0000] {processor.py:183} INFO - Processing /home/airflow/.local/lib/python3.10/site-packages/airflow/example_dags/example_trigger_target_dag.py took 0.067 seconds
[2024-04-16T21:32:44.179+0000] {processor.py:161} INFO - Started process (PID=114) to work on /home/airflow/.local/lib/python3.10/site-packages/airflow/example_dags/example_trigger_target_dag.py
[2024-04-16T21:32:44.180+0000] {processor.py:830} INFO - Processing file /home/airflow/.local/lib/python3.10/site-packages/airflow/example_dags/example_trigger_target_dag.py for tasks to queue
[2024-04-16T21:32:44.182+0000] {logging_mixin.py:188} INFO - [2024-04-16T21:32:44.182+0000] {dagbag.py:540} INFO - Filling up the DagBag from /home/airflow/.local/lib/python3.10/site-packages/airflow/example_dags/example_trigger_target_dag.py
[2024-04-16T21:32:44.187+0000] {processor.py:840} INFO - DAG(s) 'example_trigger_target_dag' retrieved from /home/airflow/.local/lib/python3.10/site-packages/airflow/example_dags/example_trigger_target_dag.py
[2024-04-16T21:32:44.274+0000] {logging_mixin.py:188} INFO - [2024-04-16T21:32:44.274+0000] {dag.py:3047} INFO - Sync 1 DAGs
[2024-04-16T21:32:44.285+0000] {logging_mixin.py:188} INFO - [2024-04-16T21:32:44.285+0000] {dag.py:3834} INFO - Setting next_dagrun for example_trigger_target_dag to None, run_after=None
[2024-04-16T21:32:44.307+0000] {processor.py:183} INFO - Processing /home/airflow/.local/lib/python3.10/site-packages/airflow/example_dags/example_trigger_target_dag.py took 0.131 seconds
[2024-04-16T21:33:50.998+0000] {processor.py:161} INFO - Started process (PID=57) to work on /home/airflow/.local/lib/python3.10/site-packages/airflow/example_dags/example_trigger_target_dag.py
[2024-04-16T21:33:50.999+0000] {processor.py:830} INFO - Processing file /home/airflow/.local/lib/python3.10/site-packages/airflow/example_dags/example_trigger_target_dag.py for tasks to queue
[2024-04-16T21:33:51.001+0000] {logging_mixin.py:188} INFO - [2024-04-16T21:33:51.000+0000] {dagbag.py:540} INFO - Filling up the DagBag from /home/airflow/.local/lib/python3.10/site-packages/airflow/example_dags/example_trigger_target_dag.py
[2024-04-16T21:33:51.007+0000] {processor.py:840} INFO - DAG(s) 'example_trigger_target_dag' retrieved from /home/airflow/.local/lib/python3.10/site-packages/airflow/example_dags/example_trigger_target_dag.py
[2024-04-16T21:33:51.018+0000] {logging_mixin.py:188} INFO - [2024-04-16T21:33:51.018+0000] {dag.py:3047} INFO - Sync 1 DAGs
[2024-04-16T21:33:51.031+0000] {logging_mixin.py:188} INFO - [2024-04-16T21:33:51.031+0000] {dag.py:3834} INFO - Setting next_dagrun for example_trigger_target_dag to None, run_after=None
[2024-04-16T21:33:51.053+0000] {processor.py:183} INFO - Processing /home/airflow/.local/lib/python3.10/site-packages/airflow/example_dags/example_trigger_target_dag.py took 0.058 seconds
[2024-04-16T21:34:22.291+0000] {processor.py:161} INFO - Started process (PID=114) to work on /home/airflow/.local/lib/python3.10/site-packages/airflow/example_dags/example_trigger_target_dag.py
[2024-04-16T21:34:22.292+0000] {processor.py:830} INFO - Processing file /home/airflow/.local/lib/python3.10/site-packages/airflow/example_dags/example_trigger_target_dag.py for tasks to queue
[2024-04-16T21:34:22.294+0000] {logging_mixin.py:188} INFO - [2024-04-16T21:34:22.293+0000] {dagbag.py:540} INFO - Filling up the DagBag from /home/airflow/.local/lib/python3.10/site-packages/airflow/example_dags/example_trigger_target_dag.py
[2024-04-16T21:34:22.299+0000] {processor.py:840} INFO - DAG(s) 'example_trigger_target_dag' retrieved from /home/airflow/.local/lib/python3.10/site-packages/airflow/example_dags/example_trigger_target_dag.py
[2024-04-16T21:34:22.382+0000] {logging_mixin.py:188} INFO - [2024-04-16T21:34:22.381+0000] {dag.py:3047} INFO - Sync 1 DAGs
[2024-04-16T21:34:22.391+0000] {logging_mixin.py:188} INFO - [2024-04-16T21:34:22.390+0000] {dag.py:3834} INFO - Setting next_dagrun for example_trigger_target_dag to None, run_after=None
[2024-04-16T21:34:22.408+0000] {processor.py:183} INFO - Processing /home/airflow/.local/lib/python3.10/site-packages/airflow/example_dags/example_trigger_target_dag.py took 0.121 seconds
[2024-04-16T21:34:52.497+0000] {processor.py:161} INFO - Started process (PID=171) to work on /home/airflow/.local/lib/python3.10/site-packages/airflow/example_dags/example_trigger_target_dag.py
[2024-04-16T21:34:52.498+0000] {processor.py:830} INFO - Processing file /home/airflow/.local/lib/python3.10/site-packages/airflow/example_dags/example_trigger_target_dag.py for tasks to queue
[2024-04-16T21:34:52.500+0000] {logging_mixin.py:188} INFO - [2024-04-16T21:34:52.499+0000] {dagbag.py:540} INFO - Filling up the DagBag from /home/airflow/.local/lib/python3.10/site-packages/airflow/example_dags/example_trigger_target_dag.py
[2024-04-16T21:34:52.506+0000] {processor.py:840} INFO - DAG(s) 'example_trigger_target_dag' retrieved from /home/airflow/.local/lib/python3.10/site-packages/airflow/example_dags/example_trigger_target_dag.py
[2024-04-16T21:34:52.525+0000] {logging_mixin.py:188} INFO - [2024-04-16T21:34:52.525+0000] {dag.py:3047} INFO - Sync 1 DAGs
[2024-04-16T21:34:52.538+0000] {logging_mixin.py:188} INFO - [2024-04-16T21:34:52.538+0000] {dag.py:3834} INFO - Setting next_dagrun for example_trigger_target_dag to None, run_after=None
[2024-04-16T21:34:52.558+0000] {processor.py:183} INFO - Processing /home/airflow/.local/lib/python3.10/site-packages/airflow/example_dags/example_trigger_target_dag.py took 0.064 seconds
[2024-04-16T21:35:22.636+0000] {processor.py:161} INFO - Started process (PID=228) to work on /home/airflow/.local/lib/python3.10/site-packages/airflow/example_dags/example_trigger_target_dag.py
[2024-04-16T21:35:22.637+0000] {processor.py:830} INFO - Processing file /home/airflow/.local/lib/python3.10/site-packages/airflow/example_dags/example_trigger_target_dag.py for tasks to queue
[2024-04-16T21:35:22.639+0000] {logging_mixin.py:188} INFO - [2024-04-16T21:35:22.639+0000] {dagbag.py:540} INFO - Filling up the DagBag from /home/airflow/.local/lib/python3.10/site-packages/airflow/example_dags/example_trigger_target_dag.py
[2024-04-16T21:35:22.646+0000] {processor.py:840} INFO - DAG(s) 'example_trigger_target_dag' retrieved from /home/airflow/.local/lib/python3.10/site-packages/airflow/example_dags/example_trigger_target_dag.py
[2024-04-16T21:35:22.665+0000] {logging_mixin.py:188} INFO - [2024-04-16T21:35:22.664+0000] {dag.py:3047} INFO - Sync 1 DAGs
[2024-04-16T21:35:22.678+0000] {logging_mixin.py:188} INFO - [2024-04-16T21:35:22.678+0000] {dag.py:3834} INFO - Setting next_dagrun for example_trigger_target_dag to None, run_after=None
[2024-04-16T21:35:22.695+0000] {processor.py:183} INFO - Processing /home/airflow/.local/lib/python3.10/site-packages/airflow/example_dags/example_trigger_target_dag.py took 0.064 seconds
[2024-04-16T21:35:53.558+0000] {processor.py:161} INFO - Started process (PID=285) to work on /home/airflow/.local/lib/python3.10/site-packages/airflow/example_dags/example_trigger_target_dag.py
[2024-04-16T21:35:53.559+0000] {processor.py:830} INFO - Processing file /home/airflow/.local/lib/python3.10/site-packages/airflow/example_dags/example_trigger_target_dag.py for tasks to queue
[2024-04-16T21:35:53.562+0000] {logging_mixin.py:188} INFO - [2024-04-16T21:35:53.561+0000] {dagbag.py:540} INFO - Filling up the DagBag from /home/airflow/.local/lib/python3.10/site-packages/airflow/example_dags/example_trigger_target_dag.py
[2024-04-16T21:35:53.570+0000] {processor.py:840} INFO - DAG(s) 'example_trigger_target_dag' retrieved from /home/airflow/.local/lib/python3.10/site-packages/airflow/example_dags/example_trigger_target_dag.py
[2024-04-16T21:35:53.590+0000] {logging_mixin.py:188} INFO - [2024-04-16T21:35:53.590+0000] {dag.py:3047} INFO - Sync 1 DAGs
[2024-04-16T21:35:53.603+0000] {logging_mixin.py:188} INFO - [2024-04-16T21:35:53.603+0000] {dag.py:3834} INFO - Setting next_dagrun for example_trigger_target_dag to None, run_after=None
[2024-04-16T21:35:53.622+0000] {processor.py:183} INFO - Processing /home/airflow/.local/lib/python3.10/site-packages/airflow/example_dags/example_trigger_target_dag.py took 0.068 seconds
[2024-04-16T21:36:24.098+0000] {processor.py:161} INFO - Started process (PID=342) to work on /home/airflow/.local/lib/python3.10/site-packages/airflow/example_dags/example_trigger_target_dag.py
[2024-04-16T21:36:24.099+0000] {processor.py:830} INFO - Processing file /home/airflow/.local/lib/python3.10/site-packages/airflow/example_dags/example_trigger_target_dag.py for tasks to queue
[2024-04-16T21:36:24.101+0000] {logging_mixin.py:188} INFO - [2024-04-16T21:36:24.101+0000] {dagbag.py:540} INFO - Filling up the DagBag from /home/airflow/.local/lib/python3.10/site-packages/airflow/example_dags/example_trigger_target_dag.py
[2024-04-16T21:36:24.107+0000] {processor.py:840} INFO - DAG(s) 'example_trigger_target_dag' retrieved from /home/airflow/.local/lib/python3.10/site-packages/airflow/example_dags/example_trigger_target_dag.py
[2024-04-16T21:36:24.125+0000] {logging_mixin.py:188} INFO - [2024-04-16T21:36:24.125+0000] {dag.py:3047} INFO - Sync 1 DAGs
[2024-04-16T21:36:24.136+0000] {logging_mixin.py:188} INFO - [2024-04-16T21:36:24.136+0000] {dag.py:3834} INFO - Setting next_dagrun for example_trigger_target_dag to None, run_after=None
[2024-04-16T21:36:24.153+0000] {processor.py:183} INFO - Processing /home/airflow/.local/lib/python3.10/site-packages/airflow/example_dags/example_trigger_target_dag.py took 0.059 seconds
[2024-04-16T21:36:54.744+0000] {processor.py:161} INFO - Started process (PID=399) to work on /home/airflow/.local/lib/python3.10/site-packages/airflow/example_dags/example_trigger_target_dag.py
[2024-04-16T21:36:54.745+0000] {processor.py:830} INFO - Processing file /home/airflow/.local/lib/python3.10/site-packages/airflow/example_dags/example_trigger_target_dag.py for tasks to queue
[2024-04-16T21:36:54.746+0000] {logging_mixin.py:188} INFO - [2024-04-16T21:36:54.746+0000] {dagbag.py:540} INFO - Filling up the DagBag from /home/airflow/.local/lib/python3.10/site-packages/airflow/example_dags/example_trigger_target_dag.py
[2024-04-16T21:36:54.752+0000] {processor.py:840} INFO - DAG(s) 'example_trigger_target_dag' retrieved from /home/airflow/.local/lib/python3.10/site-packages/airflow/example_dags/example_trigger_target_dag.py
[2024-04-16T21:36:54.770+0000] {logging_mixin.py:188} INFO - [2024-04-16T21:36:54.770+0000] {dag.py:3047} INFO - Sync 1 DAGs
[2024-04-16T21:36:54.782+0000] {logging_mixin.py:188} INFO - [2024-04-16T21:36:54.781+0000] {dag.py:3834} INFO - Setting next_dagrun for example_trigger_target_dag to None, run_after=None
[2024-04-16T21:36:54.799+0000] {processor.py:183} INFO - Processing /home/airflow/.local/lib/python3.10/site-packages/airflow/example_dags/example_trigger_target_dag.py took 0.058 seconds
[2024-04-16T21:37:25.280+0000] {processor.py:161} INFO - Started process (PID=456) to work on /home/airflow/.local/lib/python3.10/site-packages/airflow/example_dags/example_trigger_target_dag.py
[2024-04-16T21:37:25.281+0000] {processor.py:830} INFO - Processing file /home/airflow/.local/lib/python3.10/site-packages/airflow/example_dags/example_trigger_target_dag.py for tasks to queue
[2024-04-16T21:37:25.283+0000] {logging_mixin.py:188} INFO - [2024-04-16T21:37:25.283+0000] {dagbag.py:540} INFO - Filling up the DagBag from /home/airflow/.local/lib/python3.10/site-packages/airflow/example_dags/example_trigger_target_dag.py
[2024-04-16T21:37:25.289+0000] {processor.py:840} INFO - DAG(s) 'example_trigger_target_dag' retrieved from /home/airflow/.local/lib/python3.10/site-packages/airflow/example_dags/example_trigger_target_dag.py
[2024-04-16T21:37:25.306+0000] {logging_mixin.py:188} INFO - [2024-04-16T21:37:25.306+0000] {dag.py:3047} INFO - Sync 1 DAGs
[2024-04-16T21:37:25.318+0000] {logging_mixin.py:188} INFO - [2024-04-16T21:37:25.318+0000] {dag.py:3834} INFO - Setting next_dagrun for example_trigger_target_dag to None, run_after=None
[2024-04-16T21:37:25.336+0000] {processor.py:183} INFO - Processing /home/airflow/.local/lib/python3.10/site-packages/airflow/example_dags/example_trigger_target_dag.py took 0.059 seconds
[2024-04-16T21:37:55.949+0000] {processor.py:161} INFO - Started process (PID=513) to work on /home/airflow/.local/lib/python3.10/site-packages/airflow/example_dags/example_trigger_target_dag.py
[2024-04-16T21:37:55.950+0000] {processor.py:830} INFO - Processing file /home/airflow/.local/lib/python3.10/site-packages/airflow/example_dags/example_trigger_target_dag.py for tasks to queue
[2024-04-16T21:37:55.952+0000] {logging_mixin.py:188} INFO - [2024-04-16T21:37:55.952+0000] {dagbag.py:540} INFO - Filling up the DagBag from /home/airflow/.local/lib/python3.10/site-packages/airflow/example_dags/example_trigger_target_dag.py
[2024-04-16T21:37:55.958+0000] {processor.py:840} INFO - DAG(s) 'example_trigger_target_dag' retrieved from /home/airflow/.local/lib/python3.10/site-packages/airflow/example_dags/example_trigger_target_dag.py
[2024-04-16T21:37:55.975+0000] {logging_mixin.py:188} INFO - [2024-04-16T21:37:55.975+0000] {dag.py:3047} INFO - Sync 1 DAGs
[2024-04-16T21:37:55.987+0000] {logging_mixin.py:188} INFO - [2024-04-16T21:37:55.986+0000] {dag.py:3834} INFO - Setting next_dagrun for example_trigger_target_dag to None, run_after=None
[2024-04-16T21:37:56.004+0000] {processor.py:183} INFO - Processing /home/airflow/.local/lib/python3.10/site-packages/airflow/example_dags/example_trigger_target_dag.py took 0.058 seconds
[2024-04-16T21:38:26.563+0000] {processor.py:161} INFO - Started process (PID=570) to work on /home/airflow/.local/lib/python3.10/site-packages/airflow/example_dags/example_trigger_target_dag.py
[2024-04-16T21:38:26.564+0000] {processor.py:830} INFO - Processing file /home/airflow/.local/lib/python3.10/site-packages/airflow/example_dags/example_trigger_target_dag.py for tasks to queue
[2024-04-16T21:38:26.566+0000] {logging_mixin.py:188} INFO - [2024-04-16T21:38:26.566+0000] {dagbag.py:540} INFO - Filling up the DagBag from /home/airflow/.local/lib/python3.10/site-packages/airflow/example_dags/example_trigger_target_dag.py
[2024-04-16T21:38:26.572+0000] {processor.py:840} INFO - DAG(s) 'example_trigger_target_dag' retrieved from /home/airflow/.local/lib/python3.10/site-packages/airflow/example_dags/example_trigger_target_dag.py
[2024-04-16T21:38:26.591+0000] {logging_mixin.py:188} INFO - [2024-04-16T21:38:26.591+0000] {dag.py:3047} INFO - Sync 1 DAGs
[2024-04-16T21:38:26.603+0000] {logging_mixin.py:188} INFO - [2024-04-16T21:38:26.603+0000] {dag.py:3834} INFO - Setting next_dagrun for example_trigger_target_dag to None, run_after=None
[2024-04-16T21:38:26.620+0000] {processor.py:183} INFO - Processing /home/airflow/.local/lib/python3.10/site-packages/airflow/example_dags/example_trigger_target_dag.py took 0.060 seconds
[2024-04-16T21:38:57.225+0000] {processor.py:161} INFO - Started process (PID=627) to work on /home/airflow/.local/lib/python3.10/site-packages/airflow/example_dags/example_trigger_target_dag.py
[2024-04-16T21:38:57.226+0000] {processor.py:830} INFO - Processing file /home/airflow/.local/lib/python3.10/site-packages/airflow/example_dags/example_trigger_target_dag.py for tasks to queue
[2024-04-16T21:38:57.228+0000] {logging_mixin.py:188} INFO - [2024-04-16T21:38:57.227+0000] {dagbag.py:540} INFO - Filling up the DagBag from /home/airflow/.local/lib/python3.10/site-packages/airflow/example_dags/example_trigger_target_dag.py
[2024-04-16T21:38:57.233+0000] {processor.py:840} INFO - DAG(s) 'example_trigger_target_dag' retrieved from /home/airflow/.local/lib/python3.10/site-packages/airflow/example_dags/example_trigger_target_dag.py
[2024-04-16T21:38:57.251+0000] {logging_mixin.py:188} INFO - [2024-04-16T21:38:57.251+0000] {dag.py:3047} INFO - Sync 1 DAGs
[2024-04-16T21:38:57.263+0000] {logging_mixin.py:188} INFO - [2024-04-16T21:38:57.262+0000] {dag.py:3834} INFO - Setting next_dagrun for example_trigger_target_dag to None, run_after=None
[2024-04-16T21:38:57.280+0000] {processor.py:183} INFO - Processing /home/airflow/.local/lib/python3.10/site-packages/airflow/example_dags/example_trigger_target_dag.py took 0.058 seconds
[2024-04-16T21:39:27.928+0000] {processor.py:161} INFO - Started process (PID=684) to work on /home/airflow/.local/lib/python3.10/site-packages/airflow/example_dags/example_trigger_target_dag.py
[2024-04-16T21:39:27.929+0000] {processor.py:830} INFO - Processing file /home/airflow/.local/lib/python3.10/site-packages/airflow/example_dags/example_trigger_target_dag.py for tasks to queue
[2024-04-16T21:39:27.931+0000] {logging_mixin.py:188} INFO - [2024-04-16T21:39:27.931+0000] {dagbag.py:540} INFO - Filling up the DagBag from /home/airflow/.local/lib/python3.10/site-packages/airflow/example_dags/example_trigger_target_dag.py
[2024-04-16T21:39:27.938+0000] {processor.py:840} INFO - DAG(s) 'example_trigger_target_dag' retrieved from /home/airflow/.local/lib/python3.10/site-packages/airflow/example_dags/example_trigger_target_dag.py
[2024-04-16T21:39:27.959+0000] {logging_mixin.py:188} INFO - [2024-04-16T21:39:27.958+0000] {dag.py:3047} INFO - Sync 1 DAGs
[2024-04-16T21:39:27.972+0000] {logging_mixin.py:188} INFO - [2024-04-16T21:39:27.972+0000] {dag.py:3834} INFO - Setting next_dagrun for example_trigger_target_dag to None, run_after=None
[2024-04-16T21:39:27.995+0000] {processor.py:183} INFO - Processing /home/airflow/.local/lib/python3.10/site-packages/airflow/example_dags/example_trigger_target_dag.py took 0.070 seconds
[2024-04-16T21:39:58.567+0000] {processor.py:161} INFO - Started process (PID=741) to work on /home/airflow/.local/lib/python3.10/site-packages/airflow/example_dags/example_trigger_target_dag.py
[2024-04-16T21:39:58.568+0000] {processor.py:830} INFO - Processing file /home/airflow/.local/lib/python3.10/site-packages/airflow/example_dags/example_trigger_target_dag.py for tasks to queue
[2024-04-16T21:39:58.570+0000] {logging_mixin.py:188} INFO - [2024-04-16T21:39:58.569+0000] {dagbag.py:540} INFO - Filling up the DagBag from /home/airflow/.local/lib/python3.10/site-packages/airflow/example_dags/example_trigger_target_dag.py
[2024-04-16T21:39:58.577+0000] {processor.py:840} INFO - DAG(s) 'example_trigger_target_dag' retrieved from /home/airflow/.local/lib/python3.10/site-packages/airflow/example_dags/example_trigger_target_dag.py
[2024-04-16T21:39:58.595+0000] {logging_mixin.py:188} INFO - [2024-04-16T21:39:58.594+0000] {dag.py:3047} INFO - Sync 1 DAGs
[2024-04-16T21:39:58.607+0000] {logging_mixin.py:188} INFO - [2024-04-16T21:39:58.606+0000] {dag.py:3834} INFO - Setting next_dagrun for example_trigger_target_dag to None, run_after=None
[2024-04-16T21:39:58.624+0000] {processor.py:183} INFO - Processing /home/airflow/.local/lib/python3.10/site-packages/airflow/example_dags/example_trigger_target_dag.py took 0.061 seconds
[2024-04-16T21:40:29.178+0000] {processor.py:161} INFO - Started process (PID=798) to work on /home/airflow/.local/lib/python3.10/site-packages/airflow/example_dags/example_trigger_target_dag.py
[2024-04-16T21:40:29.179+0000] {processor.py:830} INFO - Processing file /home/airflow/.local/lib/python3.10/site-packages/airflow/example_dags/example_trigger_target_dag.py for tasks to queue
[2024-04-16T21:40:29.181+0000] {logging_mixin.py:188} INFO - [2024-04-16T21:40:29.181+0000] {dagbag.py:540} INFO - Filling up the DagBag from /home/airflow/.local/lib/python3.10/site-packages/airflow/example_dags/example_trigger_target_dag.py
[2024-04-16T21:40:29.186+0000] {processor.py:840} INFO - DAG(s) 'example_trigger_target_dag' retrieved from /home/airflow/.local/lib/python3.10/site-packages/airflow/example_dags/example_trigger_target_dag.py
[2024-04-16T21:40:29.205+0000] {logging_mixin.py:188} INFO - [2024-04-16T21:40:29.204+0000] {dag.py:3047} INFO - Sync 1 DAGs
[2024-04-16T21:40:29.216+0000] {logging_mixin.py:188} INFO - [2024-04-16T21:40:29.216+0000] {dag.py:3834} INFO - Setting next_dagrun for example_trigger_target_dag to None, run_after=None
[2024-04-16T21:40:29.233+0000] {processor.py:183} INFO - Processing /home/airflow/.local/lib/python3.10/site-packages/airflow/example_dags/example_trigger_target_dag.py took 0.058 seconds
[2024-04-16T21:40:59.712+0000] {processor.py:161} INFO - Started process (PID=855) to work on /home/airflow/.local/lib/python3.10/site-packages/airflow/example_dags/example_trigger_target_dag.py
[2024-04-16T21:40:59.713+0000] {processor.py:830} INFO - Processing file /home/airflow/.local/lib/python3.10/site-packages/airflow/example_dags/example_trigger_target_dag.py for tasks to queue
[2024-04-16T21:40:59.715+0000] {logging_mixin.py:188} INFO - [2024-04-16T21:40:59.715+0000] {dagbag.py:540} INFO - Filling up the DagBag from /home/airflow/.local/lib/python3.10/site-packages/airflow/example_dags/example_trigger_target_dag.py
[2024-04-16T21:40:59.721+0000] {processor.py:840} INFO - DAG(s) 'example_trigger_target_dag' retrieved from /home/airflow/.local/lib/python3.10/site-packages/airflow/example_dags/example_trigger_target_dag.py
[2024-04-16T21:40:59.738+0000] {logging_mixin.py:188} INFO - [2024-04-16T21:40:59.737+0000] {dag.py:3047} INFO - Sync 1 DAGs
[2024-04-16T21:40:59.749+0000] {logging_mixin.py:188} INFO - [2024-04-16T21:40:59.748+0000] {dag.py:3834} INFO - Setting next_dagrun for example_trigger_target_dag to None, run_after=None
[2024-04-16T21:40:59.768+0000] {processor.py:183} INFO - Processing /home/airflow/.local/lib/python3.10/site-packages/airflow/example_dags/example_trigger_target_dag.py took 0.059 seconds
[2024-04-16T21:41:30.201+0000] {processor.py:161} INFO - Started process (PID=912) to work on /home/airflow/.local/lib/python3.10/site-packages/airflow/example_dags/example_trigger_target_dag.py
[2024-04-16T21:41:30.202+0000] {processor.py:830} INFO - Processing file /home/airflow/.local/lib/python3.10/site-packages/airflow/example_dags/example_trigger_target_dag.py for tasks to queue
[2024-04-16T21:41:30.204+0000] {logging_mixin.py:188} INFO - [2024-04-16T21:41:30.203+0000] {dagbag.py:540} INFO - Filling up the DagBag from /home/airflow/.local/lib/python3.10/site-packages/airflow/example_dags/example_trigger_target_dag.py
[2024-04-16T21:41:30.210+0000] {processor.py:840} INFO - DAG(s) 'example_trigger_target_dag' retrieved from /home/airflow/.local/lib/python3.10/site-packages/airflow/example_dags/example_trigger_target_dag.py
[2024-04-16T21:41:30.228+0000] {logging_mixin.py:188} INFO - [2024-04-16T21:41:30.227+0000] {dag.py:3047} INFO - Sync 1 DAGs
[2024-04-16T21:41:30.240+0000] {logging_mixin.py:188} INFO - [2024-04-16T21:41:30.239+0000] {dag.py:3834} INFO - Setting next_dagrun for example_trigger_target_dag to None, run_after=None
[2024-04-16T21:41:30.256+0000] {processor.py:183} INFO - Processing /home/airflow/.local/lib/python3.10/site-packages/airflow/example_dags/example_trigger_target_dag.py took 0.059 seconds
[2024-04-16T21:42:00.695+0000] {processor.py:161} INFO - Started process (PID=969) to work on /home/airflow/.local/lib/python3.10/site-packages/airflow/example_dags/example_trigger_target_dag.py
[2024-04-16T21:42:00.696+0000] {processor.py:830} INFO - Processing file /home/airflow/.local/lib/python3.10/site-packages/airflow/example_dags/example_trigger_target_dag.py for tasks to queue
[2024-04-16T21:42:00.698+0000] {logging_mixin.py:188} INFO - [2024-04-16T21:42:00.698+0000] {dagbag.py:540} INFO - Filling up the DagBag from /home/airflow/.local/lib/python3.10/site-packages/airflow/example_dags/example_trigger_target_dag.py
[2024-04-16T21:42:00.703+0000] {processor.py:840} INFO - DAG(s) 'example_trigger_target_dag' retrieved from /home/airflow/.local/lib/python3.10/site-packages/airflow/example_dags/example_trigger_target_dag.py
[2024-04-16T21:42:00.720+0000] {logging_mixin.py:188} INFO - [2024-04-16T21:42:00.720+0000] {dag.py:3047} INFO - Sync 1 DAGs
[2024-04-16T21:42:00.730+0000] {logging_mixin.py:188} INFO - [2024-04-16T21:42:00.730+0000] {dag.py:3834} INFO - Setting next_dagrun for example_trigger_target_dag to None, run_after=None
[2024-04-16T21:42:00.748+0000] {processor.py:183} INFO - Processing /home/airflow/.local/lib/python3.10/site-packages/airflow/example_dags/example_trigger_target_dag.py took 0.056 seconds
[2024-04-16T21:42:31.157+0000] {processor.py:161} INFO - Started process (PID=1026) to work on /home/airflow/.local/lib/python3.10/site-packages/airflow/example_dags/example_trigger_target_dag.py
[2024-04-16T21:42:31.158+0000] {processor.py:830} INFO - Processing file /home/airflow/.local/lib/python3.10/site-packages/airflow/example_dags/example_trigger_target_dag.py for tasks to queue
[2024-04-16T21:42:31.159+0000] {logging_mixin.py:188} INFO - [2024-04-16T21:42:31.159+0000] {dagbag.py:540} INFO - Filling up the DagBag from /home/airflow/.local/lib/python3.10/site-packages/airflow/example_dags/example_trigger_target_dag.py
[2024-04-16T21:42:31.165+0000] {processor.py:840} INFO - DAG(s) 'example_trigger_target_dag' retrieved from /home/airflow/.local/lib/python3.10/site-packages/airflow/example_dags/example_trigger_target_dag.py
[2024-04-16T21:42:31.183+0000] {logging_mixin.py:188} INFO - [2024-04-16T21:42:31.183+0000] {dag.py:3047} INFO - Sync 1 DAGs
[2024-04-16T21:42:31.195+0000] {logging_mixin.py:188} INFO - [2024-04-16T21:42:31.194+0000] {dag.py:3834} INFO - Setting next_dagrun for example_trigger_target_dag to None, run_after=None
[2024-04-16T21:42:31.212+0000] {processor.py:183} INFO - Processing /home/airflow/.local/lib/python3.10/site-packages/airflow/example_dags/example_trigger_target_dag.py took 0.059 seconds
[2024-04-16T21:43:01.687+0000] {processor.py:161} INFO - Started process (PID=1083) to work on /home/airflow/.local/lib/python3.10/site-packages/airflow/example_dags/example_trigger_target_dag.py
[2024-04-16T21:43:01.688+0000] {processor.py:830} INFO - Processing file /home/airflow/.local/lib/python3.10/site-packages/airflow/example_dags/example_trigger_target_dag.py for tasks to queue
[2024-04-16T21:43:01.690+0000] {logging_mixin.py:188} INFO - [2024-04-16T21:43:01.689+0000] {dagbag.py:540} INFO - Filling up the DagBag from /home/airflow/.local/lib/python3.10/site-packages/airflow/example_dags/example_trigger_target_dag.py
[2024-04-16T21:43:01.695+0000] {processor.py:840} INFO - DAG(s) 'example_trigger_target_dag' retrieved from /home/airflow/.local/lib/python3.10/site-packages/airflow/example_dags/example_trigger_target_dag.py
[2024-04-16T21:43:01.712+0000] {logging_mixin.py:188} INFO - [2024-04-16T21:43:01.712+0000] {dag.py:3047} INFO - Sync 1 DAGs
[2024-04-16T21:43:01.722+0000] {logging_mixin.py:188} INFO - [2024-04-16T21:43:01.722+0000] {dag.py:3834} INFO - Setting next_dagrun for example_trigger_target_dag to None, run_after=None
[2024-04-16T21:43:01.739+0000] {processor.py:183} INFO - Processing /home/airflow/.local/lib/python3.10/site-packages/airflow/example_dags/example_trigger_target_dag.py took 0.054 seconds
[2024-04-16T21:43:32.240+0000] {processor.py:161} INFO - Started process (PID=1140) to work on /home/airflow/.local/lib/python3.10/site-packages/airflow/example_dags/example_trigger_target_dag.py
[2024-04-16T21:43:32.241+0000] {processor.py:830} INFO - Processing file /home/airflow/.local/lib/python3.10/site-packages/airflow/example_dags/example_trigger_target_dag.py for tasks to queue
[2024-04-16T21:43:32.243+0000] {logging_mixin.py:188} INFO - [2024-04-16T21:43:32.243+0000] {dagbag.py:540} INFO - Filling up the DagBag from /home/airflow/.local/lib/python3.10/site-packages/airflow/example_dags/example_trigger_target_dag.py
[2024-04-16T21:43:32.249+0000] {processor.py:840} INFO - DAG(s) 'example_trigger_target_dag' retrieved from /home/airflow/.local/lib/python3.10/site-packages/airflow/example_dags/example_trigger_target_dag.py
[2024-04-16T21:43:32.266+0000] {logging_mixin.py:188} INFO - [2024-04-16T21:43:32.266+0000] {dag.py:3047} INFO - Sync 1 DAGs
[2024-04-16T21:43:32.277+0000] {logging_mixin.py:188} INFO - [2024-04-16T21:43:32.277+0000] {dag.py:3834} INFO - Setting next_dagrun for example_trigger_target_dag to None, run_after=None
[2024-04-16T21:43:32.294+0000] {processor.py:183} INFO - Processing /home/airflow/.local/lib/python3.10/site-packages/airflow/example_dags/example_trigger_target_dag.py took 0.056 seconds
[2024-04-16T21:44:02.818+0000] {processor.py:161} INFO - Started process (PID=1197) to work on /home/airflow/.local/lib/python3.10/site-packages/airflow/example_dags/example_trigger_target_dag.py
[2024-04-16T21:44:02.819+0000] {processor.py:830} INFO - Processing file /home/airflow/.local/lib/python3.10/site-packages/airflow/example_dags/example_trigger_target_dag.py for tasks to queue
[2024-04-16T21:44:02.820+0000] {logging_mixin.py:188} INFO - [2024-04-16T21:44:02.820+0000] {dagbag.py:540} INFO - Filling up the DagBag from /home/airflow/.local/lib/python3.10/site-packages/airflow/example_dags/example_trigger_target_dag.py
[2024-04-16T21:44:02.826+0000] {processor.py:840} INFO - DAG(s) 'example_trigger_target_dag' retrieved from /home/airflow/.local/lib/python3.10/site-packages/airflow/example_dags/example_trigger_target_dag.py
[2024-04-16T21:44:02.844+0000] {logging_mixin.py:188} INFO - [2024-04-16T21:44:02.844+0000] {dag.py:3047} INFO - Sync 1 DAGs
[2024-04-16T21:44:02.855+0000] {logging_mixin.py:188} INFO - [2024-04-16T21:44:02.855+0000] {dag.py:3834} INFO - Setting next_dagrun for example_trigger_target_dag to None, run_after=None
[2024-04-16T21:44:02.872+0000] {processor.py:183} INFO - Processing /home/airflow/.local/lib/python3.10/site-packages/airflow/example_dags/example_trigger_target_dag.py took 0.058 seconds
[2024-04-16T21:44:33.360+0000] {processor.py:161} INFO - Started process (PID=1254) to work on /home/airflow/.local/lib/python3.10/site-packages/airflow/example_dags/example_trigger_target_dag.py
[2024-04-16T21:44:33.362+0000] {processor.py:830} INFO - Processing file /home/airflow/.local/lib/python3.10/site-packages/airflow/example_dags/example_trigger_target_dag.py for tasks to queue
[2024-04-16T21:44:33.364+0000] {logging_mixin.py:188} INFO - [2024-04-16T21:44:33.363+0000] {dagbag.py:540} INFO - Filling up the DagBag from /home/airflow/.local/lib/python3.10/site-packages/airflow/example_dags/example_trigger_target_dag.py
[2024-04-16T21:44:33.371+0000] {processor.py:840} INFO - DAG(s) 'example_trigger_target_dag' retrieved from /home/airflow/.local/lib/python3.10/site-packages/airflow/example_dags/example_trigger_target_dag.py
[2024-04-16T21:44:33.392+0000] {logging_mixin.py:188} INFO - [2024-04-16T21:44:33.391+0000] {dag.py:3047} INFO - Sync 1 DAGs
[2024-04-16T21:44:33.406+0000] {logging_mixin.py:188} INFO - [2024-04-16T21:44:33.406+0000] {dag.py:3834} INFO - Setting next_dagrun for example_trigger_target_dag to None, run_after=None
[2024-04-16T21:44:33.427+0000] {processor.py:183} INFO - Processing /home/airflow/.local/lib/python3.10/site-packages/airflow/example_dags/example_trigger_target_dag.py took 0.071 seconds
[2024-04-16T21:45:04.035+0000] {processor.py:161} INFO - Started process (PID=1311) to work on /home/airflow/.local/lib/python3.10/site-packages/airflow/example_dags/example_trigger_target_dag.py
[2024-04-16T21:45:04.036+0000] {processor.py:830} INFO - Processing file /home/airflow/.local/lib/python3.10/site-packages/airflow/example_dags/example_trigger_target_dag.py for tasks to queue
[2024-04-16T21:45:04.038+0000] {logging_mixin.py:188} INFO - [2024-04-16T21:45:04.037+0000] {dagbag.py:540} INFO - Filling up the DagBag from /home/airflow/.local/lib/python3.10/site-packages/airflow/example_dags/example_trigger_target_dag.py
[2024-04-16T21:45:04.043+0000] {processor.py:840} INFO - DAG(s) 'example_trigger_target_dag' retrieved from /home/airflow/.local/lib/python3.10/site-packages/airflow/example_dags/example_trigger_target_dag.py
[2024-04-16T21:45:04.061+0000] {logging_mixin.py:188} INFO - [2024-04-16T21:45:04.061+0000] {dag.py:3047} INFO - Sync 1 DAGs
[2024-04-16T21:45:04.072+0000] {logging_mixin.py:188} INFO - [2024-04-16T21:45:04.072+0000] {dag.py:3834} INFO - Setting next_dagrun for example_trigger_target_dag to None, run_after=None
[2024-04-16T21:45:04.089+0000] {processor.py:183} INFO - Processing /home/airflow/.local/lib/python3.10/site-packages/airflow/example_dags/example_trigger_target_dag.py took 0.057 seconds
[2024-04-16T21:45:34.559+0000] {processor.py:161} INFO - Started process (PID=1368) to work on /home/airflow/.local/lib/python3.10/site-packages/airflow/example_dags/example_trigger_target_dag.py
[2024-04-16T21:45:34.560+0000] {processor.py:830} INFO - Processing file /home/airflow/.local/lib/python3.10/site-packages/airflow/example_dags/example_trigger_target_dag.py for tasks to queue
[2024-04-16T21:45:34.562+0000] {logging_mixin.py:188} INFO - [2024-04-16T21:45:34.562+0000] {dagbag.py:540} INFO - Filling up the DagBag from /home/airflow/.local/lib/python3.10/site-packages/airflow/example_dags/example_trigger_target_dag.py
[2024-04-16T21:45:34.568+0000] {processor.py:840} INFO - DAG(s) 'example_trigger_target_dag' retrieved from /home/airflow/.local/lib/python3.10/site-packages/airflow/example_dags/example_trigger_target_dag.py
[2024-04-16T21:45:34.586+0000] {logging_mixin.py:188} INFO - [2024-04-16T21:45:34.586+0000] {dag.py:3047} INFO - Sync 1 DAGs
[2024-04-16T21:45:34.600+0000] {logging_mixin.py:188} INFO - [2024-04-16T21:45:34.599+0000] {dag.py:3834} INFO - Setting next_dagrun for example_trigger_target_dag to None, run_after=None
[2024-04-16T21:45:34.620+0000] {processor.py:183} INFO - Processing /home/airflow/.local/lib/python3.10/site-packages/airflow/example_dags/example_trigger_target_dag.py took 0.064 seconds
