[2024-04-16T21:29:12.089+0000] {processor.py:161} INFO - Started process (PID=62) to work on /home/airflow/.local/lib/python3.10/site-packages/airflow/example_dags/example_nested_branch_dag.py
[2024-04-16T21:29:12.091+0000] {processor.py:830} INFO - Processing file /home/airflow/.local/lib/python3.10/site-packages/airflow/example_dags/example_nested_branch_dag.py for tasks to queue
[2024-04-16T21:29:12.092+0000] {logging_mixin.py:188} INFO - [2024-04-16T21:29:12.092+0000] {dagbag.py:540} INFO - Filling up the DagBag from /home/airflow/.local/lib/python3.10/site-packages/airflow/example_dags/example_nested_branch_dag.py
[2024-04-16T21:29:12.103+0000] {processor.py:840} INFO - DAG(s) 'example_nested_branch_dag' retrieved from /home/airflow/.local/lib/python3.10/site-packages/airflow/example_dags/example_nested_branch_dag.py
[2024-04-16T21:29:12.114+0000] {logging_mixin.py:188} INFO - [2024-04-16T21:29:12.114+0000] {dag.py:3047} INFO - Sync 1 DAGs
[2024-04-16T21:29:12.137+0000] {logging_mixin.py:188} INFO - [2024-04-16T21:29:12.137+0000] {dag.py:3834} INFO - Setting next_dagrun for example_nested_branch_dag to 2024-04-15 00:00:00+00:00, run_after=2024-04-16 00:00:00+00:00
[2024-04-16T21:29:12.155+0000] {processor.py:183} INFO - Processing /home/airflow/.local/lib/python3.10/site-packages/airflow/example_dags/example_nested_branch_dag.py took 0.069 seconds
[2024-04-16T21:29:43.816+0000] {processor.py:161} INFO - Started process (PID=117) to work on /home/airflow/.local/lib/python3.10/site-packages/airflow/example_dags/example_nested_branch_dag.py
[2024-04-16T21:29:43.817+0000] {processor.py:830} INFO - Processing file /home/airflow/.local/lib/python3.10/site-packages/airflow/example_dags/example_nested_branch_dag.py for tasks to queue
[2024-04-16T21:29:43.819+0000] {logging_mixin.py:188} INFO - [2024-04-16T21:29:43.819+0000] {dagbag.py:540} INFO - Filling up the DagBag from /home/airflow/.local/lib/python3.10/site-packages/airflow/example_dags/example_nested_branch_dag.py
[2024-04-16T21:29:43.828+0000] {processor.py:840} INFO - DAG(s) 'example_nested_branch_dag' retrieved from /home/airflow/.local/lib/python3.10/site-packages/airflow/example_dags/example_nested_branch_dag.py
[2024-04-16T21:29:43.920+0000] {logging_mixin.py:188} INFO - [2024-04-16T21:29:43.919+0000] {dag.py:3047} INFO - Sync 1 DAGs
[2024-04-16T21:29:43.939+0000] {logging_mixin.py:188} INFO - [2024-04-16T21:29:43.939+0000] {dag.py:3834} INFO - Setting next_dagrun for example_nested_branch_dag to 2024-04-15 00:00:00+00:00, run_after=2024-04-16 00:00:00+00:00
[2024-04-16T21:29:43.957+0000] {processor.py:183} INFO - Processing /home/airflow/.local/lib/python3.10/site-packages/airflow/example_dags/example_nested_branch_dag.py took 0.144 seconds
[2024-04-16T21:30:13.993+0000] {processor.py:161} INFO - Started process (PID=172) to work on /home/airflow/.local/lib/python3.10/site-packages/airflow/example_dags/example_nested_branch_dag.py
[2024-04-16T21:30:13.994+0000] {processor.py:830} INFO - Processing file /home/airflow/.local/lib/python3.10/site-packages/airflow/example_dags/example_nested_branch_dag.py for tasks to queue
[2024-04-16T21:30:13.996+0000] {logging_mixin.py:188} INFO - [2024-04-16T21:30:13.995+0000] {dagbag.py:540} INFO - Filling up the DagBag from /home/airflow/.local/lib/python3.10/site-packages/airflow/example_dags/example_nested_branch_dag.py
[2024-04-16T21:30:14.006+0000] {processor.py:840} INFO - DAG(s) 'example_nested_branch_dag' retrieved from /home/airflow/.local/lib/python3.10/site-packages/airflow/example_dags/example_nested_branch_dag.py
[2024-04-16T21:30:14.026+0000] {logging_mixin.py:188} INFO - [2024-04-16T21:30:14.026+0000] {dag.py:3047} INFO - Sync 1 DAGs
[2024-04-16T21:30:14.048+0000] {logging_mixin.py:188} INFO - [2024-04-16T21:30:14.047+0000] {dag.py:3834} INFO - Setting next_dagrun for example_nested_branch_dag to 2024-04-15 00:00:00+00:00, run_after=2024-04-16 00:00:00+00:00
[2024-04-16T21:30:14.065+0000] {processor.py:183} INFO - Processing /home/airflow/.local/lib/python3.10/site-packages/airflow/example_dags/example_nested_branch_dag.py took 0.075 seconds
[2024-04-16T21:30:44.429+0000] {processor.py:161} INFO - Started process (PID=227) to work on /home/airflow/.local/lib/python3.10/site-packages/airflow/example_dags/example_nested_branch_dag.py
[2024-04-16T21:30:44.430+0000] {processor.py:830} INFO - Processing file /home/airflow/.local/lib/python3.10/site-packages/airflow/example_dags/example_nested_branch_dag.py for tasks to queue
[2024-04-16T21:30:44.431+0000] {logging_mixin.py:188} INFO - [2024-04-16T21:30:44.431+0000] {dagbag.py:540} INFO - Filling up the DagBag from /home/airflow/.local/lib/python3.10/site-packages/airflow/example_dags/example_nested_branch_dag.py
[2024-04-16T21:30:44.441+0000] {processor.py:840} INFO - DAG(s) 'example_nested_branch_dag' retrieved from /home/airflow/.local/lib/python3.10/site-packages/airflow/example_dags/example_nested_branch_dag.py
[2024-04-16T21:30:44.462+0000] {logging_mixin.py:188} INFO - [2024-04-16T21:30:44.462+0000] {dag.py:3047} INFO - Sync 1 DAGs
[2024-04-16T21:30:44.490+0000] {logging_mixin.py:188} INFO - [2024-04-16T21:30:44.490+0000] {dag.py:3834} INFO - Setting next_dagrun for example_nested_branch_dag to 2024-04-15 00:00:00+00:00, run_after=2024-04-16 00:00:00+00:00
[2024-04-16T21:30:44.515+0000] {processor.py:183} INFO - Processing /home/airflow/.local/lib/python3.10/site-packages/airflow/example_dags/example_nested_branch_dag.py took 0.089 seconds
[2024-04-16T21:31:15.305+0000] {processor.py:161} INFO - Started process (PID=282) to work on /home/airflow/.local/lib/python3.10/site-packages/airflow/example_dags/example_nested_branch_dag.py
[2024-04-16T21:31:15.306+0000] {processor.py:830} INFO - Processing file /home/airflow/.local/lib/python3.10/site-packages/airflow/example_dags/example_nested_branch_dag.py for tasks to queue
[2024-04-16T21:31:15.308+0000] {logging_mixin.py:188} INFO - [2024-04-16T21:31:15.308+0000] {dagbag.py:540} INFO - Filling up the DagBag from /home/airflow/.local/lib/python3.10/site-packages/airflow/example_dags/example_nested_branch_dag.py
[2024-04-16T21:31:15.318+0000] {processor.py:840} INFO - DAG(s) 'example_nested_branch_dag' retrieved from /home/airflow/.local/lib/python3.10/site-packages/airflow/example_dags/example_nested_branch_dag.py
[2024-04-16T21:31:15.339+0000] {logging_mixin.py:188} INFO - [2024-04-16T21:31:15.339+0000] {dag.py:3047} INFO - Sync 1 DAGs
[2024-04-16T21:31:15.362+0000] {logging_mixin.py:188} INFO - [2024-04-16T21:31:15.362+0000] {dag.py:3834} INFO - Setting next_dagrun for example_nested_branch_dag to 2024-04-15 00:00:00+00:00, run_after=2024-04-16 00:00:00+00:00
[2024-04-16T21:31:15.381+0000] {processor.py:183} INFO - Processing /home/airflow/.local/lib/python3.10/site-packages/airflow/example_dags/example_nested_branch_dag.py took 0.079 seconds
[2024-04-16T21:32:13.077+0000] {processor.py:161} INFO - Started process (PID=64) to work on /home/airflow/.local/lib/python3.10/site-packages/airflow/example_dags/example_nested_branch_dag.py
[2024-04-16T21:32:13.078+0000] {processor.py:830} INFO - Processing file /home/airflow/.local/lib/python3.10/site-packages/airflow/example_dags/example_nested_branch_dag.py for tasks to queue
[2024-04-16T21:32:13.079+0000] {logging_mixin.py:188} INFO - [2024-04-16T21:32:13.079+0000] {dagbag.py:540} INFO - Filling up the DagBag from /home/airflow/.local/lib/python3.10/site-packages/airflow/example_dags/example_nested_branch_dag.py
[2024-04-16T21:32:13.091+0000] {processor.py:840} INFO - DAG(s) 'example_nested_branch_dag' retrieved from /home/airflow/.local/lib/python3.10/site-packages/airflow/example_dags/example_nested_branch_dag.py
[2024-04-16T21:32:13.102+0000] {logging_mixin.py:188} INFO - [2024-04-16T21:32:13.102+0000] {dag.py:3047} INFO - Sync 1 DAGs
[2024-04-16T21:32:13.125+0000] {logging_mixin.py:188} INFO - [2024-04-16T21:32:13.124+0000] {dag.py:3834} INFO - Setting next_dagrun for example_nested_branch_dag to 2024-04-15 00:00:00+00:00, run_after=2024-04-16 00:00:00+00:00
[2024-04-16T21:32:13.143+0000] {processor.py:183} INFO - Processing /home/airflow/.local/lib/python3.10/site-packages/airflow/example_dags/example_nested_branch_dag.py took 0.069 seconds
[2024-04-16T21:32:44.724+0000] {processor.py:161} INFO - Started process (PID=121) to work on /home/airflow/.local/lib/python3.10/site-packages/airflow/example_dags/example_nested_branch_dag.py
[2024-04-16T21:32:44.725+0000] {processor.py:830} INFO - Processing file /home/airflow/.local/lib/python3.10/site-packages/airflow/example_dags/example_nested_branch_dag.py for tasks to queue
[2024-04-16T21:32:44.727+0000] {logging_mixin.py:188} INFO - [2024-04-16T21:32:44.727+0000] {dagbag.py:540} INFO - Filling up the DagBag from /home/airflow/.local/lib/python3.10/site-packages/airflow/example_dags/example_nested_branch_dag.py
[2024-04-16T21:32:44.735+0000] {processor.py:840} INFO - DAG(s) 'example_nested_branch_dag' retrieved from /home/airflow/.local/lib/python3.10/site-packages/airflow/example_dags/example_nested_branch_dag.py
[2024-04-16T21:32:44.823+0000] {logging_mixin.py:188} INFO - [2024-04-16T21:32:44.823+0000] {dag.py:3047} INFO - Sync 1 DAGs
[2024-04-16T21:32:44.843+0000] {logging_mixin.py:188} INFO - [2024-04-16T21:32:44.843+0000] {dag.py:3834} INFO - Setting next_dagrun for example_nested_branch_dag to 2024-04-15 00:00:00+00:00, run_after=2024-04-16 00:00:00+00:00
[2024-04-16T21:32:44.861+0000] {processor.py:183} INFO - Processing /home/airflow/.local/lib/python3.10/site-packages/airflow/example_dags/example_nested_branch_dag.py took 0.140 seconds
[2024-04-16T21:33:51.331+0000] {processor.py:161} INFO - Started process (PID=64) to work on /home/airflow/.local/lib/python3.10/site-packages/airflow/example_dags/example_nested_branch_dag.py
[2024-04-16T21:33:51.332+0000] {processor.py:830} INFO - Processing file /home/airflow/.local/lib/python3.10/site-packages/airflow/example_dags/example_nested_branch_dag.py for tasks to queue
[2024-04-16T21:33:51.333+0000] {logging_mixin.py:188} INFO - [2024-04-16T21:33:51.333+0000] {dagbag.py:540} INFO - Filling up the DagBag from /home/airflow/.local/lib/python3.10/site-packages/airflow/example_dags/example_nested_branch_dag.py
[2024-04-16T21:33:51.344+0000] {processor.py:840} INFO - DAG(s) 'example_nested_branch_dag' retrieved from /home/airflow/.local/lib/python3.10/site-packages/airflow/example_dags/example_nested_branch_dag.py
[2024-04-16T21:33:51.354+0000] {logging_mixin.py:188} INFO - [2024-04-16T21:33:51.354+0000] {dag.py:3047} INFO - Sync 1 DAGs
[2024-04-16T21:33:51.380+0000] {logging_mixin.py:188} INFO - [2024-04-16T21:33:51.379+0000] {dag.py:3834} INFO - Setting next_dagrun for example_nested_branch_dag to 2024-04-15 00:00:00+00:00, run_after=2024-04-16 00:00:00+00:00
[2024-04-16T21:33:51.399+0000] {processor.py:183} INFO - Processing /home/airflow/.local/lib/python3.10/site-packages/airflow/example_dags/example_nested_branch_dag.py took 0.071 seconds
[2024-04-16T21:34:22.920+0000] {processor.py:161} INFO - Started process (PID=121) to work on /home/airflow/.local/lib/python3.10/site-packages/airflow/example_dags/example_nested_branch_dag.py
[2024-04-16T21:34:22.921+0000] {processor.py:830} INFO - Processing file /home/airflow/.local/lib/python3.10/site-packages/airflow/example_dags/example_nested_branch_dag.py for tasks to queue
[2024-04-16T21:34:22.923+0000] {logging_mixin.py:188} INFO - [2024-04-16T21:34:22.923+0000] {dagbag.py:540} INFO - Filling up the DagBag from /home/airflow/.local/lib/python3.10/site-packages/airflow/example_dags/example_nested_branch_dag.py
[2024-04-16T21:34:22.933+0000] {processor.py:840} INFO - DAG(s) 'example_nested_branch_dag' retrieved from /home/airflow/.local/lib/python3.10/site-packages/airflow/example_dags/example_nested_branch_dag.py
[2024-04-16T21:34:23.041+0000] {logging_mixin.py:188} INFO - [2024-04-16T21:34:23.041+0000] {dag.py:3047} INFO - Sync 1 DAGs
[2024-04-16T21:34:23.063+0000] {logging_mixin.py:188} INFO - [2024-04-16T21:34:23.063+0000] {dag.py:3834} INFO - Setting next_dagrun for example_nested_branch_dag to 2024-04-15 00:00:00+00:00, run_after=2024-04-16 00:00:00+00:00
[2024-04-16T21:34:23.083+0000] {processor.py:183} INFO - Processing /home/airflow/.local/lib/python3.10/site-packages/airflow/example_dags/example_nested_branch_dag.py took 0.166 seconds
[2024-04-16T21:34:53.867+0000] {processor.py:161} INFO - Started process (PID=178) to work on /home/airflow/.local/lib/python3.10/site-packages/airflow/example_dags/example_nested_branch_dag.py
[2024-04-16T21:34:53.869+0000] {processor.py:830} INFO - Processing file /home/airflow/.local/lib/python3.10/site-packages/airflow/example_dags/example_nested_branch_dag.py for tasks to queue
[2024-04-16T21:34:53.871+0000] {logging_mixin.py:188} INFO - [2024-04-16T21:34:53.871+0000] {dagbag.py:540} INFO - Filling up the DagBag from /home/airflow/.local/lib/python3.10/site-packages/airflow/example_dags/example_nested_branch_dag.py
[2024-04-16T21:34:53.883+0000] {processor.py:840} INFO - DAG(s) 'example_nested_branch_dag' retrieved from /home/airflow/.local/lib/python3.10/site-packages/airflow/example_dags/example_nested_branch_dag.py
[2024-04-16T21:34:53.906+0000] {logging_mixin.py:188} INFO - [2024-04-16T21:34:53.905+0000] {dag.py:3047} INFO - Sync 1 DAGs
[2024-04-16T21:34:53.929+0000] {logging_mixin.py:188} INFO - [2024-04-16T21:34:53.929+0000] {dag.py:3834} INFO - Setting next_dagrun for example_nested_branch_dag to 2024-04-15 00:00:00+00:00, run_after=2024-04-16 00:00:00+00:00
[2024-04-16T21:34:53.951+0000] {processor.py:183} INFO - Processing /home/airflow/.local/lib/python3.10/site-packages/airflow/example_dags/example_nested_branch_dag.py took 0.088 seconds
[2024-04-16T21:35:24.001+0000] {processor.py:161} INFO - Started process (PID=235) to work on /home/airflow/.local/lib/python3.10/site-packages/airflow/example_dags/example_nested_branch_dag.py
[2024-04-16T21:35:24.002+0000] {processor.py:830} INFO - Processing file /home/airflow/.local/lib/python3.10/site-packages/airflow/example_dags/example_nested_branch_dag.py for tasks to queue
[2024-04-16T21:35:24.004+0000] {logging_mixin.py:188} INFO - [2024-04-16T21:35:24.004+0000] {dagbag.py:540} INFO - Filling up the DagBag from /home/airflow/.local/lib/python3.10/site-packages/airflow/example_dags/example_nested_branch_dag.py
[2024-04-16T21:35:24.014+0000] {processor.py:840} INFO - DAG(s) 'example_nested_branch_dag' retrieved from /home/airflow/.local/lib/python3.10/site-packages/airflow/example_dags/example_nested_branch_dag.py
[2024-04-16T21:35:24.034+0000] {logging_mixin.py:188} INFO - [2024-04-16T21:35:24.033+0000] {dag.py:3047} INFO - Sync 1 DAGs
[2024-04-16T21:35:24.055+0000] {logging_mixin.py:188} INFO - [2024-04-16T21:35:24.055+0000] {dag.py:3834} INFO - Setting next_dagrun for example_nested_branch_dag to 2024-04-15 00:00:00+00:00, run_after=2024-04-16 00:00:00+00:00
[2024-04-16T21:35:24.073+0000] {processor.py:183} INFO - Processing /home/airflow/.local/lib/python3.10/site-packages/airflow/example_dags/example_nested_branch_dag.py took 0.075 seconds
[2024-04-16T21:35:54.915+0000] {processor.py:161} INFO - Started process (PID=292) to work on /home/airflow/.local/lib/python3.10/site-packages/airflow/example_dags/example_nested_branch_dag.py
[2024-04-16T21:35:54.916+0000] {processor.py:830} INFO - Processing file /home/airflow/.local/lib/python3.10/site-packages/airflow/example_dags/example_nested_branch_dag.py for tasks to queue
[2024-04-16T21:35:54.917+0000] {logging_mixin.py:188} INFO - [2024-04-16T21:35:54.917+0000] {dagbag.py:540} INFO - Filling up the DagBag from /home/airflow/.local/lib/python3.10/site-packages/airflow/example_dags/example_nested_branch_dag.py
[2024-04-16T21:35:54.927+0000] {processor.py:840} INFO - DAG(s) 'example_nested_branch_dag' retrieved from /home/airflow/.local/lib/python3.10/site-packages/airflow/example_dags/example_nested_branch_dag.py
[2024-04-16T21:35:54.947+0000] {logging_mixin.py:188} INFO - [2024-04-16T21:35:54.946+0000] {dag.py:3047} INFO - Sync 1 DAGs
[2024-04-16T21:35:54.969+0000] {logging_mixin.py:188} INFO - [2024-04-16T21:35:54.968+0000] {dag.py:3834} INFO - Setting next_dagrun for example_nested_branch_dag to 2024-04-15 00:00:00+00:00, run_after=2024-04-16 00:00:00+00:00
[2024-04-16T21:35:54.985+0000] {processor.py:183} INFO - Processing /home/airflow/.local/lib/python3.10/site-packages/airflow/example_dags/example_nested_branch_dag.py took 0.073 seconds
[2024-04-16T21:36:25.439+0000] {processor.py:161} INFO - Started process (PID=349) to work on /home/airflow/.local/lib/python3.10/site-packages/airflow/example_dags/example_nested_branch_dag.py
[2024-04-16T21:36:25.440+0000] {processor.py:830} INFO - Processing file /home/airflow/.local/lib/python3.10/site-packages/airflow/example_dags/example_nested_branch_dag.py for tasks to queue
[2024-04-16T21:36:25.441+0000] {logging_mixin.py:188} INFO - [2024-04-16T21:36:25.441+0000] {dagbag.py:540} INFO - Filling up the DagBag from /home/airflow/.local/lib/python3.10/site-packages/airflow/example_dags/example_nested_branch_dag.py
[2024-04-16T21:36:25.450+0000] {processor.py:840} INFO - DAG(s) 'example_nested_branch_dag' retrieved from /home/airflow/.local/lib/python3.10/site-packages/airflow/example_dags/example_nested_branch_dag.py
[2024-04-16T21:36:25.469+0000] {logging_mixin.py:188} INFO - [2024-04-16T21:36:25.469+0000] {dag.py:3047} INFO - Sync 1 DAGs
[2024-04-16T21:36:25.489+0000] {logging_mixin.py:188} INFO - [2024-04-16T21:36:25.488+0000] {dag.py:3834} INFO - Setting next_dagrun for example_nested_branch_dag to 2024-04-15 00:00:00+00:00, run_after=2024-04-16 00:00:00+00:00
[2024-04-16T21:36:25.504+0000] {processor.py:183} INFO - Processing /home/airflow/.local/lib/python3.10/site-packages/airflow/example_dags/example_nested_branch_dag.py took 0.068 seconds
[2024-04-16T21:36:56.090+0000] {processor.py:161} INFO - Started process (PID=406) to work on /home/airflow/.local/lib/python3.10/site-packages/airflow/example_dags/example_nested_branch_dag.py
[2024-04-16T21:36:56.091+0000] {processor.py:830} INFO - Processing file /home/airflow/.local/lib/python3.10/site-packages/airflow/example_dags/example_nested_branch_dag.py for tasks to queue
[2024-04-16T21:36:56.093+0000] {logging_mixin.py:188} INFO - [2024-04-16T21:36:56.093+0000] {dagbag.py:540} INFO - Filling up the DagBag from /home/airflow/.local/lib/python3.10/site-packages/airflow/example_dags/example_nested_branch_dag.py
[2024-04-16T21:36:56.103+0000] {processor.py:840} INFO - DAG(s) 'example_nested_branch_dag' retrieved from /home/airflow/.local/lib/python3.10/site-packages/airflow/example_dags/example_nested_branch_dag.py
[2024-04-16T21:36:56.125+0000] {logging_mixin.py:188} INFO - [2024-04-16T21:36:56.124+0000] {dag.py:3047} INFO - Sync 1 DAGs
[2024-04-16T21:36:56.146+0000] {logging_mixin.py:188} INFO - [2024-04-16T21:36:56.145+0000] {dag.py:3834} INFO - Setting next_dagrun for example_nested_branch_dag to 2024-04-15 00:00:00+00:00, run_after=2024-04-16 00:00:00+00:00
[2024-04-16T21:36:56.163+0000] {processor.py:183} INFO - Processing /home/airflow/.local/lib/python3.10/site-packages/airflow/example_dags/example_nested_branch_dag.py took 0.076 seconds
[2024-04-16T21:37:26.636+0000] {processor.py:161} INFO - Started process (PID=463) to work on /home/airflow/.local/lib/python3.10/site-packages/airflow/example_dags/example_nested_branch_dag.py
[2024-04-16T21:37:26.637+0000] {processor.py:830} INFO - Processing file /home/airflow/.local/lib/python3.10/site-packages/airflow/example_dags/example_nested_branch_dag.py for tasks to queue
[2024-04-16T21:37:26.639+0000] {logging_mixin.py:188} INFO - [2024-04-16T21:37:26.639+0000] {dagbag.py:540} INFO - Filling up the DagBag from /home/airflow/.local/lib/python3.10/site-packages/airflow/example_dags/example_nested_branch_dag.py
[2024-04-16T21:37:26.649+0000] {processor.py:840} INFO - DAG(s) 'example_nested_branch_dag' retrieved from /home/airflow/.local/lib/python3.10/site-packages/airflow/example_dags/example_nested_branch_dag.py
[2024-04-16T21:37:26.668+0000] {logging_mixin.py:188} INFO - [2024-04-16T21:37:26.668+0000] {dag.py:3047} INFO - Sync 1 DAGs
[2024-04-16T21:37:26.688+0000] {logging_mixin.py:188} INFO - [2024-04-16T21:37:26.688+0000] {dag.py:3834} INFO - Setting next_dagrun for example_nested_branch_dag to 2024-04-15 00:00:00+00:00, run_after=2024-04-16 00:00:00+00:00
[2024-04-16T21:37:26.706+0000] {processor.py:183} INFO - Processing /home/airflow/.local/lib/python3.10/site-packages/airflow/example_dags/example_nested_branch_dag.py took 0.073 seconds
[2024-04-16T21:37:57.294+0000] {processor.py:161} INFO - Started process (PID=520) to work on /home/airflow/.local/lib/python3.10/site-packages/airflow/example_dags/example_nested_branch_dag.py
[2024-04-16T21:37:57.295+0000] {processor.py:830} INFO - Processing file /home/airflow/.local/lib/python3.10/site-packages/airflow/example_dags/example_nested_branch_dag.py for tasks to queue
[2024-04-16T21:37:57.297+0000] {logging_mixin.py:188} INFO - [2024-04-16T21:37:57.297+0000] {dagbag.py:540} INFO - Filling up the DagBag from /home/airflow/.local/lib/python3.10/site-packages/airflow/example_dags/example_nested_branch_dag.py
[2024-04-16T21:37:57.306+0000] {processor.py:840} INFO - DAG(s) 'example_nested_branch_dag' retrieved from /home/airflow/.local/lib/python3.10/site-packages/airflow/example_dags/example_nested_branch_dag.py
[2024-04-16T21:37:57.326+0000] {logging_mixin.py:188} INFO - [2024-04-16T21:37:57.325+0000] {dag.py:3047} INFO - Sync 1 DAGs
[2024-04-16T21:37:57.347+0000] {logging_mixin.py:188} INFO - [2024-04-16T21:37:57.347+0000] {dag.py:3834} INFO - Setting next_dagrun for example_nested_branch_dag to 2024-04-15 00:00:00+00:00, run_after=2024-04-16 00:00:00+00:00
[2024-04-16T21:37:57.364+0000] {processor.py:183} INFO - Processing /home/airflow/.local/lib/python3.10/site-packages/airflow/example_dags/example_nested_branch_dag.py took 0.073 seconds
