[2024-04-16T21:29:11.280+0000] {processor.py:161} INFO - Started process (PID=46) to work on /home/airflow/.local/lib/python3.10/site-packages/airflow/example_dags/example_sensors.py
[2024-04-16T21:29:11.281+0000] {processor.py:830} INFO - Processing file /home/airflow/.local/lib/python3.10/site-packages/airflow/example_dags/example_sensors.py for tasks to queue
[2024-04-16T21:29:11.283+0000] {logging_mixin.py:188} INFO - [2024-04-16T21:29:11.283+0000] {dagbag.py:540} INFO - Filling up the DagBag from /home/airflow/.local/lib/python3.10/site-packages/airflow/example_dags/example_sensors.py
[2024-04-16T21:29:11.294+0000] {processor.py:840} INFO - DAG(s) 'example_sensors' retrieved from /home/airflow/.local/lib/python3.10/site-packages/airflow/example_dags/example_sensors.py
[2024-04-16T21:29:11.306+0000] {logging_mixin.py:188} INFO - [2024-04-16T21:29:11.306+0000] {dag.py:3047} INFO - Sync 1 DAGs
[2024-04-16T21:29:11.327+0000] {logging_mixin.py:188} INFO - [2024-04-16T21:29:11.326+0000] {dag.py:3834} INFO - Setting next_dagrun for example_sensors to None, run_after=None
[2024-04-16T21:29:11.349+0000] {processor.py:183} INFO - Processing /home/airflow/.local/lib/python3.10/site-packages/airflow/example_dags/example_sensors.py took 0.073 seconds
[2024-04-16T21:29:42.169+0000] {processor.py:161} INFO - Started process (PID=101) to work on /home/airflow/.local/lib/python3.10/site-packages/airflow/example_dags/example_sensors.py
[2024-04-16T21:29:42.170+0000] {processor.py:830} INFO - Processing file /home/airflow/.local/lib/python3.10/site-packages/airflow/example_dags/example_sensors.py for tasks to queue
[2024-04-16T21:29:42.172+0000] {logging_mixin.py:188} INFO - [2024-04-16T21:29:42.172+0000] {dagbag.py:540} INFO - Filling up the DagBag from /home/airflow/.local/lib/python3.10/site-packages/airflow/example_dags/example_sensors.py
[2024-04-16T21:29:42.180+0000] {processor.py:840} INFO - DAG(s) 'example_sensors' retrieved from /home/airflow/.local/lib/python3.10/site-packages/airflow/example_dags/example_sensors.py
[2024-04-16T21:29:42.271+0000] {logging_mixin.py:188} INFO - [2024-04-16T21:29:42.270+0000] {dag.py:3047} INFO - Sync 1 DAGs
[2024-04-16T21:29:42.281+0000] {logging_mixin.py:188} INFO - [2024-04-16T21:29:42.281+0000] {dag.py:3834} INFO - Setting next_dagrun for example_sensors to None, run_after=None
[2024-04-16T21:29:42.300+0000] {processor.py:183} INFO - Processing /home/airflow/.local/lib/python3.10/site-packages/airflow/example_dags/example_sensors.py took 0.134 seconds
[2024-04-16T21:30:13.185+0000] {processor.py:161} INFO - Started process (PID=156) to work on /home/airflow/.local/lib/python3.10/site-packages/airflow/example_dags/example_sensors.py
[2024-04-16T21:30:13.186+0000] {processor.py:830} INFO - Processing file /home/airflow/.local/lib/python3.10/site-packages/airflow/example_dags/example_sensors.py for tasks to queue
[2024-04-16T21:30:13.187+0000] {logging_mixin.py:188} INFO - [2024-04-16T21:30:13.187+0000] {dagbag.py:540} INFO - Filling up the DagBag from /home/airflow/.local/lib/python3.10/site-packages/airflow/example_dags/example_sensors.py
[2024-04-16T21:30:13.195+0000] {processor.py:840} INFO - DAG(s) 'example_sensors' retrieved from /home/airflow/.local/lib/python3.10/site-packages/airflow/example_dags/example_sensors.py
[2024-04-16T21:30:13.217+0000] {logging_mixin.py:188} INFO - [2024-04-16T21:30:13.217+0000] {dag.py:3047} INFO - Sync 1 DAGs
[2024-04-16T21:30:13.227+0000] {logging_mixin.py:188} INFO - [2024-04-16T21:30:13.227+0000] {dag.py:3834} INFO - Setting next_dagrun for example_sensors to None, run_after=None
[2024-04-16T21:30:13.244+0000] {processor.py:183} INFO - Processing /home/airflow/.local/lib/python3.10/site-packages/airflow/example_dags/example_sensors.py took 0.063 seconds
[2024-04-16T21:30:43.609+0000] {processor.py:161} INFO - Started process (PID=211) to work on /home/airflow/.local/lib/python3.10/site-packages/airflow/example_dags/example_sensors.py
[2024-04-16T21:30:43.610+0000] {processor.py:830} INFO - Processing file /home/airflow/.local/lib/python3.10/site-packages/airflow/example_dags/example_sensors.py for tasks to queue
[2024-04-16T21:30:43.611+0000] {logging_mixin.py:188} INFO - [2024-04-16T21:30:43.611+0000] {dagbag.py:540} INFO - Filling up the DagBag from /home/airflow/.local/lib/python3.10/site-packages/airflow/example_dags/example_sensors.py
[2024-04-16T21:30:43.620+0000] {processor.py:840} INFO - DAG(s) 'example_sensors' retrieved from /home/airflow/.local/lib/python3.10/site-packages/airflow/example_dags/example_sensors.py
[2024-04-16T21:30:43.643+0000] {logging_mixin.py:188} INFO - [2024-04-16T21:30:43.643+0000] {dag.py:3047} INFO - Sync 1 DAGs
[2024-04-16T21:30:43.655+0000] {logging_mixin.py:188} INFO - [2024-04-16T21:30:43.655+0000] {dag.py:3834} INFO - Setting next_dagrun for example_sensors to None, run_after=None
[2024-04-16T21:30:43.672+0000] {processor.py:183} INFO - Processing /home/airflow/.local/lib/python3.10/site-packages/airflow/example_dags/example_sensors.py took 0.067 seconds
[2024-04-16T21:31:14.363+0000] {processor.py:161} INFO - Started process (PID=266) to work on /home/airflow/.local/lib/python3.10/site-packages/airflow/example_dags/example_sensors.py
[2024-04-16T21:31:14.364+0000] {processor.py:830} INFO - Processing file /home/airflow/.local/lib/python3.10/site-packages/airflow/example_dags/example_sensors.py for tasks to queue
[2024-04-16T21:31:14.366+0000] {logging_mixin.py:188} INFO - [2024-04-16T21:31:14.366+0000] {dagbag.py:540} INFO - Filling up the DagBag from /home/airflow/.local/lib/python3.10/site-packages/airflow/example_dags/example_sensors.py
[2024-04-16T21:31:14.374+0000] {processor.py:840} INFO - DAG(s) 'example_sensors' retrieved from /home/airflow/.local/lib/python3.10/site-packages/airflow/example_dags/example_sensors.py
[2024-04-16T21:31:14.398+0000] {logging_mixin.py:188} INFO - [2024-04-16T21:31:14.398+0000] {dag.py:3047} INFO - Sync 1 DAGs
[2024-04-16T21:31:14.409+0000] {logging_mixin.py:188} INFO - [2024-04-16T21:31:14.409+0000] {dag.py:3834} INFO - Setting next_dagrun for example_sensors to None, run_after=None
[2024-04-16T21:31:14.430+0000] {processor.py:183} INFO - Processing /home/airflow/.local/lib/python3.10/site-packages/airflow/example_dags/example_sensors.py took 0.070 seconds
[2024-04-16T21:32:12.199+0000] {processor.py:161} INFO - Started process (PID=48) to work on /home/airflow/.local/lib/python3.10/site-packages/airflow/example_dags/example_sensors.py
[2024-04-16T21:32:12.201+0000] {processor.py:830} INFO - Processing file /home/airflow/.local/lib/python3.10/site-packages/airflow/example_dags/example_sensors.py for tasks to queue
[2024-04-16T21:32:12.203+0000] {logging_mixin.py:188} INFO - [2024-04-16T21:32:12.203+0000] {dagbag.py:540} INFO - Filling up the DagBag from /home/airflow/.local/lib/python3.10/site-packages/airflow/example_dags/example_sensors.py
[2024-04-16T21:32:12.212+0000] {processor.py:840} INFO - DAG(s) 'example_sensors' retrieved from /home/airflow/.local/lib/python3.10/site-packages/airflow/example_dags/example_sensors.py
[2024-04-16T21:32:12.224+0000] {logging_mixin.py:188} INFO - [2024-04-16T21:32:12.224+0000] {dag.py:3047} INFO - Sync 1 DAGs
[2024-04-16T21:32:12.240+0000] {logging_mixin.py:188} INFO - [2024-04-16T21:32:12.240+0000] {dag.py:3834} INFO - Setting next_dagrun for example_sensors to None, run_after=None
[2024-04-16T21:32:12.259+0000] {processor.py:183} INFO - Processing /home/airflow/.local/lib/python3.10/site-packages/airflow/example_dags/example_sensors.py took 0.063 seconds
[2024-04-16T21:32:43.313+0000] {processor.py:161} INFO - Started process (PID=105) to work on /home/airflow/.local/lib/python3.10/site-packages/airflow/example_dags/example_sensors.py
[2024-04-16T21:32:43.314+0000] {processor.py:830} INFO - Processing file /home/airflow/.local/lib/python3.10/site-packages/airflow/example_dags/example_sensors.py for tasks to queue
[2024-04-16T21:32:43.315+0000] {logging_mixin.py:188} INFO - [2024-04-16T21:32:43.315+0000] {dagbag.py:540} INFO - Filling up the DagBag from /home/airflow/.local/lib/python3.10/site-packages/airflow/example_dags/example_sensors.py
[2024-04-16T21:32:43.324+0000] {processor.py:840} INFO - DAG(s) 'example_sensors' retrieved from /home/airflow/.local/lib/python3.10/site-packages/airflow/example_dags/example_sensors.py
[2024-04-16T21:32:43.420+0000] {logging_mixin.py:188} INFO - [2024-04-16T21:32:43.420+0000] {dag.py:3047} INFO - Sync 1 DAGs
[2024-04-16T21:32:43.430+0000] {logging_mixin.py:188} INFO - [2024-04-16T21:32:43.430+0000] {dag.py:3834} INFO - Setting next_dagrun for example_sensors to None, run_after=None
[2024-04-16T21:32:43.450+0000] {processor.py:183} INFO - Processing /home/airflow/.local/lib/python3.10/site-packages/airflow/example_dags/example_sensors.py took 0.140 seconds
[2024-04-16T21:33:50.605+0000] {processor.py:161} INFO - Started process (PID=48) to work on /home/airflow/.local/lib/python3.10/site-packages/airflow/example_dags/example_sensors.py
[2024-04-16T21:33:50.607+0000] {processor.py:830} INFO - Processing file /home/airflow/.local/lib/python3.10/site-packages/airflow/example_dags/example_sensors.py for tasks to queue
[2024-04-16T21:33:50.609+0000] {logging_mixin.py:188} INFO - [2024-04-16T21:33:50.608+0000] {dagbag.py:540} INFO - Filling up the DagBag from /home/airflow/.local/lib/python3.10/site-packages/airflow/example_dags/example_sensors.py
[2024-04-16T21:33:50.618+0000] {processor.py:840} INFO - DAG(s) 'example_sensors' retrieved from /home/airflow/.local/lib/python3.10/site-packages/airflow/example_dags/example_sensors.py
[2024-04-16T21:33:50.630+0000] {logging_mixin.py:188} INFO - [2024-04-16T21:33:50.630+0000] {dag.py:3047} INFO - Sync 1 DAGs
[2024-04-16T21:33:50.644+0000] {logging_mixin.py:188} INFO - [2024-04-16T21:33:50.644+0000] {dag.py:3834} INFO - Setting next_dagrun for example_sensors to None, run_after=None
[2024-04-16T21:33:50.663+0000] {processor.py:183} INFO - Processing /home/airflow/.local/lib/python3.10/site-packages/airflow/example_dags/example_sensors.py took 0.061 seconds
[2024-04-16T21:34:21.524+0000] {processor.py:161} INFO - Started process (PID=105) to work on /home/airflow/.local/lib/python3.10/site-packages/airflow/example_dags/example_sensors.py
[2024-04-16T21:34:21.524+0000] {processor.py:830} INFO - Processing file /home/airflow/.local/lib/python3.10/site-packages/airflow/example_dags/example_sensors.py for tasks to queue
[2024-04-16T21:34:21.528+0000] {logging_mixin.py:188} INFO - [2024-04-16T21:34:21.528+0000] {dagbag.py:540} INFO - Filling up the DagBag from /home/airflow/.local/lib/python3.10/site-packages/airflow/example_dags/example_sensors.py
[2024-04-16T21:34:21.537+0000] {processor.py:840} INFO - DAG(s) 'example_sensors' retrieved from /home/airflow/.local/lib/python3.10/site-packages/airflow/example_dags/example_sensors.py
[2024-04-16T21:34:21.622+0000] {logging_mixin.py:188} INFO - [2024-04-16T21:34:21.622+0000] {dag.py:3047} INFO - Sync 1 DAGs
[2024-04-16T21:34:21.631+0000] {logging_mixin.py:188} INFO - [2024-04-16T21:34:21.631+0000] {dag.py:3834} INFO - Setting next_dagrun for example_sensors to None, run_after=None
[2024-04-16T21:34:21.649+0000] {processor.py:183} INFO - Processing /home/airflow/.local/lib/python3.10/site-packages/airflow/example_dags/example_sensors.py took 0.128 seconds
[2024-04-16T21:34:51.858+0000] {processor.py:161} INFO - Started process (PID=162) to work on /home/airflow/.local/lib/python3.10/site-packages/airflow/example_dags/example_sensors.py
[2024-04-16T21:34:51.859+0000] {processor.py:830} INFO - Processing file /home/airflow/.local/lib/python3.10/site-packages/airflow/example_dags/example_sensors.py for tasks to queue
[2024-04-16T21:34:51.861+0000] {logging_mixin.py:188} INFO - [2024-04-16T21:34:51.861+0000] {dagbag.py:540} INFO - Filling up the DagBag from /home/airflow/.local/lib/python3.10/site-packages/airflow/example_dags/example_sensors.py
[2024-04-16T21:34:51.870+0000] {processor.py:840} INFO - DAG(s) 'example_sensors' retrieved from /home/airflow/.local/lib/python3.10/site-packages/airflow/example_dags/example_sensors.py
[2024-04-16T21:34:51.895+0000] {logging_mixin.py:188} INFO - [2024-04-16T21:34:51.895+0000] {dag.py:3047} INFO - Sync 1 DAGs
[2024-04-16T21:34:51.908+0000] {logging_mixin.py:188} INFO - [2024-04-16T21:34:51.908+0000] {dag.py:3834} INFO - Setting next_dagrun for example_sensors to None, run_after=None
[2024-04-16T21:34:51.929+0000] {processor.py:183} INFO - Processing /home/airflow/.local/lib/python3.10/site-packages/airflow/example_dags/example_sensors.py took 0.074 seconds
[2024-04-16T21:35:22.044+0000] {processor.py:161} INFO - Started process (PID=219) to work on /home/airflow/.local/lib/python3.10/site-packages/airflow/example_dags/example_sensors.py
[2024-04-16T21:35:22.045+0000] {processor.py:830} INFO - Processing file /home/airflow/.local/lib/python3.10/site-packages/airflow/example_dags/example_sensors.py for tasks to queue
[2024-04-16T21:35:22.047+0000] {logging_mixin.py:188} INFO - [2024-04-16T21:35:22.046+0000] {dagbag.py:540} INFO - Filling up the DagBag from /home/airflow/.local/lib/python3.10/site-packages/airflow/example_dags/example_sensors.py
[2024-04-16T21:35:22.055+0000] {processor.py:840} INFO - DAG(s) 'example_sensors' retrieved from /home/airflow/.local/lib/python3.10/site-packages/airflow/example_dags/example_sensors.py
[2024-04-16T21:35:22.077+0000] {logging_mixin.py:188} INFO - [2024-04-16T21:35:22.077+0000] {dag.py:3047} INFO - Sync 1 DAGs
[2024-04-16T21:35:22.089+0000] {logging_mixin.py:188} INFO - [2024-04-16T21:35:22.089+0000] {dag.py:3834} INFO - Setting next_dagrun for example_sensors to None, run_after=None
[2024-04-16T21:35:22.106+0000] {processor.py:183} INFO - Processing /home/airflow/.local/lib/python3.10/site-packages/airflow/example_dags/example_sensors.py took 0.065 seconds
[2024-04-16T21:35:53.122+0000] {processor.py:161} INFO - Started process (PID=276) to work on /home/airflow/.local/lib/python3.10/site-packages/airflow/example_dags/example_sensors.py
[2024-04-16T21:35:53.123+0000] {processor.py:830} INFO - Processing file /home/airflow/.local/lib/python3.10/site-packages/airflow/example_dags/example_sensors.py for tasks to queue
[2024-04-16T21:35:53.125+0000] {logging_mixin.py:188} INFO - [2024-04-16T21:35:53.125+0000] {dagbag.py:540} INFO - Filling up the DagBag from /home/airflow/.local/lib/python3.10/site-packages/airflow/example_dags/example_sensors.py
[2024-04-16T21:35:53.133+0000] {processor.py:840} INFO - DAG(s) 'example_sensors' retrieved from /home/airflow/.local/lib/python3.10/site-packages/airflow/example_dags/example_sensors.py
[2024-04-16T21:35:53.155+0000] {logging_mixin.py:188} INFO - [2024-04-16T21:35:53.155+0000] {dag.py:3047} INFO - Sync 1 DAGs
[2024-04-16T21:35:53.167+0000] {logging_mixin.py:188} INFO - [2024-04-16T21:35:53.167+0000] {dag.py:3834} INFO - Setting next_dagrun for example_sensors to None, run_after=None
[2024-04-16T21:35:53.183+0000] {processor.py:183} INFO - Processing /home/airflow/.local/lib/python3.10/site-packages/airflow/example_dags/example_sensors.py took 0.064 seconds
[2024-04-16T21:36:23.591+0000] {processor.py:161} INFO - Started process (PID=333) to work on /home/airflow/.local/lib/python3.10/site-packages/airflow/example_dags/example_sensors.py
[2024-04-16T21:36:23.592+0000] {processor.py:830} INFO - Processing file /home/airflow/.local/lib/python3.10/site-packages/airflow/example_dags/example_sensors.py for tasks to queue
[2024-04-16T21:36:23.594+0000] {logging_mixin.py:188} INFO - [2024-04-16T21:36:23.593+0000] {dagbag.py:540} INFO - Filling up the DagBag from /home/airflow/.local/lib/python3.10/site-packages/airflow/example_dags/example_sensors.py
[2024-04-16T21:36:23.602+0000] {processor.py:840} INFO - DAG(s) 'example_sensors' retrieved from /home/airflow/.local/lib/python3.10/site-packages/airflow/example_dags/example_sensors.py
[2024-04-16T21:36:23.624+0000] {logging_mixin.py:188} INFO - [2024-04-16T21:36:23.624+0000] {dag.py:3047} INFO - Sync 1 DAGs
[2024-04-16T21:36:23.635+0000] {logging_mixin.py:188} INFO - [2024-04-16T21:36:23.635+0000] {dag.py:3834} INFO - Setting next_dagrun for example_sensors to None, run_after=None
[2024-04-16T21:36:23.651+0000] {processor.py:183} INFO - Processing /home/airflow/.local/lib/python3.10/site-packages/airflow/example_dags/example_sensors.py took 0.064 seconds
[2024-04-16T21:36:54.297+0000] {processor.py:161} INFO - Started process (PID=390) to work on /home/airflow/.local/lib/python3.10/site-packages/airflow/example_dags/example_sensors.py
[2024-04-16T21:36:54.298+0000] {processor.py:830} INFO - Processing file /home/airflow/.local/lib/python3.10/site-packages/airflow/example_dags/example_sensors.py for tasks to queue
[2024-04-16T21:36:54.299+0000] {logging_mixin.py:188} INFO - [2024-04-16T21:36:54.299+0000] {dagbag.py:540} INFO - Filling up the DagBag from /home/airflow/.local/lib/python3.10/site-packages/airflow/example_dags/example_sensors.py
[2024-04-16T21:36:54.309+0000] {processor.py:840} INFO - DAG(s) 'example_sensors' retrieved from /home/airflow/.local/lib/python3.10/site-packages/airflow/example_dags/example_sensors.py
[2024-04-16T21:36:54.334+0000] {logging_mixin.py:188} INFO - [2024-04-16T21:36:54.333+0000] {dag.py:3047} INFO - Sync 1 DAGs
[2024-04-16T21:36:54.345+0000] {logging_mixin.py:188} INFO - [2024-04-16T21:36:54.345+0000] {dag.py:3834} INFO - Setting next_dagrun for example_sensors to None, run_after=None
[2024-04-16T21:36:54.363+0000] {processor.py:183} INFO - Processing /home/airflow/.local/lib/python3.10/site-packages/airflow/example_dags/example_sensors.py took 0.070 seconds
[2024-04-16T21:37:24.859+0000] {processor.py:161} INFO - Started process (PID=447) to work on /home/airflow/.local/lib/python3.10/site-packages/airflow/example_dags/example_sensors.py
[2024-04-16T21:37:24.859+0000] {processor.py:830} INFO - Processing file /home/airflow/.local/lib/python3.10/site-packages/airflow/example_dags/example_sensors.py for tasks to queue
[2024-04-16T21:37:24.861+0000] {logging_mixin.py:188} INFO - [2024-04-16T21:37:24.861+0000] {dagbag.py:540} INFO - Filling up the DagBag from /home/airflow/.local/lib/python3.10/site-packages/airflow/example_dags/example_sensors.py
[2024-04-16T21:37:24.870+0000] {processor.py:840} INFO - DAG(s) 'example_sensors' retrieved from /home/airflow/.local/lib/python3.10/site-packages/airflow/example_dags/example_sensors.py
[2024-04-16T21:37:24.892+0000] {logging_mixin.py:188} INFO - [2024-04-16T21:37:24.892+0000] {dag.py:3047} INFO - Sync 1 DAGs
[2024-04-16T21:37:24.903+0000] {logging_mixin.py:188} INFO - [2024-04-16T21:37:24.903+0000] {dag.py:3834} INFO - Setting next_dagrun for example_sensors to None, run_after=None
[2024-04-16T21:37:24.922+0000] {processor.py:183} INFO - Processing /home/airflow/.local/lib/python3.10/site-packages/airflow/example_dags/example_sensors.py took 0.067 seconds
[2024-04-16T21:37:55.431+0000] {processor.py:161} INFO - Started process (PID=504) to work on /home/airflow/.local/lib/python3.10/site-packages/airflow/example_dags/example_sensors.py
[2024-04-16T21:37:55.432+0000] {processor.py:830} INFO - Processing file /home/airflow/.local/lib/python3.10/site-packages/airflow/example_dags/example_sensors.py for tasks to queue
[2024-04-16T21:37:55.434+0000] {logging_mixin.py:188} INFO - [2024-04-16T21:37:55.433+0000] {dagbag.py:540} INFO - Filling up the DagBag from /home/airflow/.local/lib/python3.10/site-packages/airflow/example_dags/example_sensors.py
[2024-04-16T21:37:55.442+0000] {processor.py:840} INFO - DAG(s) 'example_sensors' retrieved from /home/airflow/.local/lib/python3.10/site-packages/airflow/example_dags/example_sensors.py
[2024-04-16T21:37:55.465+0000] {logging_mixin.py:188} INFO - [2024-04-16T21:37:55.465+0000] {dag.py:3047} INFO - Sync 1 DAGs
[2024-04-16T21:37:55.476+0000] {logging_mixin.py:188} INFO - [2024-04-16T21:37:55.476+0000] {dag.py:3834} INFO - Setting next_dagrun for example_sensors to None, run_after=None
[2024-04-16T21:37:55.494+0000] {processor.py:183} INFO - Processing /home/airflow/.local/lib/python3.10/site-packages/airflow/example_dags/example_sensors.py took 0.066 seconds
