[2024-04-16T21:29:11.283+0000] {processor.py:161} INFO - Started process (PID=47) to work on /home/airflow/.local/lib/python3.10/site-packages/airflow/example_dags/example_params_ui_tutorial.py
[2024-04-16T21:29:11.284+0000] {processor.py:830} INFO - Processing file /home/airflow/.local/lib/python3.10/site-packages/airflow/example_dags/example_params_ui_tutorial.py for tasks to queue
[2024-04-16T21:29:11.286+0000] {logging_mixin.py:188} INFO - [2024-04-16T21:29:11.286+0000] {dagbag.py:540} INFO - Filling up the DagBag from /home/airflow/.local/lib/python3.10/site-packages/airflow/example_dags/example_params_ui_tutorial.py
[2024-04-16T21:29:11.301+0000] {processor.py:840} INFO - DAG(s) 'example_params_ui_tutorial' retrieved from /home/airflow/.local/lib/python3.10/site-packages/airflow/example_dags/example_params_ui_tutorial.py
[2024-04-16T21:29:11.318+0000] {logging_mixin.py:188} INFO - [2024-04-16T21:29:11.317+0000] {dag.py:3047} INFO - Sync 1 DAGs
[2024-04-16T21:29:11.337+0000] {logging_mixin.py:188} INFO - [2024-04-16T21:29:11.337+0000] {dag.py:3834} INFO - Setting next_dagrun for example_params_ui_tutorial to None, run_after=None
[2024-04-16T21:29:11.355+0000] {processor.py:183} INFO - Processing /home/airflow/.local/lib/python3.10/site-packages/airflow/example_dags/example_params_ui_tutorial.py took 0.076 seconds
[2024-04-16T21:29:42.171+0000] {processor.py:161} INFO - Started process (PID=102) to work on /home/airflow/.local/lib/python3.10/site-packages/airflow/example_dags/example_params_ui_tutorial.py
[2024-04-16T21:29:42.172+0000] {processor.py:830} INFO - Processing file /home/airflow/.local/lib/python3.10/site-packages/airflow/example_dags/example_params_ui_tutorial.py for tasks to queue
[2024-04-16T21:29:42.174+0000] {logging_mixin.py:188} INFO - [2024-04-16T21:29:42.173+0000] {dagbag.py:540} INFO - Filling up the DagBag from /home/airflow/.local/lib/python3.10/site-packages/airflow/example_dags/example_params_ui_tutorial.py
[2024-04-16T21:29:42.184+0000] {processor.py:840} INFO - DAG(s) 'example_params_ui_tutorial' retrieved from /home/airflow/.local/lib/python3.10/site-packages/airflow/example_dags/example_params_ui_tutorial.py
[2024-04-16T21:29:42.301+0000] {logging_mixin.py:188} INFO - [2024-04-16T21:29:42.301+0000] {dag.py:3047} INFO - Sync 1 DAGs
[2024-04-16T21:29:42.311+0000] {logging_mixin.py:188} INFO - [2024-04-16T21:29:42.311+0000] {dag.py:3834} INFO - Setting next_dagrun for example_params_ui_tutorial to None, run_after=None
[2024-04-16T21:29:42.330+0000] {processor.py:183} INFO - Processing /home/airflow/.local/lib/python3.10/site-packages/airflow/example_dags/example_params_ui_tutorial.py took 0.162 seconds
[2024-04-16T21:30:13.186+0000] {processor.py:161} INFO - Started process (PID=157) to work on /home/airflow/.local/lib/python3.10/site-packages/airflow/example_dags/example_params_ui_tutorial.py
[2024-04-16T21:30:13.187+0000] {processor.py:830} INFO - Processing file /home/airflow/.local/lib/python3.10/site-packages/airflow/example_dags/example_params_ui_tutorial.py for tasks to queue
[2024-04-16T21:30:13.188+0000] {logging_mixin.py:188} INFO - [2024-04-16T21:30:13.188+0000] {dagbag.py:540} INFO - Filling up the DagBag from /home/airflow/.local/lib/python3.10/site-packages/airflow/example_dags/example_params_ui_tutorial.py
[2024-04-16T21:30:13.200+0000] {processor.py:840} INFO - DAG(s) 'example_params_ui_tutorial' retrieved from /home/airflow/.local/lib/python3.10/site-packages/airflow/example_dags/example_params_ui_tutorial.py
[2024-04-16T21:30:13.249+0000] {logging_mixin.py:188} INFO - [2024-04-16T21:30:13.249+0000] {dag.py:3047} INFO - Sync 1 DAGs
[2024-04-16T21:30:13.261+0000] {logging_mixin.py:188} INFO - [2024-04-16T21:30:13.261+0000] {dag.py:3834} INFO - Setting next_dagrun for example_params_ui_tutorial to None, run_after=None
[2024-04-16T21:30:13.277+0000] {processor.py:183} INFO - Processing /home/airflow/.local/lib/python3.10/site-packages/airflow/example_dags/example_params_ui_tutorial.py took 0.095 seconds
[2024-04-16T21:30:43.610+0000] {processor.py:161} INFO - Started process (PID=212) to work on /home/airflow/.local/lib/python3.10/site-packages/airflow/example_dags/example_params_ui_tutorial.py
[2024-04-16T21:30:43.611+0000] {processor.py:830} INFO - Processing file /home/airflow/.local/lib/python3.10/site-packages/airflow/example_dags/example_params_ui_tutorial.py for tasks to queue
[2024-04-16T21:30:43.613+0000] {logging_mixin.py:188} INFO - [2024-04-16T21:30:43.613+0000] {dagbag.py:540} INFO - Filling up the DagBag from /home/airflow/.local/lib/python3.10/site-packages/airflow/example_dags/example_params_ui_tutorial.py
[2024-04-16T21:30:43.624+0000] {processor.py:840} INFO - DAG(s) 'example_params_ui_tutorial' retrieved from /home/airflow/.local/lib/python3.10/site-packages/airflow/example_dags/example_params_ui_tutorial.py
[2024-04-16T21:30:43.676+0000] {logging_mixin.py:188} INFO - [2024-04-16T21:30:43.676+0000] {dag.py:3047} INFO - Sync 1 DAGs
[2024-04-16T21:30:43.689+0000] {logging_mixin.py:188} INFO - [2024-04-16T21:30:43.688+0000] {dag.py:3834} INFO - Setting next_dagrun for example_params_ui_tutorial to None, run_after=None
[2024-04-16T21:30:43.706+0000] {processor.py:183} INFO - Processing /home/airflow/.local/lib/python3.10/site-packages/airflow/example_dags/example_params_ui_tutorial.py took 0.099 seconds
[2024-04-16T21:31:14.365+0000] {processor.py:161} INFO - Started process (PID=267) to work on /home/airflow/.local/lib/python3.10/site-packages/airflow/example_dags/example_params_ui_tutorial.py
[2024-04-16T21:31:14.365+0000] {processor.py:830} INFO - Processing file /home/airflow/.local/lib/python3.10/site-packages/airflow/example_dags/example_params_ui_tutorial.py for tasks to queue
[2024-04-16T21:31:14.367+0000] {logging_mixin.py:188} INFO - [2024-04-16T21:31:14.367+0000] {dagbag.py:540} INFO - Filling up the DagBag from /home/airflow/.local/lib/python3.10/site-packages/airflow/example_dags/example_params_ui_tutorial.py
[2024-04-16T21:31:14.379+0000] {processor.py:840} INFO - DAG(s) 'example_params_ui_tutorial' retrieved from /home/airflow/.local/lib/python3.10/site-packages/airflow/example_dags/example_params_ui_tutorial.py
[2024-04-16T21:31:14.434+0000] {logging_mixin.py:188} INFO - [2024-04-16T21:31:14.434+0000] {dag.py:3047} INFO - Sync 1 DAGs
[2024-04-16T21:31:14.448+0000] {logging_mixin.py:188} INFO - [2024-04-16T21:31:14.448+0000] {dag.py:3834} INFO - Setting next_dagrun for example_params_ui_tutorial to None, run_after=None
[2024-04-16T21:31:14.467+0000] {processor.py:183} INFO - Processing /home/airflow/.local/lib/python3.10/site-packages/airflow/example_dags/example_params_ui_tutorial.py took 0.105 seconds
[2024-04-16T21:32:12.202+0000] {processor.py:161} INFO - Started process (PID=49) to work on /home/airflow/.local/lib/python3.10/site-packages/airflow/example_dags/example_params_ui_tutorial.py
[2024-04-16T21:32:12.203+0000] {processor.py:830} INFO - Processing file /home/airflow/.local/lib/python3.10/site-packages/airflow/example_dags/example_params_ui_tutorial.py for tasks to queue
[2024-04-16T21:32:12.206+0000] {logging_mixin.py:188} INFO - [2024-04-16T21:32:12.205+0000] {dagbag.py:540} INFO - Filling up the DagBag from /home/airflow/.local/lib/python3.10/site-packages/airflow/example_dags/example_params_ui_tutorial.py
[2024-04-16T21:32:12.220+0000] {processor.py:840} INFO - DAG(s) 'example_params_ui_tutorial' retrieved from /home/airflow/.local/lib/python3.10/site-packages/airflow/example_dags/example_params_ui_tutorial.py
[2024-04-16T21:32:12.234+0000] {logging_mixin.py:188} INFO - [2024-04-16T21:32:12.234+0000] {dag.py:3047} INFO - Sync 1 DAGs
[2024-04-16T21:32:12.249+0000] {logging_mixin.py:188} INFO - [2024-04-16T21:32:12.249+0000] {dag.py:3834} INFO - Setting next_dagrun for example_params_ui_tutorial to None, run_after=None
[2024-04-16T21:32:12.270+0000] {processor.py:183} INFO - Processing /home/airflow/.local/lib/python3.10/site-packages/airflow/example_dags/example_params_ui_tutorial.py took 0.072 seconds
[2024-04-16T21:32:43.423+0000] {processor.py:161} INFO - Started process (PID=106) to work on /home/airflow/.local/lib/python3.10/site-packages/airflow/example_dags/example_params_ui_tutorial.py
[2024-04-16T21:32:43.424+0000] {processor.py:830} INFO - Processing file /home/airflow/.local/lib/python3.10/site-packages/airflow/example_dags/example_params_ui_tutorial.py for tasks to queue
[2024-04-16T21:32:43.426+0000] {logging_mixin.py:188} INFO - [2024-04-16T21:32:43.425+0000] {dagbag.py:540} INFO - Filling up the DagBag from /home/airflow/.local/lib/python3.10/site-packages/airflow/example_dags/example_params_ui_tutorial.py
[2024-04-16T21:32:43.437+0000] {processor.py:840} INFO - DAG(s) 'example_params_ui_tutorial' retrieved from /home/airflow/.local/lib/python3.10/site-packages/airflow/example_dags/example_params_ui_tutorial.py
[2024-04-16T21:32:43.559+0000] {logging_mixin.py:188} INFO - [2024-04-16T21:32:43.559+0000] {dag.py:3047} INFO - Sync 1 DAGs
[2024-04-16T21:32:43.568+0000] {logging_mixin.py:188} INFO - [2024-04-16T21:32:43.568+0000] {dag.py:3834} INFO - Setting next_dagrun for example_params_ui_tutorial to None, run_after=None
[2024-04-16T21:32:43.586+0000] {processor.py:183} INFO - Processing /home/airflow/.local/lib/python3.10/site-packages/airflow/example_dags/example_params_ui_tutorial.py took 0.166 seconds
[2024-04-16T21:33:50.652+0000] {processor.py:161} INFO - Started process (PID=49) to work on /home/airflow/.local/lib/python3.10/site-packages/airflow/example_dags/example_params_ui_tutorial.py
[2024-04-16T21:33:50.653+0000] {processor.py:830} INFO - Processing file /home/airflow/.local/lib/python3.10/site-packages/airflow/example_dags/example_params_ui_tutorial.py for tasks to queue
[2024-04-16T21:33:50.655+0000] {logging_mixin.py:188} INFO - [2024-04-16T21:33:50.655+0000] {dagbag.py:540} INFO - Filling up the DagBag from /home/airflow/.local/lib/python3.10/site-packages/airflow/example_dags/example_params_ui_tutorial.py
[2024-04-16T21:33:50.669+0000] {processor.py:840} INFO - DAG(s) 'example_params_ui_tutorial' retrieved from /home/airflow/.local/lib/python3.10/site-packages/airflow/example_dags/example_params_ui_tutorial.py
[2024-04-16T21:33:50.681+0000] {logging_mixin.py:188} INFO - [2024-04-16T21:33:50.681+0000] {dag.py:3047} INFO - Sync 1 DAGs
[2024-04-16T21:33:50.695+0000] {logging_mixin.py:188} INFO - [2024-04-16T21:33:50.695+0000] {dag.py:3834} INFO - Setting next_dagrun for example_params_ui_tutorial to None, run_after=None
[2024-04-16T21:33:50.714+0000] {processor.py:183} INFO - Processing /home/airflow/.local/lib/python3.10/site-packages/airflow/example_dags/example_params_ui_tutorial.py took 0.065 seconds
[2024-04-16T21:34:21.654+0000] {processor.py:161} INFO - Started process (PID=106) to work on /home/airflow/.local/lib/python3.10/site-packages/airflow/example_dags/example_params_ui_tutorial.py
[2024-04-16T21:34:21.655+0000] {processor.py:830} INFO - Processing file /home/airflow/.local/lib/python3.10/site-packages/airflow/example_dags/example_params_ui_tutorial.py for tasks to queue
[2024-04-16T21:34:21.657+0000] {logging_mixin.py:188} INFO - [2024-04-16T21:34:21.657+0000] {dagbag.py:540} INFO - Filling up the DagBag from /home/airflow/.local/lib/python3.10/site-packages/airflow/example_dags/example_params_ui_tutorial.py
[2024-04-16T21:34:21.669+0000] {processor.py:840} INFO - DAG(s) 'example_params_ui_tutorial' retrieved from /home/airflow/.local/lib/python3.10/site-packages/airflow/example_dags/example_params_ui_tutorial.py
[2024-04-16T21:34:21.780+0000] {logging_mixin.py:188} INFO - [2024-04-16T21:34:21.780+0000] {dag.py:3047} INFO - Sync 1 DAGs
[2024-04-16T21:34:21.790+0000] {logging_mixin.py:188} INFO - [2024-04-16T21:34:21.790+0000] {dag.py:3834} INFO - Setting next_dagrun for example_params_ui_tutorial to None, run_after=None
[2024-04-16T21:34:21.807+0000] {processor.py:183} INFO - Processing /home/airflow/.local/lib/python3.10/site-packages/airflow/example_dags/example_params_ui_tutorial.py took 0.156 seconds
[2024-04-16T21:34:51.959+0000] {processor.py:161} INFO - Started process (PID=163) to work on /home/airflow/.local/lib/python3.10/site-packages/airflow/example_dags/example_params_ui_tutorial.py
[2024-04-16T21:34:51.960+0000] {processor.py:830} INFO - Processing file /home/airflow/.local/lib/python3.10/site-packages/airflow/example_dags/example_params_ui_tutorial.py for tasks to queue
[2024-04-16T21:34:51.962+0000] {logging_mixin.py:188} INFO - [2024-04-16T21:34:51.962+0000] {dagbag.py:540} INFO - Filling up the DagBag from /home/airflow/.local/lib/python3.10/site-packages/airflow/example_dags/example_params_ui_tutorial.py
[2024-04-16T21:34:51.974+0000] {processor.py:840} INFO - DAG(s) 'example_params_ui_tutorial' retrieved from /home/airflow/.local/lib/python3.10/site-packages/airflow/example_dags/example_params_ui_tutorial.py
[2024-04-16T21:34:52.028+0000] {logging_mixin.py:188} INFO - [2024-04-16T21:34:52.028+0000] {dag.py:3047} INFO - Sync 1 DAGs
[2024-04-16T21:34:52.040+0000] {logging_mixin.py:188} INFO - [2024-04-16T21:34:52.040+0000] {dag.py:3834} INFO - Setting next_dagrun for example_params_ui_tutorial to None, run_after=None
[2024-04-16T21:34:52.056+0000] {processor.py:183} INFO - Processing /home/airflow/.local/lib/python3.10/site-packages/airflow/example_dags/example_params_ui_tutorial.py took 0.100 seconds
[2024-04-16T21:35:22.098+0000] {processor.py:161} INFO - Started process (PID=220) to work on /home/airflow/.local/lib/python3.10/site-packages/airflow/example_dags/example_params_ui_tutorial.py
[2024-04-16T21:35:22.099+0000] {processor.py:830} INFO - Processing file /home/airflow/.local/lib/python3.10/site-packages/airflow/example_dags/example_params_ui_tutorial.py for tasks to queue
[2024-04-16T21:35:22.101+0000] {logging_mixin.py:188} INFO - [2024-04-16T21:35:22.100+0000] {dagbag.py:540} INFO - Filling up the DagBag from /home/airflow/.local/lib/python3.10/site-packages/airflow/example_dags/example_params_ui_tutorial.py
[2024-04-16T21:35:22.111+0000] {processor.py:840} INFO - DAG(s) 'example_params_ui_tutorial' retrieved from /home/airflow/.local/lib/python3.10/site-packages/airflow/example_dags/example_params_ui_tutorial.py
[2024-04-16T21:35:22.162+0000] {logging_mixin.py:188} INFO - [2024-04-16T21:35:22.162+0000] {dag.py:3047} INFO - Sync 1 DAGs
[2024-04-16T21:35:22.173+0000] {logging_mixin.py:188} INFO - [2024-04-16T21:35:22.173+0000] {dag.py:3834} INFO - Setting next_dagrun for example_params_ui_tutorial to None, run_after=None
[2024-04-16T21:35:22.189+0000] {processor.py:183} INFO - Processing /home/airflow/.local/lib/python3.10/site-packages/airflow/example_dags/example_params_ui_tutorial.py took 0.094 seconds
[2024-04-16T21:35:53.201+0000] {processor.py:161} INFO - Started process (PID=277) to work on /home/airflow/.local/lib/python3.10/site-packages/airflow/example_dags/example_params_ui_tutorial.py
[2024-04-16T21:35:53.202+0000] {processor.py:830} INFO - Processing file /home/airflow/.local/lib/python3.10/site-packages/airflow/example_dags/example_params_ui_tutorial.py for tasks to queue
[2024-04-16T21:35:53.203+0000] {logging_mixin.py:188} INFO - [2024-04-16T21:35:53.203+0000] {dagbag.py:540} INFO - Filling up the DagBag from /home/airflow/.local/lib/python3.10/site-packages/airflow/example_dags/example_params_ui_tutorial.py
[2024-04-16T21:35:53.214+0000] {processor.py:840} INFO - DAG(s) 'example_params_ui_tutorial' retrieved from /home/airflow/.local/lib/python3.10/site-packages/airflow/example_dags/example_params_ui_tutorial.py
[2024-04-16T21:35:53.261+0000] {logging_mixin.py:188} INFO - [2024-04-16T21:35:53.261+0000] {dag.py:3047} INFO - Sync 1 DAGs
[2024-04-16T21:35:53.274+0000] {logging_mixin.py:188} INFO - [2024-04-16T21:35:53.273+0000] {dag.py:3834} INFO - Setting next_dagrun for example_params_ui_tutorial to None, run_after=None
[2024-04-16T21:35:53.291+0000] {processor.py:183} INFO - Processing /home/airflow/.local/lib/python3.10/site-packages/airflow/example_dags/example_params_ui_tutorial.py took 0.092 seconds
[2024-04-16T21:36:23.647+0000] {processor.py:161} INFO - Started process (PID=334) to work on /home/airflow/.local/lib/python3.10/site-packages/airflow/example_dags/example_params_ui_tutorial.py
[2024-04-16T21:36:23.648+0000] {processor.py:830} INFO - Processing file /home/airflow/.local/lib/python3.10/site-packages/airflow/example_dags/example_params_ui_tutorial.py for tasks to queue
[2024-04-16T21:36:23.650+0000] {logging_mixin.py:188} INFO - [2024-04-16T21:36:23.650+0000] {dagbag.py:540} INFO - Filling up the DagBag from /home/airflow/.local/lib/python3.10/site-packages/airflow/example_dags/example_params_ui_tutorial.py
[2024-04-16T21:36:23.663+0000] {processor.py:840} INFO - DAG(s) 'example_params_ui_tutorial' retrieved from /home/airflow/.local/lib/python3.10/site-packages/airflow/example_dags/example_params_ui_tutorial.py
[2024-04-16T21:36:23.712+0000] {logging_mixin.py:188} INFO - [2024-04-16T21:36:23.712+0000] {dag.py:3047} INFO - Sync 1 DAGs
[2024-04-16T21:36:23.723+0000] {logging_mixin.py:188} INFO - [2024-04-16T21:36:23.723+0000] {dag.py:3834} INFO - Setting next_dagrun for example_params_ui_tutorial to None, run_after=None
[2024-04-16T21:36:23.739+0000] {processor.py:183} INFO - Processing /home/airflow/.local/lib/python3.10/site-packages/airflow/example_dags/example_params_ui_tutorial.py took 0.095 seconds
[2024-04-16T21:36:54.311+0000] {processor.py:161} INFO - Started process (PID=391) to work on /home/airflow/.local/lib/python3.10/site-packages/airflow/example_dags/example_params_ui_tutorial.py
[2024-04-16T21:36:54.312+0000] {processor.py:830} INFO - Processing file /home/airflow/.local/lib/python3.10/site-packages/airflow/example_dags/example_params_ui_tutorial.py for tasks to queue
[2024-04-16T21:36:54.314+0000] {logging_mixin.py:188} INFO - [2024-04-16T21:36:54.313+0000] {dagbag.py:540} INFO - Filling up the DagBag from /home/airflow/.local/lib/python3.10/site-packages/airflow/example_dags/example_params_ui_tutorial.py
[2024-04-16T21:36:54.325+0000] {processor.py:840} INFO - DAG(s) 'example_params_ui_tutorial' retrieved from /home/airflow/.local/lib/python3.10/site-packages/airflow/example_dags/example_params_ui_tutorial.py
[2024-04-16T21:36:54.379+0000] {logging_mixin.py:188} INFO - [2024-04-16T21:36:54.379+0000] {dag.py:3047} INFO - Sync 1 DAGs
[2024-04-16T21:36:54.393+0000] {logging_mixin.py:188} INFO - [2024-04-16T21:36:54.392+0000] {dag.py:3834} INFO - Setting next_dagrun for example_params_ui_tutorial to None, run_after=None
[2024-04-16T21:36:54.416+0000] {processor.py:183} INFO - Processing /home/airflow/.local/lib/python3.10/site-packages/airflow/example_dags/example_params_ui_tutorial.py took 0.108 seconds
[2024-04-16T21:37:24.877+0000] {processor.py:161} INFO - Started process (PID=448) to work on /home/airflow/.local/lib/python3.10/site-packages/airflow/example_dags/example_params_ui_tutorial.py
[2024-04-16T21:37:24.878+0000] {processor.py:830} INFO - Processing file /home/airflow/.local/lib/python3.10/site-packages/airflow/example_dags/example_params_ui_tutorial.py for tasks to queue
[2024-04-16T21:37:24.880+0000] {logging_mixin.py:188} INFO - [2024-04-16T21:37:24.879+0000] {dagbag.py:540} INFO - Filling up the DagBag from /home/airflow/.local/lib/python3.10/site-packages/airflow/example_dags/example_params_ui_tutorial.py
[2024-04-16T21:37:24.890+0000] {processor.py:840} INFO - DAG(s) 'example_params_ui_tutorial' retrieved from /home/airflow/.local/lib/python3.10/site-packages/airflow/example_dags/example_params_ui_tutorial.py
[2024-04-16T21:37:24.949+0000] {logging_mixin.py:188} INFO - [2024-04-16T21:37:24.949+0000] {dag.py:3047} INFO - Sync 1 DAGs
[2024-04-16T21:37:24.961+0000] {logging_mixin.py:188} INFO - [2024-04-16T21:37:24.960+0000] {dag.py:3834} INFO - Setting next_dagrun for example_params_ui_tutorial to None, run_after=None
[2024-04-16T21:37:24.978+0000] {processor.py:183} INFO - Processing /home/airflow/.local/lib/python3.10/site-packages/airflow/example_dags/example_params_ui_tutorial.py took 0.105 seconds
[2024-04-16T21:37:55.488+0000] {processor.py:161} INFO - Started process (PID=505) to work on /home/airflow/.local/lib/python3.10/site-packages/airflow/example_dags/example_params_ui_tutorial.py
[2024-04-16T21:37:55.489+0000] {processor.py:830} INFO - Processing file /home/airflow/.local/lib/python3.10/site-packages/airflow/example_dags/example_params_ui_tutorial.py for tasks to queue
[2024-04-16T21:37:55.491+0000] {logging_mixin.py:188} INFO - [2024-04-16T21:37:55.490+0000] {dagbag.py:540} INFO - Filling up the DagBag from /home/airflow/.local/lib/python3.10/site-packages/airflow/example_dags/example_params_ui_tutorial.py
[2024-04-16T21:37:55.502+0000] {processor.py:840} INFO - DAG(s) 'example_params_ui_tutorial' retrieved from /home/airflow/.local/lib/python3.10/site-packages/airflow/example_dags/example_params_ui_tutorial.py
[2024-04-16T21:37:55.552+0000] {logging_mixin.py:188} INFO - [2024-04-16T21:37:55.552+0000] {dag.py:3047} INFO - Sync 1 DAGs
[2024-04-16T21:37:55.563+0000] {logging_mixin.py:188} INFO - [2024-04-16T21:37:55.563+0000] {dag.py:3834} INFO - Setting next_dagrun for example_params_ui_tutorial to None, run_after=None
[2024-04-16T21:37:55.582+0000] {processor.py:183} INFO - Processing /home/airflow/.local/lib/python3.10/site-packages/airflow/example_dags/example_params_ui_tutorial.py took 0.098 seconds
[2024-04-16T21:38:26.175+0000] {processor.py:161} INFO - Started process (PID=562) to work on /home/airflow/.local/lib/python3.10/site-packages/airflow/example_dags/example_params_ui_tutorial.py
[2024-04-16T21:38:26.176+0000] {processor.py:830} INFO - Processing file /home/airflow/.local/lib/python3.10/site-packages/airflow/example_dags/example_params_ui_tutorial.py for tasks to queue
[2024-04-16T21:38:26.178+0000] {logging_mixin.py:188} INFO - [2024-04-16T21:38:26.177+0000] {dagbag.py:540} INFO - Filling up the DagBag from /home/airflow/.local/lib/python3.10/site-packages/airflow/example_dags/example_params_ui_tutorial.py
[2024-04-16T21:38:26.189+0000] {processor.py:840} INFO - DAG(s) 'example_params_ui_tutorial' retrieved from /home/airflow/.local/lib/python3.10/site-packages/airflow/example_dags/example_params_ui_tutorial.py
[2024-04-16T21:38:26.240+0000] {logging_mixin.py:188} INFO - [2024-04-16T21:38:26.240+0000] {dag.py:3047} INFO - Sync 1 DAGs
[2024-04-16T21:38:26.251+0000] {logging_mixin.py:188} INFO - [2024-04-16T21:38:26.251+0000] {dag.py:3834} INFO - Setting next_dagrun for example_params_ui_tutorial to None, run_after=None
[2024-04-16T21:38:26.268+0000] {processor.py:183} INFO - Processing /home/airflow/.local/lib/python3.10/site-packages/airflow/example_dags/example_params_ui_tutorial.py took 0.096 seconds
[2024-04-16T21:38:56.786+0000] {processor.py:161} INFO - Started process (PID=619) to work on /home/airflow/.local/lib/python3.10/site-packages/airflow/example_dags/example_params_ui_tutorial.py
[2024-04-16T21:38:56.787+0000] {processor.py:830} INFO - Processing file /home/airflow/.local/lib/python3.10/site-packages/airflow/example_dags/example_params_ui_tutorial.py for tasks to queue
[2024-04-16T21:38:56.789+0000] {logging_mixin.py:188} INFO - [2024-04-16T21:38:56.788+0000] {dagbag.py:540} INFO - Filling up the DagBag from /home/airflow/.local/lib/python3.10/site-packages/airflow/example_dags/example_params_ui_tutorial.py
[2024-04-16T21:38:56.802+0000] {processor.py:840} INFO - DAG(s) 'example_params_ui_tutorial' retrieved from /home/airflow/.local/lib/python3.10/site-packages/airflow/example_dags/example_params_ui_tutorial.py
[2024-04-16T21:38:56.854+0000] {logging_mixin.py:188} INFO - [2024-04-16T21:38:56.854+0000] {dag.py:3047} INFO - Sync 1 DAGs
[2024-04-16T21:38:56.866+0000] {logging_mixin.py:188} INFO - [2024-04-16T21:38:56.865+0000] {dag.py:3834} INFO - Setting next_dagrun for example_params_ui_tutorial to None, run_after=None
[2024-04-16T21:38:56.886+0000] {processor.py:183} INFO - Processing /home/airflow/.local/lib/python3.10/site-packages/airflow/example_dags/example_params_ui_tutorial.py took 0.104 seconds
[2024-04-16T21:39:27.482+0000] {processor.py:161} INFO - Started process (PID=676) to work on /home/airflow/.local/lib/python3.10/site-packages/airflow/example_dags/example_params_ui_tutorial.py
[2024-04-16T21:39:27.483+0000] {processor.py:830} INFO - Processing file /home/airflow/.local/lib/python3.10/site-packages/airflow/example_dags/example_params_ui_tutorial.py for tasks to queue
[2024-04-16T21:39:27.485+0000] {logging_mixin.py:188} INFO - [2024-04-16T21:39:27.485+0000] {dagbag.py:540} INFO - Filling up the DagBag from /home/airflow/.local/lib/python3.10/site-packages/airflow/example_dags/example_params_ui_tutorial.py
[2024-04-16T21:39:27.497+0000] {processor.py:840} INFO - DAG(s) 'example_params_ui_tutorial' retrieved from /home/airflow/.local/lib/python3.10/site-packages/airflow/example_dags/example_params_ui_tutorial.py
[2024-04-16T21:39:27.559+0000] {logging_mixin.py:188} INFO - [2024-04-16T21:39:27.559+0000] {dag.py:3047} INFO - Sync 1 DAGs
[2024-04-16T21:39:27.571+0000] {logging_mixin.py:188} INFO - [2024-04-16T21:39:27.571+0000] {dag.py:3834} INFO - Setting next_dagrun for example_params_ui_tutorial to None, run_after=None
[2024-04-16T21:39:27.592+0000] {processor.py:183} INFO - Processing /home/airflow/.local/lib/python3.10/site-packages/airflow/example_dags/example_params_ui_tutorial.py took 0.114 seconds
[2024-04-16T21:39:58.154+0000] {processor.py:161} INFO - Started process (PID=733) to work on /home/airflow/.local/lib/python3.10/site-packages/airflow/example_dags/example_params_ui_tutorial.py
[2024-04-16T21:39:58.155+0000] {processor.py:830} INFO - Processing file /home/airflow/.local/lib/python3.10/site-packages/airflow/example_dags/example_params_ui_tutorial.py for tasks to queue
[2024-04-16T21:39:58.156+0000] {logging_mixin.py:188} INFO - [2024-04-16T21:39:58.156+0000] {dagbag.py:540} INFO - Filling up the DagBag from /home/airflow/.local/lib/python3.10/site-packages/airflow/example_dags/example_params_ui_tutorial.py
[2024-04-16T21:39:58.169+0000] {processor.py:840} INFO - DAG(s) 'example_params_ui_tutorial' retrieved from /home/airflow/.local/lib/python3.10/site-packages/airflow/example_dags/example_params_ui_tutorial.py
[2024-04-16T21:39:58.224+0000] {logging_mixin.py:188} INFO - [2024-04-16T21:39:58.224+0000] {dag.py:3047} INFO - Sync 1 DAGs
[2024-04-16T21:39:58.238+0000] {logging_mixin.py:188} INFO - [2024-04-16T21:39:58.237+0000] {dag.py:3834} INFO - Setting next_dagrun for example_params_ui_tutorial to None, run_after=None
[2024-04-16T21:39:58.256+0000] {processor.py:183} INFO - Processing /home/airflow/.local/lib/python3.10/site-packages/airflow/example_dags/example_params_ui_tutorial.py took 0.105 seconds
[2024-04-16T21:40:28.794+0000] {processor.py:161} INFO - Started process (PID=790) to work on /home/airflow/.local/lib/python3.10/site-packages/airflow/example_dags/example_params_ui_tutorial.py
[2024-04-16T21:40:28.795+0000] {processor.py:830} INFO - Processing file /home/airflow/.local/lib/python3.10/site-packages/airflow/example_dags/example_params_ui_tutorial.py for tasks to queue
[2024-04-16T21:40:28.797+0000] {logging_mixin.py:188} INFO - [2024-04-16T21:40:28.796+0000] {dagbag.py:540} INFO - Filling up the DagBag from /home/airflow/.local/lib/python3.10/site-packages/airflow/example_dags/example_params_ui_tutorial.py
[2024-04-16T21:40:28.808+0000] {processor.py:840} INFO - DAG(s) 'example_params_ui_tutorial' retrieved from /home/airflow/.local/lib/python3.10/site-packages/airflow/example_dags/example_params_ui_tutorial.py
[2024-04-16T21:40:28.858+0000] {logging_mixin.py:188} INFO - [2024-04-16T21:40:28.858+0000] {dag.py:3047} INFO - Sync 1 DAGs
[2024-04-16T21:40:28.871+0000] {logging_mixin.py:188} INFO - [2024-04-16T21:40:28.870+0000] {dag.py:3834} INFO - Setting next_dagrun for example_params_ui_tutorial to None, run_after=None
[2024-04-16T21:40:28.888+0000] {processor.py:183} INFO - Processing /home/airflow/.local/lib/python3.10/site-packages/airflow/example_dags/example_params_ui_tutorial.py took 0.097 seconds
[2024-04-16T21:40:59.332+0000] {processor.py:161} INFO - Started process (PID=847) to work on /home/airflow/.local/lib/python3.10/site-packages/airflow/example_dags/example_params_ui_tutorial.py
[2024-04-16T21:40:59.333+0000] {processor.py:830} INFO - Processing file /home/airflow/.local/lib/python3.10/site-packages/airflow/example_dags/example_params_ui_tutorial.py for tasks to queue
[2024-04-16T21:40:59.334+0000] {logging_mixin.py:188} INFO - [2024-04-16T21:40:59.334+0000] {dagbag.py:540} INFO - Filling up the DagBag from /home/airflow/.local/lib/python3.10/site-packages/airflow/example_dags/example_params_ui_tutorial.py
[2024-04-16T21:40:59.346+0000] {processor.py:840} INFO - DAG(s) 'example_params_ui_tutorial' retrieved from /home/airflow/.local/lib/python3.10/site-packages/airflow/example_dags/example_params_ui_tutorial.py
[2024-04-16T21:40:59.396+0000] {logging_mixin.py:188} INFO - [2024-04-16T21:40:59.395+0000] {dag.py:3047} INFO - Sync 1 DAGs
[2024-04-16T21:40:59.406+0000] {logging_mixin.py:188} INFO - [2024-04-16T21:40:59.406+0000] {dag.py:3834} INFO - Setting next_dagrun for example_params_ui_tutorial to None, run_after=None
[2024-04-16T21:40:59.422+0000] {processor.py:183} INFO - Processing /home/airflow/.local/lib/python3.10/site-packages/airflow/example_dags/example_params_ui_tutorial.py took 0.094 seconds
[2024-04-16T21:41:29.813+0000] {processor.py:161} INFO - Started process (PID=904) to work on /home/airflow/.local/lib/python3.10/site-packages/airflow/example_dags/example_params_ui_tutorial.py
[2024-04-16T21:41:29.814+0000] {processor.py:830} INFO - Processing file /home/airflow/.local/lib/python3.10/site-packages/airflow/example_dags/example_params_ui_tutorial.py for tasks to queue
[2024-04-16T21:41:29.816+0000] {logging_mixin.py:188} INFO - [2024-04-16T21:41:29.816+0000] {dagbag.py:540} INFO - Filling up the DagBag from /home/airflow/.local/lib/python3.10/site-packages/airflow/example_dags/example_params_ui_tutorial.py
[2024-04-16T21:41:29.827+0000] {processor.py:840} INFO - DAG(s) 'example_params_ui_tutorial' retrieved from /home/airflow/.local/lib/python3.10/site-packages/airflow/example_dags/example_params_ui_tutorial.py
[2024-04-16T21:41:29.877+0000] {logging_mixin.py:188} INFO - [2024-04-16T21:41:29.876+0000] {dag.py:3047} INFO - Sync 1 DAGs
[2024-04-16T21:41:29.887+0000] {logging_mixin.py:188} INFO - [2024-04-16T21:41:29.887+0000] {dag.py:3834} INFO - Setting next_dagrun for example_params_ui_tutorial to None, run_after=None
[2024-04-16T21:41:29.903+0000] {processor.py:183} INFO - Processing /home/airflow/.local/lib/python3.10/site-packages/airflow/example_dags/example_params_ui_tutorial.py took 0.093 seconds
[2024-04-16T21:42:00.311+0000] {processor.py:161} INFO - Started process (PID=961) to work on /home/airflow/.local/lib/python3.10/site-packages/airflow/example_dags/example_params_ui_tutorial.py
[2024-04-16T21:42:00.312+0000] {processor.py:830} INFO - Processing file /home/airflow/.local/lib/python3.10/site-packages/airflow/example_dags/example_params_ui_tutorial.py for tasks to queue
[2024-04-16T21:42:00.314+0000] {logging_mixin.py:188} INFO - [2024-04-16T21:42:00.313+0000] {dagbag.py:540} INFO - Filling up the DagBag from /home/airflow/.local/lib/python3.10/site-packages/airflow/example_dags/example_params_ui_tutorial.py
[2024-04-16T21:42:00.324+0000] {processor.py:840} INFO - DAG(s) 'example_params_ui_tutorial' retrieved from /home/airflow/.local/lib/python3.10/site-packages/airflow/example_dags/example_params_ui_tutorial.py
[2024-04-16T21:42:00.372+0000] {logging_mixin.py:188} INFO - [2024-04-16T21:42:00.372+0000] {dag.py:3047} INFO - Sync 1 DAGs
[2024-04-16T21:42:00.382+0000] {logging_mixin.py:188} INFO - [2024-04-16T21:42:00.382+0000] {dag.py:3834} INFO - Setting next_dagrun for example_params_ui_tutorial to None, run_after=None
[2024-04-16T21:42:00.399+0000] {processor.py:183} INFO - Processing /home/airflow/.local/lib/python3.10/site-packages/airflow/example_dags/example_params_ui_tutorial.py took 0.092 seconds
[2024-04-16T21:42:30.743+0000] {processor.py:161} INFO - Started process (PID=1018) to work on /home/airflow/.local/lib/python3.10/site-packages/airflow/example_dags/example_params_ui_tutorial.py
[2024-04-16T21:42:30.744+0000] {processor.py:830} INFO - Processing file /home/airflow/.local/lib/python3.10/site-packages/airflow/example_dags/example_params_ui_tutorial.py for tasks to queue
[2024-04-16T21:42:30.746+0000] {logging_mixin.py:188} INFO - [2024-04-16T21:42:30.746+0000] {dagbag.py:540} INFO - Filling up the DagBag from /home/airflow/.local/lib/python3.10/site-packages/airflow/example_dags/example_params_ui_tutorial.py
[2024-04-16T21:42:30.758+0000] {processor.py:840} INFO - DAG(s) 'example_params_ui_tutorial' retrieved from /home/airflow/.local/lib/python3.10/site-packages/airflow/example_dags/example_params_ui_tutorial.py
[2024-04-16T21:42:30.807+0000] {logging_mixin.py:188} INFO - [2024-04-16T21:42:30.807+0000] {dag.py:3047} INFO - Sync 1 DAGs
[2024-04-16T21:42:30.817+0000] {logging_mixin.py:188} INFO - [2024-04-16T21:42:30.817+0000] {dag.py:3834} INFO - Setting next_dagrun for example_params_ui_tutorial to None, run_after=None
[2024-04-16T21:42:30.835+0000] {processor.py:183} INFO - Processing /home/airflow/.local/lib/python3.10/site-packages/airflow/example_dags/example_params_ui_tutorial.py took 0.094 seconds
[2024-04-16T21:43:01.292+0000] {processor.py:161} INFO - Started process (PID=1075) to work on /home/airflow/.local/lib/python3.10/site-packages/airflow/example_dags/example_params_ui_tutorial.py
[2024-04-16T21:43:01.293+0000] {processor.py:830} INFO - Processing file /home/airflow/.local/lib/python3.10/site-packages/airflow/example_dags/example_params_ui_tutorial.py for tasks to queue
[2024-04-16T21:43:01.295+0000] {logging_mixin.py:188} INFO - [2024-04-16T21:43:01.294+0000] {dagbag.py:540} INFO - Filling up the DagBag from /home/airflow/.local/lib/python3.10/site-packages/airflow/example_dags/example_params_ui_tutorial.py
[2024-04-16T21:43:01.306+0000] {processor.py:840} INFO - DAG(s) 'example_params_ui_tutorial' retrieved from /home/airflow/.local/lib/python3.10/site-packages/airflow/example_dags/example_params_ui_tutorial.py
[2024-04-16T21:43:01.354+0000] {logging_mixin.py:188} INFO - [2024-04-16T21:43:01.354+0000] {dag.py:3047} INFO - Sync 1 DAGs
[2024-04-16T21:43:01.364+0000] {logging_mixin.py:188} INFO - [2024-04-16T21:43:01.364+0000] {dag.py:3834} INFO - Setting next_dagrun for example_params_ui_tutorial to None, run_after=None
[2024-04-16T21:43:01.380+0000] {processor.py:183} INFO - Processing /home/airflow/.local/lib/python3.10/site-packages/airflow/example_dags/example_params_ui_tutorial.py took 0.091 seconds
[2024-04-16T21:43:31.862+0000] {processor.py:161} INFO - Started process (PID=1132) to work on /home/airflow/.local/lib/python3.10/site-packages/airflow/example_dags/example_params_ui_tutorial.py
[2024-04-16T21:43:31.863+0000] {processor.py:830} INFO - Processing file /home/airflow/.local/lib/python3.10/site-packages/airflow/example_dags/example_params_ui_tutorial.py for tasks to queue
[2024-04-16T21:43:31.865+0000] {logging_mixin.py:188} INFO - [2024-04-16T21:43:31.865+0000] {dagbag.py:540} INFO - Filling up the DagBag from /home/airflow/.local/lib/python3.10/site-packages/airflow/example_dags/example_params_ui_tutorial.py
[2024-04-16T21:43:31.876+0000] {processor.py:840} INFO - DAG(s) 'example_params_ui_tutorial' retrieved from /home/airflow/.local/lib/python3.10/site-packages/airflow/example_dags/example_params_ui_tutorial.py
[2024-04-16T21:43:31.926+0000] {logging_mixin.py:188} INFO - [2024-04-16T21:43:31.926+0000] {dag.py:3047} INFO - Sync 1 DAGs
[2024-04-16T21:43:31.937+0000] {logging_mixin.py:188} INFO - [2024-04-16T21:43:31.936+0000] {dag.py:3834} INFO - Setting next_dagrun for example_params_ui_tutorial to None, run_after=None
[2024-04-16T21:43:31.952+0000] {processor.py:183} INFO - Processing /home/airflow/.local/lib/python3.10/site-packages/airflow/example_dags/example_params_ui_tutorial.py took 0.093 seconds
[2024-04-16T21:44:02.441+0000] {processor.py:161} INFO - Started process (PID=1189) to work on /home/airflow/.local/lib/python3.10/site-packages/airflow/example_dags/example_params_ui_tutorial.py
[2024-04-16T21:44:02.442+0000] {processor.py:830} INFO - Processing file /home/airflow/.local/lib/python3.10/site-packages/airflow/example_dags/example_params_ui_tutorial.py for tasks to queue
[2024-04-16T21:44:02.444+0000] {logging_mixin.py:188} INFO - [2024-04-16T21:44:02.444+0000] {dagbag.py:540} INFO - Filling up the DagBag from /home/airflow/.local/lib/python3.10/site-packages/airflow/example_dags/example_params_ui_tutorial.py
[2024-04-16T21:44:02.455+0000] {processor.py:840} INFO - DAG(s) 'example_params_ui_tutorial' retrieved from /home/airflow/.local/lib/python3.10/site-packages/airflow/example_dags/example_params_ui_tutorial.py
[2024-04-16T21:44:02.507+0000] {logging_mixin.py:188} INFO - [2024-04-16T21:44:02.506+0000] {dag.py:3047} INFO - Sync 1 DAGs
[2024-04-16T21:44:02.517+0000] {logging_mixin.py:188} INFO - [2024-04-16T21:44:02.517+0000] {dag.py:3834} INFO - Setting next_dagrun for example_params_ui_tutorial to None, run_after=None
[2024-04-16T21:44:02.535+0000] {processor.py:183} INFO - Processing /home/airflow/.local/lib/python3.10/site-packages/airflow/example_dags/example_params_ui_tutorial.py took 0.097 seconds
[2024-04-16T21:44:32.943+0000] {processor.py:161} INFO - Started process (PID=1246) to work on /home/airflow/.local/lib/python3.10/site-packages/airflow/example_dags/example_params_ui_tutorial.py
[2024-04-16T21:44:32.944+0000] {processor.py:830} INFO - Processing file /home/airflow/.local/lib/python3.10/site-packages/airflow/example_dags/example_params_ui_tutorial.py for tasks to queue
[2024-04-16T21:44:32.946+0000] {logging_mixin.py:188} INFO - [2024-04-16T21:44:32.946+0000] {dagbag.py:540} INFO - Filling up the DagBag from /home/airflow/.local/lib/python3.10/site-packages/airflow/example_dags/example_params_ui_tutorial.py
[2024-04-16T21:44:32.956+0000] {processor.py:840} INFO - DAG(s) 'example_params_ui_tutorial' retrieved from /home/airflow/.local/lib/python3.10/site-packages/airflow/example_dags/example_params_ui_tutorial.py
[2024-04-16T21:44:33.008+0000] {logging_mixin.py:188} INFO - [2024-04-16T21:44:33.008+0000] {dag.py:3047} INFO - Sync 1 DAGs
[2024-04-16T21:44:33.019+0000] {logging_mixin.py:188} INFO - [2024-04-16T21:44:33.019+0000] {dag.py:3834} INFO - Setting next_dagrun for example_params_ui_tutorial to None, run_after=None
[2024-04-16T21:44:33.036+0000] {processor.py:183} INFO - Processing /home/airflow/.local/lib/python3.10/site-packages/airflow/example_dags/example_params_ui_tutorial.py took 0.095 seconds
[2024-04-16T21:45:03.683+0000] {processor.py:161} INFO - Started process (PID=1303) to work on /home/airflow/.local/lib/python3.10/site-packages/airflow/example_dags/example_params_ui_tutorial.py
[2024-04-16T21:45:03.684+0000] {processor.py:830} INFO - Processing file /home/airflow/.local/lib/python3.10/site-packages/airflow/example_dags/example_params_ui_tutorial.py for tasks to queue
[2024-04-16T21:45:03.686+0000] {logging_mixin.py:188} INFO - [2024-04-16T21:45:03.686+0000] {dagbag.py:540} INFO - Filling up the DagBag from /home/airflow/.local/lib/python3.10/site-packages/airflow/example_dags/example_params_ui_tutorial.py
[2024-04-16T21:45:03.697+0000] {processor.py:840} INFO - DAG(s) 'example_params_ui_tutorial' retrieved from /home/airflow/.local/lib/python3.10/site-packages/airflow/example_dags/example_params_ui_tutorial.py
[2024-04-16T21:45:03.748+0000] {logging_mixin.py:188} INFO - [2024-04-16T21:45:03.748+0000] {dag.py:3047} INFO - Sync 1 DAGs
[2024-04-16T21:45:03.760+0000] {logging_mixin.py:188} INFO - [2024-04-16T21:45:03.759+0000] {dag.py:3834} INFO - Setting next_dagrun for example_params_ui_tutorial to None, run_after=None
[2024-04-16T21:45:03.776+0000] {processor.py:183} INFO - Processing /home/airflow/.local/lib/python3.10/site-packages/airflow/example_dags/example_params_ui_tutorial.py took 0.096 seconds
[2024-04-16T21:45:34.134+0000] {processor.py:161} INFO - Started process (PID=1360) to work on /home/airflow/.local/lib/python3.10/site-packages/airflow/example_dags/example_params_ui_tutorial.py
[2024-04-16T21:45:34.135+0000] {processor.py:830} INFO - Processing file /home/airflow/.local/lib/python3.10/site-packages/airflow/example_dags/example_params_ui_tutorial.py for tasks to queue
[2024-04-16T21:45:34.137+0000] {logging_mixin.py:188} INFO - [2024-04-16T21:45:34.136+0000] {dagbag.py:540} INFO - Filling up the DagBag from /home/airflow/.local/lib/python3.10/site-packages/airflow/example_dags/example_params_ui_tutorial.py
[2024-04-16T21:45:34.148+0000] {processor.py:840} INFO - DAG(s) 'example_params_ui_tutorial' retrieved from /home/airflow/.local/lib/python3.10/site-packages/airflow/example_dags/example_params_ui_tutorial.py
[2024-04-16T21:45:34.199+0000] {logging_mixin.py:188} INFO - [2024-04-16T21:45:34.198+0000] {dag.py:3047} INFO - Sync 1 DAGs
[2024-04-16T21:45:34.211+0000] {logging_mixin.py:188} INFO - [2024-04-16T21:45:34.211+0000] {dag.py:3834} INFO - Setting next_dagrun for example_params_ui_tutorial to None, run_after=None
[2024-04-16T21:45:34.234+0000] {processor.py:183} INFO - Processing /home/airflow/.local/lib/python3.10/site-packages/airflow/example_dags/example_params_ui_tutorial.py took 0.103 seconds
