[2024-04-16T21:29:10.532+0000] {processor.py:161} INFO - Started process (PID=36) to work on /home/airflow/.local/lib/python3.10/site-packages/airflow/example_dags/example_xcom.py
[2024-04-16T21:29:10.533+0000] {processor.py:830} INFO - Processing file /home/airflow/.local/lib/python3.10/site-packages/airflow/example_dags/example_xcom.py for tasks to queue
[2024-04-16T21:29:10.535+0000] {logging_mixin.py:188} INFO - [2024-04-16T21:29:10.534+0000] {dagbag.py:540} INFO - Filling up the DagBag from /home/airflow/.local/lib/python3.10/site-packages/airflow/example_dags/example_xcom.py
[2024-04-16T21:29:10.542+0000] {processor.py:840} INFO - DAG(s) 'example_xcom' retrieved from /home/airflow/.local/lib/python3.10/site-packages/airflow/example_dags/example_xcom.py
[2024-04-16T21:29:10.554+0000] {logging_mixin.py:188} INFO - [2024-04-16T21:29:10.554+0000] {dag.py:3047} INFO - Sync 1 DAGs
[2024-04-16T21:29:10.573+0000] {logging_mixin.py:188} INFO - [2024-04-16T21:29:10.573+0000] {dag.py:3834} INFO - Setting next_dagrun for example_xcom to 2021-01-01 00:00:00+00:00, run_after=2021-01-01 00:00:00+00:00
[2024-04-16T21:29:10.589+0000] {processor.py:183} INFO - Processing /home/airflow/.local/lib/python3.10/site-packages/airflow/example_dags/example_xcom.py took 0.060 seconds
[2024-04-16T21:29:41.248+0000] {processor.py:161} INFO - Started process (PID=91) to work on /home/airflow/.local/lib/python3.10/site-packages/airflow/example_dags/example_xcom.py
[2024-04-16T21:29:41.249+0000] {processor.py:830} INFO - Processing file /home/airflow/.local/lib/python3.10/site-packages/airflow/example_dags/example_xcom.py for tasks to queue
[2024-04-16T21:29:41.251+0000] {logging_mixin.py:188} INFO - [2024-04-16T21:29:41.250+0000] {dagbag.py:540} INFO - Filling up the DagBag from /home/airflow/.local/lib/python3.10/site-packages/airflow/example_dags/example_xcom.py
[2024-04-16T21:29:41.258+0000] {processor.py:840} INFO - DAG(s) 'example_xcom' retrieved from /home/airflow/.local/lib/python3.10/site-packages/airflow/example_dags/example_xcom.py
[2024-04-16T21:29:41.341+0000] {logging_mixin.py:188} INFO - [2024-04-16T21:29:41.341+0000] {dag.py:3047} INFO - Sync 1 DAGs
[2024-04-16T21:29:41.358+0000] {logging_mixin.py:188} INFO - [2024-04-16T21:29:41.358+0000] {dag.py:3834} INFO - Setting next_dagrun for example_xcom to 2021-01-01 00:00:00+00:00, run_after=2021-01-01 00:00:00+00:00
[2024-04-16T21:29:41.374+0000] {processor.py:183} INFO - Processing /home/airflow/.local/lib/python3.10/site-packages/airflow/example_dags/example_xcom.py took 0.129 seconds
[2024-04-16T21:30:11.578+0000] {processor.py:161} INFO - Started process (PID=146) to work on /home/airflow/.local/lib/python3.10/site-packages/airflow/example_dags/example_xcom.py
[2024-04-16T21:30:11.579+0000] {processor.py:830} INFO - Processing file /home/airflow/.local/lib/python3.10/site-packages/airflow/example_dags/example_xcom.py for tasks to queue
[2024-04-16T21:30:11.580+0000] {logging_mixin.py:188} INFO - [2024-04-16T21:30:11.580+0000] {dagbag.py:540} INFO - Filling up the DagBag from /home/airflow/.local/lib/python3.10/site-packages/airflow/example_dags/example_xcom.py
[2024-04-16T21:30:11.589+0000] {processor.py:840} INFO - DAG(s) 'example_xcom' retrieved from /home/airflow/.local/lib/python3.10/site-packages/airflow/example_dags/example_xcom.py
[2024-04-16T21:30:11.610+0000] {logging_mixin.py:188} INFO - [2024-04-16T21:30:11.610+0000] {dag.py:3047} INFO - Sync 1 DAGs
[2024-04-16T21:30:11.633+0000] {logging_mixin.py:188} INFO - [2024-04-16T21:30:11.633+0000] {dag.py:3834} INFO - Setting next_dagrun for example_xcom to 2021-01-01 00:00:00+00:00, run_after=2021-01-01 00:00:00+00:00
[2024-04-16T21:30:11.654+0000] {processor.py:183} INFO - Processing /home/airflow/.local/lib/python3.10/site-packages/airflow/example_dags/example_xcom.py took 0.081 seconds
[2024-04-16T21:30:42.005+0000] {processor.py:161} INFO - Started process (PID=201) to work on /home/airflow/.local/lib/python3.10/site-packages/airflow/example_dags/example_xcom.py
[2024-04-16T21:30:42.006+0000] {processor.py:830} INFO - Processing file /home/airflow/.local/lib/python3.10/site-packages/airflow/example_dags/example_xcom.py for tasks to queue
[2024-04-16T21:30:42.008+0000] {logging_mixin.py:188} INFO - [2024-04-16T21:30:42.008+0000] {dagbag.py:540} INFO - Filling up the DagBag from /home/airflow/.local/lib/python3.10/site-packages/airflow/example_dags/example_xcom.py
[2024-04-16T21:30:42.015+0000] {processor.py:840} INFO - DAG(s) 'example_xcom' retrieved from /home/airflow/.local/lib/python3.10/site-packages/airflow/example_dags/example_xcom.py
[2024-04-16T21:30:42.033+0000] {logging_mixin.py:188} INFO - [2024-04-16T21:30:42.032+0000] {dag.py:3047} INFO - Sync 1 DAGs
[2024-04-16T21:30:42.053+0000] {logging_mixin.py:188} INFO - [2024-04-16T21:30:42.052+0000] {dag.py:3834} INFO - Setting next_dagrun for example_xcom to 2021-01-01 00:00:00+00:00, run_after=2021-01-01 00:00:00+00:00
[2024-04-16T21:30:42.069+0000] {processor.py:183} INFO - Processing /home/airflow/.local/lib/python3.10/site-packages/airflow/example_dags/example_xcom.py took 0.067 seconds
[2024-04-16T21:31:12.770+0000] {processor.py:161} INFO - Started process (PID=256) to work on /home/airflow/.local/lib/python3.10/site-packages/airflow/example_dags/example_xcom.py
[2024-04-16T21:31:12.771+0000] {processor.py:830} INFO - Processing file /home/airflow/.local/lib/python3.10/site-packages/airflow/example_dags/example_xcom.py for tasks to queue
[2024-04-16T21:31:12.772+0000] {logging_mixin.py:188} INFO - [2024-04-16T21:31:12.772+0000] {dagbag.py:540} INFO - Filling up the DagBag from /home/airflow/.local/lib/python3.10/site-packages/airflow/example_dags/example_xcom.py
[2024-04-16T21:31:12.779+0000] {processor.py:840} INFO - DAG(s) 'example_xcom' retrieved from /home/airflow/.local/lib/python3.10/site-packages/airflow/example_dags/example_xcom.py
[2024-04-16T21:31:12.799+0000] {logging_mixin.py:188} INFO - [2024-04-16T21:31:12.799+0000] {dag.py:3047} INFO - Sync 1 DAGs
[2024-04-16T21:31:12.817+0000] {logging_mixin.py:188} INFO - [2024-04-16T21:31:12.817+0000] {dag.py:3834} INFO - Setting next_dagrun for example_xcom to 2021-01-01 00:00:00+00:00, run_after=2021-01-01 00:00:00+00:00
[2024-04-16T21:31:12.833+0000] {processor.py:183} INFO - Processing /home/airflow/.local/lib/python3.10/site-packages/airflow/example_dags/example_xcom.py took 0.067 seconds
[2024-04-16T21:32:11.462+0000] {processor.py:161} INFO - Started process (PID=38) to work on /home/airflow/.local/lib/python3.10/site-packages/airflow/example_dags/example_xcom.py
[2024-04-16T21:32:11.463+0000] {processor.py:830} INFO - Processing file /home/airflow/.local/lib/python3.10/site-packages/airflow/example_dags/example_xcom.py for tasks to queue
[2024-04-16T21:32:11.465+0000] {logging_mixin.py:188} INFO - [2024-04-16T21:32:11.465+0000] {dagbag.py:540} INFO - Filling up the DagBag from /home/airflow/.local/lib/python3.10/site-packages/airflow/example_dags/example_xcom.py
[2024-04-16T21:32:11.476+0000] {processor.py:840} INFO - DAG(s) 'example_xcom' retrieved from /home/airflow/.local/lib/python3.10/site-packages/airflow/example_dags/example_xcom.py
[2024-04-16T21:32:11.487+0000] {logging_mixin.py:188} INFO - [2024-04-16T21:32:11.486+0000] {dag.py:3047} INFO - Sync 1 DAGs
[2024-04-16T21:32:11.507+0000] {logging_mixin.py:188} INFO - [2024-04-16T21:32:11.506+0000] {dag.py:3834} INFO - Setting next_dagrun for example_xcom to 2021-01-01 00:00:00+00:00, run_after=2021-01-01 00:00:00+00:00
[2024-04-16T21:32:11.523+0000] {processor.py:183} INFO - Processing /home/airflow/.local/lib/python3.10/site-packages/airflow/example_dags/example_xcom.py took 0.064 seconds
[2024-04-16T21:32:42.429+0000] {processor.py:161} INFO - Started process (PID=95) to work on /home/airflow/.local/lib/python3.10/site-packages/airflow/example_dags/example_xcom.py
[2024-04-16T21:32:42.430+0000] {processor.py:830} INFO - Processing file /home/airflow/.local/lib/python3.10/site-packages/airflow/example_dags/example_xcom.py for tasks to queue
[2024-04-16T21:32:42.432+0000] {logging_mixin.py:188} INFO - [2024-04-16T21:32:42.432+0000] {dagbag.py:540} INFO - Filling up the DagBag from /home/airflow/.local/lib/python3.10/site-packages/airflow/example_dags/example_xcom.py
[2024-04-16T21:32:42.439+0000] {processor.py:840} INFO - DAG(s) 'example_xcom' retrieved from /home/airflow/.local/lib/python3.10/site-packages/airflow/example_dags/example_xcom.py
[2024-04-16T21:32:42.534+0000] {logging_mixin.py:188} INFO - [2024-04-16T21:32:42.534+0000] {dag.py:3047} INFO - Sync 1 DAGs
[2024-04-16T21:32:42.555+0000] {logging_mixin.py:188} INFO - [2024-04-16T21:32:42.555+0000] {dag.py:3834} INFO - Setting next_dagrun for example_xcom to 2021-01-01 00:00:00+00:00, run_after=2021-01-01 00:00:00+00:00
[2024-04-16T21:32:42.576+0000] {processor.py:183} INFO - Processing /home/airflow/.local/lib/python3.10/site-packages/airflow/example_dags/example_xcom.py took 0.149 seconds
[2024-04-16T21:33:49.465+0000] {processor.py:161} INFO - Started process (PID=38) to work on /home/airflow/.local/lib/python3.10/site-packages/airflow/example_dags/example_xcom.py
[2024-04-16T21:33:49.466+0000] {processor.py:830} INFO - Processing file /home/airflow/.local/lib/python3.10/site-packages/airflow/example_dags/example_xcom.py for tasks to queue
[2024-04-16T21:33:49.468+0000] {logging_mixin.py:188} INFO - [2024-04-16T21:33:49.468+0000] {dagbag.py:540} INFO - Filling up the DagBag from /home/airflow/.local/lib/python3.10/site-packages/airflow/example_dags/example_xcom.py
[2024-04-16T21:33:49.476+0000] {processor.py:840} INFO - DAG(s) 'example_xcom' retrieved from /home/airflow/.local/lib/python3.10/site-packages/airflow/example_dags/example_xcom.py
[2024-04-16T21:33:49.489+0000] {logging_mixin.py:188} INFO - [2024-04-16T21:33:49.488+0000] {dag.py:3047} INFO - Sync 1 DAGs
[2024-04-16T21:33:49.509+0000] {logging_mixin.py:188} INFO - [2024-04-16T21:33:49.509+0000] {dag.py:3834} INFO - Setting next_dagrun for example_xcom to 2021-01-01 00:00:00+00:00, run_after=2021-01-01 00:00:00+00:00
[2024-04-16T21:33:49.528+0000] {processor.py:183} INFO - Processing /home/airflow/.local/lib/python3.10/site-packages/airflow/example_dags/example_xcom.py took 0.066 seconds
[2024-04-16T21:34:19.647+0000] {processor.py:161} INFO - Started process (PID=93) to work on /home/airflow/.local/lib/python3.10/site-packages/airflow/example_dags/example_xcom.py
[2024-04-16T21:34:19.648+0000] {processor.py:830} INFO - Processing file /home/airflow/.local/lib/python3.10/site-packages/airflow/example_dags/example_xcom.py for tasks to queue
[2024-04-16T21:34:19.649+0000] {logging_mixin.py:188} INFO - [2024-04-16T21:34:19.649+0000] {dagbag.py:540} INFO - Filling up the DagBag from /home/airflow/.local/lib/python3.10/site-packages/airflow/example_dags/example_xcom.py
[2024-04-16T21:34:19.656+0000] {processor.py:840} INFO - DAG(s) 'example_xcom' retrieved from /home/airflow/.local/lib/python3.10/site-packages/airflow/example_dags/example_xcom.py
[2024-04-16T21:34:19.736+0000] {logging_mixin.py:188} INFO - [2024-04-16T21:34:19.736+0000] {dag.py:3047} INFO - Sync 1 DAGs
[2024-04-16T21:34:19.752+0000] {logging_mixin.py:188} INFO - [2024-04-16T21:34:19.751+0000] {dag.py:3834} INFO - Setting next_dagrun for example_xcom to 2021-01-01 00:00:00+00:00, run_after=2021-01-01 00:00:00+00:00
[2024-04-16T21:34:19.768+0000] {processor.py:183} INFO - Processing /home/airflow/.local/lib/python3.10/site-packages/airflow/example_dags/example_xcom.py took 0.125 seconds
[2024-04-16T21:34:49.933+0000] {processor.py:161} INFO - Started process (PID=150) to work on /home/airflow/.local/lib/python3.10/site-packages/airflow/example_dags/example_xcom.py
[2024-04-16T21:34:49.934+0000] {processor.py:830} INFO - Processing file /home/airflow/.local/lib/python3.10/site-packages/airflow/example_dags/example_xcom.py for tasks to queue
[2024-04-16T21:34:49.936+0000] {logging_mixin.py:188} INFO - [2024-04-16T21:34:49.936+0000] {dagbag.py:540} INFO - Filling up the DagBag from /home/airflow/.local/lib/python3.10/site-packages/airflow/example_dags/example_xcom.py
[2024-04-16T21:34:49.943+0000] {processor.py:840} INFO - DAG(s) 'example_xcom' retrieved from /home/airflow/.local/lib/python3.10/site-packages/airflow/example_dags/example_xcom.py
[2024-04-16T21:34:49.961+0000] {logging_mixin.py:188} INFO - [2024-04-16T21:34:49.961+0000] {dag.py:3047} INFO - Sync 1 DAGs
[2024-04-16T21:34:49.980+0000] {logging_mixin.py:188} INFO - [2024-04-16T21:34:49.979+0000] {dag.py:3834} INFO - Setting next_dagrun for example_xcom to 2021-01-01 00:00:00+00:00, run_after=2021-01-01 00:00:00+00:00
[2024-04-16T21:34:49.998+0000] {processor.py:183} INFO - Processing /home/airflow/.local/lib/python3.10/site-packages/airflow/example_dags/example_xcom.py took 0.068 seconds
[2024-04-16T21:35:20.222+0000] {processor.py:161} INFO - Started process (PID=207) to work on /home/airflow/.local/lib/python3.10/site-packages/airflow/example_dags/example_xcom.py
[2024-04-16T21:35:20.223+0000] {processor.py:830} INFO - Processing file /home/airflow/.local/lib/python3.10/site-packages/airflow/example_dags/example_xcom.py for tasks to queue
[2024-04-16T21:35:20.225+0000] {logging_mixin.py:188} INFO - [2024-04-16T21:35:20.225+0000] {dagbag.py:540} INFO - Filling up the DagBag from /home/airflow/.local/lib/python3.10/site-packages/airflow/example_dags/example_xcom.py
[2024-04-16T21:35:20.233+0000] {processor.py:840} INFO - DAG(s) 'example_xcom' retrieved from /home/airflow/.local/lib/python3.10/site-packages/airflow/example_dags/example_xcom.py
[2024-04-16T21:35:20.252+0000] {logging_mixin.py:188} INFO - [2024-04-16T21:35:20.251+0000] {dag.py:3047} INFO - Sync 1 DAGs
[2024-04-16T21:35:20.272+0000] {logging_mixin.py:188} INFO - [2024-04-16T21:35:20.272+0000] {dag.py:3834} INFO - Setting next_dagrun for example_xcom to 2021-01-01 00:00:00+00:00, run_after=2021-01-01 00:00:00+00:00
[2024-04-16T21:35:20.296+0000] {processor.py:183} INFO - Processing /home/airflow/.local/lib/python3.10/site-packages/airflow/example_dags/example_xcom.py took 0.077 seconds
[2024-04-16T21:35:50.354+0000] {processor.py:161} INFO - Started process (PID=264) to work on /home/airflow/.local/lib/python3.10/site-packages/airflow/example_dags/example_xcom.py
[2024-04-16T21:35:50.355+0000] {processor.py:830} INFO - Processing file /home/airflow/.local/lib/python3.10/site-packages/airflow/example_dags/example_xcom.py for tasks to queue
[2024-04-16T21:35:50.357+0000] {logging_mixin.py:188} INFO - [2024-04-16T21:35:50.357+0000] {dagbag.py:540} INFO - Filling up the DagBag from /home/airflow/.local/lib/python3.10/site-packages/airflow/example_dags/example_xcom.py
[2024-04-16T21:35:50.364+0000] {processor.py:840} INFO - DAG(s) 'example_xcom' retrieved from /home/airflow/.local/lib/python3.10/site-packages/airflow/example_dags/example_xcom.py
[2024-04-16T21:35:50.382+0000] {logging_mixin.py:188} INFO - [2024-04-16T21:35:50.382+0000] {dag.py:3047} INFO - Sync 1 DAGs
[2024-04-16T21:35:50.399+0000] {logging_mixin.py:188} INFO - [2024-04-16T21:35:50.399+0000] {dag.py:3834} INFO - Setting next_dagrun for example_xcom to 2021-01-01 00:00:00+00:00, run_after=2021-01-01 00:00:00+00:00
[2024-04-16T21:35:50.416+0000] {processor.py:183} INFO - Processing /home/airflow/.local/lib/python3.10/site-packages/airflow/example_dags/example_xcom.py took 0.065 seconds
[2024-04-16T21:36:20.950+0000] {processor.py:161} INFO - Started process (PID=321) to work on /home/airflow/.local/lib/python3.10/site-packages/airflow/example_dags/example_xcom.py
[2024-04-16T21:36:20.951+0000] {processor.py:830} INFO - Processing file /home/airflow/.local/lib/python3.10/site-packages/airflow/example_dags/example_xcom.py for tasks to queue
[2024-04-16T21:36:20.953+0000] {logging_mixin.py:188} INFO - [2024-04-16T21:36:20.953+0000] {dagbag.py:540} INFO - Filling up the DagBag from /home/airflow/.local/lib/python3.10/site-packages/airflow/example_dags/example_xcom.py
[2024-04-16T21:36:20.960+0000] {processor.py:840} INFO - DAG(s) 'example_xcom' retrieved from /home/airflow/.local/lib/python3.10/site-packages/airflow/example_dags/example_xcom.py
[2024-04-16T21:36:20.977+0000] {logging_mixin.py:188} INFO - [2024-04-16T21:36:20.977+0000] {dag.py:3047} INFO - Sync 1 DAGs
[2024-04-16T21:36:20.997+0000] {logging_mixin.py:188} INFO - [2024-04-16T21:36:20.997+0000] {dag.py:3834} INFO - Setting next_dagrun for example_xcom to 2021-01-01 00:00:00+00:00, run_after=2021-01-01 00:00:00+00:00
[2024-04-16T21:36:21.015+0000] {processor.py:183} INFO - Processing /home/airflow/.local/lib/python3.10/site-packages/airflow/example_dags/example_xcom.py took 0.067 seconds
[2024-04-16T21:36:51.494+0000] {processor.py:161} INFO - Started process (PID=378) to work on /home/airflow/.local/lib/python3.10/site-packages/airflow/example_dags/example_xcom.py
[2024-04-16T21:36:51.496+0000] {processor.py:830} INFO - Processing file /home/airflow/.local/lib/python3.10/site-packages/airflow/example_dags/example_xcom.py for tasks to queue
[2024-04-16T21:36:51.498+0000] {logging_mixin.py:188} INFO - [2024-04-16T21:36:51.497+0000] {dagbag.py:540} INFO - Filling up the DagBag from /home/airflow/.local/lib/python3.10/site-packages/airflow/example_dags/example_xcom.py
[2024-04-16T21:36:51.506+0000] {processor.py:840} INFO - DAG(s) 'example_xcom' retrieved from /home/airflow/.local/lib/python3.10/site-packages/airflow/example_dags/example_xcom.py
[2024-04-16T21:36:51.522+0000] {logging_mixin.py:188} INFO - [2024-04-16T21:36:51.522+0000] {dag.py:3047} INFO - Sync 1 DAGs
[2024-04-16T21:36:51.540+0000] {logging_mixin.py:188} INFO - [2024-04-16T21:36:51.540+0000] {dag.py:3834} INFO - Setting next_dagrun for example_xcom to 2021-01-01 00:00:00+00:00, run_after=2021-01-01 00:00:00+00:00
[2024-04-16T21:36:51.555+0000] {processor.py:183} INFO - Processing /home/airflow/.local/lib/python3.10/site-packages/airflow/example_dags/example_xcom.py took 0.064 seconds
[2024-04-16T21:37:22.129+0000] {processor.py:161} INFO - Started process (PID=435) to work on /home/airflow/.local/lib/python3.10/site-packages/airflow/example_dags/example_xcom.py
[2024-04-16T21:37:22.130+0000] {processor.py:830} INFO - Processing file /home/airflow/.local/lib/python3.10/site-packages/airflow/example_dags/example_xcom.py for tasks to queue
[2024-04-16T21:37:22.132+0000] {logging_mixin.py:188} INFO - [2024-04-16T21:37:22.132+0000] {dagbag.py:540} INFO - Filling up the DagBag from /home/airflow/.local/lib/python3.10/site-packages/airflow/example_dags/example_xcom.py
[2024-04-16T21:37:22.139+0000] {processor.py:840} INFO - DAG(s) 'example_xcom' retrieved from /home/airflow/.local/lib/python3.10/site-packages/airflow/example_dags/example_xcom.py
[2024-04-16T21:37:22.157+0000] {logging_mixin.py:188} INFO - [2024-04-16T21:37:22.157+0000] {dag.py:3047} INFO - Sync 1 DAGs
[2024-04-16T21:37:22.175+0000] {logging_mixin.py:188} INFO - [2024-04-16T21:37:22.175+0000] {dag.py:3834} INFO - Setting next_dagrun for example_xcom to 2021-01-01 00:00:00+00:00, run_after=2021-01-01 00:00:00+00:00
[2024-04-16T21:37:22.192+0000] {processor.py:183} INFO - Processing /home/airflow/.local/lib/python3.10/site-packages/airflow/example_dags/example_xcom.py took 0.066 seconds
[2024-04-16T21:37:52.687+0000] {processor.py:161} INFO - Started process (PID=492) to work on /home/airflow/.local/lib/python3.10/site-packages/airflow/example_dags/example_xcom.py
[2024-04-16T21:37:52.688+0000] {processor.py:830} INFO - Processing file /home/airflow/.local/lib/python3.10/site-packages/airflow/example_dags/example_xcom.py for tasks to queue
[2024-04-16T21:37:52.690+0000] {logging_mixin.py:188} INFO - [2024-04-16T21:37:52.690+0000] {dagbag.py:540} INFO - Filling up the DagBag from /home/airflow/.local/lib/python3.10/site-packages/airflow/example_dags/example_xcom.py
[2024-04-16T21:37:52.698+0000] {processor.py:840} INFO - DAG(s) 'example_xcom' retrieved from /home/airflow/.local/lib/python3.10/site-packages/airflow/example_dags/example_xcom.py
[2024-04-16T21:37:52.716+0000] {logging_mixin.py:188} INFO - [2024-04-16T21:37:52.716+0000] {dag.py:3047} INFO - Sync 1 DAGs
[2024-04-16T21:37:52.737+0000] {logging_mixin.py:188} INFO - [2024-04-16T21:37:52.737+0000] {dag.py:3834} INFO - Setting next_dagrun for example_xcom to 2021-01-01 00:00:00+00:00, run_after=2021-01-01 00:00:00+00:00
[2024-04-16T21:37:52.754+0000] {processor.py:183} INFO - Processing /home/airflow/.local/lib/python3.10/site-packages/airflow/example_dags/example_xcom.py took 0.071 seconds
[2024-04-16T21:38:23.385+0000] {processor.py:161} INFO - Started process (PID=549) to work on /home/airflow/.local/lib/python3.10/site-packages/airflow/example_dags/example_xcom.py
[2024-04-16T21:38:23.386+0000] {processor.py:830} INFO - Processing file /home/airflow/.local/lib/python3.10/site-packages/airflow/example_dags/example_xcom.py for tasks to queue
[2024-04-16T21:38:23.388+0000] {logging_mixin.py:188} INFO - [2024-04-16T21:38:23.387+0000] {dagbag.py:540} INFO - Filling up the DagBag from /home/airflow/.local/lib/python3.10/site-packages/airflow/example_dags/example_xcom.py
[2024-04-16T21:38:23.395+0000] {processor.py:840} INFO - DAG(s) 'example_xcom' retrieved from /home/airflow/.local/lib/python3.10/site-packages/airflow/example_dags/example_xcom.py
[2024-04-16T21:38:23.413+0000] {logging_mixin.py:188} INFO - [2024-04-16T21:38:23.413+0000] {dag.py:3047} INFO - Sync 1 DAGs
[2024-04-16T21:38:23.434+0000] {logging_mixin.py:188} INFO - [2024-04-16T21:38:23.433+0000] {dag.py:3834} INFO - Setting next_dagrun for example_xcom to 2021-01-01 00:00:00+00:00, run_after=2021-01-01 00:00:00+00:00
[2024-04-16T21:38:23.453+0000] {processor.py:183} INFO - Processing /home/airflow/.local/lib/python3.10/site-packages/airflow/example_dags/example_xcom.py took 0.071 seconds
[2024-04-16T21:38:53.964+0000] {processor.py:161} INFO - Started process (PID=606) to work on /home/airflow/.local/lib/python3.10/site-packages/airflow/example_dags/example_xcom.py
[2024-04-16T21:38:53.965+0000] {processor.py:830} INFO - Processing file /home/airflow/.local/lib/python3.10/site-packages/airflow/example_dags/example_xcom.py for tasks to queue
[2024-04-16T21:38:53.967+0000] {logging_mixin.py:188} INFO - [2024-04-16T21:38:53.967+0000] {dagbag.py:540} INFO - Filling up the DagBag from /home/airflow/.local/lib/python3.10/site-packages/airflow/example_dags/example_xcom.py
[2024-04-16T21:38:53.976+0000] {processor.py:840} INFO - DAG(s) 'example_xcom' retrieved from /home/airflow/.local/lib/python3.10/site-packages/airflow/example_dags/example_xcom.py
[2024-04-16T21:38:53.998+0000] {logging_mixin.py:188} INFO - [2024-04-16T21:38:53.998+0000] {dag.py:3047} INFO - Sync 1 DAGs
[2024-04-16T21:38:54.019+0000] {logging_mixin.py:188} INFO - [2024-04-16T21:38:54.019+0000] {dag.py:3834} INFO - Setting next_dagrun for example_xcom to 2021-01-01 00:00:00+00:00, run_after=2021-01-01 00:00:00+00:00
[2024-04-16T21:38:54.039+0000] {processor.py:183} INFO - Processing /home/airflow/.local/lib/python3.10/site-packages/airflow/example_dags/example_xcom.py took 0.078 seconds
[2024-04-16T21:39:24.618+0000] {processor.py:161} INFO - Started process (PID=663) to work on /home/airflow/.local/lib/python3.10/site-packages/airflow/example_dags/example_xcom.py
[2024-04-16T21:39:24.620+0000] {processor.py:830} INFO - Processing file /home/airflow/.local/lib/python3.10/site-packages/airflow/example_dags/example_xcom.py for tasks to queue
[2024-04-16T21:39:24.622+0000] {logging_mixin.py:188} INFO - [2024-04-16T21:39:24.621+0000] {dagbag.py:540} INFO - Filling up the DagBag from /home/airflow/.local/lib/python3.10/site-packages/airflow/example_dags/example_xcom.py
[2024-04-16T21:39:24.630+0000] {processor.py:840} INFO - DAG(s) 'example_xcom' retrieved from /home/airflow/.local/lib/python3.10/site-packages/airflow/example_dags/example_xcom.py
[2024-04-16T21:39:24.650+0000] {logging_mixin.py:188} INFO - [2024-04-16T21:39:24.650+0000] {dag.py:3047} INFO - Sync 1 DAGs
[2024-04-16T21:39:24.674+0000] {logging_mixin.py:188} INFO - [2024-04-16T21:39:24.674+0000] {dag.py:3834} INFO - Setting next_dagrun for example_xcom to 2021-01-01 00:00:00+00:00, run_after=2021-01-01 00:00:00+00:00
[2024-04-16T21:39:24.691+0000] {processor.py:183} INFO - Processing /home/airflow/.local/lib/python3.10/site-packages/airflow/example_dags/example_xcom.py took 0.077 seconds
[2024-04-16T21:39:55.363+0000] {processor.py:161} INFO - Started process (PID=720) to work on /home/airflow/.local/lib/python3.10/site-packages/airflow/example_dags/example_xcom.py
[2024-04-16T21:39:55.364+0000] {processor.py:830} INFO - Processing file /home/airflow/.local/lib/python3.10/site-packages/airflow/example_dags/example_xcom.py for tasks to queue
[2024-04-16T21:39:55.366+0000] {logging_mixin.py:188} INFO - [2024-04-16T21:39:55.366+0000] {dagbag.py:540} INFO - Filling up the DagBag from /home/airflow/.local/lib/python3.10/site-packages/airflow/example_dags/example_xcom.py
[2024-04-16T21:39:55.374+0000] {processor.py:840} INFO - DAG(s) 'example_xcom' retrieved from /home/airflow/.local/lib/python3.10/site-packages/airflow/example_dags/example_xcom.py
[2024-04-16T21:39:55.390+0000] {logging_mixin.py:188} INFO - [2024-04-16T21:39:55.390+0000] {dag.py:3047} INFO - Sync 1 DAGs
[2024-04-16T21:39:55.409+0000] {logging_mixin.py:188} INFO - [2024-04-16T21:39:55.409+0000] {dag.py:3834} INFO - Setting next_dagrun for example_xcom to 2021-01-01 00:00:00+00:00, run_after=2021-01-01 00:00:00+00:00
[2024-04-16T21:39:55.426+0000] {processor.py:183} INFO - Processing /home/airflow/.local/lib/python3.10/site-packages/airflow/example_dags/example_xcom.py took 0.066 seconds
[2024-04-16T21:40:26.010+0000] {processor.py:161} INFO - Started process (PID=777) to work on /home/airflow/.local/lib/python3.10/site-packages/airflow/example_dags/example_xcom.py
[2024-04-16T21:40:26.011+0000] {processor.py:830} INFO - Processing file /home/airflow/.local/lib/python3.10/site-packages/airflow/example_dags/example_xcom.py for tasks to queue
[2024-04-16T21:40:26.013+0000] {logging_mixin.py:188} INFO - [2024-04-16T21:40:26.013+0000] {dagbag.py:540} INFO - Filling up the DagBag from /home/airflow/.local/lib/python3.10/site-packages/airflow/example_dags/example_xcom.py
[2024-04-16T21:40:26.020+0000] {processor.py:840} INFO - DAG(s) 'example_xcom' retrieved from /home/airflow/.local/lib/python3.10/site-packages/airflow/example_dags/example_xcom.py
[2024-04-16T21:40:26.037+0000] {logging_mixin.py:188} INFO - [2024-04-16T21:40:26.037+0000] {dag.py:3047} INFO - Sync 1 DAGs
[2024-04-16T21:40:26.055+0000] {logging_mixin.py:188} INFO - [2024-04-16T21:40:26.055+0000] {dag.py:3834} INFO - Setting next_dagrun for example_xcom to 2021-01-01 00:00:00+00:00, run_after=2021-01-01 00:00:00+00:00
[2024-04-16T21:40:26.071+0000] {processor.py:183} INFO - Processing /home/airflow/.local/lib/python3.10/site-packages/airflow/example_dags/example_xcom.py took 0.064 seconds
[2024-04-16T21:40:56.591+0000] {processor.py:161} INFO - Started process (PID=834) to work on /home/airflow/.local/lib/python3.10/site-packages/airflow/example_dags/example_xcom.py
[2024-04-16T21:40:56.592+0000] {processor.py:830} INFO - Processing file /home/airflow/.local/lib/python3.10/site-packages/airflow/example_dags/example_xcom.py for tasks to queue
[2024-04-16T21:40:56.594+0000] {logging_mixin.py:188} INFO - [2024-04-16T21:40:56.593+0000] {dagbag.py:540} INFO - Filling up the DagBag from /home/airflow/.local/lib/python3.10/site-packages/airflow/example_dags/example_xcom.py
[2024-04-16T21:40:56.601+0000] {processor.py:840} INFO - DAG(s) 'example_xcom' retrieved from /home/airflow/.local/lib/python3.10/site-packages/airflow/example_dags/example_xcom.py
[2024-04-16T21:40:56.620+0000] {logging_mixin.py:188} INFO - [2024-04-16T21:40:56.619+0000] {dag.py:3047} INFO - Sync 1 DAGs
[2024-04-16T21:40:56.638+0000] {logging_mixin.py:188} INFO - [2024-04-16T21:40:56.638+0000] {dag.py:3834} INFO - Setting next_dagrun for example_xcom to 2021-01-01 00:00:00+00:00, run_after=2021-01-01 00:00:00+00:00
[2024-04-16T21:40:56.654+0000] {processor.py:183} INFO - Processing /home/airflow/.local/lib/python3.10/site-packages/airflow/example_dags/example_xcom.py took 0.067 seconds
[2024-04-16T21:41:27.060+0000] {processor.py:161} INFO - Started process (PID=891) to work on /home/airflow/.local/lib/python3.10/site-packages/airflow/example_dags/example_xcom.py
[2024-04-16T21:41:27.061+0000] {processor.py:830} INFO - Processing file /home/airflow/.local/lib/python3.10/site-packages/airflow/example_dags/example_xcom.py for tasks to queue
[2024-04-16T21:41:27.063+0000] {logging_mixin.py:188} INFO - [2024-04-16T21:41:27.063+0000] {dagbag.py:540} INFO - Filling up the DagBag from /home/airflow/.local/lib/python3.10/site-packages/airflow/example_dags/example_xcom.py
[2024-04-16T21:41:27.070+0000] {processor.py:840} INFO - DAG(s) 'example_xcom' retrieved from /home/airflow/.local/lib/python3.10/site-packages/airflow/example_dags/example_xcom.py
[2024-04-16T21:41:27.088+0000] {logging_mixin.py:188} INFO - [2024-04-16T21:41:27.088+0000] {dag.py:3047} INFO - Sync 1 DAGs
[2024-04-16T21:41:27.107+0000] {logging_mixin.py:188} INFO - [2024-04-16T21:41:27.107+0000] {dag.py:3834} INFO - Setting next_dagrun for example_xcom to 2021-01-01 00:00:00+00:00, run_after=2021-01-01 00:00:00+00:00
[2024-04-16T21:41:27.124+0000] {processor.py:183} INFO - Processing /home/airflow/.local/lib/python3.10/site-packages/airflow/example_dags/example_xcom.py took 0.068 seconds
[2024-04-16T21:41:57.567+0000] {processor.py:161} INFO - Started process (PID=948) to work on /home/airflow/.local/lib/python3.10/site-packages/airflow/example_dags/example_xcom.py
[2024-04-16T21:41:57.568+0000] {processor.py:830} INFO - Processing file /home/airflow/.local/lib/python3.10/site-packages/airflow/example_dags/example_xcom.py for tasks to queue
[2024-04-16T21:41:57.570+0000] {logging_mixin.py:188} INFO - [2024-04-16T21:41:57.570+0000] {dagbag.py:540} INFO - Filling up the DagBag from /home/airflow/.local/lib/python3.10/site-packages/airflow/example_dags/example_xcom.py
[2024-04-16T21:41:57.577+0000] {processor.py:840} INFO - DAG(s) 'example_xcom' retrieved from /home/airflow/.local/lib/python3.10/site-packages/airflow/example_dags/example_xcom.py
[2024-04-16T21:41:57.595+0000] {logging_mixin.py:188} INFO - [2024-04-16T21:41:57.595+0000] {dag.py:3047} INFO - Sync 1 DAGs
[2024-04-16T21:41:57.614+0000] {logging_mixin.py:188} INFO - [2024-04-16T21:41:57.614+0000] {dag.py:3834} INFO - Setting next_dagrun for example_xcom to 2021-01-01 00:00:00+00:00, run_after=2021-01-01 00:00:00+00:00
[2024-04-16T21:41:57.630+0000] {processor.py:183} INFO - Processing /home/airflow/.local/lib/python3.10/site-packages/airflow/example_dags/example_xcom.py took 0.067 seconds
[2024-04-16T21:42:28.003+0000] {processor.py:161} INFO - Started process (PID=1005) to work on /home/airflow/.local/lib/python3.10/site-packages/airflow/example_dags/example_xcom.py
[2024-04-16T21:42:28.004+0000] {processor.py:830} INFO - Processing file /home/airflow/.local/lib/python3.10/site-packages/airflow/example_dags/example_xcom.py for tasks to queue
[2024-04-16T21:42:28.006+0000] {logging_mixin.py:188} INFO - [2024-04-16T21:42:28.006+0000] {dagbag.py:540} INFO - Filling up the DagBag from /home/airflow/.local/lib/python3.10/site-packages/airflow/example_dags/example_xcom.py
[2024-04-16T21:42:28.013+0000] {processor.py:840} INFO - DAG(s) 'example_xcom' retrieved from /home/airflow/.local/lib/python3.10/site-packages/airflow/example_dags/example_xcom.py
[2024-04-16T21:42:28.030+0000] {logging_mixin.py:188} INFO - [2024-04-16T21:42:28.030+0000] {dag.py:3047} INFO - Sync 1 DAGs
[2024-04-16T21:42:28.047+0000] {logging_mixin.py:188} INFO - [2024-04-16T21:42:28.047+0000] {dag.py:3834} INFO - Setting next_dagrun for example_xcom to 2021-01-01 00:00:00+00:00, run_after=2021-01-01 00:00:00+00:00
[2024-04-16T21:42:28.062+0000] {processor.py:183} INFO - Processing /home/airflow/.local/lib/python3.10/site-packages/airflow/example_dags/example_xcom.py took 0.062 seconds
[2024-04-16T21:42:58.537+0000] {processor.py:161} INFO - Started process (PID=1062) to work on /home/airflow/.local/lib/python3.10/site-packages/airflow/example_dags/example_xcom.py
[2024-04-16T21:42:58.538+0000] {processor.py:830} INFO - Processing file /home/airflow/.local/lib/python3.10/site-packages/airflow/example_dags/example_xcom.py for tasks to queue
[2024-04-16T21:42:58.540+0000] {logging_mixin.py:188} INFO - [2024-04-16T21:42:58.539+0000] {dagbag.py:540} INFO - Filling up the DagBag from /home/airflow/.local/lib/python3.10/site-packages/airflow/example_dags/example_xcom.py
[2024-04-16T21:42:58.547+0000] {processor.py:840} INFO - DAG(s) 'example_xcom' retrieved from /home/airflow/.local/lib/python3.10/site-packages/airflow/example_dags/example_xcom.py
[2024-04-16T21:42:58.564+0000] {logging_mixin.py:188} INFO - [2024-04-16T21:42:58.563+0000] {dag.py:3047} INFO - Sync 1 DAGs
[2024-04-16T21:42:58.581+0000] {logging_mixin.py:188} INFO - [2024-04-16T21:42:58.581+0000] {dag.py:3834} INFO - Setting next_dagrun for example_xcom to 2021-01-01 00:00:00+00:00, run_after=2021-01-01 00:00:00+00:00
[2024-04-16T21:42:58.598+0000] {processor.py:183} INFO - Processing /home/airflow/.local/lib/python3.10/site-packages/airflow/example_dags/example_xcom.py took 0.064 seconds
[2024-04-16T21:43:29.116+0000] {processor.py:161} INFO - Started process (PID=1119) to work on /home/airflow/.local/lib/python3.10/site-packages/airflow/example_dags/example_xcom.py
[2024-04-16T21:43:29.117+0000] {processor.py:830} INFO - Processing file /home/airflow/.local/lib/python3.10/site-packages/airflow/example_dags/example_xcom.py for tasks to queue
[2024-04-16T21:43:29.119+0000] {logging_mixin.py:188} INFO - [2024-04-16T21:43:29.118+0000] {dagbag.py:540} INFO - Filling up the DagBag from /home/airflow/.local/lib/python3.10/site-packages/airflow/example_dags/example_xcom.py
[2024-04-16T21:43:29.126+0000] {processor.py:840} INFO - DAG(s) 'example_xcom' retrieved from /home/airflow/.local/lib/python3.10/site-packages/airflow/example_dags/example_xcom.py
[2024-04-16T21:43:29.143+0000] {logging_mixin.py:188} INFO - [2024-04-16T21:43:29.143+0000] {dag.py:3047} INFO - Sync 1 DAGs
[2024-04-16T21:43:29.160+0000] {logging_mixin.py:188} INFO - [2024-04-16T21:43:29.160+0000] {dag.py:3834} INFO - Setting next_dagrun for example_xcom to 2021-01-01 00:00:00+00:00, run_after=2021-01-01 00:00:00+00:00
[2024-04-16T21:43:29.176+0000] {processor.py:183} INFO - Processing /home/airflow/.local/lib/python3.10/site-packages/airflow/example_dags/example_xcom.py took 0.064 seconds
[2024-04-16T21:43:59.698+0000] {processor.py:161} INFO - Started process (PID=1176) to work on /home/airflow/.local/lib/python3.10/site-packages/airflow/example_dags/example_xcom.py
[2024-04-16T21:43:59.699+0000] {processor.py:830} INFO - Processing file /home/airflow/.local/lib/python3.10/site-packages/airflow/example_dags/example_xcom.py for tasks to queue
[2024-04-16T21:43:59.701+0000] {logging_mixin.py:188} INFO - [2024-04-16T21:43:59.700+0000] {dagbag.py:540} INFO - Filling up the DagBag from /home/airflow/.local/lib/python3.10/site-packages/airflow/example_dags/example_xcom.py
[2024-04-16T21:43:59.708+0000] {processor.py:840} INFO - DAG(s) 'example_xcom' retrieved from /home/airflow/.local/lib/python3.10/site-packages/airflow/example_dags/example_xcom.py
[2024-04-16T21:43:59.726+0000] {logging_mixin.py:188} INFO - [2024-04-16T21:43:59.725+0000] {dag.py:3047} INFO - Sync 1 DAGs
[2024-04-16T21:43:59.746+0000] {logging_mixin.py:188} INFO - [2024-04-16T21:43:59.745+0000] {dag.py:3834} INFO - Setting next_dagrun for example_xcom to 2021-01-01 00:00:00+00:00, run_after=2021-01-01 00:00:00+00:00
[2024-04-16T21:43:59.762+0000] {processor.py:183} INFO - Processing /home/airflow/.local/lib/python3.10/site-packages/airflow/example_dags/example_xcom.py took 0.068 seconds
[2024-04-16T21:44:30.204+0000] {processor.py:161} INFO - Started process (PID=1233) to work on /home/airflow/.local/lib/python3.10/site-packages/airflow/example_dags/example_xcom.py
[2024-04-16T21:44:30.205+0000] {processor.py:830} INFO - Processing file /home/airflow/.local/lib/python3.10/site-packages/airflow/example_dags/example_xcom.py for tasks to queue
[2024-04-16T21:44:30.207+0000] {logging_mixin.py:188} INFO - [2024-04-16T21:44:30.207+0000] {dagbag.py:540} INFO - Filling up the DagBag from /home/airflow/.local/lib/python3.10/site-packages/airflow/example_dags/example_xcom.py
[2024-04-16T21:44:30.214+0000] {processor.py:840} INFO - DAG(s) 'example_xcom' retrieved from /home/airflow/.local/lib/python3.10/site-packages/airflow/example_dags/example_xcom.py
[2024-04-16T21:44:30.231+0000] {logging_mixin.py:188} INFO - [2024-04-16T21:44:30.231+0000] {dag.py:3047} INFO - Sync 1 DAGs
[2024-04-16T21:44:30.249+0000] {logging_mixin.py:188} INFO - [2024-04-16T21:44:30.248+0000] {dag.py:3834} INFO - Setting next_dagrun for example_xcom to 2021-01-01 00:00:00+00:00, run_after=2021-01-01 00:00:00+00:00
[2024-04-16T21:44:30.266+0000] {processor.py:183} INFO - Processing /home/airflow/.local/lib/python3.10/site-packages/airflow/example_dags/example_xcom.py took 0.065 seconds
[2024-04-16T21:45:00.798+0000] {processor.py:161} INFO - Started process (PID=1290) to work on /home/airflow/.local/lib/python3.10/site-packages/airflow/example_dags/example_xcom.py
[2024-04-16T21:45:00.799+0000] {processor.py:830} INFO - Processing file /home/airflow/.local/lib/python3.10/site-packages/airflow/example_dags/example_xcom.py for tasks to queue
[2024-04-16T21:45:00.801+0000] {logging_mixin.py:188} INFO - [2024-04-16T21:45:00.800+0000] {dagbag.py:540} INFO - Filling up the DagBag from /home/airflow/.local/lib/python3.10/site-packages/airflow/example_dags/example_xcom.py
[2024-04-16T21:45:00.808+0000] {processor.py:840} INFO - DAG(s) 'example_xcom' retrieved from /home/airflow/.local/lib/python3.10/site-packages/airflow/example_dags/example_xcom.py
[2024-04-16T21:45:00.825+0000] {logging_mixin.py:188} INFO - [2024-04-16T21:45:00.825+0000] {dag.py:3047} INFO - Sync 1 DAGs
[2024-04-16T21:45:00.844+0000] {logging_mixin.py:188} INFO - [2024-04-16T21:45:00.844+0000] {dag.py:3834} INFO - Setting next_dagrun for example_xcom to 2021-01-01 00:00:00+00:00, run_after=2021-01-01 00:00:00+00:00
[2024-04-16T21:45:00.861+0000] {processor.py:183} INFO - Processing /home/airflow/.local/lib/python3.10/site-packages/airflow/example_dags/example_xcom.py took 0.066 seconds
[2024-04-16T21:45:31.411+0000] {processor.py:161} INFO - Started process (PID=1347) to work on /home/airflow/.local/lib/python3.10/site-packages/airflow/example_dags/example_xcom.py
[2024-04-16T21:45:31.412+0000] {processor.py:830} INFO - Processing file /home/airflow/.local/lib/python3.10/site-packages/airflow/example_dags/example_xcom.py for tasks to queue
[2024-04-16T21:45:31.414+0000] {logging_mixin.py:188} INFO - [2024-04-16T21:45:31.413+0000] {dagbag.py:540} INFO - Filling up the DagBag from /home/airflow/.local/lib/python3.10/site-packages/airflow/example_dags/example_xcom.py
[2024-04-16T21:45:31.421+0000] {processor.py:840} INFO - DAG(s) 'example_xcom' retrieved from /home/airflow/.local/lib/python3.10/site-packages/airflow/example_dags/example_xcom.py
[2024-04-16T21:45:31.438+0000] {logging_mixin.py:188} INFO - [2024-04-16T21:45:31.438+0000] {dag.py:3047} INFO - Sync 1 DAGs
[2024-04-16T21:45:31.456+0000] {logging_mixin.py:188} INFO - [2024-04-16T21:45:31.456+0000] {dag.py:3834} INFO - Setting next_dagrun for example_xcom to 2021-01-01 00:00:00+00:00, run_after=2021-01-01 00:00:00+00:00
[2024-04-16T21:45:31.474+0000] {processor.py:183} INFO - Processing /home/airflow/.local/lib/python3.10/site-packages/airflow/example_dags/example_xcom.py took 0.066 seconds
