[2024-04-16T21:29:12.745+0000] {processor.py:161} INFO - Started process (PID=76) to work on /home/airflow/.local/lib/python3.10/site-packages/airflow/example_dags/example_sla_dag.py
[2024-04-16T21:29:12.746+0000] {processor.py:830} INFO - Processing file /home/airflow/.local/lib/python3.10/site-packages/airflow/example_dags/example_sla_dag.py for tasks to queue
[2024-04-16T21:29:12.747+0000] {logging_mixin.py:188} INFO - [2024-04-16T21:29:12.747+0000] {dagbag.py:540} INFO - Filling up the DagBag from /home/airflow/.local/lib/python3.10/site-packages/airflow/example_dags/example_sla_dag.py
[2024-04-16T21:29:12.757+0000] {processor.py:840} INFO - DAG(s) 'example_sla_dag' retrieved from /home/airflow/.local/lib/python3.10/site-packages/airflow/example_dags/example_sla_dag.py
[2024-04-16T21:29:12.768+0000] {logging_mixin.py:188} INFO - [2024-04-16T21:29:12.768+0000] {dag.py:3047} INFO - Sync 1 DAGs
[2024-04-16T21:29:12.796+0000] {logging_mixin.py:188} INFO - [2024-04-16T21:29:12.796+0000] {dag.py:3834} INFO - Setting next_dagrun for example_sla_dag to 2024-04-16 21:26:00+00:00, run_after=2024-04-16 21:28:00+00:00
[2024-04-16T21:29:12.812+0000] {processor.py:183} INFO - Processing /home/airflow/.local/lib/python3.10/site-packages/airflow/example_dags/example_sla_dag.py took 0.071 seconds
[2024-04-16T21:29:44.924+0000] {processor.py:161} INFO - Started process (PID=131) to work on /home/airflow/.local/lib/python3.10/site-packages/airflow/example_dags/example_sla_dag.py
[2024-04-16T21:29:44.925+0000] {processor.py:830} INFO - Processing file /home/airflow/.local/lib/python3.10/site-packages/airflow/example_dags/example_sla_dag.py for tasks to queue
[2024-04-16T21:29:44.927+0000] {logging_mixin.py:188} INFO - [2024-04-16T21:29:44.927+0000] {dagbag.py:540} INFO - Filling up the DagBag from /home/airflow/.local/lib/python3.10/site-packages/airflow/example_dags/example_sla_dag.py
[2024-04-16T21:29:44.935+0000] {processor.py:840} INFO - DAG(s) 'example_sla_dag' retrieved from /home/airflow/.local/lib/python3.10/site-packages/airflow/example_dags/example_sla_dag.py
[2024-04-16T21:29:45.013+0000] {logging_mixin.py:188} INFO - [2024-04-16T21:29:45.013+0000] {dag.py:3047} INFO - Sync 1 DAGs
[2024-04-16T21:29:45.032+0000] {logging_mixin.py:188} INFO - [2024-04-16T21:29:45.032+0000] {dag.py:3834} INFO - Setting next_dagrun for example_sla_dag to 2024-04-16 21:26:00+00:00, run_after=2024-04-16 21:28:00+00:00
[2024-04-16T21:29:45.048+0000] {processor.py:183} INFO - Processing /home/airflow/.local/lib/python3.10/site-packages/airflow/example_dags/example_sla_dag.py took 0.126 seconds
[2024-04-16T21:30:15.616+0000] {processor.py:161} INFO - Started process (PID=186) to work on /home/airflow/.local/lib/python3.10/site-packages/airflow/example_dags/example_sla_dag.py
[2024-04-16T21:30:15.617+0000] {processor.py:830} INFO - Processing file /home/airflow/.local/lib/python3.10/site-packages/airflow/example_dags/example_sla_dag.py for tasks to queue
[2024-04-16T21:30:15.619+0000] {logging_mixin.py:188} INFO - [2024-04-16T21:30:15.619+0000] {dagbag.py:540} INFO - Filling up the DagBag from /home/airflow/.local/lib/python3.10/site-packages/airflow/example_dags/example_sla_dag.py
[2024-04-16T21:30:15.627+0000] {processor.py:840} INFO - DAG(s) 'example_sla_dag' retrieved from /home/airflow/.local/lib/python3.10/site-packages/airflow/example_dags/example_sla_dag.py
[2024-04-16T21:30:15.644+0000] {logging_mixin.py:188} INFO - [2024-04-16T21:30:15.643+0000] {dag.py:3047} INFO - Sync 1 DAGs
[2024-04-16T21:30:15.665+0000] {logging_mixin.py:188} INFO - [2024-04-16T21:30:15.665+0000] {dag.py:3834} INFO - Setting next_dagrun for example_sla_dag to 2024-04-16 21:28:00+00:00, run_after=2024-04-16 21:30:00+00:00
[2024-04-16T21:30:15.682+0000] {processor.py:183} INFO - Processing /home/airflow/.local/lib/python3.10/site-packages/airflow/example_dags/example_sla_dag.py took 0.069 seconds
[2024-04-16T21:30:46.142+0000] {processor.py:161} INFO - Started process (PID=241) to work on /home/airflow/.local/lib/python3.10/site-packages/airflow/example_dags/example_sla_dag.py
[2024-04-16T21:30:46.144+0000] {processor.py:830} INFO - Processing file /home/airflow/.local/lib/python3.10/site-packages/airflow/example_dags/example_sla_dag.py for tasks to queue
[2024-04-16T21:30:46.146+0000] {logging_mixin.py:188} INFO - [2024-04-16T21:30:46.146+0000] {dagbag.py:540} INFO - Filling up the DagBag from /home/airflow/.local/lib/python3.10/site-packages/airflow/example_dags/example_sla_dag.py
[2024-04-16T21:30:46.158+0000] {processor.py:840} INFO - DAG(s) 'example_sla_dag' retrieved from /home/airflow/.local/lib/python3.10/site-packages/airflow/example_dags/example_sla_dag.py
[2024-04-16T21:30:46.181+0000] {logging_mixin.py:188} INFO - [2024-04-16T21:30:46.181+0000] {dag.py:3047} INFO - Sync 1 DAGs
[2024-04-16T21:30:46.212+0000] {logging_mixin.py:188} INFO - [2024-04-16T21:30:46.212+0000] {dag.py:3834} INFO - Setting next_dagrun for example_sla_dag to 2024-04-16 21:28:00+00:00, run_after=2024-04-16 21:30:00+00:00
[2024-04-16T21:30:46.234+0000] {processor.py:183} INFO - Processing /home/airflow/.local/lib/python3.10/site-packages/airflow/example_dags/example_sla_dag.py took 0.096 seconds
[2024-04-16T21:31:17.062+0000] {processor.py:161} INFO - Started process (PID=296) to work on /home/airflow/.local/lib/python3.10/site-packages/airflow/example_dags/example_sla_dag.py
[2024-04-16T21:31:17.063+0000] {processor.py:830} INFO - Processing file /home/airflow/.local/lib/python3.10/site-packages/airflow/example_dags/example_sla_dag.py for tasks to queue
[2024-04-16T21:31:17.065+0000] {logging_mixin.py:188} INFO - [2024-04-16T21:31:17.065+0000] {dagbag.py:540} INFO - Filling up the DagBag from /home/airflow/.local/lib/python3.10/site-packages/airflow/example_dags/example_sla_dag.py
[2024-04-16T21:31:17.076+0000] {processor.py:840} INFO - DAG(s) 'example_sla_dag' retrieved from /home/airflow/.local/lib/python3.10/site-packages/airflow/example_dags/example_sla_dag.py
[2024-04-16T21:31:17.093+0000] {logging_mixin.py:188} INFO - [2024-04-16T21:31:17.093+0000] {dag.py:3047} INFO - Sync 1 DAGs
[2024-04-16T21:31:17.119+0000] {logging_mixin.py:188} INFO - [2024-04-16T21:31:17.119+0000] {dag.py:3834} INFO - Setting next_dagrun for example_sla_dag to 2024-04-16 21:28:00+00:00, run_after=2024-04-16 21:30:00+00:00
[2024-04-16T21:31:17.137+0000] {processor.py:183} INFO - Processing /home/airflow/.local/lib/python3.10/site-packages/airflow/example_dags/example_sla_dag.py took 0.079 seconds
[2024-04-16T21:32:13.721+0000] {processor.py:161} INFO - Started process (PID=78) to work on /home/airflow/.local/lib/python3.10/site-packages/airflow/example_dags/example_sla_dag.py
[2024-04-16T21:32:13.722+0000] {processor.py:830} INFO - Processing file /home/airflow/.local/lib/python3.10/site-packages/airflow/example_dags/example_sla_dag.py for tasks to queue
[2024-04-16T21:32:13.724+0000] {logging_mixin.py:188} INFO - [2024-04-16T21:32:13.724+0000] {dagbag.py:540} INFO - Filling up the DagBag from /home/airflow/.local/lib/python3.10/site-packages/airflow/example_dags/example_sla_dag.py
[2024-04-16T21:32:13.733+0000] {processor.py:840} INFO - DAG(s) 'example_sla_dag' retrieved from /home/airflow/.local/lib/python3.10/site-packages/airflow/example_dags/example_sla_dag.py
[2024-04-16T21:32:13.743+0000] {logging_mixin.py:188} INFO - [2024-04-16T21:32:13.743+0000] {dag.py:3047} INFO - Sync 1 DAGs
[2024-04-16T21:32:13.773+0000] {logging_mixin.py:188} INFO - [2024-04-16T21:32:13.773+0000] {dag.py:3834} INFO - Setting next_dagrun for example_sla_dag to 2024-04-16 21:30:00+00:00, run_after=2024-04-16 21:32:00+00:00
[2024-04-16T21:32:13.790+0000] {processor.py:183} INFO - Processing /home/airflow/.local/lib/python3.10/site-packages/airflow/example_dags/example_sla_dag.py took 0.071 seconds
[2024-04-16T21:32:45.895+0000] {processor.py:161} INFO - Started process (PID=135) to work on /home/airflow/.local/lib/python3.10/site-packages/airflow/example_dags/example_sla_dag.py
[2024-04-16T21:32:45.896+0000] {processor.py:830} INFO - Processing file /home/airflow/.local/lib/python3.10/site-packages/airflow/example_dags/example_sla_dag.py for tasks to queue
[2024-04-16T21:32:45.897+0000] {logging_mixin.py:188} INFO - [2024-04-16T21:32:45.897+0000] {dagbag.py:540} INFO - Filling up the DagBag from /home/airflow/.local/lib/python3.10/site-packages/airflow/example_dags/example_sla_dag.py
[2024-04-16T21:32:45.905+0000] {processor.py:840} INFO - DAG(s) 'example_sla_dag' retrieved from /home/airflow/.local/lib/python3.10/site-packages/airflow/example_dags/example_sla_dag.py
[2024-04-16T21:32:45.992+0000] {logging_mixin.py:188} INFO - [2024-04-16T21:32:45.992+0000] {dag.py:3047} INFO - Sync 1 DAGs
[2024-04-16T21:32:46.013+0000] {logging_mixin.py:188} INFO - [2024-04-16T21:32:46.013+0000] {dag.py:3834} INFO - Setting next_dagrun for example_sla_dag to 2024-04-16 21:30:00+00:00, run_after=2024-04-16 21:32:00+00:00
[2024-04-16T21:32:46.031+0000] {processor.py:183} INFO - Processing /home/airflow/.local/lib/python3.10/site-packages/airflow/example_dags/example_sla_dag.py took 0.139 seconds
[2024-04-16T21:33:51.987+0000] {processor.py:161} INFO - Started process (PID=78) to work on /home/airflow/.local/lib/python3.10/site-packages/airflow/example_dags/example_sla_dag.py
[2024-04-16T21:33:51.988+0000] {processor.py:830} INFO - Processing file /home/airflow/.local/lib/python3.10/site-packages/airflow/example_dags/example_sla_dag.py for tasks to queue
[2024-04-16T21:33:51.990+0000] {logging_mixin.py:188} INFO - [2024-04-16T21:33:51.990+0000] {dagbag.py:540} INFO - Filling up the DagBag from /home/airflow/.local/lib/python3.10/site-packages/airflow/example_dags/example_sla_dag.py
[2024-04-16T21:33:51.998+0000] {processor.py:840} INFO - DAG(s) 'example_sla_dag' retrieved from /home/airflow/.local/lib/python3.10/site-packages/airflow/example_dags/example_sla_dag.py
[2024-04-16T21:33:52.011+0000] {logging_mixin.py:188} INFO - [2024-04-16T21:33:52.011+0000] {dag.py:3047} INFO - Sync 1 DAGs
[2024-04-16T21:33:52.041+0000] {logging_mixin.py:188} INFO - [2024-04-16T21:33:52.041+0000] {dag.py:3834} INFO - Setting next_dagrun for example_sla_dag to 2024-04-16 21:30:00+00:00, run_after=2024-04-16 21:32:00+00:00
[2024-04-16T21:33:52.060+0000] {processor.py:183} INFO - Processing /home/airflow/.local/lib/python3.10/site-packages/airflow/example_dags/example_sla_dag.py took 0.077 seconds
[2024-04-16T21:34:24.297+0000] {processor.py:161} INFO - Started process (PID=135) to work on /home/airflow/.local/lib/python3.10/site-packages/airflow/example_dags/example_sla_dag.py
[2024-04-16T21:34:24.298+0000] {processor.py:830} INFO - Processing file /home/airflow/.local/lib/python3.10/site-packages/airflow/example_dags/example_sla_dag.py for tasks to queue
[2024-04-16T21:34:24.300+0000] {logging_mixin.py:188} INFO - [2024-04-16T21:34:24.300+0000] {dagbag.py:540} INFO - Filling up the DagBag from /home/airflow/.local/lib/python3.10/site-packages/airflow/example_dags/example_sla_dag.py
[2024-04-16T21:34:24.310+0000] {processor.py:840} INFO - DAG(s) 'example_sla_dag' retrieved from /home/airflow/.local/lib/python3.10/site-packages/airflow/example_dags/example_sla_dag.py
[2024-04-16T21:34:24.426+0000] {logging_mixin.py:188} INFO - [2024-04-16T21:34:24.426+0000] {dag.py:3047} INFO - Sync 1 DAGs
[2024-04-16T21:34:24.448+0000] {logging_mixin.py:188} INFO - [2024-04-16T21:34:24.448+0000] {dag.py:3834} INFO - Setting next_dagrun for example_sla_dag to 2024-04-16 21:32:00+00:00, run_after=2024-04-16 21:34:00+00:00
[2024-04-16T21:34:24.468+0000] {processor.py:183} INFO - Processing /home/airflow/.local/lib/python3.10/site-packages/airflow/example_dags/example_sla_dag.py took 0.175 seconds
[2024-04-16T21:34:54.568+0000] {processor.py:161} INFO - Started process (PID=192) to work on /home/airflow/.local/lib/python3.10/site-packages/airflow/example_dags/example_sla_dag.py
[2024-04-16T21:34:54.569+0000] {processor.py:830} INFO - Processing file /home/airflow/.local/lib/python3.10/site-packages/airflow/example_dags/example_sla_dag.py for tasks to queue
[2024-04-16T21:34:54.571+0000] {logging_mixin.py:188} INFO - [2024-04-16T21:34:54.571+0000] {dagbag.py:540} INFO - Filling up the DagBag from /home/airflow/.local/lib/python3.10/site-packages/airflow/example_dags/example_sla_dag.py
[2024-04-16T21:34:54.579+0000] {processor.py:840} INFO - DAG(s) 'example_sla_dag' retrieved from /home/airflow/.local/lib/python3.10/site-packages/airflow/example_dags/example_sla_dag.py
[2024-04-16T21:34:54.597+0000] {logging_mixin.py:188} INFO - [2024-04-16T21:34:54.597+0000] {dag.py:3047} INFO - Sync 1 DAGs
[2024-04-16T21:34:54.621+0000] {logging_mixin.py:188} INFO - [2024-04-16T21:34:54.621+0000] {dag.py:3834} INFO - Setting next_dagrun for example_sla_dag to 2024-04-16 21:32:00+00:00, run_after=2024-04-16 21:34:00+00:00
[2024-04-16T21:34:54.640+0000] {processor.py:183} INFO - Processing /home/airflow/.local/lib/python3.10/site-packages/airflow/example_dags/example_sla_dag.py took 0.075 seconds
[2024-04-16T21:35:24.704+0000] {processor.py:161} INFO - Started process (PID=249) to work on /home/airflow/.local/lib/python3.10/site-packages/airflow/example_dags/example_sla_dag.py
[2024-04-16T21:35:24.705+0000] {processor.py:830} INFO - Processing file /home/airflow/.local/lib/python3.10/site-packages/airflow/example_dags/example_sla_dag.py for tasks to queue
[2024-04-16T21:35:24.707+0000] {logging_mixin.py:188} INFO - [2024-04-16T21:35:24.707+0000] {dagbag.py:540} INFO - Filling up the DagBag from /home/airflow/.local/lib/python3.10/site-packages/airflow/example_dags/example_sla_dag.py
[2024-04-16T21:35:24.715+0000] {processor.py:840} INFO - DAG(s) 'example_sla_dag' retrieved from /home/airflow/.local/lib/python3.10/site-packages/airflow/example_dags/example_sla_dag.py
[2024-04-16T21:35:24.733+0000] {logging_mixin.py:188} INFO - [2024-04-16T21:35:24.732+0000] {dag.py:3047} INFO - Sync 1 DAGs
[2024-04-16T21:35:24.755+0000] {logging_mixin.py:188} INFO - [2024-04-16T21:35:24.755+0000] {dag.py:3834} INFO - Setting next_dagrun for example_sla_dag to 2024-04-16 21:32:00+00:00, run_after=2024-04-16 21:34:00+00:00
[2024-04-16T21:35:24.774+0000] {processor.py:183} INFO - Processing /home/airflow/.local/lib/python3.10/site-packages/airflow/example_dags/example_sla_dag.py took 0.073 seconds
[2024-04-16T21:35:55.560+0000] {processor.py:161} INFO - Started process (PID=306) to work on /home/airflow/.local/lib/python3.10/site-packages/airflow/example_dags/example_sla_dag.py
[2024-04-16T21:35:55.561+0000] {processor.py:830} INFO - Processing file /home/airflow/.local/lib/python3.10/site-packages/airflow/example_dags/example_sla_dag.py for tasks to queue
[2024-04-16T21:35:55.563+0000] {logging_mixin.py:188} INFO - [2024-04-16T21:35:55.563+0000] {dagbag.py:540} INFO - Filling up the DagBag from /home/airflow/.local/lib/python3.10/site-packages/airflow/example_dags/example_sla_dag.py
[2024-04-16T21:35:55.572+0000] {processor.py:840} INFO - DAG(s) 'example_sla_dag' retrieved from /home/airflow/.local/lib/python3.10/site-packages/airflow/example_dags/example_sla_dag.py
[2024-04-16T21:35:55.591+0000] {logging_mixin.py:188} INFO - [2024-04-16T21:35:55.591+0000] {dag.py:3047} INFO - Sync 1 DAGs
[2024-04-16T21:35:55.616+0000] {logging_mixin.py:188} INFO - [2024-04-16T21:35:55.616+0000] {dag.py:3834} INFO - Setting next_dagrun for example_sla_dag to 2024-04-16 21:32:00+00:00, run_after=2024-04-16 21:34:00+00:00
[2024-04-16T21:35:55.636+0000] {processor.py:183} INFO - Processing /home/airflow/.local/lib/python3.10/site-packages/airflow/example_dags/example_sla_dag.py took 0.079 seconds
[2024-04-16T21:36:26.103+0000] {processor.py:161} INFO - Started process (PID=363) to work on /home/airflow/.local/lib/python3.10/site-packages/airflow/example_dags/example_sla_dag.py
[2024-04-16T21:36:26.104+0000] {processor.py:830} INFO - Processing file /home/airflow/.local/lib/python3.10/site-packages/airflow/example_dags/example_sla_dag.py for tasks to queue
[2024-04-16T21:36:26.106+0000] {logging_mixin.py:188} INFO - [2024-04-16T21:36:26.106+0000] {dagbag.py:540} INFO - Filling up the DagBag from /home/airflow/.local/lib/python3.10/site-packages/airflow/example_dags/example_sla_dag.py
[2024-04-16T21:36:26.114+0000] {processor.py:840} INFO - DAG(s) 'example_sla_dag' retrieved from /home/airflow/.local/lib/python3.10/site-packages/airflow/example_dags/example_sla_dag.py
[2024-04-16T21:36:26.131+0000] {logging_mixin.py:188} INFO - [2024-04-16T21:36:26.131+0000] {dag.py:3047} INFO - Sync 1 DAGs
[2024-04-16T21:36:26.154+0000] {logging_mixin.py:188} INFO - [2024-04-16T21:36:26.154+0000] {dag.py:3834} INFO - Setting next_dagrun for example_sla_dag to 2024-04-16 21:34:00+00:00, run_after=2024-04-16 21:36:00+00:00
[2024-04-16T21:36:26.172+0000] {processor.py:183} INFO - Processing /home/airflow/.local/lib/python3.10/site-packages/airflow/example_dags/example_sla_dag.py took 0.072 seconds
[2024-04-16T21:36:56.745+0000] {processor.py:161} INFO - Started process (PID=420) to work on /home/airflow/.local/lib/python3.10/site-packages/airflow/example_dags/example_sla_dag.py
[2024-04-16T21:36:56.746+0000] {processor.py:830} INFO - Processing file /home/airflow/.local/lib/python3.10/site-packages/airflow/example_dags/example_sla_dag.py for tasks to queue
[2024-04-16T21:36:56.748+0000] {logging_mixin.py:188} INFO - [2024-04-16T21:36:56.748+0000] {dagbag.py:540} INFO - Filling up the DagBag from /home/airflow/.local/lib/python3.10/site-packages/airflow/example_dags/example_sla_dag.py
[2024-04-16T21:36:56.756+0000] {processor.py:840} INFO - DAG(s) 'example_sla_dag' retrieved from /home/airflow/.local/lib/python3.10/site-packages/airflow/example_dags/example_sla_dag.py
[2024-04-16T21:36:56.775+0000] {logging_mixin.py:188} INFO - [2024-04-16T21:36:56.774+0000] {dag.py:3047} INFO - Sync 1 DAGs
[2024-04-16T21:36:56.798+0000] {logging_mixin.py:188} INFO - [2024-04-16T21:36:56.798+0000] {dag.py:3834} INFO - Setting next_dagrun for example_sla_dag to 2024-04-16 21:34:00+00:00, run_after=2024-04-16 21:36:00+00:00
[2024-04-16T21:36:56.818+0000] {processor.py:183} INFO - Processing /home/airflow/.local/lib/python3.10/site-packages/airflow/example_dags/example_sla_dag.py took 0.075 seconds
[2024-04-16T21:37:27.283+0000] {processor.py:161} INFO - Started process (PID=477) to work on /home/airflow/.local/lib/python3.10/site-packages/airflow/example_dags/example_sla_dag.py
[2024-04-16T21:37:27.284+0000] {processor.py:830} INFO - Processing file /home/airflow/.local/lib/python3.10/site-packages/airflow/example_dags/example_sla_dag.py for tasks to queue
[2024-04-16T21:37:27.286+0000] {logging_mixin.py:188} INFO - [2024-04-16T21:37:27.286+0000] {dagbag.py:540} INFO - Filling up the DagBag from /home/airflow/.local/lib/python3.10/site-packages/airflow/example_dags/example_sla_dag.py
[2024-04-16T21:37:27.295+0000] {processor.py:840} INFO - DAG(s) 'example_sla_dag' retrieved from /home/airflow/.local/lib/python3.10/site-packages/airflow/example_dags/example_sla_dag.py
[2024-04-16T21:37:27.315+0000] {logging_mixin.py:188} INFO - [2024-04-16T21:37:27.315+0000] {dag.py:3047} INFO - Sync 1 DAGs
[2024-04-16T21:37:27.341+0000] {logging_mixin.py:188} INFO - [2024-04-16T21:37:27.340+0000] {dag.py:3834} INFO - Setting next_dagrun for example_sla_dag to 2024-04-16 21:34:00+00:00, run_after=2024-04-16 21:36:00+00:00
[2024-04-16T21:37:27.359+0000] {processor.py:183} INFO - Processing /home/airflow/.local/lib/python3.10/site-packages/airflow/example_dags/example_sla_dag.py took 0.079 seconds
[2024-04-16T21:37:57.940+0000] {processor.py:161} INFO - Started process (PID=534) to work on /home/airflow/.local/lib/python3.10/site-packages/airflow/example_dags/example_sla_dag.py
[2024-04-16T21:37:57.941+0000] {processor.py:830} INFO - Processing file /home/airflow/.local/lib/python3.10/site-packages/airflow/example_dags/example_sla_dag.py for tasks to queue
[2024-04-16T21:37:57.943+0000] {logging_mixin.py:188} INFO - [2024-04-16T21:37:57.943+0000] {dagbag.py:540} INFO - Filling up the DagBag from /home/airflow/.local/lib/python3.10/site-packages/airflow/example_dags/example_sla_dag.py
[2024-04-16T21:37:57.951+0000] {processor.py:840} INFO - DAG(s) 'example_sla_dag' retrieved from /home/airflow/.local/lib/python3.10/site-packages/airflow/example_dags/example_sla_dag.py
[2024-04-16T21:37:57.970+0000] {logging_mixin.py:188} INFO - [2024-04-16T21:37:57.970+0000] {dag.py:3047} INFO - Sync 1 DAGs
[2024-04-16T21:37:57.992+0000] {logging_mixin.py:188} INFO - [2024-04-16T21:37:57.992+0000] {dag.py:3834} INFO - Setting next_dagrun for example_sla_dag to 2024-04-16 21:34:00+00:00, run_after=2024-04-16 21:36:00+00:00
[2024-04-16T21:37:58.011+0000] {processor.py:183} INFO - Processing /home/airflow/.local/lib/python3.10/site-packages/airflow/example_dags/example_sla_dag.py took 0.074 seconds
