[2024-04-16T21:29:11.980+0000] {processor.py:161} INFO - Started process (PID=60) to work on /home/airflow/.local/lib/python3.10/site-packages/airflow/example_dags/example_task_group_decorator.py
[2024-04-16T21:29:11.981+0000] {processor.py:830} INFO - Processing file /home/airflow/.local/lib/python3.10/site-packages/airflow/example_dags/example_task_group_decorator.py for tasks to queue
[2024-04-16T21:29:11.984+0000] {logging_mixin.py:188} INFO - [2024-04-16T21:29:11.983+0000] {dagbag.py:540} INFO - Filling up the DagBag from /home/airflow/.local/lib/python3.10/site-packages/airflow/example_dags/example_task_group_decorator.py
[2024-04-16T21:29:12.002+0000] {processor.py:840} INFO - DAG(s) 'example_task_group_decorator' retrieved from /home/airflow/.local/lib/python3.10/site-packages/airflow/example_dags/example_task_group_decorator.py
[2024-04-16T21:29:12.012+0000] {logging_mixin.py:188} INFO - [2024-04-16T21:29:12.012+0000] {dag.py:3047} INFO - Sync 1 DAGs
[2024-04-16T21:29:12.036+0000] {logging_mixin.py:188} INFO - [2024-04-16T21:29:12.036+0000] {dag.py:3834} INFO - Setting next_dagrun for example_task_group_decorator to 2024-04-15 00:00:00+00:00, run_after=2024-04-16 00:00:00+00:00
[2024-04-16T21:29:12.058+0000] {processor.py:183} INFO - Processing /home/airflow/.local/lib/python3.10/site-packages/airflow/example_dags/example_task_group_decorator.py took 0.082 seconds
[2024-04-16T21:29:43.667+0000] {processor.py:161} INFO - Started process (PID=115) to work on /home/airflow/.local/lib/python3.10/site-packages/airflow/example_dags/example_task_group_decorator.py
[2024-04-16T21:29:43.668+0000] {processor.py:830} INFO - Processing file /home/airflow/.local/lib/python3.10/site-packages/airflow/example_dags/example_task_group_decorator.py for tasks to queue
[2024-04-16T21:29:43.669+0000] {logging_mixin.py:188} INFO - [2024-04-16T21:29:43.669+0000] {dagbag.py:540} INFO - Filling up the DagBag from /home/airflow/.local/lib/python3.10/site-packages/airflow/example_dags/example_task_group_decorator.py
[2024-04-16T21:29:43.682+0000] {processor.py:840} INFO - DAG(s) 'example_task_group_decorator' retrieved from /home/airflow/.local/lib/python3.10/site-packages/airflow/example_dags/example_task_group_decorator.py
[2024-04-16T21:29:43.779+0000] {logging_mixin.py:188} INFO - [2024-04-16T21:29:43.779+0000] {dag.py:3047} INFO - Sync 1 DAGs
[2024-04-16T21:29:43.797+0000] {logging_mixin.py:188} INFO - [2024-04-16T21:29:43.797+0000] {dag.py:3834} INFO - Setting next_dagrun for example_task_group_decorator to 2024-04-15 00:00:00+00:00, run_after=2024-04-16 00:00:00+00:00
[2024-04-16T21:29:43.816+0000] {processor.py:183} INFO - Processing /home/airflow/.local/lib/python3.10/site-packages/airflow/example_dags/example_task_group_decorator.py took 0.152 seconds
[2024-04-16T21:30:13.992+0000] {processor.py:161} INFO - Started process (PID=171) to work on /home/airflow/.local/lib/python3.10/site-packages/airflow/example_dags/example_task_group_decorator.py
[2024-04-16T21:30:13.993+0000] {processor.py:830} INFO - Processing file /home/airflow/.local/lib/python3.10/site-packages/airflow/example_dags/example_task_group_decorator.py for tasks to queue
[2024-04-16T21:30:13.995+0000] {logging_mixin.py:188} INFO - [2024-04-16T21:30:13.995+0000] {dagbag.py:540} INFO - Filling up the DagBag from /home/airflow/.local/lib/python3.10/site-packages/airflow/example_dags/example_task_group_decorator.py
[2024-04-16T21:30:14.008+0000] {processor.py:840} INFO - DAG(s) 'example_task_group_decorator' retrieved from /home/airflow/.local/lib/python3.10/site-packages/airflow/example_dags/example_task_group_decorator.py
[2024-04-16T21:30:14.032+0000] {logging_mixin.py:188} INFO - [2024-04-16T21:30:14.031+0000] {dag.py:3047} INFO - Sync 1 DAGs
[2024-04-16T21:30:14.050+0000] {logging_mixin.py:188} INFO - [2024-04-16T21:30:14.050+0000] {dag.py:3834} INFO - Setting next_dagrun for example_task_group_decorator to 2024-04-15 00:00:00+00:00, run_after=2024-04-16 00:00:00+00:00
[2024-04-16T21:30:14.067+0000] {processor.py:183} INFO - Processing /home/airflow/.local/lib/python3.10/site-packages/airflow/example_dags/example_task_group_decorator.py took 0.078 seconds
[2024-04-16T21:30:44.335+0000] {processor.py:161} INFO - Started process (PID=226) to work on /home/airflow/.local/lib/python3.10/site-packages/airflow/example_dags/example_task_group_decorator.py
[2024-04-16T21:30:44.336+0000] {processor.py:830} INFO - Processing file /home/airflow/.local/lib/python3.10/site-packages/airflow/example_dags/example_task_group_decorator.py for tasks to queue
[2024-04-16T21:30:44.337+0000] {logging_mixin.py:188} INFO - [2024-04-16T21:30:44.337+0000] {dagbag.py:540} INFO - Filling up the DagBag from /home/airflow/.local/lib/python3.10/site-packages/airflow/example_dags/example_task_group_decorator.py
[2024-04-16T21:30:44.350+0000] {processor.py:840} INFO - DAG(s) 'example_task_group_decorator' retrieved from /home/airflow/.local/lib/python3.10/site-packages/airflow/example_dags/example_task_group_decorator.py
[2024-04-16T21:30:44.370+0000] {logging_mixin.py:188} INFO - [2024-04-16T21:30:44.370+0000] {dag.py:3047} INFO - Sync 1 DAGs
[2024-04-16T21:30:44.388+0000] {logging_mixin.py:188} INFO - [2024-04-16T21:30:44.388+0000] {dag.py:3834} INFO - Setting next_dagrun for example_task_group_decorator to 2024-04-15 00:00:00+00:00, run_after=2024-04-16 00:00:00+00:00
[2024-04-16T21:30:44.403+0000] {processor.py:183} INFO - Processing /home/airflow/.local/lib/python3.10/site-packages/airflow/example_dags/example_task_group_decorator.py took 0.071 seconds
[2024-04-16T21:31:15.304+0000] {processor.py:161} INFO - Started process (PID=281) to work on /home/airflow/.local/lib/python3.10/site-packages/airflow/example_dags/example_task_group_decorator.py
[2024-04-16T21:31:15.305+0000] {processor.py:830} INFO - Processing file /home/airflow/.local/lib/python3.10/site-packages/airflow/example_dags/example_task_group_decorator.py for tasks to queue
[2024-04-16T21:31:15.308+0000] {logging_mixin.py:188} INFO - [2024-04-16T21:31:15.307+0000] {dagbag.py:540} INFO - Filling up the DagBag from /home/airflow/.local/lib/python3.10/site-packages/airflow/example_dags/example_task_group_decorator.py
[2024-04-16T21:31:15.322+0000] {processor.py:840} INFO - DAG(s) 'example_task_group_decorator' retrieved from /home/airflow/.local/lib/python3.10/site-packages/airflow/example_dags/example_task_group_decorator.py
[2024-04-16T21:31:15.345+0000] {logging_mixin.py:188} INFO - [2024-04-16T21:31:15.345+0000] {dag.py:3047} INFO - Sync 1 DAGs
[2024-04-16T21:31:15.367+0000] {logging_mixin.py:188} INFO - [2024-04-16T21:31:15.367+0000] {dag.py:3834} INFO - Setting next_dagrun for example_task_group_decorator to 2024-04-15 00:00:00+00:00, run_after=2024-04-16 00:00:00+00:00
[2024-04-16T21:31:15.387+0000] {processor.py:183} INFO - Processing /home/airflow/.local/lib/python3.10/site-packages/airflow/example_dags/example_task_group_decorator.py took 0.086 seconds
[2024-04-16T21:32:12.982+0000] {processor.py:161} INFO - Started process (PID=62) to work on /home/airflow/.local/lib/python3.10/site-packages/airflow/example_dags/example_task_group_decorator.py
[2024-04-16T21:32:12.983+0000] {processor.py:830} INFO - Processing file /home/airflow/.local/lib/python3.10/site-packages/airflow/example_dags/example_task_group_decorator.py for tasks to queue
[2024-04-16T21:32:12.985+0000] {logging_mixin.py:188} INFO - [2024-04-16T21:32:12.985+0000] {dagbag.py:540} INFO - Filling up the DagBag from /home/airflow/.local/lib/python3.10/site-packages/airflow/example_dags/example_task_group_decorator.py
[2024-04-16T21:32:13.001+0000] {processor.py:840} INFO - DAG(s) 'example_task_group_decorator' retrieved from /home/airflow/.local/lib/python3.10/site-packages/airflow/example_dags/example_task_group_decorator.py
[2024-04-16T21:32:13.014+0000] {logging_mixin.py:188} INFO - [2024-04-16T21:32:13.014+0000] {dag.py:3047} INFO - Sync 1 DAGs
[2024-04-16T21:32:13.035+0000] {logging_mixin.py:188} INFO - [2024-04-16T21:32:13.035+0000] {dag.py:3834} INFO - Setting next_dagrun for example_task_group_decorator to 2024-04-15 00:00:00+00:00, run_after=2024-04-16 00:00:00+00:00
[2024-04-16T21:32:13.053+0000] {processor.py:183} INFO - Processing /home/airflow/.local/lib/python3.10/site-packages/airflow/example_dags/example_task_group_decorator.py took 0.074 seconds
[2024-04-16T21:32:44.555+0000] {processor.py:161} INFO - Started process (PID=119) to work on /home/airflow/.local/lib/python3.10/site-packages/airflow/example_dags/example_task_group_decorator.py
[2024-04-16T21:32:44.556+0000] {processor.py:830} INFO - Processing file /home/airflow/.local/lib/python3.10/site-packages/airflow/example_dags/example_task_group_decorator.py for tasks to queue
[2024-04-16T21:32:44.558+0000] {logging_mixin.py:188} INFO - [2024-04-16T21:32:44.558+0000] {dagbag.py:540} INFO - Filling up the DagBag from /home/airflow/.local/lib/python3.10/site-packages/airflow/example_dags/example_task_group_decorator.py
[2024-04-16T21:32:44.570+0000] {processor.py:840} INFO - DAG(s) 'example_task_group_decorator' retrieved from /home/airflow/.local/lib/python3.10/site-packages/airflow/example_dags/example_task_group_decorator.py
[2024-04-16T21:32:44.664+0000] {logging_mixin.py:188} INFO - [2024-04-16T21:32:44.663+0000] {dag.py:3047} INFO - Sync 1 DAGs
[2024-04-16T21:32:44.682+0000] {logging_mixin.py:188} INFO - [2024-04-16T21:32:44.682+0000] {dag.py:3834} INFO - Setting next_dagrun for example_task_group_decorator to 2024-04-15 00:00:00+00:00, run_after=2024-04-16 00:00:00+00:00
[2024-04-16T21:32:44.701+0000] {processor.py:183} INFO - Processing /home/airflow/.local/lib/python3.10/site-packages/airflow/example_dags/example_task_group_decorator.py took 0.149 seconds
[2024-04-16T21:33:51.244+0000] {processor.py:161} INFO - Started process (PID=62) to work on /home/airflow/.local/lib/python3.10/site-packages/airflow/example_dags/example_task_group_decorator.py
[2024-04-16T21:33:51.245+0000] {processor.py:830} INFO - Processing file /home/airflow/.local/lib/python3.10/site-packages/airflow/example_dags/example_task_group_decorator.py for tasks to queue
[2024-04-16T21:33:51.247+0000] {logging_mixin.py:188} INFO - [2024-04-16T21:33:51.246+0000] {dagbag.py:540} INFO - Filling up the DagBag from /home/airflow/.local/lib/python3.10/site-packages/airflow/example_dags/example_task_group_decorator.py
[2024-04-16T21:33:51.266+0000] {processor.py:840} INFO - DAG(s) 'example_task_group_decorator' retrieved from /home/airflow/.local/lib/python3.10/site-packages/airflow/example_dags/example_task_group_decorator.py
[2024-04-16T21:33:51.277+0000] {logging_mixin.py:188} INFO - [2024-04-16T21:33:51.277+0000] {dag.py:3047} INFO - Sync 1 DAGs
[2024-04-16T21:33:51.298+0000] {logging_mixin.py:188} INFO - [2024-04-16T21:33:51.297+0000] {dag.py:3834} INFO - Setting next_dagrun for example_task_group_decorator to 2024-04-15 00:00:00+00:00, run_after=2024-04-16 00:00:00+00:00
[2024-04-16T21:33:51.317+0000] {processor.py:183} INFO - Processing /home/airflow/.local/lib/python3.10/site-packages/airflow/example_dags/example_task_group_decorator.py took 0.076 seconds
[2024-04-16T21:34:22.711+0000] {processor.py:161} INFO - Started process (PID=119) to work on /home/airflow/.local/lib/python3.10/site-packages/airflow/example_dags/example_task_group_decorator.py
[2024-04-16T21:34:22.712+0000] {processor.py:830} INFO - Processing file /home/airflow/.local/lib/python3.10/site-packages/airflow/example_dags/example_task_group_decorator.py for tasks to queue
[2024-04-16T21:34:22.714+0000] {logging_mixin.py:188} INFO - [2024-04-16T21:34:22.714+0000] {dagbag.py:540} INFO - Filling up the DagBag from /home/airflow/.local/lib/python3.10/site-packages/airflow/example_dags/example_task_group_decorator.py
[2024-04-16T21:34:22.728+0000] {processor.py:840} INFO - DAG(s) 'example_task_group_decorator' retrieved from /home/airflow/.local/lib/python3.10/site-packages/airflow/example_dags/example_task_group_decorator.py
[2024-04-16T21:34:22.839+0000] {logging_mixin.py:188} INFO - [2024-04-16T21:34:22.839+0000] {dag.py:3047} INFO - Sync 1 DAGs
[2024-04-16T21:34:22.866+0000] {logging_mixin.py:188} INFO - [2024-04-16T21:34:22.864+0000] {dag.py:3834} INFO - Setting next_dagrun for example_task_group_decorator to 2024-04-15 00:00:00+00:00, run_after=2024-04-16 00:00:00+00:00
[2024-04-16T21:34:22.894+0000] {processor.py:183} INFO - Processing /home/airflow/.local/lib/python3.10/site-packages/airflow/example_dags/example_task_group_decorator.py took 0.187 seconds
[2024-04-16T21:34:53.778+0000] {processor.py:161} INFO - Started process (PID=176) to work on /home/airflow/.local/lib/python3.10/site-packages/airflow/example_dags/example_task_group_decorator.py
[2024-04-16T21:34:53.779+0000] {processor.py:830} INFO - Processing file /home/airflow/.local/lib/python3.10/site-packages/airflow/example_dags/example_task_group_decorator.py for tasks to queue
[2024-04-16T21:34:53.781+0000] {logging_mixin.py:188} INFO - [2024-04-16T21:34:53.781+0000] {dagbag.py:540} INFO - Filling up the DagBag from /home/airflow/.local/lib/python3.10/site-packages/airflow/example_dags/example_task_group_decorator.py
[2024-04-16T21:34:53.795+0000] {processor.py:840} INFO - DAG(s) 'example_task_group_decorator' retrieved from /home/airflow/.local/lib/python3.10/site-packages/airflow/example_dags/example_task_group_decorator.py
[2024-04-16T21:34:53.820+0000] {logging_mixin.py:188} INFO - [2024-04-16T21:34:53.820+0000] {dag.py:3047} INFO - Sync 1 DAGs
[2024-04-16T21:34:53.842+0000] {logging_mixin.py:188} INFO - [2024-04-16T21:34:53.842+0000] {dag.py:3834} INFO - Setting next_dagrun for example_task_group_decorator to 2024-04-15 00:00:00+00:00, run_after=2024-04-16 00:00:00+00:00
[2024-04-16T21:34:53.863+0000] {processor.py:183} INFO - Processing /home/airflow/.local/lib/python3.10/site-packages/airflow/example_dags/example_task_group_decorator.py took 0.088 seconds
[2024-04-16T21:35:23.916+0000] {processor.py:161} INFO - Started process (PID=233) to work on /home/airflow/.local/lib/python3.10/site-packages/airflow/example_dags/example_task_group_decorator.py
[2024-04-16T21:35:23.917+0000] {processor.py:830} INFO - Processing file /home/airflow/.local/lib/python3.10/site-packages/airflow/example_dags/example_task_group_decorator.py for tasks to queue
[2024-04-16T21:35:23.919+0000] {logging_mixin.py:188} INFO - [2024-04-16T21:35:23.919+0000] {dagbag.py:540} INFO - Filling up the DagBag from /home/airflow/.local/lib/python3.10/site-packages/airflow/example_dags/example_task_group_decorator.py
[2024-04-16T21:35:23.933+0000] {processor.py:840} INFO - DAG(s) 'example_task_group_decorator' retrieved from /home/airflow/.local/lib/python3.10/site-packages/airflow/example_dags/example_task_group_decorator.py
[2024-04-16T21:35:23.956+0000] {logging_mixin.py:188} INFO - [2024-04-16T21:35:23.956+0000] {dag.py:3047} INFO - Sync 1 DAGs
[2024-04-16T21:35:23.976+0000] {logging_mixin.py:188} INFO - [2024-04-16T21:35:23.976+0000] {dag.py:3834} INFO - Setting next_dagrun for example_task_group_decorator to 2024-04-15 00:00:00+00:00, run_after=2024-04-16 00:00:00+00:00
[2024-04-16T21:35:24.000+0000] {processor.py:183} INFO - Processing /home/airflow/.local/lib/python3.10/site-packages/airflow/example_dags/example_task_group_decorator.py took 0.088 seconds
[2024-04-16T21:35:54.838+0000] {processor.py:161} INFO - Started process (PID=290) to work on /home/airflow/.local/lib/python3.10/site-packages/airflow/example_dags/example_task_group_decorator.py
[2024-04-16T21:35:54.839+0000] {processor.py:830} INFO - Processing file /home/airflow/.local/lib/python3.10/site-packages/airflow/example_dags/example_task_group_decorator.py for tasks to queue
[2024-04-16T21:35:54.840+0000] {logging_mixin.py:188} INFO - [2024-04-16T21:35:54.840+0000] {dagbag.py:540} INFO - Filling up the DagBag from /home/airflow/.local/lib/python3.10/site-packages/airflow/example_dags/example_task_group_decorator.py
[2024-04-16T21:35:54.853+0000] {processor.py:840} INFO - DAG(s) 'example_task_group_decorator' retrieved from /home/airflow/.local/lib/python3.10/site-packages/airflow/example_dags/example_task_group_decorator.py
[2024-04-16T21:35:54.874+0000] {logging_mixin.py:188} INFO - [2024-04-16T21:35:54.873+0000] {dag.py:3047} INFO - Sync 1 DAGs
[2024-04-16T21:35:54.895+0000] {logging_mixin.py:188} INFO - [2024-04-16T21:35:54.895+0000] {dag.py:3834} INFO - Setting next_dagrun for example_task_group_decorator to 2024-04-15 00:00:00+00:00, run_after=2024-04-16 00:00:00+00:00
[2024-04-16T21:35:54.913+0000] {processor.py:183} INFO - Processing /home/airflow/.local/lib/python3.10/site-packages/airflow/example_dags/example_task_group_decorator.py took 0.078 seconds
[2024-04-16T21:36:25.365+0000] {processor.py:161} INFO - Started process (PID=347) to work on /home/airflow/.local/lib/python3.10/site-packages/airflow/example_dags/example_task_group_decorator.py
[2024-04-16T21:36:25.366+0000] {processor.py:830} INFO - Processing file /home/airflow/.local/lib/python3.10/site-packages/airflow/example_dags/example_task_group_decorator.py for tasks to queue
[2024-04-16T21:36:25.368+0000] {logging_mixin.py:188} INFO - [2024-04-16T21:36:25.368+0000] {dagbag.py:540} INFO - Filling up the DagBag from /home/airflow/.local/lib/python3.10/site-packages/airflow/example_dags/example_task_group_decorator.py
[2024-04-16T21:36:25.381+0000] {processor.py:840} INFO - DAG(s) 'example_task_group_decorator' retrieved from /home/airflow/.local/lib/python3.10/site-packages/airflow/example_dags/example_task_group_decorator.py
[2024-04-16T21:36:25.403+0000] {logging_mixin.py:188} INFO - [2024-04-16T21:36:25.403+0000] {dag.py:3047} INFO - Sync 1 DAGs
[2024-04-16T21:36:25.424+0000] {logging_mixin.py:188} INFO - [2024-04-16T21:36:25.424+0000] {dag.py:3834} INFO - Setting next_dagrun for example_task_group_decorator to 2024-04-15 00:00:00+00:00, run_after=2024-04-16 00:00:00+00:00
[2024-04-16T21:36:25.440+0000] {processor.py:183} INFO - Processing /home/airflow/.local/lib/python3.10/site-packages/airflow/example_dags/example_task_group_decorator.py took 0.078 seconds
[2024-04-16T21:36:56.007+0000] {processor.py:161} INFO - Started process (PID=404) to work on /home/airflow/.local/lib/python3.10/site-packages/airflow/example_dags/example_task_group_decorator.py
[2024-04-16T21:36:56.008+0000] {processor.py:830} INFO - Processing file /home/airflow/.local/lib/python3.10/site-packages/airflow/example_dags/example_task_group_decorator.py for tasks to queue
[2024-04-16T21:36:56.010+0000] {logging_mixin.py:188} INFO - [2024-04-16T21:36:56.010+0000] {dagbag.py:540} INFO - Filling up the DagBag from /home/airflow/.local/lib/python3.10/site-packages/airflow/example_dags/example_task_group_decorator.py
[2024-04-16T21:36:56.023+0000] {processor.py:840} INFO - DAG(s) 'example_task_group_decorator' retrieved from /home/airflow/.local/lib/python3.10/site-packages/airflow/example_dags/example_task_group_decorator.py
[2024-04-16T21:36:56.047+0000] {logging_mixin.py:188} INFO - [2024-04-16T21:36:56.047+0000] {dag.py:3047} INFO - Sync 1 DAGs
[2024-04-16T21:36:56.070+0000] {logging_mixin.py:188} INFO - [2024-04-16T21:36:56.070+0000] {dag.py:3834} INFO - Setting next_dagrun for example_task_group_decorator to 2024-04-15 00:00:00+00:00, run_after=2024-04-16 00:00:00+00:00
[2024-04-16T21:36:56.091+0000] {processor.py:183} INFO - Processing /home/airflow/.local/lib/python3.10/site-packages/airflow/example_dags/example_task_group_decorator.py took 0.087 seconds
[2024-04-16T21:37:26.559+0000] {processor.py:161} INFO - Started process (PID=461) to work on /home/airflow/.local/lib/python3.10/site-packages/airflow/example_dags/example_task_group_decorator.py
[2024-04-16T21:37:26.560+0000] {processor.py:830} INFO - Processing file /home/airflow/.local/lib/python3.10/site-packages/airflow/example_dags/example_task_group_decorator.py for tasks to queue
[2024-04-16T21:37:26.562+0000] {logging_mixin.py:188} INFO - [2024-04-16T21:37:26.562+0000] {dagbag.py:540} INFO - Filling up the DagBag from /home/airflow/.local/lib/python3.10/site-packages/airflow/example_dags/example_task_group_decorator.py
[2024-04-16T21:37:26.575+0000] {processor.py:840} INFO - DAG(s) 'example_task_group_decorator' retrieved from /home/airflow/.local/lib/python3.10/site-packages/airflow/example_dags/example_task_group_decorator.py
[2024-04-16T21:37:26.600+0000] {logging_mixin.py:188} INFO - [2024-04-16T21:37:26.599+0000] {dag.py:3047} INFO - Sync 1 DAGs
[2024-04-16T21:37:26.620+0000] {logging_mixin.py:188} INFO - [2024-04-16T21:37:26.619+0000] {dag.py:3834} INFO - Setting next_dagrun for example_task_group_decorator to 2024-04-15 00:00:00+00:00, run_after=2024-04-16 00:00:00+00:00
[2024-04-16T21:37:26.637+0000] {processor.py:183} INFO - Processing /home/airflow/.local/lib/python3.10/site-packages/airflow/example_dags/example_task_group_decorator.py took 0.081 seconds
[2024-04-16T21:37:57.217+0000] {processor.py:161} INFO - Started process (PID=518) to work on /home/airflow/.local/lib/python3.10/site-packages/airflow/example_dags/example_task_group_decorator.py
[2024-04-16T21:37:57.218+0000] {processor.py:830} INFO - Processing file /home/airflow/.local/lib/python3.10/site-packages/airflow/example_dags/example_task_group_decorator.py for tasks to queue
[2024-04-16T21:37:57.220+0000] {logging_mixin.py:188} INFO - [2024-04-16T21:37:57.220+0000] {dagbag.py:540} INFO - Filling up the DagBag from /home/airflow/.local/lib/python3.10/site-packages/airflow/example_dags/example_task_group_decorator.py
[2024-04-16T21:37:57.234+0000] {processor.py:840} INFO - DAG(s) 'example_task_group_decorator' retrieved from /home/airflow/.local/lib/python3.10/site-packages/airflow/example_dags/example_task_group_decorator.py
[2024-04-16T21:37:57.257+0000] {logging_mixin.py:188} INFO - [2024-04-16T21:37:57.257+0000] {dag.py:3047} INFO - Sync 1 DAGs
[2024-04-16T21:37:57.277+0000] {logging_mixin.py:188} INFO - [2024-04-16T21:37:57.277+0000] {dag.py:3834} INFO - Setting next_dagrun for example_task_group_decorator to 2024-04-15 00:00:00+00:00, run_after=2024-04-16 00:00:00+00:00
[2024-04-16T21:37:57.295+0000] {processor.py:183} INFO - Processing /home/airflow/.local/lib/python3.10/site-packages/airflow/example_dags/example_task_group_decorator.py took 0.081 seconds
