[2024-04-16T21:29:10.620+0000] {processor.py:161} INFO - Started process (PID=37) to work on /home/airflow/.local/lib/python3.10/site-packages/airflow/example_dags/example_dag_decorator.py
[2024-04-16T21:29:10.621+0000] {processor.py:830} INFO - Processing file /home/airflow/.local/lib/python3.10/site-packages/airflow/example_dags/example_dag_decorator.py for tasks to queue
[2024-04-16T21:29:10.623+0000] {logging_mixin.py:188} INFO - [2024-04-16T21:29:10.623+0000] {dagbag.py:540} INFO - Filling up the DagBag from /home/airflow/.local/lib/python3.10/site-packages/airflow/example_dags/example_dag_decorator.py
[2024-04-16T21:29:10.819+0000] {processor.py:840} INFO - DAG(s) 'example_dag_decorator' retrieved from /home/airflow/.local/lib/python3.10/site-packages/airflow/example_dags/example_dag_decorator.py
[2024-04-16T21:29:10.830+0000] {logging_mixin.py:188} INFO - [2024-04-16T21:29:10.830+0000] {dag.py:3047} INFO - Sync 1 DAGs
[2024-04-16T21:29:10.846+0000] {logging_mixin.py:188} INFO - [2024-04-16T21:29:10.845+0000] {dag.py:3834} INFO - Setting next_dagrun for example_dag_decorator to None, run_after=None
[2024-04-16T21:29:10.865+0000] {processor.py:183} INFO - Processing /home/airflow/.local/lib/python3.10/site-packages/airflow/example_dags/example_dag_decorator.py took 0.249 seconds
[2024-04-16T21:29:41.267+0000] {processor.py:161} INFO - Started process (PID=92) to work on /home/airflow/.local/lib/python3.10/site-packages/airflow/example_dags/example_dag_decorator.py
[2024-04-16T21:29:41.268+0000] {processor.py:830} INFO - Processing file /home/airflow/.local/lib/python3.10/site-packages/airflow/example_dags/example_dag_decorator.py for tasks to queue
[2024-04-16T21:29:41.269+0000] {logging_mixin.py:188} INFO - [2024-04-16T21:29:41.269+0000] {dagbag.py:540} INFO - Filling up the DagBag from /home/airflow/.local/lib/python3.10/site-packages/airflow/example_dags/example_dag_decorator.py
[2024-04-16T21:29:41.344+0000] {processor.py:840} INFO - DAG(s) 'example_dag_decorator' retrieved from /home/airflow/.local/lib/python3.10/site-packages/airflow/example_dags/example_dag_decorator.py
[2024-04-16T21:29:41.433+0000] {logging_mixin.py:188} INFO - [2024-04-16T21:29:41.432+0000] {dag.py:3047} INFO - Sync 1 DAGs
[2024-04-16T21:29:41.441+0000] {logging_mixin.py:188} INFO - [2024-04-16T21:29:41.441+0000] {dag.py:3834} INFO - Setting next_dagrun for example_dag_decorator to None, run_after=None
[2024-04-16T21:29:41.457+0000] {processor.py:183} INFO - Processing /home/airflow/.local/lib/python3.10/site-packages/airflow/example_dags/example_dag_decorator.py took 0.194 seconds
[2024-04-16T21:30:11.609+0000] {processor.py:161} INFO - Started process (PID=147) to work on /home/airflow/.local/lib/python3.10/site-packages/airflow/example_dags/example_dag_decorator.py
[2024-04-16T21:30:11.610+0000] {processor.py:830} INFO - Processing file /home/airflow/.local/lib/python3.10/site-packages/airflow/example_dags/example_dag_decorator.py for tasks to queue
[2024-04-16T21:30:11.612+0000] {logging_mixin.py:188} INFO - [2024-04-16T21:30:11.611+0000] {dagbag.py:540} INFO - Filling up the DagBag from /home/airflow/.local/lib/python3.10/site-packages/airflow/example_dags/example_dag_decorator.py
[2024-04-16T21:30:11.711+0000] {processor.py:840} INFO - DAG(s) 'example_dag_decorator' retrieved from /home/airflow/.local/lib/python3.10/site-packages/airflow/example_dags/example_dag_decorator.py
[2024-04-16T21:30:11.818+0000] {logging_mixin.py:188} INFO - [2024-04-16T21:30:11.817+0000] {dag.py:3047} INFO - Sync 1 DAGs
[2024-04-16T21:30:11.833+0000] {logging_mixin.py:188} INFO - [2024-04-16T21:30:11.832+0000] {dag.py:3834} INFO - Setting next_dagrun for example_dag_decorator to None, run_after=None
[2024-04-16T21:30:11.858+0000] {processor.py:183} INFO - Processing /home/airflow/.local/lib/python3.10/site-packages/airflow/example_dags/example_dag_decorator.py took 0.252 seconds
[2024-04-16T21:30:42.031+0000] {processor.py:161} INFO - Started process (PID=202) to work on /home/airflow/.local/lib/python3.10/site-packages/airflow/example_dags/example_dag_decorator.py
[2024-04-16T21:30:42.032+0000] {processor.py:830} INFO - Processing file /home/airflow/.local/lib/python3.10/site-packages/airflow/example_dags/example_dag_decorator.py for tasks to queue
[2024-04-16T21:30:42.034+0000] {logging_mixin.py:188} INFO - [2024-04-16T21:30:42.034+0000] {dagbag.py:540} INFO - Filling up the DagBag from /home/airflow/.local/lib/python3.10/site-packages/airflow/example_dags/example_dag_decorator.py
[2024-04-16T21:30:42.118+0000] {processor.py:840} INFO - DAG(s) 'example_dag_decorator' retrieved from /home/airflow/.local/lib/python3.10/site-packages/airflow/example_dags/example_dag_decorator.py
[2024-04-16T21:30:42.206+0000] {logging_mixin.py:188} INFO - [2024-04-16T21:30:42.206+0000] {dag.py:3047} INFO - Sync 1 DAGs
[2024-04-16T21:30:42.216+0000] {logging_mixin.py:188} INFO - [2024-04-16T21:30:42.216+0000] {dag.py:3834} INFO - Setting next_dagrun for example_dag_decorator to None, run_after=None
[2024-04-16T21:30:42.232+0000] {processor.py:183} INFO - Processing /home/airflow/.local/lib/python3.10/site-packages/airflow/example_dags/example_dag_decorator.py took 0.205 seconds
[2024-04-16T21:31:12.796+0000] {processor.py:161} INFO - Started process (PID=257) to work on /home/airflow/.local/lib/python3.10/site-packages/airflow/example_dags/example_dag_decorator.py
[2024-04-16T21:31:12.798+0000] {processor.py:830} INFO - Processing file /home/airflow/.local/lib/python3.10/site-packages/airflow/example_dags/example_dag_decorator.py for tasks to queue
[2024-04-16T21:31:12.799+0000] {logging_mixin.py:188} INFO - [2024-04-16T21:31:12.799+0000] {dagbag.py:540} INFO - Filling up the DagBag from /home/airflow/.local/lib/python3.10/site-packages/airflow/example_dags/example_dag_decorator.py
[2024-04-16T21:31:12.881+0000] {processor.py:840} INFO - DAG(s) 'example_dag_decorator' retrieved from /home/airflow/.local/lib/python3.10/site-packages/airflow/example_dags/example_dag_decorator.py
[2024-04-16T21:31:12.967+0000] {logging_mixin.py:188} INFO - [2024-04-16T21:31:12.966+0000] {dag.py:3047} INFO - Sync 1 DAGs
[2024-04-16T21:31:12.976+0000] {logging_mixin.py:188} INFO - [2024-04-16T21:31:12.976+0000] {dag.py:3834} INFO - Setting next_dagrun for example_dag_decorator to None, run_after=None
[2024-04-16T21:31:12.994+0000] {processor.py:183} INFO - Processing /home/airflow/.local/lib/python3.10/site-packages/airflow/example_dags/example_dag_decorator.py took 0.201 seconds
[2024-04-16T21:32:11.548+0000] {processor.py:161} INFO - Started process (PID=39) to work on /home/airflow/.local/lib/python3.10/site-packages/airflow/example_dags/example_dag_decorator.py
[2024-04-16T21:32:11.549+0000] {processor.py:830} INFO - Processing file /home/airflow/.local/lib/python3.10/site-packages/airflow/example_dags/example_dag_decorator.py for tasks to queue
[2024-04-16T21:32:11.552+0000] {logging_mixin.py:188} INFO - [2024-04-16T21:32:11.551+0000] {dagbag.py:540} INFO - Filling up the DagBag from /home/airflow/.local/lib/python3.10/site-packages/airflow/example_dags/example_dag_decorator.py
[2024-04-16T21:32:11.631+0000] {processor.py:840} INFO - DAG(s) 'example_dag_decorator' retrieved from /home/airflow/.local/lib/python3.10/site-packages/airflow/example_dags/example_dag_decorator.py
[2024-04-16T21:32:11.643+0000] {logging_mixin.py:188} INFO - [2024-04-16T21:32:11.643+0000] {dag.py:3047} INFO - Sync 1 DAGs
[2024-04-16T21:32:11.657+0000] {logging_mixin.py:188} INFO - [2024-04-16T21:32:11.657+0000] {dag.py:3834} INFO - Setting next_dagrun for example_dag_decorator to None, run_after=None
[2024-04-16T21:32:11.677+0000] {processor.py:183} INFO - Processing /home/airflow/.local/lib/python3.10/site-packages/airflow/example_dags/example_dag_decorator.py took 0.132 seconds
[2024-04-16T21:32:42.449+0000] {processor.py:161} INFO - Started process (PID=96) to work on /home/airflow/.local/lib/python3.10/site-packages/airflow/example_dags/example_dag_decorator.py
[2024-04-16T21:32:42.450+0000] {processor.py:830} INFO - Processing file /home/airflow/.local/lib/python3.10/site-packages/airflow/example_dags/example_dag_decorator.py for tasks to queue
[2024-04-16T21:32:42.452+0000] {logging_mixin.py:188} INFO - [2024-04-16T21:32:42.452+0000] {dagbag.py:540} INFO - Filling up the DagBag from /home/airflow/.local/lib/python3.10/site-packages/airflow/example_dags/example_dag_decorator.py
[2024-04-16T21:32:42.531+0000] {processor.py:840} INFO - DAG(s) 'example_dag_decorator' retrieved from /home/airflow/.local/lib/python3.10/site-packages/airflow/example_dags/example_dag_decorator.py
[2024-04-16T21:32:42.631+0000] {logging_mixin.py:188} INFO - [2024-04-16T21:32:42.631+0000] {dag.py:3047} INFO - Sync 1 DAGs
[2024-04-16T21:32:42.640+0000] {logging_mixin.py:188} INFO - [2024-04-16T21:32:42.640+0000] {dag.py:3834} INFO - Setting next_dagrun for example_dag_decorator to None, run_after=None
[2024-04-16T21:32:42.658+0000] {processor.py:183} INFO - Processing /home/airflow/.local/lib/python3.10/site-packages/airflow/example_dags/example_dag_decorator.py took 0.212 seconds
[2024-04-16T21:33:49.552+0000] {processor.py:161} INFO - Started process (PID=39) to work on /home/airflow/.local/lib/python3.10/site-packages/airflow/example_dags/example_dag_decorator.py
[2024-04-16T21:33:49.553+0000] {processor.py:830} INFO - Processing file /home/airflow/.local/lib/python3.10/site-packages/airflow/example_dags/example_dag_decorator.py for tasks to queue
[2024-04-16T21:33:49.555+0000] {logging_mixin.py:188} INFO - [2024-04-16T21:33:49.554+0000] {dagbag.py:540} INFO - Filling up the DagBag from /home/airflow/.local/lib/python3.10/site-packages/airflow/example_dags/example_dag_decorator.py
[2024-04-16T21:33:49.737+0000] {processor.py:840} INFO - DAG(s) 'example_dag_decorator' retrieved from /home/airflow/.local/lib/python3.10/site-packages/airflow/example_dags/example_dag_decorator.py
[2024-04-16T21:33:49.750+0000] {logging_mixin.py:188} INFO - [2024-04-16T21:33:49.750+0000] {dag.py:3047} INFO - Sync 1 DAGs
[2024-04-16T21:33:49.766+0000] {logging_mixin.py:188} INFO - [2024-04-16T21:33:49.765+0000] {dag.py:3834} INFO - Setting next_dagrun for example_dag_decorator to None, run_after=None
[2024-04-16T21:33:49.787+0000] {processor.py:183} INFO - Processing /home/airflow/.local/lib/python3.10/site-packages/airflow/example_dags/example_dag_decorator.py took 0.237 seconds
[2024-04-16T21:34:20.662+0000] {processor.py:161} INFO - Started process (PID=95) to work on /home/airflow/.local/lib/python3.10/site-packages/airflow/example_dags/example_dag_decorator.py
[2024-04-16T21:34:20.663+0000] {processor.py:830} INFO - Processing file /home/airflow/.local/lib/python3.10/site-packages/airflow/example_dags/example_dag_decorator.py for tasks to queue
[2024-04-16T21:34:20.664+0000] {logging_mixin.py:188} INFO - [2024-04-16T21:34:20.664+0000] {dagbag.py:540} INFO - Filling up the DagBag from /home/airflow/.local/lib/python3.10/site-packages/airflow/example_dags/example_dag_decorator.py
[2024-04-16T21:34:20.738+0000] {processor.py:840} INFO - DAG(s) 'example_dag_decorator' retrieved from /home/airflow/.local/lib/python3.10/site-packages/airflow/example_dags/example_dag_decorator.py
[2024-04-16T21:34:20.829+0000] {logging_mixin.py:188} INFO - [2024-04-16T21:34:20.829+0000] {dag.py:3047} INFO - Sync 1 DAGs
[2024-04-16T21:34:20.838+0000] {logging_mixin.py:188} INFO - [2024-04-16T21:34:20.838+0000] {dag.py:3834} INFO - Setting next_dagrun for example_dag_decorator to None, run_after=None
[2024-04-16T21:34:20.855+0000] {processor.py:183} INFO - Processing /home/airflow/.local/lib/python3.10/site-packages/airflow/example_dags/example_dag_decorator.py took 0.197 seconds
[2024-04-16T21:34:50.983+0000] {processor.py:161} INFO - Started process (PID=152) to work on /home/airflow/.local/lib/python3.10/site-packages/airflow/example_dags/example_dag_decorator.py
[2024-04-16T21:34:50.983+0000] {processor.py:830} INFO - Processing file /home/airflow/.local/lib/python3.10/site-packages/airflow/example_dags/example_dag_decorator.py for tasks to queue
[2024-04-16T21:34:50.985+0000] {logging_mixin.py:188} INFO - [2024-04-16T21:34:50.985+0000] {dagbag.py:540} INFO - Filling up the DagBag from /home/airflow/.local/lib/python3.10/site-packages/airflow/example_dags/example_dag_decorator.py
[2024-04-16T21:34:51.095+0000] {processor.py:840} INFO - DAG(s) 'example_dag_decorator' retrieved from /home/airflow/.local/lib/python3.10/site-packages/airflow/example_dags/example_dag_decorator.py
[2024-04-16T21:34:51.211+0000] {logging_mixin.py:188} INFO - [2024-04-16T21:34:51.210+0000] {dag.py:3047} INFO - Sync 1 DAGs
[2024-04-16T21:34:51.223+0000] {logging_mixin.py:188} INFO - [2024-04-16T21:34:51.223+0000] {dag.py:3834} INFO - Setting next_dagrun for example_dag_decorator to None, run_after=None
[2024-04-16T21:34:51.247+0000] {processor.py:183} INFO - Processing /home/airflow/.local/lib/python3.10/site-packages/airflow/example_dags/example_dag_decorator.py took 0.268 seconds
[2024-04-16T21:35:21.326+0000] {processor.py:161} INFO - Started process (PID=208) to work on /home/airflow/.local/lib/python3.10/site-packages/airflow/example_dags/example_dag_decorator.py
[2024-04-16T21:35:21.327+0000] {processor.py:830} INFO - Processing file /home/airflow/.local/lib/python3.10/site-packages/airflow/example_dags/example_dag_decorator.py for tasks to queue
[2024-04-16T21:35:21.329+0000] {logging_mixin.py:188} INFO - [2024-04-16T21:35:21.328+0000] {dagbag.py:540} INFO - Filling up the DagBag from /home/airflow/.local/lib/python3.10/site-packages/airflow/example_dags/example_dag_decorator.py
[2024-04-16T21:35:21.407+0000] {processor.py:840} INFO - DAG(s) 'example_dag_decorator' retrieved from /home/airflow/.local/lib/python3.10/site-packages/airflow/example_dags/example_dag_decorator.py
[2024-04-16T21:35:21.489+0000] {logging_mixin.py:188} INFO - [2024-04-16T21:35:21.489+0000] {dag.py:3047} INFO - Sync 1 DAGs
[2024-04-16T21:35:21.499+0000] {logging_mixin.py:188} INFO - [2024-04-16T21:35:21.498+0000] {dag.py:3834} INFO - Setting next_dagrun for example_dag_decorator to None, run_after=None
[2024-04-16T21:35:21.518+0000] {processor.py:183} INFO - Processing /home/airflow/.local/lib/python3.10/site-packages/airflow/example_dags/example_dag_decorator.py took 0.195 seconds
[2024-04-16T21:35:52.403+0000] {processor.py:161} INFO - Started process (PID=266) to work on /home/airflow/.local/lib/python3.10/site-packages/airflow/example_dags/example_dag_decorator.py
[2024-04-16T21:35:52.404+0000] {processor.py:830} INFO - Processing file /home/airflow/.local/lib/python3.10/site-packages/airflow/example_dags/example_dag_decorator.py for tasks to queue
[2024-04-16T21:35:52.406+0000] {logging_mixin.py:188} INFO - [2024-04-16T21:35:52.405+0000] {dagbag.py:540} INFO - Filling up the DagBag from /home/airflow/.local/lib/python3.10/site-packages/airflow/example_dags/example_dag_decorator.py
[2024-04-16T21:35:52.491+0000] {processor.py:840} INFO - DAG(s) 'example_dag_decorator' retrieved from /home/airflow/.local/lib/python3.10/site-packages/airflow/example_dags/example_dag_decorator.py
[2024-04-16T21:35:52.581+0000] {logging_mixin.py:188} INFO - [2024-04-16T21:35:52.581+0000] {dag.py:3047} INFO - Sync 1 DAGs
[2024-04-16T21:35:52.590+0000] {logging_mixin.py:188} INFO - [2024-04-16T21:35:52.590+0000] {dag.py:3834} INFO - Setting next_dagrun for example_dag_decorator to None, run_after=None
[2024-04-16T21:35:52.615+0000] {processor.py:183} INFO - Processing /home/airflow/.local/lib/python3.10/site-packages/airflow/example_dags/example_dag_decorator.py took 0.215 seconds
[2024-04-16T21:36:22.999+0000] {processor.py:161} INFO - Started process (PID=323) to work on /home/airflow/.local/lib/python3.10/site-packages/airflow/example_dags/example_dag_decorator.py
[2024-04-16T21:36:23.000+0000] {processor.py:830} INFO - Processing file /home/airflow/.local/lib/python3.10/site-packages/airflow/example_dags/example_dag_decorator.py for tasks to queue
[2024-04-16T21:36:23.003+0000] {logging_mixin.py:188} INFO - [2024-04-16T21:36:23.003+0000] {dagbag.py:540} INFO - Filling up the DagBag from /home/airflow/.local/lib/python3.10/site-packages/airflow/example_dags/example_dag_decorator.py
[2024-04-16T21:36:23.090+0000] {processor.py:840} INFO - DAG(s) 'example_dag_decorator' retrieved from /home/airflow/.local/lib/python3.10/site-packages/airflow/example_dags/example_dag_decorator.py
[2024-04-16T21:36:23.115+0000] {logging_mixin.py:188} INFO - [2024-04-16T21:36:23.115+0000] {dag.py:3047} INFO - Sync 1 DAGs
[2024-04-16T21:36:23.129+0000] {logging_mixin.py:188} INFO - [2024-04-16T21:36:23.129+0000] {dag.py:3834} INFO - Setting next_dagrun for example_dag_decorator to None, run_after=None
[2024-04-16T21:36:23.148+0000] {processor.py:183} INFO - Processing /home/airflow/.local/lib/python3.10/site-packages/airflow/example_dags/example_dag_decorator.py took 0.153 seconds
[2024-04-16T21:36:53.537+0000] {processor.py:161} INFO - Started process (PID=380) to work on /home/airflow/.local/lib/python3.10/site-packages/airflow/example_dags/example_dag_decorator.py
[2024-04-16T21:36:53.538+0000] {processor.py:830} INFO - Processing file /home/airflow/.local/lib/python3.10/site-packages/airflow/example_dags/example_dag_decorator.py for tasks to queue
[2024-04-16T21:36:53.540+0000] {logging_mixin.py:188} INFO - [2024-04-16T21:36:53.540+0000] {dagbag.py:540} INFO - Filling up the DagBag from /home/airflow/.local/lib/python3.10/site-packages/airflow/example_dags/example_dag_decorator.py
[2024-04-16T21:36:53.618+0000] {processor.py:840} INFO - DAG(s) 'example_dag_decorator' retrieved from /home/airflow/.local/lib/python3.10/site-packages/airflow/example_dags/example_dag_decorator.py
[2024-04-16T21:36:53.638+0000] {logging_mixin.py:188} INFO - [2024-04-16T21:36:53.638+0000] {dag.py:3047} INFO - Sync 1 DAGs
[2024-04-16T21:36:53.648+0000] {logging_mixin.py:188} INFO - [2024-04-16T21:36:53.648+0000] {dag.py:3834} INFO - Setting next_dagrun for example_dag_decorator to None, run_after=None
[2024-04-16T21:36:53.664+0000] {processor.py:183} INFO - Processing /home/airflow/.local/lib/python3.10/site-packages/airflow/example_dags/example_dag_decorator.py took 0.130 seconds
[2024-04-16T21:37:24.174+0000] {processor.py:161} INFO - Started process (PID=437) to work on /home/airflow/.local/lib/python3.10/site-packages/airflow/example_dags/example_dag_decorator.py
[2024-04-16T21:37:24.175+0000] {processor.py:830} INFO - Processing file /home/airflow/.local/lib/python3.10/site-packages/airflow/example_dags/example_dag_decorator.py for tasks to queue
[2024-04-16T21:37:24.177+0000] {logging_mixin.py:188} INFO - [2024-04-16T21:37:24.177+0000] {dagbag.py:540} INFO - Filling up the DagBag from /home/airflow/.local/lib/python3.10/site-packages/airflow/example_dags/example_dag_decorator.py
[2024-04-16T21:37:24.261+0000] {processor.py:840} INFO - DAG(s) 'example_dag_decorator' retrieved from /home/airflow/.local/lib/python3.10/site-packages/airflow/example_dags/example_dag_decorator.py
[2024-04-16T21:37:24.287+0000] {logging_mixin.py:188} INFO - [2024-04-16T21:37:24.287+0000] {dag.py:3047} INFO - Sync 1 DAGs
[2024-04-16T21:37:24.299+0000] {logging_mixin.py:188} INFO - [2024-04-16T21:37:24.299+0000] {dag.py:3834} INFO - Setting next_dagrun for example_dag_decorator to None, run_after=None
[2024-04-16T21:37:24.320+0000] {processor.py:183} INFO - Processing /home/airflow/.local/lib/python3.10/site-packages/airflow/example_dags/example_dag_decorator.py took 0.149 seconds
[2024-04-16T21:37:54.729+0000] {processor.py:161} INFO - Started process (PID=494) to work on /home/airflow/.local/lib/python3.10/site-packages/airflow/example_dags/example_dag_decorator.py
[2024-04-16T21:37:54.730+0000] {processor.py:830} INFO - Processing file /home/airflow/.local/lib/python3.10/site-packages/airflow/example_dags/example_dag_decorator.py for tasks to queue
[2024-04-16T21:37:54.732+0000] {logging_mixin.py:188} INFO - [2024-04-16T21:37:54.732+0000] {dagbag.py:540} INFO - Filling up the DagBag from /home/airflow/.local/lib/python3.10/site-packages/airflow/example_dags/example_dag_decorator.py
[2024-04-16T21:37:54.814+0000] {processor.py:840} INFO - DAG(s) 'example_dag_decorator' retrieved from /home/airflow/.local/lib/python3.10/site-packages/airflow/example_dags/example_dag_decorator.py
[2024-04-16T21:37:54.905+0000] {logging_mixin.py:188} INFO - [2024-04-16T21:37:54.905+0000] {dag.py:3047} INFO - Sync 1 DAGs
[2024-04-16T21:37:54.914+0000] {logging_mixin.py:188} INFO - [2024-04-16T21:37:54.914+0000] {dag.py:3834} INFO - Setting next_dagrun for example_dag_decorator to None, run_after=None
[2024-04-16T21:37:54.931+0000] {processor.py:183} INFO - Processing /home/airflow/.local/lib/python3.10/site-packages/airflow/example_dags/example_dag_decorator.py took 0.205 seconds
[2024-04-16T21:38:25.430+0000] {processor.py:161} INFO - Started process (PID=551) to work on /home/airflow/.local/lib/python3.10/site-packages/airflow/example_dags/example_dag_decorator.py
[2024-04-16T21:38:25.432+0000] {processor.py:830} INFO - Processing file /home/airflow/.local/lib/python3.10/site-packages/airflow/example_dags/example_dag_decorator.py for tasks to queue
[2024-04-16T21:38:25.433+0000] {logging_mixin.py:188} INFO - [2024-04-16T21:38:25.433+0000] {dagbag.py:540} INFO - Filling up the DagBag from /home/airflow/.local/lib/python3.10/site-packages/airflow/example_dags/example_dag_decorator.py
[2024-04-16T21:38:25.514+0000] {processor.py:840} INFO - DAG(s) 'example_dag_decorator' retrieved from /home/airflow/.local/lib/python3.10/site-packages/airflow/example_dags/example_dag_decorator.py
[2024-04-16T21:38:25.608+0000] {logging_mixin.py:188} INFO - [2024-04-16T21:38:25.608+0000] {dag.py:3047} INFO - Sync 1 DAGs
[2024-04-16T21:38:25.617+0000] {logging_mixin.py:188} INFO - [2024-04-16T21:38:25.617+0000] {dag.py:3834} INFO - Setting next_dagrun for example_dag_decorator to None, run_after=None
[2024-04-16T21:38:25.635+0000] {processor.py:183} INFO - Processing /home/airflow/.local/lib/python3.10/site-packages/airflow/example_dags/example_dag_decorator.py took 0.208 seconds
[2024-04-16T21:38:56.018+0000] {processor.py:161} INFO - Started process (PID=608) to work on /home/airflow/.local/lib/python3.10/site-packages/airflow/example_dags/example_dag_decorator.py
[2024-04-16T21:38:56.019+0000] {processor.py:830} INFO - Processing file /home/airflow/.local/lib/python3.10/site-packages/airflow/example_dags/example_dag_decorator.py for tasks to queue
[2024-04-16T21:38:56.021+0000] {logging_mixin.py:188} INFO - [2024-04-16T21:38:56.021+0000] {dagbag.py:540} INFO - Filling up the DagBag from /home/airflow/.local/lib/python3.10/site-packages/airflow/example_dags/example_dag_decorator.py
[2024-04-16T21:38:56.106+0000] {processor.py:840} INFO - DAG(s) 'example_dag_decorator' retrieved from /home/airflow/.local/lib/python3.10/site-packages/airflow/example_dags/example_dag_decorator.py
[2024-04-16T21:38:56.196+0000] {logging_mixin.py:188} INFO - [2024-04-16T21:38:56.196+0000] {dag.py:3047} INFO - Sync 1 DAGs
[2024-04-16T21:38:56.207+0000] {logging_mixin.py:188} INFO - [2024-04-16T21:38:56.206+0000] {dag.py:3834} INFO - Setting next_dagrun for example_dag_decorator to None, run_after=None
[2024-04-16T21:38:56.227+0000] {processor.py:183} INFO - Processing /home/airflow/.local/lib/python3.10/site-packages/airflow/example_dags/example_dag_decorator.py took 0.212 seconds
[2024-04-16T21:39:26.670+0000] {processor.py:161} INFO - Started process (PID=665) to work on /home/airflow/.local/lib/python3.10/site-packages/airflow/example_dags/example_dag_decorator.py
[2024-04-16T21:39:26.671+0000] {processor.py:830} INFO - Processing file /home/airflow/.local/lib/python3.10/site-packages/airflow/example_dags/example_dag_decorator.py for tasks to queue
[2024-04-16T21:39:26.672+0000] {logging_mixin.py:188} INFO - [2024-04-16T21:39:26.672+0000] {dagbag.py:540} INFO - Filling up the DagBag from /home/airflow/.local/lib/python3.10/site-packages/airflow/example_dags/example_dag_decorator.py
[2024-04-16T21:39:26.756+0000] {processor.py:840} INFO - DAG(s) 'example_dag_decorator' retrieved from /home/airflow/.local/lib/python3.10/site-packages/airflow/example_dags/example_dag_decorator.py
[2024-04-16T21:39:26.850+0000] {logging_mixin.py:188} INFO - [2024-04-16T21:39:26.850+0000] {dag.py:3047} INFO - Sync 1 DAGs
[2024-04-16T21:39:26.865+0000] {logging_mixin.py:188} INFO - [2024-04-16T21:39:26.864+0000] {dag.py:3834} INFO - Setting next_dagrun for example_dag_decorator to None, run_after=None
[2024-04-16T21:39:26.890+0000] {processor.py:183} INFO - Processing /home/airflow/.local/lib/python3.10/site-packages/airflow/example_dags/example_dag_decorator.py took 0.223 seconds
[2024-04-16T21:39:57.412+0000] {processor.py:161} INFO - Started process (PID=722) to work on /home/airflow/.local/lib/python3.10/site-packages/airflow/example_dags/example_dag_decorator.py
[2024-04-16T21:39:57.412+0000] {processor.py:830} INFO - Processing file /home/airflow/.local/lib/python3.10/site-packages/airflow/example_dags/example_dag_decorator.py for tasks to queue
[2024-04-16T21:39:57.414+0000] {logging_mixin.py:188} INFO - [2024-04-16T21:39:57.414+0000] {dagbag.py:540} INFO - Filling up the DagBag from /home/airflow/.local/lib/python3.10/site-packages/airflow/example_dags/example_dag_decorator.py
[2024-04-16T21:39:57.493+0000] {processor.py:840} INFO - DAG(s) 'example_dag_decorator' retrieved from /home/airflow/.local/lib/python3.10/site-packages/airflow/example_dags/example_dag_decorator.py
[2024-04-16T21:39:57.585+0000] {logging_mixin.py:188} INFO - [2024-04-16T21:39:57.585+0000] {dag.py:3047} INFO - Sync 1 DAGs
[2024-04-16T21:39:57.596+0000] {logging_mixin.py:188} INFO - [2024-04-16T21:39:57.595+0000] {dag.py:3834} INFO - Setting next_dagrun for example_dag_decorator to None, run_after=None
[2024-04-16T21:39:57.615+0000] {processor.py:183} INFO - Processing /home/airflow/.local/lib/python3.10/site-packages/airflow/example_dags/example_dag_decorator.py took 0.207 seconds
[2024-04-16T21:40:28.057+0000] {processor.py:161} INFO - Started process (PID=779) to work on /home/airflow/.local/lib/python3.10/site-packages/airflow/example_dags/example_dag_decorator.py
[2024-04-16T21:40:28.058+0000] {processor.py:830} INFO - Processing file /home/airflow/.local/lib/python3.10/site-packages/airflow/example_dags/example_dag_decorator.py for tasks to queue
[2024-04-16T21:40:28.060+0000] {logging_mixin.py:188} INFO - [2024-04-16T21:40:28.059+0000] {dagbag.py:540} INFO - Filling up the DagBag from /home/airflow/.local/lib/python3.10/site-packages/airflow/example_dags/example_dag_decorator.py
[2024-04-16T21:40:28.139+0000] {processor.py:840} INFO - DAG(s) 'example_dag_decorator' retrieved from /home/airflow/.local/lib/python3.10/site-packages/airflow/example_dags/example_dag_decorator.py
[2024-04-16T21:40:28.242+0000] {logging_mixin.py:188} INFO - [2024-04-16T21:40:28.242+0000] {dag.py:3047} INFO - Sync 1 DAGs
[2024-04-16T21:40:28.253+0000] {logging_mixin.py:188} INFO - [2024-04-16T21:40:28.253+0000] {dag.py:3834} INFO - Setting next_dagrun for example_dag_decorator to None, run_after=None
[2024-04-16T21:40:28.275+0000] {processor.py:183} INFO - Processing /home/airflow/.local/lib/python3.10/site-packages/airflow/example_dags/example_dag_decorator.py took 0.221 seconds
[2024-04-16T21:40:58.637+0000] {processor.py:161} INFO - Started process (PID=836) to work on /home/airflow/.local/lib/python3.10/site-packages/airflow/example_dags/example_dag_decorator.py
[2024-04-16T21:40:58.638+0000] {processor.py:830} INFO - Processing file /home/airflow/.local/lib/python3.10/site-packages/airflow/example_dags/example_dag_decorator.py for tasks to queue
[2024-04-16T21:40:58.640+0000] {logging_mixin.py:188} INFO - [2024-04-16T21:40:58.639+0000] {dagbag.py:540} INFO - Filling up the DagBag from /home/airflow/.local/lib/python3.10/site-packages/airflow/example_dags/example_dag_decorator.py
[2024-04-16T21:40:58.714+0000] {processor.py:840} INFO - DAG(s) 'example_dag_decorator' retrieved from /home/airflow/.local/lib/python3.10/site-packages/airflow/example_dags/example_dag_decorator.py
[2024-04-16T21:40:58.796+0000] {logging_mixin.py:188} INFO - [2024-04-16T21:40:58.796+0000] {dag.py:3047} INFO - Sync 1 DAGs
[2024-04-16T21:40:58.805+0000] {logging_mixin.py:188} INFO - [2024-04-16T21:40:58.805+0000] {dag.py:3834} INFO - Setting next_dagrun for example_dag_decorator to None, run_after=None
[2024-04-16T21:40:58.822+0000] {processor.py:183} INFO - Processing /home/airflow/.local/lib/python3.10/site-packages/airflow/example_dags/example_dag_decorator.py took 0.188 seconds
[2024-04-16T21:41:29.107+0000] {processor.py:161} INFO - Started process (PID=893) to work on /home/airflow/.local/lib/python3.10/site-packages/airflow/example_dags/example_dag_decorator.py
[2024-04-16T21:41:29.108+0000] {processor.py:830} INFO - Processing file /home/airflow/.local/lib/python3.10/site-packages/airflow/example_dags/example_dag_decorator.py for tasks to queue
[2024-04-16T21:41:29.110+0000] {logging_mixin.py:188} INFO - [2024-04-16T21:41:29.109+0000] {dagbag.py:540} INFO - Filling up the DagBag from /home/airflow/.local/lib/python3.10/site-packages/airflow/example_dags/example_dag_decorator.py
[2024-04-16T21:41:29.186+0000] {processor.py:840} INFO - DAG(s) 'example_dag_decorator' retrieved from /home/airflow/.local/lib/python3.10/site-packages/airflow/example_dags/example_dag_decorator.py
[2024-04-16T21:41:29.272+0000] {logging_mixin.py:188} INFO - [2024-04-16T21:41:29.272+0000] {dag.py:3047} INFO - Sync 1 DAGs
[2024-04-16T21:41:29.281+0000] {logging_mixin.py:188} INFO - [2024-04-16T21:41:29.281+0000] {dag.py:3834} INFO - Setting next_dagrun for example_dag_decorator to None, run_after=None
[2024-04-16T21:41:29.297+0000] {processor.py:183} INFO - Processing /home/airflow/.local/lib/python3.10/site-packages/airflow/example_dags/example_dag_decorator.py took 0.193 seconds
[2024-04-16T21:41:59.611+0000] {processor.py:161} INFO - Started process (PID=950) to work on /home/airflow/.local/lib/python3.10/site-packages/airflow/example_dags/example_dag_decorator.py
[2024-04-16T21:41:59.612+0000] {processor.py:830} INFO - Processing file /home/airflow/.local/lib/python3.10/site-packages/airflow/example_dags/example_dag_decorator.py for tasks to queue
[2024-04-16T21:41:59.613+0000] {logging_mixin.py:188} INFO - [2024-04-16T21:41:59.613+0000] {dagbag.py:540} INFO - Filling up the DagBag from /home/airflow/.local/lib/python3.10/site-packages/airflow/example_dags/example_dag_decorator.py
[2024-04-16T21:41:59.687+0000] {processor.py:840} INFO - DAG(s) 'example_dag_decorator' retrieved from /home/airflow/.local/lib/python3.10/site-packages/airflow/example_dags/example_dag_decorator.py
[2024-04-16T21:41:59.771+0000] {logging_mixin.py:188} INFO - [2024-04-16T21:41:59.771+0000] {dag.py:3047} INFO - Sync 1 DAGs
[2024-04-16T21:41:59.784+0000] {logging_mixin.py:188} INFO - [2024-04-16T21:41:59.783+0000] {dag.py:3834} INFO - Setting next_dagrun for example_dag_decorator to None, run_after=None
[2024-04-16T21:41:59.800+0000] {processor.py:183} INFO - Processing /home/airflow/.local/lib/python3.10/site-packages/airflow/example_dags/example_dag_decorator.py took 0.193 seconds
[2024-04-16T21:42:30.048+0000] {processor.py:161} INFO - Started process (PID=1007) to work on /home/airflow/.local/lib/python3.10/site-packages/airflow/example_dags/example_dag_decorator.py
[2024-04-16T21:42:30.049+0000] {processor.py:830} INFO - Processing file /home/airflow/.local/lib/python3.10/site-packages/airflow/example_dags/example_dag_decorator.py for tasks to queue
[2024-04-16T21:42:30.051+0000] {logging_mixin.py:188} INFO - [2024-04-16T21:42:30.050+0000] {dagbag.py:540} INFO - Filling up the DagBag from /home/airflow/.local/lib/python3.10/site-packages/airflow/example_dags/example_dag_decorator.py
[2024-04-16T21:42:30.128+0000] {processor.py:840} INFO - DAG(s) 'example_dag_decorator' retrieved from /home/airflow/.local/lib/python3.10/site-packages/airflow/example_dags/example_dag_decorator.py
[2024-04-16T21:42:30.211+0000] {logging_mixin.py:188} INFO - [2024-04-16T21:42:30.211+0000] {dag.py:3047} INFO - Sync 1 DAGs
[2024-04-16T21:42:30.220+0000] {logging_mixin.py:188} INFO - [2024-04-16T21:42:30.220+0000] {dag.py:3834} INFO - Setting next_dagrun for example_dag_decorator to None, run_after=None
[2024-04-16T21:42:30.239+0000] {processor.py:183} INFO - Processing /home/airflow/.local/lib/python3.10/site-packages/airflow/example_dags/example_dag_decorator.py took 0.194 seconds
[2024-04-16T21:43:00.583+0000] {processor.py:161} INFO - Started process (PID=1064) to work on /home/airflow/.local/lib/python3.10/site-packages/airflow/example_dags/example_dag_decorator.py
[2024-04-16T21:43:00.584+0000] {processor.py:830} INFO - Processing file /home/airflow/.local/lib/python3.10/site-packages/airflow/example_dags/example_dag_decorator.py for tasks to queue
[2024-04-16T21:43:00.586+0000] {logging_mixin.py:188} INFO - [2024-04-16T21:43:00.586+0000] {dagbag.py:540} INFO - Filling up the DagBag from /home/airflow/.local/lib/python3.10/site-packages/airflow/example_dags/example_dag_decorator.py
[2024-04-16T21:43:00.660+0000] {processor.py:840} INFO - DAG(s) 'example_dag_decorator' retrieved from /home/airflow/.local/lib/python3.10/site-packages/airflow/example_dags/example_dag_decorator.py
[2024-04-16T21:43:00.749+0000] {logging_mixin.py:188} INFO - [2024-04-16T21:43:00.749+0000] {dag.py:3047} INFO - Sync 1 DAGs
[2024-04-16T21:43:00.759+0000] {logging_mixin.py:188} INFO - [2024-04-16T21:43:00.759+0000] {dag.py:3834} INFO - Setting next_dagrun for example_dag_decorator to None, run_after=None
[2024-04-16T21:43:00.778+0000] {processor.py:183} INFO - Processing /home/airflow/.local/lib/python3.10/site-packages/airflow/example_dags/example_dag_decorator.py took 0.198 seconds
[2024-04-16T21:43:31.164+0000] {processor.py:161} INFO - Started process (PID=1121) to work on /home/airflow/.local/lib/python3.10/site-packages/airflow/example_dags/example_dag_decorator.py
[2024-04-16T21:43:31.164+0000] {processor.py:830} INFO - Processing file /home/airflow/.local/lib/python3.10/site-packages/airflow/example_dags/example_dag_decorator.py for tasks to queue
[2024-04-16T21:43:31.166+0000] {logging_mixin.py:188} INFO - [2024-04-16T21:43:31.166+0000] {dagbag.py:540} INFO - Filling up the DagBag from /home/airflow/.local/lib/python3.10/site-packages/airflow/example_dags/example_dag_decorator.py
[2024-04-16T21:43:31.244+0000] {processor.py:840} INFO - DAG(s) 'example_dag_decorator' retrieved from /home/airflow/.local/lib/python3.10/site-packages/airflow/example_dags/example_dag_decorator.py
[2024-04-16T21:43:31.332+0000] {logging_mixin.py:188} INFO - [2024-04-16T21:43:31.331+0000] {dag.py:3047} INFO - Sync 1 DAGs
[2024-04-16T21:43:31.341+0000] {logging_mixin.py:188} INFO - [2024-04-16T21:43:31.340+0000] {dag.py:3834} INFO - Setting next_dagrun for example_dag_decorator to None, run_after=None
[2024-04-16T21:43:31.360+0000] {processor.py:183} INFO - Processing /home/airflow/.local/lib/python3.10/site-packages/airflow/example_dags/example_dag_decorator.py took 0.199 seconds
[2024-04-16T21:44:01.750+0000] {processor.py:161} INFO - Started process (PID=1178) to work on /home/airflow/.local/lib/python3.10/site-packages/airflow/example_dags/example_dag_decorator.py
[2024-04-16T21:44:01.751+0000] {processor.py:830} INFO - Processing file /home/airflow/.local/lib/python3.10/site-packages/airflow/example_dags/example_dag_decorator.py for tasks to queue
[2024-04-16T21:44:01.752+0000] {logging_mixin.py:188} INFO - [2024-04-16T21:44:01.752+0000] {dagbag.py:540} INFO - Filling up the DagBag from /home/airflow/.local/lib/python3.10/site-packages/airflow/example_dags/example_dag_decorator.py
[2024-04-16T21:44:01.829+0000] {processor.py:840} INFO - DAG(s) 'example_dag_decorator' retrieved from /home/airflow/.local/lib/python3.10/site-packages/airflow/example_dags/example_dag_decorator.py
[2024-04-16T21:44:01.853+0000] {logging_mixin.py:188} INFO - [2024-04-16T21:44:01.853+0000] {dag.py:3047} INFO - Sync 1 DAGs
[2024-04-16T21:44:01.864+0000] {logging_mixin.py:188} INFO - [2024-04-16T21:44:01.864+0000] {dag.py:3834} INFO - Setting next_dagrun for example_dag_decorator to None, run_after=None
[2024-04-16T21:44:01.881+0000] {processor.py:183} INFO - Processing /home/airflow/.local/lib/python3.10/site-packages/airflow/example_dags/example_dag_decorator.py took 0.134 seconds
[2024-04-16T21:44:32.252+0000] {processor.py:161} INFO - Started process (PID=1235) to work on /home/airflow/.local/lib/python3.10/site-packages/airflow/example_dags/example_dag_decorator.py
[2024-04-16T21:44:32.253+0000] {processor.py:830} INFO - Processing file /home/airflow/.local/lib/python3.10/site-packages/airflow/example_dags/example_dag_decorator.py for tasks to queue
[2024-04-16T21:44:32.255+0000] {logging_mixin.py:188} INFO - [2024-04-16T21:44:32.255+0000] {dagbag.py:540} INFO - Filling up the DagBag from /home/airflow/.local/lib/python3.10/site-packages/airflow/example_dags/example_dag_decorator.py
[2024-04-16T21:44:32.332+0000] {processor.py:840} INFO - DAG(s) 'example_dag_decorator' retrieved from /home/airflow/.local/lib/python3.10/site-packages/airflow/example_dags/example_dag_decorator.py
[2024-04-16T21:44:32.413+0000] {logging_mixin.py:188} INFO - [2024-04-16T21:44:32.413+0000] {dag.py:3047} INFO - Sync 1 DAGs
[2024-04-16T21:44:32.423+0000] {logging_mixin.py:188} INFO - [2024-04-16T21:44:32.423+0000] {dag.py:3834} INFO - Setting next_dagrun for example_dag_decorator to None, run_after=None
[2024-04-16T21:44:32.442+0000] {processor.py:183} INFO - Processing /home/airflow/.local/lib/python3.10/site-packages/airflow/example_dags/example_dag_decorator.py took 0.192 seconds
[2024-04-16T21:45:02.845+0000] {processor.py:161} INFO - Started process (PID=1292) to work on /home/airflow/.local/lib/python3.10/site-packages/airflow/example_dags/example_dag_decorator.py
[2024-04-16T21:45:02.846+0000] {processor.py:830} INFO - Processing file /home/airflow/.local/lib/python3.10/site-packages/airflow/example_dags/example_dag_decorator.py for tasks to queue
[2024-04-16T21:45:02.848+0000] {logging_mixin.py:188} INFO - [2024-04-16T21:45:02.847+0000] {dagbag.py:540} INFO - Filling up the DagBag from /home/airflow/.local/lib/python3.10/site-packages/airflow/example_dags/example_dag_decorator.py
[2024-04-16T21:45:02.927+0000] {processor.py:840} INFO - DAG(s) 'example_dag_decorator' retrieved from /home/airflow/.local/lib/python3.10/site-packages/airflow/example_dags/example_dag_decorator.py
[2024-04-16T21:45:02.949+0000] {logging_mixin.py:188} INFO - [2024-04-16T21:45:02.948+0000] {dag.py:3047} INFO - Sync 1 DAGs
[2024-04-16T21:45:02.960+0000] {logging_mixin.py:188} INFO - [2024-04-16T21:45:02.960+0000] {dag.py:3834} INFO - Setting next_dagrun for example_dag_decorator to None, run_after=None
[2024-04-16T21:45:02.976+0000] {processor.py:183} INFO - Processing /home/airflow/.local/lib/python3.10/site-packages/airflow/example_dags/example_dag_decorator.py took 0.135 seconds
[2024-04-16T21:45:33.459+0000] {processor.py:161} INFO - Started process (PID=1349) to work on /home/airflow/.local/lib/python3.10/site-packages/airflow/example_dags/example_dag_decorator.py
[2024-04-16T21:45:33.460+0000] {processor.py:830} INFO - Processing file /home/airflow/.local/lib/python3.10/site-packages/airflow/example_dags/example_dag_decorator.py for tasks to queue
[2024-04-16T21:45:33.462+0000] {logging_mixin.py:188} INFO - [2024-04-16T21:45:33.461+0000] {dagbag.py:540} INFO - Filling up the DagBag from /home/airflow/.local/lib/python3.10/site-packages/airflow/example_dags/example_dag_decorator.py
[2024-04-16T21:45:33.547+0000] {processor.py:840} INFO - DAG(s) 'example_dag_decorator' retrieved from /home/airflow/.local/lib/python3.10/site-packages/airflow/example_dags/example_dag_decorator.py
[2024-04-16T21:45:33.567+0000] {logging_mixin.py:188} INFO - [2024-04-16T21:45:33.567+0000] {dag.py:3047} INFO - Sync 1 DAGs
[2024-04-16T21:45:33.580+0000] {logging_mixin.py:188} INFO - [2024-04-16T21:45:33.580+0000] {dag.py:3834} INFO - Setting next_dagrun for example_dag_decorator to None, run_after=None
[2024-04-16T21:45:33.597+0000] {processor.py:183} INFO - Processing /home/airflow/.local/lib/python3.10/site-packages/airflow/example_dags/example_dag_decorator.py took 0.142 seconds
