[2024-04-16T21:29:11.922+0000] {processor.py:161} INFO - Started process (PID=59) to work on /home/airflow/.local/lib/python3.10/site-packages/airflow/example_dags/example_external_task_marker_dag.py
[2024-04-16T21:29:11.923+0000] {processor.py:830} INFO - Processing file /home/airflow/.local/lib/python3.10/site-packages/airflow/example_dags/example_external_task_marker_dag.py for tasks to queue
[2024-04-16T21:29:11.925+0000] {logging_mixin.py:188} INFO - [2024-04-16T21:29:11.924+0000] {dagbag.py:540} INFO - Filling up the DagBag from /home/airflow/.local/lib/python3.10/site-packages/airflow/example_dags/example_external_task_marker_dag.py
[2024-04-16T21:29:11.931+0000] {processor.py:840} INFO - DAG(s) 'example_external_task_marker_parent', 'example_external_task_marker_child' retrieved from /home/airflow/.local/lib/python3.10/site-packages/airflow/example_dags/example_external_task_marker_dag.py
[2024-04-16T21:29:11.942+0000] {logging_mixin.py:188} INFO - [2024-04-16T21:29:11.942+0000] {dag.py:3047} INFO - Sync 2 DAGs
[2024-04-16T21:29:11.955+0000] {logging_mixin.py:188} INFO - [2024-04-16T21:29:11.955+0000] {dag.py:3834} INFO - Setting next_dagrun for example_external_task_marker_child to None, run_after=None
[2024-04-16T21:29:11.960+0000] {logging_mixin.py:188} INFO - [2024-04-16T21:29:11.959+0000] {dag.py:3834} INFO - Setting next_dagrun for example_external_task_marker_parent to None, run_after=None
[2024-04-16T21:29:11.978+0000] {processor.py:183} INFO - Processing /home/airflow/.local/lib/python3.10/site-packages/airflow/example_dags/example_external_task_marker_dag.py took 0.059 seconds
[2024-04-16T21:29:43.509+0000] {processor.py:161} INFO - Started process (PID=114) to work on /home/airflow/.local/lib/python3.10/site-packages/airflow/example_dags/example_external_task_marker_dag.py
[2024-04-16T21:29:43.510+0000] {processor.py:830} INFO - Processing file /home/airflow/.local/lib/python3.10/site-packages/airflow/example_dags/example_external_task_marker_dag.py for tasks to queue
[2024-04-16T21:29:43.512+0000] {logging_mixin.py:188} INFO - [2024-04-16T21:29:43.512+0000] {dagbag.py:540} INFO - Filling up the DagBag from /home/airflow/.local/lib/python3.10/site-packages/airflow/example_dags/example_external_task_marker_dag.py
[2024-04-16T21:29:43.518+0000] {processor.py:840} INFO - DAG(s) 'example_external_task_marker_parent', 'example_external_task_marker_child' retrieved from /home/airflow/.local/lib/python3.10/site-packages/airflow/example_dags/example_external_task_marker_dag.py
[2024-04-16T21:29:43.615+0000] {logging_mixin.py:188} INFO - [2024-04-16T21:29:43.615+0000] {dag.py:3047} INFO - Sync 2 DAGs
[2024-04-16T21:29:43.624+0000] {logging_mixin.py:188} INFO - [2024-04-16T21:29:43.624+0000] {dag.py:3834} INFO - Setting next_dagrun for example_external_task_marker_child to None, run_after=None
[2024-04-16T21:29:43.627+0000] {logging_mixin.py:188} INFO - [2024-04-16T21:29:43.627+0000] {dag.py:3834} INFO - Setting next_dagrun for example_external_task_marker_parent to None, run_after=None
[2024-04-16T21:29:43.642+0000] {processor.py:183} INFO - Processing /home/airflow/.local/lib/python3.10/site-packages/airflow/example_dags/example_external_task_marker_dag.py took 0.136 seconds
[2024-04-16T21:30:13.828+0000] {processor.py:161} INFO - Started process (PID=169) to work on /home/airflow/.local/lib/python3.10/site-packages/airflow/example_dags/example_external_task_marker_dag.py
[2024-04-16T21:30:13.829+0000] {processor.py:830} INFO - Processing file /home/airflow/.local/lib/python3.10/site-packages/airflow/example_dags/example_external_task_marker_dag.py for tasks to queue
[2024-04-16T21:30:13.831+0000] {logging_mixin.py:188} INFO - [2024-04-16T21:30:13.831+0000] {dagbag.py:540} INFO - Filling up the DagBag from /home/airflow/.local/lib/python3.10/site-packages/airflow/example_dags/example_external_task_marker_dag.py
[2024-04-16T21:30:13.839+0000] {processor.py:840} INFO - DAG(s) 'example_external_task_marker_parent', 'example_external_task_marker_child' retrieved from /home/airflow/.local/lib/python3.10/site-packages/airflow/example_dags/example_external_task_marker_dag.py
[2024-04-16T21:30:13.859+0000] {logging_mixin.py:188} INFO - [2024-04-16T21:30:13.859+0000] {dag.py:3047} INFO - Sync 2 DAGs
[2024-04-16T21:30:13.870+0000] {logging_mixin.py:188} INFO - [2024-04-16T21:30:13.869+0000] {dag.py:3834} INFO - Setting next_dagrun for example_external_task_marker_child to None, run_after=None
[2024-04-16T21:30:13.874+0000] {logging_mixin.py:188} INFO - [2024-04-16T21:30:13.873+0000] {dag.py:3834} INFO - Setting next_dagrun for example_external_task_marker_parent to None, run_after=None
[2024-04-16T21:30:13.887+0000] {processor.py:183} INFO - Processing /home/airflow/.local/lib/python3.10/site-packages/airflow/example_dags/example_external_task_marker_dag.py took 0.063 seconds
[2024-04-16T21:30:44.259+0000] {processor.py:161} INFO - Started process (PID=224) to work on /home/airflow/.local/lib/python3.10/site-packages/airflow/example_dags/example_external_task_marker_dag.py
[2024-04-16T21:30:44.259+0000] {processor.py:830} INFO - Processing file /home/airflow/.local/lib/python3.10/site-packages/airflow/example_dags/example_external_task_marker_dag.py for tasks to queue
[2024-04-16T21:30:44.261+0000] {logging_mixin.py:188} INFO - [2024-04-16T21:30:44.261+0000] {dagbag.py:540} INFO - Filling up the DagBag from /home/airflow/.local/lib/python3.10/site-packages/airflow/example_dags/example_external_task_marker_dag.py
[2024-04-16T21:30:44.267+0000] {processor.py:840} INFO - DAG(s) 'example_external_task_marker_parent', 'example_external_task_marker_child' retrieved from /home/airflow/.local/lib/python3.10/site-packages/airflow/example_dags/example_external_task_marker_dag.py
[2024-04-16T21:30:44.285+0000] {logging_mixin.py:188} INFO - [2024-04-16T21:30:44.285+0000] {dag.py:3047} INFO - Sync 2 DAGs
[2024-04-16T21:30:44.296+0000] {logging_mixin.py:188} INFO - [2024-04-16T21:30:44.296+0000] {dag.py:3834} INFO - Setting next_dagrun for example_external_task_marker_child to None, run_after=None
[2024-04-16T21:30:44.300+0000] {logging_mixin.py:188} INFO - [2024-04-16T21:30:44.299+0000] {dag.py:3834} INFO - Setting next_dagrun for example_external_task_marker_parent to None, run_after=None
[2024-04-16T21:30:44.315+0000] {processor.py:183} INFO - Processing /home/airflow/.local/lib/python3.10/site-packages/airflow/example_dags/example_external_task_marker_dag.py took 0.059 seconds
[2024-04-16T21:31:15.121+0000] {processor.py:161} INFO - Started process (PID=279) to work on /home/airflow/.local/lib/python3.10/site-packages/airflow/example_dags/example_external_task_marker_dag.py
[2024-04-16T21:31:15.122+0000] {processor.py:830} INFO - Processing file /home/airflow/.local/lib/python3.10/site-packages/airflow/example_dags/example_external_task_marker_dag.py for tasks to queue
[2024-04-16T21:31:15.124+0000] {logging_mixin.py:188} INFO - [2024-04-16T21:31:15.123+0000] {dagbag.py:540} INFO - Filling up the DagBag from /home/airflow/.local/lib/python3.10/site-packages/airflow/example_dags/example_external_task_marker_dag.py
[2024-04-16T21:31:15.129+0000] {processor.py:840} INFO - DAG(s) 'example_external_task_marker_child', 'example_external_task_marker_parent' retrieved from /home/airflow/.local/lib/python3.10/site-packages/airflow/example_dags/example_external_task_marker_dag.py
[2024-04-16T21:31:15.151+0000] {logging_mixin.py:188} INFO - [2024-04-16T21:31:15.151+0000] {dag.py:3047} INFO - Sync 2 DAGs
[2024-04-16T21:31:15.163+0000] {logging_mixin.py:188} INFO - [2024-04-16T21:31:15.162+0000] {dag.py:3834} INFO - Setting next_dagrun for example_external_task_marker_child to None, run_after=None
[2024-04-16T21:31:15.168+0000] {logging_mixin.py:188} INFO - [2024-04-16T21:31:15.167+0000] {dag.py:3834} INFO - Setting next_dagrun for example_external_task_marker_parent to None, run_after=None
[2024-04-16T21:31:15.190+0000] {processor.py:183} INFO - Processing /home/airflow/.local/lib/python3.10/site-packages/airflow/example_dags/example_external_task_marker_dag.py took 0.073 seconds
[2024-04-16T21:32:12.982+0000] {processor.py:161} INFO - Started process (PID=61) to work on /home/airflow/.local/lib/python3.10/site-packages/airflow/example_dags/example_external_task_marker_dag.py
[2024-04-16T21:32:12.983+0000] {processor.py:830} INFO - Processing file /home/airflow/.local/lib/python3.10/site-packages/airflow/example_dags/example_external_task_marker_dag.py for tasks to queue
[2024-04-16T21:32:12.984+0000] {logging_mixin.py:188} INFO - [2024-04-16T21:32:12.984+0000] {dagbag.py:540} INFO - Filling up the DagBag from /home/airflow/.local/lib/python3.10/site-packages/airflow/example_dags/example_external_task_marker_dag.py
[2024-04-16T21:32:12.990+0000] {processor.py:840} INFO - DAG(s) 'example_external_task_marker_child', 'example_external_task_marker_parent' retrieved from /home/airflow/.local/lib/python3.10/site-packages/airflow/example_dags/example_external_task_marker_dag.py
[2024-04-16T21:32:13.012+0000] {logging_mixin.py:188} INFO - [2024-04-16T21:32:13.011+0000] {dag.py:3047} INFO - Sync 2 DAGs
[2024-04-16T21:32:13.026+0000] {logging_mixin.py:188} INFO - [2024-04-16T21:32:13.026+0000] {dag.py:3834} INFO - Setting next_dagrun for example_external_task_marker_child to None, run_after=None
[2024-04-16T21:32:13.030+0000] {logging_mixin.py:188} INFO - [2024-04-16T21:32:13.030+0000] {dag.py:3834} INFO - Setting next_dagrun for example_external_task_marker_parent to None, run_after=None
[2024-04-16T21:32:13.044+0000] {processor.py:183} INFO - Processing /home/airflow/.local/lib/python3.10/site-packages/airflow/example_dags/example_external_task_marker_dag.py took 0.066 seconds
[2024-04-16T21:32:44.514+0000] {processor.py:161} INFO - Started process (PID=118) to work on /home/airflow/.local/lib/python3.10/site-packages/airflow/example_dags/example_external_task_marker_dag.py
[2024-04-16T21:32:44.515+0000] {processor.py:830} INFO - Processing file /home/airflow/.local/lib/python3.10/site-packages/airflow/example_dags/example_external_task_marker_dag.py for tasks to queue
[2024-04-16T21:32:44.517+0000] {logging_mixin.py:188} INFO - [2024-04-16T21:32:44.516+0000] {dagbag.py:540} INFO - Filling up the DagBag from /home/airflow/.local/lib/python3.10/site-packages/airflow/example_dags/example_external_task_marker_dag.py
[2024-04-16T21:32:44.522+0000] {processor.py:840} INFO - DAG(s) 'example_external_task_marker_parent', 'example_external_task_marker_child' retrieved from /home/airflow/.local/lib/python3.10/site-packages/airflow/example_dags/example_external_task_marker_dag.py
[2024-04-16T21:32:44.615+0000] {logging_mixin.py:188} INFO - [2024-04-16T21:32:44.615+0000] {dag.py:3047} INFO - Sync 2 DAGs
[2024-04-16T21:32:44.628+0000] {logging_mixin.py:188} INFO - [2024-04-16T21:32:44.628+0000] {dag.py:3834} INFO - Setting next_dagrun for example_external_task_marker_child to None, run_after=None
[2024-04-16T21:32:44.631+0000] {logging_mixin.py:188} INFO - [2024-04-16T21:32:44.631+0000] {dag.py:3834} INFO - Setting next_dagrun for example_external_task_marker_parent to None, run_after=None
[2024-04-16T21:32:44.648+0000] {processor.py:183} INFO - Processing /home/airflow/.local/lib/python3.10/site-packages/airflow/example_dags/example_external_task_marker_dag.py took 0.137 seconds
[2024-04-16T21:33:51.170+0000] {processor.py:161} INFO - Started process (PID=61) to work on /home/airflow/.local/lib/python3.10/site-packages/airflow/example_dags/example_external_task_marker_dag.py
[2024-04-16T21:33:51.172+0000] {processor.py:830} INFO - Processing file /home/airflow/.local/lib/python3.10/site-packages/airflow/example_dags/example_external_task_marker_dag.py for tasks to queue
[2024-04-16T21:33:51.174+0000] {logging_mixin.py:188} INFO - [2024-04-16T21:33:51.173+0000] {dagbag.py:540} INFO - Filling up the DagBag from /home/airflow/.local/lib/python3.10/site-packages/airflow/example_dags/example_external_task_marker_dag.py
[2024-04-16T21:33:51.180+0000] {processor.py:840} INFO - DAG(s) 'example_external_task_marker_child', 'example_external_task_marker_parent' retrieved from /home/airflow/.local/lib/python3.10/site-packages/airflow/example_dags/example_external_task_marker_dag.py
[2024-04-16T21:33:51.192+0000] {logging_mixin.py:188} INFO - [2024-04-16T21:33:51.192+0000] {dag.py:3047} INFO - Sync 2 DAGs
[2024-04-16T21:33:51.205+0000] {logging_mixin.py:188} INFO - [2024-04-16T21:33:51.205+0000] {dag.py:3834} INFO - Setting next_dagrun for example_external_task_marker_child to None, run_after=None
[2024-04-16T21:33:51.209+0000] {logging_mixin.py:188} INFO - [2024-04-16T21:33:51.209+0000] {dag.py:3834} INFO - Setting next_dagrun for example_external_task_marker_parent to None, run_after=None
[2024-04-16T21:33:51.231+0000] {processor.py:183} INFO - Processing /home/airflow/.local/lib/python3.10/site-packages/airflow/example_dags/example_external_task_marker_dag.py took 0.064 seconds
[2024-04-16T21:34:22.678+0000] {processor.py:161} INFO - Started process (PID=118) to work on /home/airflow/.local/lib/python3.10/site-packages/airflow/example_dags/example_external_task_marker_dag.py
[2024-04-16T21:34:22.679+0000] {processor.py:830} INFO - Processing file /home/airflow/.local/lib/python3.10/site-packages/airflow/example_dags/example_external_task_marker_dag.py for tasks to queue
[2024-04-16T21:34:22.682+0000] {logging_mixin.py:188} INFO - [2024-04-16T21:34:22.681+0000] {dagbag.py:540} INFO - Filling up the DagBag from /home/airflow/.local/lib/python3.10/site-packages/airflow/example_dags/example_external_task_marker_dag.py
[2024-04-16T21:34:22.689+0000] {processor.py:840} INFO - DAG(s) 'example_external_task_marker_child', 'example_external_task_marker_parent' retrieved from /home/airflow/.local/lib/python3.10/site-packages/airflow/example_dags/example_external_task_marker_dag.py
[2024-04-16T21:34:22.802+0000] {logging_mixin.py:188} INFO - [2024-04-16T21:34:22.801+0000] {dag.py:3047} INFO - Sync 2 DAGs
[2024-04-16T21:34:22.815+0000] {logging_mixin.py:188} INFO - [2024-04-16T21:34:22.815+0000] {dag.py:3834} INFO - Setting next_dagrun for example_external_task_marker_child to None, run_after=None
[2024-04-16T21:34:22.820+0000] {logging_mixin.py:188} INFO - [2024-04-16T21:34:22.820+0000] {dag.py:3834} INFO - Setting next_dagrun for example_external_task_marker_parent to None, run_after=None
[2024-04-16T21:34:22.841+0000] {processor.py:183} INFO - Processing /home/airflow/.local/lib/python3.10/site-packages/airflow/example_dags/example_external_task_marker_dag.py took 0.166 seconds
[2024-04-16T21:34:53.688+0000] {processor.py:161} INFO - Started process (PID=175) to work on /home/airflow/.local/lib/python3.10/site-packages/airflow/example_dags/example_external_task_marker_dag.py
[2024-04-16T21:34:53.689+0000] {processor.py:830} INFO - Processing file /home/airflow/.local/lib/python3.10/site-packages/airflow/example_dags/example_external_task_marker_dag.py for tasks to queue
[2024-04-16T21:34:53.691+0000] {logging_mixin.py:188} INFO - [2024-04-16T21:34:53.691+0000] {dagbag.py:540} INFO - Filling up the DagBag from /home/airflow/.local/lib/python3.10/site-packages/airflow/example_dags/example_external_task_marker_dag.py
[2024-04-16T21:34:53.696+0000] {processor.py:840} INFO - DAG(s) 'example_external_task_marker_parent', 'example_external_task_marker_child' retrieved from /home/airflow/.local/lib/python3.10/site-packages/airflow/example_dags/example_external_task_marker_dag.py
[2024-04-16T21:34:53.719+0000] {logging_mixin.py:188} INFO - [2024-04-16T21:34:53.718+0000] {dag.py:3047} INFO - Sync 2 DAGs
[2024-04-16T21:34:53.732+0000] {logging_mixin.py:188} INFO - [2024-04-16T21:34:53.731+0000] {dag.py:3834} INFO - Setting next_dagrun for example_external_task_marker_child to None, run_after=None
[2024-04-16T21:34:53.736+0000] {logging_mixin.py:188} INFO - [2024-04-16T21:34:53.735+0000] {dag.py:3834} INFO - Setting next_dagrun for example_external_task_marker_parent to None, run_after=None
[2024-04-16T21:34:53.753+0000] {processor.py:183} INFO - Processing /home/airflow/.local/lib/python3.10/site-packages/airflow/example_dags/example_external_task_marker_dag.py took 0.068 seconds
[2024-04-16T21:35:23.821+0000] {processor.py:161} INFO - Started process (PID=232) to work on /home/airflow/.local/lib/python3.10/site-packages/airflow/example_dags/example_external_task_marker_dag.py
[2024-04-16T21:35:23.822+0000] {processor.py:830} INFO - Processing file /home/airflow/.local/lib/python3.10/site-packages/airflow/example_dags/example_external_task_marker_dag.py for tasks to queue
[2024-04-16T21:35:23.824+0000] {logging_mixin.py:188} INFO - [2024-04-16T21:35:23.823+0000] {dagbag.py:540} INFO - Filling up the DagBag from /home/airflow/.local/lib/python3.10/site-packages/airflow/example_dags/example_external_task_marker_dag.py
[2024-04-16T21:35:23.829+0000] {processor.py:840} INFO - DAG(s) 'example_external_task_marker_child', 'example_external_task_marker_parent' retrieved from /home/airflow/.local/lib/python3.10/site-packages/airflow/example_dags/example_external_task_marker_dag.py
[2024-04-16T21:35:23.850+0000] {logging_mixin.py:188} INFO - [2024-04-16T21:35:23.850+0000] {dag.py:3047} INFO - Sync 2 DAGs
[2024-04-16T21:35:23.863+0000] {logging_mixin.py:188} INFO - [2024-04-16T21:35:23.862+0000] {dag.py:3834} INFO - Setting next_dagrun for example_external_task_marker_child to None, run_after=None
[2024-04-16T21:35:23.866+0000] {logging_mixin.py:188} INFO - [2024-04-16T21:35:23.866+0000] {dag.py:3834} INFO - Setting next_dagrun for example_external_task_marker_parent to None, run_after=None
[2024-04-16T21:35:23.887+0000] {processor.py:183} INFO - Processing /home/airflow/.local/lib/python3.10/site-packages/airflow/example_dags/example_external_task_marker_dag.py took 0.070 seconds
[2024-04-16T21:35:54.752+0000] {processor.py:161} INFO - Started process (PID=289) to work on /home/airflow/.local/lib/python3.10/site-packages/airflow/example_dags/example_external_task_marker_dag.py
[2024-04-16T21:35:54.753+0000] {processor.py:830} INFO - Processing file /home/airflow/.local/lib/python3.10/site-packages/airflow/example_dags/example_external_task_marker_dag.py for tasks to queue
[2024-04-16T21:35:54.755+0000] {logging_mixin.py:188} INFO - [2024-04-16T21:35:54.755+0000] {dagbag.py:540} INFO - Filling up the DagBag from /home/airflow/.local/lib/python3.10/site-packages/airflow/example_dags/example_external_task_marker_dag.py
[2024-04-16T21:35:54.760+0000] {processor.py:840} INFO - DAG(s) 'example_external_task_marker_child', 'example_external_task_marker_parent' retrieved from /home/airflow/.local/lib/python3.10/site-packages/airflow/example_dags/example_external_task_marker_dag.py
[2024-04-16T21:35:54.782+0000] {logging_mixin.py:188} INFO - [2024-04-16T21:35:54.781+0000] {dag.py:3047} INFO - Sync 2 DAGs
[2024-04-16T21:35:54.793+0000] {logging_mixin.py:188} INFO - [2024-04-16T21:35:54.793+0000] {dag.py:3834} INFO - Setting next_dagrun for example_external_task_marker_child to None, run_after=None
[2024-04-16T21:35:54.797+0000] {logging_mixin.py:188} INFO - [2024-04-16T21:35:54.797+0000] {dag.py:3834} INFO - Setting next_dagrun for example_external_task_marker_parent to None, run_after=None
[2024-04-16T21:35:54.812+0000] {processor.py:183} INFO - Processing /home/airflow/.local/lib/python3.10/site-packages/airflow/example_dags/example_external_task_marker_dag.py took 0.062 seconds
[2024-04-16T21:36:25.279+0000] {processor.py:161} INFO - Started process (PID=346) to work on /home/airflow/.local/lib/python3.10/site-packages/airflow/example_dags/example_external_task_marker_dag.py
[2024-04-16T21:36:25.280+0000] {processor.py:830} INFO - Processing file /home/airflow/.local/lib/python3.10/site-packages/airflow/example_dags/example_external_task_marker_dag.py for tasks to queue
[2024-04-16T21:36:25.281+0000] {logging_mixin.py:188} INFO - [2024-04-16T21:36:25.281+0000] {dagbag.py:540} INFO - Filling up the DagBag from /home/airflow/.local/lib/python3.10/site-packages/airflow/example_dags/example_external_task_marker_dag.py
[2024-04-16T21:36:25.287+0000] {processor.py:840} INFO - DAG(s) 'example_external_task_marker_child', 'example_external_task_marker_parent' retrieved from /home/airflow/.local/lib/python3.10/site-packages/airflow/example_dags/example_external_task_marker_dag.py
[2024-04-16T21:36:25.307+0000] {logging_mixin.py:188} INFO - [2024-04-16T21:36:25.307+0000] {dag.py:3047} INFO - Sync 2 DAGs
[2024-04-16T21:36:25.318+0000] {logging_mixin.py:188} INFO - [2024-04-16T21:36:25.317+0000] {dag.py:3834} INFO - Setting next_dagrun for example_external_task_marker_child to None, run_after=None
[2024-04-16T21:36:25.321+0000] {logging_mixin.py:188} INFO - [2024-04-16T21:36:25.321+0000] {dag.py:3834} INFO - Setting next_dagrun for example_external_task_marker_parent to None, run_after=None
[2024-04-16T21:36:25.338+0000] {processor.py:183} INFO - Processing /home/airflow/.local/lib/python3.10/site-packages/airflow/example_dags/example_external_task_marker_dag.py took 0.062 seconds
[2024-04-16T21:36:55.926+0000] {processor.py:161} INFO - Started process (PID=403) to work on /home/airflow/.local/lib/python3.10/site-packages/airflow/example_dags/example_external_task_marker_dag.py
[2024-04-16T21:36:55.927+0000] {processor.py:830} INFO - Processing file /home/airflow/.local/lib/python3.10/site-packages/airflow/example_dags/example_external_task_marker_dag.py for tasks to queue
[2024-04-16T21:36:55.929+0000] {logging_mixin.py:188} INFO - [2024-04-16T21:36:55.928+0000] {dagbag.py:540} INFO - Filling up the DagBag from /home/airflow/.local/lib/python3.10/site-packages/airflow/example_dags/example_external_task_marker_dag.py
[2024-04-16T21:36:55.934+0000] {processor.py:840} INFO - DAG(s) 'example_external_task_marker_child', 'example_external_task_marker_parent' retrieved from /home/airflow/.local/lib/python3.10/site-packages/airflow/example_dags/example_external_task_marker_dag.py
[2024-04-16T21:36:55.953+0000] {logging_mixin.py:188} INFO - [2024-04-16T21:36:55.953+0000] {dag.py:3047} INFO - Sync 2 DAGs
[2024-04-16T21:36:55.964+0000] {logging_mixin.py:188} INFO - [2024-04-16T21:36:55.964+0000] {dag.py:3834} INFO - Setting next_dagrun for example_external_task_marker_child to None, run_after=None
[2024-04-16T21:36:55.968+0000] {logging_mixin.py:188} INFO - [2024-04-16T21:36:55.967+0000] {dag.py:3834} INFO - Setting next_dagrun for example_external_task_marker_parent to None, run_after=None
[2024-04-16T21:36:55.984+0000] {processor.py:183} INFO - Processing /home/airflow/.local/lib/python3.10/site-packages/airflow/example_dags/example_external_task_marker_dag.py took 0.061 seconds
[2024-04-16T21:37:26.474+0000] {processor.py:161} INFO - Started process (PID=460) to work on /home/airflow/.local/lib/python3.10/site-packages/airflow/example_dags/example_external_task_marker_dag.py
[2024-04-16T21:37:26.475+0000] {processor.py:830} INFO - Processing file /home/airflow/.local/lib/python3.10/site-packages/airflow/example_dags/example_external_task_marker_dag.py for tasks to queue
[2024-04-16T21:37:26.477+0000] {logging_mixin.py:188} INFO - [2024-04-16T21:37:26.476+0000] {dagbag.py:540} INFO - Filling up the DagBag from /home/airflow/.local/lib/python3.10/site-packages/airflow/example_dags/example_external_task_marker_dag.py
[2024-04-16T21:37:26.482+0000] {processor.py:840} INFO - DAG(s) 'example_external_task_marker_parent', 'example_external_task_marker_child' retrieved from /home/airflow/.local/lib/python3.10/site-packages/airflow/example_dags/example_external_task_marker_dag.py
[2024-04-16T21:37:26.502+0000] {logging_mixin.py:188} INFO - [2024-04-16T21:37:26.502+0000] {dag.py:3047} INFO - Sync 2 DAGs
[2024-04-16T21:37:26.514+0000] {logging_mixin.py:188} INFO - [2024-04-16T21:37:26.513+0000] {dag.py:3834} INFO - Setting next_dagrun for example_external_task_marker_child to None, run_after=None
[2024-04-16T21:37:26.517+0000] {logging_mixin.py:188} INFO - [2024-04-16T21:37:26.517+0000] {dag.py:3834} INFO - Setting next_dagrun for example_external_task_marker_parent to None, run_after=None
[2024-04-16T21:37:26.532+0000] {processor.py:183} INFO - Processing /home/airflow/.local/lib/python3.10/site-packages/airflow/example_dags/example_external_task_marker_dag.py took 0.061 seconds
[2024-04-16T21:37:57.134+0000] {processor.py:161} INFO - Started process (PID=517) to work on /home/airflow/.local/lib/python3.10/site-packages/airflow/example_dags/example_external_task_marker_dag.py
[2024-04-16T21:37:57.135+0000] {processor.py:830} INFO - Processing file /home/airflow/.local/lib/python3.10/site-packages/airflow/example_dags/example_external_task_marker_dag.py for tasks to queue
[2024-04-16T21:37:57.136+0000] {logging_mixin.py:188} INFO - [2024-04-16T21:37:57.136+0000] {dagbag.py:540} INFO - Filling up the DagBag from /home/airflow/.local/lib/python3.10/site-packages/airflow/example_dags/example_external_task_marker_dag.py
[2024-04-16T21:37:57.142+0000] {processor.py:840} INFO - DAG(s) 'example_external_task_marker_child', 'example_external_task_marker_parent' retrieved from /home/airflow/.local/lib/python3.10/site-packages/airflow/example_dags/example_external_task_marker_dag.py
[2024-04-16T21:37:57.163+0000] {logging_mixin.py:188} INFO - [2024-04-16T21:37:57.162+0000] {dag.py:3047} INFO - Sync 2 DAGs
[2024-04-16T21:37:57.174+0000] {logging_mixin.py:188} INFO - [2024-04-16T21:37:57.173+0000] {dag.py:3834} INFO - Setting next_dagrun for example_external_task_marker_child to None, run_after=None
[2024-04-16T21:37:57.178+0000] {logging_mixin.py:188} INFO - [2024-04-16T21:37:57.177+0000] {dag.py:3834} INFO - Setting next_dagrun for example_external_task_marker_parent to None, run_after=None
[2024-04-16T21:37:57.192+0000] {processor.py:183} INFO - Processing /home/airflow/.local/lib/python3.10/site-packages/airflow/example_dags/example_external_task_marker_dag.py took 0.061 seconds
[2024-04-16T21:38:27.751+0000] {processor.py:161} INFO - Started process (PID=574) to work on /home/airflow/.local/lib/python3.10/site-packages/airflow/example_dags/example_external_task_marker_dag.py
[2024-04-16T21:38:27.752+0000] {processor.py:830} INFO - Processing file /home/airflow/.local/lib/python3.10/site-packages/airflow/example_dags/example_external_task_marker_dag.py for tasks to queue
[2024-04-16T21:38:27.753+0000] {logging_mixin.py:188} INFO - [2024-04-16T21:38:27.753+0000] {dagbag.py:540} INFO - Filling up the DagBag from /home/airflow/.local/lib/python3.10/site-packages/airflow/example_dags/example_external_task_marker_dag.py
[2024-04-16T21:38:27.759+0000] {processor.py:840} INFO - DAG(s) 'example_external_task_marker_parent', 'example_external_task_marker_child' retrieved from /home/airflow/.local/lib/python3.10/site-packages/airflow/example_dags/example_external_task_marker_dag.py
[2024-04-16T21:38:27.782+0000] {logging_mixin.py:188} INFO - [2024-04-16T21:38:27.782+0000] {dag.py:3047} INFO - Sync 2 DAGs
[2024-04-16T21:38:27.795+0000] {logging_mixin.py:188} INFO - [2024-04-16T21:38:27.795+0000] {dag.py:3834} INFO - Setting next_dagrun for example_external_task_marker_child to None, run_after=None
[2024-04-16T21:38:27.799+0000] {logging_mixin.py:188} INFO - [2024-04-16T21:38:27.799+0000] {dag.py:3834} INFO - Setting next_dagrun for example_external_task_marker_parent to None, run_after=None
[2024-04-16T21:38:27.816+0000] {processor.py:183} INFO - Processing /home/airflow/.local/lib/python3.10/site-packages/airflow/example_dags/example_external_task_marker_dag.py took 0.068 seconds
[2024-04-16T21:38:58.409+0000] {processor.py:161} INFO - Started process (PID=631) to work on /home/airflow/.local/lib/python3.10/site-packages/airflow/example_dags/example_external_task_marker_dag.py
[2024-04-16T21:38:58.410+0000] {processor.py:830} INFO - Processing file /home/airflow/.local/lib/python3.10/site-packages/airflow/example_dags/example_external_task_marker_dag.py for tasks to queue
[2024-04-16T21:38:58.412+0000] {logging_mixin.py:188} INFO - [2024-04-16T21:38:58.412+0000] {dagbag.py:540} INFO - Filling up the DagBag from /home/airflow/.local/lib/python3.10/site-packages/airflow/example_dags/example_external_task_marker_dag.py
[2024-04-16T21:38:58.417+0000] {processor.py:840} INFO - DAG(s) 'example_external_task_marker_parent', 'example_external_task_marker_child' retrieved from /home/airflow/.local/lib/python3.10/site-packages/airflow/example_dags/example_external_task_marker_dag.py
[2024-04-16T21:38:58.437+0000] {logging_mixin.py:188} INFO - [2024-04-16T21:38:58.437+0000] {dag.py:3047} INFO - Sync 2 DAGs
[2024-04-16T21:38:58.449+0000] {logging_mixin.py:188} INFO - [2024-04-16T21:38:58.449+0000] {dag.py:3834} INFO - Setting next_dagrun for example_external_task_marker_child to None, run_after=None
[2024-04-16T21:38:58.453+0000] {logging_mixin.py:188} INFO - [2024-04-16T21:38:58.453+0000] {dag.py:3834} INFO - Setting next_dagrun for example_external_task_marker_parent to None, run_after=None
[2024-04-16T21:38:58.471+0000] {processor.py:183} INFO - Processing /home/airflow/.local/lib/python3.10/site-packages/airflow/example_dags/example_external_task_marker_dag.py took 0.064 seconds
[2024-04-16T21:39:29.124+0000] {processor.py:161} INFO - Started process (PID=688) to work on /home/airflow/.local/lib/python3.10/site-packages/airflow/example_dags/example_external_task_marker_dag.py
[2024-04-16T21:39:29.125+0000] {processor.py:830} INFO - Processing file /home/airflow/.local/lib/python3.10/site-packages/airflow/example_dags/example_external_task_marker_dag.py for tasks to queue
[2024-04-16T21:39:29.127+0000] {logging_mixin.py:188} INFO - [2024-04-16T21:39:29.127+0000] {dagbag.py:540} INFO - Filling up the DagBag from /home/airflow/.local/lib/python3.10/site-packages/airflow/example_dags/example_external_task_marker_dag.py
[2024-04-16T21:39:29.132+0000] {processor.py:840} INFO - DAG(s) 'example_external_task_marker_child', 'example_external_task_marker_parent' retrieved from /home/airflow/.local/lib/python3.10/site-packages/airflow/example_dags/example_external_task_marker_dag.py
[2024-04-16T21:39:29.152+0000] {logging_mixin.py:188} INFO - [2024-04-16T21:39:29.151+0000] {dag.py:3047} INFO - Sync 2 DAGs
[2024-04-16T21:39:29.163+0000] {logging_mixin.py:188} INFO - [2024-04-16T21:39:29.163+0000] {dag.py:3834} INFO - Setting next_dagrun for example_external_task_marker_child to None, run_after=None
[2024-04-16T21:39:29.166+0000] {logging_mixin.py:188} INFO - [2024-04-16T21:39:29.166+0000] {dag.py:3834} INFO - Setting next_dagrun for example_external_task_marker_parent to None, run_after=None
[2024-04-16T21:39:29.182+0000] {processor.py:183} INFO - Processing /home/airflow/.local/lib/python3.10/site-packages/airflow/example_dags/example_external_task_marker_dag.py took 0.061 seconds
[2024-04-16T21:39:59.759+0000] {processor.py:161} INFO - Started process (PID=745) to work on /home/airflow/.local/lib/python3.10/site-packages/airflow/example_dags/example_external_task_marker_dag.py
[2024-04-16T21:39:59.760+0000] {processor.py:830} INFO - Processing file /home/airflow/.local/lib/python3.10/site-packages/airflow/example_dags/example_external_task_marker_dag.py for tasks to queue
[2024-04-16T21:39:59.762+0000] {logging_mixin.py:188} INFO - [2024-04-16T21:39:59.761+0000] {dagbag.py:540} INFO - Filling up the DagBag from /home/airflow/.local/lib/python3.10/site-packages/airflow/example_dags/example_external_task_marker_dag.py
[2024-04-16T21:39:59.768+0000] {processor.py:840} INFO - DAG(s) 'example_external_task_marker_child', 'example_external_task_marker_parent' retrieved from /home/airflow/.local/lib/python3.10/site-packages/airflow/example_dags/example_external_task_marker_dag.py
[2024-04-16T21:39:59.791+0000] {logging_mixin.py:188} INFO - [2024-04-16T21:39:59.790+0000] {dag.py:3047} INFO - Sync 2 DAGs
[2024-04-16T21:39:59.802+0000] {logging_mixin.py:188} INFO - [2024-04-16T21:39:59.802+0000] {dag.py:3834} INFO - Setting next_dagrun for example_external_task_marker_child to None, run_after=None
[2024-04-16T21:39:59.806+0000] {logging_mixin.py:188} INFO - [2024-04-16T21:39:59.806+0000] {dag.py:3834} INFO - Setting next_dagrun for example_external_task_marker_parent to None, run_after=None
[2024-04-16T21:39:59.823+0000] {processor.py:183} INFO - Processing /home/airflow/.local/lib/python3.10/site-packages/airflow/example_dags/example_external_task_marker_dag.py took 0.068 seconds
[2024-04-16T21:40:30.364+0000] {processor.py:161} INFO - Started process (PID=802) to work on /home/airflow/.local/lib/python3.10/site-packages/airflow/example_dags/example_external_task_marker_dag.py
[2024-04-16T21:40:30.365+0000] {processor.py:830} INFO - Processing file /home/airflow/.local/lib/python3.10/site-packages/airflow/example_dags/example_external_task_marker_dag.py for tasks to queue
[2024-04-16T21:40:30.367+0000] {logging_mixin.py:188} INFO - [2024-04-16T21:40:30.366+0000] {dagbag.py:540} INFO - Filling up the DagBag from /home/airflow/.local/lib/python3.10/site-packages/airflow/example_dags/example_external_task_marker_dag.py
[2024-04-16T21:40:30.372+0000] {processor.py:840} INFO - DAG(s) 'example_external_task_marker_child', 'example_external_task_marker_parent' retrieved from /home/airflow/.local/lib/python3.10/site-packages/airflow/example_dags/example_external_task_marker_dag.py
[2024-04-16T21:40:30.391+0000] {logging_mixin.py:188} INFO - [2024-04-16T21:40:30.391+0000] {dag.py:3047} INFO - Sync 2 DAGs
[2024-04-16T21:40:30.402+0000] {logging_mixin.py:188} INFO - [2024-04-16T21:40:30.402+0000] {dag.py:3834} INFO - Setting next_dagrun for example_external_task_marker_child to None, run_after=None
[2024-04-16T21:40:30.406+0000] {logging_mixin.py:188} INFO - [2024-04-16T21:40:30.405+0000] {dag.py:3834} INFO - Setting next_dagrun for example_external_task_marker_parent to None, run_after=None
[2024-04-16T21:40:30.421+0000] {processor.py:183} INFO - Processing /home/airflow/.local/lib/python3.10/site-packages/airflow/example_dags/example_external_task_marker_dag.py took 0.060 seconds
[2024-04-16T21:41:00.898+0000] {processor.py:161} INFO - Started process (PID=859) to work on /home/airflow/.local/lib/python3.10/site-packages/airflow/example_dags/example_external_task_marker_dag.py
[2024-04-16T21:41:00.899+0000] {processor.py:830} INFO - Processing file /home/airflow/.local/lib/python3.10/site-packages/airflow/example_dags/example_external_task_marker_dag.py for tasks to queue
[2024-04-16T21:41:00.900+0000] {logging_mixin.py:188} INFO - [2024-04-16T21:41:00.900+0000] {dagbag.py:540} INFO - Filling up the DagBag from /home/airflow/.local/lib/python3.10/site-packages/airflow/example_dags/example_external_task_marker_dag.py
[2024-04-16T21:41:00.906+0000] {processor.py:840} INFO - DAG(s) 'example_external_task_marker_parent', 'example_external_task_marker_child' retrieved from /home/airflow/.local/lib/python3.10/site-packages/airflow/example_dags/example_external_task_marker_dag.py
[2024-04-16T21:41:00.928+0000] {logging_mixin.py:188} INFO - [2024-04-16T21:41:00.927+0000] {dag.py:3047} INFO - Sync 2 DAGs
[2024-04-16T21:41:00.939+0000] {logging_mixin.py:188} INFO - [2024-04-16T21:41:00.938+0000] {dag.py:3834} INFO - Setting next_dagrun for example_external_task_marker_child to None, run_after=None
[2024-04-16T21:41:00.943+0000] {logging_mixin.py:188} INFO - [2024-04-16T21:41:00.943+0000] {dag.py:3834} INFO - Setting next_dagrun for example_external_task_marker_parent to None, run_after=None
[2024-04-16T21:41:00.960+0000] {processor.py:183} INFO - Processing /home/airflow/.local/lib/python3.10/site-packages/airflow/example_dags/example_external_task_marker_dag.py took 0.066 seconds
[2024-04-16T21:41:31.386+0000] {processor.py:161} INFO - Started process (PID=916) to work on /home/airflow/.local/lib/python3.10/site-packages/airflow/example_dags/example_external_task_marker_dag.py
[2024-04-16T21:41:31.387+0000] {processor.py:830} INFO - Processing file /home/airflow/.local/lib/python3.10/site-packages/airflow/example_dags/example_external_task_marker_dag.py for tasks to queue
[2024-04-16T21:41:31.388+0000] {logging_mixin.py:188} INFO - [2024-04-16T21:41:31.388+0000] {dagbag.py:540} INFO - Filling up the DagBag from /home/airflow/.local/lib/python3.10/site-packages/airflow/example_dags/example_external_task_marker_dag.py
[2024-04-16T21:41:31.394+0000] {processor.py:840} INFO - DAG(s) 'example_external_task_marker_parent', 'example_external_task_marker_child' retrieved from /home/airflow/.local/lib/python3.10/site-packages/airflow/example_dags/example_external_task_marker_dag.py
[2024-04-16T21:41:31.413+0000] {logging_mixin.py:188} INFO - [2024-04-16T21:41:31.413+0000] {dag.py:3047} INFO - Sync 2 DAGs
[2024-04-16T21:41:31.424+0000] {logging_mixin.py:188} INFO - [2024-04-16T21:41:31.424+0000] {dag.py:3834} INFO - Setting next_dagrun for example_external_task_marker_child to None, run_after=None
[2024-04-16T21:41:31.428+0000] {logging_mixin.py:188} INFO - [2024-04-16T21:41:31.427+0000] {dag.py:3834} INFO - Setting next_dagrun for example_external_task_marker_parent to None, run_after=None
[2024-04-16T21:41:31.442+0000] {processor.py:183} INFO - Processing /home/airflow/.local/lib/python3.10/site-packages/airflow/example_dags/example_external_task_marker_dag.py took 0.059 seconds
[2024-04-16T21:42:01.879+0000] {processor.py:161} INFO - Started process (PID=973) to work on /home/airflow/.local/lib/python3.10/site-packages/airflow/example_dags/example_external_task_marker_dag.py
[2024-04-16T21:42:01.880+0000] {processor.py:830} INFO - Processing file /home/airflow/.local/lib/python3.10/site-packages/airflow/example_dags/example_external_task_marker_dag.py for tasks to queue
[2024-04-16T21:42:01.881+0000] {logging_mixin.py:188} INFO - [2024-04-16T21:42:01.881+0000] {dagbag.py:540} INFO - Filling up the DagBag from /home/airflow/.local/lib/python3.10/site-packages/airflow/example_dags/example_external_task_marker_dag.py
[2024-04-16T21:42:01.886+0000] {processor.py:840} INFO - DAG(s) 'example_external_task_marker_child', 'example_external_task_marker_parent' retrieved from /home/airflow/.local/lib/python3.10/site-packages/airflow/example_dags/example_external_task_marker_dag.py
[2024-04-16T21:42:01.907+0000] {logging_mixin.py:188} INFO - [2024-04-16T21:42:01.906+0000] {dag.py:3047} INFO - Sync 2 DAGs
[2024-04-16T21:42:01.919+0000] {logging_mixin.py:188} INFO - [2024-04-16T21:42:01.918+0000] {dag.py:3834} INFO - Setting next_dagrun for example_external_task_marker_child to None, run_after=None
[2024-04-16T21:42:01.923+0000] {logging_mixin.py:188} INFO - [2024-04-16T21:42:01.923+0000] {dag.py:3834} INFO - Setting next_dagrun for example_external_task_marker_parent to None, run_after=None
[2024-04-16T21:42:01.938+0000] {processor.py:183} INFO - Processing /home/airflow/.local/lib/python3.10/site-packages/airflow/example_dags/example_external_task_marker_dag.py took 0.063 seconds
[2024-04-16T21:42:32.338+0000] {processor.py:161} INFO - Started process (PID=1030) to work on /home/airflow/.local/lib/python3.10/site-packages/airflow/example_dags/example_external_task_marker_dag.py
[2024-04-16T21:42:32.339+0000] {processor.py:830} INFO - Processing file /home/airflow/.local/lib/python3.10/site-packages/airflow/example_dags/example_external_task_marker_dag.py for tasks to queue
[2024-04-16T21:42:32.341+0000] {logging_mixin.py:188} INFO - [2024-04-16T21:42:32.341+0000] {dagbag.py:540} INFO - Filling up the DagBag from /home/airflow/.local/lib/python3.10/site-packages/airflow/example_dags/example_external_task_marker_dag.py
[2024-04-16T21:42:32.346+0000] {processor.py:840} INFO - DAG(s) 'example_external_task_marker_parent', 'example_external_task_marker_child' retrieved from /home/airflow/.local/lib/python3.10/site-packages/airflow/example_dags/example_external_task_marker_dag.py
[2024-04-16T21:42:32.365+0000] {logging_mixin.py:188} INFO - [2024-04-16T21:42:32.365+0000] {dag.py:3047} INFO - Sync 2 DAGs
[2024-04-16T21:42:32.376+0000] {logging_mixin.py:188} INFO - [2024-04-16T21:42:32.376+0000] {dag.py:3834} INFO - Setting next_dagrun for example_external_task_marker_child to None, run_after=None
[2024-04-16T21:42:32.379+0000] {logging_mixin.py:188} INFO - [2024-04-16T21:42:32.379+0000] {dag.py:3834} INFO - Setting next_dagrun for example_external_task_marker_parent to None, run_after=None
[2024-04-16T21:42:32.394+0000] {processor.py:183} INFO - Processing /home/airflow/.local/lib/python3.10/site-packages/airflow/example_dags/example_external_task_marker_dag.py took 0.058 seconds
[2024-04-16T21:43:02.874+0000] {processor.py:161} INFO - Started process (PID=1087) to work on /home/airflow/.local/lib/python3.10/site-packages/airflow/example_dags/example_external_task_marker_dag.py
[2024-04-16T21:43:02.875+0000] {processor.py:830} INFO - Processing file /home/airflow/.local/lib/python3.10/site-packages/airflow/example_dags/example_external_task_marker_dag.py for tasks to queue
[2024-04-16T21:43:02.876+0000] {logging_mixin.py:188} INFO - [2024-04-16T21:43:02.876+0000] {dagbag.py:540} INFO - Filling up the DagBag from /home/airflow/.local/lib/python3.10/site-packages/airflow/example_dags/example_external_task_marker_dag.py
[2024-04-16T21:43:02.882+0000] {processor.py:840} INFO - DAG(s) 'example_external_task_marker_child', 'example_external_task_marker_parent' retrieved from /home/airflow/.local/lib/python3.10/site-packages/airflow/example_dags/example_external_task_marker_dag.py
[2024-04-16T21:43:02.901+0000] {logging_mixin.py:188} INFO - [2024-04-16T21:43:02.901+0000] {dag.py:3047} INFO - Sync 2 DAGs
[2024-04-16T21:43:02.913+0000] {logging_mixin.py:188} INFO - [2024-04-16T21:43:02.912+0000] {dag.py:3834} INFO - Setting next_dagrun for example_external_task_marker_child to None, run_after=None
[2024-04-16T21:43:02.917+0000] {logging_mixin.py:188} INFO - [2024-04-16T21:43:02.917+0000] {dag.py:3834} INFO - Setting next_dagrun for example_external_task_marker_parent to None, run_after=None
[2024-04-16T21:43:02.933+0000] {processor.py:183} INFO - Processing /home/airflow/.local/lib/python3.10/site-packages/airflow/example_dags/example_external_task_marker_dag.py took 0.062 seconds
[2024-04-16T21:43:33.430+0000] {processor.py:161} INFO - Started process (PID=1144) to work on /home/airflow/.local/lib/python3.10/site-packages/airflow/example_dags/example_external_task_marker_dag.py
[2024-04-16T21:43:33.431+0000] {processor.py:830} INFO - Processing file /home/airflow/.local/lib/python3.10/site-packages/airflow/example_dags/example_external_task_marker_dag.py for tasks to queue
[2024-04-16T21:43:33.433+0000] {logging_mixin.py:188} INFO - [2024-04-16T21:43:33.433+0000] {dagbag.py:540} INFO - Filling up the DagBag from /home/airflow/.local/lib/python3.10/site-packages/airflow/example_dags/example_external_task_marker_dag.py
[2024-04-16T21:43:33.439+0000] {processor.py:840} INFO - DAG(s) 'example_external_task_marker_child', 'example_external_task_marker_parent' retrieved from /home/airflow/.local/lib/python3.10/site-packages/airflow/example_dags/example_external_task_marker_dag.py
[2024-04-16T21:43:33.460+0000] {logging_mixin.py:188} INFO - [2024-04-16T21:43:33.459+0000] {dag.py:3047} INFO - Sync 2 DAGs
[2024-04-16T21:43:33.472+0000] {logging_mixin.py:188} INFO - [2024-04-16T21:43:33.472+0000] {dag.py:3834} INFO - Setting next_dagrun for example_external_task_marker_child to None, run_after=None
[2024-04-16T21:43:33.475+0000] {logging_mixin.py:188} INFO - [2024-04-16T21:43:33.475+0000] {dag.py:3834} INFO - Setting next_dagrun for example_external_task_marker_parent to None, run_after=None
[2024-04-16T21:43:33.492+0000] {processor.py:183} INFO - Processing /home/airflow/.local/lib/python3.10/site-packages/airflow/example_dags/example_external_task_marker_dag.py took 0.065 seconds
[2024-04-16T21:44:04.003+0000] {processor.py:161} INFO - Started process (PID=1201) to work on /home/airflow/.local/lib/python3.10/site-packages/airflow/example_dags/example_external_task_marker_dag.py
[2024-04-16T21:44:04.004+0000] {processor.py:830} INFO - Processing file /home/airflow/.local/lib/python3.10/site-packages/airflow/example_dags/example_external_task_marker_dag.py for tasks to queue
[2024-04-16T21:44:04.005+0000] {logging_mixin.py:188} INFO - [2024-04-16T21:44:04.005+0000] {dagbag.py:540} INFO - Filling up the DagBag from /home/airflow/.local/lib/python3.10/site-packages/airflow/example_dags/example_external_task_marker_dag.py
[2024-04-16T21:44:04.011+0000] {processor.py:840} INFO - DAG(s) 'example_external_task_marker_parent', 'example_external_task_marker_child' retrieved from /home/airflow/.local/lib/python3.10/site-packages/airflow/example_dags/example_external_task_marker_dag.py
[2024-04-16T21:44:04.030+0000] {logging_mixin.py:188} INFO - [2024-04-16T21:44:04.030+0000] {dag.py:3047} INFO - Sync 2 DAGs
[2024-04-16T21:44:04.041+0000] {logging_mixin.py:188} INFO - [2024-04-16T21:44:04.041+0000] {dag.py:3834} INFO - Setting next_dagrun for example_external_task_marker_child to None, run_after=None
[2024-04-16T21:44:04.044+0000] {logging_mixin.py:188} INFO - [2024-04-16T21:44:04.044+0000] {dag.py:3834} INFO - Setting next_dagrun for example_external_task_marker_parent to None, run_after=None
[2024-04-16T21:44:04.059+0000] {processor.py:183} INFO - Processing /home/airflow/.local/lib/python3.10/site-packages/airflow/example_dags/example_external_task_marker_dag.py took 0.060 seconds
[2024-04-16T21:44:34.563+0000] {processor.py:161} INFO - Started process (PID=1258) to work on /home/airflow/.local/lib/python3.10/site-packages/airflow/example_dags/example_external_task_marker_dag.py
[2024-04-16T21:44:34.564+0000] {processor.py:830} INFO - Processing file /home/airflow/.local/lib/python3.10/site-packages/airflow/example_dags/example_external_task_marker_dag.py for tasks to queue
[2024-04-16T21:44:34.565+0000] {logging_mixin.py:188} INFO - [2024-04-16T21:44:34.565+0000] {dagbag.py:540} INFO - Filling up the DagBag from /home/airflow/.local/lib/python3.10/site-packages/airflow/example_dags/example_external_task_marker_dag.py
[2024-04-16T21:44:34.571+0000] {processor.py:840} INFO - DAG(s) 'example_external_task_marker_parent', 'example_external_task_marker_child' retrieved from /home/airflow/.local/lib/python3.10/site-packages/airflow/example_dags/example_external_task_marker_dag.py
[2024-04-16T21:44:34.590+0000] {logging_mixin.py:188} INFO - [2024-04-16T21:44:34.590+0000] {dag.py:3047} INFO - Sync 2 DAGs
[2024-04-16T21:44:34.602+0000] {logging_mixin.py:188} INFO - [2024-04-16T21:44:34.602+0000] {dag.py:3834} INFO - Setting next_dagrun for example_external_task_marker_child to None, run_after=None
[2024-04-16T21:44:34.606+0000] {logging_mixin.py:188} INFO - [2024-04-16T21:44:34.606+0000] {dag.py:3834} INFO - Setting next_dagrun for example_external_task_marker_parent to None, run_after=None
[2024-04-16T21:44:34.621+0000] {processor.py:183} INFO - Processing /home/airflow/.local/lib/python3.10/site-packages/airflow/example_dags/example_external_task_marker_dag.py took 0.061 seconds
[2024-04-16T21:45:05.221+0000] {processor.py:161} INFO - Started process (PID=1315) to work on /home/airflow/.local/lib/python3.10/site-packages/airflow/example_dags/example_external_task_marker_dag.py
[2024-04-16T21:45:05.222+0000] {processor.py:830} INFO - Processing file /home/airflow/.local/lib/python3.10/site-packages/airflow/example_dags/example_external_task_marker_dag.py for tasks to queue
[2024-04-16T21:45:05.224+0000] {logging_mixin.py:188} INFO - [2024-04-16T21:45:05.224+0000] {dagbag.py:540} INFO - Filling up the DagBag from /home/airflow/.local/lib/python3.10/site-packages/airflow/example_dags/example_external_task_marker_dag.py
[2024-04-16T21:45:05.230+0000] {processor.py:840} INFO - DAG(s) 'example_external_task_marker_parent', 'example_external_task_marker_child' retrieved from /home/airflow/.local/lib/python3.10/site-packages/airflow/example_dags/example_external_task_marker_dag.py
[2024-04-16T21:45:05.250+0000] {logging_mixin.py:188} INFO - [2024-04-16T21:45:05.250+0000] {dag.py:3047} INFO - Sync 2 DAGs
[2024-04-16T21:45:05.262+0000] {logging_mixin.py:188} INFO - [2024-04-16T21:45:05.261+0000] {dag.py:3834} INFO - Setting next_dagrun for example_external_task_marker_child to None, run_after=None
[2024-04-16T21:45:05.266+0000] {logging_mixin.py:188} INFO - [2024-04-16T21:45:05.265+0000] {dag.py:3834} INFO - Setting next_dagrun for example_external_task_marker_parent to None, run_after=None
[2024-04-16T21:45:05.281+0000] {processor.py:183} INFO - Processing /home/airflow/.local/lib/python3.10/site-packages/airflow/example_dags/example_external_task_marker_dag.py took 0.063 seconds
[2024-04-16T21:45:35.745+0000] {processor.py:161} INFO - Started process (PID=1372) to work on /home/airflow/.local/lib/python3.10/site-packages/airflow/example_dags/example_external_task_marker_dag.py
[2024-04-16T21:45:35.745+0000] {processor.py:830} INFO - Processing file /home/airflow/.local/lib/python3.10/site-packages/airflow/example_dags/example_external_task_marker_dag.py for tasks to queue
[2024-04-16T21:45:35.747+0000] {logging_mixin.py:188} INFO - [2024-04-16T21:45:35.747+0000] {dagbag.py:540} INFO - Filling up the DagBag from /home/airflow/.local/lib/python3.10/site-packages/airflow/example_dags/example_external_task_marker_dag.py
[2024-04-16T21:45:35.752+0000] {processor.py:840} INFO - DAG(s) 'example_external_task_marker_parent', 'example_external_task_marker_child' retrieved from /home/airflow/.local/lib/python3.10/site-packages/airflow/example_dags/example_external_task_marker_dag.py
[2024-04-16T21:45:35.772+0000] {logging_mixin.py:188} INFO - [2024-04-16T21:45:35.772+0000] {dag.py:3047} INFO - Sync 2 DAGs
[2024-04-16T21:45:35.784+0000] {logging_mixin.py:188} INFO - [2024-04-16T21:45:35.783+0000] {dag.py:3834} INFO - Setting next_dagrun for example_external_task_marker_child to None, run_after=None
[2024-04-16T21:45:35.787+0000] {logging_mixin.py:188} INFO - [2024-04-16T21:45:35.787+0000] {dag.py:3834} INFO - Setting next_dagrun for example_external_task_marker_parent to None, run_after=None
[2024-04-16T21:45:35.802+0000] {processor.py:183} INFO - Processing /home/airflow/.local/lib/python3.10/site-packages/airflow/example_dags/example_external_task_marker_dag.py took 0.060 seconds
