[2024-04-16T21:29:12.364+0000] {processor.py:161} INFO - Started process (PID=67) to work on /home/airflow/.local/lib/python3.10/site-packages/airflow/example_dags/example_kubernetes_executor.py
[2024-04-16T21:29:12.365+0000] {processor.py:830} INFO - Processing file /home/airflow/.local/lib/python3.10/site-packages/airflow/example_dags/example_kubernetes_executor.py for tasks to queue
[2024-04-16T21:29:12.367+0000] {logging_mixin.py:188} INFO - [2024-04-16T21:29:12.367+0000] {dagbag.py:540} INFO - Filling up the DagBag from /home/airflow/.local/lib/python3.10/site-packages/airflow/example_dags/example_kubernetes_executor.py
[2024-04-16T21:29:12.385+0000] {processor.py:840} INFO - DAG(s) 'example_kubernetes_executor' retrieved from /home/airflow/.local/lib/python3.10/site-packages/airflow/example_dags/example_kubernetes_executor.py
[2024-04-16T21:29:12.396+0000] {logging_mixin.py:188} INFO - [2024-04-16T21:29:12.395+0000] {dag.py:3047} INFO - Sync 1 DAGs
[2024-04-16T21:29:12.409+0000] {logging_mixin.py:188} INFO - [2024-04-16T21:29:12.409+0000] {dag.py:3834} INFO - Setting next_dagrun for example_kubernetes_executor to None, run_after=None
[2024-04-16T21:29:12.426+0000] {processor.py:183} INFO - Processing /home/airflow/.local/lib/python3.10/site-packages/airflow/example_dags/example_kubernetes_executor.py took 0.066 seconds
[2024-04-16T21:29:44.158+0000] {processor.py:161} INFO - Started process (PID=122) to work on /home/airflow/.local/lib/python3.10/site-packages/airflow/example_dags/example_kubernetes_executor.py
[2024-04-16T21:29:44.159+0000] {processor.py:830} INFO - Processing file /home/airflow/.local/lib/python3.10/site-packages/airflow/example_dags/example_kubernetes_executor.py for tasks to queue
[2024-04-16T21:29:44.161+0000] {logging_mixin.py:188} INFO - [2024-04-16T21:29:44.160+0000] {dagbag.py:540} INFO - Filling up the DagBag from /home/airflow/.local/lib/python3.10/site-packages/airflow/example_dags/example_kubernetes_executor.py
[2024-04-16T21:29:44.173+0000] {processor.py:840} INFO - DAG(s) 'example_kubernetes_executor' retrieved from /home/airflow/.local/lib/python3.10/site-packages/airflow/example_dags/example_kubernetes_executor.py
[2024-04-16T21:29:44.273+0000] {logging_mixin.py:188} INFO - [2024-04-16T21:29:44.272+0000] {dag.py:3047} INFO - Sync 1 DAGs
[2024-04-16T21:29:44.282+0000] {logging_mixin.py:188} INFO - [2024-04-16T21:29:44.282+0000] {dag.py:3834} INFO - Setting next_dagrun for example_kubernetes_executor to None, run_after=None
[2024-04-16T21:29:44.300+0000] {processor.py:183} INFO - Processing /home/airflow/.local/lib/python3.10/site-packages/airflow/example_dags/example_kubernetes_executor.py took 0.145 seconds
[2024-04-16T21:30:15.191+0000] {processor.py:161} INFO - Started process (PID=177) to work on /home/airflow/.local/lib/python3.10/site-packages/airflow/example_dags/example_kubernetes_executor.py
[2024-04-16T21:30:15.192+0000] {processor.py:830} INFO - Processing file /home/airflow/.local/lib/python3.10/site-packages/airflow/example_dags/example_kubernetes_executor.py for tasks to queue
[2024-04-16T21:30:15.193+0000] {logging_mixin.py:188} INFO - [2024-04-16T21:30:15.193+0000] {dagbag.py:540} INFO - Filling up the DagBag from /home/airflow/.local/lib/python3.10/site-packages/airflow/example_dags/example_kubernetes_executor.py
[2024-04-16T21:30:15.206+0000] {processor.py:840} INFO - DAG(s) 'example_kubernetes_executor' retrieved from /home/airflow/.local/lib/python3.10/site-packages/airflow/example_dags/example_kubernetes_executor.py
[2024-04-16T21:30:15.239+0000] {logging_mixin.py:188} INFO - [2024-04-16T21:30:15.239+0000] {dag.py:3047} INFO - Sync 1 DAGs
[2024-04-16T21:30:15.250+0000] {logging_mixin.py:188} INFO - [2024-04-16T21:30:15.250+0000] {dag.py:3834} INFO - Setting next_dagrun for example_kubernetes_executor to None, run_after=None
[2024-04-16T21:30:15.267+0000] {processor.py:183} INFO - Processing /home/airflow/.local/lib/python3.10/site-packages/airflow/example_dags/example_kubernetes_executor.py took 0.079 seconds
[2024-04-16T21:30:45.646+0000] {processor.py:161} INFO - Started process (PID=232) to work on /home/airflow/.local/lib/python3.10/site-packages/airflow/example_dags/example_kubernetes_executor.py
[2024-04-16T21:30:45.646+0000] {processor.py:830} INFO - Processing file /home/airflow/.local/lib/python3.10/site-packages/airflow/example_dags/example_kubernetes_executor.py for tasks to queue
[2024-04-16T21:30:45.648+0000] {logging_mixin.py:188} INFO - [2024-04-16T21:30:45.648+0000] {dagbag.py:540} INFO - Filling up the DagBag from /home/airflow/.local/lib/python3.10/site-packages/airflow/example_dags/example_kubernetes_executor.py
[2024-04-16T21:30:45.661+0000] {processor.py:840} INFO - DAG(s) 'example_kubernetes_executor' retrieved from /home/airflow/.local/lib/python3.10/site-packages/airflow/example_dags/example_kubernetes_executor.py
[2024-04-16T21:30:45.696+0000] {logging_mixin.py:188} INFO - [2024-04-16T21:30:45.696+0000] {dag.py:3047} INFO - Sync 1 DAGs
[2024-04-16T21:30:45.709+0000] {logging_mixin.py:188} INFO - [2024-04-16T21:30:45.709+0000] {dag.py:3834} INFO - Setting next_dagrun for example_kubernetes_executor to None, run_after=None
[2024-04-16T21:30:45.726+0000] {processor.py:183} INFO - Processing /home/airflow/.local/lib/python3.10/site-packages/airflow/example_dags/example_kubernetes_executor.py took 0.083 seconds
[2024-04-16T21:31:16.610+0000] {processor.py:161} INFO - Started process (PID=287) to work on /home/airflow/.local/lib/python3.10/site-packages/airflow/example_dags/example_kubernetes_executor.py
[2024-04-16T21:31:16.611+0000] {processor.py:830} INFO - Processing file /home/airflow/.local/lib/python3.10/site-packages/airflow/example_dags/example_kubernetes_executor.py for tasks to queue
[2024-04-16T21:31:16.613+0000] {logging_mixin.py:188} INFO - [2024-04-16T21:31:16.613+0000] {dagbag.py:540} INFO - Filling up the DagBag from /home/airflow/.local/lib/python3.10/site-packages/airflow/example_dags/example_kubernetes_executor.py
[2024-04-16T21:31:16.627+0000] {processor.py:840} INFO - DAG(s) 'example_kubernetes_executor' retrieved from /home/airflow/.local/lib/python3.10/site-packages/airflow/example_dags/example_kubernetes_executor.py
[2024-04-16T21:31:16.662+0000] {logging_mixin.py:188} INFO - [2024-04-16T21:31:16.662+0000] {dag.py:3047} INFO - Sync 1 DAGs
[2024-04-16T21:31:16.674+0000] {logging_mixin.py:188} INFO - [2024-04-16T21:31:16.673+0000] {dag.py:3834} INFO - Setting next_dagrun for example_kubernetes_executor to None, run_after=None
[2024-04-16T21:31:16.691+0000] {processor.py:183} INFO - Processing /home/airflow/.local/lib/python3.10/site-packages/airflow/example_dags/example_kubernetes_executor.py took 0.083 seconds
[2024-04-16T21:32:13.303+0000] {processor.py:161} INFO - Started process (PID=69) to work on /home/airflow/.local/lib/python3.10/site-packages/airflow/example_dags/example_kubernetes_executor.py
[2024-04-16T21:32:13.304+0000] {processor.py:830} INFO - Processing file /home/airflow/.local/lib/python3.10/site-packages/airflow/example_dags/example_kubernetes_executor.py for tasks to queue
[2024-04-16T21:32:13.308+0000] {logging_mixin.py:188} INFO - [2024-04-16T21:32:13.307+0000] {dagbag.py:540} INFO - Filling up the DagBag from /home/airflow/.local/lib/python3.10/site-packages/airflow/example_dags/example_kubernetes_executor.py
[2024-04-16T21:32:13.325+0000] {processor.py:840} INFO - DAG(s) 'example_kubernetes_executor' retrieved from /home/airflow/.local/lib/python3.10/site-packages/airflow/example_dags/example_kubernetes_executor.py
[2024-04-16T21:32:13.338+0000] {logging_mixin.py:188} INFO - [2024-04-16T21:32:13.337+0000] {dag.py:3047} INFO - Sync 1 DAGs
[2024-04-16T21:32:13.353+0000] {logging_mixin.py:188} INFO - [2024-04-16T21:32:13.352+0000] {dag.py:3834} INFO - Setting next_dagrun for example_kubernetes_executor to None, run_after=None
[2024-04-16T21:32:13.369+0000] {processor.py:183} INFO - Processing /home/airflow/.local/lib/python3.10/site-packages/airflow/example_dags/example_kubernetes_executor.py took 0.071 seconds
[2024-04-16T21:32:45.125+0000] {processor.py:161} INFO - Started process (PID=126) to work on /home/airflow/.local/lib/python3.10/site-packages/airflow/example_dags/example_kubernetes_executor.py
[2024-04-16T21:32:45.126+0000] {processor.py:830} INFO - Processing file /home/airflow/.local/lib/python3.10/site-packages/airflow/example_dags/example_kubernetes_executor.py for tasks to queue
[2024-04-16T21:32:45.127+0000] {logging_mixin.py:188} INFO - [2024-04-16T21:32:45.127+0000] {dagbag.py:540} INFO - Filling up the DagBag from /home/airflow/.local/lib/python3.10/site-packages/airflow/example_dags/example_kubernetes_executor.py
[2024-04-16T21:32:45.140+0000] {processor.py:840} INFO - DAG(s) 'example_kubernetes_executor' retrieved from /home/airflow/.local/lib/python3.10/site-packages/airflow/example_dags/example_kubernetes_executor.py
[2024-04-16T21:32:45.239+0000] {logging_mixin.py:188} INFO - [2024-04-16T21:32:45.239+0000] {dag.py:3047} INFO - Sync 1 DAGs
[2024-04-16T21:32:45.259+0000] {logging_mixin.py:188} INFO - [2024-04-16T21:32:45.259+0000] {dag.py:3834} INFO - Setting next_dagrun for example_kubernetes_executor to None, run_after=None
[2024-04-16T21:32:45.313+0000] {processor.py:183} INFO - Processing /home/airflow/.local/lib/python3.10/site-packages/airflow/example_dags/example_kubernetes_executor.py took 0.192 seconds
[2024-04-16T21:33:51.601+0000] {processor.py:161} INFO - Started process (PID=69) to work on /home/airflow/.local/lib/python3.10/site-packages/airflow/example_dags/example_kubernetes_executor.py
[2024-04-16T21:33:51.602+0000] {processor.py:830} INFO - Processing file /home/airflow/.local/lib/python3.10/site-packages/airflow/example_dags/example_kubernetes_executor.py for tasks to queue
[2024-04-16T21:33:51.604+0000] {logging_mixin.py:188} INFO - [2024-04-16T21:33:51.604+0000] {dagbag.py:540} INFO - Filling up the DagBag from /home/airflow/.local/lib/python3.10/site-packages/airflow/example_dags/example_kubernetes_executor.py
[2024-04-16T21:33:51.619+0000] {processor.py:840} INFO - DAG(s) 'example_kubernetes_executor' retrieved from /home/airflow/.local/lib/python3.10/site-packages/airflow/example_dags/example_kubernetes_executor.py
[2024-04-16T21:33:51.630+0000] {logging_mixin.py:188} INFO - [2024-04-16T21:33:51.629+0000] {dag.py:3047} INFO - Sync 1 DAGs
[2024-04-16T21:33:51.643+0000] {logging_mixin.py:188} INFO - [2024-04-16T21:33:51.643+0000] {dag.py:3834} INFO - Setting next_dagrun for example_kubernetes_executor to None, run_after=None
[2024-04-16T21:33:51.664+0000] {processor.py:183} INFO - Processing /home/airflow/.local/lib/python3.10/site-packages/airflow/example_dags/example_kubernetes_executor.py took 0.066 seconds
[2024-04-16T21:34:23.491+0000] {processor.py:161} INFO - Started process (PID=126) to work on /home/airflow/.local/lib/python3.10/site-packages/airflow/example_dags/example_kubernetes_executor.py
[2024-04-16T21:34:23.492+0000] {processor.py:830} INFO - Processing file /home/airflow/.local/lib/python3.10/site-packages/airflow/example_dags/example_kubernetes_executor.py for tasks to queue
[2024-04-16T21:34:23.494+0000] {logging_mixin.py:188} INFO - [2024-04-16T21:34:23.494+0000] {dagbag.py:540} INFO - Filling up the DagBag from /home/airflow/.local/lib/python3.10/site-packages/airflow/example_dags/example_kubernetes_executor.py
[2024-04-16T21:34:23.509+0000] {processor.py:840} INFO - DAG(s) 'example_kubernetes_executor' retrieved from /home/airflow/.local/lib/python3.10/site-packages/airflow/example_dags/example_kubernetes_executor.py
[2024-04-16T21:34:23.623+0000] {logging_mixin.py:188} INFO - [2024-04-16T21:34:23.623+0000] {dag.py:3047} INFO - Sync 1 DAGs
[2024-04-16T21:34:23.633+0000] {logging_mixin.py:188} INFO - [2024-04-16T21:34:23.633+0000] {dag.py:3834} INFO - Setting next_dagrun for example_kubernetes_executor to None, run_after=None
[2024-04-16T21:34:23.652+0000] {processor.py:183} INFO - Processing /home/airflow/.local/lib/python3.10/site-packages/airflow/example_dags/example_kubernetes_executor.py took 0.165 seconds
[2024-04-16T21:34:54.095+0000] {processor.py:161} INFO - Started process (PID=183) to work on /home/airflow/.local/lib/python3.10/site-packages/airflow/example_dags/example_kubernetes_executor.py
[2024-04-16T21:34:54.096+0000] {processor.py:830} INFO - Processing file /home/airflow/.local/lib/python3.10/site-packages/airflow/example_dags/example_kubernetes_executor.py for tasks to queue
[2024-04-16T21:34:54.098+0000] {logging_mixin.py:188} INFO - [2024-04-16T21:34:54.098+0000] {dagbag.py:540} INFO - Filling up the DagBag from /home/airflow/.local/lib/python3.10/site-packages/airflow/example_dags/example_kubernetes_executor.py
[2024-04-16T21:34:54.111+0000] {processor.py:840} INFO - DAG(s) 'example_kubernetes_executor' retrieved from /home/airflow/.local/lib/python3.10/site-packages/airflow/example_dags/example_kubernetes_executor.py
[2024-04-16T21:34:54.157+0000] {logging_mixin.py:188} INFO - [2024-04-16T21:34:54.156+0000] {dag.py:3047} INFO - Sync 1 DAGs
[2024-04-16T21:34:54.169+0000] {logging_mixin.py:188} INFO - [2024-04-16T21:34:54.168+0000] {dag.py:3834} INFO - Setting next_dagrun for example_kubernetes_executor to None, run_after=None
[2024-04-16T21:34:54.187+0000] {processor.py:183} INFO - Processing /home/airflow/.local/lib/python3.10/site-packages/airflow/example_dags/example_kubernetes_executor.py took 0.095 seconds
[2024-04-16T21:35:24.213+0000] {processor.py:161} INFO - Started process (PID=240) to work on /home/airflow/.local/lib/python3.10/site-packages/airflow/example_dags/example_kubernetes_executor.py
[2024-04-16T21:35:24.214+0000] {processor.py:830} INFO - Processing file /home/airflow/.local/lib/python3.10/site-packages/airflow/example_dags/example_kubernetes_executor.py for tasks to queue
[2024-04-16T21:35:24.216+0000] {logging_mixin.py:188} INFO - [2024-04-16T21:35:24.216+0000] {dagbag.py:540} INFO - Filling up the DagBag from /home/airflow/.local/lib/python3.10/site-packages/airflow/example_dags/example_kubernetes_executor.py
[2024-04-16T21:35:24.228+0000] {processor.py:840} INFO - DAG(s) 'example_kubernetes_executor' retrieved from /home/airflow/.local/lib/python3.10/site-packages/airflow/example_dags/example_kubernetes_executor.py
[2024-04-16T21:35:24.265+0000] {logging_mixin.py:188} INFO - [2024-04-16T21:35:24.264+0000] {dag.py:3047} INFO - Sync 1 DAGs
[2024-04-16T21:35:24.276+0000] {logging_mixin.py:188} INFO - [2024-04-16T21:35:24.276+0000] {dag.py:3834} INFO - Setting next_dagrun for example_kubernetes_executor to None, run_after=None
[2024-04-16T21:35:24.294+0000] {processor.py:183} INFO - Processing /home/airflow/.local/lib/python3.10/site-packages/airflow/example_dags/example_kubernetes_executor.py took 0.084 seconds
[2024-04-16T21:35:55.124+0000] {processor.py:161} INFO - Started process (PID=297) to work on /home/airflow/.local/lib/python3.10/site-packages/airflow/example_dags/example_kubernetes_executor.py
[2024-04-16T21:35:55.126+0000] {processor.py:830} INFO - Processing file /home/airflow/.local/lib/python3.10/site-packages/airflow/example_dags/example_kubernetes_executor.py for tasks to queue
[2024-04-16T21:35:55.127+0000] {logging_mixin.py:188} INFO - [2024-04-16T21:35:55.127+0000] {dagbag.py:540} INFO - Filling up the DagBag from /home/airflow/.local/lib/python3.10/site-packages/airflow/example_dags/example_kubernetes_executor.py
[2024-04-16T21:35:55.139+0000] {processor.py:840} INFO - DAG(s) 'example_kubernetes_executor' retrieved from /home/airflow/.local/lib/python3.10/site-packages/airflow/example_dags/example_kubernetes_executor.py
[2024-04-16T21:35:55.177+0000] {logging_mixin.py:188} INFO - [2024-04-16T21:35:55.176+0000] {dag.py:3047} INFO - Sync 1 DAGs
[2024-04-16T21:35:55.189+0000] {logging_mixin.py:188} INFO - [2024-04-16T21:35:55.188+0000] {dag.py:3834} INFO - Setting next_dagrun for example_kubernetes_executor to None, run_after=None
[2024-04-16T21:35:55.207+0000] {processor.py:183} INFO - Processing /home/airflow/.local/lib/python3.10/site-packages/airflow/example_dags/example_kubernetes_executor.py took 0.086 seconds
[2024-04-16T21:36:25.654+0000] {processor.py:161} INFO - Started process (PID=354) to work on /home/airflow/.local/lib/python3.10/site-packages/airflow/example_dags/example_kubernetes_executor.py
[2024-04-16T21:36:25.655+0000] {processor.py:830} INFO - Processing file /home/airflow/.local/lib/python3.10/site-packages/airflow/example_dags/example_kubernetes_executor.py for tasks to queue
[2024-04-16T21:36:25.657+0000] {logging_mixin.py:188} INFO - [2024-04-16T21:36:25.657+0000] {dagbag.py:540} INFO - Filling up the DagBag from /home/airflow/.local/lib/python3.10/site-packages/airflow/example_dags/example_kubernetes_executor.py
[2024-04-16T21:36:25.675+0000] {processor.py:840} INFO - DAG(s) 'example_kubernetes_executor' retrieved from /home/airflow/.local/lib/python3.10/site-packages/airflow/example_dags/example_kubernetes_executor.py
[2024-04-16T21:36:25.719+0000] {logging_mixin.py:188} INFO - [2024-04-16T21:36:25.719+0000] {dag.py:3047} INFO - Sync 1 DAGs
[2024-04-16T21:36:25.732+0000] {logging_mixin.py:188} INFO - [2024-04-16T21:36:25.732+0000] {dag.py:3834} INFO - Setting next_dagrun for example_kubernetes_executor to None, run_after=None
[2024-04-16T21:36:25.750+0000] {processor.py:183} INFO - Processing /home/airflow/.local/lib/python3.10/site-packages/airflow/example_dags/example_kubernetes_executor.py took 0.099 seconds
[2024-04-16T21:36:56.307+0000] {processor.py:161} INFO - Started process (PID=411) to work on /home/airflow/.local/lib/python3.10/site-packages/airflow/example_dags/example_kubernetes_executor.py
[2024-04-16T21:36:56.308+0000] {processor.py:830} INFO - Processing file /home/airflow/.local/lib/python3.10/site-packages/airflow/example_dags/example_kubernetes_executor.py for tasks to queue
[2024-04-16T21:36:56.310+0000] {logging_mixin.py:188} INFO - [2024-04-16T21:36:56.310+0000] {dagbag.py:540} INFO - Filling up the DagBag from /home/airflow/.local/lib/python3.10/site-packages/airflow/example_dags/example_kubernetes_executor.py
[2024-04-16T21:36:56.324+0000] {processor.py:840} INFO - DAG(s) 'example_kubernetes_executor' retrieved from /home/airflow/.local/lib/python3.10/site-packages/airflow/example_dags/example_kubernetes_executor.py
[2024-04-16T21:36:56.361+0000] {logging_mixin.py:188} INFO - [2024-04-16T21:36:56.360+0000] {dag.py:3047} INFO - Sync 1 DAGs
[2024-04-16T21:36:56.374+0000] {logging_mixin.py:188} INFO - [2024-04-16T21:36:56.374+0000] {dag.py:3834} INFO - Setting next_dagrun for example_kubernetes_executor to None, run_after=None
[2024-04-16T21:36:56.392+0000] {processor.py:183} INFO - Processing /home/airflow/.local/lib/python3.10/site-packages/airflow/example_dags/example_kubernetes_executor.py took 0.088 seconds
[2024-04-16T21:37:26.844+0000] {processor.py:161} INFO - Started process (PID=468) to work on /home/airflow/.local/lib/python3.10/site-packages/airflow/example_dags/example_kubernetes_executor.py
[2024-04-16T21:37:26.845+0000] {processor.py:830} INFO - Processing file /home/airflow/.local/lib/python3.10/site-packages/airflow/example_dags/example_kubernetes_executor.py for tasks to queue
[2024-04-16T21:37:26.847+0000] {logging_mixin.py:188} INFO - [2024-04-16T21:37:26.847+0000] {dagbag.py:540} INFO - Filling up the DagBag from /home/airflow/.local/lib/python3.10/site-packages/airflow/example_dags/example_kubernetes_executor.py
[2024-04-16T21:37:26.860+0000] {processor.py:840} INFO - DAG(s) 'example_kubernetes_executor' retrieved from /home/airflow/.local/lib/python3.10/site-packages/airflow/example_dags/example_kubernetes_executor.py
[2024-04-16T21:37:26.895+0000] {logging_mixin.py:188} INFO - [2024-04-16T21:37:26.895+0000] {dag.py:3047} INFO - Sync 1 DAGs
[2024-04-16T21:37:26.907+0000] {logging_mixin.py:188} INFO - [2024-04-16T21:37:26.906+0000] {dag.py:3834} INFO - Setting next_dagrun for example_kubernetes_executor to None, run_after=None
[2024-04-16T21:37:26.925+0000] {processor.py:183} INFO - Processing /home/airflow/.local/lib/python3.10/site-packages/airflow/example_dags/example_kubernetes_executor.py took 0.084 seconds
[2024-04-16T21:37:57.504+0000] {processor.py:161} INFO - Started process (PID=525) to work on /home/airflow/.local/lib/python3.10/site-packages/airflow/example_dags/example_kubernetes_executor.py
[2024-04-16T21:37:57.505+0000] {processor.py:830} INFO - Processing file /home/airflow/.local/lib/python3.10/site-packages/airflow/example_dags/example_kubernetes_executor.py for tasks to queue
[2024-04-16T21:37:57.506+0000] {logging_mixin.py:188} INFO - [2024-04-16T21:37:57.506+0000] {dagbag.py:540} INFO - Filling up the DagBag from /home/airflow/.local/lib/python3.10/site-packages/airflow/example_dags/example_kubernetes_executor.py
[2024-04-16T21:37:57.519+0000] {processor.py:840} INFO - DAG(s) 'example_kubernetes_executor' retrieved from /home/airflow/.local/lib/python3.10/site-packages/airflow/example_dags/example_kubernetes_executor.py
[2024-04-16T21:37:57.555+0000] {logging_mixin.py:188} INFO - [2024-04-16T21:37:57.555+0000] {dag.py:3047} INFO - Sync 1 DAGs
[2024-04-16T21:37:57.568+0000] {logging_mixin.py:188} INFO - [2024-04-16T21:37:57.568+0000] {dag.py:3834} INFO - Setting next_dagrun for example_kubernetes_executor to None, run_after=None
[2024-04-16T21:37:57.587+0000] {processor.py:183} INFO - Processing /home/airflow/.local/lib/python3.10/site-packages/airflow/example_dags/example_kubernetes_executor.py took 0.087 seconds
[2024-04-16T21:38:28.126+0000] {processor.py:161} INFO - Started process (PID=582) to work on /home/airflow/.local/lib/python3.10/site-packages/airflow/example_dags/example_kubernetes_executor.py
[2024-04-16T21:38:28.127+0000] {processor.py:830} INFO - Processing file /home/airflow/.local/lib/python3.10/site-packages/airflow/example_dags/example_kubernetes_executor.py for tasks to queue
[2024-04-16T21:38:28.129+0000] {logging_mixin.py:188} INFO - [2024-04-16T21:38:28.129+0000] {dagbag.py:540} INFO - Filling up the DagBag from /home/airflow/.local/lib/python3.10/site-packages/airflow/example_dags/example_kubernetes_executor.py
[2024-04-16T21:38:28.143+0000] {processor.py:840} INFO - DAG(s) 'example_kubernetes_executor' retrieved from /home/airflow/.local/lib/python3.10/site-packages/airflow/example_dags/example_kubernetes_executor.py
[2024-04-16T21:38:28.180+0000] {logging_mixin.py:188} INFO - [2024-04-16T21:38:28.179+0000] {dag.py:3047} INFO - Sync 1 DAGs
[2024-04-16T21:38:28.191+0000] {logging_mixin.py:188} INFO - [2024-04-16T21:38:28.191+0000] {dag.py:3834} INFO - Setting next_dagrun for example_kubernetes_executor to None, run_after=None
[2024-04-16T21:38:28.211+0000] {processor.py:183} INFO - Processing /home/airflow/.local/lib/python3.10/site-packages/airflow/example_dags/example_kubernetes_executor.py took 0.088 seconds
[2024-04-16T21:38:58.783+0000] {processor.py:161} INFO - Started process (PID=639) to work on /home/airflow/.local/lib/python3.10/site-packages/airflow/example_dags/example_kubernetes_executor.py
[2024-04-16T21:38:58.784+0000] {processor.py:830} INFO - Processing file /home/airflow/.local/lib/python3.10/site-packages/airflow/example_dags/example_kubernetes_executor.py for tasks to queue
[2024-04-16T21:38:58.786+0000] {logging_mixin.py:188} INFO - [2024-04-16T21:38:58.786+0000] {dagbag.py:540} INFO - Filling up the DagBag from /home/airflow/.local/lib/python3.10/site-packages/airflow/example_dags/example_kubernetes_executor.py
[2024-04-16T21:38:58.799+0000] {processor.py:840} INFO - DAG(s) 'example_kubernetes_executor' retrieved from /home/airflow/.local/lib/python3.10/site-packages/airflow/example_dags/example_kubernetes_executor.py
[2024-04-16T21:38:58.835+0000] {logging_mixin.py:188} INFO - [2024-04-16T21:38:58.835+0000] {dag.py:3047} INFO - Sync 1 DAGs
[2024-04-16T21:38:58.847+0000] {logging_mixin.py:188} INFO - [2024-04-16T21:38:58.847+0000] {dag.py:3834} INFO - Setting next_dagrun for example_kubernetes_executor to None, run_after=None
[2024-04-16T21:38:58.864+0000] {processor.py:183} INFO - Processing /home/airflow/.local/lib/python3.10/site-packages/airflow/example_dags/example_kubernetes_executor.py took 0.084 seconds
[2024-04-16T21:39:29.502+0000] {processor.py:161} INFO - Started process (PID=696) to work on /home/airflow/.local/lib/python3.10/site-packages/airflow/example_dags/example_kubernetes_executor.py
[2024-04-16T21:39:29.503+0000] {processor.py:830} INFO - Processing file /home/airflow/.local/lib/python3.10/site-packages/airflow/example_dags/example_kubernetes_executor.py for tasks to queue
[2024-04-16T21:39:29.505+0000] {logging_mixin.py:188} INFO - [2024-04-16T21:39:29.505+0000] {dagbag.py:540} INFO - Filling up the DagBag from /home/airflow/.local/lib/python3.10/site-packages/airflow/example_dags/example_kubernetes_executor.py
[2024-04-16T21:39:29.518+0000] {processor.py:840} INFO - DAG(s) 'example_kubernetes_executor' retrieved from /home/airflow/.local/lib/python3.10/site-packages/airflow/example_dags/example_kubernetes_executor.py
[2024-04-16T21:39:29.553+0000] {logging_mixin.py:188} INFO - [2024-04-16T21:39:29.553+0000] {dag.py:3047} INFO - Sync 1 DAGs
[2024-04-16T21:39:29.566+0000] {logging_mixin.py:188} INFO - [2024-04-16T21:39:29.565+0000] {dag.py:3834} INFO - Setting next_dagrun for example_kubernetes_executor to None, run_after=None
[2024-04-16T21:39:29.583+0000] {processor.py:183} INFO - Processing /home/airflow/.local/lib/python3.10/site-packages/airflow/example_dags/example_kubernetes_executor.py took 0.084 seconds
[2024-04-16T21:40:00.154+0000] {processor.py:161} INFO - Started process (PID=753) to work on /home/airflow/.local/lib/python3.10/site-packages/airflow/example_dags/example_kubernetes_executor.py
[2024-04-16T21:40:00.156+0000] {processor.py:830} INFO - Processing file /home/airflow/.local/lib/python3.10/site-packages/airflow/example_dags/example_kubernetes_executor.py for tasks to queue
[2024-04-16T21:40:00.158+0000] {logging_mixin.py:188} INFO - [2024-04-16T21:40:00.157+0000] {dagbag.py:540} INFO - Filling up the DagBag from /home/airflow/.local/lib/python3.10/site-packages/airflow/example_dags/example_kubernetes_executor.py
[2024-04-16T21:40:00.170+0000] {processor.py:840} INFO - DAG(s) 'example_kubernetes_executor' retrieved from /home/airflow/.local/lib/python3.10/site-packages/airflow/example_dags/example_kubernetes_executor.py
[2024-04-16T21:40:00.207+0000] {logging_mixin.py:188} INFO - [2024-04-16T21:40:00.207+0000] {dag.py:3047} INFO - Sync 1 DAGs
[2024-04-16T21:40:00.219+0000] {logging_mixin.py:188} INFO - [2024-04-16T21:40:00.219+0000] {dag.py:3834} INFO - Setting next_dagrun for example_kubernetes_executor to None, run_after=None
[2024-04-16T21:40:00.236+0000] {processor.py:183} INFO - Processing /home/airflow/.local/lib/python3.10/site-packages/airflow/example_dags/example_kubernetes_executor.py took 0.085 seconds
[2024-04-16T21:40:30.745+0000] {processor.py:161} INFO - Started process (PID=810) to work on /home/airflow/.local/lib/python3.10/site-packages/airflow/example_dags/example_kubernetes_executor.py
[2024-04-16T21:40:30.747+0000] {processor.py:830} INFO - Processing file /home/airflow/.local/lib/python3.10/site-packages/airflow/example_dags/example_kubernetes_executor.py for tasks to queue
[2024-04-16T21:40:30.749+0000] {logging_mixin.py:188} INFO - [2024-04-16T21:40:30.748+0000] {dagbag.py:540} INFO - Filling up the DagBag from /home/airflow/.local/lib/python3.10/site-packages/airflow/example_dags/example_kubernetes_executor.py
[2024-04-16T21:40:30.761+0000] {processor.py:840} INFO - DAG(s) 'example_kubernetes_executor' retrieved from /home/airflow/.local/lib/python3.10/site-packages/airflow/example_dags/example_kubernetes_executor.py
[2024-04-16T21:40:30.798+0000] {logging_mixin.py:188} INFO - [2024-04-16T21:40:30.798+0000] {dag.py:3047} INFO - Sync 1 DAGs
[2024-04-16T21:40:30.810+0000] {logging_mixin.py:188} INFO - [2024-04-16T21:40:30.810+0000] {dag.py:3834} INFO - Setting next_dagrun for example_kubernetes_executor to None, run_after=None
[2024-04-16T21:40:30.828+0000] {processor.py:183} INFO - Processing /home/airflow/.local/lib/python3.10/site-packages/airflow/example_dags/example_kubernetes_executor.py took 0.086 seconds
[2024-04-16T21:41:01.253+0000] {processor.py:161} INFO - Started process (PID=867) to work on /home/airflow/.local/lib/python3.10/site-packages/airflow/example_dags/example_kubernetes_executor.py
[2024-04-16T21:41:01.254+0000] {processor.py:830} INFO - Processing file /home/airflow/.local/lib/python3.10/site-packages/airflow/example_dags/example_kubernetes_executor.py for tasks to queue
[2024-04-16T21:41:01.256+0000] {logging_mixin.py:188} INFO - [2024-04-16T21:41:01.256+0000] {dagbag.py:540} INFO - Filling up the DagBag from /home/airflow/.local/lib/python3.10/site-packages/airflow/example_dags/example_kubernetes_executor.py
[2024-04-16T21:41:01.270+0000] {processor.py:840} INFO - DAG(s) 'example_kubernetes_executor' retrieved from /home/airflow/.local/lib/python3.10/site-packages/airflow/example_dags/example_kubernetes_executor.py
[2024-04-16T21:41:01.306+0000] {logging_mixin.py:188} INFO - [2024-04-16T21:41:01.306+0000] {dag.py:3047} INFO - Sync 1 DAGs
[2024-04-16T21:41:01.316+0000] {logging_mixin.py:188} INFO - [2024-04-16T21:41:01.316+0000] {dag.py:3834} INFO - Setting next_dagrun for example_kubernetes_executor to None, run_after=None
[2024-04-16T21:41:01.336+0000] {processor.py:183} INFO - Processing /home/airflow/.local/lib/python3.10/site-packages/airflow/example_dags/example_kubernetes_executor.py took 0.085 seconds
[2024-04-16T21:41:31.749+0000] {processor.py:161} INFO - Started process (PID=924) to work on /home/airflow/.local/lib/python3.10/site-packages/airflow/example_dags/example_kubernetes_executor.py
[2024-04-16T21:41:31.750+0000] {processor.py:830} INFO - Processing file /home/airflow/.local/lib/python3.10/site-packages/airflow/example_dags/example_kubernetes_executor.py for tasks to queue
[2024-04-16T21:41:31.752+0000] {logging_mixin.py:188} INFO - [2024-04-16T21:41:31.752+0000] {dagbag.py:540} INFO - Filling up the DagBag from /home/airflow/.local/lib/python3.10/site-packages/airflow/example_dags/example_kubernetes_executor.py
[2024-04-16T21:41:31.767+0000] {processor.py:840} INFO - DAG(s) 'example_kubernetes_executor' retrieved from /home/airflow/.local/lib/python3.10/site-packages/airflow/example_dags/example_kubernetes_executor.py
[2024-04-16T21:41:31.802+0000] {logging_mixin.py:188} INFO - [2024-04-16T21:41:31.801+0000] {dag.py:3047} INFO - Sync 1 DAGs
[2024-04-16T21:41:31.812+0000] {logging_mixin.py:188} INFO - [2024-04-16T21:41:31.812+0000] {dag.py:3834} INFO - Setting next_dagrun for example_kubernetes_executor to None, run_after=None
[2024-04-16T21:41:31.831+0000] {processor.py:183} INFO - Processing /home/airflow/.local/lib/python3.10/site-packages/airflow/example_dags/example_kubernetes_executor.py took 0.085 seconds
[2024-04-16T21:42:02.219+0000] {processor.py:161} INFO - Started process (PID=981) to work on /home/airflow/.local/lib/python3.10/site-packages/airflow/example_dags/example_kubernetes_executor.py
[2024-04-16T21:42:02.220+0000] {processor.py:830} INFO - Processing file /home/airflow/.local/lib/python3.10/site-packages/airflow/example_dags/example_kubernetes_executor.py for tasks to queue
[2024-04-16T21:42:02.222+0000] {logging_mixin.py:188} INFO - [2024-04-16T21:42:02.222+0000] {dagbag.py:540} INFO - Filling up the DagBag from /home/airflow/.local/lib/python3.10/site-packages/airflow/example_dags/example_kubernetes_executor.py
[2024-04-16T21:42:02.235+0000] {processor.py:840} INFO - DAG(s) 'example_kubernetes_executor' retrieved from /home/airflow/.local/lib/python3.10/site-packages/airflow/example_dags/example_kubernetes_executor.py
[2024-04-16T21:42:02.269+0000] {logging_mixin.py:188} INFO - [2024-04-16T21:42:02.269+0000] {dag.py:3047} INFO - Sync 1 DAGs
[2024-04-16T21:42:02.280+0000] {logging_mixin.py:188} INFO - [2024-04-16T21:42:02.279+0000] {dag.py:3834} INFO - Setting next_dagrun for example_kubernetes_executor to None, run_after=None
[2024-04-16T21:42:02.297+0000] {processor.py:183} INFO - Processing /home/airflow/.local/lib/python3.10/site-packages/airflow/example_dags/example_kubernetes_executor.py took 0.080 seconds
[2024-04-16T21:42:32.701+0000] {processor.py:161} INFO - Started process (PID=1038) to work on /home/airflow/.local/lib/python3.10/site-packages/airflow/example_dags/example_kubernetes_executor.py
[2024-04-16T21:42:32.702+0000] {processor.py:830} INFO - Processing file /home/airflow/.local/lib/python3.10/site-packages/airflow/example_dags/example_kubernetes_executor.py for tasks to queue
[2024-04-16T21:42:32.704+0000] {logging_mixin.py:188} INFO - [2024-04-16T21:42:32.704+0000] {dagbag.py:540} INFO - Filling up the DagBag from /home/airflow/.local/lib/python3.10/site-packages/airflow/example_dags/example_kubernetes_executor.py
[2024-04-16T21:42:32.721+0000] {processor.py:840} INFO - DAG(s) 'example_kubernetes_executor' retrieved from /home/airflow/.local/lib/python3.10/site-packages/airflow/example_dags/example_kubernetes_executor.py
[2024-04-16T21:42:32.758+0000] {logging_mixin.py:188} INFO - [2024-04-16T21:42:32.758+0000] {dag.py:3047} INFO - Sync 1 DAGs
[2024-04-16T21:42:32.768+0000] {logging_mixin.py:188} INFO - [2024-04-16T21:42:32.768+0000] {dag.py:3834} INFO - Setting next_dagrun for example_kubernetes_executor to None, run_after=None
[2024-04-16T21:42:32.785+0000] {processor.py:183} INFO - Processing /home/airflow/.local/lib/python3.10/site-packages/airflow/example_dags/example_kubernetes_executor.py took 0.088 seconds
[2024-04-16T21:43:03.241+0000] {processor.py:161} INFO - Started process (PID=1095) to work on /home/airflow/.local/lib/python3.10/site-packages/airflow/example_dags/example_kubernetes_executor.py
[2024-04-16T21:43:03.243+0000] {processor.py:830} INFO - Processing file /home/airflow/.local/lib/python3.10/site-packages/airflow/example_dags/example_kubernetes_executor.py for tasks to queue
[2024-04-16T21:43:03.245+0000] {logging_mixin.py:188} INFO - [2024-04-16T21:43:03.245+0000] {dagbag.py:540} INFO - Filling up the DagBag from /home/airflow/.local/lib/python3.10/site-packages/airflow/example_dags/example_kubernetes_executor.py
[2024-04-16T21:43:03.262+0000] {processor.py:840} INFO - DAG(s) 'example_kubernetes_executor' retrieved from /home/airflow/.local/lib/python3.10/site-packages/airflow/example_dags/example_kubernetes_executor.py
[2024-04-16T21:43:03.306+0000] {logging_mixin.py:188} INFO - [2024-04-16T21:43:03.306+0000] {dag.py:3047} INFO - Sync 1 DAGs
[2024-04-16T21:43:03.324+0000] {logging_mixin.py:188} INFO - [2024-04-16T21:43:03.324+0000] {dag.py:3834} INFO - Setting next_dagrun for example_kubernetes_executor to None, run_after=None
[2024-04-16T21:43:03.349+0000] {processor.py:183} INFO - Processing /home/airflow/.local/lib/python3.10/site-packages/airflow/example_dags/example_kubernetes_executor.py took 0.111 seconds
[2024-04-16T21:43:33.822+0000] {processor.py:161} INFO - Started process (PID=1152) to work on /home/airflow/.local/lib/python3.10/site-packages/airflow/example_dags/example_kubernetes_executor.py
[2024-04-16T21:43:33.823+0000] {processor.py:830} INFO - Processing file /home/airflow/.local/lib/python3.10/site-packages/airflow/example_dags/example_kubernetes_executor.py for tasks to queue
[2024-04-16T21:43:33.825+0000] {logging_mixin.py:188} INFO - [2024-04-16T21:43:33.825+0000] {dagbag.py:540} INFO - Filling up the DagBag from /home/airflow/.local/lib/python3.10/site-packages/airflow/example_dags/example_kubernetes_executor.py
[2024-04-16T21:43:33.839+0000] {processor.py:840} INFO - DAG(s) 'example_kubernetes_executor' retrieved from /home/airflow/.local/lib/python3.10/site-packages/airflow/example_dags/example_kubernetes_executor.py
[2024-04-16T21:43:33.876+0000] {logging_mixin.py:188} INFO - [2024-04-16T21:43:33.876+0000] {dag.py:3047} INFO - Sync 1 DAGs
[2024-04-16T21:43:33.891+0000] {logging_mixin.py:188} INFO - [2024-04-16T21:43:33.891+0000] {dag.py:3834} INFO - Setting next_dagrun for example_kubernetes_executor to None, run_after=None
[2024-04-16T21:43:33.910+0000] {processor.py:183} INFO - Processing /home/airflow/.local/lib/python3.10/site-packages/airflow/example_dags/example_kubernetes_executor.py took 0.091 seconds
[2024-04-16T21:44:04.377+0000] {processor.py:161} INFO - Started process (PID=1209) to work on /home/airflow/.local/lib/python3.10/site-packages/airflow/example_dags/example_kubernetes_executor.py
[2024-04-16T21:44:04.378+0000] {processor.py:830} INFO - Processing file /home/airflow/.local/lib/python3.10/site-packages/airflow/example_dags/example_kubernetes_executor.py for tasks to queue
[2024-04-16T21:44:04.380+0000] {logging_mixin.py:188} INFO - [2024-04-16T21:44:04.379+0000] {dagbag.py:540} INFO - Filling up the DagBag from /home/airflow/.local/lib/python3.10/site-packages/airflow/example_dags/example_kubernetes_executor.py
[2024-04-16T21:44:04.393+0000] {processor.py:840} INFO - DAG(s) 'example_kubernetes_executor' retrieved from /home/airflow/.local/lib/python3.10/site-packages/airflow/example_dags/example_kubernetes_executor.py
[2024-04-16T21:44:04.429+0000] {logging_mixin.py:188} INFO - [2024-04-16T21:44:04.428+0000] {dag.py:3047} INFO - Sync 1 DAGs
[2024-04-16T21:44:04.442+0000] {logging_mixin.py:188} INFO - [2024-04-16T21:44:04.442+0000] {dag.py:3834} INFO - Setting next_dagrun for example_kubernetes_executor to None, run_after=None
[2024-04-16T21:44:04.459+0000] {processor.py:183} INFO - Processing /home/airflow/.local/lib/python3.10/site-packages/airflow/example_dags/example_kubernetes_executor.py took 0.085 seconds
[2024-04-16T21:44:34.948+0000] {processor.py:161} INFO - Started process (PID=1266) to work on /home/airflow/.local/lib/python3.10/site-packages/airflow/example_dags/example_kubernetes_executor.py
[2024-04-16T21:44:34.949+0000] {processor.py:830} INFO - Processing file /home/airflow/.local/lib/python3.10/site-packages/airflow/example_dags/example_kubernetes_executor.py for tasks to queue
[2024-04-16T21:44:34.950+0000] {logging_mixin.py:188} INFO - [2024-04-16T21:44:34.950+0000] {dagbag.py:540} INFO - Filling up the DagBag from /home/airflow/.local/lib/python3.10/site-packages/airflow/example_dags/example_kubernetes_executor.py
[2024-04-16T21:44:34.963+0000] {processor.py:840} INFO - DAG(s) 'example_kubernetes_executor' retrieved from /home/airflow/.local/lib/python3.10/site-packages/airflow/example_dags/example_kubernetes_executor.py
[2024-04-16T21:44:34.998+0000] {logging_mixin.py:188} INFO - [2024-04-16T21:44:34.998+0000] {dag.py:3047} INFO - Sync 1 DAGs
[2024-04-16T21:44:35.011+0000] {logging_mixin.py:188} INFO - [2024-04-16T21:44:35.010+0000] {dag.py:3834} INFO - Setting next_dagrun for example_kubernetes_executor to None, run_after=None
[2024-04-16T21:44:35.031+0000] {processor.py:183} INFO - Processing /home/airflow/.local/lib/python3.10/site-packages/airflow/example_dags/example_kubernetes_executor.py took 0.086 seconds
[2024-04-16T21:45:05.595+0000] {processor.py:161} INFO - Started process (PID=1323) to work on /home/airflow/.local/lib/python3.10/site-packages/airflow/example_dags/example_kubernetes_executor.py
[2024-04-16T21:45:05.596+0000] {processor.py:830} INFO - Processing file /home/airflow/.local/lib/python3.10/site-packages/airflow/example_dags/example_kubernetes_executor.py for tasks to queue
[2024-04-16T21:45:05.598+0000] {logging_mixin.py:188} INFO - [2024-04-16T21:45:05.597+0000] {dagbag.py:540} INFO - Filling up the DagBag from /home/airflow/.local/lib/python3.10/site-packages/airflow/example_dags/example_kubernetes_executor.py
[2024-04-16T21:45:05.610+0000] {processor.py:840} INFO - DAG(s) 'example_kubernetes_executor' retrieved from /home/airflow/.local/lib/python3.10/site-packages/airflow/example_dags/example_kubernetes_executor.py
[2024-04-16T21:45:05.643+0000] {logging_mixin.py:188} INFO - [2024-04-16T21:45:05.643+0000] {dag.py:3047} INFO - Sync 1 DAGs
[2024-04-16T21:45:05.654+0000] {logging_mixin.py:188} INFO - [2024-04-16T21:45:05.654+0000] {dag.py:3834} INFO - Setting next_dagrun for example_kubernetes_executor to None, run_after=None
[2024-04-16T21:45:05.671+0000] {processor.py:183} INFO - Processing /home/airflow/.local/lib/python3.10/site-packages/airflow/example_dags/example_kubernetes_executor.py took 0.079 seconds
[2024-04-16T21:45:36.122+0000] {processor.py:161} INFO - Started process (PID=1380) to work on /home/airflow/.local/lib/python3.10/site-packages/airflow/example_dags/example_kubernetes_executor.py
[2024-04-16T21:45:36.123+0000] {processor.py:830} INFO - Processing file /home/airflow/.local/lib/python3.10/site-packages/airflow/example_dags/example_kubernetes_executor.py for tasks to queue
[2024-04-16T21:45:36.125+0000] {logging_mixin.py:188} INFO - [2024-04-16T21:45:36.125+0000] {dagbag.py:540} INFO - Filling up the DagBag from /home/airflow/.local/lib/python3.10/site-packages/airflow/example_dags/example_kubernetes_executor.py
[2024-04-16T21:45:36.138+0000] {processor.py:840} INFO - DAG(s) 'example_kubernetes_executor' retrieved from /home/airflow/.local/lib/python3.10/site-packages/airflow/example_dags/example_kubernetes_executor.py
[2024-04-16T21:45:36.175+0000] {logging_mixin.py:188} INFO - [2024-04-16T21:45:36.174+0000] {dag.py:3047} INFO - Sync 1 DAGs
[2024-04-16T21:45:36.185+0000] {logging_mixin.py:188} INFO - [2024-04-16T21:45:36.185+0000] {dag.py:3834} INFO - Setting next_dagrun for example_kubernetes_executor to None, run_after=None
[2024-04-16T21:45:36.204+0000] {processor.py:183} INFO - Processing /home/airflow/.local/lib/python3.10/site-packages/airflow/example_dags/example_kubernetes_executor.py took 0.085 seconds
