[2024-04-16T21:29:10.708+0000] {processor.py:161} INFO - Started process (PID=39) to work on /home/airflow/.local/lib/python3.10/site-packages/airflow/example_dags/example_datasets.py
[2024-04-16T21:29:10.710+0000] {processor.py:830} INFO - Processing file /home/airflow/.local/lib/python3.10/site-packages/airflow/example_dags/example_datasets.py for tasks to queue
[2024-04-16T21:29:10.712+0000] {logging_mixin.py:188} INFO - [2024-04-16T21:29:10.711+0000] {dagbag.py:540} INFO - Filling up the DagBag from /home/airflow/.local/lib/python3.10/site-packages/airflow/example_dags/example_datasets.py
[2024-04-16T21:29:10.722+0000] {processor.py:840} INFO - DAG(s) 'dataset_produces_2', 'dataset_consumes_1_and_2', 'dataset_consumes_1', 'dataset_consumes_unknown_never_scheduled', 'dataset_produces_1', 'dataset_consumes_1_never_scheduled' retrieved from /home/airflow/.local/lib/python3.10/site-packages/airflow/example_dags/example_datasets.py
[2024-04-16T21:29:10.737+0000] {logging_mixin.py:188} INFO - [2024-04-16T21:29:10.737+0000] {dag.py:3047} INFO - Sync 6 DAGs
[2024-04-16T21:29:10.760+0000] {logging_mixin.py:188} INFO - [2024-04-16T21:29:10.759+0000] {dag.py:3834} INFO - Setting next_dagrun for dataset_consumes_1 to None, run_after=None
[2024-04-16T21:29:10.764+0000] {logging_mixin.py:188} INFO - [2024-04-16T21:29:10.764+0000] {dag.py:3834} INFO - Setting next_dagrun for dataset_consumes_1_and_2 to None, run_after=None
[2024-04-16T21:29:10.766+0000] {logging_mixin.py:188} INFO - [2024-04-16T21:29:10.766+0000] {dag.py:3834} INFO - Setting next_dagrun for dataset_consumes_1_never_scheduled to None, run_after=None
[2024-04-16T21:29:10.769+0000] {logging_mixin.py:188} INFO - [2024-04-16T21:29:10.768+0000] {dag.py:3834} INFO - Setting next_dagrun for dataset_consumes_unknown_never_scheduled to None, run_after=None
[2024-04-16T21:29:10.772+0000] {logging_mixin.py:188} INFO - [2024-04-16T21:29:10.772+0000] {dag.py:3834} INFO - Setting next_dagrun for dataset_produces_1 to 2024-04-15 00:00:00+00:00, run_after=2024-04-16 00:00:00+00:00
[2024-04-16T21:29:10.774+0000] {logging_mixin.py:188} INFO - [2024-04-16T21:29:10.774+0000] {dag.py:3834} INFO - Setting next_dagrun for dataset_produces_2 to None, run_after=None
[2024-04-16T21:29:10.805+0000] {processor.py:183} INFO - Processing /home/airflow/.local/lib/python3.10/site-packages/airflow/example_dags/example_datasets.py took 0.100 seconds
[2024-04-16T21:29:41.482+0000] {processor.py:161} INFO - Started process (PID=94) to work on /home/airflow/.local/lib/python3.10/site-packages/airflow/example_dags/example_datasets.py
[2024-04-16T21:29:41.483+0000] {processor.py:830} INFO - Processing file /home/airflow/.local/lib/python3.10/site-packages/airflow/example_dags/example_datasets.py for tasks to queue
[2024-04-16T21:29:41.485+0000] {logging_mixin.py:188} INFO - [2024-04-16T21:29:41.485+0000] {dagbag.py:540} INFO - Filling up the DagBag from /home/airflow/.local/lib/python3.10/site-packages/airflow/example_dags/example_datasets.py
[2024-04-16T21:29:41.493+0000] {processor.py:840} INFO - DAG(s) 'dataset_consumes_1_never_scheduled', 'dataset_consumes_1_and_2', 'dataset_produces_1', 'dataset_produces_2', 'dataset_consumes_1', 'dataset_consumes_unknown_never_scheduled' retrieved from /home/airflow/.local/lib/python3.10/site-packages/airflow/example_dags/example_datasets.py
[2024-04-16T21:29:41.627+0000] {logging_mixin.py:188} INFO - [2024-04-16T21:29:41.627+0000] {dag.py:3047} INFO - Sync 6 DAGs
[2024-04-16T21:29:41.646+0000] {logging_mixin.py:188} INFO - [2024-04-16T21:29:41.645+0000] {dag.py:3834} INFO - Setting next_dagrun for dataset_consumes_1 to None, run_after=None
[2024-04-16T21:29:41.648+0000] {logging_mixin.py:188} INFO - [2024-04-16T21:29:41.648+0000] {dag.py:3834} INFO - Setting next_dagrun for dataset_consumes_1_and_2 to None, run_after=None
[2024-04-16T21:29:41.650+0000] {logging_mixin.py:188} INFO - [2024-04-16T21:29:41.650+0000] {dag.py:3834} INFO - Setting next_dagrun for dataset_consumes_1_never_scheduled to None, run_after=None
[2024-04-16T21:29:41.651+0000] {logging_mixin.py:188} INFO - [2024-04-16T21:29:41.651+0000] {dag.py:3834} INFO - Setting next_dagrun for dataset_consumes_unknown_never_scheduled to None, run_after=None
[2024-04-16T21:29:41.654+0000] {logging_mixin.py:188} INFO - [2024-04-16T21:29:41.654+0000] {dag.py:3834} INFO - Setting next_dagrun for dataset_produces_1 to 2024-04-15 00:00:00+00:00, run_after=2024-04-16 00:00:00+00:00
[2024-04-16T21:29:41.656+0000] {logging_mixin.py:188} INFO - [2024-04-16T21:29:41.656+0000] {dag.py:3834} INFO - Setting next_dagrun for dataset_produces_2 to None, run_after=None
[2024-04-16T21:29:41.688+0000] {processor.py:183} INFO - Processing /home/airflow/.local/lib/python3.10/site-packages/airflow/example_dags/example_datasets.py took 0.209 seconds
[2024-04-16T21:30:11.809+0000] {processor.py:161} INFO - Started process (PID=149) to work on /home/airflow/.local/lib/python3.10/site-packages/airflow/example_dags/example_datasets.py
[2024-04-16T21:30:11.810+0000] {processor.py:830} INFO - Processing file /home/airflow/.local/lib/python3.10/site-packages/airflow/example_dags/example_datasets.py for tasks to queue
[2024-04-16T21:30:11.813+0000] {logging_mixin.py:188} INFO - [2024-04-16T21:30:11.812+0000] {dagbag.py:540} INFO - Filling up the DagBag from /home/airflow/.local/lib/python3.10/site-packages/airflow/example_dags/example_datasets.py
[2024-04-16T21:30:11.826+0000] {processor.py:840} INFO - DAG(s) 'dataset_consumes_1', 'dataset_consumes_1_and_2', 'dataset_consumes_unknown_never_scheduled', 'dataset_produces_2', 'dataset_consumes_1_never_scheduled', 'dataset_produces_1' retrieved from /home/airflow/.local/lib/python3.10/site-packages/airflow/example_dags/example_datasets.py
[2024-04-16T21:30:11.869+0000] {logging_mixin.py:188} INFO - [2024-04-16T21:30:11.869+0000] {dag.py:3047} INFO - Sync 6 DAGs
[2024-04-16T21:30:11.903+0000] {logging_mixin.py:188} INFO - [2024-04-16T21:30:11.902+0000] {dag.py:3834} INFO - Setting next_dagrun for dataset_consumes_1 to None, run_after=None
[2024-04-16T21:30:11.909+0000] {logging_mixin.py:188} INFO - [2024-04-16T21:30:11.909+0000] {dag.py:3834} INFO - Setting next_dagrun for dataset_consumes_1_and_2 to None, run_after=None
[2024-04-16T21:30:11.912+0000] {logging_mixin.py:188} INFO - [2024-04-16T21:30:11.912+0000] {dag.py:3834} INFO - Setting next_dagrun for dataset_consumes_1_never_scheduled to None, run_after=None
[2024-04-16T21:30:11.914+0000] {logging_mixin.py:188} INFO - [2024-04-16T21:30:11.914+0000] {dag.py:3834} INFO - Setting next_dagrun for dataset_consumes_unknown_never_scheduled to None, run_after=None
[2024-04-16T21:30:11.917+0000] {logging_mixin.py:188} INFO - [2024-04-16T21:30:11.917+0000] {dag.py:3834} INFO - Setting next_dagrun for dataset_produces_1 to 2024-04-15 00:00:00+00:00, run_after=2024-04-16 00:00:00+00:00
[2024-04-16T21:30:11.919+0000] {logging_mixin.py:188} INFO - [2024-04-16T21:30:11.919+0000] {dag.py:3834} INFO - Setting next_dagrun for dataset_produces_2 to None, run_after=None
[2024-04-16T21:30:11.954+0000] {processor.py:183} INFO - Processing /home/airflow/.local/lib/python3.10/site-packages/airflow/example_dags/example_datasets.py took 0.148 seconds
[2024-04-16T21:30:42.206+0000] {processor.py:161} INFO - Started process (PID=204) to work on /home/airflow/.local/lib/python3.10/site-packages/airflow/example_dags/example_datasets.py
[2024-04-16T21:30:42.207+0000] {processor.py:830} INFO - Processing file /home/airflow/.local/lib/python3.10/site-packages/airflow/example_dags/example_datasets.py for tasks to queue
[2024-04-16T21:30:42.209+0000] {logging_mixin.py:188} INFO - [2024-04-16T21:30:42.209+0000] {dagbag.py:540} INFO - Filling up the DagBag from /home/airflow/.local/lib/python3.10/site-packages/airflow/example_dags/example_datasets.py
[2024-04-16T21:30:42.217+0000] {processor.py:840} INFO - DAG(s) 'dataset_consumes_1_and_2', 'dataset_consumes_1', 'dataset_produces_2', 'dataset_produces_1', 'dataset_consumes_unknown_never_scheduled', 'dataset_consumes_1_never_scheduled' retrieved from /home/airflow/.local/lib/python3.10/site-packages/airflow/example_dags/example_datasets.py
[2024-04-16T21:30:42.248+0000] {logging_mixin.py:188} INFO - [2024-04-16T21:30:42.248+0000] {dag.py:3047} INFO - Sync 6 DAGs
[2024-04-16T21:30:42.270+0000] {logging_mixin.py:188} INFO - [2024-04-16T21:30:42.270+0000] {dag.py:3834} INFO - Setting next_dagrun for dataset_consumes_1 to None, run_after=None
[2024-04-16T21:30:42.273+0000] {logging_mixin.py:188} INFO - [2024-04-16T21:30:42.273+0000] {dag.py:3834} INFO - Setting next_dagrun for dataset_consumes_1_and_2 to None, run_after=None
[2024-04-16T21:30:42.274+0000] {logging_mixin.py:188} INFO - [2024-04-16T21:30:42.274+0000] {dag.py:3834} INFO - Setting next_dagrun for dataset_consumes_1_never_scheduled to None, run_after=None
[2024-04-16T21:30:42.276+0000] {logging_mixin.py:188} INFO - [2024-04-16T21:30:42.275+0000] {dag.py:3834} INFO - Setting next_dagrun for dataset_consumes_unknown_never_scheduled to None, run_after=None
[2024-04-16T21:30:42.278+0000] {logging_mixin.py:188} INFO - [2024-04-16T21:30:42.278+0000] {dag.py:3834} INFO - Setting next_dagrun for dataset_produces_1 to 2024-04-15 00:00:00+00:00, run_after=2024-04-16 00:00:00+00:00
[2024-04-16T21:30:42.280+0000] {logging_mixin.py:188} INFO - [2024-04-16T21:30:42.280+0000] {dag.py:3834} INFO - Setting next_dagrun for dataset_produces_2 to None, run_after=None
[2024-04-16T21:30:42.306+0000] {processor.py:183} INFO - Processing /home/airflow/.local/lib/python3.10/site-packages/airflow/example_dags/example_datasets.py took 0.103 seconds
[2024-04-16T21:31:12.965+0000] {processor.py:161} INFO - Started process (PID=259) to work on /home/airflow/.local/lib/python3.10/site-packages/airflow/example_dags/example_datasets.py
[2024-04-16T21:31:12.966+0000] {processor.py:830} INFO - Processing file /home/airflow/.local/lib/python3.10/site-packages/airflow/example_dags/example_datasets.py for tasks to queue
[2024-04-16T21:31:12.968+0000] {logging_mixin.py:188} INFO - [2024-04-16T21:31:12.968+0000] {dagbag.py:540} INFO - Filling up the DagBag from /home/airflow/.local/lib/python3.10/site-packages/airflow/example_dags/example_datasets.py
[2024-04-16T21:31:12.977+0000] {processor.py:840} INFO - DAG(s) 'dataset_produces_2', 'dataset_consumes_1_and_2', 'dataset_consumes_1_never_scheduled', 'dataset_consumes_1', 'dataset_produces_1', 'dataset_consumes_unknown_never_scheduled' retrieved from /home/airflow/.local/lib/python3.10/site-packages/airflow/example_dags/example_datasets.py
[2024-04-16T21:31:13.009+0000] {logging_mixin.py:188} INFO - [2024-04-16T21:31:13.009+0000] {dag.py:3047} INFO - Sync 6 DAGs
[2024-04-16T21:31:13.030+0000] {logging_mixin.py:188} INFO - [2024-04-16T21:31:13.030+0000] {dag.py:3834} INFO - Setting next_dagrun for dataset_consumes_1 to None, run_after=None
[2024-04-16T21:31:13.033+0000] {logging_mixin.py:188} INFO - [2024-04-16T21:31:13.033+0000] {dag.py:3834} INFO - Setting next_dagrun for dataset_consumes_1_and_2 to None, run_after=None
[2024-04-16T21:31:13.035+0000] {logging_mixin.py:188} INFO - [2024-04-16T21:31:13.035+0000] {dag.py:3834} INFO - Setting next_dagrun for dataset_consumes_1_never_scheduled to None, run_after=None
[2024-04-16T21:31:13.036+0000] {logging_mixin.py:188} INFO - [2024-04-16T21:31:13.036+0000] {dag.py:3834} INFO - Setting next_dagrun for dataset_consumes_unknown_never_scheduled to None, run_after=None
[2024-04-16T21:31:13.039+0000] {logging_mixin.py:188} INFO - [2024-04-16T21:31:13.038+0000] {dag.py:3834} INFO - Setting next_dagrun for dataset_produces_1 to 2024-04-15 00:00:00+00:00, run_after=2024-04-16 00:00:00+00:00
[2024-04-16T21:31:13.040+0000] {logging_mixin.py:188} INFO - [2024-04-16T21:31:13.040+0000] {dag.py:3834} INFO - Setting next_dagrun for dataset_produces_2 to None, run_after=None
[2024-04-16T21:31:13.067+0000] {processor.py:183} INFO - Processing /home/airflow/.local/lib/python3.10/site-packages/airflow/example_dags/example_datasets.py took 0.105 seconds
[2024-04-16T21:32:11.702+0000] {processor.py:161} INFO - Started process (PID=41) to work on /home/airflow/.local/lib/python3.10/site-packages/airflow/example_dags/example_datasets.py
[2024-04-16T21:32:11.703+0000] {processor.py:830} INFO - Processing file /home/airflow/.local/lib/python3.10/site-packages/airflow/example_dags/example_datasets.py for tasks to queue
[2024-04-16T21:32:11.706+0000] {logging_mixin.py:188} INFO - [2024-04-16T21:32:11.706+0000] {dagbag.py:540} INFO - Filling up the DagBag from /home/airflow/.local/lib/python3.10/site-packages/airflow/example_dags/example_datasets.py
[2024-04-16T21:32:11.716+0000] {processor.py:840} INFO - DAG(s) 'dataset_consumes_1_and_2', 'dataset_consumes_1', 'dataset_produces_2', 'dataset_produces_1', 'dataset_consumes_1_never_scheduled', 'dataset_consumes_unknown_never_scheduled' retrieved from /home/airflow/.local/lib/python3.10/site-packages/airflow/example_dags/example_datasets.py
[2024-04-16T21:32:11.736+0000] {logging_mixin.py:188} INFO - [2024-04-16T21:32:11.735+0000] {dag.py:3047} INFO - Sync 6 DAGs
[2024-04-16T21:32:11.759+0000] {logging_mixin.py:188} INFO - [2024-04-16T21:32:11.759+0000] {dag.py:3834} INFO - Setting next_dagrun for dataset_consumes_1 to None, run_after=None
[2024-04-16T21:32:11.763+0000] {logging_mixin.py:188} INFO - [2024-04-16T21:32:11.763+0000] {dag.py:3834} INFO - Setting next_dagrun for dataset_consumes_1_and_2 to None, run_after=None
[2024-04-16T21:32:11.765+0000] {logging_mixin.py:188} INFO - [2024-04-16T21:32:11.765+0000] {dag.py:3834} INFO - Setting next_dagrun for dataset_consumes_1_never_scheduled to None, run_after=None
[2024-04-16T21:32:11.767+0000] {logging_mixin.py:188} INFO - [2024-04-16T21:32:11.767+0000] {dag.py:3834} INFO - Setting next_dagrun for dataset_consumes_unknown_never_scheduled to None, run_after=None
[2024-04-16T21:32:11.771+0000] {logging_mixin.py:188} INFO - [2024-04-16T21:32:11.770+0000] {dag.py:3834} INFO - Setting next_dagrun for dataset_produces_1 to 2024-04-15 00:00:00+00:00, run_after=2024-04-16 00:00:00+00:00
[2024-04-16T21:32:11.773+0000] {logging_mixin.py:188} INFO - [2024-04-16T21:32:11.772+0000] {dag.py:3834} INFO - Setting next_dagrun for dataset_produces_2 to None, run_after=None
[2024-04-16T21:32:11.819+0000] {processor.py:183} INFO - Processing /home/airflow/.local/lib/python3.10/site-packages/airflow/example_dags/example_datasets.py took 0.122 seconds
[2024-04-16T21:32:42.679+0000] {processor.py:161} INFO - Started process (PID=98) to work on /home/airflow/.local/lib/python3.10/site-packages/airflow/example_dags/example_datasets.py
[2024-04-16T21:32:42.680+0000] {processor.py:830} INFO - Processing file /home/airflow/.local/lib/python3.10/site-packages/airflow/example_dags/example_datasets.py for tasks to queue
[2024-04-16T21:32:42.682+0000] {logging_mixin.py:188} INFO - [2024-04-16T21:32:42.681+0000] {dagbag.py:540} INFO - Filling up the DagBag from /home/airflow/.local/lib/python3.10/site-packages/airflow/example_dags/example_datasets.py
[2024-04-16T21:32:42.693+0000] {processor.py:840} INFO - DAG(s) 'dataset_produces_2', 'dataset_consumes_1_never_scheduled', 'dataset_consumes_unknown_never_scheduled', 'dataset_consumes_1', 'dataset_consumes_1_and_2', 'dataset_produces_1' retrieved from /home/airflow/.local/lib/python3.10/site-packages/airflow/example_dags/example_datasets.py
[2024-04-16T21:32:42.852+0000] {logging_mixin.py:188} INFO - [2024-04-16T21:32:42.852+0000] {dag.py:3047} INFO - Sync 6 DAGs
[2024-04-16T21:32:42.873+0000] {logging_mixin.py:188} INFO - [2024-04-16T21:32:42.872+0000] {dag.py:3834} INFO - Setting next_dagrun for dataset_consumes_1 to None, run_after=None
[2024-04-16T21:32:42.876+0000] {logging_mixin.py:188} INFO - [2024-04-16T21:32:42.875+0000] {dag.py:3834} INFO - Setting next_dagrun for dataset_consumes_1_and_2 to None, run_after=None
[2024-04-16T21:32:42.877+0000] {logging_mixin.py:188} INFO - [2024-04-16T21:32:42.877+0000] {dag.py:3834} INFO - Setting next_dagrun for dataset_consumes_1_never_scheduled to None, run_after=None
[2024-04-16T21:32:42.878+0000] {logging_mixin.py:188} INFO - [2024-04-16T21:32:42.878+0000] {dag.py:3834} INFO - Setting next_dagrun for dataset_consumes_unknown_never_scheduled to None, run_after=None
[2024-04-16T21:32:42.880+0000] {logging_mixin.py:188} INFO - [2024-04-16T21:32:42.880+0000] {dag.py:3834} INFO - Setting next_dagrun for dataset_produces_1 to 2024-04-15 00:00:00+00:00, run_after=2024-04-16 00:00:00+00:00
[2024-04-16T21:32:42.882+0000] {logging_mixin.py:188} INFO - [2024-04-16T21:32:42.881+0000] {dag.py:3834} INFO - Setting next_dagrun for dataset_produces_2 to None, run_after=None
[2024-04-16T21:32:42.910+0000] {processor.py:183} INFO - Processing /home/airflow/.local/lib/python3.10/site-packages/airflow/example_dags/example_datasets.py took 0.234 seconds
[2024-04-16T21:33:49.900+0000] {processor.py:161} INFO - Started process (PID=41) to work on /home/airflow/.local/lib/python3.10/site-packages/airflow/example_dags/example_datasets.py
[2024-04-16T21:33:49.901+0000] {processor.py:830} INFO - Processing file /home/airflow/.local/lib/python3.10/site-packages/airflow/example_dags/example_datasets.py for tasks to queue
[2024-04-16T21:33:49.903+0000] {logging_mixin.py:188} INFO - [2024-04-16T21:33:49.903+0000] {dagbag.py:540} INFO - Filling up the DagBag from /home/airflow/.local/lib/python3.10/site-packages/airflow/example_dags/example_datasets.py
[2024-04-16T21:33:49.914+0000] {processor.py:840} INFO - DAG(s) 'dataset_produces_2', 'dataset_consumes_unknown_never_scheduled', 'dataset_consumes_1_and_2', 'dataset_consumes_1_never_scheduled', 'dataset_produces_1', 'dataset_consumes_1' retrieved from /home/airflow/.local/lib/python3.10/site-packages/airflow/example_dags/example_datasets.py
[2024-04-16T21:33:49.929+0000] {logging_mixin.py:188} INFO - [2024-04-16T21:33:49.928+0000] {dag.py:3047} INFO - Sync 6 DAGs
[2024-04-16T21:33:49.951+0000] {logging_mixin.py:188} INFO - [2024-04-16T21:33:49.951+0000] {dag.py:3834} INFO - Setting next_dagrun for dataset_consumes_1 to None, run_after=None
[2024-04-16T21:33:49.955+0000] {logging_mixin.py:188} INFO - [2024-04-16T21:33:49.955+0000] {dag.py:3834} INFO - Setting next_dagrun for dataset_consumes_1_and_2 to None, run_after=None
[2024-04-16T21:33:49.957+0000] {logging_mixin.py:188} INFO - [2024-04-16T21:33:49.956+0000] {dag.py:3834} INFO - Setting next_dagrun for dataset_consumes_1_never_scheduled to None, run_after=None
[2024-04-16T21:33:49.958+0000] {logging_mixin.py:188} INFO - [2024-04-16T21:33:49.958+0000] {dag.py:3834} INFO - Setting next_dagrun for dataset_consumes_unknown_never_scheduled to None, run_after=None
[2024-04-16T21:33:49.961+0000] {logging_mixin.py:188} INFO - [2024-04-16T21:33:49.961+0000] {dag.py:3834} INFO - Setting next_dagrun for dataset_produces_1 to 2024-04-15 00:00:00+00:00, run_after=2024-04-16 00:00:00+00:00
[2024-04-16T21:33:49.962+0000] {logging_mixin.py:188} INFO - [2024-04-16T21:33:49.962+0000] {dag.py:3834} INFO - Setting next_dagrun for dataset_produces_2 to None, run_after=None
[2024-04-16T21:33:49.992+0000] {processor.py:183} INFO - Processing /home/airflow/.local/lib/python3.10/site-packages/airflow/example_dags/example_datasets.py took 0.095 seconds
[2024-04-16T21:34:20.965+0000] {processor.py:161} INFO - Started process (PID=98) to work on /home/airflow/.local/lib/python3.10/site-packages/airflow/example_dags/example_datasets.py
[2024-04-16T21:34:20.966+0000] {processor.py:830} INFO - Processing file /home/airflow/.local/lib/python3.10/site-packages/airflow/example_dags/example_datasets.py for tasks to queue
[2024-04-16T21:34:20.968+0000] {logging_mixin.py:188} INFO - [2024-04-16T21:34:20.968+0000] {dagbag.py:540} INFO - Filling up the DagBag from /home/airflow/.local/lib/python3.10/site-packages/airflow/example_dags/example_datasets.py
[2024-04-16T21:34:20.976+0000] {processor.py:840} INFO - DAG(s) 'dataset_produces_1', 'dataset_consumes_1', 'dataset_consumes_1_never_scheduled', 'dataset_produces_2', 'dataset_consumes_unknown_never_scheduled', 'dataset_consumes_1_and_2' retrieved from /home/airflow/.local/lib/python3.10/site-packages/airflow/example_dags/example_datasets.py
[2024-04-16T21:34:21.112+0000] {logging_mixin.py:188} INFO - [2024-04-16T21:34:21.111+0000] {dag.py:3047} INFO - Sync 6 DAGs
[2024-04-16T21:34:21.129+0000] {logging_mixin.py:188} INFO - [2024-04-16T21:34:21.128+0000] {dag.py:3834} INFO - Setting next_dagrun for dataset_consumes_1 to None, run_after=None
[2024-04-16T21:34:21.131+0000] {logging_mixin.py:188} INFO - [2024-04-16T21:34:21.131+0000] {dag.py:3834} INFO - Setting next_dagrun for dataset_consumes_1_and_2 to None, run_after=None
[2024-04-16T21:34:21.133+0000] {logging_mixin.py:188} INFO - [2024-04-16T21:34:21.133+0000] {dag.py:3834} INFO - Setting next_dagrun for dataset_consumes_1_never_scheduled to None, run_after=None
[2024-04-16T21:34:21.134+0000] {logging_mixin.py:188} INFO - [2024-04-16T21:34:21.134+0000] {dag.py:3834} INFO - Setting next_dagrun for dataset_consumes_unknown_never_scheduled to None, run_after=None
[2024-04-16T21:34:21.137+0000] {logging_mixin.py:188} INFO - [2024-04-16T21:34:21.137+0000] {dag.py:3834} INFO - Setting next_dagrun for dataset_produces_1 to 2024-04-15 00:00:00+00:00, run_after=2024-04-16 00:00:00+00:00
[2024-04-16T21:34:21.139+0000] {logging_mixin.py:188} INFO - [2024-04-16T21:34:21.138+0000] {dag.py:3834} INFO - Setting next_dagrun for dataset_produces_2 to None, run_after=None
[2024-04-16T21:34:21.168+0000] {processor.py:183} INFO - Processing /home/airflow/.local/lib/python3.10/site-packages/airflow/example_dags/example_datasets.py took 0.205 seconds
[2024-04-16T21:34:51.368+0000] {processor.py:161} INFO - Started process (PID=155) to work on /home/airflow/.local/lib/python3.10/site-packages/airflow/example_dags/example_datasets.py
[2024-04-16T21:34:51.369+0000] {processor.py:830} INFO - Processing file /home/airflow/.local/lib/python3.10/site-packages/airflow/example_dags/example_datasets.py for tasks to queue
[2024-04-16T21:34:51.371+0000] {logging_mixin.py:188} INFO - [2024-04-16T21:34:51.371+0000] {dagbag.py:540} INFO - Filling up the DagBag from /home/airflow/.local/lib/python3.10/site-packages/airflow/example_dags/example_datasets.py
[2024-04-16T21:34:51.381+0000] {processor.py:840} INFO - DAG(s) 'dataset_consumes_unknown_never_scheduled', 'dataset_produces_2', 'dataset_consumes_1_and_2', 'dataset_consumes_1', 'dataset_consumes_1_never_scheduled', 'dataset_produces_1' retrieved from /home/airflow/.local/lib/python3.10/site-packages/airflow/example_dags/example_datasets.py
[2024-04-16T21:34:51.418+0000] {logging_mixin.py:188} INFO - [2024-04-16T21:34:51.418+0000] {dag.py:3047} INFO - Sync 6 DAGs
[2024-04-16T21:34:51.440+0000] {logging_mixin.py:188} INFO - [2024-04-16T21:34:51.440+0000] {dag.py:3834} INFO - Setting next_dagrun for dataset_consumes_1 to None, run_after=None
[2024-04-16T21:34:51.444+0000] {logging_mixin.py:188} INFO - [2024-04-16T21:34:51.444+0000] {dag.py:3834} INFO - Setting next_dagrun for dataset_consumes_1_and_2 to None, run_after=None
[2024-04-16T21:34:51.445+0000] {logging_mixin.py:188} INFO - [2024-04-16T21:34:51.445+0000] {dag.py:3834} INFO - Setting next_dagrun for dataset_consumes_1_never_scheduled to None, run_after=None
[2024-04-16T21:34:51.446+0000] {logging_mixin.py:188} INFO - [2024-04-16T21:34:51.446+0000] {dag.py:3834} INFO - Setting next_dagrun for dataset_consumes_unknown_never_scheduled to None, run_after=None
[2024-04-16T21:34:51.449+0000] {logging_mixin.py:188} INFO - [2024-04-16T21:34:51.448+0000] {dag.py:3834} INFO - Setting next_dagrun for dataset_produces_1 to 2024-04-15 00:00:00+00:00, run_after=2024-04-16 00:00:00+00:00
[2024-04-16T21:34:51.450+0000] {logging_mixin.py:188} INFO - [2024-04-16T21:34:51.450+0000] {dag.py:3834} INFO - Setting next_dagrun for dataset_produces_2 to None, run_after=None
[2024-04-16T21:34:51.476+0000] {processor.py:183} INFO - Processing /home/airflow/.local/lib/python3.10/site-packages/airflow/example_dags/example_datasets.py took 0.112 seconds
[2024-04-16T21:35:21.665+0000] {processor.py:161} INFO - Started process (PID=212) to work on /home/airflow/.local/lib/python3.10/site-packages/airflow/example_dags/example_datasets.py
[2024-04-16T21:35:21.666+0000] {processor.py:830} INFO - Processing file /home/airflow/.local/lib/python3.10/site-packages/airflow/example_dags/example_datasets.py for tasks to queue
[2024-04-16T21:35:21.668+0000] {logging_mixin.py:188} INFO - [2024-04-16T21:35:21.668+0000] {dagbag.py:540} INFO - Filling up the DagBag from /home/airflow/.local/lib/python3.10/site-packages/airflow/example_dags/example_datasets.py
[2024-04-16T21:35:21.676+0000] {processor.py:840} INFO - DAG(s) 'dataset_consumes_1_never_scheduled', 'dataset_consumes_unknown_never_scheduled', 'dataset_consumes_1_and_2', 'dataset_produces_1', 'dataset_consumes_1', 'dataset_produces_2' retrieved from /home/airflow/.local/lib/python3.10/site-packages/airflow/example_dags/example_datasets.py
[2024-04-16T21:35:21.705+0000] {logging_mixin.py:188} INFO - [2024-04-16T21:35:21.705+0000] {dag.py:3047} INFO - Sync 6 DAGs
[2024-04-16T21:35:21.725+0000] {logging_mixin.py:188} INFO - [2024-04-16T21:35:21.725+0000] {dag.py:3834} INFO - Setting next_dagrun for dataset_consumes_1 to None, run_after=None
[2024-04-16T21:35:21.729+0000] {logging_mixin.py:188} INFO - [2024-04-16T21:35:21.729+0000] {dag.py:3834} INFO - Setting next_dagrun for dataset_consumes_1_and_2 to None, run_after=None
[2024-04-16T21:35:21.730+0000] {logging_mixin.py:188} INFO - [2024-04-16T21:35:21.730+0000] {dag.py:3834} INFO - Setting next_dagrun for dataset_consumes_1_never_scheduled to None, run_after=None
[2024-04-16T21:35:21.732+0000] {logging_mixin.py:188} INFO - [2024-04-16T21:35:21.731+0000] {dag.py:3834} INFO - Setting next_dagrun for dataset_consumes_unknown_never_scheduled to None, run_after=None
[2024-04-16T21:35:21.734+0000] {logging_mixin.py:188} INFO - [2024-04-16T21:35:21.734+0000] {dag.py:3834} INFO - Setting next_dagrun for dataset_produces_1 to 2024-04-15 00:00:00+00:00, run_after=2024-04-16 00:00:00+00:00
[2024-04-16T21:35:21.735+0000] {logging_mixin.py:188} INFO - [2024-04-16T21:35:21.735+0000] {dag.py:3834} INFO - Setting next_dagrun for dataset_produces_2 to None, run_after=None
[2024-04-16T21:35:21.761+0000] {processor.py:183} INFO - Processing /home/airflow/.local/lib/python3.10/site-packages/airflow/example_dags/example_datasets.py took 0.099 seconds
[2024-04-16T21:35:52.712+0000] {processor.py:161} INFO - Started process (PID=269) to work on /home/airflow/.local/lib/python3.10/site-packages/airflow/example_dags/example_datasets.py
[2024-04-16T21:35:52.713+0000] {processor.py:830} INFO - Processing file /home/airflow/.local/lib/python3.10/site-packages/airflow/example_dags/example_datasets.py for tasks to queue
[2024-04-16T21:35:52.714+0000] {logging_mixin.py:188} INFO - [2024-04-16T21:35:52.714+0000] {dagbag.py:540} INFO - Filling up the DagBag from /home/airflow/.local/lib/python3.10/site-packages/airflow/example_dags/example_datasets.py
[2024-04-16T21:35:52.722+0000] {processor.py:840} INFO - DAG(s) 'dataset_produces_2', 'dataset_consumes_unknown_never_scheduled', 'dataset_produces_1', 'dataset_consumes_1_and_2', 'dataset_consumes_1_never_scheduled', 'dataset_consumes_1' retrieved from /home/airflow/.local/lib/python3.10/site-packages/airflow/example_dags/example_datasets.py
[2024-04-16T21:35:52.753+0000] {logging_mixin.py:188} INFO - [2024-04-16T21:35:52.753+0000] {dag.py:3047} INFO - Sync 6 DAGs
[2024-04-16T21:35:52.773+0000] {logging_mixin.py:188} INFO - [2024-04-16T21:35:52.773+0000] {dag.py:3834} INFO - Setting next_dagrun for dataset_consumes_1 to None, run_after=None
[2024-04-16T21:35:52.777+0000] {logging_mixin.py:188} INFO - [2024-04-16T21:35:52.776+0000] {dag.py:3834} INFO - Setting next_dagrun for dataset_consumes_1_and_2 to None, run_after=None
[2024-04-16T21:35:52.778+0000] {logging_mixin.py:188} INFO - [2024-04-16T21:35:52.778+0000] {dag.py:3834} INFO - Setting next_dagrun for dataset_consumes_1_never_scheduled to None, run_after=None
[2024-04-16T21:35:52.779+0000] {logging_mixin.py:188} INFO - [2024-04-16T21:35:52.779+0000] {dag.py:3834} INFO - Setting next_dagrun for dataset_consumes_unknown_never_scheduled to None, run_after=None
[2024-04-16T21:35:52.781+0000] {logging_mixin.py:188} INFO - [2024-04-16T21:35:52.781+0000] {dag.py:3834} INFO - Setting next_dagrun for dataset_produces_1 to 2024-04-15 00:00:00+00:00, run_after=2024-04-16 00:00:00+00:00
[2024-04-16T21:35:52.783+0000] {logging_mixin.py:188} INFO - [2024-04-16T21:35:52.782+0000] {dag.py:3834} INFO - Setting next_dagrun for dataset_produces_2 to None, run_after=None
[2024-04-16T21:35:52.812+0000] {processor.py:183} INFO - Processing /home/airflow/.local/lib/python3.10/site-packages/airflow/example_dags/example_datasets.py took 0.104 seconds
[2024-04-16T21:36:23.284+0000] {processor.py:161} INFO - Started process (PID=326) to work on /home/airflow/.local/lib/python3.10/site-packages/airflow/example_dags/example_datasets.py
[2024-04-16T21:36:23.285+0000] {processor.py:830} INFO - Processing file /home/airflow/.local/lib/python3.10/site-packages/airflow/example_dags/example_datasets.py for tasks to queue
[2024-04-16T21:36:23.287+0000] {logging_mixin.py:188} INFO - [2024-04-16T21:36:23.286+0000] {dagbag.py:540} INFO - Filling up the DagBag from /home/airflow/.local/lib/python3.10/site-packages/airflow/example_dags/example_datasets.py
[2024-04-16T21:36:23.296+0000] {processor.py:840} INFO - DAG(s) 'dataset_produces_2', 'dataset_consumes_1_and_2', 'dataset_consumes_1', 'dataset_consumes_1_never_scheduled', 'dataset_consumes_unknown_never_scheduled', 'dataset_produces_1' retrieved from /home/airflow/.local/lib/python3.10/site-packages/airflow/example_dags/example_datasets.py
[2024-04-16T21:36:23.329+0000] {logging_mixin.py:188} INFO - [2024-04-16T21:36:23.329+0000] {dag.py:3047} INFO - Sync 6 DAGs
[2024-04-16T21:36:23.351+0000] {logging_mixin.py:188} INFO - [2024-04-16T21:36:23.351+0000] {dag.py:3834} INFO - Setting next_dagrun for dataset_consumes_1 to None, run_after=None
[2024-04-16T21:36:23.355+0000] {logging_mixin.py:188} INFO - [2024-04-16T21:36:23.354+0000] {dag.py:3834} INFO - Setting next_dagrun for dataset_consumes_1_and_2 to None, run_after=None
[2024-04-16T21:36:23.356+0000] {logging_mixin.py:188} INFO - [2024-04-16T21:36:23.356+0000] {dag.py:3834} INFO - Setting next_dagrun for dataset_consumes_1_never_scheduled to None, run_after=None
[2024-04-16T21:36:23.357+0000] {logging_mixin.py:188} INFO - [2024-04-16T21:36:23.357+0000] {dag.py:3834} INFO - Setting next_dagrun for dataset_consumes_unknown_never_scheduled to None, run_after=None
[2024-04-16T21:36:23.360+0000] {logging_mixin.py:188} INFO - [2024-04-16T21:36:23.360+0000] {dag.py:3834} INFO - Setting next_dagrun for dataset_produces_1 to 2024-04-15 00:00:00+00:00, run_after=2024-04-16 00:00:00+00:00
[2024-04-16T21:36:23.362+0000] {logging_mixin.py:188} INFO - [2024-04-16T21:36:23.361+0000] {dag.py:3834} INFO - Setting next_dagrun for dataset_produces_2 to None, run_after=None
[2024-04-16T21:36:23.389+0000] {processor.py:183} INFO - Processing /home/airflow/.local/lib/python3.10/site-packages/airflow/example_dags/example_datasets.py took 0.109 seconds
[2024-04-16T21:36:53.822+0000] {processor.py:161} INFO - Started process (PID=383) to work on /home/airflow/.local/lib/python3.10/site-packages/airflow/example_dags/example_datasets.py
[2024-04-16T21:36:53.824+0000] {processor.py:830} INFO - Processing file /home/airflow/.local/lib/python3.10/site-packages/airflow/example_dags/example_datasets.py for tasks to queue
[2024-04-16T21:36:53.826+0000] {logging_mixin.py:188} INFO - [2024-04-16T21:36:53.825+0000] {dagbag.py:540} INFO - Filling up the DagBag from /home/airflow/.local/lib/python3.10/site-packages/airflow/example_dags/example_datasets.py
[2024-04-16T21:36:53.834+0000] {processor.py:840} INFO - DAG(s) 'dataset_consumes_1_and_2', 'dataset_consumes_unknown_never_scheduled', 'dataset_consumes_1_never_scheduled', 'dataset_consumes_1', 'dataset_produces_1', 'dataset_produces_2' retrieved from /home/airflow/.local/lib/python3.10/site-packages/airflow/example_dags/example_datasets.py
[2024-04-16T21:36:53.865+0000] {logging_mixin.py:188} INFO - [2024-04-16T21:36:53.865+0000] {dag.py:3047} INFO - Sync 6 DAGs
[2024-04-16T21:36:53.885+0000] {logging_mixin.py:188} INFO - [2024-04-16T21:36:53.884+0000] {dag.py:3834} INFO - Setting next_dagrun for dataset_consumes_1 to None, run_after=None
[2024-04-16T21:36:53.888+0000] {logging_mixin.py:188} INFO - [2024-04-16T21:36:53.888+0000] {dag.py:3834} INFO - Setting next_dagrun for dataset_consumes_1_and_2 to None, run_after=None
[2024-04-16T21:36:53.889+0000] {logging_mixin.py:188} INFO - [2024-04-16T21:36:53.889+0000] {dag.py:3834} INFO - Setting next_dagrun for dataset_consumes_1_never_scheduled to None, run_after=None
[2024-04-16T21:36:53.891+0000] {logging_mixin.py:188} INFO - [2024-04-16T21:36:53.891+0000] {dag.py:3834} INFO - Setting next_dagrun for dataset_consumes_unknown_never_scheduled to None, run_after=None
[2024-04-16T21:36:53.893+0000] {logging_mixin.py:188} INFO - [2024-04-16T21:36:53.893+0000] {dag.py:3834} INFO - Setting next_dagrun for dataset_produces_1 to 2024-04-15 00:00:00+00:00, run_after=2024-04-16 00:00:00+00:00
[2024-04-16T21:36:53.894+0000] {logging_mixin.py:188} INFO - [2024-04-16T21:36:53.894+0000] {dag.py:3834} INFO - Setting next_dagrun for dataset_produces_2 to None, run_after=None
[2024-04-16T21:36:53.929+0000] {processor.py:183} INFO - Processing /home/airflow/.local/lib/python3.10/site-packages/airflow/example_dags/example_datasets.py took 0.109 seconds
[2024-04-16T21:37:24.460+0000] {processor.py:161} INFO - Started process (PID=440) to work on /home/airflow/.local/lib/python3.10/site-packages/airflow/example_dags/example_datasets.py
[2024-04-16T21:37:24.461+0000] {processor.py:830} INFO - Processing file /home/airflow/.local/lib/python3.10/site-packages/airflow/example_dags/example_datasets.py for tasks to queue
[2024-04-16T21:37:24.463+0000] {logging_mixin.py:188} INFO - [2024-04-16T21:37:24.462+0000] {dagbag.py:540} INFO - Filling up the DagBag from /home/airflow/.local/lib/python3.10/site-packages/airflow/example_dags/example_datasets.py
[2024-04-16T21:37:24.471+0000] {processor.py:840} INFO - DAG(s) 'dataset_consumes_1', 'dataset_consumes_1_and_2', 'dataset_produces_1', 'dataset_consumes_unknown_never_scheduled', 'dataset_consumes_1_never_scheduled', 'dataset_produces_2' retrieved from /home/airflow/.local/lib/python3.10/site-packages/airflow/example_dags/example_datasets.py
[2024-04-16T21:37:24.502+0000] {logging_mixin.py:188} INFO - [2024-04-16T21:37:24.502+0000] {dag.py:3047} INFO - Sync 6 DAGs
[2024-04-16T21:37:24.526+0000] {logging_mixin.py:188} INFO - [2024-04-16T21:37:24.525+0000] {dag.py:3834} INFO - Setting next_dagrun for dataset_consumes_1 to None, run_after=None
[2024-04-16T21:37:24.529+0000] {logging_mixin.py:188} INFO - [2024-04-16T21:37:24.529+0000] {dag.py:3834} INFO - Setting next_dagrun for dataset_consumes_1_and_2 to None, run_after=None
[2024-04-16T21:37:24.531+0000] {logging_mixin.py:188} INFO - [2024-04-16T21:37:24.531+0000] {dag.py:3834} INFO - Setting next_dagrun for dataset_consumes_1_never_scheduled to None, run_after=None
[2024-04-16T21:37:24.533+0000] {logging_mixin.py:188} INFO - [2024-04-16T21:37:24.533+0000] {dag.py:3834} INFO - Setting next_dagrun for dataset_consumes_unknown_never_scheduled to None, run_after=None
[2024-04-16T21:37:24.536+0000] {logging_mixin.py:188} INFO - [2024-04-16T21:37:24.535+0000] {dag.py:3834} INFO - Setting next_dagrun for dataset_produces_1 to 2024-04-15 00:00:00+00:00, run_after=2024-04-16 00:00:00+00:00
[2024-04-16T21:37:24.537+0000] {logging_mixin.py:188} INFO - [2024-04-16T21:37:24.537+0000] {dag.py:3834} INFO - Setting next_dagrun for dataset_produces_2 to None, run_after=None
[2024-04-16T21:37:24.566+0000] {processor.py:183} INFO - Processing /home/airflow/.local/lib/python3.10/site-packages/airflow/example_dags/example_datasets.py took 0.109 seconds
[2024-04-16T21:37:55.073+0000] {processor.py:161} INFO - Started process (PID=497) to work on /home/airflow/.local/lib/python3.10/site-packages/airflow/example_dags/example_datasets.py
[2024-04-16T21:37:55.074+0000] {processor.py:830} INFO - Processing file /home/airflow/.local/lib/python3.10/site-packages/airflow/example_dags/example_datasets.py for tasks to queue
[2024-04-16T21:37:55.078+0000] {logging_mixin.py:188} INFO - [2024-04-16T21:37:55.077+0000] {dagbag.py:540} INFO - Filling up the DagBag from /home/airflow/.local/lib/python3.10/site-packages/airflow/example_dags/example_datasets.py
[2024-04-16T21:37:55.089+0000] {processor.py:840} INFO - DAG(s) 'dataset_produces_1', 'dataset_consumes_1', 'dataset_produces_2', 'dataset_consumes_1_never_scheduled', 'dataset_consumes_unknown_never_scheduled', 'dataset_consumes_1_and_2' retrieved from /home/airflow/.local/lib/python3.10/site-packages/airflow/example_dags/example_datasets.py
[2024-04-16T21:37:55.131+0000] {logging_mixin.py:188} INFO - [2024-04-16T21:37:55.131+0000] {dag.py:3047} INFO - Sync 6 DAGs
[2024-04-16T21:37:55.156+0000] {logging_mixin.py:188} INFO - [2024-04-16T21:37:55.155+0000] {dag.py:3834} INFO - Setting next_dagrun for dataset_consumes_1 to None, run_after=None
[2024-04-16T21:37:55.159+0000] {logging_mixin.py:188} INFO - [2024-04-16T21:37:55.159+0000] {dag.py:3834} INFO - Setting next_dagrun for dataset_consumes_1_and_2 to None, run_after=None
[2024-04-16T21:37:55.161+0000] {logging_mixin.py:188} INFO - [2024-04-16T21:37:55.160+0000] {dag.py:3834} INFO - Setting next_dagrun for dataset_consumes_1_never_scheduled to None, run_after=None
[2024-04-16T21:37:55.162+0000] {logging_mixin.py:188} INFO - [2024-04-16T21:37:55.162+0000] {dag.py:3834} INFO - Setting next_dagrun for dataset_consumes_unknown_never_scheduled to None, run_after=None
[2024-04-16T21:37:55.164+0000] {logging_mixin.py:188} INFO - [2024-04-16T21:37:55.164+0000] {dag.py:3834} INFO - Setting next_dagrun for dataset_produces_1 to 2024-04-15 00:00:00+00:00, run_after=2024-04-16 00:00:00+00:00
[2024-04-16T21:37:55.166+0000] {logging_mixin.py:188} INFO - [2024-04-16T21:37:55.166+0000] {dag.py:3834} INFO - Setting next_dagrun for dataset_produces_2 to None, run_after=None
[2024-04-16T21:37:55.202+0000] {processor.py:183} INFO - Processing /home/airflow/.local/lib/python3.10/site-packages/airflow/example_dags/example_datasets.py took 0.132 seconds
[2024-04-16T21:38:25.784+0000] {processor.py:161} INFO - Started process (PID=554) to work on /home/airflow/.local/lib/python3.10/site-packages/airflow/example_dags/example_datasets.py
[2024-04-16T21:38:25.785+0000] {processor.py:830} INFO - Processing file /home/airflow/.local/lib/python3.10/site-packages/airflow/example_dags/example_datasets.py for tasks to queue
[2024-04-16T21:38:25.787+0000] {logging_mixin.py:188} INFO - [2024-04-16T21:38:25.786+0000] {dagbag.py:540} INFO - Filling up the DagBag from /home/airflow/.local/lib/python3.10/site-packages/airflow/example_dags/example_datasets.py
[2024-04-16T21:38:25.796+0000] {processor.py:840} INFO - DAG(s) 'dataset_produces_1', 'dataset_consumes_1_and_2', 'dataset_consumes_1_never_scheduled', 'dataset_produces_2', 'dataset_consumes_1', 'dataset_consumes_unknown_never_scheduled' retrieved from /home/airflow/.local/lib/python3.10/site-packages/airflow/example_dags/example_datasets.py
[2024-04-16T21:38:25.833+0000] {logging_mixin.py:188} INFO - [2024-04-16T21:38:25.833+0000] {dag.py:3047} INFO - Sync 6 DAGs
[2024-04-16T21:38:25.856+0000] {logging_mixin.py:188} INFO - [2024-04-16T21:38:25.856+0000] {dag.py:3834} INFO - Setting next_dagrun for dataset_consumes_1 to None, run_after=None
[2024-04-16T21:38:25.860+0000] {logging_mixin.py:188} INFO - [2024-04-16T21:38:25.860+0000] {dag.py:3834} INFO - Setting next_dagrun for dataset_consumes_1_and_2 to None, run_after=None
[2024-04-16T21:38:25.862+0000] {logging_mixin.py:188} INFO - [2024-04-16T21:38:25.862+0000] {dag.py:3834} INFO - Setting next_dagrun for dataset_consumes_1_never_scheduled to None, run_after=None
[2024-04-16T21:38:25.864+0000] {logging_mixin.py:188} INFO - [2024-04-16T21:38:25.864+0000] {dag.py:3834} INFO - Setting next_dagrun for dataset_consumes_unknown_never_scheduled to None, run_after=None
[2024-04-16T21:38:25.867+0000] {logging_mixin.py:188} INFO - [2024-04-16T21:38:25.866+0000] {dag.py:3834} INFO - Setting next_dagrun for dataset_produces_1 to 2024-04-15 00:00:00+00:00, run_after=2024-04-16 00:00:00+00:00
[2024-04-16T21:38:25.868+0000] {logging_mixin.py:188} INFO - [2024-04-16T21:38:25.868+0000] {dag.py:3834} INFO - Setting next_dagrun for dataset_produces_2 to None, run_after=None
[2024-04-16T21:38:25.897+0000] {processor.py:183} INFO - Processing /home/airflow/.local/lib/python3.10/site-packages/airflow/example_dags/example_datasets.py took 0.116 seconds
[2024-04-16T21:38:56.376+0000] {processor.py:161} INFO - Started process (PID=611) to work on /home/airflow/.local/lib/python3.10/site-packages/airflow/example_dags/example_datasets.py
[2024-04-16T21:38:56.377+0000] {processor.py:830} INFO - Processing file /home/airflow/.local/lib/python3.10/site-packages/airflow/example_dags/example_datasets.py for tasks to queue
[2024-04-16T21:38:56.379+0000] {logging_mixin.py:188} INFO - [2024-04-16T21:38:56.379+0000] {dagbag.py:540} INFO - Filling up the DagBag from /home/airflow/.local/lib/python3.10/site-packages/airflow/example_dags/example_datasets.py
[2024-04-16T21:38:56.391+0000] {processor.py:840} INFO - DAG(s) 'dataset_produces_2', 'dataset_consumes_1_and_2', 'dataset_consumes_1', 'dataset_consumes_unknown_never_scheduled', 'dataset_consumes_1_never_scheduled', 'dataset_produces_1' retrieved from /home/airflow/.local/lib/python3.10/site-packages/airflow/example_dags/example_datasets.py
[2024-04-16T21:38:56.426+0000] {logging_mixin.py:188} INFO - [2024-04-16T21:38:56.426+0000] {dag.py:3047} INFO - Sync 6 DAGs
[2024-04-16T21:38:56.450+0000] {logging_mixin.py:188} INFO - [2024-04-16T21:38:56.450+0000] {dag.py:3834} INFO - Setting next_dagrun for dataset_consumes_1 to None, run_after=None
[2024-04-16T21:38:56.453+0000] {logging_mixin.py:188} INFO - [2024-04-16T21:38:56.453+0000] {dag.py:3834} INFO - Setting next_dagrun for dataset_consumes_1_and_2 to None, run_after=None
[2024-04-16T21:38:56.455+0000] {logging_mixin.py:188} INFO - [2024-04-16T21:38:56.455+0000] {dag.py:3834} INFO - Setting next_dagrun for dataset_consumes_1_never_scheduled to None, run_after=None
[2024-04-16T21:38:56.457+0000] {logging_mixin.py:188} INFO - [2024-04-16T21:38:56.457+0000] {dag.py:3834} INFO - Setting next_dagrun for dataset_consumes_unknown_never_scheduled to None, run_after=None
[2024-04-16T21:38:56.460+0000] {logging_mixin.py:188} INFO - [2024-04-16T21:38:56.460+0000] {dag.py:3834} INFO - Setting next_dagrun for dataset_produces_1 to 2024-04-15 00:00:00+00:00, run_after=2024-04-16 00:00:00+00:00
[2024-04-16T21:38:56.461+0000] {logging_mixin.py:188} INFO - [2024-04-16T21:38:56.461+0000] {dag.py:3834} INFO - Setting next_dagrun for dataset_produces_2 to None, run_after=None
[2024-04-16T21:38:56.491+0000] {processor.py:183} INFO - Processing /home/airflow/.local/lib/python3.10/site-packages/airflow/example_dags/example_datasets.py took 0.118 seconds
[2024-04-16T21:39:27.052+0000] {processor.py:161} INFO - Started process (PID=668) to work on /home/airflow/.local/lib/python3.10/site-packages/airflow/example_dags/example_datasets.py
[2024-04-16T21:39:27.053+0000] {processor.py:830} INFO - Processing file /home/airflow/.local/lib/python3.10/site-packages/airflow/example_dags/example_datasets.py for tasks to queue
[2024-04-16T21:39:27.055+0000] {logging_mixin.py:188} INFO - [2024-04-16T21:39:27.055+0000] {dagbag.py:540} INFO - Filling up the DagBag from /home/airflow/.local/lib/python3.10/site-packages/airflow/example_dags/example_datasets.py
[2024-04-16T21:39:27.064+0000] {processor.py:840} INFO - DAG(s) 'dataset_consumes_unknown_never_scheduled', 'dataset_consumes_1_never_scheduled', 'dataset_produces_2', 'dataset_consumes_1_and_2', 'dataset_produces_1', 'dataset_consumes_1' retrieved from /home/airflow/.local/lib/python3.10/site-packages/airflow/example_dags/example_datasets.py
[2024-04-16T21:39:27.098+0000] {logging_mixin.py:188} INFO - [2024-04-16T21:39:27.097+0000] {dag.py:3047} INFO - Sync 6 DAGs
[2024-04-16T21:39:27.119+0000] {logging_mixin.py:188} INFO - [2024-04-16T21:39:27.119+0000] {dag.py:3834} INFO - Setting next_dagrun for dataset_consumes_1 to None, run_after=None
[2024-04-16T21:39:27.123+0000] {logging_mixin.py:188} INFO - [2024-04-16T21:39:27.122+0000] {dag.py:3834} INFO - Setting next_dagrun for dataset_consumes_1_and_2 to None, run_after=None
[2024-04-16T21:39:27.124+0000] {logging_mixin.py:188} INFO - [2024-04-16T21:39:27.124+0000] {dag.py:3834} INFO - Setting next_dagrun for dataset_consumes_1_never_scheduled to None, run_after=None
[2024-04-16T21:39:27.125+0000] {logging_mixin.py:188} INFO - [2024-04-16T21:39:27.125+0000] {dag.py:3834} INFO - Setting next_dagrun for dataset_consumes_unknown_never_scheduled to None, run_after=None
[2024-04-16T21:39:27.129+0000] {logging_mixin.py:188} INFO - [2024-04-16T21:39:27.128+0000] {dag.py:3834} INFO - Setting next_dagrun for dataset_produces_1 to 2024-04-15 00:00:00+00:00, run_after=2024-04-16 00:00:00+00:00
[2024-04-16T21:39:27.131+0000] {logging_mixin.py:188} INFO - [2024-04-16T21:39:27.130+0000] {dag.py:3834} INFO - Setting next_dagrun for dataset_produces_2 to None, run_after=None
[2024-04-16T21:39:27.161+0000] {processor.py:183} INFO - Processing /home/airflow/.local/lib/python3.10/site-packages/airflow/example_dags/example_datasets.py took 0.112 seconds
[2024-04-16T21:39:57.756+0000] {processor.py:161} INFO - Started process (PID=725) to work on /home/airflow/.local/lib/python3.10/site-packages/airflow/example_dags/example_datasets.py
[2024-04-16T21:39:57.756+0000] {processor.py:830} INFO - Processing file /home/airflow/.local/lib/python3.10/site-packages/airflow/example_dags/example_datasets.py for tasks to queue
[2024-04-16T21:39:57.758+0000] {logging_mixin.py:188} INFO - [2024-04-16T21:39:57.758+0000] {dagbag.py:540} INFO - Filling up the DagBag from /home/airflow/.local/lib/python3.10/site-packages/airflow/example_dags/example_datasets.py
[2024-04-16T21:39:57.767+0000] {processor.py:840} INFO - DAG(s) 'dataset_consumes_1_and_2', 'dataset_consumes_1_never_scheduled', 'dataset_produces_2', 'dataset_produces_1', 'dataset_consumes_unknown_never_scheduled', 'dataset_consumes_1' retrieved from /home/airflow/.local/lib/python3.10/site-packages/airflow/example_dags/example_datasets.py
[2024-04-16T21:39:57.798+0000] {logging_mixin.py:188} INFO - [2024-04-16T21:39:57.798+0000] {dag.py:3047} INFO - Sync 6 DAGs
[2024-04-16T21:39:57.818+0000] {logging_mixin.py:188} INFO - [2024-04-16T21:39:57.818+0000] {dag.py:3834} INFO - Setting next_dagrun for dataset_consumes_1 to None, run_after=None
[2024-04-16T21:39:57.821+0000] {logging_mixin.py:188} INFO - [2024-04-16T21:39:57.821+0000] {dag.py:3834} INFO - Setting next_dagrun for dataset_consumes_1_and_2 to None, run_after=None
[2024-04-16T21:39:57.823+0000] {logging_mixin.py:188} INFO - [2024-04-16T21:39:57.822+0000] {dag.py:3834} INFO - Setting next_dagrun for dataset_consumes_1_never_scheduled to None, run_after=None
[2024-04-16T21:39:57.824+0000] {logging_mixin.py:188} INFO - [2024-04-16T21:39:57.824+0000] {dag.py:3834} INFO - Setting next_dagrun for dataset_consumes_unknown_never_scheduled to None, run_after=None
[2024-04-16T21:39:57.827+0000] {logging_mixin.py:188} INFO - [2024-04-16T21:39:57.827+0000] {dag.py:3834} INFO - Setting next_dagrun for dataset_produces_1 to 2024-04-15 00:00:00+00:00, run_after=2024-04-16 00:00:00+00:00
[2024-04-16T21:39:57.829+0000] {logging_mixin.py:188} INFO - [2024-04-16T21:39:57.829+0000] {dag.py:3834} INFO - Setting next_dagrun for dataset_produces_2 to None, run_after=None
[2024-04-16T21:39:57.857+0000] {processor.py:183} INFO - Processing /home/airflow/.local/lib/python3.10/site-packages/airflow/example_dags/example_datasets.py took 0.105 seconds
[2024-04-16T21:40:28.417+0000] {processor.py:161} INFO - Started process (PID=782) to work on /home/airflow/.local/lib/python3.10/site-packages/airflow/example_dags/example_datasets.py
[2024-04-16T21:40:28.418+0000] {processor.py:830} INFO - Processing file /home/airflow/.local/lib/python3.10/site-packages/airflow/example_dags/example_datasets.py for tasks to queue
[2024-04-16T21:40:28.420+0000] {logging_mixin.py:188} INFO - [2024-04-16T21:40:28.420+0000] {dagbag.py:540} INFO - Filling up the DagBag from /home/airflow/.local/lib/python3.10/site-packages/airflow/example_dags/example_datasets.py
[2024-04-16T21:40:28.429+0000] {processor.py:840} INFO - DAG(s) 'dataset_produces_1', 'dataset_consumes_1_never_scheduled', 'dataset_produces_2', 'dataset_consumes_1', 'dataset_consumes_1_and_2', 'dataset_consumes_unknown_never_scheduled' retrieved from /home/airflow/.local/lib/python3.10/site-packages/airflow/example_dags/example_datasets.py
[2024-04-16T21:40:28.459+0000] {logging_mixin.py:188} INFO - [2024-04-16T21:40:28.459+0000] {dag.py:3047} INFO - Sync 6 DAGs
[2024-04-16T21:40:28.481+0000] {logging_mixin.py:188} INFO - [2024-04-16T21:40:28.481+0000] {dag.py:3834} INFO - Setting next_dagrun for dataset_consumes_1 to None, run_after=None
[2024-04-16T21:40:28.485+0000] {logging_mixin.py:188} INFO - [2024-04-16T21:40:28.484+0000] {dag.py:3834} INFO - Setting next_dagrun for dataset_consumes_1_and_2 to None, run_after=None
[2024-04-16T21:40:28.486+0000] {logging_mixin.py:188} INFO - [2024-04-16T21:40:28.486+0000] {dag.py:3834} INFO - Setting next_dagrun for dataset_consumes_1_never_scheduled to None, run_after=None
[2024-04-16T21:40:28.487+0000] {logging_mixin.py:188} INFO - [2024-04-16T21:40:28.487+0000] {dag.py:3834} INFO - Setting next_dagrun for dataset_consumes_unknown_never_scheduled to None, run_after=None
[2024-04-16T21:40:28.490+0000] {logging_mixin.py:188} INFO - [2024-04-16T21:40:28.490+0000] {dag.py:3834} INFO - Setting next_dagrun for dataset_produces_1 to 2024-04-15 00:00:00+00:00, run_after=2024-04-16 00:00:00+00:00
[2024-04-16T21:40:28.491+0000] {logging_mixin.py:188} INFO - [2024-04-16T21:40:28.491+0000] {dag.py:3834} INFO - Setting next_dagrun for dataset_produces_2 to None, run_after=None
[2024-04-16T21:40:28.519+0000] {processor.py:183} INFO - Processing /home/airflow/.local/lib/python3.10/site-packages/airflow/example_dags/example_datasets.py took 0.106 seconds
[2024-04-16T21:40:58.963+0000] {processor.py:161} INFO - Started process (PID=839) to work on /home/airflow/.local/lib/python3.10/site-packages/airflow/example_dags/example_datasets.py
[2024-04-16T21:40:58.964+0000] {processor.py:830} INFO - Processing file /home/airflow/.local/lib/python3.10/site-packages/airflow/example_dags/example_datasets.py for tasks to queue
[2024-04-16T21:40:58.966+0000] {logging_mixin.py:188} INFO - [2024-04-16T21:40:58.966+0000] {dagbag.py:540} INFO - Filling up the DagBag from /home/airflow/.local/lib/python3.10/site-packages/airflow/example_dags/example_datasets.py
[2024-04-16T21:40:58.974+0000] {processor.py:840} INFO - DAG(s) 'dataset_consumes_unknown_never_scheduled', 'dataset_produces_2', 'dataset_consumes_1_never_scheduled', 'dataset_produces_1', 'dataset_consumes_1_and_2', 'dataset_consumes_1' retrieved from /home/airflow/.local/lib/python3.10/site-packages/airflow/example_dags/example_datasets.py
[2024-04-16T21:40:59.004+0000] {logging_mixin.py:188} INFO - [2024-04-16T21:40:59.003+0000] {dag.py:3047} INFO - Sync 6 DAGs
[2024-04-16T21:40:59.022+0000] {logging_mixin.py:188} INFO - [2024-04-16T21:40:59.022+0000] {dag.py:3834} INFO - Setting next_dagrun for dataset_consumes_1 to None, run_after=None
[2024-04-16T21:40:59.026+0000] {logging_mixin.py:188} INFO - [2024-04-16T21:40:59.025+0000] {dag.py:3834} INFO - Setting next_dagrun for dataset_consumes_1_and_2 to None, run_after=None
[2024-04-16T21:40:59.027+0000] {logging_mixin.py:188} INFO - [2024-04-16T21:40:59.027+0000] {dag.py:3834} INFO - Setting next_dagrun for dataset_consumes_1_never_scheduled to None, run_after=None
[2024-04-16T21:40:59.028+0000] {logging_mixin.py:188} INFO - [2024-04-16T21:40:59.028+0000] {dag.py:3834} INFO - Setting next_dagrun for dataset_consumes_unknown_never_scheduled to None, run_after=None
[2024-04-16T21:40:59.031+0000] {logging_mixin.py:188} INFO - [2024-04-16T21:40:59.031+0000] {dag.py:3834} INFO - Setting next_dagrun for dataset_produces_1 to 2024-04-15 00:00:00+00:00, run_after=2024-04-16 00:00:00+00:00
[2024-04-16T21:40:59.032+0000] {logging_mixin.py:188} INFO - [2024-04-16T21:40:59.032+0000] {dag.py:3834} INFO - Setting next_dagrun for dataset_produces_2 to None, run_after=None
[2024-04-16T21:40:59.059+0000] {processor.py:183} INFO - Processing /home/airflow/.local/lib/python3.10/site-packages/airflow/example_dags/example_datasets.py took 0.099 seconds
[2024-04-16T21:41:29.441+0000] {processor.py:161} INFO - Started process (PID=896) to work on /home/airflow/.local/lib/python3.10/site-packages/airflow/example_dags/example_datasets.py
[2024-04-16T21:41:29.442+0000] {processor.py:830} INFO - Processing file /home/airflow/.local/lib/python3.10/site-packages/airflow/example_dags/example_datasets.py for tasks to queue
[2024-04-16T21:41:29.443+0000] {logging_mixin.py:188} INFO - [2024-04-16T21:41:29.443+0000] {dagbag.py:540} INFO - Filling up the DagBag from /home/airflow/.local/lib/python3.10/site-packages/airflow/example_dags/example_datasets.py
[2024-04-16T21:41:29.452+0000] {processor.py:840} INFO - DAG(s) 'dataset_produces_1', 'dataset_consumes_unknown_never_scheduled', 'dataset_consumes_1_never_scheduled', 'dataset_consumes_1_and_2', 'dataset_produces_2', 'dataset_consumes_1' retrieved from /home/airflow/.local/lib/python3.10/site-packages/airflow/example_dags/example_datasets.py
[2024-04-16T21:41:29.483+0000] {logging_mixin.py:188} INFO - [2024-04-16T21:41:29.483+0000] {dag.py:3047} INFO - Sync 6 DAGs
[2024-04-16T21:41:29.504+0000] {logging_mixin.py:188} INFO - [2024-04-16T21:41:29.503+0000] {dag.py:3834} INFO - Setting next_dagrun for dataset_consumes_1 to None, run_after=None
[2024-04-16T21:41:29.509+0000] {logging_mixin.py:188} INFO - [2024-04-16T21:41:29.508+0000] {dag.py:3834} INFO - Setting next_dagrun for dataset_consumes_1_and_2 to None, run_after=None
[2024-04-16T21:41:29.510+0000] {logging_mixin.py:188} INFO - [2024-04-16T21:41:29.510+0000] {dag.py:3834} INFO - Setting next_dagrun for dataset_consumes_1_never_scheduled to None, run_after=None
[2024-04-16T21:41:29.511+0000] {logging_mixin.py:188} INFO - [2024-04-16T21:41:29.511+0000] {dag.py:3834} INFO - Setting next_dagrun for dataset_consumes_unknown_never_scheduled to None, run_after=None
[2024-04-16T21:41:29.514+0000] {logging_mixin.py:188} INFO - [2024-04-16T21:41:29.514+0000] {dag.py:3834} INFO - Setting next_dagrun for dataset_produces_1 to 2024-04-15 00:00:00+00:00, run_after=2024-04-16 00:00:00+00:00
[2024-04-16T21:41:29.516+0000] {logging_mixin.py:188} INFO - [2024-04-16T21:41:29.516+0000] {dag.py:3834} INFO - Setting next_dagrun for dataset_produces_2 to None, run_after=None
[2024-04-16T21:41:29.544+0000] {processor.py:183} INFO - Processing /home/airflow/.local/lib/python3.10/site-packages/airflow/example_dags/example_datasets.py took 0.106 seconds
[2024-04-16T21:41:59.933+0000] {processor.py:161} INFO - Started process (PID=953) to work on /home/airflow/.local/lib/python3.10/site-packages/airflow/example_dags/example_datasets.py
[2024-04-16T21:41:59.934+0000] {processor.py:830} INFO - Processing file /home/airflow/.local/lib/python3.10/site-packages/airflow/example_dags/example_datasets.py for tasks to queue
[2024-04-16T21:41:59.936+0000] {logging_mixin.py:188} INFO - [2024-04-16T21:41:59.936+0000] {dagbag.py:540} INFO - Filling up the DagBag from /home/airflow/.local/lib/python3.10/site-packages/airflow/example_dags/example_datasets.py
[2024-04-16T21:41:59.944+0000] {processor.py:840} INFO - DAG(s) 'dataset_produces_2', 'dataset_consumes_1_never_scheduled', 'dataset_consumes_1_and_2', 'dataset_consumes_1', 'dataset_produces_1', 'dataset_consumes_unknown_never_scheduled' retrieved from /home/airflow/.local/lib/python3.10/site-packages/airflow/example_dags/example_datasets.py
[2024-04-16T21:41:59.974+0000] {logging_mixin.py:188} INFO - [2024-04-16T21:41:59.974+0000] {dag.py:3047} INFO - Sync 6 DAGs
[2024-04-16T21:41:59.993+0000] {logging_mixin.py:188} INFO - [2024-04-16T21:41:59.993+0000] {dag.py:3834} INFO - Setting next_dagrun for dataset_consumes_1 to None, run_after=None
[2024-04-16T21:41:59.996+0000] {logging_mixin.py:188} INFO - [2024-04-16T21:41:59.996+0000] {dag.py:3834} INFO - Setting next_dagrun for dataset_consumes_1_and_2 to None, run_after=None
[2024-04-16T21:41:59.998+0000] {logging_mixin.py:188} INFO - [2024-04-16T21:41:59.998+0000] {dag.py:3834} INFO - Setting next_dagrun for dataset_consumes_1_never_scheduled to None, run_after=None
[2024-04-16T21:41:59.999+0000] {logging_mixin.py:188} INFO - [2024-04-16T21:41:59.999+0000] {dag.py:3834} INFO - Setting next_dagrun for dataset_consumes_unknown_never_scheduled to None, run_after=None
[2024-04-16T21:42:00.002+0000] {logging_mixin.py:188} INFO - [2024-04-16T21:42:00.002+0000] {dag.py:3834} INFO - Setting next_dagrun for dataset_produces_1 to 2024-04-15 00:00:00+00:00, run_after=2024-04-16 00:00:00+00:00
[2024-04-16T21:42:00.004+0000] {logging_mixin.py:188} INFO - [2024-04-16T21:42:00.004+0000] {dag.py:3834} INFO - Setting next_dagrun for dataset_produces_2 to None, run_after=None
[2024-04-16T21:42:00.035+0000] {processor.py:183} INFO - Processing /home/airflow/.local/lib/python3.10/site-packages/airflow/example_dags/example_datasets.py took 0.104 seconds
[2024-04-16T21:42:30.373+0000] {processor.py:161} INFO - Started process (PID=1010) to work on /home/airflow/.local/lib/python3.10/site-packages/airflow/example_dags/example_datasets.py
[2024-04-16T21:42:30.374+0000] {processor.py:830} INFO - Processing file /home/airflow/.local/lib/python3.10/site-packages/airflow/example_dags/example_datasets.py for tasks to queue
[2024-04-16T21:42:30.376+0000] {logging_mixin.py:188} INFO - [2024-04-16T21:42:30.376+0000] {dagbag.py:540} INFO - Filling up the DagBag from /home/airflow/.local/lib/python3.10/site-packages/airflow/example_dags/example_datasets.py
[2024-04-16T21:42:30.385+0000] {processor.py:840} INFO - DAG(s) 'dataset_produces_1', 'dataset_consumes_1_never_scheduled', 'dataset_produces_2', 'dataset_consumes_1_and_2', 'dataset_consumes_1', 'dataset_consumes_unknown_never_scheduled' retrieved from /home/airflow/.local/lib/python3.10/site-packages/airflow/example_dags/example_datasets.py
[2024-04-16T21:42:30.412+0000] {logging_mixin.py:188} INFO - [2024-04-16T21:42:30.412+0000] {dag.py:3047} INFO - Sync 6 DAGs
[2024-04-16T21:42:30.431+0000] {logging_mixin.py:188} INFO - [2024-04-16T21:42:30.431+0000] {dag.py:3834} INFO - Setting next_dagrun for dataset_consumes_1 to None, run_after=None
[2024-04-16T21:42:30.434+0000] {logging_mixin.py:188} INFO - [2024-04-16T21:42:30.434+0000] {dag.py:3834} INFO - Setting next_dagrun for dataset_consumes_1_and_2 to None, run_after=None
[2024-04-16T21:42:30.436+0000] {logging_mixin.py:188} INFO - [2024-04-16T21:42:30.436+0000] {dag.py:3834} INFO - Setting next_dagrun for dataset_consumes_1_never_scheduled to None, run_after=None
[2024-04-16T21:42:30.437+0000] {logging_mixin.py:188} INFO - [2024-04-16T21:42:30.437+0000] {dag.py:3834} INFO - Setting next_dagrun for dataset_consumes_unknown_never_scheduled to None, run_after=None
[2024-04-16T21:42:30.440+0000] {logging_mixin.py:188} INFO - [2024-04-16T21:42:30.440+0000] {dag.py:3834} INFO - Setting next_dagrun for dataset_produces_1 to 2024-04-15 00:00:00+00:00, run_after=2024-04-16 00:00:00+00:00
[2024-04-16T21:42:30.441+0000] {logging_mixin.py:188} INFO - [2024-04-16T21:42:30.441+0000] {dag.py:3834} INFO - Setting next_dagrun for dataset_produces_2 to None, run_after=None
[2024-04-16T21:42:30.470+0000] {processor.py:183} INFO - Processing /home/airflow/.local/lib/python3.10/site-packages/airflow/example_dags/example_datasets.py took 0.099 seconds
[2024-04-16T21:43:00.918+0000] {processor.py:161} INFO - Started process (PID=1067) to work on /home/airflow/.local/lib/python3.10/site-packages/airflow/example_dags/example_datasets.py
[2024-04-16T21:43:00.919+0000] {processor.py:830} INFO - Processing file /home/airflow/.local/lib/python3.10/site-packages/airflow/example_dags/example_datasets.py for tasks to queue
[2024-04-16T21:43:00.921+0000] {logging_mixin.py:188} INFO - [2024-04-16T21:43:00.921+0000] {dagbag.py:540} INFO - Filling up the DagBag from /home/airflow/.local/lib/python3.10/site-packages/airflow/example_dags/example_datasets.py
[2024-04-16T21:43:00.929+0000] {processor.py:840} INFO - DAG(s) 'dataset_consumes_1_and_2', 'dataset_produces_1', 'dataset_consumes_1_never_scheduled', 'dataset_consumes_1', 'dataset_consumes_unknown_never_scheduled', 'dataset_produces_2' retrieved from /home/airflow/.local/lib/python3.10/site-packages/airflow/example_dags/example_datasets.py
[2024-04-16T21:43:00.958+0000] {logging_mixin.py:188} INFO - [2024-04-16T21:43:00.958+0000] {dag.py:3047} INFO - Sync 6 DAGs
[2024-04-16T21:43:00.978+0000] {logging_mixin.py:188} INFO - [2024-04-16T21:43:00.978+0000] {dag.py:3834} INFO - Setting next_dagrun for dataset_consumes_1 to None, run_after=None
[2024-04-16T21:43:00.983+0000] {logging_mixin.py:188} INFO - [2024-04-16T21:43:00.983+0000] {dag.py:3834} INFO - Setting next_dagrun for dataset_consumes_1_and_2 to None, run_after=None
[2024-04-16T21:43:00.985+0000] {logging_mixin.py:188} INFO - [2024-04-16T21:43:00.984+0000] {dag.py:3834} INFO - Setting next_dagrun for dataset_consumes_1_never_scheduled to None, run_after=None
[2024-04-16T21:43:00.986+0000] {logging_mixin.py:188} INFO - [2024-04-16T21:43:00.986+0000] {dag.py:3834} INFO - Setting next_dagrun for dataset_consumes_unknown_never_scheduled to None, run_after=None
[2024-04-16T21:43:00.989+0000] {logging_mixin.py:188} INFO - [2024-04-16T21:43:00.989+0000] {dag.py:3834} INFO - Setting next_dagrun for dataset_produces_1 to 2024-04-15 00:00:00+00:00, run_after=2024-04-16 00:00:00+00:00
[2024-04-16T21:43:00.991+0000] {logging_mixin.py:188} INFO - [2024-04-16T21:43:00.991+0000] {dag.py:3834} INFO - Setting next_dagrun for dataset_produces_2 to None, run_after=None
[2024-04-16T21:43:01.019+0000] {processor.py:183} INFO - Processing /home/airflow/.local/lib/python3.10/site-packages/airflow/example_dags/example_datasets.py took 0.104 seconds
[2024-04-16T21:43:31.496+0000] {processor.py:161} INFO - Started process (PID=1124) to work on /home/airflow/.local/lib/python3.10/site-packages/airflow/example_dags/example_datasets.py
[2024-04-16T21:43:31.497+0000] {processor.py:830} INFO - Processing file /home/airflow/.local/lib/python3.10/site-packages/airflow/example_dags/example_datasets.py for tasks to queue
[2024-04-16T21:43:31.499+0000] {logging_mixin.py:188} INFO - [2024-04-16T21:43:31.498+0000] {dagbag.py:540} INFO - Filling up the DagBag from /home/airflow/.local/lib/python3.10/site-packages/airflow/example_dags/example_datasets.py
[2024-04-16T21:43:31.507+0000] {processor.py:840} INFO - DAG(s) 'dataset_consumes_1_never_scheduled', 'dataset_consumes_1', 'dataset_produces_1', 'dataset_consumes_unknown_never_scheduled', 'dataset_consumes_1_and_2', 'dataset_produces_2' retrieved from /home/airflow/.local/lib/python3.10/site-packages/airflow/example_dags/example_datasets.py
[2024-04-16T21:43:31.536+0000] {logging_mixin.py:188} INFO - [2024-04-16T21:43:31.536+0000] {dag.py:3047} INFO - Sync 6 DAGs
[2024-04-16T21:43:31.556+0000] {logging_mixin.py:188} INFO - [2024-04-16T21:43:31.556+0000] {dag.py:3834} INFO - Setting next_dagrun for dataset_consumes_1 to None, run_after=None
[2024-04-16T21:43:31.559+0000] {logging_mixin.py:188} INFO - [2024-04-16T21:43:31.559+0000] {dag.py:3834} INFO - Setting next_dagrun for dataset_consumes_1_and_2 to None, run_after=None
[2024-04-16T21:43:31.561+0000] {logging_mixin.py:188} INFO - [2024-04-16T21:43:31.561+0000] {dag.py:3834} INFO - Setting next_dagrun for dataset_consumes_1_never_scheduled to None, run_after=None
[2024-04-16T21:43:31.562+0000] {logging_mixin.py:188} INFO - [2024-04-16T21:43:31.562+0000] {dag.py:3834} INFO - Setting next_dagrun for dataset_consumes_unknown_never_scheduled to None, run_after=None
[2024-04-16T21:43:31.564+0000] {logging_mixin.py:188} INFO - [2024-04-16T21:43:31.564+0000] {dag.py:3834} INFO - Setting next_dagrun for dataset_produces_1 to 2024-04-15 00:00:00+00:00, run_after=2024-04-16 00:00:00+00:00
[2024-04-16T21:43:31.565+0000] {logging_mixin.py:188} INFO - [2024-04-16T21:43:31.565+0000] {dag.py:3834} INFO - Setting next_dagrun for dataset_produces_2 to None, run_after=None
[2024-04-16T21:43:31.593+0000] {processor.py:183} INFO - Processing /home/airflow/.local/lib/python3.10/site-packages/airflow/example_dags/example_datasets.py took 0.100 seconds
[2024-04-16T21:44:02.023+0000] {processor.py:161} INFO - Started process (PID=1181) to work on /home/airflow/.local/lib/python3.10/site-packages/airflow/example_dags/example_datasets.py
[2024-04-16T21:44:02.024+0000] {processor.py:830} INFO - Processing file /home/airflow/.local/lib/python3.10/site-packages/airflow/example_dags/example_datasets.py for tasks to queue
[2024-04-16T21:44:02.026+0000] {logging_mixin.py:188} INFO - [2024-04-16T21:44:02.025+0000] {dagbag.py:540} INFO - Filling up the DagBag from /home/airflow/.local/lib/python3.10/site-packages/airflow/example_dags/example_datasets.py
[2024-04-16T21:44:02.034+0000] {processor.py:840} INFO - DAG(s) 'dataset_consumes_1_never_scheduled', 'dataset_produces_1', 'dataset_consumes_1', 'dataset_consumes_unknown_never_scheduled', 'dataset_consumes_1_and_2', 'dataset_produces_2' retrieved from /home/airflow/.local/lib/python3.10/site-packages/airflow/example_dags/example_datasets.py
[2024-04-16T21:44:02.064+0000] {logging_mixin.py:188} INFO - [2024-04-16T21:44:02.064+0000] {dag.py:3047} INFO - Sync 6 DAGs
[2024-04-16T21:44:02.088+0000] {logging_mixin.py:188} INFO - [2024-04-16T21:44:02.088+0000] {dag.py:3834} INFO - Setting next_dagrun for dataset_consumes_1 to None, run_after=None
[2024-04-16T21:44:02.093+0000] {logging_mixin.py:188} INFO - [2024-04-16T21:44:02.093+0000] {dag.py:3834} INFO - Setting next_dagrun for dataset_consumes_1_and_2 to None, run_after=None
[2024-04-16T21:44:02.095+0000] {logging_mixin.py:188} INFO - [2024-04-16T21:44:02.095+0000] {dag.py:3834} INFO - Setting next_dagrun for dataset_consumes_1_never_scheduled to None, run_after=None
[2024-04-16T21:44:02.097+0000] {logging_mixin.py:188} INFO - [2024-04-16T21:44:02.097+0000] {dag.py:3834} INFO - Setting next_dagrun for dataset_consumes_unknown_never_scheduled to None, run_after=None
[2024-04-16T21:44:02.100+0000] {logging_mixin.py:188} INFO - [2024-04-16T21:44:02.100+0000] {dag.py:3834} INFO - Setting next_dagrun for dataset_produces_1 to 2024-04-15 00:00:00+00:00, run_after=2024-04-16 00:00:00+00:00
[2024-04-16T21:44:02.102+0000] {logging_mixin.py:188} INFO - [2024-04-16T21:44:02.102+0000] {dag.py:3834} INFO - Setting next_dagrun for dataset_produces_2 to None, run_after=None
[2024-04-16T21:44:02.138+0000] {processor.py:183} INFO - Processing /home/airflow/.local/lib/python3.10/site-packages/airflow/example_dags/example_datasets.py took 0.118 seconds
[2024-04-16T21:44:32.579+0000] {processor.py:161} INFO - Started process (PID=1238) to work on /home/airflow/.local/lib/python3.10/site-packages/airflow/example_dags/example_datasets.py
[2024-04-16T21:44:32.580+0000] {processor.py:830} INFO - Processing file /home/airflow/.local/lib/python3.10/site-packages/airflow/example_dags/example_datasets.py for tasks to queue
[2024-04-16T21:44:32.582+0000] {logging_mixin.py:188} INFO - [2024-04-16T21:44:32.582+0000] {dagbag.py:540} INFO - Filling up the DagBag from /home/airflow/.local/lib/python3.10/site-packages/airflow/example_dags/example_datasets.py
[2024-04-16T21:44:32.590+0000] {processor.py:840} INFO - DAG(s) 'dataset_produces_2', 'dataset_produces_1', 'dataset_consumes_1', 'dataset_consumes_1_and_2', 'dataset_consumes_1_never_scheduled', 'dataset_consumes_unknown_never_scheduled' retrieved from /home/airflow/.local/lib/python3.10/site-packages/airflow/example_dags/example_datasets.py
[2024-04-16T21:44:32.619+0000] {logging_mixin.py:188} INFO - [2024-04-16T21:44:32.618+0000] {dag.py:3047} INFO - Sync 6 DAGs
[2024-04-16T21:44:32.638+0000] {logging_mixin.py:188} INFO - [2024-04-16T21:44:32.638+0000] {dag.py:3834} INFO - Setting next_dagrun for dataset_consumes_1 to None, run_after=None
[2024-04-16T21:44:32.642+0000] {logging_mixin.py:188} INFO - [2024-04-16T21:44:32.642+0000] {dag.py:3834} INFO - Setting next_dagrun for dataset_consumes_1_and_2 to None, run_after=None
[2024-04-16T21:44:32.643+0000] {logging_mixin.py:188} INFO - [2024-04-16T21:44:32.643+0000] {dag.py:3834} INFO - Setting next_dagrun for dataset_consumes_1_never_scheduled to None, run_after=None
[2024-04-16T21:44:32.644+0000] {logging_mixin.py:188} INFO - [2024-04-16T21:44:32.644+0000] {dag.py:3834} INFO - Setting next_dagrun for dataset_consumes_unknown_never_scheduled to None, run_after=None
[2024-04-16T21:44:32.647+0000] {logging_mixin.py:188} INFO - [2024-04-16T21:44:32.646+0000] {dag.py:3834} INFO - Setting next_dagrun for dataset_produces_1 to 2024-04-15 00:00:00+00:00, run_after=2024-04-16 00:00:00+00:00
[2024-04-16T21:44:32.648+0000] {logging_mixin.py:188} INFO - [2024-04-16T21:44:32.648+0000] {dag.py:3834} INFO - Setting next_dagrun for dataset_produces_2 to None, run_after=None
[2024-04-16T21:44:32.675+0000] {processor.py:183} INFO - Processing /home/airflow/.local/lib/python3.10/site-packages/airflow/example_dags/example_datasets.py took 0.099 seconds
[2024-04-16T21:45:03.114+0000] {processor.py:161} INFO - Started process (PID=1295) to work on /home/airflow/.local/lib/python3.10/site-packages/airflow/example_dags/example_datasets.py
[2024-04-16T21:45:03.114+0000] {processor.py:830} INFO - Processing file /home/airflow/.local/lib/python3.10/site-packages/airflow/example_dags/example_datasets.py for tasks to queue
[2024-04-16T21:45:03.116+0000] {logging_mixin.py:188} INFO - [2024-04-16T21:45:03.116+0000] {dagbag.py:540} INFO - Filling up the DagBag from /home/airflow/.local/lib/python3.10/site-packages/airflow/example_dags/example_datasets.py
[2024-04-16T21:45:03.124+0000] {processor.py:840} INFO - DAG(s) 'dataset_consumes_1_and_2', 'dataset_consumes_unknown_never_scheduled', 'dataset_consumes_1', 'dataset_produces_1', 'dataset_produces_2', 'dataset_consumes_1_never_scheduled' retrieved from /home/airflow/.local/lib/python3.10/site-packages/airflow/example_dags/example_datasets.py
[2024-04-16T21:45:03.152+0000] {logging_mixin.py:188} INFO - [2024-04-16T21:45:03.152+0000] {dag.py:3047} INFO - Sync 6 DAGs
[2024-04-16T21:45:03.171+0000] {logging_mixin.py:188} INFO - [2024-04-16T21:45:03.171+0000] {dag.py:3834} INFO - Setting next_dagrun for dataset_consumes_1 to None, run_after=None
[2024-04-16T21:45:03.175+0000] {logging_mixin.py:188} INFO - [2024-04-16T21:45:03.175+0000] {dag.py:3834} INFO - Setting next_dagrun for dataset_consumes_1_and_2 to None, run_after=None
[2024-04-16T21:45:03.176+0000] {logging_mixin.py:188} INFO - [2024-04-16T21:45:03.176+0000] {dag.py:3834} INFO - Setting next_dagrun for dataset_consumes_1_never_scheduled to None, run_after=None
[2024-04-16T21:45:03.178+0000] {logging_mixin.py:188} INFO - [2024-04-16T21:45:03.177+0000] {dag.py:3834} INFO - Setting next_dagrun for dataset_consumes_unknown_never_scheduled to None, run_after=None
[2024-04-16T21:45:03.180+0000] {logging_mixin.py:188} INFO - [2024-04-16T21:45:03.180+0000] {dag.py:3834} INFO - Setting next_dagrun for dataset_produces_1 to 2024-04-15 00:00:00+00:00, run_after=2024-04-16 00:00:00+00:00
[2024-04-16T21:45:03.181+0000] {logging_mixin.py:188} INFO - [2024-04-16T21:45:03.181+0000] {dag.py:3834} INFO - Setting next_dagrun for dataset_produces_2 to None, run_after=None
[2024-04-16T21:45:03.207+0000] {processor.py:183} INFO - Processing /home/airflow/.local/lib/python3.10/site-packages/airflow/example_dags/example_datasets.py took 0.097 seconds
[2024-04-16T21:45:33.742+0000] {processor.py:161} INFO - Started process (PID=1352) to work on /home/airflow/.local/lib/python3.10/site-packages/airflow/example_dags/example_datasets.py
[2024-04-16T21:45:33.743+0000] {processor.py:830} INFO - Processing file /home/airflow/.local/lib/python3.10/site-packages/airflow/example_dags/example_datasets.py for tasks to queue
[2024-04-16T21:45:33.745+0000] {logging_mixin.py:188} INFO - [2024-04-16T21:45:33.745+0000] {dagbag.py:540} INFO - Filling up the DagBag from /home/airflow/.local/lib/python3.10/site-packages/airflow/example_dags/example_datasets.py
[2024-04-16T21:45:33.754+0000] {processor.py:840} INFO - DAG(s) 'dataset_consumes_unknown_never_scheduled', 'dataset_produces_2', 'dataset_produces_1', 'dataset_consumes_1', 'dataset_consumes_1_and_2', 'dataset_consumes_1_never_scheduled' retrieved from /home/airflow/.local/lib/python3.10/site-packages/airflow/example_dags/example_datasets.py
[2024-04-16T21:45:33.783+0000] {logging_mixin.py:188} INFO - [2024-04-16T21:45:33.783+0000] {dag.py:3047} INFO - Sync 6 DAGs
[2024-04-16T21:45:33.802+0000] {logging_mixin.py:188} INFO - [2024-04-16T21:45:33.802+0000] {dag.py:3834} INFO - Setting next_dagrun for dataset_consumes_1 to None, run_after=None
[2024-04-16T21:45:33.805+0000] {logging_mixin.py:188} INFO - [2024-04-16T21:45:33.805+0000] {dag.py:3834} INFO - Setting next_dagrun for dataset_consumes_1_and_2 to None, run_after=None
[2024-04-16T21:45:33.807+0000] {logging_mixin.py:188} INFO - [2024-04-16T21:45:33.807+0000] {dag.py:3834} INFO - Setting next_dagrun for dataset_consumes_1_never_scheduled to None, run_after=None
[2024-04-16T21:45:33.808+0000] {logging_mixin.py:188} INFO - [2024-04-16T21:45:33.808+0000] {dag.py:3834} INFO - Setting next_dagrun for dataset_consumes_unknown_never_scheduled to None, run_after=None
[2024-04-16T21:45:33.811+0000] {logging_mixin.py:188} INFO - [2024-04-16T21:45:33.811+0000] {dag.py:3834} INFO - Setting next_dagrun for dataset_produces_1 to 2024-04-15 00:00:00+00:00, run_after=2024-04-16 00:00:00+00:00
[2024-04-16T21:45:33.813+0000] {logging_mixin.py:188} INFO - [2024-04-16T21:45:33.812+0000] {dag.py:3834} INFO - Setting next_dagrun for dataset_produces_2 to None, run_after=None
[2024-04-16T21:45:33.841+0000] {processor.py:183} INFO - Processing /home/airflow/.local/lib/python3.10/site-packages/airflow/example_dags/example_datasets.py took 0.102 seconds
