[2024-04-16T21:29:11.783+0000] {processor.py:161} INFO - Started process (PID=56) to work on /home/airflow/.local/lib/python3.10/site-packages/airflow/example_dags/example_branch_labels.py
[2024-04-16T21:29:11.784+0000] {processor.py:830} INFO - Processing file /home/airflow/.local/lib/python3.10/site-packages/airflow/example_dags/example_branch_labels.py for tasks to queue
[2024-04-16T21:29:11.786+0000] {logging_mixin.py:188} INFO - [2024-04-16T21:29:11.786+0000] {dagbag.py:540} INFO - Filling up the DagBag from /home/airflow/.local/lib/python3.10/site-packages/airflow/example_dags/example_branch_labels.py
[2024-04-16T21:29:11.796+0000] {processor.py:840} INFO - DAG(s) 'example_branch_labels' retrieved from /home/airflow/.local/lib/python3.10/site-packages/airflow/example_dags/example_branch_labels.py
[2024-04-16T21:29:11.808+0000] {logging_mixin.py:188} INFO - [2024-04-16T21:29:11.808+0000] {dag.py:3047} INFO - Sync 1 DAGs
[2024-04-16T21:29:11.835+0000] {logging_mixin.py:188} INFO - [2024-04-16T21:29:11.835+0000] {dag.py:3834} INFO - Setting next_dagrun for example_branch_labels to 2024-04-15 00:00:00+00:00, run_after=2024-04-16 00:00:00+00:00
[2024-04-16T21:29:11.856+0000] {processor.py:183} INFO - Processing /home/airflow/.local/lib/python3.10/site-packages/airflow/example_dags/example_branch_labels.py took 0.076 seconds
[2024-04-16T21:29:43.114+0000] {processor.py:161} INFO - Started process (PID=111) to work on /home/airflow/.local/lib/python3.10/site-packages/airflow/example_dags/example_branch_labels.py
[2024-04-16T21:29:43.115+0000] {processor.py:830} INFO - Processing file /home/airflow/.local/lib/python3.10/site-packages/airflow/example_dags/example_branch_labels.py for tasks to queue
[2024-04-16T21:29:43.117+0000] {logging_mixin.py:188} INFO - [2024-04-16T21:29:43.117+0000] {dagbag.py:540} INFO - Filling up the DagBag from /home/airflow/.local/lib/python3.10/site-packages/airflow/example_dags/example_branch_labels.py
[2024-04-16T21:29:43.125+0000] {processor.py:840} INFO - DAG(s) 'example_branch_labels' retrieved from /home/airflow/.local/lib/python3.10/site-packages/airflow/example_dags/example_branch_labels.py
[2024-04-16T21:29:43.232+0000] {logging_mixin.py:188} INFO - [2024-04-16T21:29:43.232+0000] {dag.py:3047} INFO - Sync 1 DAGs
[2024-04-16T21:29:43.264+0000] {logging_mixin.py:188} INFO - [2024-04-16T21:29:43.264+0000] {dag.py:3834} INFO - Setting next_dagrun for example_branch_labels to 2024-04-15 00:00:00+00:00, run_after=2024-04-16 00:00:00+00:00
[2024-04-16T21:29:43.290+0000] {processor.py:183} INFO - Processing /home/airflow/.local/lib/python3.10/site-packages/airflow/example_dags/example_branch_labels.py took 0.180 seconds
[2024-04-16T21:30:13.641+0000] {processor.py:161} INFO - Started process (PID=166) to work on /home/airflow/.local/lib/python3.10/site-packages/airflow/example_dags/example_branch_labels.py
[2024-04-16T21:30:13.642+0000] {processor.py:830} INFO - Processing file /home/airflow/.local/lib/python3.10/site-packages/airflow/example_dags/example_branch_labels.py for tasks to queue
[2024-04-16T21:30:13.644+0000] {logging_mixin.py:188} INFO - [2024-04-16T21:30:13.643+0000] {dagbag.py:540} INFO - Filling up the DagBag from /home/airflow/.local/lib/python3.10/site-packages/airflow/example_dags/example_branch_labels.py
[2024-04-16T21:30:13.651+0000] {processor.py:840} INFO - DAG(s) 'example_branch_labels' retrieved from /home/airflow/.local/lib/python3.10/site-packages/airflow/example_dags/example_branch_labels.py
[2024-04-16T21:30:13.669+0000] {logging_mixin.py:188} INFO - [2024-04-16T21:30:13.668+0000] {dag.py:3047} INFO - Sync 1 DAGs
[2024-04-16T21:30:13.689+0000] {logging_mixin.py:188} INFO - [2024-04-16T21:30:13.688+0000] {dag.py:3834} INFO - Setting next_dagrun for example_branch_labels to 2024-04-15 00:00:00+00:00, run_after=2024-04-16 00:00:00+00:00
[2024-04-16T21:30:13.704+0000] {processor.py:183} INFO - Processing /home/airflow/.local/lib/python3.10/site-packages/airflow/example_dags/example_branch_labels.py took 0.066 seconds
[2024-04-16T21:30:44.079+0000] {processor.py:161} INFO - Started process (PID=221) to work on /home/airflow/.local/lib/python3.10/site-packages/airflow/example_dags/example_branch_labels.py
[2024-04-16T21:30:44.080+0000] {processor.py:830} INFO - Processing file /home/airflow/.local/lib/python3.10/site-packages/airflow/example_dags/example_branch_labels.py for tasks to queue
[2024-04-16T21:30:44.082+0000] {logging_mixin.py:188} INFO - [2024-04-16T21:30:44.082+0000] {dagbag.py:540} INFO - Filling up the DagBag from /home/airflow/.local/lib/python3.10/site-packages/airflow/example_dags/example_branch_labels.py
[2024-04-16T21:30:44.089+0000] {processor.py:840} INFO - DAG(s) 'example_branch_labels' retrieved from /home/airflow/.local/lib/python3.10/site-packages/airflow/example_dags/example_branch_labels.py
[2024-04-16T21:30:44.107+0000] {logging_mixin.py:188} INFO - [2024-04-16T21:30:44.106+0000] {dag.py:3047} INFO - Sync 1 DAGs
[2024-04-16T21:30:44.127+0000] {logging_mixin.py:188} INFO - [2024-04-16T21:30:44.127+0000] {dag.py:3834} INFO - Setting next_dagrun for example_branch_labels to 2024-04-15 00:00:00+00:00, run_after=2024-04-16 00:00:00+00:00
[2024-04-16T21:30:44.142+0000] {processor.py:183} INFO - Processing /home/airflow/.local/lib/python3.10/site-packages/airflow/example_dags/example_branch_labels.py took 0.066 seconds
[2024-04-16T21:31:14.922+0000] {processor.py:161} INFO - Started process (PID=276) to work on /home/airflow/.local/lib/python3.10/site-packages/airflow/example_dags/example_branch_labels.py
[2024-04-16T21:31:14.923+0000] {processor.py:830} INFO - Processing file /home/airflow/.local/lib/python3.10/site-packages/airflow/example_dags/example_branch_labels.py for tasks to queue
[2024-04-16T21:31:14.925+0000] {logging_mixin.py:188} INFO - [2024-04-16T21:31:14.924+0000] {dagbag.py:540} INFO - Filling up the DagBag from /home/airflow/.local/lib/python3.10/site-packages/airflow/example_dags/example_branch_labels.py
[2024-04-16T21:31:14.932+0000] {processor.py:840} INFO - DAG(s) 'example_branch_labels' retrieved from /home/airflow/.local/lib/python3.10/site-packages/airflow/example_dags/example_branch_labels.py
[2024-04-16T21:31:14.951+0000] {logging_mixin.py:188} INFO - [2024-04-16T21:31:14.951+0000] {dag.py:3047} INFO - Sync 1 DAGs
[2024-04-16T21:31:14.974+0000] {logging_mixin.py:188} INFO - [2024-04-16T21:31:14.973+0000] {dag.py:3834} INFO - Setting next_dagrun for example_branch_labels to 2024-04-15 00:00:00+00:00, run_after=2024-04-16 00:00:00+00:00
[2024-04-16T21:31:14.991+0000] {processor.py:183} INFO - Processing /home/airflow/.local/lib/python3.10/site-packages/airflow/example_dags/example_branch_labels.py took 0.072 seconds
[2024-04-16T21:32:12.774+0000] {processor.py:161} INFO - Started process (PID=58) to work on /home/airflow/.local/lib/python3.10/site-packages/airflow/example_dags/example_branch_labels.py
[2024-04-16T21:32:12.775+0000] {processor.py:830} INFO - Processing file /home/airflow/.local/lib/python3.10/site-packages/airflow/example_dags/example_branch_labels.py for tasks to queue
[2024-04-16T21:32:12.777+0000] {logging_mixin.py:188} INFO - [2024-04-16T21:32:12.776+0000] {dagbag.py:540} INFO - Filling up the DagBag from /home/airflow/.local/lib/python3.10/site-packages/airflow/example_dags/example_branch_labels.py
[2024-04-16T21:32:12.786+0000] {processor.py:840} INFO - DAG(s) 'example_branch_labels' retrieved from /home/airflow/.local/lib/python3.10/site-packages/airflow/example_dags/example_branch_labels.py
[2024-04-16T21:32:12.798+0000] {logging_mixin.py:188} INFO - [2024-04-16T21:32:12.797+0000] {dag.py:3047} INFO - Sync 1 DAGs
[2024-04-16T21:32:12.820+0000] {logging_mixin.py:188} INFO - [2024-04-16T21:32:12.820+0000] {dag.py:3834} INFO - Setting next_dagrun for example_branch_labels to 2024-04-15 00:00:00+00:00, run_after=2024-04-16 00:00:00+00:00
[2024-04-16T21:32:12.839+0000] {processor.py:183} INFO - Processing /home/airflow/.local/lib/python3.10/site-packages/airflow/example_dags/example_branch_labels.py took 0.068 seconds
[2024-04-16T21:32:44.219+0000] {processor.py:161} INFO - Started process (PID=115) to work on /home/airflow/.local/lib/python3.10/site-packages/airflow/example_dags/example_branch_labels.py
[2024-04-16T21:32:44.220+0000] {processor.py:830} INFO - Processing file /home/airflow/.local/lib/python3.10/site-packages/airflow/example_dags/example_branch_labels.py for tasks to queue
[2024-04-16T21:32:44.222+0000] {logging_mixin.py:188} INFO - [2024-04-16T21:32:44.222+0000] {dagbag.py:540} INFO - Filling up the DagBag from /home/airflow/.local/lib/python3.10/site-packages/airflow/example_dags/example_branch_labels.py
[2024-04-16T21:32:44.229+0000] {processor.py:840} INFO - DAG(s) 'example_branch_labels' retrieved from /home/airflow/.local/lib/python3.10/site-packages/airflow/example_dags/example_branch_labels.py
[2024-04-16T21:32:44.324+0000] {logging_mixin.py:188} INFO - [2024-04-16T21:32:44.324+0000] {dag.py:3047} INFO - Sync 1 DAGs
[2024-04-16T21:32:44.342+0000] {logging_mixin.py:188} INFO - [2024-04-16T21:32:44.342+0000] {dag.py:3834} INFO - Setting next_dagrun for example_branch_labels to 2024-04-15 00:00:00+00:00, run_after=2024-04-16 00:00:00+00:00
[2024-04-16T21:32:44.358+0000] {processor.py:183} INFO - Processing /home/airflow/.local/lib/python3.10/site-packages/airflow/example_dags/example_branch_labels.py took 0.142 seconds
[2024-04-16T21:33:51.057+0000] {processor.py:161} INFO - Started process (PID=58) to work on /home/airflow/.local/lib/python3.10/site-packages/airflow/example_dags/example_branch_labels.py
[2024-04-16T21:33:51.059+0000] {processor.py:830} INFO - Processing file /home/airflow/.local/lib/python3.10/site-packages/airflow/example_dags/example_branch_labels.py for tasks to queue
[2024-04-16T21:33:51.061+0000] {logging_mixin.py:188} INFO - [2024-04-16T21:33:51.061+0000] {dagbag.py:540} INFO - Filling up the DagBag from /home/airflow/.local/lib/python3.10/site-packages/airflow/example_dags/example_branch_labels.py
[2024-04-16T21:33:51.071+0000] {processor.py:840} INFO - DAG(s) 'example_branch_labels' retrieved from /home/airflow/.local/lib/python3.10/site-packages/airflow/example_dags/example_branch_labels.py
[2024-04-16T21:33:51.082+0000] {logging_mixin.py:188} INFO - [2024-04-16T21:33:51.082+0000] {dag.py:3047} INFO - Sync 1 DAGs
[2024-04-16T21:33:51.109+0000] {logging_mixin.py:188} INFO - [2024-04-16T21:33:51.108+0000] {dag.py:3834} INFO - Setting next_dagrun for example_branch_labels to 2024-04-15 00:00:00+00:00, run_after=2024-04-16 00:00:00+00:00
[2024-04-16T21:33:51.128+0000] {processor.py:183} INFO - Processing /home/airflow/.local/lib/python3.10/site-packages/airflow/example_dags/example_branch_labels.py took 0.074 seconds
[2024-04-16T21:34:22.323+0000] {processor.py:161} INFO - Started process (PID=115) to work on /home/airflow/.local/lib/python3.10/site-packages/airflow/example_dags/example_branch_labels.py
[2024-04-16T21:34:22.324+0000] {processor.py:830} INFO - Processing file /home/airflow/.local/lib/python3.10/site-packages/airflow/example_dags/example_branch_labels.py for tasks to queue
[2024-04-16T21:34:22.325+0000] {logging_mixin.py:188} INFO - [2024-04-16T21:34:22.325+0000] {dagbag.py:540} INFO - Filling up the DagBag from /home/airflow/.local/lib/python3.10/site-packages/airflow/example_dags/example_branch_labels.py
[2024-04-16T21:34:22.332+0000] {processor.py:840} INFO - DAG(s) 'example_branch_labels' retrieved from /home/airflow/.local/lib/python3.10/site-packages/airflow/example_dags/example_branch_labels.py
[2024-04-16T21:34:22.415+0000] {logging_mixin.py:188} INFO - [2024-04-16T21:34:22.415+0000] {dag.py:3047} INFO - Sync 1 DAGs
[2024-04-16T21:34:22.437+0000] {logging_mixin.py:188} INFO - [2024-04-16T21:34:22.437+0000] {dag.py:3834} INFO - Setting next_dagrun for example_branch_labels to 2024-04-15 00:00:00+00:00, run_after=2024-04-16 00:00:00+00:00
[2024-04-16T21:34:22.458+0000] {processor.py:183} INFO - Processing /home/airflow/.local/lib/python3.10/site-packages/airflow/example_dags/example_branch_labels.py took 0.137 seconds
[2024-04-16T21:34:52.497+0000] {processor.py:161} INFO - Started process (PID=172) to work on /home/airflow/.local/lib/python3.10/site-packages/airflow/example_dags/example_branch_labels.py
[2024-04-16T21:34:52.498+0000] {processor.py:830} INFO - Processing file /home/airflow/.local/lib/python3.10/site-packages/airflow/example_dags/example_branch_labels.py for tasks to queue
[2024-04-16T21:34:52.500+0000] {logging_mixin.py:188} INFO - [2024-04-16T21:34:52.500+0000] {dagbag.py:540} INFO - Filling up the DagBag from /home/airflow/.local/lib/python3.10/site-packages/airflow/example_dags/example_branch_labels.py
[2024-04-16T21:34:52.507+0000] {processor.py:840} INFO - DAG(s) 'example_branch_labels' retrieved from /home/airflow/.local/lib/python3.10/site-packages/airflow/example_dags/example_branch_labels.py
[2024-04-16T21:34:52.529+0000] {logging_mixin.py:188} INFO - [2024-04-16T21:34:52.529+0000] {dag.py:3047} INFO - Sync 1 DAGs
[2024-04-16T21:34:52.553+0000] {logging_mixin.py:188} INFO - [2024-04-16T21:34:52.553+0000] {dag.py:3834} INFO - Setting next_dagrun for example_branch_labels to 2024-04-15 00:00:00+00:00, run_after=2024-04-16 00:00:00+00:00
[2024-04-16T21:34:52.572+0000] {processor.py:183} INFO - Processing /home/airflow/.local/lib/python3.10/site-packages/airflow/example_dags/example_branch_labels.py took 0.078 seconds
[2024-04-16T21:35:22.661+0000] {processor.py:161} INFO - Started process (PID=229) to work on /home/airflow/.local/lib/python3.10/site-packages/airflow/example_dags/example_branch_labels.py
[2024-04-16T21:35:22.662+0000] {processor.py:830} INFO - Processing file /home/airflow/.local/lib/python3.10/site-packages/airflow/example_dags/example_branch_labels.py for tasks to queue
[2024-04-16T21:35:22.664+0000] {logging_mixin.py:188} INFO - [2024-04-16T21:35:22.664+0000] {dagbag.py:540} INFO - Filling up the DagBag from /home/airflow/.local/lib/python3.10/site-packages/airflow/example_dags/example_branch_labels.py
[2024-04-16T21:35:22.673+0000] {processor.py:840} INFO - DAG(s) 'example_branch_labels' retrieved from /home/airflow/.local/lib/python3.10/site-packages/airflow/example_dags/example_branch_labels.py
[2024-04-16T21:35:22.692+0000] {logging_mixin.py:188} INFO - [2024-04-16T21:35:22.692+0000] {dag.py:3047} INFO - Sync 1 DAGs
[2024-04-16T21:35:22.714+0000] {logging_mixin.py:188} INFO - [2024-04-16T21:35:22.714+0000] {dag.py:3834} INFO - Setting next_dagrun for example_branch_labels to 2024-04-15 00:00:00+00:00, run_after=2024-04-16 00:00:00+00:00
[2024-04-16T21:35:22.731+0000] {processor.py:183} INFO - Processing /home/airflow/.local/lib/python3.10/site-packages/airflow/example_dags/example_branch_labels.py took 0.073 seconds
[2024-04-16T21:35:53.616+0000] {processor.py:161} INFO - Started process (PID=286) to work on /home/airflow/.local/lib/python3.10/site-packages/airflow/example_dags/example_branch_labels.py
[2024-04-16T21:35:53.617+0000] {processor.py:830} INFO - Processing file /home/airflow/.local/lib/python3.10/site-packages/airflow/example_dags/example_branch_labels.py for tasks to queue
[2024-04-16T21:35:53.619+0000] {logging_mixin.py:188} INFO - [2024-04-16T21:35:53.619+0000] {dagbag.py:540} INFO - Filling up the DagBag from /home/airflow/.local/lib/python3.10/site-packages/airflow/example_dags/example_branch_labels.py
[2024-04-16T21:35:53.627+0000] {processor.py:840} INFO - DAG(s) 'example_branch_labels' retrieved from /home/airflow/.local/lib/python3.10/site-packages/airflow/example_dags/example_branch_labels.py
[2024-04-16T21:35:53.647+0000] {logging_mixin.py:188} INFO - [2024-04-16T21:35:53.646+0000] {dag.py:3047} INFO - Sync 1 DAGs
[2024-04-16T21:35:53.670+0000] {logging_mixin.py:188} INFO - [2024-04-16T21:35:53.670+0000] {dag.py:3834} INFO - Setting next_dagrun for example_branch_labels to 2024-04-15 00:00:00+00:00, run_after=2024-04-16 00:00:00+00:00
[2024-04-16T21:35:53.690+0000] {processor.py:183} INFO - Processing /home/airflow/.local/lib/python3.10/site-packages/airflow/example_dags/example_branch_labels.py took 0.078 seconds
[2024-04-16T21:36:24.161+0000] {processor.py:161} INFO - Started process (PID=343) to work on /home/airflow/.local/lib/python3.10/site-packages/airflow/example_dags/example_branch_labels.py
[2024-04-16T21:36:24.162+0000] {processor.py:830} INFO - Processing file /home/airflow/.local/lib/python3.10/site-packages/airflow/example_dags/example_branch_labels.py for tasks to queue
[2024-04-16T21:36:24.164+0000] {logging_mixin.py:188} INFO - [2024-04-16T21:36:24.163+0000] {dagbag.py:540} INFO - Filling up the DagBag from /home/airflow/.local/lib/python3.10/site-packages/airflow/example_dags/example_branch_labels.py
[2024-04-16T21:36:24.171+0000] {processor.py:840} INFO - DAG(s) 'example_branch_labels' retrieved from /home/airflow/.local/lib/python3.10/site-packages/airflow/example_dags/example_branch_labels.py
[2024-04-16T21:36:24.189+0000] {logging_mixin.py:188} INFO - [2024-04-16T21:36:24.189+0000] {dag.py:3047} INFO - Sync 1 DAGs
[2024-04-16T21:36:24.211+0000] {logging_mixin.py:188} INFO - [2024-04-16T21:36:24.211+0000] {dag.py:3834} INFO - Setting next_dagrun for example_branch_labels to 2024-04-15 00:00:00+00:00, run_after=2024-04-16 00:00:00+00:00
[2024-04-16T21:36:24.228+0000] {processor.py:183} INFO - Processing /home/airflow/.local/lib/python3.10/site-packages/airflow/example_dags/example_branch_labels.py took 0.070 seconds
[2024-04-16T21:36:54.806+0000] {processor.py:161} INFO - Started process (PID=400) to work on /home/airflow/.local/lib/python3.10/site-packages/airflow/example_dags/example_branch_labels.py
[2024-04-16T21:36:54.807+0000] {processor.py:830} INFO - Processing file /home/airflow/.local/lib/python3.10/site-packages/airflow/example_dags/example_branch_labels.py for tasks to queue
[2024-04-16T21:36:54.809+0000] {logging_mixin.py:188} INFO - [2024-04-16T21:36:54.808+0000] {dagbag.py:540} INFO - Filling up the DagBag from /home/airflow/.local/lib/python3.10/site-packages/airflow/example_dags/example_branch_labels.py
[2024-04-16T21:36:54.816+0000] {processor.py:840} INFO - DAG(s) 'example_branch_labels' retrieved from /home/airflow/.local/lib/python3.10/site-packages/airflow/example_dags/example_branch_labels.py
[2024-04-16T21:36:54.833+0000] {logging_mixin.py:188} INFO - [2024-04-16T21:36:54.833+0000] {dag.py:3047} INFO - Sync 1 DAGs
[2024-04-16T21:36:54.852+0000] {logging_mixin.py:188} INFO - [2024-04-16T21:36:54.852+0000] {dag.py:3834} INFO - Setting next_dagrun for example_branch_labels to 2024-04-15 00:00:00+00:00, run_after=2024-04-16 00:00:00+00:00
[2024-04-16T21:36:54.869+0000] {processor.py:183} INFO - Processing /home/airflow/.local/lib/python3.10/site-packages/airflow/example_dags/example_branch_labels.py took 0.066 seconds
[2024-04-16T21:37:25.339+0000] {processor.py:161} INFO - Started process (PID=457) to work on /home/airflow/.local/lib/python3.10/site-packages/airflow/example_dags/example_branch_labels.py
[2024-04-16T21:37:25.340+0000] {processor.py:830} INFO - Processing file /home/airflow/.local/lib/python3.10/site-packages/airflow/example_dags/example_branch_labels.py for tasks to queue
[2024-04-16T21:37:25.342+0000] {logging_mixin.py:188} INFO - [2024-04-16T21:37:25.341+0000] {dagbag.py:540} INFO - Filling up the DagBag from /home/airflow/.local/lib/python3.10/site-packages/airflow/example_dags/example_branch_labels.py
[2024-04-16T21:37:25.350+0000] {processor.py:840} INFO - DAG(s) 'example_branch_labels' retrieved from /home/airflow/.local/lib/python3.10/site-packages/airflow/example_dags/example_branch_labels.py
[2024-04-16T21:37:25.368+0000] {logging_mixin.py:188} INFO - [2024-04-16T21:37:25.367+0000] {dag.py:3047} INFO - Sync 1 DAGs
[2024-04-16T21:37:25.388+0000] {logging_mixin.py:188} INFO - [2024-04-16T21:37:25.388+0000] {dag.py:3834} INFO - Setting next_dagrun for example_branch_labels to 2024-04-15 00:00:00+00:00, run_after=2024-04-16 00:00:00+00:00
[2024-04-16T21:37:25.404+0000] {processor.py:183} INFO - Processing /home/airflow/.local/lib/python3.10/site-packages/airflow/example_dags/example_branch_labels.py took 0.068 seconds
[2024-04-16T21:37:56.013+0000] {processor.py:161} INFO - Started process (PID=514) to work on /home/airflow/.local/lib/python3.10/site-packages/airflow/example_dags/example_branch_labels.py
[2024-04-16T21:37:56.014+0000] {processor.py:830} INFO - Processing file /home/airflow/.local/lib/python3.10/site-packages/airflow/example_dags/example_branch_labels.py for tasks to queue
[2024-04-16T21:37:56.015+0000] {logging_mixin.py:188} INFO - [2024-04-16T21:37:56.015+0000] {dagbag.py:540} INFO - Filling up the DagBag from /home/airflow/.local/lib/python3.10/site-packages/airflow/example_dags/example_branch_labels.py
[2024-04-16T21:37:56.022+0000] {processor.py:840} INFO - DAG(s) 'example_branch_labels' retrieved from /home/airflow/.local/lib/python3.10/site-packages/airflow/example_dags/example_branch_labels.py
[2024-04-16T21:37:56.040+0000] {logging_mixin.py:188} INFO - [2024-04-16T21:37:56.040+0000] {dag.py:3047} INFO - Sync 1 DAGs
[2024-04-16T21:37:56.059+0000] {logging_mixin.py:188} INFO - [2024-04-16T21:37:56.059+0000] {dag.py:3834} INFO - Setting next_dagrun for example_branch_labels to 2024-04-15 00:00:00+00:00, run_after=2024-04-16 00:00:00+00:00
[2024-04-16T21:37:56.076+0000] {processor.py:183} INFO - Processing /home/airflow/.local/lib/python3.10/site-packages/airflow/example_dags/example_branch_labels.py took 0.067 seconds
