[2024-04-16T21:29:12.720+0000] {processor.py:161} INFO - Started process (PID=75) to work on /home/airflow/.local/lib/python3.10/site-packages/airflow/example_dags/example_setup_teardown.py
[2024-04-16T21:29:12.721+0000] {processor.py:830} INFO - Processing file /home/airflow/.local/lib/python3.10/site-packages/airflow/example_dags/example_setup_teardown.py for tasks to queue
[2024-04-16T21:29:12.723+0000] {logging_mixin.py:188} INFO - [2024-04-16T21:29:12.723+0000] {dagbag.py:540} INFO - Filling up the DagBag from /home/airflow/.local/lib/python3.10/site-packages/airflow/example_dags/example_setup_teardown.py
[2024-04-16T21:29:12.730+0000] {processor.py:840} INFO - DAG(s) 'example_setup_teardown' retrieved from /home/airflow/.local/lib/python3.10/site-packages/airflow/example_dags/example_setup_teardown.py
[2024-04-16T21:29:12.741+0000] {logging_mixin.py:188} INFO - [2024-04-16T21:29:12.741+0000] {dag.py:3047} INFO - Sync 1 DAGs
[2024-04-16T21:29:12.763+0000] {logging_mixin.py:188} INFO - [2024-04-16T21:29:12.763+0000] {dag.py:3834} INFO - Setting next_dagrun for example_setup_teardown to 2024-04-15 00:00:00+00:00, run_after=2024-04-16 00:00:00+00:00
[2024-04-16T21:29:12.783+0000] {processor.py:183} INFO - Processing /home/airflow/.local/lib/python3.10/site-packages/airflow/example_dags/example_setup_teardown.py took 0.066 seconds
[2024-04-16T21:29:44.791+0000] {processor.py:161} INFO - Started process (PID=130) to work on /home/airflow/.local/lib/python3.10/site-packages/airflow/example_dags/example_setup_teardown.py
[2024-04-16T21:29:44.792+0000] {processor.py:830} INFO - Processing file /home/airflow/.local/lib/python3.10/site-packages/airflow/example_dags/example_setup_teardown.py for tasks to queue
[2024-04-16T21:29:44.794+0000] {logging_mixin.py:188} INFO - [2024-04-16T21:29:44.793+0000] {dagbag.py:540} INFO - Filling up the DagBag from /home/airflow/.local/lib/python3.10/site-packages/airflow/example_dags/example_setup_teardown.py
[2024-04-16T21:29:44.800+0000] {processor.py:840} INFO - DAG(s) 'example_setup_teardown' retrieved from /home/airflow/.local/lib/python3.10/site-packages/airflow/example_dags/example_setup_teardown.py
[2024-04-16T21:29:44.885+0000] {logging_mixin.py:188} INFO - [2024-04-16T21:29:44.885+0000] {dag.py:3047} INFO - Sync 1 DAGs
[2024-04-16T21:29:44.901+0000] {logging_mixin.py:188} INFO - [2024-04-16T21:29:44.901+0000] {dag.py:3834} INFO - Setting next_dagrun for example_setup_teardown to 2024-04-15 00:00:00+00:00, run_after=2024-04-16 00:00:00+00:00
[2024-04-16T21:29:44.918+0000] {processor.py:183} INFO - Processing /home/airflow/.local/lib/python3.10/site-packages/airflow/example_dags/example_setup_teardown.py took 0.130 seconds
[2024-04-16T21:30:15.557+0000] {processor.py:161} INFO - Started process (PID=185) to work on /home/airflow/.local/lib/python3.10/site-packages/airflow/example_dags/example_setup_teardown.py
[2024-04-16T21:30:15.558+0000] {processor.py:830} INFO - Processing file /home/airflow/.local/lib/python3.10/site-packages/airflow/example_dags/example_setup_teardown.py for tasks to queue
[2024-04-16T21:30:15.559+0000] {logging_mixin.py:188} INFO - [2024-04-16T21:30:15.559+0000] {dagbag.py:540} INFO - Filling up the DagBag from /home/airflow/.local/lib/python3.10/site-packages/airflow/example_dags/example_setup_teardown.py
[2024-04-16T21:30:15.565+0000] {processor.py:840} INFO - DAG(s) 'example_setup_teardown' retrieved from /home/airflow/.local/lib/python3.10/site-packages/airflow/example_dags/example_setup_teardown.py
[2024-04-16T21:30:15.582+0000] {logging_mixin.py:188} INFO - [2024-04-16T21:30:15.582+0000] {dag.py:3047} INFO - Sync 1 DAGs
[2024-04-16T21:30:15.601+0000] {logging_mixin.py:188} INFO - [2024-04-16T21:30:15.601+0000] {dag.py:3834} INFO - Setting next_dagrun for example_setup_teardown to 2024-04-15 00:00:00+00:00, run_after=2024-04-16 00:00:00+00:00
[2024-04-16T21:30:15.617+0000] {processor.py:183} INFO - Processing /home/airflow/.local/lib/python3.10/site-packages/airflow/example_dags/example_setup_teardown.py took 0.063 seconds
[2024-04-16T21:30:46.036+0000] {processor.py:161} INFO - Started process (PID=240) to work on /home/airflow/.local/lib/python3.10/site-packages/airflow/example_dags/example_setup_teardown.py
[2024-04-16T21:30:46.037+0000] {processor.py:830} INFO - Processing file /home/airflow/.local/lib/python3.10/site-packages/airflow/example_dags/example_setup_teardown.py for tasks to queue
[2024-04-16T21:30:46.039+0000] {logging_mixin.py:188} INFO - [2024-04-16T21:30:46.039+0000] {dagbag.py:540} INFO - Filling up the DagBag from /home/airflow/.local/lib/python3.10/site-packages/airflow/example_dags/example_setup_teardown.py
[2024-04-16T21:30:46.045+0000] {processor.py:840} INFO - DAG(s) 'example_setup_teardown' retrieved from /home/airflow/.local/lib/python3.10/site-packages/airflow/example_dags/example_setup_teardown.py
[2024-04-16T21:30:46.063+0000] {logging_mixin.py:188} INFO - [2024-04-16T21:30:46.063+0000] {dag.py:3047} INFO - Sync 1 DAGs
[2024-04-16T21:30:46.092+0000] {logging_mixin.py:188} INFO - [2024-04-16T21:30:46.092+0000] {dag.py:3834} INFO - Setting next_dagrun for example_setup_teardown to 2024-04-15 00:00:00+00:00, run_after=2024-04-16 00:00:00+00:00
[2024-04-16T21:30:46.143+0000] {processor.py:183} INFO - Processing /home/airflow/.local/lib/python3.10/site-packages/airflow/example_dags/example_setup_teardown.py took 0.110 seconds
[2024-04-16T21:31:16.992+0000] {processor.py:161} INFO - Started process (PID=295) to work on /home/airflow/.local/lib/python3.10/site-packages/airflow/example_dags/example_setup_teardown.py
[2024-04-16T21:31:16.993+0000] {processor.py:830} INFO - Processing file /home/airflow/.local/lib/python3.10/site-packages/airflow/example_dags/example_setup_teardown.py for tasks to queue
[2024-04-16T21:31:16.995+0000] {logging_mixin.py:188} INFO - [2024-04-16T21:31:16.994+0000] {dagbag.py:540} INFO - Filling up the DagBag from /home/airflow/.local/lib/python3.10/site-packages/airflow/example_dags/example_setup_teardown.py
[2024-04-16T21:31:17.001+0000] {processor.py:840} INFO - DAG(s) 'example_setup_teardown' retrieved from /home/airflow/.local/lib/python3.10/site-packages/airflow/example_dags/example_setup_teardown.py
[2024-04-16T21:31:17.019+0000] {logging_mixin.py:188} INFO - [2024-04-16T21:31:17.019+0000] {dag.py:3047} INFO - Sync 1 DAGs
[2024-04-16T21:31:17.046+0000] {logging_mixin.py:188} INFO - [2024-04-16T21:31:17.046+0000] {dag.py:3834} INFO - Setting next_dagrun for example_setup_teardown to 2024-04-15 00:00:00+00:00, run_after=2024-04-16 00:00:00+00:00
[2024-04-16T21:31:17.065+0000] {processor.py:183} INFO - Processing /home/airflow/.local/lib/python3.10/site-packages/airflow/example_dags/example_setup_teardown.py took 0.076 seconds
[2024-04-16T21:32:13.665+0000] {processor.py:161} INFO - Started process (PID=77) to work on /home/airflow/.local/lib/python3.10/site-packages/airflow/example_dags/example_setup_teardown.py
[2024-04-16T21:32:13.666+0000] {processor.py:830} INFO - Processing file /home/airflow/.local/lib/python3.10/site-packages/airflow/example_dags/example_setup_teardown.py for tasks to queue
[2024-04-16T21:32:13.669+0000] {logging_mixin.py:188} INFO - [2024-04-16T21:32:13.668+0000] {dagbag.py:540} INFO - Filling up the DagBag from /home/airflow/.local/lib/python3.10/site-packages/airflow/example_dags/example_setup_teardown.py
[2024-04-16T21:32:13.675+0000] {processor.py:840} INFO - DAG(s) 'example_setup_teardown' retrieved from /home/airflow/.local/lib/python3.10/site-packages/airflow/example_dags/example_setup_teardown.py
[2024-04-16T21:32:13.688+0000] {logging_mixin.py:188} INFO - [2024-04-16T21:32:13.688+0000] {dag.py:3047} INFO - Sync 1 DAGs
[2024-04-16T21:32:13.712+0000] {logging_mixin.py:188} INFO - [2024-04-16T21:32:13.712+0000] {dag.py:3834} INFO - Setting next_dagrun for example_setup_teardown to 2024-04-15 00:00:00+00:00, run_after=2024-04-16 00:00:00+00:00
[2024-04-16T21:32:13.730+0000] {processor.py:183} INFO - Processing /home/airflow/.local/lib/python3.10/site-packages/airflow/example_dags/example_setup_teardown.py took 0.068 seconds
[2024-04-16T21:32:45.840+0000] {processor.py:161} INFO - Started process (PID=134) to work on /home/airflow/.local/lib/python3.10/site-packages/airflow/example_dags/example_setup_teardown.py
[2024-04-16T21:32:45.841+0000] {processor.py:830} INFO - Processing file /home/airflow/.local/lib/python3.10/site-packages/airflow/example_dags/example_setup_teardown.py for tasks to queue
[2024-04-16T21:32:45.843+0000] {logging_mixin.py:188} INFO - [2024-04-16T21:32:45.843+0000] {dagbag.py:540} INFO - Filling up the DagBag from /home/airflow/.local/lib/python3.10/site-packages/airflow/example_dags/example_setup_teardown.py
[2024-04-16T21:32:45.849+0000] {processor.py:840} INFO - DAG(s) 'example_setup_teardown' retrieved from /home/airflow/.local/lib/python3.10/site-packages/airflow/example_dags/example_setup_teardown.py
[2024-04-16T21:32:45.938+0000] {logging_mixin.py:188} INFO - [2024-04-16T21:32:45.938+0000] {dag.py:3047} INFO - Sync 1 DAGs
[2024-04-16T21:32:45.955+0000] {logging_mixin.py:188} INFO - [2024-04-16T21:32:45.955+0000] {dag.py:3834} INFO - Setting next_dagrun for example_setup_teardown to 2024-04-15 00:00:00+00:00, run_after=2024-04-16 00:00:00+00:00
[2024-04-16T21:32:45.974+0000] {processor.py:183} INFO - Processing /home/airflow/.local/lib/python3.10/site-packages/airflow/example_dags/example_setup_teardown.py took 0.137 seconds
[2024-04-16T21:33:51.965+0000] {processor.py:161} INFO - Started process (PID=77) to work on /home/airflow/.local/lib/python3.10/site-packages/airflow/example_dags/example_setup_teardown.py
[2024-04-16T21:33:51.967+0000] {processor.py:830} INFO - Processing file /home/airflow/.local/lib/python3.10/site-packages/airflow/example_dags/example_setup_teardown.py for tasks to queue
[2024-04-16T21:33:51.969+0000] {logging_mixin.py:188} INFO - [2024-04-16T21:33:51.969+0000] {dagbag.py:540} INFO - Filling up the DagBag from /home/airflow/.local/lib/python3.10/site-packages/airflow/example_dags/example_setup_teardown.py
[2024-04-16T21:33:51.978+0000] {processor.py:840} INFO - DAG(s) 'example_setup_teardown' retrieved from /home/airflow/.local/lib/python3.10/site-packages/airflow/example_dags/example_setup_teardown.py
[2024-04-16T21:33:51.989+0000] {logging_mixin.py:188} INFO - [2024-04-16T21:33:51.989+0000] {dag.py:3047} INFO - Sync 1 DAGs
[2024-04-16T21:33:52.014+0000] {logging_mixin.py:188} INFO - [2024-04-16T21:33:52.013+0000] {dag.py:3834} INFO - Setting next_dagrun for example_setup_teardown to 2024-04-15 00:00:00+00:00, run_after=2024-04-16 00:00:00+00:00
[2024-04-16T21:33:52.036+0000] {processor.py:183} INFO - Processing /home/airflow/.local/lib/python3.10/site-packages/airflow/example_dags/example_setup_teardown.py took 0.074 seconds
[2024-04-16T21:34:24.229+0000] {processor.py:161} INFO - Started process (PID=134) to work on /home/airflow/.local/lib/python3.10/site-packages/airflow/example_dags/example_setup_teardown.py
[2024-04-16T21:34:24.230+0000] {processor.py:830} INFO - Processing file /home/airflow/.local/lib/python3.10/site-packages/airflow/example_dags/example_setup_teardown.py for tasks to queue
[2024-04-16T21:34:24.232+0000] {logging_mixin.py:188} INFO - [2024-04-16T21:34:24.231+0000] {dagbag.py:540} INFO - Filling up the DagBag from /home/airflow/.local/lib/python3.10/site-packages/airflow/example_dags/example_setup_teardown.py
[2024-04-16T21:34:24.240+0000] {processor.py:840} INFO - DAG(s) 'example_setup_teardown' retrieved from /home/airflow/.local/lib/python3.10/site-packages/airflow/example_dags/example_setup_teardown.py
[2024-04-16T21:34:24.342+0000] {logging_mixin.py:188} INFO - [2024-04-16T21:34:24.342+0000] {dag.py:3047} INFO - Sync 1 DAGs
[2024-04-16T21:34:24.372+0000] {logging_mixin.py:188} INFO - [2024-04-16T21:34:24.372+0000] {dag.py:3834} INFO - Setting next_dagrun for example_setup_teardown to 2024-04-15 00:00:00+00:00, run_after=2024-04-16 00:00:00+00:00
[2024-04-16T21:34:24.396+0000] {processor.py:183} INFO - Processing /home/airflow/.local/lib/python3.10/site-packages/airflow/example_dags/example_setup_teardown.py took 0.171 seconds
[2024-04-16T21:34:54.522+0000] {processor.py:161} INFO - Started process (PID=191) to work on /home/airflow/.local/lib/python3.10/site-packages/airflow/example_dags/example_setup_teardown.py
[2024-04-16T21:34:54.523+0000] {processor.py:830} INFO - Processing file /home/airflow/.local/lib/python3.10/site-packages/airflow/example_dags/example_setup_teardown.py for tasks to queue
[2024-04-16T21:34:54.525+0000] {logging_mixin.py:188} INFO - [2024-04-16T21:34:54.525+0000] {dagbag.py:540} INFO - Filling up the DagBag from /home/airflow/.local/lib/python3.10/site-packages/airflow/example_dags/example_setup_teardown.py
[2024-04-16T21:34:54.532+0000] {processor.py:840} INFO - DAG(s) 'example_setup_teardown' retrieved from /home/airflow/.local/lib/python3.10/site-packages/airflow/example_dags/example_setup_teardown.py
[2024-04-16T21:34:54.551+0000] {logging_mixin.py:188} INFO - [2024-04-16T21:34:54.551+0000] {dag.py:3047} INFO - Sync 1 DAGs
[2024-04-16T21:34:54.572+0000] {logging_mixin.py:188} INFO - [2024-04-16T21:34:54.572+0000] {dag.py:3834} INFO - Setting next_dagrun for example_setup_teardown to 2024-04-15 00:00:00+00:00, run_after=2024-04-16 00:00:00+00:00
[2024-04-16T21:34:54.590+0000] {processor.py:183} INFO - Processing /home/airflow/.local/lib/python3.10/site-packages/airflow/example_dags/example_setup_teardown.py took 0.071 seconds
[2024-04-16T21:35:24.678+0000] {processor.py:161} INFO - Started process (PID=248) to work on /home/airflow/.local/lib/python3.10/site-packages/airflow/example_dags/example_setup_teardown.py
[2024-04-16T21:35:24.679+0000] {processor.py:830} INFO - Processing file /home/airflow/.local/lib/python3.10/site-packages/airflow/example_dags/example_setup_teardown.py for tasks to queue
[2024-04-16T21:35:24.681+0000] {logging_mixin.py:188} INFO - [2024-04-16T21:35:24.680+0000] {dagbag.py:540} INFO - Filling up the DagBag from /home/airflow/.local/lib/python3.10/site-packages/airflow/example_dags/example_setup_teardown.py
[2024-04-16T21:35:24.687+0000] {processor.py:840} INFO - DAG(s) 'example_setup_teardown' retrieved from /home/airflow/.local/lib/python3.10/site-packages/airflow/example_dags/example_setup_teardown.py
[2024-04-16T21:35:24.706+0000] {logging_mixin.py:188} INFO - [2024-04-16T21:35:24.706+0000] {dag.py:3047} INFO - Sync 1 DAGs
[2024-04-16T21:35:24.729+0000] {logging_mixin.py:188} INFO - [2024-04-16T21:35:24.729+0000] {dag.py:3834} INFO - Setting next_dagrun for example_setup_teardown to 2024-04-15 00:00:00+00:00, run_after=2024-04-16 00:00:00+00:00
[2024-04-16T21:35:24.747+0000] {processor.py:183} INFO - Processing /home/airflow/.local/lib/python3.10/site-packages/airflow/example_dags/example_setup_teardown.py took 0.072 seconds
[2024-04-16T21:35:55.514+0000] {processor.py:161} INFO - Started process (PID=305) to work on /home/airflow/.local/lib/python3.10/site-packages/airflow/example_dags/example_setup_teardown.py
[2024-04-16T21:35:55.515+0000] {processor.py:830} INFO - Processing file /home/airflow/.local/lib/python3.10/site-packages/airflow/example_dags/example_setup_teardown.py for tasks to queue
[2024-04-16T21:35:55.517+0000] {logging_mixin.py:188} INFO - [2024-04-16T21:35:55.517+0000] {dagbag.py:540} INFO - Filling up the DagBag from /home/airflow/.local/lib/python3.10/site-packages/airflow/example_dags/example_setup_teardown.py
[2024-04-16T21:35:55.523+0000] {processor.py:840} INFO - DAG(s) 'example_setup_teardown' retrieved from /home/airflow/.local/lib/python3.10/site-packages/airflow/example_dags/example_setup_teardown.py
[2024-04-16T21:35:55.542+0000] {logging_mixin.py:188} INFO - [2024-04-16T21:35:55.541+0000] {dag.py:3047} INFO - Sync 1 DAGs
[2024-04-16T21:35:55.566+0000] {logging_mixin.py:188} INFO - [2024-04-16T21:35:55.566+0000] {dag.py:3834} INFO - Setting next_dagrun for example_setup_teardown to 2024-04-15 00:00:00+00:00, run_after=2024-04-16 00:00:00+00:00
[2024-04-16T21:35:55.585+0000] {processor.py:183} INFO - Processing /home/airflow/.local/lib/python3.10/site-packages/airflow/example_dags/example_setup_teardown.py took 0.073 seconds
[2024-04-16T21:36:26.059+0000] {processor.py:161} INFO - Started process (PID=362) to work on /home/airflow/.local/lib/python3.10/site-packages/airflow/example_dags/example_setup_teardown.py
[2024-04-16T21:36:26.060+0000] {processor.py:830} INFO - Processing file /home/airflow/.local/lib/python3.10/site-packages/airflow/example_dags/example_setup_teardown.py for tasks to queue
[2024-04-16T21:36:26.062+0000] {logging_mixin.py:188} INFO - [2024-04-16T21:36:26.062+0000] {dagbag.py:540} INFO - Filling up the DagBag from /home/airflow/.local/lib/python3.10/site-packages/airflow/example_dags/example_setup_teardown.py
[2024-04-16T21:36:26.068+0000] {processor.py:840} INFO - DAG(s) 'example_setup_teardown' retrieved from /home/airflow/.local/lib/python3.10/site-packages/airflow/example_dags/example_setup_teardown.py
[2024-04-16T21:36:26.087+0000] {logging_mixin.py:188} INFO - [2024-04-16T21:36:26.087+0000] {dag.py:3047} INFO - Sync 1 DAGs
[2024-04-16T21:36:26.107+0000] {logging_mixin.py:188} INFO - [2024-04-16T21:36:26.107+0000] {dag.py:3834} INFO - Setting next_dagrun for example_setup_teardown to 2024-04-15 00:00:00+00:00, run_after=2024-04-16 00:00:00+00:00
[2024-04-16T21:36:26.125+0000] {processor.py:183} INFO - Processing /home/airflow/.local/lib/python3.10/site-packages/airflow/example_dags/example_setup_teardown.py took 0.069 seconds
[2024-04-16T21:36:56.700+0000] {processor.py:161} INFO - Started process (PID=419) to work on /home/airflow/.local/lib/python3.10/site-packages/airflow/example_dags/example_setup_teardown.py
[2024-04-16T21:36:56.701+0000] {processor.py:830} INFO - Processing file /home/airflow/.local/lib/python3.10/site-packages/airflow/example_dags/example_setup_teardown.py for tasks to queue
[2024-04-16T21:36:56.702+0000] {logging_mixin.py:188} INFO - [2024-04-16T21:36:56.702+0000] {dagbag.py:540} INFO - Filling up the DagBag from /home/airflow/.local/lib/python3.10/site-packages/airflow/example_dags/example_setup_teardown.py
[2024-04-16T21:36:56.709+0000] {processor.py:840} INFO - DAG(s) 'example_setup_teardown' retrieved from /home/airflow/.local/lib/python3.10/site-packages/airflow/example_dags/example_setup_teardown.py
[2024-04-16T21:36:56.727+0000] {logging_mixin.py:188} INFO - [2024-04-16T21:36:56.727+0000] {dag.py:3047} INFO - Sync 1 DAGs
[2024-04-16T21:36:56.748+0000] {logging_mixin.py:188} INFO - [2024-04-16T21:36:56.748+0000] {dag.py:3834} INFO - Setting next_dagrun for example_setup_teardown to 2024-04-15 00:00:00+00:00, run_after=2024-04-16 00:00:00+00:00
[2024-04-16T21:36:56.765+0000] {processor.py:183} INFO - Processing /home/airflow/.local/lib/python3.10/site-packages/airflow/example_dags/example_setup_teardown.py took 0.069 seconds
[2024-04-16T21:37:27.227+0000] {processor.py:161} INFO - Started process (PID=476) to work on /home/airflow/.local/lib/python3.10/site-packages/airflow/example_dags/example_setup_teardown.py
[2024-04-16T21:37:27.228+0000] {processor.py:830} INFO - Processing file /home/airflow/.local/lib/python3.10/site-packages/airflow/example_dags/example_setup_teardown.py for tasks to queue
[2024-04-16T21:37:27.230+0000] {logging_mixin.py:188} INFO - [2024-04-16T21:37:27.230+0000] {dagbag.py:540} INFO - Filling up the DagBag from /home/airflow/.local/lib/python3.10/site-packages/airflow/example_dags/example_setup_teardown.py
[2024-04-16T21:37:27.236+0000] {processor.py:840} INFO - DAG(s) 'example_setup_teardown' retrieved from /home/airflow/.local/lib/python3.10/site-packages/airflow/example_dags/example_setup_teardown.py
[2024-04-16T21:37:27.254+0000] {logging_mixin.py:188} INFO - [2024-04-16T21:37:27.253+0000] {dag.py:3047} INFO - Sync 1 DAGs
[2024-04-16T21:37:27.274+0000] {logging_mixin.py:188} INFO - [2024-04-16T21:37:27.274+0000] {dag.py:3834} INFO - Setting next_dagrun for example_setup_teardown to 2024-04-15 00:00:00+00:00, run_after=2024-04-16 00:00:00+00:00
[2024-04-16T21:37:27.291+0000] {processor.py:183} INFO - Processing /home/airflow/.local/lib/python3.10/site-packages/airflow/example_dags/example_setup_teardown.py took 0.067 seconds
[2024-04-16T21:37:57.898+0000] {processor.py:161} INFO - Started process (PID=533) to work on /home/airflow/.local/lib/python3.10/site-packages/airflow/example_dags/example_setup_teardown.py
[2024-04-16T21:37:57.899+0000] {processor.py:830} INFO - Processing file /home/airflow/.local/lib/python3.10/site-packages/airflow/example_dags/example_setup_teardown.py for tasks to queue
[2024-04-16T21:37:57.901+0000] {logging_mixin.py:188} INFO - [2024-04-16T21:37:57.901+0000] {dagbag.py:540} INFO - Filling up the DagBag from /home/airflow/.local/lib/python3.10/site-packages/airflow/example_dags/example_setup_teardown.py
[2024-04-16T21:37:57.907+0000] {processor.py:840} INFO - DAG(s) 'example_setup_teardown' retrieved from /home/airflow/.local/lib/python3.10/site-packages/airflow/example_dags/example_setup_teardown.py
[2024-04-16T21:37:57.925+0000] {logging_mixin.py:188} INFO - [2024-04-16T21:37:57.925+0000] {dag.py:3047} INFO - Sync 1 DAGs
[2024-04-16T21:37:57.946+0000] {logging_mixin.py:188} INFO - [2024-04-16T21:37:57.946+0000] {dag.py:3834} INFO - Setting next_dagrun for example_setup_teardown to 2024-04-15 00:00:00+00:00, run_after=2024-04-16 00:00:00+00:00
[2024-04-16T21:37:57.964+0000] {processor.py:183} INFO - Processing /home/airflow/.local/lib/python3.10/site-packages/airflow/example_dags/example_setup_teardown.py took 0.069 seconds
[2024-04-16T21:38:28.531+0000] {processor.py:161} INFO - Started process (PID=590) to work on /home/airflow/.local/lib/python3.10/site-packages/airflow/example_dags/example_setup_teardown.py
[2024-04-16T21:38:28.532+0000] {processor.py:830} INFO - Processing file /home/airflow/.local/lib/python3.10/site-packages/airflow/example_dags/example_setup_teardown.py for tasks to queue
[2024-04-16T21:38:28.533+0000] {logging_mixin.py:188} INFO - [2024-04-16T21:38:28.533+0000] {dagbag.py:540} INFO - Filling up the DagBag from /home/airflow/.local/lib/python3.10/site-packages/airflow/example_dags/example_setup_teardown.py
[2024-04-16T21:38:28.540+0000] {processor.py:840} INFO - DAG(s) 'example_setup_teardown' retrieved from /home/airflow/.local/lib/python3.10/site-packages/airflow/example_dags/example_setup_teardown.py
[2024-04-16T21:38:28.559+0000] {logging_mixin.py:188} INFO - [2024-04-16T21:38:28.558+0000] {dag.py:3047} INFO - Sync 1 DAGs
[2024-04-16T21:38:28.578+0000] {logging_mixin.py:188} INFO - [2024-04-16T21:38:28.578+0000] {dag.py:3834} INFO - Setting next_dagrun for example_setup_teardown to 2024-04-15 00:00:00+00:00, run_after=2024-04-16 00:00:00+00:00
[2024-04-16T21:38:28.595+0000] {processor.py:183} INFO - Processing /home/airflow/.local/lib/python3.10/site-packages/airflow/example_dags/example_setup_teardown.py took 0.068 seconds
[2024-04-16T21:38:59.168+0000] {processor.py:161} INFO - Started process (PID=647) to work on /home/airflow/.local/lib/python3.10/site-packages/airflow/example_dags/example_setup_teardown.py
[2024-04-16T21:38:59.169+0000] {processor.py:830} INFO - Processing file /home/airflow/.local/lib/python3.10/site-packages/airflow/example_dags/example_setup_teardown.py for tasks to queue
[2024-04-16T21:38:59.170+0000] {logging_mixin.py:188} INFO - [2024-04-16T21:38:59.170+0000] {dagbag.py:540} INFO - Filling up the DagBag from /home/airflow/.local/lib/python3.10/site-packages/airflow/example_dags/example_setup_teardown.py
[2024-04-16T21:38:59.176+0000] {processor.py:840} INFO - DAG(s) 'example_setup_teardown' retrieved from /home/airflow/.local/lib/python3.10/site-packages/airflow/example_dags/example_setup_teardown.py
[2024-04-16T21:38:59.196+0000] {logging_mixin.py:188} INFO - [2024-04-16T21:38:59.195+0000] {dag.py:3047} INFO - Sync 1 DAGs
[2024-04-16T21:38:59.218+0000] {logging_mixin.py:188} INFO - [2024-04-16T21:38:59.218+0000] {dag.py:3834} INFO - Setting next_dagrun for example_setup_teardown to 2024-04-15 00:00:00+00:00, run_after=2024-04-16 00:00:00+00:00
[2024-04-16T21:38:59.236+0000] {processor.py:183} INFO - Processing /home/airflow/.local/lib/python3.10/site-packages/airflow/example_dags/example_setup_teardown.py took 0.071 seconds
[2024-04-16T21:39:29.898+0000] {processor.py:161} INFO - Started process (PID=704) to work on /home/airflow/.local/lib/python3.10/site-packages/airflow/example_dags/example_setup_teardown.py
[2024-04-16T21:39:29.899+0000] {processor.py:830} INFO - Processing file /home/airflow/.local/lib/python3.10/site-packages/airflow/example_dags/example_setup_teardown.py for tasks to queue
[2024-04-16T21:39:29.901+0000] {logging_mixin.py:188} INFO - [2024-04-16T21:39:29.901+0000] {dagbag.py:540} INFO - Filling up the DagBag from /home/airflow/.local/lib/python3.10/site-packages/airflow/example_dags/example_setup_teardown.py
[2024-04-16T21:39:29.907+0000] {processor.py:840} INFO - DAG(s) 'example_setup_teardown' retrieved from /home/airflow/.local/lib/python3.10/site-packages/airflow/example_dags/example_setup_teardown.py
[2024-04-16T21:39:29.927+0000] {logging_mixin.py:188} INFO - [2024-04-16T21:39:29.927+0000] {dag.py:3047} INFO - Sync 1 DAGs
[2024-04-16T21:39:29.948+0000] {logging_mixin.py:188} INFO - [2024-04-16T21:39:29.948+0000] {dag.py:3834} INFO - Setting next_dagrun for example_setup_teardown to 2024-04-15 00:00:00+00:00, run_after=2024-04-16 00:00:00+00:00
[2024-04-16T21:39:29.966+0000] {processor.py:183} INFO - Processing /home/airflow/.local/lib/python3.10/site-packages/airflow/example_dags/example_setup_teardown.py took 0.072 seconds
[2024-04-16T21:40:00.547+0000] {processor.py:161} INFO - Started process (PID=761) to work on /home/airflow/.local/lib/python3.10/site-packages/airflow/example_dags/example_setup_teardown.py
[2024-04-16T21:40:00.548+0000] {processor.py:830} INFO - Processing file /home/airflow/.local/lib/python3.10/site-packages/airflow/example_dags/example_setup_teardown.py for tasks to queue
[2024-04-16T21:40:00.550+0000] {logging_mixin.py:188} INFO - [2024-04-16T21:40:00.549+0000] {dagbag.py:540} INFO - Filling up the DagBag from /home/airflow/.local/lib/python3.10/site-packages/airflow/example_dags/example_setup_teardown.py
[2024-04-16T21:40:00.556+0000] {processor.py:840} INFO - DAG(s) 'example_setup_teardown' retrieved from /home/airflow/.local/lib/python3.10/site-packages/airflow/example_dags/example_setup_teardown.py
[2024-04-16T21:40:00.575+0000] {logging_mixin.py:188} INFO - [2024-04-16T21:40:00.575+0000] {dag.py:3047} INFO - Sync 1 DAGs
[2024-04-16T21:40:00.596+0000] {logging_mixin.py:188} INFO - [2024-04-16T21:40:00.596+0000] {dag.py:3834} INFO - Setting next_dagrun for example_setup_teardown to 2024-04-15 00:00:00+00:00, run_after=2024-04-16 00:00:00+00:00
[2024-04-16T21:40:00.613+0000] {processor.py:183} INFO - Processing /home/airflow/.local/lib/python3.10/site-packages/airflow/example_dags/example_setup_teardown.py took 0.069 seconds
[2024-04-16T21:40:31.144+0000] {processor.py:161} INFO - Started process (PID=818) to work on /home/airflow/.local/lib/python3.10/site-packages/airflow/example_dags/example_setup_teardown.py
[2024-04-16T21:40:31.145+0000] {processor.py:830} INFO - Processing file /home/airflow/.local/lib/python3.10/site-packages/airflow/example_dags/example_setup_teardown.py for tasks to queue
[2024-04-16T21:40:31.147+0000] {logging_mixin.py:188} INFO - [2024-04-16T21:40:31.147+0000] {dagbag.py:540} INFO - Filling up the DagBag from /home/airflow/.local/lib/python3.10/site-packages/airflow/example_dags/example_setup_teardown.py
[2024-04-16T21:40:31.153+0000] {processor.py:840} INFO - DAG(s) 'example_setup_teardown' retrieved from /home/airflow/.local/lib/python3.10/site-packages/airflow/example_dags/example_setup_teardown.py
[2024-04-16T21:40:31.174+0000] {logging_mixin.py:188} INFO - [2024-04-16T21:40:31.174+0000] {dag.py:3047} INFO - Sync 1 DAGs
[2024-04-16T21:40:31.198+0000] {logging_mixin.py:188} INFO - [2024-04-16T21:40:31.198+0000] {dag.py:3834} INFO - Setting next_dagrun for example_setup_teardown to 2024-04-15 00:00:00+00:00, run_after=2024-04-16 00:00:00+00:00
[2024-04-16T21:40:31.217+0000] {processor.py:183} INFO - Processing /home/airflow/.local/lib/python3.10/site-packages/airflow/example_dags/example_setup_teardown.py took 0.076 seconds
[2024-04-16T21:41:01.645+0000] {processor.py:161} INFO - Started process (PID=875) to work on /home/airflow/.local/lib/python3.10/site-packages/airflow/example_dags/example_setup_teardown.py
[2024-04-16T21:41:01.646+0000] {processor.py:830} INFO - Processing file /home/airflow/.local/lib/python3.10/site-packages/airflow/example_dags/example_setup_teardown.py for tasks to queue
[2024-04-16T21:41:01.649+0000] {logging_mixin.py:188} INFO - [2024-04-16T21:41:01.648+0000] {dagbag.py:540} INFO - Filling up the DagBag from /home/airflow/.local/lib/python3.10/site-packages/airflow/example_dags/example_setup_teardown.py
[2024-04-16T21:41:01.656+0000] {processor.py:840} INFO - DAG(s) 'example_setup_teardown' retrieved from /home/airflow/.local/lib/python3.10/site-packages/airflow/example_dags/example_setup_teardown.py
[2024-04-16T21:41:01.672+0000] {logging_mixin.py:188} INFO - [2024-04-16T21:41:01.672+0000] {dag.py:3047} INFO - Sync 1 DAGs
[2024-04-16T21:41:01.692+0000] {logging_mixin.py:188} INFO - [2024-04-16T21:41:01.691+0000] {dag.py:3834} INFO - Setting next_dagrun for example_setup_teardown to 2024-04-15 00:00:00+00:00, run_after=2024-04-16 00:00:00+00:00
[2024-04-16T21:41:01.708+0000] {processor.py:183} INFO - Processing /home/airflow/.local/lib/python3.10/site-packages/airflow/example_dags/example_setup_teardown.py took 0.065 seconds
[2024-04-16T21:41:32.131+0000] {processor.py:161} INFO - Started process (PID=932) to work on /home/airflow/.local/lib/python3.10/site-packages/airflow/example_dags/example_setup_teardown.py
[2024-04-16T21:41:32.132+0000] {processor.py:830} INFO - Processing file /home/airflow/.local/lib/python3.10/site-packages/airflow/example_dags/example_setup_teardown.py for tasks to queue
[2024-04-16T21:41:32.134+0000] {logging_mixin.py:188} INFO - [2024-04-16T21:41:32.133+0000] {dagbag.py:540} INFO - Filling up the DagBag from /home/airflow/.local/lib/python3.10/site-packages/airflow/example_dags/example_setup_teardown.py
[2024-04-16T21:41:32.139+0000] {processor.py:840} INFO - DAG(s) 'example_setup_teardown' retrieved from /home/airflow/.local/lib/python3.10/site-packages/airflow/example_dags/example_setup_teardown.py
[2024-04-16T21:41:32.158+0000] {logging_mixin.py:188} INFO - [2024-04-16T21:41:32.157+0000] {dag.py:3047} INFO - Sync 1 DAGs
[2024-04-16T21:41:32.178+0000] {logging_mixin.py:188} INFO - [2024-04-16T21:41:32.178+0000] {dag.py:3834} INFO - Setting next_dagrun for example_setup_teardown to 2024-04-15 00:00:00+00:00, run_after=2024-04-16 00:00:00+00:00
[2024-04-16T21:41:32.195+0000] {processor.py:183} INFO - Processing /home/airflow/.local/lib/python3.10/site-packages/airflow/example_dags/example_setup_teardown.py took 0.067 seconds
[2024-04-16T21:42:02.590+0000] {processor.py:161} INFO - Started process (PID=989) to work on /home/airflow/.local/lib/python3.10/site-packages/airflow/example_dags/example_setup_teardown.py
[2024-04-16T21:42:02.591+0000] {processor.py:830} INFO - Processing file /home/airflow/.local/lib/python3.10/site-packages/airflow/example_dags/example_setup_teardown.py for tasks to queue
[2024-04-16T21:42:02.592+0000] {logging_mixin.py:188} INFO - [2024-04-16T21:42:02.592+0000] {dagbag.py:540} INFO - Filling up the DagBag from /home/airflow/.local/lib/python3.10/site-packages/airflow/example_dags/example_setup_teardown.py
[2024-04-16T21:42:02.598+0000] {processor.py:840} INFO - DAG(s) 'example_setup_teardown' retrieved from /home/airflow/.local/lib/python3.10/site-packages/airflow/example_dags/example_setup_teardown.py
[2024-04-16T21:42:02.615+0000] {logging_mixin.py:188} INFO - [2024-04-16T21:42:02.615+0000] {dag.py:3047} INFO - Sync 1 DAGs
[2024-04-16T21:42:02.635+0000] {logging_mixin.py:188} INFO - [2024-04-16T21:42:02.635+0000] {dag.py:3834} INFO - Setting next_dagrun for example_setup_teardown to 2024-04-15 00:00:00+00:00, run_after=2024-04-16 00:00:00+00:00
[2024-04-16T21:42:02.650+0000] {processor.py:183} INFO - Processing /home/airflow/.local/lib/python3.10/site-packages/airflow/example_dags/example_setup_teardown.py took 0.064 seconds
[2024-04-16T21:42:33.081+0000] {processor.py:161} INFO - Started process (PID=1046) to work on /home/airflow/.local/lib/python3.10/site-packages/airflow/example_dags/example_setup_teardown.py
[2024-04-16T21:42:33.082+0000] {processor.py:830} INFO - Processing file /home/airflow/.local/lib/python3.10/site-packages/airflow/example_dags/example_setup_teardown.py for tasks to queue
[2024-04-16T21:42:33.084+0000] {logging_mixin.py:188} INFO - [2024-04-16T21:42:33.083+0000] {dagbag.py:540} INFO - Filling up the DagBag from /home/airflow/.local/lib/python3.10/site-packages/airflow/example_dags/example_setup_teardown.py
[2024-04-16T21:42:33.090+0000] {processor.py:840} INFO - DAG(s) 'example_setup_teardown' retrieved from /home/airflow/.local/lib/python3.10/site-packages/airflow/example_dags/example_setup_teardown.py
[2024-04-16T21:42:33.108+0000] {logging_mixin.py:188} INFO - [2024-04-16T21:42:33.108+0000] {dag.py:3047} INFO - Sync 1 DAGs
[2024-04-16T21:42:33.129+0000] {logging_mixin.py:188} INFO - [2024-04-16T21:42:33.129+0000] {dag.py:3834} INFO - Setting next_dagrun for example_setup_teardown to 2024-04-15 00:00:00+00:00, run_after=2024-04-16 00:00:00+00:00
[2024-04-16T21:42:33.146+0000] {processor.py:183} INFO - Processing /home/airflow/.local/lib/python3.10/site-packages/airflow/example_dags/example_setup_teardown.py took 0.068 seconds
[2024-04-16T21:43:03.663+0000] {processor.py:161} INFO - Started process (PID=1103) to work on /home/airflow/.local/lib/python3.10/site-packages/airflow/example_dags/example_setup_teardown.py
[2024-04-16T21:43:03.664+0000] {processor.py:830} INFO - Processing file /home/airflow/.local/lib/python3.10/site-packages/airflow/example_dags/example_setup_teardown.py for tasks to queue
[2024-04-16T21:43:03.666+0000] {logging_mixin.py:188} INFO - [2024-04-16T21:43:03.666+0000] {dagbag.py:540} INFO - Filling up the DagBag from /home/airflow/.local/lib/python3.10/site-packages/airflow/example_dags/example_setup_teardown.py
[2024-04-16T21:43:03.672+0000] {processor.py:840} INFO - DAG(s) 'example_setup_teardown' retrieved from /home/airflow/.local/lib/python3.10/site-packages/airflow/example_dags/example_setup_teardown.py
[2024-04-16T21:43:03.692+0000] {logging_mixin.py:188} INFO - [2024-04-16T21:43:03.691+0000] {dag.py:3047} INFO - Sync 1 DAGs
[2024-04-16T21:43:03.712+0000] {logging_mixin.py:188} INFO - [2024-04-16T21:43:03.711+0000] {dag.py:3834} INFO - Setting next_dagrun for example_setup_teardown to 2024-04-15 00:00:00+00:00, run_after=2024-04-16 00:00:00+00:00
[2024-04-16T21:43:03.728+0000] {processor.py:183} INFO - Processing /home/airflow/.local/lib/python3.10/site-packages/airflow/example_dags/example_setup_teardown.py took 0.068 seconds
[2024-04-16T21:43:34.237+0000] {processor.py:161} INFO - Started process (PID=1160) to work on /home/airflow/.local/lib/python3.10/site-packages/airflow/example_dags/example_setup_teardown.py
[2024-04-16T21:43:34.238+0000] {processor.py:830} INFO - Processing file /home/airflow/.local/lib/python3.10/site-packages/airflow/example_dags/example_setup_teardown.py for tasks to queue
[2024-04-16T21:43:34.239+0000] {logging_mixin.py:188} INFO - [2024-04-16T21:43:34.239+0000] {dagbag.py:540} INFO - Filling up the DagBag from /home/airflow/.local/lib/python3.10/site-packages/airflow/example_dags/example_setup_teardown.py
[2024-04-16T21:43:34.246+0000] {processor.py:840} INFO - DAG(s) 'example_setup_teardown' retrieved from /home/airflow/.local/lib/python3.10/site-packages/airflow/example_dags/example_setup_teardown.py
[2024-04-16T21:43:34.266+0000] {logging_mixin.py:188} INFO - [2024-04-16T21:43:34.265+0000] {dag.py:3047} INFO - Sync 1 DAGs
[2024-04-16T21:43:34.288+0000] {logging_mixin.py:188} INFO - [2024-04-16T21:43:34.287+0000] {dag.py:3834} INFO - Setting next_dagrun for example_setup_teardown to 2024-04-15 00:00:00+00:00, run_after=2024-04-16 00:00:00+00:00
[2024-04-16T21:43:34.304+0000] {processor.py:183} INFO - Processing /home/airflow/.local/lib/python3.10/site-packages/airflow/example_dags/example_setup_teardown.py took 0.071 seconds
[2024-04-16T21:44:04.766+0000] {processor.py:161} INFO - Started process (PID=1217) to work on /home/airflow/.local/lib/python3.10/site-packages/airflow/example_dags/example_setup_teardown.py
[2024-04-16T21:44:04.768+0000] {processor.py:830} INFO - Processing file /home/airflow/.local/lib/python3.10/site-packages/airflow/example_dags/example_setup_teardown.py for tasks to queue
[2024-04-16T21:44:04.770+0000] {logging_mixin.py:188} INFO - [2024-04-16T21:44:04.770+0000] {dagbag.py:540} INFO - Filling up the DagBag from /home/airflow/.local/lib/python3.10/site-packages/airflow/example_dags/example_setup_teardown.py
[2024-04-16T21:44:04.776+0000] {processor.py:840} INFO - DAG(s) 'example_setup_teardown' retrieved from /home/airflow/.local/lib/python3.10/site-packages/airflow/example_dags/example_setup_teardown.py
[2024-04-16T21:44:04.795+0000] {logging_mixin.py:188} INFO - [2024-04-16T21:44:04.795+0000] {dag.py:3047} INFO - Sync 1 DAGs
[2024-04-16T21:44:04.816+0000] {logging_mixin.py:188} INFO - [2024-04-16T21:44:04.816+0000] {dag.py:3834} INFO - Setting next_dagrun for example_setup_teardown to 2024-04-15 00:00:00+00:00, run_after=2024-04-16 00:00:00+00:00
[2024-04-16T21:44:04.833+0000] {processor.py:183} INFO - Processing /home/airflow/.local/lib/python3.10/site-packages/airflow/example_dags/example_setup_teardown.py took 0.069 seconds
[2024-04-16T21:44:35.342+0000] {processor.py:161} INFO - Started process (PID=1274) to work on /home/airflow/.local/lib/python3.10/site-packages/airflow/example_dags/example_setup_teardown.py
[2024-04-16T21:44:35.343+0000] {processor.py:830} INFO - Processing file /home/airflow/.local/lib/python3.10/site-packages/airflow/example_dags/example_setup_teardown.py for tasks to queue
[2024-04-16T21:44:35.344+0000] {logging_mixin.py:188} INFO - [2024-04-16T21:44:35.344+0000] {dagbag.py:540} INFO - Filling up the DagBag from /home/airflow/.local/lib/python3.10/site-packages/airflow/example_dags/example_setup_teardown.py
[2024-04-16T21:44:35.351+0000] {processor.py:840} INFO - DAG(s) 'example_setup_teardown' retrieved from /home/airflow/.local/lib/python3.10/site-packages/airflow/example_dags/example_setup_teardown.py
[2024-04-16T21:44:35.370+0000] {logging_mixin.py:188} INFO - [2024-04-16T21:44:35.370+0000] {dag.py:3047} INFO - Sync 1 DAGs
[2024-04-16T21:44:35.390+0000] {logging_mixin.py:188} INFO - [2024-04-16T21:44:35.390+0000] {dag.py:3834} INFO - Setting next_dagrun for example_setup_teardown to 2024-04-15 00:00:00+00:00, run_after=2024-04-16 00:00:00+00:00
[2024-04-16T21:44:35.407+0000] {processor.py:183} INFO - Processing /home/airflow/.local/lib/python3.10/site-packages/airflow/example_dags/example_setup_teardown.py took 0.069 seconds
[2024-04-16T21:45:05.978+0000] {processor.py:161} INFO - Started process (PID=1331) to work on /home/airflow/.local/lib/python3.10/site-packages/airflow/example_dags/example_setup_teardown.py
[2024-04-16T21:45:05.979+0000] {processor.py:830} INFO - Processing file /home/airflow/.local/lib/python3.10/site-packages/airflow/example_dags/example_setup_teardown.py for tasks to queue
[2024-04-16T21:45:05.981+0000] {logging_mixin.py:188} INFO - [2024-04-16T21:45:05.981+0000] {dagbag.py:540} INFO - Filling up the DagBag from /home/airflow/.local/lib/python3.10/site-packages/airflow/example_dags/example_setup_teardown.py
[2024-04-16T21:45:05.988+0000] {processor.py:840} INFO - DAG(s) 'example_setup_teardown' retrieved from /home/airflow/.local/lib/python3.10/site-packages/airflow/example_dags/example_setup_teardown.py
[2024-04-16T21:45:06.005+0000] {logging_mixin.py:188} INFO - [2024-04-16T21:45:06.005+0000] {dag.py:3047} INFO - Sync 1 DAGs
[2024-04-16T21:45:06.025+0000] {logging_mixin.py:188} INFO - [2024-04-16T21:45:06.025+0000] {dag.py:3834} INFO - Setting next_dagrun for example_setup_teardown to 2024-04-15 00:00:00+00:00, run_after=2024-04-16 00:00:00+00:00
[2024-04-16T21:45:06.042+0000] {processor.py:183} INFO - Processing /home/airflow/.local/lib/python3.10/site-packages/airflow/example_dags/example_setup_teardown.py took 0.067 seconds
[2024-04-16T21:45:36.527+0000] {processor.py:161} INFO - Started process (PID=1388) to work on /home/airflow/.local/lib/python3.10/site-packages/airflow/example_dags/example_setup_teardown.py
[2024-04-16T21:45:36.528+0000] {processor.py:830} INFO - Processing file /home/airflow/.local/lib/python3.10/site-packages/airflow/example_dags/example_setup_teardown.py for tasks to queue
[2024-04-16T21:45:36.530+0000] {logging_mixin.py:188} INFO - [2024-04-16T21:45:36.529+0000] {dagbag.py:540} INFO - Filling up the DagBag from /home/airflow/.local/lib/python3.10/site-packages/airflow/example_dags/example_setup_teardown.py
[2024-04-16T21:45:36.538+0000] {processor.py:840} INFO - DAG(s) 'example_setup_teardown' retrieved from /home/airflow/.local/lib/python3.10/site-packages/airflow/example_dags/example_setup_teardown.py
[2024-04-16T21:45:36.558+0000] {logging_mixin.py:188} INFO - [2024-04-16T21:45:36.557+0000] {dag.py:3047} INFO - Sync 1 DAGs
[2024-04-16T21:45:36.580+0000] {logging_mixin.py:188} INFO - [2024-04-16T21:45:36.580+0000] {dag.py:3834} INFO - Setting next_dagrun for example_setup_teardown to 2024-04-15 00:00:00+00:00, run_after=2024-04-16 00:00:00+00:00
[2024-04-16T21:45:36.596+0000] {processor.py:183} INFO - Processing /home/airflow/.local/lib/python3.10/site-packages/airflow/example_dags/example_setup_teardown.py took 0.073 seconds
