[2024-04-16T21:29:11.571+0000] {processor.py:161} INFO - Started process (PID=51) to work on /home/airflow/.local/lib/python3.10/site-packages/airflow/example_dags/tutorial_dag.py
[2024-04-16T21:29:11.572+0000] {processor.py:830} INFO - Processing file /home/airflow/.local/lib/python3.10/site-packages/airflow/example_dags/tutorial_dag.py for tasks to queue
[2024-04-16T21:29:11.574+0000] {logging_mixin.py:188} INFO - [2024-04-16T21:29:11.574+0000] {dagbag.py:540} INFO - Filling up the DagBag from /home/airflow/.local/lib/python3.10/site-packages/airflow/example_dags/tutorial_dag.py
[2024-04-16T21:29:11.581+0000] {processor.py:840} INFO - DAG(s) 'tutorial_dag' retrieved from /home/airflow/.local/lib/python3.10/site-packages/airflow/example_dags/tutorial_dag.py
[2024-04-16T21:29:11.591+0000] {logging_mixin.py:188} INFO - [2024-04-16T21:29:11.591+0000] {dag.py:3047} INFO - Sync 1 DAGs
[2024-04-16T21:29:11.607+0000] {logging_mixin.py:188} INFO - [2024-04-16T21:29:11.606+0000] {dag.py:3834} INFO - Setting next_dagrun for tutorial_dag to None, run_after=None
[2024-04-16T21:29:11.627+0000] {processor.py:183} INFO - Processing /home/airflow/.local/lib/python3.10/site-packages/airflow/example_dags/tutorial_dag.py took 0.059 seconds
[2024-04-16T21:29:42.522+0000] {processor.py:161} INFO - Started process (PID=106) to work on /home/airflow/.local/lib/python3.10/site-packages/airflow/example_dags/tutorial_dag.py
[2024-04-16T21:29:42.523+0000] {processor.py:830} INFO - Processing file /home/airflow/.local/lib/python3.10/site-packages/airflow/example_dags/tutorial_dag.py for tasks to queue
[2024-04-16T21:29:42.525+0000] {logging_mixin.py:188} INFO - [2024-04-16T21:29:42.525+0000] {dagbag.py:540} INFO - Filling up the DagBag from /home/airflow/.local/lib/python3.10/site-packages/airflow/example_dags/tutorial_dag.py
[2024-04-16T21:29:42.530+0000] {processor.py:840} INFO - DAG(s) 'tutorial_dag' retrieved from /home/airflow/.local/lib/python3.10/site-packages/airflow/example_dags/tutorial_dag.py
[2024-04-16T21:29:42.615+0000] {logging_mixin.py:188} INFO - [2024-04-16T21:29:42.615+0000] {dag.py:3047} INFO - Sync 1 DAGs
[2024-04-16T21:29:42.627+0000] {logging_mixin.py:188} INFO - [2024-04-16T21:29:42.627+0000] {dag.py:3834} INFO - Setting next_dagrun for tutorial_dag to None, run_after=None
[2024-04-16T21:29:42.647+0000] {processor.py:183} INFO - Processing /home/airflow/.local/lib/python3.10/site-packages/airflow/example_dags/tutorial_dag.py took 0.128 seconds
[2024-04-16T21:30:13.397+0000] {processor.py:161} INFO - Started process (PID=161) to work on /home/airflow/.local/lib/python3.10/site-packages/airflow/example_dags/tutorial_dag.py
[2024-04-16T21:30:13.398+0000] {processor.py:830} INFO - Processing file /home/airflow/.local/lib/python3.10/site-packages/airflow/example_dags/tutorial_dag.py for tasks to queue
[2024-04-16T21:30:13.400+0000] {logging_mixin.py:188} INFO - [2024-04-16T21:30:13.400+0000] {dagbag.py:540} INFO - Filling up the DagBag from /home/airflow/.local/lib/python3.10/site-packages/airflow/example_dags/tutorial_dag.py
[2024-04-16T21:30:13.405+0000] {processor.py:840} INFO - DAG(s) 'tutorial_dag' retrieved from /home/airflow/.local/lib/python3.10/site-packages/airflow/example_dags/tutorial_dag.py
[2024-04-16T21:30:13.422+0000] {logging_mixin.py:188} INFO - [2024-04-16T21:30:13.422+0000] {dag.py:3047} INFO - Sync 1 DAGs
[2024-04-16T21:30:13.434+0000] {logging_mixin.py:188} INFO - [2024-04-16T21:30:13.433+0000] {dag.py:3834} INFO - Setting next_dagrun for tutorial_dag to None, run_after=None
[2024-04-16T21:30:13.451+0000] {processor.py:183} INFO - Processing /home/airflow/.local/lib/python3.10/site-packages/airflow/example_dags/tutorial_dag.py took 0.057 seconds
[2024-04-16T21:30:43.825+0000] {processor.py:161} INFO - Started process (PID=216) to work on /home/airflow/.local/lib/python3.10/site-packages/airflow/example_dags/tutorial_dag.py
[2024-04-16T21:30:43.826+0000] {processor.py:830} INFO - Processing file /home/airflow/.local/lib/python3.10/site-packages/airflow/example_dags/tutorial_dag.py for tasks to queue
[2024-04-16T21:30:43.829+0000] {logging_mixin.py:188} INFO - [2024-04-16T21:30:43.828+0000] {dagbag.py:540} INFO - Filling up the DagBag from /home/airflow/.local/lib/python3.10/site-packages/airflow/example_dags/tutorial_dag.py
[2024-04-16T21:30:43.834+0000] {processor.py:840} INFO - DAG(s) 'tutorial_dag' retrieved from /home/airflow/.local/lib/python3.10/site-packages/airflow/example_dags/tutorial_dag.py
[2024-04-16T21:30:43.852+0000] {logging_mixin.py:188} INFO - [2024-04-16T21:30:43.852+0000] {dag.py:3047} INFO - Sync 1 DAGs
[2024-04-16T21:30:43.863+0000] {logging_mixin.py:188} INFO - [2024-04-16T21:30:43.863+0000] {dag.py:3834} INFO - Setting next_dagrun for tutorial_dag to None, run_after=None
[2024-04-16T21:30:43.886+0000] {processor.py:183} INFO - Processing /home/airflow/.local/lib/python3.10/site-packages/airflow/example_dags/tutorial_dag.py took 0.063 seconds
[2024-04-16T21:31:14.663+0000] {processor.py:161} INFO - Started process (PID=271) to work on /home/airflow/.local/lib/python3.10/site-packages/airflow/example_dags/tutorial_dag.py
[2024-04-16T21:31:14.664+0000] {processor.py:830} INFO - Processing file /home/airflow/.local/lib/python3.10/site-packages/airflow/example_dags/tutorial_dag.py for tasks to queue
[2024-04-16T21:31:14.666+0000] {logging_mixin.py:188} INFO - [2024-04-16T21:31:14.666+0000] {dagbag.py:540} INFO - Filling up the DagBag from /home/airflow/.local/lib/python3.10/site-packages/airflow/example_dags/tutorial_dag.py
[2024-04-16T21:31:14.672+0000] {processor.py:840} INFO - DAG(s) 'tutorial_dag' retrieved from /home/airflow/.local/lib/python3.10/site-packages/airflow/example_dags/tutorial_dag.py
[2024-04-16T21:31:14.688+0000] {logging_mixin.py:188} INFO - [2024-04-16T21:31:14.688+0000] {dag.py:3047} INFO - Sync 1 DAGs
[2024-04-16T21:31:14.701+0000] {logging_mixin.py:188} INFO - [2024-04-16T21:31:14.701+0000] {dag.py:3834} INFO - Setting next_dagrun for tutorial_dag to None, run_after=None
[2024-04-16T21:31:14.721+0000] {processor.py:183} INFO - Processing /home/airflow/.local/lib/python3.10/site-packages/airflow/example_dags/tutorial_dag.py took 0.061 seconds
[2024-04-16T21:32:12.399+0000] {processor.py:161} INFO - Started process (PID=53) to work on /home/airflow/.local/lib/python3.10/site-packages/airflow/example_dags/tutorial_dag.py
[2024-04-16T21:32:12.400+0000] {processor.py:830} INFO - Processing file /home/airflow/.local/lib/python3.10/site-packages/airflow/example_dags/tutorial_dag.py for tasks to queue
[2024-04-16T21:32:12.403+0000] {logging_mixin.py:188} INFO - [2024-04-16T21:32:12.402+0000] {dagbag.py:540} INFO - Filling up the DagBag from /home/airflow/.local/lib/python3.10/site-packages/airflow/example_dags/tutorial_dag.py
[2024-04-16T21:32:12.412+0000] {processor.py:840} INFO - DAG(s) 'tutorial_dag' retrieved from /home/airflow/.local/lib/python3.10/site-packages/airflow/example_dags/tutorial_dag.py
[2024-04-16T21:32:12.426+0000] {logging_mixin.py:188} INFO - [2024-04-16T21:32:12.426+0000] {dag.py:3047} INFO - Sync 1 DAGs
[2024-04-16T21:32:12.443+0000] {logging_mixin.py:188} INFO - [2024-04-16T21:32:12.442+0000] {dag.py:3834} INFO - Setting next_dagrun for tutorial_dag to None, run_after=None
[2024-04-16T21:32:12.470+0000] {processor.py:183} INFO - Processing /home/airflow/.local/lib/python3.10/site-packages/airflow/example_dags/tutorial_dag.py took 0.076 seconds
[2024-04-16T21:32:43.789+0000] {processor.py:161} INFO - Started process (PID=110) to work on /home/airflow/.local/lib/python3.10/site-packages/airflow/example_dags/tutorial_dag.py
[2024-04-16T21:32:43.790+0000] {processor.py:830} INFO - Processing file /home/airflow/.local/lib/python3.10/site-packages/airflow/example_dags/tutorial_dag.py for tasks to queue
[2024-04-16T21:32:43.792+0000] {logging_mixin.py:188} INFO - [2024-04-16T21:32:43.792+0000] {dagbag.py:540} INFO - Filling up the DagBag from /home/airflow/.local/lib/python3.10/site-packages/airflow/example_dags/tutorial_dag.py
[2024-04-16T21:32:43.798+0000] {processor.py:840} INFO - DAG(s) 'tutorial_dag' retrieved from /home/airflow/.local/lib/python3.10/site-packages/airflow/example_dags/tutorial_dag.py
[2024-04-16T21:32:43.893+0000] {logging_mixin.py:188} INFO - [2024-04-16T21:32:43.893+0000] {dag.py:3047} INFO - Sync 1 DAGs
[2024-04-16T21:32:43.905+0000] {logging_mixin.py:188} INFO - [2024-04-16T21:32:43.905+0000] {dag.py:3834} INFO - Setting next_dagrun for tutorial_dag to None, run_after=None
[2024-04-16T21:32:43.928+0000] {processor.py:183} INFO - Processing /home/airflow/.local/lib/python3.10/site-packages/airflow/example_dags/tutorial_dag.py took 0.143 seconds
[2024-04-16T21:33:50.833+0000] {processor.py:161} INFO - Started process (PID=53) to work on /home/airflow/.local/lib/python3.10/site-packages/airflow/example_dags/tutorial_dag.py
[2024-04-16T21:33:50.834+0000] {processor.py:830} INFO - Processing file /home/airflow/.local/lib/python3.10/site-packages/airflow/example_dags/tutorial_dag.py for tasks to queue
[2024-04-16T21:33:50.836+0000] {logging_mixin.py:188} INFO - [2024-04-16T21:33:50.836+0000] {dagbag.py:540} INFO - Filling up the DagBag from /home/airflow/.local/lib/python3.10/site-packages/airflow/example_dags/tutorial_dag.py
[2024-04-16T21:33:50.843+0000] {processor.py:840} INFO - DAG(s) 'tutorial_dag' retrieved from /home/airflow/.local/lib/python3.10/site-packages/airflow/example_dags/tutorial_dag.py
[2024-04-16T21:33:50.852+0000] {logging_mixin.py:188} INFO - [2024-04-16T21:33:50.852+0000] {dag.py:3047} INFO - Sync 1 DAGs
[2024-04-16T21:33:50.865+0000] {logging_mixin.py:188} INFO - [2024-04-16T21:33:50.865+0000] {dag.py:3834} INFO - Setting next_dagrun for tutorial_dag to None, run_after=None
[2024-04-16T21:33:50.885+0000] {processor.py:183} INFO - Processing /home/airflow/.local/lib/python3.10/site-packages/airflow/example_dags/tutorial_dag.py took 0.055 seconds
[2024-04-16T21:34:21.982+0000] {processor.py:161} INFO - Started process (PID=110) to work on /home/airflow/.local/lib/python3.10/site-packages/airflow/example_dags/tutorial_dag.py
[2024-04-16T21:34:21.983+0000] {processor.py:830} INFO - Processing file /home/airflow/.local/lib/python3.10/site-packages/airflow/example_dags/tutorial_dag.py for tasks to queue
[2024-04-16T21:34:21.985+0000] {logging_mixin.py:188} INFO - [2024-04-16T21:34:21.985+0000] {dagbag.py:540} INFO - Filling up the DagBag from /home/airflow/.local/lib/python3.10/site-packages/airflow/example_dags/tutorial_dag.py
[2024-04-16T21:34:21.991+0000] {processor.py:840} INFO - DAG(s) 'tutorial_dag' retrieved from /home/airflow/.local/lib/python3.10/site-packages/airflow/example_dags/tutorial_dag.py
[2024-04-16T21:34:22.078+0000] {logging_mixin.py:188} INFO - [2024-04-16T21:34:22.077+0000] {dag.py:3047} INFO - Sync 1 DAGs
[2024-04-16T21:34:22.088+0000] {logging_mixin.py:188} INFO - [2024-04-16T21:34:22.088+0000] {dag.py:3834} INFO - Setting next_dagrun for tutorial_dag to None, run_after=None
[2024-04-16T21:34:22.107+0000] {processor.py:183} INFO - Processing /home/airflow/.local/lib/python3.10/site-packages/airflow/example_dags/tutorial_dag.py took 0.129 seconds
[2024-04-16T21:34:52.155+0000] {processor.py:161} INFO - Started process (PID=167) to work on /home/airflow/.local/lib/python3.10/site-packages/airflow/example_dags/tutorial_dag.py
[2024-04-16T21:34:52.157+0000] {processor.py:830} INFO - Processing file /home/airflow/.local/lib/python3.10/site-packages/airflow/example_dags/tutorial_dag.py for tasks to queue
[2024-04-16T21:34:52.158+0000] {logging_mixin.py:188} INFO - [2024-04-16T21:34:52.158+0000] {dagbag.py:540} INFO - Filling up the DagBag from /home/airflow/.local/lib/python3.10/site-packages/airflow/example_dags/tutorial_dag.py
[2024-04-16T21:34:52.163+0000] {processor.py:840} INFO - DAG(s) 'tutorial_dag' retrieved from /home/airflow/.local/lib/python3.10/site-packages/airflow/example_dags/tutorial_dag.py
[2024-04-16T21:34:52.182+0000] {logging_mixin.py:188} INFO - [2024-04-16T21:34:52.181+0000] {dag.py:3047} INFO - Sync 1 DAGs
[2024-04-16T21:34:52.193+0000] {logging_mixin.py:188} INFO - [2024-04-16T21:34:52.193+0000] {dag.py:3834} INFO - Setting next_dagrun for tutorial_dag to None, run_after=None
[2024-04-16T21:34:52.212+0000] {processor.py:183} INFO - Processing /home/airflow/.local/lib/python3.10/site-packages/airflow/example_dags/tutorial_dag.py took 0.059 seconds
[2024-04-16T21:35:22.455+0000] {processor.py:161} INFO - Started process (PID=224) to work on /home/airflow/.local/lib/python3.10/site-packages/airflow/example_dags/tutorial_dag.py
[2024-04-16T21:35:22.456+0000] {processor.py:830} INFO - Processing file /home/airflow/.local/lib/python3.10/site-packages/airflow/example_dags/tutorial_dag.py for tasks to queue
[2024-04-16T21:35:22.458+0000] {logging_mixin.py:188} INFO - [2024-04-16T21:35:22.458+0000] {dagbag.py:540} INFO - Filling up the DagBag from /home/airflow/.local/lib/python3.10/site-packages/airflow/example_dags/tutorial_dag.py
[2024-04-16T21:35:22.464+0000] {processor.py:840} INFO - DAG(s) 'tutorial_dag' retrieved from /home/airflow/.local/lib/python3.10/site-packages/airflow/example_dags/tutorial_dag.py
[2024-04-16T21:35:22.483+0000] {logging_mixin.py:188} INFO - [2024-04-16T21:35:22.483+0000] {dag.py:3047} INFO - Sync 1 DAGs
[2024-04-16T21:35:22.496+0000] {logging_mixin.py:188} INFO - [2024-04-16T21:35:22.496+0000] {dag.py:3834} INFO - Setting next_dagrun for tutorial_dag to None, run_after=None
[2024-04-16T21:35:22.516+0000] {processor.py:183} INFO - Processing /home/airflow/.local/lib/python3.10/site-packages/airflow/example_dags/tutorial_dag.py took 0.064 seconds
[2024-04-16T21:35:53.388+0000] {processor.py:161} INFO - Started process (PID=281) to work on /home/airflow/.local/lib/python3.10/site-packages/airflow/example_dags/tutorial_dag.py
[2024-04-16T21:35:53.389+0000] {processor.py:830} INFO - Processing file /home/airflow/.local/lib/python3.10/site-packages/airflow/example_dags/tutorial_dag.py for tasks to queue
[2024-04-16T21:35:53.391+0000] {logging_mixin.py:188} INFO - [2024-04-16T21:35:53.391+0000] {dagbag.py:540} INFO - Filling up the DagBag from /home/airflow/.local/lib/python3.10/site-packages/airflow/example_dags/tutorial_dag.py
[2024-04-16T21:35:53.397+0000] {processor.py:840} INFO - DAG(s) 'tutorial_dag' retrieved from /home/airflow/.local/lib/python3.10/site-packages/airflow/example_dags/tutorial_dag.py
[2024-04-16T21:35:53.418+0000] {logging_mixin.py:188} INFO - [2024-04-16T21:35:53.417+0000] {dag.py:3047} INFO - Sync 1 DAGs
[2024-04-16T21:35:53.430+0000] {logging_mixin.py:188} INFO - [2024-04-16T21:35:53.430+0000] {dag.py:3834} INFO - Setting next_dagrun for tutorial_dag to None, run_after=None
[2024-04-16T21:35:53.447+0000] {processor.py:183} INFO - Processing /home/airflow/.local/lib/python3.10/site-packages/airflow/example_dags/tutorial_dag.py took 0.062 seconds
[2024-04-16T21:36:23.885+0000] {processor.py:161} INFO - Started process (PID=338) to work on /home/airflow/.local/lib/python3.10/site-packages/airflow/example_dags/tutorial_dag.py
[2024-04-16T21:36:23.886+0000] {processor.py:830} INFO - Processing file /home/airflow/.local/lib/python3.10/site-packages/airflow/example_dags/tutorial_dag.py for tasks to queue
[2024-04-16T21:36:23.888+0000] {logging_mixin.py:188} INFO - [2024-04-16T21:36:23.888+0000] {dagbag.py:540} INFO - Filling up the DagBag from /home/airflow/.local/lib/python3.10/site-packages/airflow/example_dags/tutorial_dag.py
[2024-04-16T21:36:23.893+0000] {processor.py:840} INFO - DAG(s) 'tutorial_dag' retrieved from /home/airflow/.local/lib/python3.10/site-packages/airflow/example_dags/tutorial_dag.py
[2024-04-16T21:36:23.912+0000] {logging_mixin.py:188} INFO - [2024-04-16T21:36:23.912+0000] {dag.py:3047} INFO - Sync 1 DAGs
[2024-04-16T21:36:23.925+0000] {logging_mixin.py:188} INFO - [2024-04-16T21:36:23.925+0000] {dag.py:3834} INFO - Setting next_dagrun for tutorial_dag to None, run_after=None
[2024-04-16T21:36:23.943+0000] {processor.py:183} INFO - Processing /home/airflow/.local/lib/python3.10/site-packages/airflow/example_dags/tutorial_dag.py took 0.060 seconds
[2024-04-16T21:36:54.568+0000] {processor.py:161} INFO - Started process (PID=395) to work on /home/airflow/.local/lib/python3.10/site-packages/airflow/example_dags/tutorial_dag.py
[2024-04-16T21:36:54.569+0000] {processor.py:830} INFO - Processing file /home/airflow/.local/lib/python3.10/site-packages/airflow/example_dags/tutorial_dag.py for tasks to queue
[2024-04-16T21:36:54.571+0000] {logging_mixin.py:188} INFO - [2024-04-16T21:36:54.571+0000] {dagbag.py:540} INFO - Filling up the DagBag from /home/airflow/.local/lib/python3.10/site-packages/airflow/example_dags/tutorial_dag.py
[2024-04-16T21:36:54.577+0000] {processor.py:840} INFO - DAG(s) 'tutorial_dag' retrieved from /home/airflow/.local/lib/python3.10/site-packages/airflow/example_dags/tutorial_dag.py
[2024-04-16T21:36:54.596+0000] {logging_mixin.py:188} INFO - [2024-04-16T21:36:54.596+0000] {dag.py:3047} INFO - Sync 1 DAGs
[2024-04-16T21:36:54.610+0000] {logging_mixin.py:188} INFO - [2024-04-16T21:36:54.610+0000] {dag.py:3834} INFO - Setting next_dagrun for tutorial_dag to None, run_after=None
[2024-04-16T21:36:54.629+0000] {processor.py:183} INFO - Processing /home/airflow/.local/lib/python3.10/site-packages/airflow/example_dags/tutorial_dag.py took 0.064 seconds
[2024-04-16T21:37:25.105+0000] {processor.py:161} INFO - Started process (PID=452) to work on /home/airflow/.local/lib/python3.10/site-packages/airflow/example_dags/tutorial_dag.py
[2024-04-16T21:37:25.106+0000] {processor.py:830} INFO - Processing file /home/airflow/.local/lib/python3.10/site-packages/airflow/example_dags/tutorial_dag.py for tasks to queue
[2024-04-16T21:37:25.108+0000] {logging_mixin.py:188} INFO - [2024-04-16T21:37:25.107+0000] {dagbag.py:540} INFO - Filling up the DagBag from /home/airflow/.local/lib/python3.10/site-packages/airflow/example_dags/tutorial_dag.py
[2024-04-16T21:37:25.112+0000] {processor.py:840} INFO - DAG(s) 'tutorial_dag' retrieved from /home/airflow/.local/lib/python3.10/site-packages/airflow/example_dags/tutorial_dag.py
[2024-04-16T21:37:25.131+0000] {logging_mixin.py:188} INFO - [2024-04-16T21:37:25.131+0000] {dag.py:3047} INFO - Sync 1 DAGs
[2024-04-16T21:37:25.143+0000] {logging_mixin.py:188} INFO - [2024-04-16T21:37:25.143+0000] {dag.py:3834} INFO - Setting next_dagrun for tutorial_dag to None, run_after=None
[2024-04-16T21:37:25.162+0000] {processor.py:183} INFO - Processing /home/airflow/.local/lib/python3.10/site-packages/airflow/example_dags/tutorial_dag.py took 0.060 seconds
[2024-04-16T21:37:55.720+0000] {processor.py:161} INFO - Started process (PID=509) to work on /home/airflow/.local/lib/python3.10/site-packages/airflow/example_dags/tutorial_dag.py
[2024-04-16T21:37:55.721+0000] {processor.py:830} INFO - Processing file /home/airflow/.local/lib/python3.10/site-packages/airflow/example_dags/tutorial_dag.py for tasks to queue
[2024-04-16T21:37:55.723+0000] {logging_mixin.py:188} INFO - [2024-04-16T21:37:55.722+0000] {dagbag.py:540} INFO - Filling up the DagBag from /home/airflow/.local/lib/python3.10/site-packages/airflow/example_dags/tutorial_dag.py
[2024-04-16T21:37:55.728+0000] {processor.py:840} INFO - DAG(s) 'tutorial_dag' retrieved from /home/airflow/.local/lib/python3.10/site-packages/airflow/example_dags/tutorial_dag.py
[2024-04-16T21:37:55.748+0000] {logging_mixin.py:188} INFO - [2024-04-16T21:37:55.747+0000] {dag.py:3047} INFO - Sync 1 DAGs
[2024-04-16T21:37:55.765+0000] {logging_mixin.py:188} INFO - [2024-04-16T21:37:55.765+0000] {dag.py:3834} INFO - Setting next_dagrun for tutorial_dag to None, run_after=None
[2024-04-16T21:37:55.786+0000] {processor.py:183} INFO - Processing /home/airflow/.local/lib/python3.10/site-packages/airflow/example_dags/tutorial_dag.py took 0.070 seconds
