[2024-04-16T21:29:12.576+0000] {processor.py:161} INFO - Started process (PID=72) to work on /home/airflow/.local/lib/python3.10/site-packages/airflow/example_dags/tutorial_taskflow_api.py
[2024-04-16T21:29:12.577+0000] {processor.py:830} INFO - Processing file /home/airflow/.local/lib/python3.10/site-packages/airflow/example_dags/tutorial_taskflow_api.py for tasks to queue
[2024-04-16T21:29:12.579+0000] {logging_mixin.py:188} INFO - [2024-04-16T21:29:12.579+0000] {dagbag.py:540} INFO - Filling up the DagBag from /home/airflow/.local/lib/python3.10/site-packages/airflow/example_dags/tutorial_taskflow_api.py
[2024-04-16T21:29:12.586+0000] {processor.py:840} INFO - DAG(s) 'tutorial_taskflow_api' retrieved from /home/airflow/.local/lib/python3.10/site-packages/airflow/example_dags/tutorial_taskflow_api.py
[2024-04-16T21:29:12.599+0000] {logging_mixin.py:188} INFO - [2024-04-16T21:29:12.599+0000] {dag.py:3047} INFO - Sync 1 DAGs
[2024-04-16T21:29:12.614+0000] {logging_mixin.py:188} INFO - [2024-04-16T21:29:12.613+0000] {dag.py:3834} INFO - Setting next_dagrun for tutorial_taskflow_api to None, run_after=None
[2024-04-16T21:29:12.632+0000] {processor.py:183} INFO - Processing /home/airflow/.local/lib/python3.10/site-packages/airflow/example_dags/tutorial_taskflow_api.py took 0.062 seconds
[2024-04-16T21:29:44.627+0000] {processor.py:161} INFO - Started process (PID=127) to work on /home/airflow/.local/lib/python3.10/site-packages/airflow/example_dags/tutorial_taskflow_api.py
[2024-04-16T21:29:44.628+0000] {processor.py:830} INFO - Processing file /home/airflow/.local/lib/python3.10/site-packages/airflow/example_dags/tutorial_taskflow_api.py for tasks to queue
[2024-04-16T21:29:44.630+0000] {logging_mixin.py:188} INFO - [2024-04-16T21:29:44.629+0000] {dagbag.py:540} INFO - Filling up the DagBag from /home/airflow/.local/lib/python3.10/site-packages/airflow/example_dags/tutorial_taskflow_api.py
[2024-04-16T21:29:44.635+0000] {processor.py:840} INFO - DAG(s) 'tutorial_taskflow_api' retrieved from /home/airflow/.local/lib/python3.10/site-packages/airflow/example_dags/tutorial_taskflow_api.py
[2024-04-16T21:29:44.718+0000] {logging_mixin.py:188} INFO - [2024-04-16T21:29:44.718+0000] {dag.py:3047} INFO - Sync 1 DAGs
[2024-04-16T21:29:44.728+0000] {logging_mixin.py:188} INFO - [2024-04-16T21:29:44.727+0000] {dag.py:3834} INFO - Setting next_dagrun for tutorial_taskflow_api to None, run_after=None
[2024-04-16T21:29:44.743+0000] {processor.py:183} INFO - Processing /home/airflow/.local/lib/python3.10/site-packages/airflow/example_dags/tutorial_taskflow_api.py took 0.119 seconds
[2024-04-16T21:30:15.456+0000] {processor.py:161} INFO - Started process (PID=182) to work on /home/airflow/.local/lib/python3.10/site-packages/airflow/example_dags/tutorial_taskflow_api.py
[2024-04-16T21:30:15.457+0000] {processor.py:830} INFO - Processing file /home/airflow/.local/lib/python3.10/site-packages/airflow/example_dags/tutorial_taskflow_api.py for tasks to queue
[2024-04-16T21:30:15.459+0000] {logging_mixin.py:188} INFO - [2024-04-16T21:30:15.459+0000] {dagbag.py:540} INFO - Filling up the DagBag from /home/airflow/.local/lib/python3.10/site-packages/airflow/example_dags/tutorial_taskflow_api.py
[2024-04-16T21:30:15.464+0000] {processor.py:840} INFO - DAG(s) 'tutorial_taskflow_api' retrieved from /home/airflow/.local/lib/python3.10/site-packages/airflow/example_dags/tutorial_taskflow_api.py
[2024-04-16T21:30:15.480+0000] {logging_mixin.py:188} INFO - [2024-04-16T21:30:15.480+0000] {dag.py:3047} INFO - Sync 1 DAGs
[2024-04-16T21:30:15.491+0000] {logging_mixin.py:188} INFO - [2024-04-16T21:30:15.491+0000] {dag.py:3834} INFO - Setting next_dagrun for tutorial_taskflow_api to None, run_after=None
[2024-04-16T21:30:15.507+0000] {processor.py:183} INFO - Processing /home/airflow/.local/lib/python3.10/site-packages/airflow/example_dags/tutorial_taskflow_api.py took 0.053 seconds
[2024-04-16T21:30:45.931+0000] {processor.py:161} INFO - Started process (PID=237) to work on /home/airflow/.local/lib/python3.10/site-packages/airflow/example_dags/tutorial_taskflow_api.py
[2024-04-16T21:30:45.932+0000] {processor.py:830} INFO - Processing file /home/airflow/.local/lib/python3.10/site-packages/airflow/example_dags/tutorial_taskflow_api.py for tasks to queue
[2024-04-16T21:30:45.934+0000] {logging_mixin.py:188} INFO - [2024-04-16T21:30:45.933+0000] {dagbag.py:540} INFO - Filling up the DagBag from /home/airflow/.local/lib/python3.10/site-packages/airflow/example_dags/tutorial_taskflow_api.py
[2024-04-16T21:30:45.940+0000] {processor.py:840} INFO - DAG(s) 'tutorial_taskflow_api' retrieved from /home/airflow/.local/lib/python3.10/site-packages/airflow/example_dags/tutorial_taskflow_api.py
[2024-04-16T21:30:45.957+0000] {logging_mixin.py:188} INFO - [2024-04-16T21:30:45.957+0000] {dag.py:3047} INFO - Sync 1 DAGs
[2024-04-16T21:30:45.969+0000] {logging_mixin.py:188} INFO - [2024-04-16T21:30:45.968+0000] {dag.py:3834} INFO - Setting next_dagrun for tutorial_taskflow_api to None, run_after=None
[2024-04-16T21:30:45.985+0000] {processor.py:183} INFO - Processing /home/airflow/.local/lib/python3.10/site-packages/airflow/example_dags/tutorial_taskflow_api.py took 0.058 seconds
[2024-04-16T21:31:16.885+0000] {processor.py:161} INFO - Started process (PID=292) to work on /home/airflow/.local/lib/python3.10/site-packages/airflow/example_dags/tutorial_taskflow_api.py
[2024-04-16T21:31:16.886+0000] {processor.py:830} INFO - Processing file /home/airflow/.local/lib/python3.10/site-packages/airflow/example_dags/tutorial_taskflow_api.py for tasks to queue
[2024-04-16T21:31:16.888+0000] {logging_mixin.py:188} INFO - [2024-04-16T21:31:16.888+0000] {dagbag.py:540} INFO - Filling up the DagBag from /home/airflow/.local/lib/python3.10/site-packages/airflow/example_dags/tutorial_taskflow_api.py
[2024-04-16T21:31:16.894+0000] {processor.py:840} INFO - DAG(s) 'tutorial_taskflow_api' retrieved from /home/airflow/.local/lib/python3.10/site-packages/airflow/example_dags/tutorial_taskflow_api.py
[2024-04-16T21:31:16.911+0000] {logging_mixin.py:188} INFO - [2024-04-16T21:31:16.911+0000] {dag.py:3047} INFO - Sync 1 DAGs
[2024-04-16T21:31:16.923+0000] {logging_mixin.py:188} INFO - [2024-04-16T21:31:16.923+0000] {dag.py:3834} INFO - Setting next_dagrun for tutorial_taskflow_api to None, run_after=None
[2024-04-16T21:31:16.940+0000] {processor.py:183} INFO - Processing /home/airflow/.local/lib/python3.10/site-packages/airflow/example_dags/tutorial_taskflow_api.py took 0.058 seconds
[2024-04-16T21:32:13.558+0000] {processor.py:161} INFO - Started process (PID=74) to work on /home/airflow/.local/lib/python3.10/site-packages/airflow/example_dags/tutorial_taskflow_api.py
[2024-04-16T21:32:13.559+0000] {processor.py:830} INFO - Processing file /home/airflow/.local/lib/python3.10/site-packages/airflow/example_dags/tutorial_taskflow_api.py for tasks to queue
[2024-04-16T21:32:13.561+0000] {logging_mixin.py:188} INFO - [2024-04-16T21:32:13.561+0000] {dagbag.py:540} INFO - Filling up the DagBag from /home/airflow/.local/lib/python3.10/site-packages/airflow/example_dags/tutorial_taskflow_api.py
[2024-04-16T21:32:13.568+0000] {processor.py:840} INFO - DAG(s) 'tutorial_taskflow_api' retrieved from /home/airflow/.local/lib/python3.10/site-packages/airflow/example_dags/tutorial_taskflow_api.py
[2024-04-16T21:32:13.577+0000] {logging_mixin.py:188} INFO - [2024-04-16T21:32:13.577+0000] {dag.py:3047} INFO - Sync 1 DAGs
[2024-04-16T21:32:13.590+0000] {logging_mixin.py:188} INFO - [2024-04-16T21:32:13.590+0000] {dag.py:3834} INFO - Setting next_dagrun for tutorial_taskflow_api to None, run_after=None
[2024-04-16T21:32:13.608+0000] {processor.py:183} INFO - Processing /home/airflow/.local/lib/python3.10/site-packages/airflow/example_dags/tutorial_taskflow_api.py took 0.054 seconds
[2024-04-16T21:32:45.587+0000] {processor.py:161} INFO - Started process (PID=131) to work on /home/airflow/.local/lib/python3.10/site-packages/airflow/example_dags/tutorial_taskflow_api.py
[2024-04-16T21:32:45.588+0000] {processor.py:830} INFO - Processing file /home/airflow/.local/lib/python3.10/site-packages/airflow/example_dags/tutorial_taskflow_api.py for tasks to queue
[2024-04-16T21:32:45.590+0000] {logging_mixin.py:188} INFO - [2024-04-16T21:32:45.590+0000] {dagbag.py:540} INFO - Filling up the DagBag from /home/airflow/.local/lib/python3.10/site-packages/airflow/example_dags/tutorial_taskflow_api.py
[2024-04-16T21:32:45.596+0000] {processor.py:840} INFO - DAG(s) 'tutorial_taskflow_api' retrieved from /home/airflow/.local/lib/python3.10/site-packages/airflow/example_dags/tutorial_taskflow_api.py
[2024-04-16T21:32:45.688+0000] {logging_mixin.py:188} INFO - [2024-04-16T21:32:45.688+0000] {dag.py:3047} INFO - Sync 1 DAGs
[2024-04-16T21:32:45.699+0000] {logging_mixin.py:188} INFO - [2024-04-16T21:32:45.698+0000] {dag.py:3834} INFO - Setting next_dagrun for tutorial_taskflow_api to None, run_after=None
[2024-04-16T21:32:45.718+0000] {processor.py:183} INFO - Processing /home/airflow/.local/lib/python3.10/site-packages/airflow/example_dags/tutorial_taskflow_api.py took 0.134 seconds
[2024-04-16T21:33:51.806+0000] {processor.py:161} INFO - Started process (PID=74) to work on /home/airflow/.local/lib/python3.10/site-packages/airflow/example_dags/tutorial_taskflow_api.py
[2024-04-16T21:33:51.807+0000] {processor.py:830} INFO - Processing file /home/airflow/.local/lib/python3.10/site-packages/airflow/example_dags/tutorial_taskflow_api.py for tasks to queue
[2024-04-16T21:33:51.809+0000] {logging_mixin.py:188} INFO - [2024-04-16T21:33:51.809+0000] {dagbag.py:540} INFO - Filling up the DagBag from /home/airflow/.local/lib/python3.10/site-packages/airflow/example_dags/tutorial_taskflow_api.py
[2024-04-16T21:33:51.816+0000] {processor.py:840} INFO - DAG(s) 'tutorial_taskflow_api' retrieved from /home/airflow/.local/lib/python3.10/site-packages/airflow/example_dags/tutorial_taskflow_api.py
[2024-04-16T21:33:51.829+0000] {logging_mixin.py:188} INFO - [2024-04-16T21:33:51.828+0000] {dag.py:3047} INFO - Sync 1 DAGs
[2024-04-16T21:33:51.844+0000] {logging_mixin.py:188} INFO - [2024-04-16T21:33:51.844+0000] {dag.py:3834} INFO - Setting next_dagrun for tutorial_taskflow_api to None, run_after=None
[2024-04-16T21:33:51.864+0000] {processor.py:183} INFO - Processing /home/airflow/.local/lib/python3.10/site-packages/airflow/example_dags/tutorial_taskflow_api.py took 0.062 seconds
[2024-04-16T21:34:23.955+0000] {processor.py:161} INFO - Started process (PID=131) to work on /home/airflow/.local/lib/python3.10/site-packages/airflow/example_dags/tutorial_taskflow_api.py
[2024-04-16T21:34:23.956+0000] {processor.py:830} INFO - Processing file /home/airflow/.local/lib/python3.10/site-packages/airflow/example_dags/tutorial_taskflow_api.py for tasks to queue
[2024-04-16T21:34:23.958+0000] {logging_mixin.py:188} INFO - [2024-04-16T21:34:23.958+0000] {dagbag.py:540} INFO - Filling up the DagBag from /home/airflow/.local/lib/python3.10/site-packages/airflow/example_dags/tutorial_taskflow_api.py
[2024-04-16T21:34:23.965+0000] {processor.py:840} INFO - DAG(s) 'tutorial_taskflow_api' retrieved from /home/airflow/.local/lib/python3.10/site-packages/airflow/example_dags/tutorial_taskflow_api.py
[2024-04-16T21:34:24.067+0000] {logging_mixin.py:188} INFO - [2024-04-16T21:34:24.067+0000] {dag.py:3047} INFO - Sync 1 DAGs
[2024-04-16T21:34:24.077+0000] {logging_mixin.py:188} INFO - [2024-04-16T21:34:24.077+0000] {dag.py:3834} INFO - Setting next_dagrun for tutorial_taskflow_api to None, run_after=None
[2024-04-16T21:34:24.096+0000] {processor.py:183} INFO - Processing /home/airflow/.local/lib/python3.10/site-packages/airflow/example_dags/tutorial_taskflow_api.py took 0.145 seconds
[2024-04-16T21:34:54.378+0000] {processor.py:161} INFO - Started process (PID=188) to work on /home/airflow/.local/lib/python3.10/site-packages/airflow/example_dags/tutorial_taskflow_api.py
[2024-04-16T21:34:54.379+0000] {processor.py:830} INFO - Processing file /home/airflow/.local/lib/python3.10/site-packages/airflow/example_dags/tutorial_taskflow_api.py for tasks to queue
[2024-04-16T21:34:54.382+0000] {logging_mixin.py:188} INFO - [2024-04-16T21:34:54.381+0000] {dagbag.py:540} INFO - Filling up the DagBag from /home/airflow/.local/lib/python3.10/site-packages/airflow/example_dags/tutorial_taskflow_api.py
[2024-04-16T21:34:54.390+0000] {processor.py:840} INFO - DAG(s) 'tutorial_taskflow_api' retrieved from /home/airflow/.local/lib/python3.10/site-packages/airflow/example_dags/tutorial_taskflow_api.py
[2024-04-16T21:34:54.415+0000] {logging_mixin.py:188} INFO - [2024-04-16T21:34:54.415+0000] {dag.py:3047} INFO - Sync 1 DAGs
[2024-04-16T21:34:54.429+0000] {logging_mixin.py:188} INFO - [2024-04-16T21:34:54.428+0000] {dag.py:3834} INFO - Setting next_dagrun for tutorial_taskflow_api to None, run_after=None
[2024-04-16T21:34:54.450+0000] {processor.py:183} INFO - Processing /home/airflow/.local/lib/python3.10/site-packages/airflow/example_dags/tutorial_taskflow_api.py took 0.076 seconds
[2024-04-16T21:35:24.511+0000] {processor.py:161} INFO - Started process (PID=245) to work on /home/airflow/.local/lib/python3.10/site-packages/airflow/example_dags/tutorial_taskflow_api.py
[2024-04-16T21:35:24.512+0000] {processor.py:830} INFO - Processing file /home/airflow/.local/lib/python3.10/site-packages/airflow/example_dags/tutorial_taskflow_api.py for tasks to queue
[2024-04-16T21:35:24.513+0000] {logging_mixin.py:188} INFO - [2024-04-16T21:35:24.513+0000] {dagbag.py:540} INFO - Filling up the DagBag from /home/airflow/.local/lib/python3.10/site-packages/airflow/example_dags/tutorial_taskflow_api.py
[2024-04-16T21:35:24.519+0000] {processor.py:840} INFO - DAG(s) 'tutorial_taskflow_api' retrieved from /home/airflow/.local/lib/python3.10/site-packages/airflow/example_dags/tutorial_taskflow_api.py
[2024-04-16T21:35:24.536+0000] {logging_mixin.py:188} INFO - [2024-04-16T21:35:24.536+0000] {dag.py:3047} INFO - Sync 1 DAGs
[2024-04-16T21:35:24.546+0000] {logging_mixin.py:188} INFO - [2024-04-16T21:35:24.546+0000] {dag.py:3834} INFO - Setting next_dagrun for tutorial_taskflow_api to None, run_after=None
[2024-04-16T21:35:24.565+0000] {processor.py:183} INFO - Processing /home/airflow/.local/lib/python3.10/site-packages/airflow/example_dags/tutorial_taskflow_api.py took 0.057 seconds
[2024-04-16T21:35:55.390+0000] {processor.py:161} INFO - Started process (PID=302) to work on /home/airflow/.local/lib/python3.10/site-packages/airflow/example_dags/tutorial_taskflow_api.py
[2024-04-16T21:35:55.392+0000] {processor.py:830} INFO - Processing file /home/airflow/.local/lib/python3.10/site-packages/airflow/example_dags/tutorial_taskflow_api.py for tasks to queue
[2024-04-16T21:35:55.393+0000] {logging_mixin.py:188} INFO - [2024-04-16T21:35:55.393+0000] {dagbag.py:540} INFO - Filling up the DagBag from /home/airflow/.local/lib/python3.10/site-packages/airflow/example_dags/tutorial_taskflow_api.py
[2024-04-16T21:35:55.399+0000] {processor.py:840} INFO - DAG(s) 'tutorial_taskflow_api' retrieved from /home/airflow/.local/lib/python3.10/site-packages/airflow/example_dags/tutorial_taskflow_api.py
[2024-04-16T21:35:55.418+0000] {logging_mixin.py:188} INFO - [2024-04-16T21:35:55.418+0000] {dag.py:3047} INFO - Sync 1 DAGs
[2024-04-16T21:35:55.430+0000] {logging_mixin.py:188} INFO - [2024-04-16T21:35:55.430+0000] {dag.py:3834} INFO - Setting next_dagrun for tutorial_taskflow_api to None, run_after=None
[2024-04-16T21:35:55.448+0000] {processor.py:183} INFO - Processing /home/airflow/.local/lib/python3.10/site-packages/airflow/example_dags/tutorial_taskflow_api.py took 0.060 seconds
[2024-04-16T21:36:25.931+0000] {processor.py:161} INFO - Started process (PID=359) to work on /home/airflow/.local/lib/python3.10/site-packages/airflow/example_dags/tutorial_taskflow_api.py
[2024-04-16T21:36:25.932+0000] {processor.py:830} INFO - Processing file /home/airflow/.local/lib/python3.10/site-packages/airflow/example_dags/tutorial_taskflow_api.py for tasks to queue
[2024-04-16T21:36:25.934+0000] {logging_mixin.py:188} INFO - [2024-04-16T21:36:25.934+0000] {dagbag.py:540} INFO - Filling up the DagBag from /home/airflow/.local/lib/python3.10/site-packages/airflow/example_dags/tutorial_taskflow_api.py
[2024-04-16T21:36:25.940+0000] {processor.py:840} INFO - DAG(s) 'tutorial_taskflow_api' retrieved from /home/airflow/.local/lib/python3.10/site-packages/airflow/example_dags/tutorial_taskflow_api.py
[2024-04-16T21:36:25.959+0000] {logging_mixin.py:188} INFO - [2024-04-16T21:36:25.959+0000] {dag.py:3047} INFO - Sync 1 DAGs
[2024-04-16T21:36:25.971+0000] {logging_mixin.py:188} INFO - [2024-04-16T21:36:25.971+0000] {dag.py:3834} INFO - Setting next_dagrun for tutorial_taskflow_api to None, run_after=None
[2024-04-16T21:36:25.988+0000] {processor.py:183} INFO - Processing /home/airflow/.local/lib/python3.10/site-packages/airflow/example_dags/tutorial_taskflow_api.py took 0.060 seconds
[2024-04-16T21:36:56.573+0000] {processor.py:161} INFO - Started process (PID=416) to work on /home/airflow/.local/lib/python3.10/site-packages/airflow/example_dags/tutorial_taskflow_api.py
[2024-04-16T21:36:56.574+0000] {processor.py:830} INFO - Processing file /home/airflow/.local/lib/python3.10/site-packages/airflow/example_dags/tutorial_taskflow_api.py for tasks to queue
[2024-04-16T21:36:56.576+0000] {logging_mixin.py:188} INFO - [2024-04-16T21:36:56.576+0000] {dagbag.py:540} INFO - Filling up the DagBag from /home/airflow/.local/lib/python3.10/site-packages/airflow/example_dags/tutorial_taskflow_api.py
[2024-04-16T21:36:56.582+0000] {processor.py:840} INFO - DAG(s) 'tutorial_taskflow_api' retrieved from /home/airflow/.local/lib/python3.10/site-packages/airflow/example_dags/tutorial_taskflow_api.py
[2024-04-16T21:36:56.603+0000] {logging_mixin.py:188} INFO - [2024-04-16T21:36:56.603+0000] {dag.py:3047} INFO - Sync 1 DAGs
[2024-04-16T21:36:56.614+0000] {logging_mixin.py:188} INFO - [2024-04-16T21:36:56.614+0000] {dag.py:3834} INFO - Setting next_dagrun for tutorial_taskflow_api to None, run_after=None
[2024-04-16T21:36:56.633+0000] {processor.py:183} INFO - Processing /home/airflow/.local/lib/python3.10/site-packages/airflow/example_dags/tutorial_taskflow_api.py took 0.063 seconds
[2024-04-16T21:37:27.109+0000] {processor.py:161} INFO - Started process (PID=473) to work on /home/airflow/.local/lib/python3.10/site-packages/airflow/example_dags/tutorial_taskflow_api.py
[2024-04-16T21:37:27.110+0000] {processor.py:830} INFO - Processing file /home/airflow/.local/lib/python3.10/site-packages/airflow/example_dags/tutorial_taskflow_api.py for tasks to queue
[2024-04-16T21:37:27.112+0000] {logging_mixin.py:188} INFO - [2024-04-16T21:37:27.111+0000] {dagbag.py:540} INFO - Filling up the DagBag from /home/airflow/.local/lib/python3.10/site-packages/airflow/example_dags/tutorial_taskflow_api.py
[2024-04-16T21:37:27.118+0000] {processor.py:840} INFO - DAG(s) 'tutorial_taskflow_api' retrieved from /home/airflow/.local/lib/python3.10/site-packages/airflow/example_dags/tutorial_taskflow_api.py
[2024-04-16T21:37:27.137+0000] {logging_mixin.py:188} INFO - [2024-04-16T21:37:27.136+0000] {dag.py:3047} INFO - Sync 1 DAGs
[2024-04-16T21:37:27.148+0000] {logging_mixin.py:188} INFO - [2024-04-16T21:37:27.147+0000] {dag.py:3834} INFO - Setting next_dagrun for tutorial_taskflow_api to None, run_after=None
[2024-04-16T21:37:27.165+0000] {processor.py:183} INFO - Processing /home/airflow/.local/lib/python3.10/site-packages/airflow/example_dags/tutorial_taskflow_api.py took 0.059 seconds
[2024-04-16T21:37:57.770+0000] {processor.py:161} INFO - Started process (PID=530) to work on /home/airflow/.local/lib/python3.10/site-packages/airflow/example_dags/tutorial_taskflow_api.py
[2024-04-16T21:37:57.771+0000] {processor.py:830} INFO - Processing file /home/airflow/.local/lib/python3.10/site-packages/airflow/example_dags/tutorial_taskflow_api.py for tasks to queue
[2024-04-16T21:37:57.772+0000] {logging_mixin.py:188} INFO - [2024-04-16T21:37:57.772+0000] {dagbag.py:540} INFO - Filling up the DagBag from /home/airflow/.local/lib/python3.10/site-packages/airflow/example_dags/tutorial_taskflow_api.py
[2024-04-16T21:37:57.779+0000] {processor.py:840} INFO - DAG(s) 'tutorial_taskflow_api' retrieved from /home/airflow/.local/lib/python3.10/site-packages/airflow/example_dags/tutorial_taskflow_api.py
[2024-04-16T21:37:57.798+0000] {logging_mixin.py:188} INFO - [2024-04-16T21:37:57.798+0000] {dag.py:3047} INFO - Sync 1 DAGs
[2024-04-16T21:37:57.810+0000] {logging_mixin.py:188} INFO - [2024-04-16T21:37:57.810+0000] {dag.py:3834} INFO - Setting next_dagrun for tutorial_taskflow_api to None, run_after=None
[2024-04-16T21:37:57.827+0000] {processor.py:183} INFO - Processing /home/airflow/.local/lib/python3.10/site-packages/airflow/example_dags/tutorial_taskflow_api.py took 0.060 seconds
[2024-04-16T21:38:28.401+0000] {processor.py:161} INFO - Started process (PID=587) to work on /home/airflow/.local/lib/python3.10/site-packages/airflow/example_dags/tutorial_taskflow_api.py
[2024-04-16T21:38:28.402+0000] {processor.py:830} INFO - Processing file /home/airflow/.local/lib/python3.10/site-packages/airflow/example_dags/tutorial_taskflow_api.py for tasks to queue
[2024-04-16T21:38:28.404+0000] {logging_mixin.py:188} INFO - [2024-04-16T21:38:28.403+0000] {dagbag.py:540} INFO - Filling up the DagBag from /home/airflow/.local/lib/python3.10/site-packages/airflow/example_dags/tutorial_taskflow_api.py
[2024-04-16T21:38:28.410+0000] {processor.py:840} INFO - DAG(s) 'tutorial_taskflow_api' retrieved from /home/airflow/.local/lib/python3.10/site-packages/airflow/example_dags/tutorial_taskflow_api.py
[2024-04-16T21:38:28.428+0000] {logging_mixin.py:188} INFO - [2024-04-16T21:38:28.428+0000] {dag.py:3047} INFO - Sync 1 DAGs
[2024-04-16T21:38:28.440+0000] {logging_mixin.py:188} INFO - [2024-04-16T21:38:28.440+0000] {dag.py:3834} INFO - Setting next_dagrun for tutorial_taskflow_api to None, run_after=None
[2024-04-16T21:38:28.458+0000] {processor.py:183} INFO - Processing /home/airflow/.local/lib/python3.10/site-packages/airflow/example_dags/tutorial_taskflow_api.py took 0.061 seconds
[2024-04-16T21:38:59.052+0000] {processor.py:161} INFO - Started process (PID=644) to work on /home/airflow/.local/lib/python3.10/site-packages/airflow/example_dags/tutorial_taskflow_api.py
[2024-04-16T21:38:59.053+0000] {processor.py:830} INFO - Processing file /home/airflow/.local/lib/python3.10/site-packages/airflow/example_dags/tutorial_taskflow_api.py for tasks to queue
[2024-04-16T21:38:59.055+0000] {logging_mixin.py:188} INFO - [2024-04-16T21:38:59.054+0000] {dagbag.py:540} INFO - Filling up the DagBag from /home/airflow/.local/lib/python3.10/site-packages/airflow/example_dags/tutorial_taskflow_api.py
[2024-04-16T21:38:59.061+0000] {processor.py:840} INFO - DAG(s) 'tutorial_taskflow_api' retrieved from /home/airflow/.local/lib/python3.10/site-packages/airflow/example_dags/tutorial_taskflow_api.py
[2024-04-16T21:38:59.078+0000] {logging_mixin.py:188} INFO - [2024-04-16T21:38:59.078+0000] {dag.py:3047} INFO - Sync 1 DAGs
[2024-04-16T21:38:59.090+0000] {logging_mixin.py:188} INFO - [2024-04-16T21:38:59.089+0000] {dag.py:3834} INFO - Setting next_dagrun for tutorial_taskflow_api to None, run_after=None
[2024-04-16T21:38:59.108+0000] {processor.py:183} INFO - Processing /home/airflow/.local/lib/python3.10/site-packages/airflow/example_dags/tutorial_taskflow_api.py took 0.059 seconds
[2024-04-16T21:39:29.770+0000] {processor.py:161} INFO - Started process (PID=701) to work on /home/airflow/.local/lib/python3.10/site-packages/airflow/example_dags/tutorial_taskflow_api.py
[2024-04-16T21:39:29.771+0000] {processor.py:830} INFO - Processing file /home/airflow/.local/lib/python3.10/site-packages/airflow/example_dags/tutorial_taskflow_api.py for tasks to queue
[2024-04-16T21:39:29.772+0000] {logging_mixin.py:188} INFO - [2024-04-16T21:39:29.772+0000] {dagbag.py:540} INFO - Filling up the DagBag from /home/airflow/.local/lib/python3.10/site-packages/airflow/example_dags/tutorial_taskflow_api.py
[2024-04-16T21:39:29.779+0000] {processor.py:840} INFO - DAG(s) 'tutorial_taskflow_api' retrieved from /home/airflow/.local/lib/python3.10/site-packages/airflow/example_dags/tutorial_taskflow_api.py
[2024-04-16T21:39:29.798+0000] {logging_mixin.py:188} INFO - [2024-04-16T21:39:29.797+0000] {dag.py:3047} INFO - Sync 1 DAGs
[2024-04-16T21:39:29.809+0000] {logging_mixin.py:188} INFO - [2024-04-16T21:39:29.809+0000] {dag.py:3834} INFO - Setting next_dagrun for tutorial_taskflow_api to None, run_after=None
[2024-04-16T21:39:29.827+0000] {processor.py:183} INFO - Processing /home/airflow/.local/lib/python3.10/site-packages/airflow/example_dags/tutorial_taskflow_api.py took 0.061 seconds
[2024-04-16T21:40:00.423+0000] {processor.py:161} INFO - Started process (PID=758) to work on /home/airflow/.local/lib/python3.10/site-packages/airflow/example_dags/tutorial_taskflow_api.py
[2024-04-16T21:40:00.424+0000] {processor.py:830} INFO - Processing file /home/airflow/.local/lib/python3.10/site-packages/airflow/example_dags/tutorial_taskflow_api.py for tasks to queue
[2024-04-16T21:40:00.427+0000] {logging_mixin.py:188} INFO - [2024-04-16T21:40:00.426+0000] {dagbag.py:540} INFO - Filling up the DagBag from /home/airflow/.local/lib/python3.10/site-packages/airflow/example_dags/tutorial_taskflow_api.py
[2024-04-16T21:40:00.434+0000] {processor.py:840} INFO - DAG(s) 'tutorial_taskflow_api' retrieved from /home/airflow/.local/lib/python3.10/site-packages/airflow/example_dags/tutorial_taskflow_api.py
[2024-04-16T21:40:00.453+0000] {logging_mixin.py:188} INFO - [2024-04-16T21:40:00.452+0000] {dag.py:3047} INFO - Sync 1 DAGs
[2024-04-16T21:40:00.464+0000] {logging_mixin.py:188} INFO - [2024-04-16T21:40:00.464+0000] {dag.py:3834} INFO - Setting next_dagrun for tutorial_taskflow_api to None, run_after=None
[2024-04-16T21:40:00.483+0000] {processor.py:183} INFO - Processing /home/airflow/.local/lib/python3.10/site-packages/airflow/example_dags/tutorial_taskflow_api.py took 0.063 seconds
[2024-04-16T21:40:31.018+0000] {processor.py:161} INFO - Started process (PID=815) to work on /home/airflow/.local/lib/python3.10/site-packages/airflow/example_dags/tutorial_taskflow_api.py
[2024-04-16T21:40:31.020+0000] {processor.py:830} INFO - Processing file /home/airflow/.local/lib/python3.10/site-packages/airflow/example_dags/tutorial_taskflow_api.py for tasks to queue
[2024-04-16T21:40:31.021+0000] {logging_mixin.py:188} INFO - [2024-04-16T21:40:31.021+0000] {dagbag.py:540} INFO - Filling up the DagBag from /home/airflow/.local/lib/python3.10/site-packages/airflow/example_dags/tutorial_taskflow_api.py
[2024-04-16T21:40:31.028+0000] {processor.py:840} INFO - DAG(s) 'tutorial_taskflow_api' retrieved from /home/airflow/.local/lib/python3.10/site-packages/airflow/example_dags/tutorial_taskflow_api.py
[2024-04-16T21:40:31.047+0000] {logging_mixin.py:188} INFO - [2024-04-16T21:40:31.046+0000] {dag.py:3047} INFO - Sync 1 DAGs
[2024-04-16T21:40:31.058+0000] {logging_mixin.py:188} INFO - [2024-04-16T21:40:31.058+0000] {dag.py:3834} INFO - Setting next_dagrun for tutorial_taskflow_api to None, run_after=None
[2024-04-16T21:40:31.075+0000] {processor.py:183} INFO - Processing /home/airflow/.local/lib/python3.10/site-packages/airflow/example_dags/tutorial_taskflow_api.py took 0.060 seconds
[2024-04-16T21:41:01.478+0000] {processor.py:161} INFO - Started process (PID=872) to work on /home/airflow/.local/lib/python3.10/site-packages/airflow/example_dags/tutorial_taskflow_api.py
[2024-04-16T21:41:01.479+0000] {processor.py:830} INFO - Processing file /home/airflow/.local/lib/python3.10/site-packages/airflow/example_dags/tutorial_taskflow_api.py for tasks to queue
[2024-04-16T21:41:01.481+0000] {logging_mixin.py:188} INFO - [2024-04-16T21:41:01.481+0000] {dagbag.py:540} INFO - Filling up the DagBag from /home/airflow/.local/lib/python3.10/site-packages/airflow/example_dags/tutorial_taskflow_api.py
[2024-04-16T21:41:01.487+0000] {processor.py:840} INFO - DAG(s) 'tutorial_taskflow_api' retrieved from /home/airflow/.local/lib/python3.10/site-packages/airflow/example_dags/tutorial_taskflow_api.py
[2024-04-16T21:41:01.507+0000] {logging_mixin.py:188} INFO - [2024-04-16T21:41:01.507+0000] {dag.py:3047} INFO - Sync 1 DAGs
[2024-04-16T21:41:01.519+0000] {logging_mixin.py:188} INFO - [2024-04-16T21:41:01.519+0000] {dag.py:3834} INFO - Setting next_dagrun for tutorial_taskflow_api to None, run_after=None
[2024-04-16T21:41:01.536+0000] {processor.py:183} INFO - Processing /home/airflow/.local/lib/python3.10/site-packages/airflow/example_dags/tutorial_taskflow_api.py took 0.061 seconds
[2024-04-16T21:41:32.013+0000] {processor.py:161} INFO - Started process (PID=929) to work on /home/airflow/.local/lib/python3.10/site-packages/airflow/example_dags/tutorial_taskflow_api.py
[2024-04-16T21:41:32.014+0000] {processor.py:830} INFO - Processing file /home/airflow/.local/lib/python3.10/site-packages/airflow/example_dags/tutorial_taskflow_api.py for tasks to queue
[2024-04-16T21:41:32.016+0000] {logging_mixin.py:188} INFO - [2024-04-16T21:41:32.016+0000] {dagbag.py:540} INFO - Filling up the DagBag from /home/airflow/.local/lib/python3.10/site-packages/airflow/example_dags/tutorial_taskflow_api.py
[2024-04-16T21:41:32.022+0000] {processor.py:840} INFO - DAG(s) 'tutorial_taskflow_api' retrieved from /home/airflow/.local/lib/python3.10/site-packages/airflow/example_dags/tutorial_taskflow_api.py
[2024-04-16T21:41:32.040+0000] {logging_mixin.py:188} INFO - [2024-04-16T21:41:32.040+0000] {dag.py:3047} INFO - Sync 1 DAGs
[2024-04-16T21:41:32.051+0000] {logging_mixin.py:188} INFO - [2024-04-16T21:41:32.051+0000] {dag.py:3834} INFO - Setting next_dagrun for tutorial_taskflow_api to None, run_after=None
[2024-04-16T21:41:32.068+0000] {processor.py:183} INFO - Processing /home/airflow/.local/lib/python3.10/site-packages/airflow/example_dags/tutorial_taskflow_api.py took 0.058 seconds
[2024-04-16T21:42:02.439+0000] {processor.py:161} INFO - Started process (PID=986) to work on /home/airflow/.local/lib/python3.10/site-packages/airflow/example_dags/tutorial_taskflow_api.py
[2024-04-16T21:42:02.440+0000] {processor.py:830} INFO - Processing file /home/airflow/.local/lib/python3.10/site-packages/airflow/example_dags/tutorial_taskflow_api.py for tasks to queue
[2024-04-16T21:42:02.442+0000] {logging_mixin.py:188} INFO - [2024-04-16T21:42:02.441+0000] {dagbag.py:540} INFO - Filling up the DagBag from /home/airflow/.local/lib/python3.10/site-packages/airflow/example_dags/tutorial_taskflow_api.py
[2024-04-16T21:42:02.447+0000] {processor.py:840} INFO - DAG(s) 'tutorial_taskflow_api' retrieved from /home/airflow/.local/lib/python3.10/site-packages/airflow/example_dags/tutorial_taskflow_api.py
[2024-04-16T21:42:02.464+0000] {logging_mixin.py:188} INFO - [2024-04-16T21:42:02.464+0000] {dag.py:3047} INFO - Sync 1 DAGs
[2024-04-16T21:42:02.475+0000] {logging_mixin.py:188} INFO - [2024-04-16T21:42:02.475+0000] {dag.py:3834} INFO - Setting next_dagrun for tutorial_taskflow_api to None, run_after=None
[2024-04-16T21:42:02.492+0000] {processor.py:183} INFO - Processing /home/airflow/.local/lib/python3.10/site-packages/airflow/example_dags/tutorial_taskflow_api.py took 0.056 seconds
[2024-04-16T21:42:32.963+0000] {processor.py:161} INFO - Started process (PID=1043) to work on /home/airflow/.local/lib/python3.10/site-packages/airflow/example_dags/tutorial_taskflow_api.py
[2024-04-16T21:42:32.964+0000] {processor.py:830} INFO - Processing file /home/airflow/.local/lib/python3.10/site-packages/airflow/example_dags/tutorial_taskflow_api.py for tasks to queue
[2024-04-16T21:42:32.966+0000] {logging_mixin.py:188} INFO - [2024-04-16T21:42:32.966+0000] {dagbag.py:540} INFO - Filling up the DagBag from /home/airflow/.local/lib/python3.10/site-packages/airflow/example_dags/tutorial_taskflow_api.py
[2024-04-16T21:42:32.973+0000] {processor.py:840} INFO - DAG(s) 'tutorial_taskflow_api' retrieved from /home/airflow/.local/lib/python3.10/site-packages/airflow/example_dags/tutorial_taskflow_api.py
[2024-04-16T21:42:32.990+0000] {logging_mixin.py:188} INFO - [2024-04-16T21:42:32.990+0000] {dag.py:3047} INFO - Sync 1 DAGs
[2024-04-16T21:42:33.002+0000] {logging_mixin.py:188} INFO - [2024-04-16T21:42:33.002+0000] {dag.py:3834} INFO - Setting next_dagrun for tutorial_taskflow_api to None, run_after=None
[2024-04-16T21:42:33.019+0000] {processor.py:183} INFO - Processing /home/airflow/.local/lib/python3.10/site-packages/airflow/example_dags/tutorial_taskflow_api.py took 0.060 seconds
[2024-04-16T21:43:03.523+0000] {processor.py:161} INFO - Started process (PID=1100) to work on /home/airflow/.local/lib/python3.10/site-packages/airflow/example_dags/tutorial_taskflow_api.py
[2024-04-16T21:43:03.524+0000] {processor.py:830} INFO - Processing file /home/airflow/.local/lib/python3.10/site-packages/airflow/example_dags/tutorial_taskflow_api.py for tasks to queue
[2024-04-16T21:43:03.526+0000] {logging_mixin.py:188} INFO - [2024-04-16T21:43:03.526+0000] {dagbag.py:540} INFO - Filling up the DagBag from /home/airflow/.local/lib/python3.10/site-packages/airflow/example_dags/tutorial_taskflow_api.py
[2024-04-16T21:43:03.532+0000] {processor.py:840} INFO - DAG(s) 'tutorial_taskflow_api' retrieved from /home/airflow/.local/lib/python3.10/site-packages/airflow/example_dags/tutorial_taskflow_api.py
[2024-04-16T21:43:03.550+0000] {logging_mixin.py:188} INFO - [2024-04-16T21:43:03.550+0000] {dag.py:3047} INFO - Sync 1 DAGs
[2024-04-16T21:43:03.564+0000] {logging_mixin.py:188} INFO - [2024-04-16T21:43:03.563+0000] {dag.py:3834} INFO - Setting next_dagrun for tutorial_taskflow_api to None, run_after=None
[2024-04-16T21:43:03.582+0000] {processor.py:183} INFO - Processing /home/airflow/.local/lib/python3.10/site-packages/airflow/example_dags/tutorial_taskflow_api.py took 0.062 seconds
[2024-04-16T21:43:34.107+0000] {processor.py:161} INFO - Started process (PID=1157) to work on /home/airflow/.local/lib/python3.10/site-packages/airflow/example_dags/tutorial_taskflow_api.py
[2024-04-16T21:43:34.109+0000] {processor.py:830} INFO - Processing file /home/airflow/.local/lib/python3.10/site-packages/airflow/example_dags/tutorial_taskflow_api.py for tasks to queue
[2024-04-16T21:43:34.111+0000] {logging_mixin.py:188} INFO - [2024-04-16T21:43:34.110+0000] {dagbag.py:540} INFO - Filling up the DagBag from /home/airflow/.local/lib/python3.10/site-packages/airflow/example_dags/tutorial_taskflow_api.py
[2024-04-16T21:43:34.117+0000] {processor.py:840} INFO - DAG(s) 'tutorial_taskflow_api' retrieved from /home/airflow/.local/lib/python3.10/site-packages/airflow/example_dags/tutorial_taskflow_api.py
[2024-04-16T21:43:34.136+0000] {logging_mixin.py:188} INFO - [2024-04-16T21:43:34.135+0000] {dag.py:3047} INFO - Sync 1 DAGs
[2024-04-16T21:43:34.147+0000] {logging_mixin.py:188} INFO - [2024-04-16T21:43:34.147+0000] {dag.py:3834} INFO - Setting next_dagrun for tutorial_taskflow_api to None, run_after=None
[2024-04-16T21:43:34.166+0000] {processor.py:183} INFO - Processing /home/airflow/.local/lib/python3.10/site-packages/airflow/example_dags/tutorial_taskflow_api.py took 0.062 seconds
[2024-04-16T21:44:04.646+0000] {processor.py:161} INFO - Started process (PID=1214) to work on /home/airflow/.local/lib/python3.10/site-packages/airflow/example_dags/tutorial_taskflow_api.py
[2024-04-16T21:44:04.647+0000] {processor.py:830} INFO - Processing file /home/airflow/.local/lib/python3.10/site-packages/airflow/example_dags/tutorial_taskflow_api.py for tasks to queue
[2024-04-16T21:44:04.649+0000] {logging_mixin.py:188} INFO - [2024-04-16T21:44:04.648+0000] {dagbag.py:540} INFO - Filling up the DagBag from /home/airflow/.local/lib/python3.10/site-packages/airflow/example_dags/tutorial_taskflow_api.py
[2024-04-16T21:44:04.655+0000] {processor.py:840} INFO - DAG(s) 'tutorial_taskflow_api' retrieved from /home/airflow/.local/lib/python3.10/site-packages/airflow/example_dags/tutorial_taskflow_api.py
[2024-04-16T21:44:04.674+0000] {logging_mixin.py:188} INFO - [2024-04-16T21:44:04.673+0000] {dag.py:3047} INFO - Sync 1 DAGs
[2024-04-16T21:44:04.685+0000] {logging_mixin.py:188} INFO - [2024-04-16T21:44:04.684+0000] {dag.py:3834} INFO - Setting next_dagrun for tutorial_taskflow_api to None, run_after=None
[2024-04-16T21:44:04.702+0000] {processor.py:183} INFO - Processing /home/airflow/.local/lib/python3.10/site-packages/airflow/example_dags/tutorial_taskflow_api.py took 0.059 seconds
[2024-04-16T21:44:35.205+0000] {processor.py:161} INFO - Started process (PID=1271) to work on /home/airflow/.local/lib/python3.10/site-packages/airflow/example_dags/tutorial_taskflow_api.py
[2024-04-16T21:44:35.206+0000] {processor.py:830} INFO - Processing file /home/airflow/.local/lib/python3.10/site-packages/airflow/example_dags/tutorial_taskflow_api.py for tasks to queue
[2024-04-16T21:44:35.208+0000] {logging_mixin.py:188} INFO - [2024-04-16T21:44:35.207+0000] {dagbag.py:540} INFO - Filling up the DagBag from /home/airflow/.local/lib/python3.10/site-packages/airflow/example_dags/tutorial_taskflow_api.py
[2024-04-16T21:44:35.214+0000] {processor.py:840} INFO - DAG(s) 'tutorial_taskflow_api' retrieved from /home/airflow/.local/lib/python3.10/site-packages/airflow/example_dags/tutorial_taskflow_api.py
[2024-04-16T21:44:35.232+0000] {logging_mixin.py:188} INFO - [2024-04-16T21:44:35.231+0000] {dag.py:3047} INFO - Sync 1 DAGs
[2024-04-16T21:44:35.243+0000] {logging_mixin.py:188} INFO - [2024-04-16T21:44:35.243+0000] {dag.py:3834} INFO - Setting next_dagrun for tutorial_taskflow_api to None, run_after=None
[2024-04-16T21:44:35.260+0000] {processor.py:183} INFO - Processing /home/airflow/.local/lib/python3.10/site-packages/airflow/example_dags/tutorial_taskflow_api.py took 0.058 seconds
[2024-04-16T21:45:05.853+0000] {processor.py:161} INFO - Started process (PID=1328) to work on /home/airflow/.local/lib/python3.10/site-packages/airflow/example_dags/tutorial_taskflow_api.py
[2024-04-16T21:45:05.854+0000] {processor.py:830} INFO - Processing file /home/airflow/.local/lib/python3.10/site-packages/airflow/example_dags/tutorial_taskflow_api.py for tasks to queue
[2024-04-16T21:45:05.856+0000] {logging_mixin.py:188} INFO - [2024-04-16T21:45:05.856+0000] {dagbag.py:540} INFO - Filling up the DagBag from /home/airflow/.local/lib/python3.10/site-packages/airflow/example_dags/tutorial_taskflow_api.py
[2024-04-16T21:45:05.862+0000] {processor.py:840} INFO - DAG(s) 'tutorial_taskflow_api' retrieved from /home/airflow/.local/lib/python3.10/site-packages/airflow/example_dags/tutorial_taskflow_api.py
[2024-04-16T21:45:05.879+0000] {logging_mixin.py:188} INFO - [2024-04-16T21:45:05.879+0000] {dag.py:3047} INFO - Sync 1 DAGs
[2024-04-16T21:45:05.891+0000] {logging_mixin.py:188} INFO - [2024-04-16T21:45:05.891+0000] {dag.py:3834} INFO - Setting next_dagrun for tutorial_taskflow_api to None, run_after=None
[2024-04-16T21:45:05.909+0000] {processor.py:183} INFO - Processing /home/airflow/.local/lib/python3.10/site-packages/airflow/example_dags/tutorial_taskflow_api.py took 0.060 seconds
[2024-04-16T21:45:36.403+0000] {processor.py:161} INFO - Started process (PID=1385) to work on /home/airflow/.local/lib/python3.10/site-packages/airflow/example_dags/tutorial_taskflow_api.py
[2024-04-16T21:45:36.404+0000] {processor.py:830} INFO - Processing file /home/airflow/.local/lib/python3.10/site-packages/airflow/example_dags/tutorial_taskflow_api.py for tasks to queue
[2024-04-16T21:45:36.405+0000] {logging_mixin.py:188} INFO - [2024-04-16T21:45:36.405+0000] {dagbag.py:540} INFO - Filling up the DagBag from /home/airflow/.local/lib/python3.10/site-packages/airflow/example_dags/tutorial_taskflow_api.py
[2024-04-16T21:45:36.411+0000] {processor.py:840} INFO - DAG(s) 'tutorial_taskflow_api' retrieved from /home/airflow/.local/lib/python3.10/site-packages/airflow/example_dags/tutorial_taskflow_api.py
[2024-04-16T21:45:36.430+0000] {logging_mixin.py:188} INFO - [2024-04-16T21:45:36.430+0000] {dag.py:3047} INFO - Sync 1 DAGs
[2024-04-16T21:45:36.442+0000] {logging_mixin.py:188} INFO - [2024-04-16T21:45:36.442+0000] {dag.py:3834} INFO - Setting next_dagrun for tutorial_taskflow_api to None, run_after=None
[2024-04-16T21:45:36.461+0000] {processor.py:183} INFO - Processing /home/airflow/.local/lib/python3.10/site-packages/airflow/example_dags/tutorial_taskflow_api.py took 0.062 seconds
