[2024-04-16T21:29:11.028+0000] {processor.py:161} INFO - Started process (PID=44) to work on /home/airflow/.local/lib/python3.10/site-packages/airflow/example_dags/tutorial.py
[2024-04-16T21:29:11.029+0000] {processor.py:830} INFO - Processing file /home/airflow/.local/lib/python3.10/site-packages/airflow/example_dags/tutorial.py for tasks to queue
[2024-04-16T21:29:11.032+0000] {logging_mixin.py:188} INFO - [2024-04-16T21:29:11.031+0000] {dagbag.py:540} INFO - Filling up the DagBag from /home/airflow/.local/lib/python3.10/site-packages/airflow/example_dags/tutorial.py
[2024-04-16T21:29:11.038+0000] {processor.py:840} INFO - DAG(s) 'tutorial' retrieved from /home/airflow/.local/lib/python3.10/site-packages/airflow/example_dags/tutorial.py
[2024-04-16T21:29:11.049+0000] {logging_mixin.py:188} INFO - [2024-04-16T21:29:11.049+0000] {dag.py:3047} INFO - Sync 1 DAGs
[2024-04-16T21:29:11.069+0000] {logging_mixin.py:188} INFO - [2024-04-16T21:29:11.068+0000] {dag.py:3834} INFO - Setting next_dagrun for tutorial to 2024-04-15 00:00:00+00:00, run_after=2024-04-16 00:00:00+00:00
[2024-04-16T21:29:11.085+0000] {processor.py:183} INFO - Processing /home/airflow/.local/lib/python3.10/site-packages/airflow/example_dags/tutorial.py took 0.061 seconds
[2024-04-16T21:29:41.876+0000] {processor.py:161} INFO - Started process (PID=99) to work on /home/airflow/.local/lib/python3.10/site-packages/airflow/example_dags/tutorial.py
[2024-04-16T21:29:41.877+0000] {processor.py:830} INFO - Processing file /home/airflow/.local/lib/python3.10/site-packages/airflow/example_dags/tutorial.py for tasks to queue
[2024-04-16T21:29:41.879+0000] {logging_mixin.py:188} INFO - [2024-04-16T21:29:41.878+0000] {dagbag.py:540} INFO - Filling up the DagBag from /home/airflow/.local/lib/python3.10/site-packages/airflow/example_dags/tutorial.py
[2024-04-16T21:29:41.884+0000] {processor.py:840} INFO - DAG(s) 'tutorial' retrieved from /home/airflow/.local/lib/python3.10/site-packages/airflow/example_dags/tutorial.py
[2024-04-16T21:29:41.968+0000] {logging_mixin.py:188} INFO - [2024-04-16T21:29:41.967+0000] {dag.py:3047} INFO - Sync 1 DAGs
[2024-04-16T21:29:41.988+0000] {logging_mixin.py:188} INFO - [2024-04-16T21:29:41.987+0000] {dag.py:3834} INFO - Setting next_dagrun for tutorial to 2024-04-15 00:00:00+00:00, run_after=2024-04-16 00:00:00+00:00
[2024-04-16T21:29:42.005+0000] {processor.py:183} INFO - Processing /home/airflow/.local/lib/python3.10/site-packages/airflow/example_dags/tutorial.py took 0.133 seconds
[2024-04-16T21:30:12.078+0000] {processor.py:161} INFO - Started process (PID=154) to work on /home/airflow/.local/lib/python3.10/site-packages/airflow/example_dags/tutorial.py
[2024-04-16T21:30:12.079+0000] {processor.py:830} INFO - Processing file /home/airflow/.local/lib/python3.10/site-packages/airflow/example_dags/tutorial.py for tasks to queue
[2024-04-16T21:30:12.081+0000] {logging_mixin.py:188} INFO - [2024-04-16T21:30:12.080+0000] {dagbag.py:540} INFO - Filling up the DagBag from /home/airflow/.local/lib/python3.10/site-packages/airflow/example_dags/tutorial.py
[2024-04-16T21:30:12.086+0000] {processor.py:840} INFO - DAG(s) 'tutorial' retrieved from /home/airflow/.local/lib/python3.10/site-packages/airflow/example_dags/tutorial.py
[2024-04-16T21:30:12.108+0000] {logging_mixin.py:188} INFO - [2024-04-16T21:30:12.108+0000] {dag.py:3047} INFO - Sync 1 DAGs
[2024-04-16T21:30:12.133+0000] {logging_mixin.py:188} INFO - [2024-04-16T21:30:12.133+0000] {dag.py:3834} INFO - Setting next_dagrun for tutorial to 2024-04-15 00:00:00+00:00, run_after=2024-04-16 00:00:00+00:00
[2024-04-16T21:30:12.151+0000] {processor.py:183} INFO - Processing /home/airflow/.local/lib/python3.10/site-packages/airflow/example_dags/tutorial.py took 0.076 seconds
[2024-04-16T21:30:42.506+0000] {processor.py:161} INFO - Started process (PID=209) to work on /home/airflow/.local/lib/python3.10/site-packages/airflow/example_dags/tutorial.py
[2024-04-16T21:30:42.507+0000] {processor.py:830} INFO - Processing file /home/airflow/.local/lib/python3.10/site-packages/airflow/example_dags/tutorial.py for tasks to queue
[2024-04-16T21:30:42.509+0000] {logging_mixin.py:188} INFO - [2024-04-16T21:30:42.509+0000] {dagbag.py:540} INFO - Filling up the DagBag from /home/airflow/.local/lib/python3.10/site-packages/airflow/example_dags/tutorial.py
[2024-04-16T21:30:42.516+0000] {processor.py:840} INFO - DAG(s) 'tutorial' retrieved from /home/airflow/.local/lib/python3.10/site-packages/airflow/example_dags/tutorial.py
[2024-04-16T21:30:42.536+0000] {logging_mixin.py:188} INFO - [2024-04-16T21:30:42.536+0000] {dag.py:3047} INFO - Sync 1 DAGs
[2024-04-16T21:30:42.557+0000] {logging_mixin.py:188} INFO - [2024-04-16T21:30:42.557+0000] {dag.py:3834} INFO - Setting next_dagrun for tutorial to 2024-04-15 00:00:00+00:00, run_after=2024-04-16 00:00:00+00:00
[2024-04-16T21:30:42.575+0000] {processor.py:183} INFO - Processing /home/airflow/.local/lib/python3.10/site-packages/airflow/example_dags/tutorial.py took 0.072 seconds
[2024-04-16T21:31:13.270+0000] {processor.py:161} INFO - Started process (PID=264) to work on /home/airflow/.local/lib/python3.10/site-packages/airflow/example_dags/tutorial.py
[2024-04-16T21:31:13.271+0000] {processor.py:830} INFO - Processing file /home/airflow/.local/lib/python3.10/site-packages/airflow/example_dags/tutorial.py for tasks to queue
[2024-04-16T21:31:13.272+0000] {logging_mixin.py:188} INFO - [2024-04-16T21:31:13.272+0000] {dagbag.py:540} INFO - Filling up the DagBag from /home/airflow/.local/lib/python3.10/site-packages/airflow/example_dags/tutorial.py
[2024-04-16T21:31:13.277+0000] {processor.py:840} INFO - DAG(s) 'tutorial' retrieved from /home/airflow/.local/lib/python3.10/site-packages/airflow/example_dags/tutorial.py
[2024-04-16T21:31:13.293+0000] {logging_mixin.py:188} INFO - [2024-04-16T21:31:13.292+0000] {dag.py:3047} INFO - Sync 1 DAGs
[2024-04-16T21:31:13.312+0000] {logging_mixin.py:188} INFO - [2024-04-16T21:31:13.312+0000] {dag.py:3834} INFO - Setting next_dagrun for tutorial to 2024-04-15 00:00:00+00:00, run_after=2024-04-16 00:00:00+00:00
[2024-04-16T21:31:13.327+0000] {processor.py:183} INFO - Processing /home/airflow/.local/lib/python3.10/site-packages/airflow/example_dags/tutorial.py took 0.060 seconds
[2024-04-16T21:32:11.989+0000] {processor.py:161} INFO - Started process (PID=46) to work on /home/airflow/.local/lib/python3.10/site-packages/airflow/example_dags/tutorial.py
[2024-04-16T21:32:11.990+0000] {processor.py:830} INFO - Processing file /home/airflow/.local/lib/python3.10/site-packages/airflow/example_dags/tutorial.py for tasks to queue
[2024-04-16T21:32:11.993+0000] {logging_mixin.py:188} INFO - [2024-04-16T21:32:11.992+0000] {dagbag.py:540} INFO - Filling up the DagBag from /home/airflow/.local/lib/python3.10/site-packages/airflow/example_dags/tutorial.py
[2024-04-16T21:32:11.999+0000] {processor.py:840} INFO - DAG(s) 'tutorial' retrieved from /home/airflow/.local/lib/python3.10/site-packages/airflow/example_dags/tutorial.py
[2024-04-16T21:32:12.012+0000] {logging_mixin.py:188} INFO - [2024-04-16T21:32:12.012+0000] {dag.py:3047} INFO - Sync 1 DAGs
[2024-04-16T21:32:12.039+0000] {logging_mixin.py:188} INFO - [2024-04-16T21:32:12.039+0000] {dag.py:3834} INFO - Setting next_dagrun for tutorial to 2024-04-15 00:00:00+00:00, run_after=2024-04-16 00:00:00+00:00
[2024-04-16T21:32:12.060+0000] {processor.py:183} INFO - Processing /home/airflow/.local/lib/python3.10/site-packages/airflow/example_dags/tutorial.py took 0.074 seconds
[2024-04-16T21:32:43.152+0000] {processor.py:161} INFO - Started process (PID=103) to work on /home/airflow/.local/lib/python3.10/site-packages/airflow/example_dags/tutorial.py
[2024-04-16T21:32:43.153+0000] {processor.py:830} INFO - Processing file /home/airflow/.local/lib/python3.10/site-packages/airflow/example_dags/tutorial.py for tasks to queue
[2024-04-16T21:32:43.155+0000] {logging_mixin.py:188} INFO - [2024-04-16T21:32:43.155+0000] {dagbag.py:540} INFO - Filling up the DagBag from /home/airflow/.local/lib/python3.10/site-packages/airflow/example_dags/tutorial.py
[2024-04-16T21:32:43.160+0000] {processor.py:840} INFO - DAG(s) 'tutorial' retrieved from /home/airflow/.local/lib/python3.10/site-packages/airflow/example_dags/tutorial.py
[2024-04-16T21:32:43.250+0000] {logging_mixin.py:188} INFO - [2024-04-16T21:32:43.250+0000] {dag.py:3047} INFO - Sync 1 DAGs
[2024-04-16T21:32:43.269+0000] {logging_mixin.py:188} INFO - [2024-04-16T21:32:43.269+0000] {dag.py:3834} INFO - Setting next_dagrun for tutorial to 2024-04-15 00:00:00+00:00, run_after=2024-04-16 00:00:00+00:00
[2024-04-16T21:32:43.288+0000] {processor.py:183} INFO - Processing /home/airflow/.local/lib/python3.10/site-packages/airflow/example_dags/tutorial.py took 0.139 seconds
[2024-04-16T21:33:50.386+0000] {processor.py:161} INFO - Started process (PID=46) to work on /home/airflow/.local/lib/python3.10/site-packages/airflow/example_dags/tutorial.py
[2024-04-16T21:33:50.387+0000] {processor.py:830} INFO - Processing file /home/airflow/.local/lib/python3.10/site-packages/airflow/example_dags/tutorial.py for tasks to queue
[2024-04-16T21:33:50.389+0000] {logging_mixin.py:188} INFO - [2024-04-16T21:33:50.388+0000] {dagbag.py:540} INFO - Filling up the DagBag from /home/airflow/.local/lib/python3.10/site-packages/airflow/example_dags/tutorial.py
[2024-04-16T21:33:50.394+0000] {processor.py:840} INFO - DAG(s) 'tutorial' retrieved from /home/airflow/.local/lib/python3.10/site-packages/airflow/example_dags/tutorial.py
[2024-04-16T21:33:50.407+0000] {logging_mixin.py:188} INFO - [2024-04-16T21:33:50.406+0000] {dag.py:3047} INFO - Sync 1 DAGs
[2024-04-16T21:33:50.428+0000] {logging_mixin.py:188} INFO - [2024-04-16T21:33:50.428+0000] {dag.py:3834} INFO - Setting next_dagrun for tutorial to 2024-04-15 00:00:00+00:00, run_after=2024-04-16 00:00:00+00:00
[2024-04-16T21:33:50.445+0000] {processor.py:183} INFO - Processing /home/airflow/.local/lib/python3.10/site-packages/airflow/example_dags/tutorial.py took 0.063 seconds
[2024-04-16T21:34:21.362+0000] {processor.py:161} INFO - Started process (PID=103) to work on /home/airflow/.local/lib/python3.10/site-packages/airflow/example_dags/tutorial.py
[2024-04-16T21:34:21.364+0000] {processor.py:830} INFO - Processing file /home/airflow/.local/lib/python3.10/site-packages/airflow/example_dags/tutorial.py for tasks to queue
[2024-04-16T21:34:21.366+0000] {logging_mixin.py:188} INFO - [2024-04-16T21:34:21.366+0000] {dagbag.py:540} INFO - Filling up the DagBag from /home/airflow/.local/lib/python3.10/site-packages/airflow/example_dags/tutorial.py
[2024-04-16T21:34:21.372+0000] {processor.py:840} INFO - DAG(s) 'tutorial' retrieved from /home/airflow/.local/lib/python3.10/site-packages/airflow/example_dags/tutorial.py
[2024-04-16T21:34:21.464+0000] {logging_mixin.py:188} INFO - [2024-04-16T21:34:21.464+0000] {dag.py:3047} INFO - Sync 1 DAGs
[2024-04-16T21:34:21.481+0000] {logging_mixin.py:188} INFO - [2024-04-16T21:34:21.481+0000] {dag.py:3834} INFO - Setting next_dagrun for tutorial to 2024-04-15 00:00:00+00:00, run_after=2024-04-16 00:00:00+00:00
[2024-04-16T21:34:21.498+0000] {processor.py:183} INFO - Processing /home/airflow/.local/lib/python3.10/site-packages/airflow/example_dags/tutorial.py took 0.139 seconds
[2024-04-16T21:34:51.682+0000] {processor.py:161} INFO - Started process (PID=160) to work on /home/airflow/.local/lib/python3.10/site-packages/airflow/example_dags/tutorial.py
[2024-04-16T21:34:51.683+0000] {processor.py:830} INFO - Processing file /home/airflow/.local/lib/python3.10/site-packages/airflow/example_dags/tutorial.py for tasks to queue
[2024-04-16T21:34:51.685+0000] {logging_mixin.py:188} INFO - [2024-04-16T21:34:51.685+0000] {dagbag.py:540} INFO - Filling up the DagBag from /home/airflow/.local/lib/python3.10/site-packages/airflow/example_dags/tutorial.py
[2024-04-16T21:34:51.690+0000] {processor.py:840} INFO - DAG(s) 'tutorial' retrieved from /home/airflow/.local/lib/python3.10/site-packages/airflow/example_dags/tutorial.py
[2024-04-16T21:34:51.708+0000] {logging_mixin.py:188} INFO - [2024-04-16T21:34:51.708+0000] {dag.py:3047} INFO - Sync 1 DAGs
[2024-04-16T21:34:51.730+0000] {logging_mixin.py:188} INFO - [2024-04-16T21:34:51.730+0000] {dag.py:3834} INFO - Setting next_dagrun for tutorial to 2024-04-15 00:00:00+00:00, run_after=2024-04-16 00:00:00+00:00
[2024-04-16T21:34:51.748+0000] {processor.py:183} INFO - Processing /home/airflow/.local/lib/python3.10/site-packages/airflow/example_dags/tutorial.py took 0.068 seconds
[2024-04-16T21:35:21.956+0000] {processor.py:161} INFO - Started process (PID=217) to work on /home/airflow/.local/lib/python3.10/site-packages/airflow/example_dags/tutorial.py
[2024-04-16T21:35:21.957+0000] {processor.py:830} INFO - Processing file /home/airflow/.local/lib/python3.10/site-packages/airflow/example_dags/tutorial.py for tasks to queue
[2024-04-16T21:35:21.958+0000] {logging_mixin.py:188} INFO - [2024-04-16T21:35:21.958+0000] {dagbag.py:540} INFO - Filling up the DagBag from /home/airflow/.local/lib/python3.10/site-packages/airflow/example_dags/tutorial.py
[2024-04-16T21:35:21.964+0000] {processor.py:840} INFO - DAG(s) 'tutorial' retrieved from /home/airflow/.local/lib/python3.10/site-packages/airflow/example_dags/tutorial.py
[2024-04-16T21:35:21.982+0000] {logging_mixin.py:188} INFO - [2024-04-16T21:35:21.982+0000] {dag.py:3047} INFO - Sync 1 DAGs
[2024-04-16T21:35:22.001+0000] {logging_mixin.py:188} INFO - [2024-04-16T21:35:22.001+0000] {dag.py:3834} INFO - Setting next_dagrun for tutorial to 2024-04-15 00:00:00+00:00, run_after=2024-04-16 00:00:00+00:00
[2024-04-16T21:35:22.019+0000] {processor.py:183} INFO - Processing /home/airflow/.local/lib/python3.10/site-packages/airflow/example_dags/tutorial.py took 0.067 seconds
[2024-04-16T21:35:53.027+0000] {processor.py:161} INFO - Started process (PID=274) to work on /home/airflow/.local/lib/python3.10/site-packages/airflow/example_dags/tutorial.py
[2024-04-16T21:35:53.028+0000] {processor.py:830} INFO - Processing file /home/airflow/.local/lib/python3.10/site-packages/airflow/example_dags/tutorial.py for tasks to queue
[2024-04-16T21:35:53.030+0000] {logging_mixin.py:188} INFO - [2024-04-16T21:35:53.030+0000] {dagbag.py:540} INFO - Filling up the DagBag from /home/airflow/.local/lib/python3.10/site-packages/airflow/example_dags/tutorial.py
[2024-04-16T21:35:53.035+0000] {processor.py:840} INFO - DAG(s) 'tutorial' retrieved from /home/airflow/.local/lib/python3.10/site-packages/airflow/example_dags/tutorial.py
[2024-04-16T21:35:53.056+0000] {logging_mixin.py:188} INFO - [2024-04-16T21:35:53.056+0000] {dag.py:3047} INFO - Sync 1 DAGs
[2024-04-16T21:35:53.078+0000] {logging_mixin.py:188} INFO - [2024-04-16T21:35:53.078+0000] {dag.py:3834} INFO - Setting next_dagrun for tutorial to 2024-04-15 00:00:00+00:00, run_after=2024-04-16 00:00:00+00:00
[2024-04-16T21:35:53.094+0000] {processor.py:183} INFO - Processing /home/airflow/.local/lib/python3.10/site-packages/airflow/example_dags/tutorial.py took 0.069 seconds
[2024-04-16T21:36:23.499+0000] {processor.py:161} INFO - Started process (PID=331) to work on /home/airflow/.local/lib/python3.10/site-packages/airflow/example_dags/tutorial.py
[2024-04-16T21:36:23.500+0000] {processor.py:830} INFO - Processing file /home/airflow/.local/lib/python3.10/site-packages/airflow/example_dags/tutorial.py for tasks to queue
[2024-04-16T21:36:23.502+0000] {logging_mixin.py:188} INFO - [2024-04-16T21:36:23.502+0000] {dagbag.py:540} INFO - Filling up the DagBag from /home/airflow/.local/lib/python3.10/site-packages/airflow/example_dags/tutorial.py
[2024-04-16T21:36:23.507+0000] {processor.py:840} INFO - DAG(s) 'tutorial' retrieved from /home/airflow/.local/lib/python3.10/site-packages/airflow/example_dags/tutorial.py
[2024-04-16T21:36:23.527+0000] {logging_mixin.py:188} INFO - [2024-04-16T21:36:23.526+0000] {dag.py:3047} INFO - Sync 1 DAGs
[2024-04-16T21:36:23.548+0000] {logging_mixin.py:188} INFO - [2024-04-16T21:36:23.548+0000] {dag.py:3834} INFO - Setting next_dagrun for tutorial to 2024-04-15 00:00:00+00:00, run_after=2024-04-16 00:00:00+00:00
[2024-04-16T21:36:23.566+0000] {processor.py:183} INFO - Processing /home/airflow/.local/lib/python3.10/site-packages/airflow/example_dags/tutorial.py took 0.071 seconds
[2024-04-16T21:36:54.189+0000] {processor.py:161} INFO - Started process (PID=388) to work on /home/airflow/.local/lib/python3.10/site-packages/airflow/example_dags/tutorial.py
[2024-04-16T21:36:54.191+0000] {processor.py:830} INFO - Processing file /home/airflow/.local/lib/python3.10/site-packages/airflow/example_dags/tutorial.py for tasks to queue
[2024-04-16T21:36:54.193+0000] {logging_mixin.py:188} INFO - [2024-04-16T21:36:54.193+0000] {dagbag.py:540} INFO - Filling up the DagBag from /home/airflow/.local/lib/python3.10/site-packages/airflow/example_dags/tutorial.py
[2024-04-16T21:36:54.202+0000] {processor.py:840} INFO - DAG(s) 'tutorial' retrieved from /home/airflow/.local/lib/python3.10/site-packages/airflow/example_dags/tutorial.py
[2024-04-16T21:36:54.228+0000] {logging_mixin.py:188} INFO - [2024-04-16T21:36:54.228+0000] {dag.py:3047} INFO - Sync 1 DAGs
[2024-04-16T21:36:54.255+0000] {logging_mixin.py:188} INFO - [2024-04-16T21:36:54.255+0000] {dag.py:3834} INFO - Setting next_dagrun for tutorial to 2024-04-15 00:00:00+00:00, run_after=2024-04-16 00:00:00+00:00
[2024-04-16T21:36:54.273+0000] {processor.py:183} INFO - Processing /home/airflow/.local/lib/python3.10/site-packages/airflow/example_dags/tutorial.py took 0.089 seconds
[2024-04-16T21:37:24.771+0000] {processor.py:161} INFO - Started process (PID=445) to work on /home/airflow/.local/lib/python3.10/site-packages/airflow/example_dags/tutorial.py
[2024-04-16T21:37:24.772+0000] {processor.py:830} INFO - Processing file /home/airflow/.local/lib/python3.10/site-packages/airflow/example_dags/tutorial.py for tasks to queue
[2024-04-16T21:37:24.774+0000] {logging_mixin.py:188} INFO - [2024-04-16T21:37:24.774+0000] {dagbag.py:540} INFO - Filling up the DagBag from /home/airflow/.local/lib/python3.10/site-packages/airflow/example_dags/tutorial.py
[2024-04-16T21:37:24.779+0000] {processor.py:840} INFO - DAG(s) 'tutorial' retrieved from /home/airflow/.local/lib/python3.10/site-packages/airflow/example_dags/tutorial.py
[2024-04-16T21:37:24.796+0000] {logging_mixin.py:188} INFO - [2024-04-16T21:37:24.796+0000] {dag.py:3047} INFO - Sync 1 DAGs
[2024-04-16T21:37:24.817+0000] {logging_mixin.py:188} INFO - [2024-04-16T21:37:24.817+0000] {dag.py:3834} INFO - Setting next_dagrun for tutorial to 2024-04-15 00:00:00+00:00, run_after=2024-04-16 00:00:00+00:00
[2024-04-16T21:37:24.835+0000] {processor.py:183} INFO - Processing /home/airflow/.local/lib/python3.10/site-packages/airflow/example_dags/tutorial.py took 0.067 seconds
[2024-04-16T21:37:55.342+0000] {processor.py:161} INFO - Started process (PID=502) to work on /home/airflow/.local/lib/python3.10/site-packages/airflow/example_dags/tutorial.py
[2024-04-16T21:37:55.343+0000] {processor.py:830} INFO - Processing file /home/airflow/.local/lib/python3.10/site-packages/airflow/example_dags/tutorial.py for tasks to queue
[2024-04-16T21:37:55.344+0000] {logging_mixin.py:188} INFO - [2024-04-16T21:37:55.344+0000] {dagbag.py:540} INFO - Filling up the DagBag from /home/airflow/.local/lib/python3.10/site-packages/airflow/example_dags/tutorial.py
[2024-04-16T21:37:55.350+0000] {processor.py:840} INFO - DAG(s) 'tutorial' retrieved from /home/airflow/.local/lib/python3.10/site-packages/airflow/example_dags/tutorial.py
[2024-04-16T21:37:55.368+0000] {logging_mixin.py:188} INFO - [2024-04-16T21:37:55.368+0000] {dag.py:3047} INFO - Sync 1 DAGs
[2024-04-16T21:37:55.388+0000] {logging_mixin.py:188} INFO - [2024-04-16T21:37:55.388+0000] {dag.py:3834} INFO - Setting next_dagrun for tutorial to 2024-04-15 00:00:00+00:00, run_after=2024-04-16 00:00:00+00:00
[2024-04-16T21:37:55.406+0000] {processor.py:183} INFO - Processing /home/airflow/.local/lib/python3.10/site-packages/airflow/example_dags/tutorial.py took 0.067 seconds
[2024-04-16T21:38:26.045+0000] {processor.py:161} INFO - Started process (PID=559) to work on /home/airflow/.local/lib/python3.10/site-packages/airflow/example_dags/tutorial.py
[2024-04-16T21:38:26.046+0000] {processor.py:830} INFO - Processing file /home/airflow/.local/lib/python3.10/site-packages/airflow/example_dags/tutorial.py for tasks to queue
[2024-04-16T21:38:26.048+0000] {logging_mixin.py:188} INFO - [2024-04-16T21:38:26.048+0000] {dagbag.py:540} INFO - Filling up the DagBag from /home/airflow/.local/lib/python3.10/site-packages/airflow/example_dags/tutorial.py
[2024-04-16T21:38:26.053+0000] {processor.py:840} INFO - DAG(s) 'tutorial' retrieved from /home/airflow/.local/lib/python3.10/site-packages/airflow/example_dags/tutorial.py
[2024-04-16T21:38:26.071+0000] {logging_mixin.py:188} INFO - [2024-04-16T21:38:26.071+0000] {dag.py:3047} INFO - Sync 1 DAGs
[2024-04-16T21:38:26.093+0000] {logging_mixin.py:188} INFO - [2024-04-16T21:38:26.092+0000] {dag.py:3834} INFO - Setting next_dagrun for tutorial to 2024-04-15 00:00:00+00:00, run_after=2024-04-16 00:00:00+00:00
[2024-04-16T21:38:26.111+0000] {processor.py:183} INFO - Processing /home/airflow/.local/lib/python3.10/site-packages/airflow/example_dags/tutorial.py took 0.069 seconds
[2024-04-16T21:38:56.634+0000] {processor.py:161} INFO - Started process (PID=616) to work on /home/airflow/.local/lib/python3.10/site-packages/airflow/example_dags/tutorial.py
[2024-04-16T21:38:56.635+0000] {processor.py:830} INFO - Processing file /home/airflow/.local/lib/python3.10/site-packages/airflow/example_dags/tutorial.py for tasks to queue
[2024-04-16T21:38:56.637+0000] {logging_mixin.py:188} INFO - [2024-04-16T21:38:56.637+0000] {dagbag.py:540} INFO - Filling up the DagBag from /home/airflow/.local/lib/python3.10/site-packages/airflow/example_dags/tutorial.py
[2024-04-16T21:38:56.643+0000] {processor.py:840} INFO - DAG(s) 'tutorial' retrieved from /home/airflow/.local/lib/python3.10/site-packages/airflow/example_dags/tutorial.py
[2024-04-16T21:38:56.663+0000] {logging_mixin.py:188} INFO - [2024-04-16T21:38:56.663+0000] {dag.py:3047} INFO - Sync 1 DAGs
[2024-04-16T21:38:56.686+0000] {logging_mixin.py:188} INFO - [2024-04-16T21:38:56.685+0000] {dag.py:3834} INFO - Setting next_dagrun for tutorial to 2024-04-15 00:00:00+00:00, run_after=2024-04-16 00:00:00+00:00
[2024-04-16T21:38:56.704+0000] {processor.py:183} INFO - Processing /home/airflow/.local/lib/python3.10/site-packages/airflow/example_dags/tutorial.py took 0.073 seconds
[2024-04-16T21:39:27.361+0000] {processor.py:161} INFO - Started process (PID=673) to work on /home/airflow/.local/lib/python3.10/site-packages/airflow/example_dags/tutorial.py
[2024-04-16T21:39:27.362+0000] {processor.py:830} INFO - Processing file /home/airflow/.local/lib/python3.10/site-packages/airflow/example_dags/tutorial.py for tasks to queue
[2024-04-16T21:39:27.365+0000] {logging_mixin.py:188} INFO - [2024-04-16T21:39:27.364+0000] {dagbag.py:540} INFO - Filling up the DagBag from /home/airflow/.local/lib/python3.10/site-packages/airflow/example_dags/tutorial.py
[2024-04-16T21:39:27.371+0000] {processor.py:840} INFO - DAG(s) 'tutorial' retrieved from /home/airflow/.local/lib/python3.10/site-packages/airflow/example_dags/tutorial.py
[2024-04-16T21:39:27.390+0000] {logging_mixin.py:188} INFO - [2024-04-16T21:39:27.390+0000] {dag.py:3047} INFO - Sync 1 DAGs
[2024-04-16T21:39:27.415+0000] {logging_mixin.py:188} INFO - [2024-04-16T21:39:27.414+0000] {dag.py:3834} INFO - Setting next_dagrun for tutorial to 2024-04-15 00:00:00+00:00, run_after=2024-04-16 00:00:00+00:00
[2024-04-16T21:39:27.433+0000] {processor.py:183} INFO - Processing /home/airflow/.local/lib/python3.10/site-packages/airflow/example_dags/tutorial.py took 0.076 seconds
[2024-04-16T21:39:58.016+0000] {processor.py:161} INFO - Started process (PID=730) to work on /home/airflow/.local/lib/python3.10/site-packages/airflow/example_dags/tutorial.py
[2024-04-16T21:39:58.017+0000] {processor.py:830} INFO - Processing file /home/airflow/.local/lib/python3.10/site-packages/airflow/example_dags/tutorial.py for tasks to queue
[2024-04-16T21:39:58.019+0000] {logging_mixin.py:188} INFO - [2024-04-16T21:39:58.018+0000] {dagbag.py:540} INFO - Filling up the DagBag from /home/airflow/.local/lib/python3.10/site-packages/airflow/example_dags/tutorial.py
[2024-04-16T21:39:58.024+0000] {processor.py:840} INFO - DAG(s) 'tutorial' retrieved from /home/airflow/.local/lib/python3.10/site-packages/airflow/example_dags/tutorial.py
[2024-04-16T21:39:58.044+0000] {logging_mixin.py:188} INFO - [2024-04-16T21:39:58.044+0000] {dag.py:3047} INFO - Sync 1 DAGs
[2024-04-16T21:39:58.065+0000] {logging_mixin.py:188} INFO - [2024-04-16T21:39:58.065+0000] {dag.py:3834} INFO - Setting next_dagrun for tutorial to 2024-04-15 00:00:00+00:00, run_after=2024-04-16 00:00:00+00:00
[2024-04-16T21:39:58.089+0000] {processor.py:183} INFO - Processing /home/airflow/.local/lib/python3.10/site-packages/airflow/example_dags/tutorial.py took 0.076 seconds
[2024-04-16T21:40:28.664+0000] {processor.py:161} INFO - Started process (PID=787) to work on /home/airflow/.local/lib/python3.10/site-packages/airflow/example_dags/tutorial.py
[2024-04-16T21:40:28.665+0000] {processor.py:830} INFO - Processing file /home/airflow/.local/lib/python3.10/site-packages/airflow/example_dags/tutorial.py for tasks to queue
[2024-04-16T21:40:28.667+0000] {logging_mixin.py:188} INFO - [2024-04-16T21:40:28.666+0000] {dagbag.py:540} INFO - Filling up the DagBag from /home/airflow/.local/lib/python3.10/site-packages/airflow/example_dags/tutorial.py
[2024-04-16T21:40:28.672+0000] {processor.py:840} INFO - DAG(s) 'tutorial' retrieved from /home/airflow/.local/lib/python3.10/site-packages/airflow/example_dags/tutorial.py
[2024-04-16T21:40:28.691+0000] {logging_mixin.py:188} INFO - [2024-04-16T21:40:28.691+0000] {dag.py:3047} INFO - Sync 1 DAGs
[2024-04-16T21:40:28.713+0000] {logging_mixin.py:188} INFO - [2024-04-16T21:40:28.713+0000] {dag.py:3834} INFO - Setting next_dagrun for tutorial to 2024-04-15 00:00:00+00:00, run_after=2024-04-16 00:00:00+00:00
[2024-04-16T21:40:28.730+0000] {processor.py:183} INFO - Processing /home/airflow/.local/lib/python3.10/site-packages/airflow/example_dags/tutorial.py took 0.070 seconds
[2024-04-16T21:40:59.226+0000] {processor.py:161} INFO - Started process (PID=844) to work on /home/airflow/.local/lib/python3.10/site-packages/airflow/example_dags/tutorial.py
[2024-04-16T21:40:59.227+0000] {processor.py:830} INFO - Processing file /home/airflow/.local/lib/python3.10/site-packages/airflow/example_dags/tutorial.py for tasks to queue
[2024-04-16T21:40:59.229+0000] {logging_mixin.py:188} INFO - [2024-04-16T21:40:59.229+0000] {dagbag.py:540} INFO - Filling up the DagBag from /home/airflow/.local/lib/python3.10/site-packages/airflow/example_dags/tutorial.py
[2024-04-16T21:40:59.235+0000] {processor.py:840} INFO - DAG(s) 'tutorial' retrieved from /home/airflow/.local/lib/python3.10/site-packages/airflow/example_dags/tutorial.py
[2024-04-16T21:40:59.254+0000] {logging_mixin.py:188} INFO - [2024-04-16T21:40:59.254+0000] {dag.py:3047} INFO - Sync 1 DAGs
[2024-04-16T21:40:59.274+0000] {logging_mixin.py:188} INFO - [2024-04-16T21:40:59.274+0000] {dag.py:3834} INFO - Setting next_dagrun for tutorial to 2024-04-15 00:00:00+00:00, run_after=2024-04-16 00:00:00+00:00
[2024-04-16T21:40:59.290+0000] {processor.py:183} INFO - Processing /home/airflow/.local/lib/python3.10/site-packages/airflow/example_dags/tutorial.py took 0.068 seconds
[2024-04-16T21:41:29.694+0000] {processor.py:161} INFO - Started process (PID=901) to work on /home/airflow/.local/lib/python3.10/site-packages/airflow/example_dags/tutorial.py
[2024-04-16T21:41:29.694+0000] {processor.py:830} INFO - Processing file /home/airflow/.local/lib/python3.10/site-packages/airflow/example_dags/tutorial.py for tasks to queue
[2024-04-16T21:41:29.696+0000] {logging_mixin.py:188} INFO - [2024-04-16T21:41:29.696+0000] {dagbag.py:540} INFO - Filling up the DagBag from /home/airflow/.local/lib/python3.10/site-packages/airflow/example_dags/tutorial.py
[2024-04-16T21:41:29.702+0000] {processor.py:840} INFO - DAG(s) 'tutorial' retrieved from /home/airflow/.local/lib/python3.10/site-packages/airflow/example_dags/tutorial.py
[2024-04-16T21:41:29.720+0000] {logging_mixin.py:188} INFO - [2024-04-16T21:41:29.720+0000] {dag.py:3047} INFO - Sync 1 DAGs
[2024-04-16T21:41:29.741+0000] {logging_mixin.py:188} INFO - [2024-04-16T21:41:29.741+0000] {dag.py:3834} INFO - Setting next_dagrun for tutorial to 2024-04-15 00:00:00+00:00, run_after=2024-04-16 00:00:00+00:00
[2024-04-16T21:41:29.758+0000] {processor.py:183} INFO - Processing /home/airflow/.local/lib/python3.10/site-packages/airflow/example_dags/tutorial.py took 0.068 seconds
[2024-04-16T21:42:00.189+0000] {processor.py:161} INFO - Started process (PID=958) to work on /home/airflow/.local/lib/python3.10/site-packages/airflow/example_dags/tutorial.py
[2024-04-16T21:42:00.190+0000] {processor.py:830} INFO - Processing file /home/airflow/.local/lib/python3.10/site-packages/airflow/example_dags/tutorial.py for tasks to queue
[2024-04-16T21:42:00.192+0000] {logging_mixin.py:188} INFO - [2024-04-16T21:42:00.192+0000] {dagbag.py:540} INFO - Filling up the DagBag from /home/airflow/.local/lib/python3.10/site-packages/airflow/example_dags/tutorial.py
[2024-04-16T21:42:00.197+0000] {processor.py:840} INFO - DAG(s) 'tutorial' retrieved from /home/airflow/.local/lib/python3.10/site-packages/airflow/example_dags/tutorial.py
[2024-04-16T21:42:00.215+0000] {logging_mixin.py:188} INFO - [2024-04-16T21:42:00.215+0000] {dag.py:3047} INFO - Sync 1 DAGs
[2024-04-16T21:42:00.236+0000] {logging_mixin.py:188} INFO - [2024-04-16T21:42:00.236+0000] {dag.py:3834} INFO - Setting next_dagrun for tutorial to 2024-04-15 00:00:00+00:00, run_after=2024-04-16 00:00:00+00:00
[2024-04-16T21:42:00.254+0000] {processor.py:183} INFO - Processing /home/airflow/.local/lib/python3.10/site-packages/airflow/example_dags/tutorial.py took 0.068 seconds
[2024-04-16T21:42:30.611+0000] {processor.py:161} INFO - Started process (PID=1015) to work on /home/airflow/.local/lib/python3.10/site-packages/airflow/example_dags/tutorial.py
[2024-04-16T21:42:30.611+0000] {processor.py:830} INFO - Processing file /home/airflow/.local/lib/python3.10/site-packages/airflow/example_dags/tutorial.py for tasks to queue
[2024-04-16T21:42:30.613+0000] {logging_mixin.py:188} INFO - [2024-04-16T21:42:30.613+0000] {dagbag.py:540} INFO - Filling up the DagBag from /home/airflow/.local/lib/python3.10/site-packages/airflow/example_dags/tutorial.py
[2024-04-16T21:42:30.618+0000] {processor.py:840} INFO - DAG(s) 'tutorial' retrieved from /home/airflow/.local/lib/python3.10/site-packages/airflow/example_dags/tutorial.py
[2024-04-16T21:42:30.636+0000] {logging_mixin.py:188} INFO - [2024-04-16T21:42:30.636+0000] {dag.py:3047} INFO - Sync 1 DAGs
[2024-04-16T21:42:30.656+0000] {logging_mixin.py:188} INFO - [2024-04-16T21:42:30.655+0000] {dag.py:3834} INFO - Setting next_dagrun for tutorial to 2024-04-15 00:00:00+00:00, run_after=2024-04-16 00:00:00+00:00
[2024-04-16T21:42:30.672+0000] {processor.py:183} INFO - Processing /home/airflow/.local/lib/python3.10/site-packages/airflow/example_dags/tutorial.py took 0.065 seconds
[2024-04-16T21:43:01.158+0000] {processor.py:161} INFO - Started process (PID=1072) to work on /home/airflow/.local/lib/python3.10/site-packages/airflow/example_dags/tutorial.py
[2024-04-16T21:43:01.159+0000] {processor.py:830} INFO - Processing file /home/airflow/.local/lib/python3.10/site-packages/airflow/example_dags/tutorial.py for tasks to queue
[2024-04-16T21:43:01.160+0000] {logging_mixin.py:188} INFO - [2024-04-16T21:43:01.160+0000] {dagbag.py:540} INFO - Filling up the DagBag from /home/airflow/.local/lib/python3.10/site-packages/airflow/example_dags/tutorial.py
[2024-04-16T21:43:01.166+0000] {processor.py:840} INFO - DAG(s) 'tutorial' retrieved from /home/airflow/.local/lib/python3.10/site-packages/airflow/example_dags/tutorial.py
[2024-04-16T21:43:01.184+0000] {logging_mixin.py:188} INFO - [2024-04-16T21:43:01.184+0000] {dag.py:3047} INFO - Sync 1 DAGs
[2024-04-16T21:43:01.204+0000] {logging_mixin.py:188} INFO - [2024-04-16T21:43:01.204+0000] {dag.py:3834} INFO - Setting next_dagrun for tutorial to 2024-04-15 00:00:00+00:00, run_after=2024-04-16 00:00:00+00:00
[2024-04-16T21:43:01.221+0000] {processor.py:183} INFO - Processing /home/airflow/.local/lib/python3.10/site-packages/airflow/example_dags/tutorial.py took 0.067 seconds
[2024-04-16T21:43:31.732+0000] {processor.py:161} INFO - Started process (PID=1129) to work on /home/airflow/.local/lib/python3.10/site-packages/airflow/example_dags/tutorial.py
[2024-04-16T21:43:31.733+0000] {processor.py:830} INFO - Processing file /home/airflow/.local/lib/python3.10/site-packages/airflow/example_dags/tutorial.py for tasks to queue
[2024-04-16T21:43:31.735+0000] {logging_mixin.py:188} INFO - [2024-04-16T21:43:31.735+0000] {dagbag.py:540} INFO - Filling up the DagBag from /home/airflow/.local/lib/python3.10/site-packages/airflow/example_dags/tutorial.py
[2024-04-16T21:43:31.740+0000] {processor.py:840} INFO - DAG(s) 'tutorial' retrieved from /home/airflow/.local/lib/python3.10/site-packages/airflow/example_dags/tutorial.py
[2024-04-16T21:43:31.757+0000] {logging_mixin.py:188} INFO - [2024-04-16T21:43:31.757+0000] {dag.py:3047} INFO - Sync 1 DAGs
[2024-04-16T21:43:31.779+0000] {logging_mixin.py:188} INFO - [2024-04-16T21:43:31.779+0000] {dag.py:3834} INFO - Setting next_dagrun for tutorial to 2024-04-15 00:00:00+00:00, run_after=2024-04-16 00:00:00+00:00
[2024-04-16T21:43:31.795+0000] {processor.py:183} INFO - Processing /home/airflow/.local/lib/python3.10/site-packages/airflow/example_dags/tutorial.py took 0.066 seconds
[2024-04-16T21:44:02.343+0000] {processor.py:161} INFO - Started process (PID=1186) to work on /home/airflow/.local/lib/python3.10/site-packages/airflow/example_dags/tutorial.py
[2024-04-16T21:44:02.344+0000] {processor.py:830} INFO - Processing file /home/airflow/.local/lib/python3.10/site-packages/airflow/example_dags/tutorial.py for tasks to queue
[2024-04-16T21:44:02.346+0000] {logging_mixin.py:188} INFO - [2024-04-16T21:44:02.345+0000] {dagbag.py:540} INFO - Filling up the DagBag from /home/airflow/.local/lib/python3.10/site-packages/airflow/example_dags/tutorial.py
[2024-04-16T21:44:02.351+0000] {processor.py:840} INFO - DAG(s) 'tutorial' retrieved from /home/airflow/.local/lib/python3.10/site-packages/airflow/example_dags/tutorial.py
[2024-04-16T21:44:02.368+0000] {logging_mixin.py:188} INFO - [2024-04-16T21:44:02.367+0000] {dag.py:3047} INFO - Sync 1 DAGs
[2024-04-16T21:44:02.387+0000] {logging_mixin.py:188} INFO - [2024-04-16T21:44:02.387+0000] {dag.py:3834} INFO - Setting next_dagrun for tutorial to 2024-04-15 00:00:00+00:00, run_after=2024-04-16 00:00:00+00:00
[2024-04-16T21:44:02.403+0000] {processor.py:183} INFO - Processing /home/airflow/.local/lib/python3.10/site-packages/airflow/example_dags/tutorial.py took 0.064 seconds
[2024-04-16T21:44:32.836+0000] {processor.py:161} INFO - Started process (PID=1243) to work on /home/airflow/.local/lib/python3.10/site-packages/airflow/example_dags/tutorial.py
[2024-04-16T21:44:32.837+0000] {processor.py:830} INFO - Processing file /home/airflow/.local/lib/python3.10/site-packages/airflow/example_dags/tutorial.py for tasks to queue
[2024-04-16T21:44:32.839+0000] {logging_mixin.py:188} INFO - [2024-04-16T21:44:32.839+0000] {dagbag.py:540} INFO - Filling up the DagBag from /home/airflow/.local/lib/python3.10/site-packages/airflow/example_dags/tutorial.py
[2024-04-16T21:44:32.845+0000] {processor.py:840} INFO - DAG(s) 'tutorial' retrieved from /home/airflow/.local/lib/python3.10/site-packages/airflow/example_dags/tutorial.py
[2024-04-16T21:44:32.864+0000] {logging_mixin.py:188} INFO - [2024-04-16T21:44:32.864+0000] {dag.py:3047} INFO - Sync 1 DAGs
[2024-04-16T21:44:32.883+0000] {logging_mixin.py:188} INFO - [2024-04-16T21:44:32.883+0000] {dag.py:3834} INFO - Setting next_dagrun for tutorial to 2024-04-15 00:00:00+00:00, run_after=2024-04-16 00:00:00+00:00
[2024-04-16T21:44:32.900+0000] {processor.py:183} INFO - Processing /home/airflow/.local/lib/python3.10/site-packages/airflow/example_dags/tutorial.py took 0.067 seconds
[2024-04-16T21:45:03.511+0000] {processor.py:161} INFO - Started process (PID=1300) to work on /home/airflow/.local/lib/python3.10/site-packages/airflow/example_dags/tutorial.py
[2024-04-16T21:45:03.512+0000] {processor.py:830} INFO - Processing file /home/airflow/.local/lib/python3.10/site-packages/airflow/example_dags/tutorial.py for tasks to queue
[2024-04-16T21:45:03.514+0000] {logging_mixin.py:188} INFO - [2024-04-16T21:45:03.513+0000] {dagbag.py:540} INFO - Filling up the DagBag from /home/airflow/.local/lib/python3.10/site-packages/airflow/example_dags/tutorial.py
[2024-04-16T21:45:03.519+0000] {processor.py:840} INFO - DAG(s) 'tutorial' retrieved from /home/airflow/.local/lib/python3.10/site-packages/airflow/example_dags/tutorial.py
[2024-04-16T21:45:03.537+0000] {logging_mixin.py:188} INFO - [2024-04-16T21:45:03.537+0000] {dag.py:3047} INFO - Sync 1 DAGs
[2024-04-16T21:45:03.557+0000] {logging_mixin.py:188} INFO - [2024-04-16T21:45:03.557+0000] {dag.py:3834} INFO - Setting next_dagrun for tutorial to 2024-04-15 00:00:00+00:00, run_after=2024-04-16 00:00:00+00:00
[2024-04-16T21:45:03.576+0000] {processor.py:183} INFO - Processing /home/airflow/.local/lib/python3.10/site-packages/airflow/example_dags/tutorial.py took 0.068 seconds
[2024-04-16T21:45:34.034+0000] {processor.py:161} INFO - Started process (PID=1357) to work on /home/airflow/.local/lib/python3.10/site-packages/airflow/example_dags/tutorial.py
[2024-04-16T21:45:34.035+0000] {processor.py:830} INFO - Processing file /home/airflow/.local/lib/python3.10/site-packages/airflow/example_dags/tutorial.py for tasks to queue
[2024-04-16T21:45:34.037+0000] {logging_mixin.py:188} INFO - [2024-04-16T21:45:34.037+0000] {dagbag.py:540} INFO - Filling up the DagBag from /home/airflow/.local/lib/python3.10/site-packages/airflow/example_dags/tutorial.py
[2024-04-16T21:45:34.042+0000] {processor.py:840} INFO - DAG(s) 'tutorial' retrieved from /home/airflow/.local/lib/python3.10/site-packages/airflow/example_dags/tutorial.py
[2024-04-16T21:45:34.061+0000] {logging_mixin.py:188} INFO - [2024-04-16T21:45:34.060+0000] {dag.py:3047} INFO - Sync 1 DAGs
[2024-04-16T21:45:34.082+0000] {logging_mixin.py:188} INFO - [2024-04-16T21:45:34.082+0000] {dag.py:3834} INFO - Setting next_dagrun for tutorial to 2024-04-15 00:00:00+00:00, run_after=2024-04-16 00:00:00+00:00
[2024-04-16T21:45:34.099+0000] {processor.py:183} INFO - Processing /home/airflow/.local/lib/python3.10/site-packages/airflow/example_dags/tutorial.py took 0.068 seconds
