[2024-04-16T21:29:11.170+0000] {processor.py:161} INFO - Started process (PID=45) to work on /home/airflow/.local/lib/python3.10/site-packages/airflow/example_dags/tutorial_objectstorage.py
[2024-04-16T21:29:11.172+0000] {processor.py:830} INFO - Processing file /home/airflow/.local/lib/python3.10/site-packages/airflow/example_dags/tutorial_objectstorage.py for tasks to queue
[2024-04-16T21:29:11.174+0000] {logging_mixin.py:188} INFO - [2024-04-16T21:29:11.174+0000] {dagbag.py:540} INFO - Filling up the DagBag from /home/airflow/.local/lib/python3.10/site-packages/airflow/example_dags/tutorial_objectstorage.py
[2024-04-16T21:29:11.184+0000] {processor.py:840} INFO - DAG(s) 'tutorial_objectstorage' retrieved from /home/airflow/.local/lib/python3.10/site-packages/airflow/example_dags/tutorial_objectstorage.py
[2024-04-16T21:29:11.199+0000] {logging_mixin.py:188} INFO - [2024-04-16T21:29:11.199+0000] {dag.py:3047} INFO - Sync 1 DAGs
[2024-04-16T21:29:11.221+0000] {logging_mixin.py:188} INFO - [2024-04-16T21:29:11.220+0000] {dag.py:3834} INFO - Setting next_dagrun for tutorial_objectstorage to None, run_after=None
[2024-04-16T21:29:11.241+0000] {processor.py:183} INFO - Processing /home/airflow/.local/lib/python3.10/site-packages/airflow/example_dags/tutorial_objectstorage.py took 0.075 seconds
[2024-04-16T21:29:42.024+0000] {processor.py:161} INFO - Started process (PID=100) to work on /home/airflow/.local/lib/python3.10/site-packages/airflow/example_dags/tutorial_objectstorage.py
[2024-04-16T21:29:42.025+0000] {processor.py:830} INFO - Processing file /home/airflow/.local/lib/python3.10/site-packages/airflow/example_dags/tutorial_objectstorage.py for tasks to queue
[2024-04-16T21:29:42.027+0000] {logging_mixin.py:188} INFO - [2024-04-16T21:29:42.026+0000] {dagbag.py:540} INFO - Filling up the DagBag from /home/airflow/.local/lib/python3.10/site-packages/airflow/example_dags/tutorial_objectstorage.py
[2024-04-16T21:29:42.033+0000] {processor.py:840} INFO - DAG(s) 'tutorial_objectstorage' retrieved from /home/airflow/.local/lib/python3.10/site-packages/airflow/example_dags/tutorial_objectstorage.py
[2024-04-16T21:29:42.116+0000] {logging_mixin.py:188} INFO - [2024-04-16T21:29:42.115+0000] {dag.py:3047} INFO - Sync 1 DAGs
[2024-04-16T21:29:42.126+0000] {logging_mixin.py:188} INFO - [2024-04-16T21:29:42.125+0000] {dag.py:3834} INFO - Setting next_dagrun for tutorial_objectstorage to None, run_after=None
[2024-04-16T21:29:42.143+0000] {processor.py:183} INFO - Processing /home/airflow/.local/lib/python3.10/site-packages/airflow/example_dags/tutorial_objectstorage.py took 0.122 seconds
[2024-04-16T21:30:12.181+0000] {processor.py:161} INFO - Started process (PID=155) to work on /home/airflow/.local/lib/python3.10/site-packages/airflow/example_dags/tutorial_objectstorage.py
[2024-04-16T21:30:12.182+0000] {processor.py:830} INFO - Processing file /home/airflow/.local/lib/python3.10/site-packages/airflow/example_dags/tutorial_objectstorage.py for tasks to queue
[2024-04-16T21:30:12.185+0000] {logging_mixin.py:188} INFO - [2024-04-16T21:30:12.184+0000] {dagbag.py:540} INFO - Filling up the DagBag from /home/airflow/.local/lib/python3.10/site-packages/airflow/example_dags/tutorial_objectstorage.py
[2024-04-16T21:30:12.191+0000] {processor.py:840} INFO - DAG(s) 'tutorial_objectstorage' retrieved from /home/airflow/.local/lib/python3.10/site-packages/airflow/example_dags/tutorial_objectstorage.py
[2024-04-16T21:30:12.209+0000] {logging_mixin.py:188} INFO - [2024-04-16T21:30:12.208+0000] {dag.py:3047} INFO - Sync 1 DAGs
[2024-04-16T21:30:12.220+0000] {logging_mixin.py:188} INFO - [2024-04-16T21:30:12.220+0000] {dag.py:3834} INFO - Setting next_dagrun for tutorial_objectstorage to None, run_after=None
[2024-04-16T21:30:12.238+0000] {processor.py:183} INFO - Processing /home/airflow/.local/lib/python3.10/site-packages/airflow/example_dags/tutorial_objectstorage.py took 0.062 seconds
[2024-04-16T21:30:42.601+0000] {processor.py:161} INFO - Started process (PID=210) to work on /home/airflow/.local/lib/python3.10/site-packages/airflow/example_dags/tutorial_objectstorage.py
[2024-04-16T21:30:42.602+0000] {processor.py:830} INFO - Processing file /home/airflow/.local/lib/python3.10/site-packages/airflow/example_dags/tutorial_objectstorage.py for tasks to queue
[2024-04-16T21:30:42.603+0000] {logging_mixin.py:188} INFO - [2024-04-16T21:30:42.603+0000] {dagbag.py:540} INFO - Filling up the DagBag from /home/airflow/.local/lib/python3.10/site-packages/airflow/example_dags/tutorial_objectstorage.py
[2024-04-16T21:30:42.610+0000] {processor.py:840} INFO - DAG(s) 'tutorial_objectstorage' retrieved from /home/airflow/.local/lib/python3.10/site-packages/airflow/example_dags/tutorial_objectstorage.py
[2024-04-16T21:30:42.626+0000] {logging_mixin.py:188} INFO - [2024-04-16T21:30:42.625+0000] {dag.py:3047} INFO - Sync 1 DAGs
[2024-04-16T21:30:42.637+0000] {logging_mixin.py:188} INFO - [2024-04-16T21:30:42.637+0000] {dag.py:3834} INFO - Setting next_dagrun for tutorial_objectstorage to None, run_after=None
[2024-04-16T21:30:42.653+0000] {processor.py:183} INFO - Processing /home/airflow/.local/lib/python3.10/site-packages/airflow/example_dags/tutorial_objectstorage.py took 0.056 seconds
[2024-04-16T21:31:13.353+0000] {processor.py:161} INFO - Started process (PID=265) to work on /home/airflow/.local/lib/python3.10/site-packages/airflow/example_dags/tutorial_objectstorage.py
[2024-04-16T21:31:13.354+0000] {processor.py:830} INFO - Processing file /home/airflow/.local/lib/python3.10/site-packages/airflow/example_dags/tutorial_objectstorage.py for tasks to queue
[2024-04-16T21:31:13.355+0000] {logging_mixin.py:188} INFO - [2024-04-16T21:31:13.355+0000] {dagbag.py:540} INFO - Filling up the DagBag from /home/airflow/.local/lib/python3.10/site-packages/airflow/example_dags/tutorial_objectstorage.py
[2024-04-16T21:31:13.362+0000] {processor.py:840} INFO - DAG(s) 'tutorial_objectstorage' retrieved from /home/airflow/.local/lib/python3.10/site-packages/airflow/example_dags/tutorial_objectstorage.py
[2024-04-16T21:31:13.380+0000] {logging_mixin.py:188} INFO - [2024-04-16T21:31:13.380+0000] {dag.py:3047} INFO - Sync 1 DAGs
[2024-04-16T21:31:13.392+0000] {logging_mixin.py:188} INFO - [2024-04-16T21:31:13.392+0000] {dag.py:3834} INFO - Setting next_dagrun for tutorial_objectstorage to None, run_after=None
[2024-04-16T21:31:13.410+0000] {processor.py:183} INFO - Processing /home/airflow/.local/lib/python3.10/site-packages/airflow/example_dags/tutorial_objectstorage.py took 0.060 seconds
[2024-04-16T21:32:12.116+0000] {processor.py:161} INFO - Started process (PID=47) to work on /home/airflow/.local/lib/python3.10/site-packages/airflow/example_dags/tutorial_objectstorage.py
[2024-04-16T21:32:12.117+0000] {processor.py:830} INFO - Processing file /home/airflow/.local/lib/python3.10/site-packages/airflow/example_dags/tutorial_objectstorage.py for tasks to queue
[2024-04-16T21:32:12.119+0000] {logging_mixin.py:188} INFO - [2024-04-16T21:32:12.119+0000] {dagbag.py:540} INFO - Filling up the DagBag from /home/airflow/.local/lib/python3.10/site-packages/airflow/example_dags/tutorial_objectstorage.py
[2024-04-16T21:32:12.125+0000] {processor.py:840} INFO - DAG(s) 'tutorial_objectstorage' retrieved from /home/airflow/.local/lib/python3.10/site-packages/airflow/example_dags/tutorial_objectstorage.py
[2024-04-16T21:32:12.137+0000] {logging_mixin.py:188} INFO - [2024-04-16T21:32:12.137+0000] {dag.py:3047} INFO - Sync 1 DAGs
[2024-04-16T21:32:12.150+0000] {logging_mixin.py:188} INFO - [2024-04-16T21:32:12.150+0000] {dag.py:3834} INFO - Setting next_dagrun for tutorial_objectstorage to None, run_after=None
[2024-04-16T21:32:12.168+0000] {processor.py:183} INFO - Processing /home/airflow/.local/lib/python3.10/site-packages/airflow/example_dags/tutorial_objectstorage.py took 0.055 seconds
[2024-04-16T21:32:43.266+0000] {processor.py:161} INFO - Started process (PID=104) to work on /home/airflow/.local/lib/python3.10/site-packages/airflow/example_dags/tutorial_objectstorage.py
[2024-04-16T21:32:43.267+0000] {processor.py:830} INFO - Processing file /home/airflow/.local/lib/python3.10/site-packages/airflow/example_dags/tutorial_objectstorage.py for tasks to queue
[2024-04-16T21:32:43.269+0000] {logging_mixin.py:188} INFO - [2024-04-16T21:32:43.269+0000] {dagbag.py:540} INFO - Filling up the DagBag from /home/airflow/.local/lib/python3.10/site-packages/airflow/example_dags/tutorial_objectstorage.py
[2024-04-16T21:32:43.276+0000] {processor.py:840} INFO - DAG(s) 'tutorial_objectstorage' retrieved from /home/airflow/.local/lib/python3.10/site-packages/airflow/example_dags/tutorial_objectstorage.py
[2024-04-16T21:32:43.370+0000] {logging_mixin.py:188} INFO - [2024-04-16T21:32:43.369+0000] {dag.py:3047} INFO - Sync 1 DAGs
[2024-04-16T21:32:43.380+0000] {logging_mixin.py:188} INFO - [2024-04-16T21:32:43.380+0000] {dag.py:3834} INFO - Setting next_dagrun for tutorial_objectstorage to None, run_after=None
[2024-04-16T21:32:43.401+0000] {processor.py:183} INFO - Processing /home/airflow/.local/lib/python3.10/site-packages/airflow/example_dags/tutorial_objectstorage.py took 0.138 seconds
[2024-04-16T21:33:50.569+0000] {processor.py:161} INFO - Started process (PID=47) to work on /home/airflow/.local/lib/python3.10/site-packages/airflow/example_dags/tutorial_objectstorage.py
[2024-04-16T21:33:50.570+0000] {processor.py:830} INFO - Processing file /home/airflow/.local/lib/python3.10/site-packages/airflow/example_dags/tutorial_objectstorage.py for tasks to queue
[2024-04-16T21:33:50.572+0000] {logging_mixin.py:188} INFO - [2024-04-16T21:33:50.572+0000] {dagbag.py:540} INFO - Filling up the DagBag from /home/airflow/.local/lib/python3.10/site-packages/airflow/example_dags/tutorial_objectstorage.py
[2024-04-16T21:33:50.580+0000] {processor.py:840} INFO - DAG(s) 'tutorial_objectstorage' retrieved from /home/airflow/.local/lib/python3.10/site-packages/airflow/example_dags/tutorial_objectstorage.py
[2024-04-16T21:33:50.591+0000] {logging_mixin.py:188} INFO - [2024-04-16T21:33:50.591+0000] {dag.py:3047} INFO - Sync 1 DAGs
[2024-04-16T21:33:50.608+0000] {logging_mixin.py:188} INFO - [2024-04-16T21:33:50.607+0000] {dag.py:3834} INFO - Setting next_dagrun for tutorial_objectstorage to None, run_after=None
[2024-04-16T21:33:50.629+0000] {processor.py:183} INFO - Processing /home/airflow/.local/lib/python3.10/site-packages/airflow/example_dags/tutorial_objectstorage.py took 0.063 seconds
[2024-04-16T21:34:21.514+0000] {processor.py:161} INFO - Started process (PID=104) to work on /home/airflow/.local/lib/python3.10/site-packages/airflow/example_dags/tutorial_objectstorage.py
[2024-04-16T21:34:21.515+0000] {processor.py:830} INFO - Processing file /home/airflow/.local/lib/python3.10/site-packages/airflow/example_dags/tutorial_objectstorage.py for tasks to queue
[2024-04-16T21:34:21.517+0000] {logging_mixin.py:188} INFO - [2024-04-16T21:34:21.517+0000] {dagbag.py:540} INFO - Filling up the DagBag from /home/airflow/.local/lib/python3.10/site-packages/airflow/example_dags/tutorial_objectstorage.py
[2024-04-16T21:34:21.523+0000] {processor.py:840} INFO - DAG(s) 'tutorial_objectstorage' retrieved from /home/airflow/.local/lib/python3.10/site-packages/airflow/example_dags/tutorial_objectstorage.py
[2024-04-16T21:34:21.604+0000] {logging_mixin.py:188} INFO - [2024-04-16T21:34:21.603+0000] {dag.py:3047} INFO - Sync 1 DAGs
[2024-04-16T21:34:21.613+0000] {logging_mixin.py:188} INFO - [2024-04-16T21:34:21.612+0000] {dag.py:3834} INFO - Setting next_dagrun for tutorial_objectstorage to None, run_after=None
[2024-04-16T21:34:21.630+0000] {processor.py:183} INFO - Processing /home/airflow/.local/lib/python3.10/site-packages/airflow/example_dags/tutorial_objectstorage.py took 0.118 seconds
[2024-04-16T21:34:51.773+0000] {processor.py:161} INFO - Started process (PID=161) to work on /home/airflow/.local/lib/python3.10/site-packages/airflow/example_dags/tutorial_objectstorage.py
[2024-04-16T21:34:51.774+0000] {processor.py:830} INFO - Processing file /home/airflow/.local/lib/python3.10/site-packages/airflow/example_dags/tutorial_objectstorage.py for tasks to queue
[2024-04-16T21:34:51.775+0000] {logging_mixin.py:188} INFO - [2024-04-16T21:34:51.775+0000] {dagbag.py:540} INFO - Filling up the DagBag from /home/airflow/.local/lib/python3.10/site-packages/airflow/example_dags/tutorial_objectstorage.py
[2024-04-16T21:34:51.781+0000] {processor.py:840} INFO - DAG(s) 'tutorial_objectstorage' retrieved from /home/airflow/.local/lib/python3.10/site-packages/airflow/example_dags/tutorial_objectstorage.py
[2024-04-16T21:34:51.798+0000] {logging_mixin.py:188} INFO - [2024-04-16T21:34:51.798+0000] {dag.py:3047} INFO - Sync 1 DAGs
[2024-04-16T21:34:51.810+0000] {logging_mixin.py:188} INFO - [2024-04-16T21:34:51.809+0000] {dag.py:3834} INFO - Setting next_dagrun for tutorial_objectstorage to None, run_after=None
[2024-04-16T21:34:51.829+0000] {processor.py:183} INFO - Processing /home/airflow/.local/lib/python3.10/site-packages/airflow/example_dags/tutorial_objectstorage.py took 0.060 seconds
[2024-04-16T21:35:22.020+0000] {processor.py:161} INFO - Started process (PID=218) to work on /home/airflow/.local/lib/python3.10/site-packages/airflow/example_dags/tutorial_objectstorage.py
[2024-04-16T21:35:22.021+0000] {processor.py:830} INFO - Processing file /home/airflow/.local/lib/python3.10/site-packages/airflow/example_dags/tutorial_objectstorage.py for tasks to queue
[2024-04-16T21:35:22.023+0000] {logging_mixin.py:188} INFO - [2024-04-16T21:35:22.023+0000] {dagbag.py:540} INFO - Filling up the DagBag from /home/airflow/.local/lib/python3.10/site-packages/airflow/example_dags/tutorial_objectstorage.py
[2024-04-16T21:35:22.029+0000] {processor.py:840} INFO - DAG(s) 'tutorial_objectstorage' retrieved from /home/airflow/.local/lib/python3.10/site-packages/airflow/example_dags/tutorial_objectstorage.py
[2024-04-16T21:35:22.047+0000] {logging_mixin.py:188} INFO - [2024-04-16T21:35:22.046+0000] {dag.py:3047} INFO - Sync 1 DAGs
[2024-04-16T21:35:22.058+0000] {logging_mixin.py:188} INFO - [2024-04-16T21:35:22.058+0000] {dag.py:3834} INFO - Setting next_dagrun for tutorial_objectstorage to None, run_after=None
[2024-04-16T21:35:22.075+0000] {processor.py:183} INFO - Processing /home/airflow/.local/lib/python3.10/site-packages/airflow/example_dags/tutorial_objectstorage.py took 0.058 seconds
[2024-04-16T21:35:53.120+0000] {processor.py:161} INFO - Started process (PID=275) to work on /home/airflow/.local/lib/python3.10/site-packages/airflow/example_dags/tutorial_objectstorage.py
[2024-04-16T21:35:53.121+0000] {processor.py:830} INFO - Processing file /home/airflow/.local/lib/python3.10/site-packages/airflow/example_dags/tutorial_objectstorage.py for tasks to queue
[2024-04-16T21:35:53.122+0000] {logging_mixin.py:188} INFO - [2024-04-16T21:35:53.122+0000] {dagbag.py:540} INFO - Filling up the DagBag from /home/airflow/.local/lib/python3.10/site-packages/airflow/example_dags/tutorial_objectstorage.py
[2024-04-16T21:35:53.129+0000] {processor.py:840} INFO - DAG(s) 'tutorial_objectstorage' retrieved from /home/airflow/.local/lib/python3.10/site-packages/airflow/example_dags/tutorial_objectstorage.py
[2024-04-16T21:35:53.146+0000] {logging_mixin.py:188} INFO - [2024-04-16T21:35:53.146+0000] {dag.py:3047} INFO - Sync 1 DAGs
[2024-04-16T21:35:53.157+0000] {logging_mixin.py:188} INFO - [2024-04-16T21:35:53.157+0000] {dag.py:3834} INFO - Setting next_dagrun for tutorial_objectstorage to None, run_after=None
[2024-04-16T21:35:53.175+0000] {processor.py:183} INFO - Processing /home/airflow/.local/lib/python3.10/site-packages/airflow/example_dags/tutorial_objectstorage.py took 0.059 seconds
[2024-04-16T21:36:23.568+0000] {processor.py:161} INFO - Started process (PID=332) to work on /home/airflow/.local/lib/python3.10/site-packages/airflow/example_dags/tutorial_objectstorage.py
[2024-04-16T21:36:23.569+0000] {processor.py:830} INFO - Processing file /home/airflow/.local/lib/python3.10/site-packages/airflow/example_dags/tutorial_objectstorage.py for tasks to queue
[2024-04-16T21:36:23.571+0000] {logging_mixin.py:188} INFO - [2024-04-16T21:36:23.571+0000] {dagbag.py:540} INFO - Filling up the DagBag from /home/airflow/.local/lib/python3.10/site-packages/airflow/example_dags/tutorial_objectstorage.py
[2024-04-16T21:36:23.578+0000] {processor.py:840} INFO - DAG(s) 'tutorial_objectstorage' retrieved from /home/airflow/.local/lib/python3.10/site-packages/airflow/example_dags/tutorial_objectstorage.py
[2024-04-16T21:36:23.595+0000] {logging_mixin.py:188} INFO - [2024-04-16T21:36:23.594+0000] {dag.py:3047} INFO - Sync 1 DAGs
[2024-04-16T21:36:23.606+0000] {logging_mixin.py:188} INFO - [2024-04-16T21:36:23.605+0000] {dag.py:3834} INFO - Setting next_dagrun for tutorial_objectstorage to None, run_after=None
[2024-04-16T21:36:23.623+0000] {processor.py:183} INFO - Processing /home/airflow/.local/lib/python3.10/site-packages/airflow/example_dags/tutorial_objectstorage.py took 0.058 seconds
[2024-04-16T21:36:54.221+0000] {processor.py:161} INFO - Started process (PID=389) to work on /home/airflow/.local/lib/python3.10/site-packages/airflow/example_dags/tutorial_objectstorage.py
[2024-04-16T21:36:54.222+0000] {processor.py:830} INFO - Processing file /home/airflow/.local/lib/python3.10/site-packages/airflow/example_dags/tutorial_objectstorage.py for tasks to queue
[2024-04-16T21:36:54.225+0000] {logging_mixin.py:188} INFO - [2024-04-16T21:36:54.224+0000] {dagbag.py:540} INFO - Filling up the DagBag from /home/airflow/.local/lib/python3.10/site-packages/airflow/example_dags/tutorial_objectstorage.py
[2024-04-16T21:36:54.233+0000] {processor.py:840} INFO - DAG(s) 'tutorial_objectstorage' retrieved from /home/airflow/.local/lib/python3.10/site-packages/airflow/example_dags/tutorial_objectstorage.py
[2024-04-16T21:36:54.253+0000] {logging_mixin.py:188} INFO - [2024-04-16T21:36:54.253+0000] {dag.py:3047} INFO - Sync 1 DAGs
[2024-04-16T21:36:54.267+0000] {logging_mixin.py:188} INFO - [2024-04-16T21:36:54.266+0000] {dag.py:3834} INFO - Setting next_dagrun for tutorial_objectstorage to None, run_after=None
[2024-04-16T21:36:54.285+0000] {processor.py:183} INFO - Processing /home/airflow/.local/lib/python3.10/site-packages/airflow/example_dags/tutorial_objectstorage.py took 0.069 seconds
[2024-04-16T21:37:24.794+0000] {processor.py:161} INFO - Started process (PID=446) to work on /home/airflow/.local/lib/python3.10/site-packages/airflow/example_dags/tutorial_objectstorage.py
[2024-04-16T21:37:24.795+0000] {processor.py:830} INFO - Processing file /home/airflow/.local/lib/python3.10/site-packages/airflow/example_dags/tutorial_objectstorage.py for tasks to queue
[2024-04-16T21:37:24.797+0000] {logging_mixin.py:188} INFO - [2024-04-16T21:37:24.797+0000] {dagbag.py:540} INFO - Filling up the DagBag from /home/airflow/.local/lib/python3.10/site-packages/airflow/example_dags/tutorial_objectstorage.py
[2024-04-16T21:37:24.803+0000] {processor.py:840} INFO - DAG(s) 'tutorial_objectstorage' retrieved from /home/airflow/.local/lib/python3.10/site-packages/airflow/example_dags/tutorial_objectstorage.py
[2024-04-16T21:37:24.821+0000] {logging_mixin.py:188} INFO - [2024-04-16T21:37:24.821+0000] {dag.py:3047} INFO - Sync 1 DAGs
[2024-04-16T21:37:24.833+0000] {logging_mixin.py:188} INFO - [2024-04-16T21:37:24.833+0000] {dag.py:3834} INFO - Setting next_dagrun for tutorial_objectstorage to None, run_after=None
[2024-04-16T21:37:24.851+0000] {processor.py:183} INFO - Processing /home/airflow/.local/lib/python3.10/site-packages/airflow/example_dags/tutorial_objectstorage.py took 0.061 seconds
[2024-04-16T21:37:55.404+0000] {processor.py:161} INFO - Started process (PID=503) to work on /home/airflow/.local/lib/python3.10/site-packages/airflow/example_dags/tutorial_objectstorage.py
[2024-04-16T21:37:55.405+0000] {processor.py:830} INFO - Processing file /home/airflow/.local/lib/python3.10/site-packages/airflow/example_dags/tutorial_objectstorage.py for tasks to queue
[2024-04-16T21:37:55.407+0000] {logging_mixin.py:188} INFO - [2024-04-16T21:37:55.407+0000] {dagbag.py:540} INFO - Filling up the DagBag from /home/airflow/.local/lib/python3.10/site-packages/airflow/example_dags/tutorial_objectstorage.py
[2024-04-16T21:37:55.414+0000] {processor.py:840} INFO - DAG(s) 'tutorial_objectstorage' retrieved from /home/airflow/.local/lib/python3.10/site-packages/airflow/example_dags/tutorial_objectstorage.py
[2024-04-16T21:37:55.433+0000] {logging_mixin.py:188} INFO - [2024-04-16T21:37:55.433+0000] {dag.py:3047} INFO - Sync 1 DAGs
[2024-04-16T21:37:55.444+0000] {logging_mixin.py:188} INFO - [2024-04-16T21:37:55.444+0000] {dag.py:3834} INFO - Setting next_dagrun for tutorial_objectstorage to None, run_after=None
[2024-04-16T21:37:55.462+0000] {processor.py:183} INFO - Processing /home/airflow/.local/lib/python3.10/site-packages/airflow/example_dags/tutorial_objectstorage.py took 0.061 seconds
